        -:    0:Source:/usr/include/c++/11/bits/regex.h
        -:    0:Graph:/home/runner/work/cpp-11-standard/cpp-11-standard/TestBinary-test_index.gcno
        -:    0:Data:/home/runner/work/cpp-11-standard/cpp-11-standard/TestBinary-test_index.gcda
        -:    0:Runs:1
        -:    1:// class template regex -*- C++ -*-
        -:    2:
        -:    3:// Copyright (C) 2010-2021 Free Software Foundation, Inc.
        -:    4://
        -:    5:// This file is part of the GNU ISO C++ Library.  This library is free
        -:    6:// software; you can redistribute it and/or modify it under the
        -:    7:// terms of the GNU General Public License as published by the
        -:    8:// Free Software Foundation; either version 3, or (at your option)
        -:    9:// any later version.
        -:   10:
        -:   11:// This library is distributed in the hope that it will be useful,
        -:   12:// but WITHOUT ANY WARRANTY; without even the implied warranty of
        -:   13:// MERCHANTABILITY or FITNESS FOR A PARTICULAR PURPOSE.  See the
        -:   14:// GNU General Public License for more details.
        -:   15:
        -:   16:// Under Section 7 of GPL version 3, you are granted additional
        -:   17:// permissions described in the GCC Runtime Library Exception, version
        -:   18:// 3.1, as published by the Free Software Foundation.
        -:   19:
        -:   20:// You should have received a copy of the GNU General Public License and
        -:   21:// a copy of the GCC Runtime Library Exception along with this program;
        -:   22:// see the files COPYING3 and COPYING.RUNTIME respectively.  If not, see
        -:   23:// <http://www.gnu.org/licenses/>.
        -:   24:
        -:   25:/**
        -:   26: *  @file bits/regex.h
        -:   27: *  This is an internal header file, included by other library headers.
        -:   28: *  Do not attempt to use it directly. @headername{regex}
        -:   29: */
        -:   30:
        -:   31:namespace std _GLIBCXX_VISIBILITY(default)
        -:   32:{
        -:   33:_GLIBCXX_BEGIN_NAMESPACE_VERSION
        -:   34:_GLIBCXX_BEGIN_NAMESPACE_CXX11
        -:   35:  template<typename, typename>
        -:   36:    class basic_regex;
        -:   37:
        -:   38:  template<typename _Bi_iter, typename _Alloc>
        -:   39:    class match_results;
        -:   40:
        -:   41:_GLIBCXX_END_NAMESPACE_CXX11
        -:   42:
        -:   43:namespace __detail
        -:   44:{
        -:   45:  enum class _RegexExecutorPolicy : int { _S_auto, _S_alternate };
        -:   46:
        -:   47:  template<typename _BiIter, typename _Alloc,
        -:   48:	   typename _CharT, typename _TraitsT,
        -:   49:	   _RegexExecutorPolicy __policy,
        -:   50:	   bool __match_mode>
        -:   51:    bool
        -:   52:    __regex_algo_impl(_BiIter			      __s,
        -:   53:		      _BiIter			      __e,
        -:   54:		      match_results<_BiIter, _Alloc>&      __m,
        -:   55:		      const basic_regex<_CharT, _TraitsT>& __re,
        -:   56:		      regex_constants::match_flag_type     __flags);
        -:   57:
        -:   58:  template<typename, typename, typename, bool>
        -:   59:    class _Executor;
        -:   60:
        -:   61:  template<typename _Tp>
        -:   62:    struct __is_contiguous_iter : false_type { };
        -:   63:
        -:   64:  template<typename _Tp>
        -:   65:    struct __is_contiguous_iter<_Tp*> : true_type { };
        -:   66:
        -:   67:  template<typename _Tp, typename _Cont>
        -:   68:    struct __is_contiguous_iter<__gnu_cxx::__normal_iterator<_Tp*, _Cont>>
        -:   69:    : true_type { };
        -:   70:}
        -:   71:
        -:   72:_GLIBCXX_BEGIN_NAMESPACE_CXX11
        -:   73:
        -:   74:  /**
        -:   75:   * @addtogroup regex
        -:   76:   * @{
        -:   77:   */
        -:   78:
        -:   79:  /**
        -:   80:   * @brief Describes aspects of a regular expression.
        -:   81:   *
        -:   82:   * A regular expression traits class that satisfies the requirements of
        -:   83:   * section [28.7].
        -:   84:   *
        -:   85:   * The class %regex is parameterized around a set of related types and
        -:   86:   * functions used to complete the definition of its semantics.  This class
        -:   87:   * satisfies the requirements of such a traits class.
        -:   88:   */
        -:   89:  template<typename _Ch_type>
        -:   90:    class regex_traits
        -:   91:    {
        -:   92:    public:
        -:   93:      typedef _Ch_type				char_type;
        -:   94:      typedef std::basic_string<char_type>	string_type;
        -:   95:      typedef std::locale			locale_type;
        -:   96:
        -:   97:    private:
        -:   98:      struct _RegexMask
        -:   99:	{
        -:  100:	  typedef std::ctype_base::mask _BaseType;
        -:  101:	  _BaseType _M_base;
        -:  102:	  unsigned char _M_extended;
        -:  103:	  static constexpr unsigned char _S_under = 1 << 0;
        -:  104:	  static constexpr unsigned char _S_valid_mask = 0x1;
        -:  105:
function _ZNSt7__cxx1112regex_traitsIcE10_RegexMaskC2Eth called 0 returned 0% blocks executed 0%
    #####:  106:	  constexpr _RegexMask(_BaseType __base = 0,
        -:  107:			       unsigned char __extended = 0)
    #####:  108:	  : _M_base(__base), _M_extended(__extended)
    #####:  109:	  { }
        -:  110:
        -:  111:	  constexpr _RegexMask
function _ZNKSt7__cxx1112regex_traitsIcE10_RegexMaskanES2_ called 0 returned 0% blocks executed 0%
    #####:  112:	  operator&(_RegexMask __other) const
        -:  113:	  {
    #####:  114:	    return _RegexMask(_M_base & __other._M_base,
    #####:  115:			      _M_extended & __other._M_extended);
call    0 never executed
        -:  116:	  }
        -:  117:
        -:  118:	  constexpr _RegexMask
function _ZNKSt7__cxx1112regex_traitsIcE10_RegexMaskorES2_ called 0 returned 0% blocks executed 0%
    #####:  119:	  operator|(_RegexMask __other) const
        -:  120:	  {
    #####:  121:	    return _RegexMask(_M_base | __other._M_base,
    #####:  122:			      _M_extended | __other._M_extended);
call    0 never executed
        -:  123:	  }
        -:  124:
        -:  125:	  constexpr _RegexMask
        -:  126:	  operator^(_RegexMask __other) const
        -:  127:	  {
        -:  128:	    return _RegexMask(_M_base ^ __other._M_base,
        -:  129:			      _M_extended ^ __other._M_extended);
        -:  130:	  }
        -:  131:
        -:  132:	  constexpr _RegexMask
        -:  133:	  operator~() const
        -:  134:	  { return _RegexMask(~_M_base, ~_M_extended); }
        -:  135:
        -:  136:	  _RegexMask&
        -:  137:	  operator&=(_RegexMask __other)
        -:  138:	  { return *this = (*this) & __other; }
        -:  139:
        -:  140:	  _RegexMask&
function _ZNSt7__cxx1112regex_traitsIcE10_RegexMaskoRES2_ called 0 returned 0% blocks executed 0%
    #####:  141:	  operator|=(_RegexMask __other)
    #####:  142:	  { return *this = (*this) | __other; }
call    0 never executed
        -:  143:
        -:  144:	  _RegexMask&
        -:  145:	  operator^=(_RegexMask __other)
        -:  146:	  { return *this = (*this) ^ __other; }
        -:  147:
        -:  148:	  constexpr bool
function _ZNKSt7__cxx1112regex_traitsIcE10_RegexMaskeqES2_ called 0 returned 0% blocks executed 0%
    #####:  149:	  operator==(_RegexMask __other) const
        -:  150:	  {
    #####:  151:	    return (_M_extended & _S_valid_mask)
    #####:  152:		   == (__other._M_extended & _S_valid_mask)
    #####:  153:		     && _M_base == __other._M_base;
branch  0 never executed
branch  1 never executed
branch  2 never executed
branch  3 never executed
        -:  154:	  }
        -:  155:
        -:  156:#if __cpp_impl_three_way_comparison < 201907L
        -:  157:	  constexpr bool
function _ZNKSt7__cxx1112regex_traitsIcE10_RegexMaskneES2_ called 0 returned 0% blocks executed 0%
    #####:  158:	  operator!=(_RegexMask __other) const
    #####:  159:	  { return !((*this) == __other); }
call    0 never executed
        -:  160:#endif
        -:  161:	};
        -:  162:
        -:  163:    public:
        -:  164:      typedef _RegexMask char_class_type;
        -:  165:
        -:  166:    public:
        -:  167:      /**
        -:  168:       * @brief Constructs a default traits object.
        -:  169:       */
function _ZNSt7__cxx1112regex_traitsIcEC2Ev called 0 returned 0% blocks executed 0%
    #####:  170:      regex_traits() { }
call    0 never executed
        -:  171:
        -:  172:      /**
        -:  173:       * @brief Gives the length of a C-style string starting at @p __p.
        -:  174:       *
        -:  175:       * @param __p a pointer to the start of a character sequence.
        -:  176:       *
        -:  177:       * @returns the number of characters between @p *__p and the first
        -:  178:       * default-initialized value of type @p char_type.  In other words, uses
        -:  179:       * the C-string algorithm for determining the length of a sequence of
        -:  180:       * characters.
        -:  181:       */
        -:  182:      static std::size_t
        -:  183:      length(const char_type* __p)
        -:  184:      { return string_type::traits_type::length(__p); }
        -:  185:
        -:  186:      /**
        -:  187:       * @brief Performs the identity translation.
        -:  188:       *
        -:  189:       * @param __c A character to the locale-specific character set.
        -:  190:       *
        -:  191:       * @returns __c.
        -:  192:       */
        -:  193:      char_type
function _ZNKSt7__cxx1112regex_traitsIcE9translateEc called 0 returned 0% blocks executed 0%
    #####:  194:      translate(char_type __c) const
    #####:  195:      { return __c; }
        -:  196:
        -:  197:      /**
        -:  198:       * @brief Translates a character into a case-insensitive equivalent.
        -:  199:       *
        -:  200:       * @param __c A character to the locale-specific character set.
        -:  201:       *
        -:  202:       * @returns the locale-specific lower-case equivalent of __c.
        -:  203:       * @throws std::bad_cast if the imbued locale does not support the ctype
        -:  204:       *         facet.
        -:  205:       */
        -:  206:      char_type
function _ZNKSt7__cxx1112regex_traitsIcE16translate_nocaseEc called 0 returned 0% blocks executed 0%
    #####:  207:      translate_nocase(char_type __c) const
        -:  208:      {
        -:  209:	typedef std::ctype<char_type> __ctype_type;
    #####:  210:	const __ctype_type& __fctyp(use_facet<__ctype_type>(_M_locale));
call    0 never executed
    #####:  211:	return __fctyp.tolower(__c);
call    0 never executed
        -:  212:      }
        -:  213:
        -:  214:      /**
        -:  215:       * @brief Gets a sort key for a character sequence.
        -:  216:       *
        -:  217:       * @param __first beginning of the character sequence.
        -:  218:       * @param __last  one-past-the-end of the character sequence.
        -:  219:       *
        -:  220:       * Returns a sort key for the character sequence designated by the
        -:  221:       * iterator range [F1, F2) such that if the character sequence [G1, G2)
        -:  222:       * sorts before the character sequence [H1, H2) then
        -:  223:       * v.transform(G1, G2) < v.transform(H1, H2).
        -:  224:       *
        -:  225:       * What this really does is provide a more efficient way to compare a
        -:  226:       * string to multiple other strings in locales with fancy collation
        -:  227:       * rules and equivalence classes.
        -:  228:       *
        -:  229:       * @returns a locale-specific sort key equivalent to the input range.
        -:  230:       *
        -:  231:       * @throws std::bad_cast if the current locale does not have a collate
        -:  232:       *         facet.
        -:  233:       */
        -:  234:      template<typename _Fwd_iter>
        -:  235:	string_type
    #####:  236:	transform(_Fwd_iter __first, _Fwd_iter __last) const
        -:  237:	{
        -:  238:	  typedef std::collate<char_type> __collate_type;
    #####:  239:	  const __collate_type& __fclt(use_facet<__collate_type>(_M_locale));
    #####:  240:	  string_type __s(__first, __last);
    #####:  241:	  return __fclt.transform(__s.data(), __s.data() + __s.size());
    #####:  242:	}
------------------
_ZNKSt7__cxx1112regex_traitsIcE9transformIN9__gnu_cxx17__normal_iteratorIPcNS_12basic_stringIcSt11char_traitsIcESaIcEEEEEEESA_T_SC_:
function _ZNKSt7__cxx1112regex_traitsIcE9transformIN9__gnu_cxx17__normal_iteratorIPcNS_12basic_stringIcSt11char_traitsIcESaIcEEEEEEESA_T_SC_ called 0 returned 0% blocks executed 0%
    #####:  236:	transform(_Fwd_iter __first, _Fwd_iter __last) const
        -:  237:	{
        -:  238:	  typedef std::collate<char_type> __collate_type;
    #####:  239:	  const __collate_type& __fclt(use_facet<__collate_type>(_M_locale));
call    0 never executed
branch  1 never executed
branch  2 never executed
    #####:  240:	  string_type __s(__first, __last);
call    0 never executed
call    1 never executed
branch  2 never executed
branch  3 never executed
    #####:  241:	  return __fclt.transform(__s.data(), __s.data() + __s.size());
call    0 never executed
call    1 never executed
call    2 never executed
call    3 never executed
branch  4 never executed
branch  5 never executed
    #####:  242:	}
call    0 never executed
call    1 never executed
------------------
_ZNKSt7__cxx1112regex_traitsIcE9transformIPcEENS_12basic_stringIcSt11char_traitsIcESaIcEEET_S9_:
function _ZNKSt7__cxx1112regex_traitsIcE9transformIPcEENS_12basic_stringIcSt11char_traitsIcESaIcEEET_S9_ called 0 returned 0% blocks executed 0%
    #####:  236:	transform(_Fwd_iter __first, _Fwd_iter __last) const
        -:  237:	{
        -:  238:	  typedef std::collate<char_type> __collate_type;
    #####:  239:	  const __collate_type& __fclt(use_facet<__collate_type>(_M_locale));
call    0 never executed
branch  1 never executed
branch  2 never executed
    #####:  240:	  string_type __s(__first, __last);
call    0 never executed
call    1 never executed
branch  2 never executed
branch  3 never executed
    #####:  241:	  return __fclt.transform(__s.data(), __s.data() + __s.size());
call    0 never executed
call    1 never executed
call    2 never executed
call    3 never executed
branch  4 never executed
branch  5 never executed
    #####:  242:	}
call    0 never executed
call    1 never executed
------------------
        -:  243:
        -:  244:      /**
        -:  245:       * @brief Gets a sort key for a character sequence, independent of case.
        -:  246:       *
        -:  247:       * @param __first beginning of the character sequence.
        -:  248:       * @param __last  one-past-the-end of the character sequence.
        -:  249:       *
        -:  250:       * Effects: if typeid(use_facet<collate<_Ch_type> >) ==
        -:  251:       * typeid(collate_byname<_Ch_type>) and the form of the sort key
        -:  252:       * returned by collate_byname<_Ch_type>::transform(__first, __last)
        -:  253:       * is known and can be converted into a primary sort key
        -:  254:       * then returns that key, otherwise returns an empty string.
        -:  255:       *
        -:  256:       * @todo Implement this function correctly.
        -:  257:       */
        -:  258:      template<typename _Fwd_iter>
        -:  259:	string_type
function _ZNKSt7__cxx1112regex_traitsIcE17transform_primaryIPKcEENS_12basic_stringIcSt11char_traitsIcESaIcEEET_SA_ called 0 returned 0% blocks executed 0%
    #####:  260:	transform_primary(_Fwd_iter __first, _Fwd_iter __last) const
        -:  261:	{
        -:  262:	  // TODO : this is not entirely correct.
        -:  263:	  // This function requires extra support from the platform.
        -:  264:	  //
        -:  265:	  // Read http://gcc.gnu.org/ml/libstdc++/2013-09/msg00117.html and
        -:  266:	  // http://www.open-std.org/Jtc1/sc22/wg21/docs/papers/2003/n1429.htm
        -:  267:	  // for details.
        -:  268:	  typedef std::ctype<char_type> __ctype_type;
    #####:  269:	  const __ctype_type& __fctyp(use_facet<__ctype_type>(_M_locale));
call    0 never executed
branch  1 never executed
branch  2 never executed
    #####:  270:	  std::vector<char_type> __s(__first, __last);
call    0 never executed
call    1 never executed
branch  2 never executed
branch  3 never executed
    #####:  271:	  __fctyp.tolower(__s.data(), __s.data() + __s.size());
call    0 never executed
call    1 never executed
call    2 never executed
call    3 never executed
branch  4 never executed
branch  5 never executed
    #####:  272:	  return this->transform(__s.data(), __s.data() + __s.size());
call    0 never executed
call    1 never executed
call    2 never executed
call    3 never executed
branch  4 never executed
branch  5 never executed
    #####:  273:	}
call    0 never executed
call    1 never executed
        -:  274:
        -:  275:      /**
        -:  276:       * @brief Gets a collation element by name.
        -:  277:       *
        -:  278:       * @param __first beginning of the collation element name.
        -:  279:       * @param __last  one-past-the-end of the collation element name.
        -:  280:       *
        -:  281:       * @returns a sequence of one or more characters that represents the
        -:  282:       * collating element consisting of the character sequence designated by
        -:  283:       * the iterator range [__first, __last). Returns an empty string if the
        -:  284:       * character sequence is not a valid collating element.
        -:  285:       */
        -:  286:      template<typename _Fwd_iter>
        -:  287:	string_type
        -:  288:	lookup_collatename(_Fwd_iter __first, _Fwd_iter __last) const;
        -:  289:
        -:  290:      /**
        -:  291:       * @brief Maps one or more characters to a named character
        -:  292:       *        classification.
        -:  293:       *
        -:  294:       * @param __first beginning of the character sequence.
        -:  295:       * @param __last  one-past-the-end of the character sequence.
        -:  296:       * @param __icase ignores the case of the classification name.
        -:  297:       *
        -:  298:       * @returns an unspecified value that represents the character
        -:  299:       * classification named by the character sequence designated by
        -:  300:       * the iterator range [__first, __last). If @p icase is true,
        -:  301:       * the returned mask identifies the classification regardless of
        -:  302:       * the case of the characters to be matched (for example,
        -:  303:       * [[:lower:]] is the same as [[:alpha:]]), otherwise a
        -:  304:       * case-dependent classification is returned.  The value
        -:  305:       * returned shall be independent of the case of the characters
        -:  306:       * in the character sequence. If the name is not recognized then
        -:  307:       * returns a value that compares equal to 0.
        -:  308:       *
        -:  309:       * At least the following names (or their wide-character equivalent) are
        -:  310:       * supported.
        -:  311:       * - d
        -:  312:       * - w
        -:  313:       * - s
        -:  314:       * - alnum
        -:  315:       * - alpha
        -:  316:       * - blank
        -:  317:       * - cntrl
        -:  318:       * - digit
        -:  319:       * - graph
        -:  320:       * - lower
        -:  321:       * - print
        -:  322:       * - punct
        -:  323:       * - space
        -:  324:       * - upper
        -:  325:       * - xdigit
        -:  326:       */
        -:  327:      template<typename _Fwd_iter>
        -:  328:	char_class_type
        -:  329:	lookup_classname(_Fwd_iter __first, _Fwd_iter __last,
        -:  330:			 bool __icase = false) const;
        -:  331:
        -:  332:      /**
        -:  333:       * @brief Determines if @p c is a member of an identified class.
        -:  334:       *
        -:  335:       * @param __c a character.
        -:  336:       * @param __f a class type (as returned from lookup_classname).
        -:  337:       *
        -:  338:       * @returns true if the character @p __c is a member of the classification
        -:  339:       * represented by @p __f, false otherwise.
        -:  340:       *
        -:  341:       * @throws std::bad_cast if the current locale does not have a ctype
        -:  342:       *         facet.
        -:  343:       */
        -:  344:      bool
        -:  345:      isctype(_Ch_type __c, char_class_type __f) const;
        -:  346:
        -:  347:      /**
        -:  348:       * @brief Converts a digit to an int.
        -:  349:       *
        -:  350:       * @param __ch    a character representing a digit.
        -:  351:       * @param __radix the radix if the numeric conversion (limited to 8, 10,
        -:  352:       *              or 16).
        -:  353:       *
        -:  354:       * @returns the value represented by the digit __ch in base radix if the
        -:  355:       * character __ch is a valid digit in base radix; otherwise returns -1.
        -:  356:       */
        -:  357:      int
        -:  358:      value(_Ch_type __ch, int __radix) const;
        -:  359:
        -:  360:      /**
        -:  361:       * @brief Imbues the regex_traits object with a copy of a new locale.
        -:  362:       *
        -:  363:       * @param __loc A locale.
        -:  364:       *
        -:  365:       * @returns a copy of the previous locale in use by the regex_traits
        -:  366:       *          object.
        -:  367:       *
        -:  368:       * @note Calling imbue with a different locale than the one currently in
        -:  369:       *       use invalidates all cached data held by *this.
        -:  370:       */
        -:  371:      locale_type
function _ZNSt7__cxx1112regex_traitsIcE5imbueESt6locale called 0 returned 0% blocks executed 0%
    #####:  372:      imbue(locale_type __loc)
        -:  373:      {
    #####:  374:	std::swap(_M_locale, __loc);
call    0 never executed
    #####:  375:	return __loc;
call    0 never executed
        -:  376:      }
        -:  377:
        -:  378:      /**
        -:  379:       * @brief Gets a copy of the current locale in use by the regex_traits
        -:  380:       * object.
        -:  381:       */
        -:  382:      locale_type
function _ZNKSt7__cxx1112regex_traitsIcE6getlocEv called 0 returned 0% blocks executed 0%
    #####:  383:      getloc() const
    #####:  384:      { return _M_locale; }
call    0 never executed
        -:  385:
        -:  386:    protected:
        -:  387:      locale_type _M_locale;
        -:  388:    };
        -:  389:
        -:  390:  // [7.8] Class basic_regex
        -:  391:  /**
        -:  392:   * Objects of specializations of this class represent regular expressions
        -:  393:   * constructed from sequences of character type @p _Ch_type.
        -:  394:   *
        -:  395:   * Storage for the regular expression is allocated and deallocated as
        -:  396:   * necessary by the member functions of this class.
        -:  397:   */
        -:  398:  template<typename _Ch_type, typename _Rx_traits = regex_traits<_Ch_type>>
        -:  399:    class basic_regex
        -:  400:    {
        -:  401:    public:
        -:  402:      static_assert(is_same<_Ch_type, typename _Rx_traits::char_type>::value,
        -:  403:		    "regex traits class must have the same char_type");
        -:  404:
        -:  405:      // types:
        -:  406:      typedef _Ch_type				  value_type;
        -:  407:      typedef _Rx_traits			  traits_type;
        -:  408:      typedef typename traits_type::string_type   string_type;
        -:  409:      typedef regex_constants::syntax_option_type flag_type;
        -:  410:      typedef typename traits_type::locale_type   locale_type;
        -:  411:
        -:  412:      /**
        -:  413:       * @name Constants
        -:  414:       * std [28.8.1](1)
        -:  415:       */
        -:  416:      ///@{
        -:  417:      static constexpr flag_type icase = regex_constants::icase;
        -:  418:      static constexpr flag_type nosubs = regex_constants::nosubs;
        -:  419:      static constexpr flag_type optimize = regex_constants::optimize;
        -:  420:      static constexpr flag_type collate = regex_constants::collate;
        -:  421:      static constexpr flag_type ECMAScript = regex_constants::ECMAScript;
        -:  422:      static constexpr flag_type basic = regex_constants::basic;
        -:  423:      static constexpr flag_type extended = regex_constants::extended;
        -:  424:      static constexpr flag_type awk = regex_constants::awk;
        -:  425:      static constexpr flag_type grep = regex_constants::grep;
        -:  426:      static constexpr flag_type egrep = regex_constants::egrep;
        -:  427:#if __cplusplus >= 201703L || !defined __STRICT_ANSI__
        -:  428:      static constexpr flag_type multiline = regex_constants::multiline;
        -:  429:#endif
        -:  430:      ///@}
        -:  431:
        -:  432:      // [7.8.2] construct/copy/destroy
        -:  433:      /**
        -:  434:       * Constructs a basic regular expression that does not match any
        -:  435:       * character sequence.
        -:  436:       */
        -:  437:      basic_regex() noexcept
        -:  438:      : _M_flags(ECMAScript), _M_loc(), _M_automaton(nullptr)
        -:  439:      { }
        -:  440:
        -:  441:      /**
        -:  442:       * @brief Constructs a basic regular expression from the
        -:  443:       * sequence [__p, __p + char_traits<_Ch_type>::length(__p))
        -:  444:       * interpreted according to the flags in @p __f.
        -:  445:       *
        -:  446:       * @param __p A pointer to the start of a C-style null-terminated string
        -:  447:       *          containing a regular expression.
        -:  448:       * @param __f Flags indicating the syntax rules and options.
        -:  449:       *
        -:  450:       * @throws regex_error if @p __p is not a valid regular expression.
        -:  451:       */
        -:  452:      explicit
        -:  453:      basic_regex(const _Ch_type* __p, flag_type __f = ECMAScript)
        -:  454:      { _M_compile(__p, __p + _Rx_traits::length(__p), __f); }
        -:  455:
        -:  456:      /**
        -:  457:       * @brief Constructs a basic regular expression from the sequence
        -:  458:       * [p, p + len) interpreted according to the flags in @p f.
        -:  459:       *
        -:  460:       * @param __p   A pointer to the start of a string containing a regular
        -:  461:       *              expression.
        -:  462:       * @param __len The length of the string containing the regular
        -:  463:       *              expression.
        -:  464:       * @param __f   Flags indicating the syntax rules and options.
        -:  465:       *
        -:  466:       * @throws regex_error if @p __p is not a valid regular expression.
        -:  467:       */
        -:  468:      basic_regex(const _Ch_type* __p, std::size_t __len,
        -:  469:		  flag_type __f = ECMAScript)
        -:  470:      { _M_compile(__p, __p + __len, __f); }
        -:  471:
        -:  472:      /**
        -:  473:       * @brief Copy-constructs a basic regular expression.
        -:  474:       *
        -:  475:       * @param __rhs A @p regex object.
        -:  476:       */
        -:  477:      basic_regex(const basic_regex& __rhs) = default;
        -:  478:
        -:  479:      /**
        -:  480:       * @brief Move-constructs a basic regular expression.
        -:  481:       *
        -:  482:       * @param __rhs A @p regex object.
        -:  483:       */
        -:  484:      basic_regex(basic_regex&& __rhs) noexcept = default;
        -:  485:
        -:  486:      /**
        -:  487:       * @brief Constructs a basic regular expression from the string
        -:  488:       * @p s interpreted according to the flags in @p f.
        -:  489:       *
        -:  490:       * @param __s A string containing a regular expression.
        -:  491:       * @param __f Flags indicating the syntax rules and options.
        -:  492:       *
        -:  493:       * @throws regex_error if @p __s is not a valid regular expression.
        -:  494:       */
        -:  495:      template<typename _Ch_traits, typename _Ch_alloc>
        -:  496:	explicit
function _ZNSt7__cxx1111basic_regexIcNS_12regex_traitsIcEEEC2ISt11char_traitsIcESaIcEEERKNS_12basic_stringIcT_T0_EENSt15regex_constants18syntax_option_typeE called 0 returned 0% blocks executed 0%
    #####:  497:	basic_regex(const std::basic_string<_Ch_type, _Ch_traits,
        -:  498:					    _Ch_alloc>& __s,
        -:  499:		    flag_type __f = ECMAScript)
    #####:  500:	{ _M_compile(__s.data(), __s.data() + __s.size(), __f); }
call    0 never executed
call    1 never executed
call    2 never executed
call    3 never executed
call    4 never executed
call    5 never executed
branch  6 never executed
branch  7 never executed
call    8 never executed
call    9 never executed
        -:  501:
        -:  502:      /**
        -:  503:       * @brief Constructs a basic regular expression from the range
        -:  504:       * [first, last) interpreted according to the flags in @p f.
        -:  505:       *
        -:  506:       * @param __first The start of a range containing a valid regular
        -:  507:       *                expression.
        -:  508:       * @param __last  The end of a range containing a valid regular
        -:  509:       *                expression.
        -:  510:       * @param __f     The format flags of the regular expression.
        -:  511:       *
        -:  512:       * @throws regex_error if @p [__first, __last) is not a valid regular
        -:  513:       *         expression.
        -:  514:       */
        -:  515:      template<typename _FwdIter>
        -:  516:	basic_regex(_FwdIter __first, _FwdIter __last,
        -:  517:		    flag_type __f = ECMAScript)
        -:  518:	{ this->assign(__first, __last, __f); }
        -:  519:
        -:  520:      /**
        -:  521:       * @brief Constructs a basic regular expression from an initializer list.
        -:  522:       *
        -:  523:       * @param __l  The initializer list.
        -:  524:       * @param __f  The format flags of the regular expression.
        -:  525:       *
        -:  526:       * @throws regex_error if @p __l is not a valid regular expression.
        -:  527:       */
        -:  528:      basic_regex(initializer_list<_Ch_type> __l, flag_type __f = ECMAScript)
        -:  529:      { _M_compile(__l.begin(), __l.end(), __f); }
        -:  530:
        -:  531:      /**
        -:  532:       * @brief Destroys a basic regular expression.
        -:  533:       */
function _ZNSt7__cxx1111basic_regexIcNS_12regex_traitsIcEEED2Ev called 0 returned 0% blocks executed 0%
    #####:  534:      ~basic_regex()
    #####:  535:      { }
call    0 never executed
call    1 never executed
        -:  536:
        -:  537:      /**
        -:  538:       * @brief Assigns one regular expression to another.
        -:  539:       */
        -:  540:      basic_regex&
        -:  541:      operator=(const basic_regex&) = default;
        -:  542:
        -:  543:      /**
        -:  544:       * @brief Move-assigns one regular expression to another.
        -:  545:       */
        -:  546:      basic_regex&
        -:  547:      operator=(basic_regex&&) = default;
        -:  548:
        -:  549:      /**
        -:  550:       * @brief Replaces a regular expression with a new one constructed from
        -:  551:       * a C-style null-terminated string.
        -:  552:       *
        -:  553:       * @param __p A pointer to the start of a null-terminated C-style string
        -:  554:       *        containing a regular expression.
        -:  555:       */
        -:  556:      basic_regex&
        -:  557:      operator=(const _Ch_type* __p)
        -:  558:      { return this->assign(__p); }
        -:  559:
        -:  560:      /**
        -:  561:       * @brief Replaces a regular expression with a new one constructed from
        -:  562:       * an initializer list.
        -:  563:       *
        -:  564:       * @param __l  The initializer list.
        -:  565:       *
        -:  566:       * @throws regex_error if @p __l is not a valid regular expression.
        -:  567:       */
        -:  568:      basic_regex&
        -:  569:      operator=(initializer_list<_Ch_type> __l)
        -:  570:      { return this->assign(__l); }
        -:  571:
        -:  572:      /**
        -:  573:       * @brief Replaces a regular expression with a new one constructed from
        -:  574:       * a string.
        -:  575:       *
        -:  576:       * @param __s A pointer to a string containing a regular expression.
        -:  577:       */
        -:  578:      template<typename _Ch_traits, typename _Alloc>
        -:  579:	basic_regex&
        -:  580:	operator=(const basic_string<_Ch_type, _Ch_traits, _Alloc>& __s)
        -:  581:	{ return this->assign(__s); }
        -:  582:
        -:  583:      // [7.8.3] assign
        -:  584:      /**
        -:  585:       * @brief Assigns one regular expression to another.
        -:  586:       *
        -:  587:       * @param __rhs Another regular expression object.
        -:  588:       */
        -:  589:      basic_regex&
        -:  590:      assign(const basic_regex& __rhs) noexcept
        -:  591:      { return *this = __rhs; }
        -:  592:
        -:  593:      /**
        -:  594:       * @brief Move-assigns one regular expression to another.
        -:  595:       *
        -:  596:       * @param __rhs Another regular expression object.
        -:  597:       */
        -:  598:      basic_regex&
        -:  599:      assign(basic_regex&& __rhs) noexcept
        -:  600:      { return *this = std::move(__rhs); }
        -:  601:
        -:  602:      /**
        -:  603:       * @brief Assigns a new regular expression to a regex object from a
        -:  604:       * C-style null-terminated string containing a regular expression
        -:  605:       * pattern.
        -:  606:       *
        -:  607:       * @param __p     A pointer to a C-style null-terminated string containing
        -:  608:       *              a regular expression pattern.
        -:  609:       * @param __flags Syntax option flags.
        -:  610:       *
        -:  611:       * @throws regex_error if __p does not contain a valid regular
        -:  612:       * expression pattern interpreted according to @p __flags.  If
        -:  613:       * regex_error is thrown, *this remains unchanged.
        -:  614:       */
        -:  615:      basic_regex&
        -:  616:      assign(const _Ch_type* __p, flag_type __flags = ECMAScript)
        -:  617:      {
        -:  618:	_M_compile(__p, __p + _Rx_traits::length(__p), __flags);
        -:  619:	return *this;
        -:  620:      }
        -:  621:
        -:  622:      /**
        -:  623:       * @brief Assigns a new regular expression to a regex object from a
        -:  624:       * C-style string containing a regular expression pattern.
        -:  625:       *
        -:  626:       * @param __p     A pointer to a C-style string containing a
        -:  627:       *                regular expression pattern.
        -:  628:       * @param __len   The length of the regular expression pattern string.
        -:  629:       * @param __flags Syntax option flags.
        -:  630:       *
        -:  631:       * @throws regex_error if p does not contain a valid regular
        -:  632:       * expression pattern interpreted according to @p __flags.  If
        -:  633:       * regex_error is thrown, *this remains unchanged.
        -:  634:       */
        -:  635:      // _GLIBCXX_RESOLVE_LIB_DEFECTS
        -:  636:      // 3296. Inconsistent default argument for basic_regex<>::assign
        -:  637:      basic_regex&
        -:  638:      assign(const _Ch_type* __p, size_t __len, flag_type __flags = ECMAScript)
        -:  639:      {
        -:  640:	_M_compile(__p, __p + __len, __flags);
        -:  641:	return *this;
        -:  642:      }
        -:  643:
        -:  644:      /**
        -:  645:       * @brief Assigns a new regular expression to a regex object from a
        -:  646:       * string containing a regular expression pattern.
        -:  647:       *
        -:  648:       * @param __s     A string containing a regular expression pattern.
        -:  649:       * @param __flags Syntax option flags.
        -:  650:       *
        -:  651:       * @throws regex_error if __s does not contain a valid regular
        -:  652:       * expression pattern interpreted according to @p __flags.  If
        -:  653:       * regex_error is thrown, *this remains unchanged.
        -:  654:       */
        -:  655:      template<typename _Ch_traits, typename _Alloc>
        -:  656:	basic_regex&
        -:  657:	assign(const basic_string<_Ch_type, _Ch_traits, _Alloc>& __s,
        -:  658:	       flag_type __flags = ECMAScript)
        -:  659:	{
        -:  660:	  _M_compile(__s.data(), __s.data() + __s.size(), __flags);
        -:  661:	  return *this;
        -:  662:	}
        -:  663:
        -:  664:      /**
        -:  665:       * @brief Assigns a new regular expression to a regex object.
        -:  666:       *
        -:  667:       * @param __first The start of a range containing a valid regular
        -:  668:       *                expression.
        -:  669:       * @param __last  The end of a range containing a valid regular
        -:  670:       *                expression.
        -:  671:       * @param __flags Syntax option flags.
        -:  672:       *
        -:  673:       * @throws regex_error if p does not contain a valid regular
        -:  674:       * expression pattern interpreted according to @p __flags.  If
        -:  675:       * regex_error is thrown, the object remains unchanged.
        -:  676:       */
        -:  677:      template<typename _InputIterator>
        -:  678:	basic_regex&
        -:  679:	assign(_InputIterator __first, _InputIterator __last,
        -:  680:	       flag_type __flags = ECMAScript)
        -:  681:	{
        -:  682:#if __cplusplus >= 201703L
        -:  683:	  using _ValT = typename iterator_traits<_InputIterator>::value_type;
        -:  684:	  if constexpr (__detail::__is_contiguous_iter<_InputIterator>::value
        -:  685:			&& is_same_v<_ValT, value_type>)
        -:  686:	    {
        -:  687:	      const auto __len = __last - __first;
        -:  688:	      const _Ch_type* __p = std::__to_address(__first);
        -:  689:	      _M_compile(__p, __p + __len, __flags);
        -:  690:	    }
        -:  691:	  else
        -:  692:#endif
        -:  693:	  this->assign(string_type(__first, __last), __flags);
        -:  694:	  return *this;
        -:  695:	}
        -:  696:
        -:  697:      /**
        -:  698:       * @brief Assigns a new regular expression to a regex object.
        -:  699:       *
        -:  700:       * @param __l     An initializer list representing a regular expression.
        -:  701:       * @param __flags Syntax option flags.
        -:  702:       *
        -:  703:       * @throws regex_error if @p __l does not contain a valid
        -:  704:       * regular expression pattern interpreted according to @p
        -:  705:       * __flags.  If regex_error is thrown, the object remains
        -:  706:       * unchanged.
        -:  707:       */
        -:  708:      basic_regex&
        -:  709:      assign(initializer_list<_Ch_type> __l, flag_type __flags = ECMAScript)
        -:  710:      {
        -:  711:	_M_compile(__l.begin(), __l.end(), __flags);
        -:  712:	return *this;
        -:  713:      }
        -:  714:
        -:  715:      // [7.8.4] const operations
        -:  716:      /**
        -:  717:       * @brief Gets the number of marked subexpressions within the regular
        -:  718:       * expression.
        -:  719:       */
        -:  720:      unsigned int
        -:  721:      mark_count() const noexcept
        -:  722:      {
        -:  723:	if (_M_automaton)
        -:  724:	  return _M_automaton->_M_sub_count() - 1;
        -:  725:	return 0;
        -:  726:      }
        -:  727:
        -:  728:      /**
        -:  729:       * @brief Gets the flags used to construct the regular expression
        -:  730:       * or in the last call to assign().
        -:  731:       */
        -:  732:      flag_type
function _ZNKSt7__cxx1111basic_regexIcNS_12regex_traitsIcEEE5flagsEv called 0 returned 0% blocks executed 0%
    #####:  733:      flags() const noexcept
    #####:  734:      { return _M_flags; }
        -:  735:
        -:  736:      // [7.8.5] locale
        -:  737:      /**
        -:  738:       * @brief Imbues the regular expression object with the given locale.
        -:  739:       *
        -:  740:       * @param __loc A locale.
        -:  741:       */
        -:  742:      locale_type
        -:  743:      imbue(locale_type __loc)
        -:  744:      {
        -:  745:	std::swap(__loc, _M_loc);
        -:  746:	_M_automaton.reset();
        -:  747:	return __loc;
        -:  748:      }
        -:  749:
        -:  750:      /**
        -:  751:       * @brief Gets the locale currently imbued in the regular expression
        -:  752:       *        object.
        -:  753:       */
        -:  754:      locale_type
        -:  755:      getloc() const noexcept
        -:  756:      { return _M_loc; }
        -:  757:
        -:  758:      // [7.8.6] swap
        -:  759:      /**
        -:  760:       * @brief Swaps the contents of two regular expression objects.
        -:  761:       *
        -:  762:       * @param __rhs Another regular expression object.
        -:  763:       */
        -:  764:      void
        -:  765:      swap(basic_regex& __rhs) noexcept
        -:  766:      {
        -:  767:	std::swap(_M_flags, __rhs._M_flags);
        -:  768:	std::swap(_M_loc, __rhs._M_loc);
        -:  769:	std::swap(_M_automaton, __rhs._M_automaton);
        -:  770:      }
        -:  771:
        -:  772:#ifdef _GLIBCXX_DEBUG
        -:  773:      void
        -:  774:      _M_dot(std::ostream& __ostr)
        -:  775:      { _M_automaton->_M_dot(__ostr); }
        -:  776:#endif
        -:  777:
        -:  778:    private:
        -:  779:      typedef std::shared_ptr<const __detail::_NFA<_Rx_traits>> _AutomatonPtr;
        -:  780:
        -:  781:      void
function _ZNSt7__cxx1111basic_regexIcNS_12regex_traitsIcEEE10_M_compileEPKcS5_NSt15regex_constants18syntax_option_typeE called 0 returned 0% blocks executed 0%
    #####:  782:      _M_compile(const _Ch_type* __first, const _Ch_type* __last,
        -:  783:		 flag_type __f)
        -:  784:      {
    #####:  785:	__detail::_Compiler<_Rx_traits> __c(__first, __last, _M_loc, __f);
call    0 never executed
branch  1 never executed
branch  2 never executed
    #####:  786:	_M_automaton = __c._M_get_nfa();
call    0 never executed
call    1 never executed
call    2 never executed
    #####:  787:	_M_flags = __f;
    #####:  788:      }
call    0 never executed
        -:  789:
        -:  790:      template<typename _Bp, typename _Ap, typename _Cp, typename _Rp,
        -:  791:	__detail::_RegexExecutorPolicy, bool>
        -:  792:	friend bool
        -:  793:	__detail::__regex_algo_impl(_Bp, _Bp, match_results<_Bp, _Ap>&,
        -:  794:				    const basic_regex<_Cp, _Rp>&,
        -:  795:				    regex_constants::match_flag_type);
        -:  796:
        -:  797:      template<typename, typename, typename, bool>
        -:  798:	friend class __detail::_Executor;
        -:  799:
        -:  800:      flag_type		_M_flags;
        -:  801:      locale_type	_M_loc;
        -:  802:      _AutomatonPtr	_M_automaton;
        -:  803:    };
        -:  804:
        -:  805:#if __cplusplus < 201703L
        -:  806:  template<typename _Ch, typename _Tr>
        -:  807:    constexpr regex_constants::syntax_option_type
        -:  808:    basic_regex<_Ch, _Tr>::icase;
        -:  809:
        -:  810:  template<typename _Ch, typename _Tr>
        -:  811:    constexpr regex_constants::syntax_option_type
        -:  812:    basic_regex<_Ch, _Tr>::nosubs;
        -:  813:
        -:  814:  template<typename _Ch, typename _Tr>
        -:  815:    constexpr regex_constants::syntax_option_type
        -:  816:    basic_regex<_Ch, _Tr>::optimize;
        -:  817:
        -:  818:  template<typename _Ch, typename _Tr>
        -:  819:    constexpr regex_constants::syntax_option_type
        -:  820:    basic_regex<_Ch, _Tr>::collate;
        -:  821:
        -:  822:  template<typename _Ch, typename _Tr>
        -:  823:    constexpr regex_constants::syntax_option_type
        -:  824:    basic_regex<_Ch, _Tr>::ECMAScript;
        -:  825:
        -:  826:  template<typename _Ch, typename _Tr>
        -:  827:    constexpr regex_constants::syntax_option_type
        -:  828:    basic_regex<_Ch, _Tr>::basic;
        -:  829:
        -:  830:  template<typename _Ch, typename _Tr>
        -:  831:    constexpr regex_constants::syntax_option_type
        -:  832:    basic_regex<_Ch, _Tr>::extended;
        -:  833:
        -:  834:  template<typename _Ch, typename _Tr>
        -:  835:    constexpr regex_constants::syntax_option_type
        -:  836:    basic_regex<_Ch, _Tr>::awk;
        -:  837:
        -:  838:  template<typename _Ch, typename _Tr>
        -:  839:    constexpr regex_constants::syntax_option_type
        -:  840:    basic_regex<_Ch, _Tr>::grep;
        -:  841:
        -:  842:  template<typename _Ch, typename _Tr>
        -:  843:    constexpr regex_constants::syntax_option_type
        -:  844:    basic_regex<_Ch, _Tr>::egrep;
        -:  845:#endif // ! C++17
        -:  846:
        -:  847:#if __cpp_deduction_guides >= 201606
        -:  848:  template<typename _ForwardIterator>
        -:  849:    basic_regex(_ForwardIterator, _ForwardIterator,
        -:  850:		regex_constants::syntax_option_type = {})
        -:  851:      -> basic_regex<typename iterator_traits<_ForwardIterator>::value_type>;
        -:  852:#endif
        -:  853:
        -:  854:  /** @brief Standard regular expressions. */
        -:  855:  typedef basic_regex<char>    regex;
        -:  856:
        -:  857:#ifdef _GLIBCXX_USE_WCHAR_T
        -:  858:  /** @brief Standard wide-character regular expressions. */
        -:  859:  typedef basic_regex<wchar_t> wregex;
        -:  860:#endif
        -:  861:
        -:  862:
        -:  863:  // [7.8.6] basic_regex swap
        -:  864:  /**
        -:  865:   * @brief Swaps the contents of two regular expression objects.
        -:  866:   * @param __lhs First regular expression.
        -:  867:   * @param __rhs Second regular expression.
        -:  868:   * @relates basic_regex
        -:  869:   */
        -:  870:  template<typename _Ch_type, typename _Rx_traits>
        -:  871:    inline void
        -:  872:    swap(basic_regex<_Ch_type, _Rx_traits>& __lhs,
        -:  873:	 basic_regex<_Ch_type, _Rx_traits>& __rhs) noexcept
        -:  874:    { __lhs.swap(__rhs); }
        -:  875:
        -:  876:
        -:  877:  // C++11 28.9 [re.submatch] Class template sub_match
        -:  878:  /**
        -:  879:   * A sequence of characters matched by a particular marked sub-expression.
        -:  880:   *
        -:  881:   * An object of this class is essentially a pair of iterators marking a
        -:  882:   * matched subexpression within a regular expression pattern match. Such
        -:  883:   * objects can be converted to and compared with std::basic_string objects
        -:  884:   * of a similar base character type as the pattern matched by the regular
        -:  885:   * expression.
        -:  886:   *
        -:  887:   * The iterators that make up the pair are the usual half-open interval
        -:  888:   * referencing the actual original pattern matched.
        -:  889:   */
        -:  890:  template<typename _BiIter>
        -:  891:    class sub_match : public std::pair<_BiIter, _BiIter>
        -:  892:    {
        -:  893:      typedef iterator_traits<_BiIter>			__iter_traits;
        -:  894:	
        -:  895:    public:
        -:  896:      typedef typename __iter_traits::value_type      	value_type;
        -:  897:      typedef typename __iter_traits::difference_type 	difference_type;
        -:  898:      typedef _BiIter					iterator;
        -:  899:      typedef basic_string<value_type>			string_type;
        -:  900:
        -:  901:      bool matched;
        -:  902:
function _ZNSt7__cxx119sub_matchIN9__gnu_cxx17__normal_iteratorIPKcNS_12basic_stringIcSt11char_traitsIcESaIcEEEEEEC2Ev called 0 returned 0% blocks executed 0%
    #####:  903:      constexpr sub_match() noexcept : matched() { }
call    0 never executed
        -:  904:
        -:  905:      /// Gets the length of the matching sequence.
        -:  906:      difference_type
        -:  907:      length() const noexcept
        -:  908:      { return this->matched ? std::distance(this->first, this->second) : 0; }
        -:  909:
        -:  910:      /**
        -:  911:       * @brief Gets the matching sequence as a string.
        -:  912:       *
        -:  913:       * @returns the matching sequence as a string.
        -:  914:       *
        -:  915:       * This is the implicit conversion operator.  It is identical to the
        -:  916:       * str() member function except that it will want to pop up in
        -:  917:       * unexpected places and cause a great deal of confusion and cursing
        -:  918:       * from the unwary.
        -:  919:       */
        -:  920:      operator string_type() const
        -:  921:      { return str(); }
        -:  922:
        -:  923:      /**
        -:  924:       * @brief Gets the matching sequence as a string.
        -:  925:       *
        -:  926:       * @returns the matching sequence as a string.
        -:  927:       */
        -:  928:      string_type
        -:  929:      str() const
        -:  930:      {
        -:  931:	return this->matched
        -:  932:	  ? string_type(this->first, this->second)
        -:  933:	  : string_type();
        -:  934:      }
        -:  935:
        -:  936:      /**
        -:  937:       * @brief Compares this and another matched sequence.
        -:  938:       *
        -:  939:       * @param __s Another matched sequence to compare to this one.
        -:  940:       *
        -:  941:       * @retval negative  This matched sequence will collate before `__s`.
        -:  942:       * @retval zero      This matched sequence is equivalent to `__s`.
        -:  943:       * @retval positive  This matched sequence will collate after `__s`.
        -:  944:       */
        -:  945:      int
        -:  946:      compare(const sub_match& __s) const
        -:  947:      { return this->_M_str().compare(__s._M_str()); }
        -:  948:
        -:  949:      /**
        -:  950:       * @{
        -:  951:       * @brief Compares this `sub_match` to a string.
        -:  952:       *
        -:  953:       * @param __s A string to compare to this `sub_match`.
        -:  954:       *
        -:  955:       * @retval negative  This matched sequence will collate before `__s`.
        -:  956:       * @retval zero      This matched sequence is equivalent to `__s`.
        -:  957:       * @retval positive  This matched sequence will collate after `__s`.
        -:  958:       */
        -:  959:      int
        -:  960:      compare(const string_type& __s) const
        -:  961:      { return this->_M_str().compare(__s); }
        -:  962:
        -:  963:      int
        -:  964:      compare(const value_type* __s) const
        -:  965:      { return this->_M_str().compare(__s); }
        -:  966:      /// @}
        -:  967:
        -:  968:      /// @cond undocumented
        -:  969:      // Non-standard, used by comparison operators
        -:  970:      int
        -:  971:      _M_compare(const value_type* __s, size_t __n) const
        -:  972:      { return this->_M_str().compare({__s, __n}); }
        -:  973:      /// @endcond
        -:  974:
        -:  975:    private:
        -:  976:      // Simplified basic_string_view for C++11
        -:  977:      struct __string_view
        -:  978:      {
        -:  979:	using traits_type = typename string_type::traits_type;
        -:  980:
        -:  981:	__string_view() = default;
        -:  982:
        -:  983:	__string_view(const value_type* __s, size_t __n) noexcept
        -:  984:	: _M_data(__s), _M_len(__n) { }
        -:  985:
        -:  986:	__string_view(const value_type* __s) noexcept
        -:  987:	: _M_data(__s), _M_len(traits_type::length(__s)) { }
        -:  988:
        -:  989:	__string_view(const string_type& __s) noexcept
        -:  990:	: _M_data(__s.data()), _M_len(__s.length()) { }
        -:  991:
        -:  992:	int
        -:  993:	compare(__string_view __s) const noexcept
        -:  994:	{
        -:  995:	  if (const size_t __n = std::min(_M_len, __s._M_len))
        -:  996:	    if (int __ret = traits_type::compare(_M_data, __s._M_data, __n))
        -:  997:	      return __ret;
        -:  998:	  using __limits = __gnu_cxx::__int_traits<int>;
        -:  999:	  const difference_type __diff = _M_len - __s._M_len;
        -: 1000:	  if (__diff > __limits::__max)
        -: 1001:	    return __limits::__max;
        -: 1002:	  if (__diff < __limits::__min)
        -: 1003:	    return __limits::__min;
        -: 1004:	  return static_cast<int>(__diff);
        -: 1005:	}
        -: 1006:
        -: 1007:      private:
        -: 1008:	const value_type* _M_data = nullptr;
        -: 1009:	size_t _M_len = 0;
        -: 1010:      };
        -: 1011:
        -: 1012:      // Create a __string_view over the iterator range.
        -: 1013:      template<typename _Iter = _BiIter>
        -: 1014:	__enable_if_t<__detail::__is_contiguous_iter<_Iter>::value,
        -: 1015:		      __string_view>
        -: 1016:	_M_str() const noexcept
        -: 1017:	{
        -: 1018:	  if (this->matched)
        -: 1019:	    if (size_t __len = this->second - this->first)
        -: 1020:	      return { std::__addressof(*this->first), __len };
        -: 1021:	  return {};
        -: 1022:	}
        -: 1023:
        -: 1024:      // Create a temporary string that can be converted to __string_view.
        -: 1025:      template<typename _Iter = _BiIter>
        -: 1026:	__enable_if_t<!__detail::__is_contiguous_iter<_Iter>::value,
        -: 1027:		      string_type>
        -: 1028:	_M_str() const
        -: 1029:	{ return str(); }
        -: 1030:    };
        -: 1031:
        -: 1032:
        -: 1033:  /** @brief Standard regex submatch over a C-style null-terminated string. */
        -: 1034:  typedef sub_match<const char*>	     csub_match;
        -: 1035:
        -: 1036:  /** @brief Standard regex submatch over a standard string. */
        -: 1037:  typedef sub_match<string::const_iterator>  ssub_match;
        -: 1038:
        -: 1039:#ifdef _GLIBCXX_USE_WCHAR_T
        -: 1040:  /** @brief Regex submatch over a C-style null-terminated wide string. */
        -: 1041:  typedef sub_match<const wchar_t*>	  wcsub_match;
        -: 1042:
        -: 1043:  /** @brief Regex submatch over a standard wide string. */
        -: 1044:  typedef sub_match<wstring::const_iterator> wssub_match;
        -: 1045:#endif
        -: 1046:
        -: 1047:  // [7.9.2] sub_match non-member operators
        -: 1048:
        -: 1049:  /// @relates sub_match @{
        -: 1050:
        -: 1051:  /**
        -: 1052:   * @brief Tests the equivalence of two regular expression submatches.
        -: 1053:   * @param __lhs First regular expression submatch.
        -: 1054:   * @param __rhs Second regular expression submatch.
        -: 1055:   * @returns true if @a __lhs  is equivalent to @a __rhs, false otherwise.
        -: 1056:   */
        -: 1057:  template<typename _BiIter>
        -: 1058:    inline bool
        -: 1059:    operator==(const sub_match<_BiIter>& __lhs, const sub_match<_BiIter>& __rhs)
        -: 1060:    { return __lhs.compare(__rhs) == 0; }
        -: 1061:
        -: 1062:#if __cpp_lib_three_way_comparison
        -: 1063:  /**
        -: 1064:   * @brief Three-way comparison of two regular expression submatches.
        -: 1065:   * @param __lhs First regular expression submatch.
        -: 1066:   * @param __rhs Second regular expression submatch.
        -: 1067:   * @returns A value indicating whether `__lhs` is less than, equal to,
        -: 1068:   *	      greater than, or incomparable with `__rhs`.
        -: 1069:   */
        -: 1070:  template<typename _BiIter>
        -: 1071:    inline auto
        -: 1072:    operator<=>(const sub_match<_BiIter>& __lhs,
        -: 1073:		const sub_match<_BiIter>& __rhs)
        -: 1074:    noexcept(__detail::__is_contiguous_iter<_BiIter>::value)
        -: 1075:    {
        -: 1076:      using _Tr = char_traits<typename iterator_traits<_BiIter>::value_type>;
        -: 1077:      return __detail::__char_traits_cmp_cat<_Tr>(__lhs.compare(__rhs));
        -: 1078:    }
        -: 1079:#else
        -: 1080:  /**
        -: 1081:   * @brief Tests the inequivalence of two regular expression submatches.
        -: 1082:   * @param __lhs First regular expression submatch.
        -: 1083:   * @param __rhs Second regular expression submatch.
        -: 1084:   * @returns true if @a __lhs  is not equivalent to @a __rhs, false otherwise.
        -: 1085:   */
        -: 1086:  template<typename _BiIter>
        -: 1087:    inline bool
        -: 1088:    operator!=(const sub_match<_BiIter>& __lhs, const sub_match<_BiIter>& __rhs)
        -: 1089:    { return __lhs.compare(__rhs) != 0; }
        -: 1090:
        -: 1091:  /**
        -: 1092:   * @brief Tests the ordering of two regular expression submatches.
        -: 1093:   * @param __lhs First regular expression submatch.
        -: 1094:   * @param __rhs Second regular expression submatch.
        -: 1095:   * @returns true if @a __lhs precedes @a __rhs, false otherwise.
        -: 1096:   */
        -: 1097:  template<typename _BiIter>
        -: 1098:    inline bool
        -: 1099:    operator<(const sub_match<_BiIter>& __lhs, const sub_match<_BiIter>& __rhs)
        -: 1100:    { return __lhs.compare(__rhs) < 0; }
        -: 1101:
        -: 1102:  /**
        -: 1103:   * @brief Tests the ordering of two regular expression submatches.
        -: 1104:   * @param __lhs First regular expression submatch.
        -: 1105:   * @param __rhs Second regular expression submatch.
        -: 1106:   * @returns true if @a __lhs does not succeed @a __rhs, false otherwise.
        -: 1107:   */
        -: 1108:  template<typename _BiIter>
        -: 1109:    inline bool
        -: 1110:    operator<=(const sub_match<_BiIter>& __lhs, const sub_match<_BiIter>& __rhs)
        -: 1111:    { return __lhs.compare(__rhs) <= 0; }
        -: 1112:
        -: 1113:  /**
        -: 1114:   * @brief Tests the ordering of two regular expression submatches.
        -: 1115:   * @param __lhs First regular expression submatch.
        -: 1116:   * @param __rhs Second regular expression submatch.
        -: 1117:   * @returns true if @a __lhs does not precede @a __rhs, false otherwise.
        -: 1118:   */
        -: 1119:  template<typename _BiIter>
        -: 1120:    inline bool
        -: 1121:    operator>=(const sub_match<_BiIter>& __lhs, const sub_match<_BiIter>& __rhs)
        -: 1122:    { return __lhs.compare(__rhs) >= 0; }
        -: 1123:
        -: 1124:  /**
        -: 1125:   * @brief Tests the ordering of two regular expression submatches.
        -: 1126:   * @param __lhs First regular expression submatch.
        -: 1127:   * @param __rhs Second regular expression submatch.
        -: 1128:   * @returns true if @a __lhs succeeds @a __rhs, false otherwise.
        -: 1129:   */
        -: 1130:  template<typename _BiIter>
        -: 1131:    inline bool
        -: 1132:    operator>(const sub_match<_BiIter>& __lhs, const sub_match<_BiIter>& __rhs)
        -: 1133:    { return __lhs.compare(__rhs) > 0; }
        -: 1134:#endif // three-way comparison
        -: 1135:
        -: 1136:  /// @cond undocumented
        -: 1137:
        -: 1138:  // Alias for a basic_string that can be compared to a sub_match.
        -: 1139:  template<typename _Bi_iter, typename _Ch_traits, typename _Ch_alloc>
        -: 1140:    using __sub_match_string = basic_string<
        -: 1141:			      typename iterator_traits<_Bi_iter>::value_type,
        -: 1142:			      _Ch_traits, _Ch_alloc>;
        -: 1143:  /// @endcond
        -: 1144:
        -: 1145:#if ! __cpp_lib_three_way_comparison
        -: 1146:  /**
        -: 1147:   * @brief Tests the equivalence of a string and a regular expression
        -: 1148:   *        submatch.
        -: 1149:   * @param __lhs A string.
        -: 1150:   * @param __rhs A regular expression submatch.
        -: 1151:   * @returns true if @a __lhs  is equivalent to @a __rhs, false otherwise.
        -: 1152:   */
        -: 1153:  template<typename _Bi_iter, typename _Ch_traits, typename _Ch_alloc>
        -: 1154:    inline bool
        -: 1155:    operator==(const __sub_match_string<_Bi_iter, _Ch_traits, _Ch_alloc>& __lhs,
        -: 1156:	       const sub_match<_Bi_iter>& __rhs)
        -: 1157:    { return __rhs._M_compare(__lhs.data(), __lhs.size()) == 0; }
        -: 1158:
        -: 1159:  /**
        -: 1160:   * @brief Tests the inequivalence of a string and a regular expression
        -: 1161:   *        submatch.
        -: 1162:   * @param __lhs A string.
        -: 1163:   * @param __rhs A regular expression submatch.
        -: 1164:   * @returns true if @a __lhs  is not equivalent to @a __rhs, false otherwise.
        -: 1165:   */
        -: 1166:  template<typename _Bi_iter, typename _Ch_traits, typename _Ch_alloc>
        -: 1167:    inline bool
        -: 1168:    operator!=(const __sub_match_string<_Bi_iter, _Ch_traits, _Ch_alloc>& __lhs,
        -: 1169:	       const sub_match<_Bi_iter>& __rhs)
        -: 1170:    { return !(__lhs == __rhs); }
        -: 1171:
        -: 1172:  /**
        -: 1173:   * @brief Tests the ordering of a string and a regular expression submatch.
        -: 1174:   * @param __lhs A string.
        -: 1175:   * @param __rhs A regular expression submatch.
        -: 1176:   * @returns true if @a __lhs precedes @a __rhs, false otherwise.
        -: 1177:   */
        -: 1178:  template<typename _Bi_iter, typename _Ch_traits, typename _Ch_alloc>
        -: 1179:    inline bool
        -: 1180:    operator<(const __sub_match_string<_Bi_iter, _Ch_traits, _Ch_alloc>& __lhs,
        -: 1181:	      const sub_match<_Bi_iter>& __rhs)
        -: 1182:    { return __rhs._M_compare(__lhs.data(), __lhs.size()) > 0; }
        -: 1183:
        -: 1184:  /**
        -: 1185:   * @brief Tests the ordering of a string and a regular expression submatch.
        -: 1186:   * @param __lhs A string.
        -: 1187:   * @param __rhs A regular expression submatch.
        -: 1188:   * @returns true if @a __lhs succeeds @a __rhs, false otherwise.
        -: 1189:   */
        -: 1190:  template<typename _Bi_iter, typename _Ch_traits, typename _Ch_alloc>
        -: 1191:    inline bool
        -: 1192:    operator>(const __sub_match_string<_Bi_iter, _Ch_traits, _Ch_alloc>& __lhs,
        -: 1193:	      const sub_match<_Bi_iter>& __rhs)
        -: 1194:    { return __rhs < __lhs; }
        -: 1195:
        -: 1196:  /**
        -: 1197:   * @brief Tests the ordering of a string and a regular expression submatch.
        -: 1198:   * @param __lhs A string.
        -: 1199:   * @param __rhs A regular expression submatch.
        -: 1200:   * @returns true if @a __lhs does not precede @a __rhs, false otherwise.
        -: 1201:   */
        -: 1202:  template<typename _Bi_iter, typename _Ch_traits, typename _Ch_alloc>
        -: 1203:    inline bool
        -: 1204:    operator>=(const __sub_match_string<_Bi_iter, _Ch_traits, _Ch_alloc>& __lhs,
        -: 1205:	       const sub_match<_Bi_iter>& __rhs)
        -: 1206:    { return !(__lhs < __rhs); }
        -: 1207:
        -: 1208:  /**
        -: 1209:   * @brief Tests the ordering of a string and a regular expression submatch.
        -: 1210:   * @param __lhs A string.
        -: 1211:   * @param __rhs A regular expression submatch.
        -: 1212:   * @returns true if @a __lhs does not succeed @a __rhs, false otherwise.
        -: 1213:   */
        -: 1214:  template<typename _Bi_iter, typename _Ch_traits, typename _Ch_alloc>
        -: 1215:    inline bool
        -: 1216:    operator<=(const __sub_match_string<_Bi_iter, _Ch_traits, _Ch_alloc>& __lhs,
        -: 1217:	       const sub_match<_Bi_iter>& __rhs)
        -: 1218:    { return !(__rhs < __lhs); }
        -: 1219:#endif // three-way comparison
        -: 1220:
        -: 1221:  /**
        -: 1222:   * @brief Tests the equivalence of a regular expression submatch and a
        -: 1223:   *        string.
        -: 1224:   * @param __lhs A regular expression submatch.
        -: 1225:   * @param __rhs A string.
        -: 1226:   * @returns true if @a __lhs is equivalent to @a __rhs, false otherwise.
        -: 1227:   */
        -: 1228:  template<typename _Bi_iter, typename _Ch_traits, typename _Ch_alloc>
        -: 1229:    inline bool
        -: 1230:    operator==(const sub_match<_Bi_iter>& __lhs,
        -: 1231:	       const __sub_match_string<_Bi_iter, _Ch_traits, _Ch_alloc>& __rhs)
        -: 1232:    { return __lhs._M_compare(__rhs.data(), __rhs.size()) == 0; }
        -: 1233:
        -: 1234:#if __cpp_lib_three_way_comparison
        -: 1235:  /**
        -: 1236:   * @brief Three-way comparison of a regular expression submatch and a string.
        -: 1237:   * @param __lhs A regular expression submatch.
        -: 1238:   * @param __rhs A string.
        -: 1239:   * @returns A value indicating whether `__lhs` is less than, equal to,
        -: 1240:   *	      greater than, or incomparable with `__rhs`.
        -: 1241:   */
        -: 1242:  template<typename _Bi_iter, typename _Ch_traits, typename _Alloc>
        -: 1243:    inline auto
        -: 1244:    operator<=>(const sub_match<_Bi_iter>& __lhs,
        -: 1245:		const __sub_match_string<_Bi_iter, _Ch_traits, _Alloc>& __rhs)
        -: 1246:    noexcept(__detail::__is_contiguous_iter<_Bi_iter>::value)
        -: 1247:    {
        -: 1248:      return __detail::__char_traits_cmp_cat<_Ch_traits>(
        -: 1249:	  __lhs._M_compare(__rhs.data(), __rhs.size()));
        -: 1250:    }
        -: 1251:#else
        -: 1252:  /**
        -: 1253:   * @brief Tests the inequivalence of a regular expression submatch and a
        -: 1254:   *        string.
        -: 1255:   * @param __lhs A regular expression submatch.
        -: 1256:   * @param __rhs A string.
        -: 1257:   * @returns true if @a __lhs is not equivalent to @a __rhs, false otherwise.
        -: 1258:   */
        -: 1259:  template<typename _Bi_iter, typename _Ch_traits, typename _Ch_alloc>
        -: 1260:    inline bool
        -: 1261:    operator!=(const sub_match<_Bi_iter>& __lhs,
        -: 1262:	       const __sub_match_string<_Bi_iter, _Ch_traits, _Ch_alloc>& __rhs)
        -: 1263:    { return !(__lhs == __rhs); }
        -: 1264:
        -: 1265:  /**
        -: 1266:   * @brief Tests the ordering of a regular expression submatch and a string.
        -: 1267:   * @param __lhs A regular expression submatch.
        -: 1268:   * @param __rhs A string.
        -: 1269:   * @returns true if @a __lhs precedes @a __rhs, false otherwise.
        -: 1270:   */
        -: 1271:  template<typename _Bi_iter, typename _Ch_traits, typename _Ch_alloc>
        -: 1272:    inline bool
        -: 1273:    operator<(const sub_match<_Bi_iter>& __lhs,
        -: 1274:	      const __sub_match_string<_Bi_iter, _Ch_traits, _Ch_alloc>& __rhs)
        -: 1275:    { return __lhs._M_compare(__rhs.data(), __rhs.size()) < 0; }
        -: 1276:
        -: 1277:  /**
        -: 1278:   * @brief Tests the ordering of a regular expression submatch and a string.
        -: 1279:   * @param __lhs A regular expression submatch.
        -: 1280:   * @param __rhs A string.
        -: 1281:   * @returns true if @a __lhs succeeds @a __rhs, false otherwise.
        -: 1282:   */
        -: 1283:  template<typename _Bi_iter, typename _Ch_traits, typename _Ch_alloc>
        -: 1284:    inline bool
        -: 1285:    operator>(const sub_match<_Bi_iter>& __lhs,
        -: 1286:	      const __sub_match_string<_Bi_iter, _Ch_traits, _Ch_alloc>& __rhs)
        -: 1287:    { return __rhs < __lhs; }
        -: 1288:
        -: 1289:  /**
        -: 1290:   * @brief Tests the ordering of a regular expression submatch and a string.
        -: 1291:   * @param __lhs A regular expression submatch.
        -: 1292:   * @param __rhs A string.
        -: 1293:   * @returns true if @a __lhs does not precede @a __rhs, false otherwise.
        -: 1294:   */
        -: 1295:  template<typename _Bi_iter, typename _Ch_traits, typename _Ch_alloc>
        -: 1296:    inline bool
        -: 1297:    operator>=(const sub_match<_Bi_iter>& __lhs,
        -: 1298:	       const __sub_match_string<_Bi_iter, _Ch_traits, _Ch_alloc>& __rhs)
        -: 1299:    { return !(__lhs < __rhs); }
        -: 1300:
        -: 1301:  /**
        -: 1302:   * @brief Tests the ordering of a regular expression submatch and a string.
        -: 1303:   * @param __lhs A regular expression submatch.
        -: 1304:   * @param __rhs A string.
        -: 1305:   * @returns true if @a __lhs does not succeed @a __rhs, false otherwise.
        -: 1306:   */
        -: 1307:  template<typename _Bi_iter, typename _Ch_traits, typename _Ch_alloc>
        -: 1308:    inline bool
        -: 1309:    operator<=(const sub_match<_Bi_iter>& __lhs,
        -: 1310:	       const __sub_match_string<_Bi_iter, _Ch_traits, _Ch_alloc>& __rhs)
        -: 1311:    { return !(__rhs < __lhs); }
        -: 1312:
        -: 1313:  /**
        -: 1314:   * @brief Tests the equivalence of a C string and a regular expression
        -: 1315:   *        submatch.
        -: 1316:   * @param __lhs A null-terminated string.
        -: 1317:   * @param __rhs A regular expression submatch.
        -: 1318:   * @returns true if @a __lhs  is equivalent to @a __rhs, false otherwise.
        -: 1319:   */
        -: 1320:  template<typename _Bi_iter>
        -: 1321:    inline bool
        -: 1322:    operator==(typename iterator_traits<_Bi_iter>::value_type const* __lhs,
        -: 1323:	       const sub_match<_Bi_iter>& __rhs)
        -: 1324:    { return __rhs.compare(__lhs) == 0; }
        -: 1325:
        -: 1326:  /**
        -: 1327:   * @brief Tests the inequivalence of a C string and a regular
        -: 1328:   *        expression submatch.
        -: 1329:   * @param __lhs A null-terminated string.
        -: 1330:   * @param __rhs A regular expression submatch.
        -: 1331:   * @returns true if @a __lhs is not equivalent to @a __rhs, false otherwise.
        -: 1332:   */
        -: 1333:  template<typename _Bi_iter>
        -: 1334:    inline bool
        -: 1335:    operator!=(typename iterator_traits<_Bi_iter>::value_type const* __lhs,
        -: 1336:	       const sub_match<_Bi_iter>& __rhs)
        -: 1337:    { return !(__lhs == __rhs); }
        -: 1338:
        -: 1339:  /**
        -: 1340:   * @brief Tests the ordering of a C string and a regular expression submatch.
        -: 1341:   * @param __lhs A null-terminated string.
        -: 1342:   * @param __rhs A regular expression submatch.
        -: 1343:   * @returns true if @a __lhs precedes @a __rhs, false otherwise.
        -: 1344:   */
        -: 1345:  template<typename _Bi_iter>
        -: 1346:    inline bool
        -: 1347:    operator<(typename iterator_traits<_Bi_iter>::value_type const* __lhs,
        -: 1348:	      const sub_match<_Bi_iter>& __rhs)
        -: 1349:    { return __rhs.compare(__lhs) > 0; }
        -: 1350:
        -: 1351:  /**
        -: 1352:   * @brief Tests the ordering of a C string and a regular expression submatch.
        -: 1353:   * @param __lhs A null-terminated string.
        -: 1354:   * @param __rhs A regular expression submatch.
        -: 1355:   * @returns true if @a __lhs succeeds @a __rhs, false otherwise.
        -: 1356:   */
        -: 1357:  template<typename _Bi_iter>
        -: 1358:    inline bool
        -: 1359:    operator>(typename iterator_traits<_Bi_iter>::value_type const* __lhs,
        -: 1360:	      const sub_match<_Bi_iter>& __rhs)
        -: 1361:    { return __rhs < __lhs; }
        -: 1362:
        -: 1363:  /**
        -: 1364:   * @brief Tests the ordering of a C string and a regular expression submatch.
        -: 1365:   * @param __lhs A null-terminated string.
        -: 1366:   * @param __rhs A regular expression submatch.
        -: 1367:   * @returns true if @a __lhs does not precede @a __rhs, false otherwise.
        -: 1368:   */
        -: 1369:  template<typename _Bi_iter>
        -: 1370:    inline bool
        -: 1371:    operator>=(typename iterator_traits<_Bi_iter>::value_type const* __lhs,
        -: 1372:	       const sub_match<_Bi_iter>& __rhs)
        -: 1373:    { return !(__lhs < __rhs); }
        -: 1374:
        -: 1375:  /**
        -: 1376:   * @brief Tests the ordering of a C string and a regular expression submatch.
        -: 1377:   * @param __lhs A null-terminated string.
        -: 1378:   * @param __rhs A regular expression submatch.
        -: 1379:   * @returns true if @a __lhs does not succeed @a __rhs, false otherwise.
        -: 1380:   */
        -: 1381:  template<typename _Bi_iter>
        -: 1382:    inline bool
        -: 1383:    operator<=(typename iterator_traits<_Bi_iter>::value_type const* __lhs,
        -: 1384:	       const sub_match<_Bi_iter>& __rhs)
        -: 1385:    { return !(__rhs < __lhs); }
        -: 1386:#endif // three-way comparison
        -: 1387:
        -: 1388:  /**
        -: 1389:   * @brief Tests the equivalence of a regular expression submatch and a C
        -: 1390:   *        string.
        -: 1391:   * @param __lhs A regular expression submatch.
        -: 1392:   * @param __rhs A null-terminated string.
        -: 1393:   * @returns true if @a __lhs  is equivalent to @a __rhs, false otherwise.
        -: 1394:   */
        -: 1395:  template<typename _Bi_iter>
        -: 1396:    inline bool
        -: 1397:    operator==(const sub_match<_Bi_iter>& __lhs,
        -: 1398:	       typename iterator_traits<_Bi_iter>::value_type const* __rhs)
        -: 1399:    { return __lhs.compare(__rhs) == 0; }
        -: 1400:
        -: 1401:#if __cpp_lib_three_way_comparison
        -: 1402:  /**
        -: 1403:   * @brief Three-way comparison of a regular expression submatch and a C
        -: 1404:   *	    string.
        -: 1405:   * @param __lhs A regular expression submatch.
        -: 1406:   * @param __rhs A null-terminated string.
        -: 1407:   * @returns A value indicating whether `__lhs` is less than, equal to,
        -: 1408:   *	      greater than, or incomparable with `__rhs`.
        -: 1409:   */
        -: 1410:  template<typename _Bi_iter>
        -: 1411:    inline auto
        -: 1412:    operator<=>(const sub_match<_Bi_iter>& __lhs,
        -: 1413:		typename iterator_traits<_Bi_iter>::value_type const* __rhs)
        -: 1414:    noexcept(__detail::__is_contiguous_iter<_Bi_iter>::value)
        -: 1415:    {
        -: 1416:      using _Tr = char_traits<typename iterator_traits<_Bi_iter>::value_type>;
        -: 1417:      return __detail::__char_traits_cmp_cat<_Tr>(__lhs.compare(__rhs));
        -: 1418:    }
        -: 1419:#else
        -: 1420:  /**
        -: 1421:   * @brief Tests the inequivalence of a regular expression submatch and a
        -: 1422:   *        string.
        -: 1423:   * @param __lhs A regular expression submatch.
        -: 1424:   * @param __rhs A null-terminated string.
        -: 1425:   * @returns true if @a __lhs is not equivalent to @a __rhs, false otherwise.
        -: 1426:   */
        -: 1427:  template<typename _Bi_iter>
        -: 1428:    inline bool
        -: 1429:    operator!=(const sub_match<_Bi_iter>& __lhs,
        -: 1430:	       typename iterator_traits<_Bi_iter>::value_type const* __rhs)
        -: 1431:    { return !(__lhs == __rhs); }
        -: 1432:
        -: 1433:  /**
        -: 1434:   * @brief Tests the ordering of a regular expression submatch and a C string.
        -: 1435:   * @param __lhs A regular expression submatch.
        -: 1436:   * @param __rhs A null-terminated string.
        -: 1437:   * @returns true if @a __lhs precedes @a __rhs, false otherwise.
        -: 1438:   */
        -: 1439:  template<typename _Bi_iter>
        -: 1440:    inline bool
        -: 1441:    operator<(const sub_match<_Bi_iter>& __lhs,
        -: 1442:	      typename iterator_traits<_Bi_iter>::value_type const* __rhs)
        -: 1443:    { return __lhs.compare(__rhs) < 0; }
        -: 1444:
        -: 1445:  /**
        -: 1446:   * @brief Tests the ordering of a regular expression submatch and a C string.
        -: 1447:   * @param __lhs A regular expression submatch.
        -: 1448:   * @param __rhs A null-terminated string.
        -: 1449:   * @returns true if @a __lhs succeeds @a __rhs, false otherwise.
        -: 1450:   */
        -: 1451:  template<typename _Bi_iter>
        -: 1452:    inline bool
        -: 1453:    operator>(const sub_match<_Bi_iter>& __lhs,
        -: 1454:	      typename iterator_traits<_Bi_iter>::value_type const* __rhs)
        -: 1455:    { return __rhs < __lhs; }
        -: 1456:
        -: 1457:  /**
        -: 1458:   * @brief Tests the ordering of a regular expression submatch and a C string.
        -: 1459:   * @param __lhs A regular expression submatch.
        -: 1460:   * @param __rhs A null-terminated string.
        -: 1461:   * @returns true if @a __lhs does not precede @a __rhs, false otherwise.
        -: 1462:   */
        -: 1463:  template<typename _Bi_iter>
        -: 1464:    inline bool
        -: 1465:    operator>=(const sub_match<_Bi_iter>& __lhs,
        -: 1466:	       typename iterator_traits<_Bi_iter>::value_type const* __rhs)
        -: 1467:    { return !(__lhs < __rhs); }
        -: 1468:
        -: 1469:  /**
        -: 1470:   * @brief Tests the ordering of a regular expression submatch and a C string.
        -: 1471:   * @param __lhs A regular expression submatch.
        -: 1472:   * @param __rhs A null-terminated string.
[...]
        -: 2625:    }
        -: 2626:
        -: 2627:  /**
        -: 2628:   * @brief Search for a regular expression within a C-string for multiple
        -: 2629:   times, and replace the matched parts through filling a format C-string.
        -: 2630:   * @param __s     [IN] The C-string to search and replace.
        -: 2631:   * @param __e     [IN] The regular expression to search for.
        -: 2632:   * @param __fmt   [IN] The format C-string.
        -: 2633:   * @param __flags [IN] Search and replace policy flags.
        -: 2634:   *
        -: 2635:   * @returns The string after replacing.
        -: 2636:   * @throws an exception of type regex_error.
        -: 2637:   */
        -: 2638:  template<typename _Rx_traits, typename _Ch_type>
        -: 2639:    inline basic_string<_Ch_type>
        -: 2640:    regex_replace(const _Ch_type* __s,
        -: 2641:		  const basic_regex<_Ch_type, _Rx_traits>& __e,
        -: 2642:		  const _Ch_type* __fmt,
        -: 2643:		  regex_constants::match_flag_type __flags
        -: 2644:		  = regex_constants::match_default)
        -: 2645:    {
        -: 2646:      basic_string<_Ch_type> __result;
        -: 2647:      regex_replace(std::back_inserter(__result), __s,
        -: 2648:		    __s + char_traits<_Ch_type>::length(__s),
        -: 2649:		    __e, __fmt, __flags);
        -: 2650:      return __result;
        -: 2651:    }
        -: 2652:
        -: 2653:  ///@}
        -: 2654:
        -: 2655:_GLIBCXX_BEGIN_NAMESPACE_CXX11
        -: 2656:
        -: 2657:  // std [28.12] Class template regex_iterator
        -: 2658:  /**
        -: 2659:   * An iterator adaptor that will provide repeated calls of regex_search over
        -: 2660:   * a range until no more matches remain.
        -: 2661:   */
        -: 2662:  template<typename _Bi_iter,
        -: 2663:	   typename _Ch_type = typename iterator_traits<_Bi_iter>::value_type,
        -: 2664:	   typename _Rx_traits = regex_traits<_Ch_type> >
        -: 2665:    class regex_iterator
        -: 2666:    {
        -: 2667:    public:
        -: 2668:      typedef basic_regex<_Ch_type, _Rx_traits>  regex_type;
        -: 2669:      typedef match_results<_Bi_iter>	    value_type;
        -: 2670:      typedef std::ptrdiff_t		     difference_type;
        -: 2671:      typedef const value_type*		  pointer;
        -: 2672:      typedef const value_type&		  reference;
        -: 2673:      typedef std::forward_iterator_tag	  iterator_category;
        -: 2674:
        -: 2675:      /**
        -: 2676:       * @brief Provides a singular iterator, useful for indicating
        -: 2677:       * one-past-the-end of a range.
        -: 2678:       */
        -: 2679:      regex_iterator() = default;
        -: 2680:
        -: 2681:      /**
        -: 2682:       * Constructs a %regex_iterator...
        -: 2683:       * @param __a  [IN] The start of a text range to search.
        -: 2684:       * @param __b  [IN] One-past-the-end of the text range to search.
        -: 2685:       * @param __re [IN] The regular expression to match.
        -: 2686:       * @param __m  [IN] Policy flags for match rules.
        -: 2687:       */
        -: 2688:      regex_iterator(_Bi_iter __a, _Bi_iter __b, const regex_type& __re,
        -: 2689:		     regex_constants::match_flag_type __m
        -: 2690:		     = regex_constants::match_default)
        -: 2691:      : _M_begin(__a), _M_end(__b), _M_pregex(&__re), _M_flags(__m), _M_match()
        -: 2692:      {
        -: 2693:	if (!regex_search(_M_begin, _M_end, _M_match, *_M_pregex, _M_flags))
        -: 2694:	  *this = regex_iterator();
        -: 2695:      }
        -: 2696:
        -: 2697:      // _GLIBCXX_RESOLVE_LIB_DEFECTS
        -: 2698:      // 2332. regex_iterator should forbid temporary regexes
        -: 2699:      regex_iterator(_Bi_iter, _Bi_iter, const regex_type&&,
        -: 2700:		     regex_constants::match_flag_type
        -: 2701:		     = regex_constants::match_default) = delete;
        -: 2702:
        -: 2703:      /// Copy constructs a %regex_iterator.
        -: 2704:      regex_iterator(const regex_iterator&) = default;
        -: 2705:
        -: 2706:      /// Copy assigns one %regex_iterator to another.
        -: 2707:      regex_iterator&
        -: 2708:      operator=(const regex_iterator&) = default;
        -: 2709:
        -: 2710:      ~regex_iterator() = default;
        -: 2711:
        -: 2712:      /**
        -: 2713:       * @brief Tests the equivalence of two regex iterators.
        -: 2714:       */
        -: 2715:      bool
        -: 2716:      operator==(const regex_iterator&) const noexcept;
        -: 2717:
        -: 2718:      /**
        -: 2719:       * @brief Tests the inequivalence of two regex iterators.
        -: 2720:       */
        -: 2721:      bool
        -: 2722:      operator!=(const regex_iterator& __rhs) const noexcept
        -: 2723:      { return !(*this == __rhs); }
        -: 2724:
        -: 2725:      /**
        -: 2726:       * @brief Dereferences a %regex_iterator.
        -: 2727:       */
        -: 2728:      const value_type&
        -: 2729:      operator*() const noexcept
        -: 2730:      { return _M_match; }
        -: 2731:
        -: 2732:      /**
        -: 2733:       * @brief Selects a %regex_iterator member.
        -: 2734:       */
        -: 2735:      const value_type*
        -: 2736:      operator->() const noexcept
        -: 2737:      { return &_M_match; }
        -: 2738:
        -: 2739:      /**
        -: 2740:       * @brief Increments a %regex_iterator.
        -: 2741:       */
        -: 2742:      regex_iterator&
        -: 2743:      operator++();
        -: 2744:
        -: 2745:      /**
        -: 2746:       * @brief Postincrements a %regex_iterator.
        -: 2747:       */
        -: 2748:      regex_iterator
        -: 2749:      operator++(int)
        -: 2750:      {
        -: 2751:	auto __tmp = *this;
        -: 2752:	++(*this);
        -: 2753:	return __tmp;
        -: 2754:      }
        -: 2755:
        -: 2756:    private:
        -: 2757:      _Bi_iter				_M_begin {};
        -: 2758:      _Bi_iter				_M_end {};
        -: 2759:      const regex_type*			_M_pregex = nullptr;
        -: 2760:      regex_constants::match_flag_type	_M_flags {};
        -: 2761:      match_results<_Bi_iter>		_M_match;
        -: 2762:    };
        -: 2763:
        -: 2764:  typedef regex_iterator<const char*>			cregex_iterator;
        -: 2765:  typedef regex_iterator<string::const_iterator>	sregex_iterator;
        -: 2766:#ifdef _GLIBCXX_USE_WCHAR_T
        -: 2767:  typedef regex_iterator<const wchar_t*>		wcregex_iterator;
        -: 2768:  typedef regex_iterator<wstring::const_iterator>	wsregex_iterator;
        -: 2769:#endif
        -: 2770:
        -: 2771:  // [7.12.2] Class template regex_token_iterator
        -: 2772:  /**
        -: 2773:   * Iterates over submatches in a range (or @a splits a text string).
        -: 2774:   *
        -: 2775:   * The purpose of this iterator is to enumerate all, or all specified,
        -: 2776:   * matches of a regular expression within a text range.  The dereferenced
        -: 2777:   * value of an iterator of this class is a std::sub_match object.
        -: 2778:   */
        -: 2779:  template<typename _Bi_iter,
        -: 2780:	   typename _Ch_type = typename iterator_traits<_Bi_iter>::value_type,
        -: 2781:	   typename _Rx_traits = regex_traits<_Ch_type> >
        -: 2782:    class regex_token_iterator
        -: 2783:    {
        -: 2784:    public:
        -: 2785:      typedef basic_regex<_Ch_type, _Rx_traits>	regex_type;
        -: 2786:      typedef sub_match<_Bi_iter>		value_type;
        -: 2787:      typedef std::ptrdiff_t			difference_type;
        -: 2788:      typedef const value_type*			pointer;
        -: 2789:      typedef const value_type&			reference;
        -: 2790:      typedef std::forward_iterator_tag		iterator_category;
        -: 2791:
        -: 2792:    public:
        -: 2793:      /**
        -: 2794:       * @brief Default constructs a %regex_token_iterator.
        -: 2795:       *
        -: 2796:       * A default-constructed %regex_token_iterator is a singular iterator
        -: 2797:       * that will compare equal to the one-past-the-end value for any
        -: 2798:       * iterator of the same type.
        -: 2799:       */
        -: 2800:      regex_token_iterator()
        -: 2801:      : _M_position(), _M_subs(), _M_suffix(), _M_n(0), _M_result(nullptr),
        -: 2802:      _M_has_m1(false)
        -: 2803:      { }
        -: 2804:
        -: 2805:      /**
        -: 2806:       * Constructs a %regex_token_iterator...
        -: 2807:       * @param __a          [IN] The start of the text to search.
        -: 2808:       * @param __b          [IN] One-past-the-end of the text to search.
        -: 2809:       * @param __re         [IN] The regular expression to search for.
        -: 2810:       * @param __submatch   [IN] Which submatch to return.  There are some
        -: 2811:       *                        special values for this parameter:
        -: 2812:       *                        - -1 each enumerated subexpression does NOT
        -: 2813:       *                          match the regular expression (aka field
        -: 2814:       *                          splitting)
        -: 2815:       *                        - 0 the entire string matching the
        -: 2816:       *                          subexpression is returned for each match
        -: 2817:       *                          within the text.
        -: 2818:       *                        - >0 enumerates only the indicated
        -: 2819:       *                          subexpression from a match within the text.
        -: 2820:       * @param __m          [IN] Policy flags for match rules.
        -: 2821:       */
        -: 2822:      regex_token_iterator(_Bi_iter __a, _Bi_iter __b, const regex_type& __re,
        -: 2823:			   int __submatch = 0,
        -: 2824:			   regex_constants::match_flag_type __m
        -: 2825:			   = regex_constants::match_default)
        -: 2826:      : _M_position(__a, __b, __re, __m), _M_subs(1, __submatch), _M_n(0)
        -: 2827:      { _M_init(__a, __b); }
        -: 2828:
        -: 2829:      /**
        -: 2830:       * Constructs a %regex_token_iterator...
        -: 2831:       * @param __a          [IN] The start of the text to search.
        -: 2832:       * @param __b          [IN] One-past-the-end of the text to search.
        -: 2833:       * @param __re         [IN] The regular expression to search for.
        -: 2834:       * @param __submatches [IN] A list of subexpressions to return for each
        -: 2835:       *                          regular expression match within the text.
        -: 2836:       * @param __m          [IN] Policy flags for match rules.
        -: 2837:       */
        -: 2838:      regex_token_iterator(_Bi_iter __a, _Bi_iter __b,
        -: 2839:			   const regex_type& __re,
        -: 2840:			   const std::vector<int>& __submatches,
        -: 2841:			   regex_constants::match_flag_type __m
        -: 2842:			     = regex_constants::match_default)
        -: 2843:      : _M_position(__a, __b, __re, __m), _M_subs(__submatches), _M_n(0)
        -: 2844:      { _M_init(__a, __b); }
        -: 2845:
        -: 2846:      /**
        -: 2847:       * Constructs a %regex_token_iterator...
        -: 2848:       * @param __a          [IN] The start of the text to search.
        -: 2849:       * @param __b          [IN] One-past-the-end of the text to search.
        -: 2850:       * @param __re         [IN] The regular expression to search for.
        -: 2851:       * @param __submatches [IN] A list of subexpressions to return for each
        -: 2852:       *                          regular expression match within the text.
        -: 2853:       * @param __m          [IN] Policy flags for match rules.
        -: 2854:       */
        -: 2855:      regex_token_iterator(_Bi_iter __a, _Bi_iter __b,
        -: 2856:			   const regex_type& __re,
        -: 2857:			   initializer_list<int> __submatches,
        -: 2858:			   regex_constants::match_flag_type __m
        -: 2859:			     = regex_constants::match_default)
        -: 2860:      : _M_position(__a, __b, __re, __m), _M_subs(__submatches), _M_n(0)
        -: 2861:      { _M_init(__a, __b); }
        -: 2862:
        -: 2863:      /**
        -: 2864:       * Constructs a %regex_token_iterator...
        -: 2865:       * @param __a          [IN] The start of the text to search.
        -: 2866:       * @param __b          [IN] One-past-the-end of the text to search.
        -: 2867:       * @param __re         [IN] The regular expression to search for.
        -: 2868:       * @param __submatches [IN] A list of subexpressions to return for each
        -: 2869:       *                          regular expression match within the text.
        -: 2870:       * @param __m          [IN] Policy flags for match rules.
        -: 2871:       */
        -: 2872:      template<std::size_t _Nm>
        -: 2873:	regex_token_iterator(_Bi_iter __a, _Bi_iter __b,
        -: 2874:			     const regex_type& __re,
        -: 2875:			     const int (&__submatches)[_Nm],
        -: 2876:			     regex_constants::match_flag_type __m
        -: 2877:			     = regex_constants::match_default)
        -: 2878:      : _M_position(__a, __b, __re, __m),
        -: 2879:      _M_subs(__submatches, __submatches + _Nm), _M_n(0)
        -: 2880:      { _M_init(__a, __b); }
        -: 2881:
        -: 2882:      // _GLIBCXX_RESOLVE_LIB_DEFECTS
        -: 2883:      // 2332. regex_token_iterator should forbid temporary regexes
        -: 2884:      regex_token_iterator(_Bi_iter, _Bi_iter, const regex_type&&, int = 0,
        -: 2885:			   regex_constants::match_flag_type =
        -: 2886:			   regex_constants::match_default) = delete;
        -: 2887:      regex_token_iterator(_Bi_iter, _Bi_iter, const regex_type&&,
        -: 2888:			   const std::vector<int>&,
        -: 2889:			   regex_constants::match_flag_type =
        -: 2890:			   regex_constants::match_default) = delete;
        -: 2891:      regex_token_iterator(_Bi_iter, _Bi_iter, const regex_type&&,
        -: 2892:			   initializer_list<int>,
        -: 2893:			   regex_constants::match_flag_type =
        -: 2894:			   regex_constants::match_default) = delete;
        -: 2895:      template <std::size_t _Nm>
        -: 2896:	regex_token_iterator(_Bi_iter, _Bi_iter, const regex_type&&,
        -: 2897:			     const int (&)[_Nm],
        -: 2898:			     regex_constants::match_flag_type =
        -: 2899:			     regex_constants::match_default) = delete;
        -: 2900:
        -: 2901:      /**
        -: 2902:       * @brief Copy constructs a %regex_token_iterator.
        -: 2903:       * @param __rhs [IN] A %regex_token_iterator to copy.
        -: 2904:       */
        -: 2905:      regex_token_iterator(const regex_token_iterator& __rhs)
        -: 2906:      : _M_position(__rhs._M_position), _M_subs(__rhs._M_subs),
        -: 2907:      _M_suffix(__rhs._M_suffix), _M_n(__rhs._M_n), _M_has_m1(__rhs._M_has_m1)
        -: 2908:      { _M_normalize_result(); }
        -: 2909:
        -: 2910:      /**
        -: 2911:       * @brief Assigns a %regex_token_iterator to another.
        -: 2912:       * @param __rhs [IN] A %regex_token_iterator to copy.
        -: 2913:       */
        -: 2914:      regex_token_iterator&
        -: 2915:      operator=(const regex_token_iterator& __rhs);
        -: 2916:
        -: 2917:      /**
        -: 2918:       * @brief Compares a %regex_token_iterator to another for equality.
        -: 2919:       */
        -: 2920:      bool
        -: 2921:      operator==(const regex_token_iterator& __rhs) const;
        -: 2922:
        -: 2923:      /**
        -: 2924:       * @brief Compares a %regex_token_iterator to another for inequality.
        -: 2925:       */
        -: 2926:      bool
        -: 2927:      operator!=(const regex_token_iterator& __rhs) const
        -: 2928:      { return !(*this == __rhs); }
        -: 2929:
        -: 2930:      /**
        -: 2931:       * @brief Dereferences a %regex_token_iterator.
        -: 2932:       */
        -: 2933:      const value_type&
        -: 2934:      operator*() const
        -: 2935:      { return *_M_result; }
        -: 2936:
        -: 2937:      /**
        -: 2938:       * @brief Selects a %regex_token_iterator member.
        -: 2939:       */
        -: 2940:      const value_type*
        -: 2941:      operator->() const
        -: 2942:      { return _M_result; }
        -: 2943:
        -: 2944:      /**
        -: 2945:       * @brief Increments a %regex_token_iterator.
        -: 2946:       */
        -: 2947:      regex_token_iterator&
        -: 2948:      operator++();
        -: 2949:
        -: 2950:      /**
        -: 2951:       * @brief Postincrements a %regex_token_iterator.
        -: 2952:       */
        -: 2953:      regex_token_iterator
        -: 2954:      operator++(int)
        -: 2955:      {
        -: 2956:	auto __tmp = *this;
        -: 2957:	++(*this);
        -: 2958:	return __tmp;
        -: 2959:      }
        -: 2960:
        -: 2961:    private:
        -: 2962:      typedef regex_iterator<_Bi_iter, _Ch_type, _Rx_traits> _Position;
        -: 2963:
        -: 2964:      void
        -: 2965:      _M_init(_Bi_iter __a, _Bi_iter __b);
        -: 2966:
        -: 2967:      const value_type&
        -: 2968:      _M_current_match() const
        -: 2969:      {
        -: 2970:	if (_M_subs[_M_n] == -1)
        -: 2971:	  return (*_M_position).prefix();
        -: 2972:	else
        -: 2973:	  return (*_M_position)[_M_subs[_M_n]];
        -: 2974:      }
        -: 2975:
        -: 2976:      constexpr bool
        -: 2977:      _M_end_of_seq() const
        -: 2978:      { return _M_result == nullptr; }
        -: 2979:
        -: 2980:      // [28.12.2.2.4]
        -: 2981:      void
        -: 2982:      _M_normalize_result()
        -: 2983:      {
        -: 2984:	if (_M_position != _Position())
        -: 2985:	  _M_result = &_M_current_match();
        -: 2986:	else if (_M_has_m1)
        -: 2987:	  _M_result = &_M_suffix;
        -: 2988:	else
        -: 2989:	  _M_result = nullptr;
        -: 2990:      }
        -: 2991:
        -: 2992:      _Position		_M_position;
        -: 2993:      std::vector<int>	_M_subs;
        -: 2994:      value_type	_M_suffix;
        -: 2995:      std::size_t	_M_n;
        -: 2996:      const value_type*	_M_result;
        -: 2997:
        -: 2998:      // Show whether _M_subs contains -1
        -: 2999:      bool		_M_has_m1;
        -: 3000:    };
        -: 3001:
        -: 3002:  /** @brief Token iterator for C-style NULL-terminated strings. */
        -: 3003:  typedef regex_token_iterator<const char*>		cregex_token_iterator;
        -: 3004:
        -: 3005:  /** @brief Token iterator for standard strings. */
        -: 3006:  typedef regex_token_iterator<string::const_iterator>	sregex_token_iterator;
        -: 3007:
        -: 3008:#ifdef _GLIBCXX_USE_WCHAR_T
        -: 3009:  /** @brief Token iterator for C-style NULL-terminated wide strings. */
        -: 3010:  typedef regex_token_iterator<const wchar_t*>		wcregex_token_iterator;
        -: 3011:
        -: 3012:  /** @brief Token iterator for standard wide-character strings. */
        -: 3013:  typedef regex_token_iterator<wstring::const_iterator> wsregex_token_iterator;
        -: 3014:#endif
        -: 3015:
        -: 3016:  ///@} // group regex
        -: 3017:
        -: 3018:_GLIBCXX_END_NAMESPACE_CXX11
        -: 3019:_GLIBCXX_END_NAMESPACE_VERSION
        -: 3020:} // namespace
        -: 3021:
        -: 3022:#include <bits/regex.tcc>
