        -:    0:Source:/usr/include/c++/11/bits/stl_deque.h
        -:    0:Graph:/home/runner/work/cpp-11-standard/cpp-11-standard/TestBinary-test_index.gcno
        -:    0:Data:/home/runner/work/cpp-11-standard/cpp-11-standard/TestBinary-test_index.gcda
        -:    0:Runs:1
        -:    1:// Deque implementation -*- C++ -*-
        -:    2:
        -:    3:// Copyright (C) 2001-2021 Free Software Foundation, Inc.
        -:    4://
        -:    5:// This file is part of the GNU ISO C++ Library.  This library is free
        -:    6:// software; you can redistribute it and/or modify it under the
        -:    7:// terms of the GNU General Public License as published by the
        -:    8:// Free Software Foundation; either version 3, or (at your option)
        -:    9:// any later version.
        -:   10:
        -:   11:// This library is distributed in the hope that it will be useful,
        -:   12:// but WITHOUT ANY WARRANTY; without even the implied warranty of
        -:   13:// MERCHANTABILITY or FITNESS FOR A PARTICULAR PURPOSE.  See the
        -:   14:// GNU General Public License for more details.
        -:   15:
        -:   16:// Under Section 7 of GPL version 3, you are granted additional
        -:   17:// permissions described in the GCC Runtime Library Exception, version
        -:   18:// 3.1, as published by the Free Software Foundation.
        -:   19:
        -:   20:// You should have received a copy of the GNU General Public License and
        -:   21:// a copy of the GCC Runtime Library Exception along with this program;
        -:   22:// see the files COPYING3 and COPYING.RUNTIME respectively.  If not, see
        -:   23:// <http://www.gnu.org/licenses/>.
        -:   24:
        -:   25:/*
        -:   26: *
        -:   27: * Copyright (c) 1994
        -:   28: * Hewlett-Packard Company
        -:   29: *
        -:   30: * Permission to use, copy, modify, distribute and sell this software
        -:   31: * and its documentation for any purpose is hereby granted without fee,
        -:   32: * provided that the above copyright notice appear in all copies and
        -:   33: * that both that copyright notice and this permission notice appear
        -:   34: * in supporting documentation.  Hewlett-Packard Company makes no
        -:   35: * representations about the suitability of this software for any
        -:   36: * purpose.  It is provided "as is" without express or implied warranty.
        -:   37: *
        -:   38: *
        -:   39: * Copyright (c) 1997
        -:   40: * Silicon Graphics Computer Systems, Inc.
        -:   41: *
        -:   42: * Permission to use, copy, modify, distribute and sell this software
        -:   43: * and its documentation for any purpose is hereby granted without fee,
        -:   44: * provided that the above copyright notice appear in all copies and
        -:   45: * that both that copyright notice and this permission notice appear
        -:   46: * in supporting documentation.  Silicon Graphics makes no
        -:   47: * representations about the suitability of this software for any
        -:   48: * purpose.  It is provided "as is" without express or implied warranty.
        -:   49: */
        -:   50:
        -:   51:/** @file bits/stl_deque.h
        -:   52: *  This is an internal header file, included by other library headers.
        -:   53: *  Do not attempt to use it directly. @headername{deque}
        -:   54: */
        -:   55:
        -:   56:#ifndef _STL_DEQUE_H
        -:   57:#define _STL_DEQUE_H 1
        -:   58:
        -:   59:#include <bits/concept_check.h>
        -:   60:#include <bits/stl_iterator_base_types.h>
        -:   61:#include <bits/stl_iterator_base_funcs.h>
        -:   62:#if __cplusplus >= 201103L
        -:   63:#include <initializer_list>
        -:   64:#include <bits/stl_uninitialized.h> // for __is_bitwise_relocatable
        -:   65:#endif
        -:   66:#if __cplusplus > 201703L
        -:   67:# include <compare>
        -:   68:#endif
        -:   69:
        -:   70:#include <debug/assertions.h>
        -:   71:
        -:   72:namespace std _GLIBCXX_VISIBILITY(default)
        -:   73:{
        -:   74:_GLIBCXX_BEGIN_NAMESPACE_VERSION
        -:   75:_GLIBCXX_BEGIN_NAMESPACE_CONTAINER
        -:   76:
        -:   77:  /**
        -:   78:   *  @brief This function controls the size of memory nodes.
        -:   79:   *  @param  __size  The size of an element.
        -:   80:   *  @return   The number (not byte size) of elements per node.
        -:   81:   *
        -:   82:   *  This function started off as a compiler kludge from SGI, but
        -:   83:   *  seems to be a useful wrapper around a repeated constant
        -:   84:   *  expression.  The @b 512 is tunable (and no other code needs to
        -:   85:   *  change), but no investigation has been done since inheriting the
        -:   86:   *  SGI code.  Touch _GLIBCXX_DEQUE_BUF_SIZE only if you know what
        -:   87:   *  you are doing, however: changing it breaks the binary
        -:   88:   *  compatibility!!
        -:   89:  */
        -:   90:
        -:   91:#ifndef _GLIBCXX_DEQUE_BUF_SIZE
        -:   92:#define _GLIBCXX_DEQUE_BUF_SIZE 512
        -:   93:#endif
        -:   94:
        -:   95:  _GLIBCXX_CONSTEXPR inline size_t
function _ZSt16__deque_buf_sizem called 0 returned 0% blocks executed 0%
    #####:   96:  __deque_buf_size(size_t __size)
        -:   97:  { return (__size < _GLIBCXX_DEQUE_BUF_SIZE
    #####:   98:	    ? size_t(_GLIBCXX_DEQUE_BUF_SIZE / __size) : size_t(1)); }
branch  0 never executed
branch  1 never executed
        -:   99:
        -:  100:
        -:  101:  /**
        -:  102:   *  @brief A deque::iterator.
        -:  103:   *
        -:  104:   *  Quite a bit of intelligence here.  Much of the functionality of
        -:  105:   *  deque is actually passed off to this class.  A deque holds two
        -:  106:   *  of these internally, marking its valid range.  Access to
        -:  107:   *  elements is done as offsets of either of those two, relying on
        -:  108:   *  operator overloading in this class.
        -:  109:   *
        -:  110:   *  All the functions are op overloads except for _M_set_node.
        -:  111:  */
        -:  112:  template<typename _Tp, typename _Ref, typename _Ptr>
        -:  113:    struct _Deque_iterator
        -:  114:    {
        -:  115:#if __cplusplus < 201103L
        -:  116:      typedef _Deque_iterator<_Tp, _Tp&, _Tp*>		   iterator;
        -:  117:      typedef _Deque_iterator<_Tp, const _Tp&, const _Tp*> const_iterator;
        -:  118:      typedef _Tp*					   _Elt_pointer;
        -:  119:      typedef _Tp**					   _Map_pointer;
        -:  120:#else
        -:  121:    private:
        -:  122:      template<typename _CvTp>
        -:  123:	using __iter = _Deque_iterator<_Tp, _CvTp&, __ptr_rebind<_Ptr, _CvTp>>;
        -:  124:    public:
        -:  125:      typedef __iter<_Tp>				   iterator;
        -:  126:      typedef __iter<const _Tp>				   const_iterator;
        -:  127:      typedef __ptr_rebind<_Ptr, _Tp>			   _Elt_pointer;
        -:  128:      typedef __ptr_rebind<_Ptr, _Elt_pointer>		   _Map_pointer;
        -:  129:#endif
        -:  130:
    #####:  131:      static size_t _S_buffer_size() _GLIBCXX_NOEXCEPT
    #####:  132:      { return __deque_buf_size(sizeof(_Tp)); }
------------------
_ZNSt15_Deque_iteratorIlRlPlE14_S_buffer_sizeEv:
function _ZNSt15_Deque_iteratorIlRlPlE14_S_buffer_sizeEv called 0 returned 0% blocks executed 0%
    #####:  131:      static size_t _S_buffer_size() _GLIBCXX_NOEXCEPT
    #####:  132:      { return __deque_buf_size(sizeof(_Tp)); }
call    0 never executed
------------------
_ZNSt15_Deque_iteratorINSt8__detail9_StateSeqINSt7__cxx1112regex_traitsIcEEEERS5_PS5_E14_S_buffer_sizeEv:
function _ZNSt15_Deque_iteratorINSt8__detail9_StateSeqINSt7__cxx1112regex_traitsIcEEEERS5_PS5_E14_S_buffer_sizeEv called 0 returned 0% blocks executed 0%
    #####:  131:      static size_t _S_buffer_size() _GLIBCXX_NOEXCEPT
    #####:  132:      { return __deque_buf_size(sizeof(_Tp)); }
call    0 never executed
------------------
_ZNSt15_Deque_iteratorIcRcPcE14_S_buffer_sizeEv:
function _ZNSt15_Deque_iteratorIcRcPcE14_S_buffer_sizeEv called 0 returned 0% blocks executed 0%
    #####:  131:      static size_t _S_buffer_size() _GLIBCXX_NOEXCEPT
    #####:  132:      { return __deque_buf_size(sizeof(_Tp)); }
call    0 never executed
------------------
        -:  133:
        -:  134:      typedef std::random_access_iterator_tag	iterator_category;
        -:  135:      typedef _Tp				value_type;
        -:  136:      typedef _Ptr				pointer;
        -:  137:      typedef _Ref				reference;
        -:  138:      typedef size_t				size_type;
        -:  139:      typedef ptrdiff_t				difference_type;
        -:  140:      typedef _Deque_iterator			_Self;
        -:  141:
        -:  142:      _Elt_pointer _M_cur;
        -:  143:      _Elt_pointer _M_first;
        -:  144:      _Elt_pointer _M_last;
        -:  145:      _Map_pointer _M_node;
        -:  146:
        -:  147:      _Deque_iterator(_Elt_pointer __x, _Map_pointer __y) _GLIBCXX_NOEXCEPT
        -:  148:      : _M_cur(__x), _M_first(*__y),
        -:  149:	_M_last(*__y + _S_buffer_size()), _M_node(__y) { }
        -:  150:
    #####:  151:      _Deque_iterator() _GLIBCXX_NOEXCEPT
    #####:  152:      : _M_cur(), _M_first(), _M_last(), _M_node() { }
------------------
_ZNSt15_Deque_iteratorIlRlPlEC2Ev:
function _ZNSt15_Deque_iteratorIlRlPlEC2Ev called 0 returned 0% blocks executed 0%
    #####:  151:      _Deque_iterator() _GLIBCXX_NOEXCEPT
    #####:  152:      : _M_cur(), _M_first(), _M_last(), _M_node() { }
------------------
_ZNSt15_Deque_iteratorINSt8__detail9_StateSeqINSt7__cxx1112regex_traitsIcEEEERS5_PS5_EC2Ev:
function _ZNSt15_Deque_iteratorINSt8__detail9_StateSeqINSt7__cxx1112regex_traitsIcEEEERS5_PS5_EC2Ev called 0 returned 0% blocks executed 0%
    #####:  151:      _Deque_iterator() _GLIBCXX_NOEXCEPT
    #####:  152:      : _M_cur(), _M_first(), _M_last(), _M_node() { }
------------------
_ZNSt15_Deque_iteratorIcRcPcEC2Ev:
function _ZNSt15_Deque_iteratorIcRcPcEC2Ev called 0 returned 0% blocks executed 0%
    #####:  151:      _Deque_iterator() _GLIBCXX_NOEXCEPT
    #####:  152:      : _M_cur(), _M_first(), _M_last(), _M_node() { }
------------------
        -:  153:
        -:  154:#if __cplusplus < 201103L
        -:  155:      // Conversion from iterator to const_iterator.
        -:  156:      _Deque_iterator(const iterator& __x) _GLIBCXX_NOEXCEPT
        -:  157:      : _M_cur(__x._M_cur), _M_first(__x._M_first),
        -:  158:	_M_last(__x._M_last), _M_node(__x._M_node) { }
        -:  159:#else
        -:  160:      // Conversion from iterator to const_iterator.
        -:  161:      template<typename _Iter,
        -:  162:	       typename = _Require<is_same<_Self, const_iterator>,
        -:  163:				   is_same<_Iter, iterator>>>
        -:  164:       _Deque_iterator(const _Iter& __x) noexcept
        -:  165:       : _M_cur(__x._M_cur), _M_first(__x._M_first),
        -:  166:	 _M_last(__x._M_last), _M_node(__x._M_node) { }
        -:  167:
    #####:  168:      _Deque_iterator(const _Deque_iterator& __x) noexcept
    #####:  169:       : _M_cur(__x._M_cur), _M_first(__x._M_first),
    #####:  170:	 _M_last(__x._M_last), _M_node(__x._M_node) { }
------------------
_ZNSt15_Deque_iteratorIlRlPlEC2ERKS2_:
function _ZNSt15_Deque_iteratorIlRlPlEC2ERKS2_ called 0 returned 0% blocks executed 0%
    #####:  168:      _Deque_iterator(const _Deque_iterator& __x) noexcept
    #####:  169:       : _M_cur(__x._M_cur), _M_first(__x._M_first),
    #####:  170:	 _M_last(__x._M_last), _M_node(__x._M_node) { }
------------------
_ZNSt15_Deque_iteratorINSt8__detail9_StateSeqINSt7__cxx1112regex_traitsIcEEEERS5_PS5_EC2ERKS8_:
function _ZNSt15_Deque_iteratorINSt8__detail9_StateSeqINSt7__cxx1112regex_traitsIcEEEERS5_PS5_EC2ERKS8_ called 0 returned 0% blocks executed 0%
    #####:  168:      _Deque_iterator(const _Deque_iterator& __x) noexcept
    #####:  169:       : _M_cur(__x._M_cur), _M_first(__x._M_first),
    #####:  170:	 _M_last(__x._M_last), _M_node(__x._M_node) { }
------------------
_ZNSt15_Deque_iteratorIcRcPcEC2ERKS2_:
function _ZNSt15_Deque_iteratorIcRcPcEC2ERKS2_ called 0 returned 0% blocks executed 0%
    #####:  168:      _Deque_iterator(const _Deque_iterator& __x) noexcept
    #####:  169:       : _M_cur(__x._M_cur), _M_first(__x._M_first),
    #####:  170:	 _M_last(__x._M_last), _M_node(__x._M_node) { }
------------------
        -:  171:
        -:  172:      _Deque_iterator& operator=(const _Deque_iterator&) = default;
        -:  173:#endif
        -:  174:
        -:  175:      iterator
        -:  176:      _M_const_cast() const _GLIBCXX_NOEXCEPT
        -:  177:      { return iterator(_M_cur, _M_node); }
        -:  178:
        -:  179:      reference
    #####:  180:      operator*() const _GLIBCXX_NOEXCEPT
    #####:  181:      { return *_M_cur; }
------------------
_ZNKSt15_Deque_iteratorIlRlPlEdeEv:
function _ZNKSt15_Deque_iteratorIlRlPlEdeEv called 0 returned 0% blocks executed 0%
    #####:  180:      operator*() const _GLIBCXX_NOEXCEPT
    #####:  181:      { return *_M_cur; }
------------------
_ZNKSt15_Deque_iteratorINSt8__detail9_StateSeqINSt7__cxx1112regex_traitsIcEEEERS5_PS5_EdeEv:
function _ZNKSt15_Deque_iteratorINSt8__detail9_StateSeqINSt7__cxx1112regex_traitsIcEEEERS5_PS5_EdeEv called 0 returned 0% blocks executed 0%
    #####:  180:      operator*() const _GLIBCXX_NOEXCEPT
    #####:  181:      { return *_M_cur; }
------------------
        -:  182:
        -:  183:      pointer
        -:  184:      operator->() const _GLIBCXX_NOEXCEPT
        -:  185:      { return _M_cur; }
        -:  186:
        -:  187:      _Self&
        -:  188:      operator++() _GLIBCXX_NOEXCEPT
        -:  189:      {
        -:  190:	++_M_cur;
        -:  191:	if (_M_cur == _M_last)
        -:  192:	  {
        -:  193:	    _M_set_node(_M_node + 1);
        -:  194:	    _M_cur = _M_first;
        -:  195:	  }
        -:  196:	return *this;
        -:  197:      }
        -:  198:
        -:  199:      _Self
        -:  200:      operator++(int) _GLIBCXX_NOEXCEPT
        -:  201:      {
        -:  202:	_Self __tmp = *this;
        -:  203:	++*this;
        -:  204:	return __tmp;
        -:  205:      }
        -:  206:
        -:  207:      _Self&
    #####:  208:      operator--() _GLIBCXX_NOEXCEPT
        -:  209:      {
    #####:  210:	if (_M_cur == _M_first)
        -:  211:	  {
    #####:  212:	    _M_set_node(_M_node - 1);
    #####:  213:	    _M_cur = _M_last;
        -:  214:	  }
    #####:  215:	--_M_cur;
    #####:  216:	return *this;
        -:  217:      }
------------------
_ZNSt15_Deque_iteratorIlRlPlEmmEv:
function _ZNSt15_Deque_iteratorIlRlPlEmmEv called 0 returned 0% blocks executed 0%
    #####:  208:      operator--() _GLIBCXX_NOEXCEPT
        -:  209:      {
    #####:  210:	if (_M_cur == _M_first)
branch  0 never executed
branch  1 never executed
        -:  211:	  {
    #####:  212:	    _M_set_node(_M_node - 1);
call    0 never executed
    #####:  213:	    _M_cur = _M_last;
        -:  214:	  }
    #####:  215:	--_M_cur;
    #####:  216:	return *this;
        -:  217:      }
------------------
_ZNSt15_Deque_iteratorINSt8__detail9_StateSeqINSt7__cxx1112regex_traitsIcEEEERS5_PS5_EmmEv:
function _ZNSt15_Deque_iteratorINSt8__detail9_StateSeqINSt7__cxx1112regex_traitsIcEEEERS5_PS5_EmmEv called 0 returned 0% blocks executed 0%
    #####:  208:      operator--() _GLIBCXX_NOEXCEPT
        -:  209:      {
    #####:  210:	if (_M_cur == _M_first)
branch  0 never executed
branch  1 never executed
        -:  211:	  {
    #####:  212:	    _M_set_node(_M_node - 1);
call    0 never executed
    #####:  213:	    _M_cur = _M_last;
        -:  214:	  }
    #####:  215:	--_M_cur;
    #####:  216:	return *this;
        -:  217:      }
------------------
        -:  218:
        -:  219:      _Self
        -:  220:      operator--(int) _GLIBCXX_NOEXCEPT
        -:  221:      {
        -:  222:	_Self __tmp = *this;
        -:  223:	--*this;
        -:  224:	return __tmp;
        -:  225:      }
        -:  226:
        -:  227:      _Self&
        -:  228:      operator+=(difference_type __n) _GLIBCXX_NOEXCEPT
        -:  229:      {
        -:  230:	const difference_type __offset = __n + (_M_cur - _M_first);
        -:  231:	if (__offset >= 0 && __offset < difference_type(_S_buffer_size()))
        -:  232:	  _M_cur += __n;
        -:  233:	else
        -:  234:	  {
        -:  235:	    const difference_type __node_offset =
        -:  236:	      __offset > 0 ? __offset / difference_type(_S_buffer_size())
        -:  237:			   : -difference_type((-__offset - 1)
        -:  238:					      / _S_buffer_size()) - 1;
        -:  239:	    _M_set_node(_M_node + __node_offset);
        -:  240:	    _M_cur = _M_first + (__offset - __node_offset
        -:  241:				 * difference_type(_S_buffer_size()));
        -:  242:	  }
        -:  243:	return *this;
        -:  244:      }
        -:  245:
        -:  246:      _Self&
        -:  247:      operator-=(difference_type __n) _GLIBCXX_NOEXCEPT
        -:  248:      { return *this += -__n; }
        -:  249:
        -:  250:      reference
        -:  251:      operator[](difference_type __n) const _GLIBCXX_NOEXCEPT
        -:  252:      { return *(*this + __n); }
        -:  253:
        -:  254:      /**
        -:  255:       *  Prepares to traverse new_node.  Sets everything except
        -:  256:       *  _M_cur, which should therefore be set by the caller
        -:  257:       *  immediately afterwards, based on _M_first and _M_last.
        -:  258:       */
        -:  259:      void
    #####:  260:      _M_set_node(_Map_pointer __new_node) _GLIBCXX_NOEXCEPT
        -:  261:      {
    #####:  262:	_M_node = __new_node;
    #####:  263:	_M_first = *__new_node;
    #####:  264:	_M_last = _M_first + difference_type(_S_buffer_size());
    #####:  265:      }
------------------
_ZNSt15_Deque_iteratorIlRlPlE11_M_set_nodeEPS1_:
function _ZNSt15_Deque_iteratorIlRlPlE11_M_set_nodeEPS1_ called 0 returned 0% blocks executed 0%
    #####:  260:      _M_set_node(_Map_pointer __new_node) _GLIBCXX_NOEXCEPT
        -:  261:      {
    #####:  262:	_M_node = __new_node;
    #####:  263:	_M_first = *__new_node;
    #####:  264:	_M_last = _M_first + difference_type(_S_buffer_size());
call    0 never executed
    #####:  265:      }
------------------
_ZNSt15_Deque_iteratorINSt8__detail9_StateSeqINSt7__cxx1112regex_traitsIcEEEERS5_PS5_E11_M_set_nodeEPS7_:
function _ZNSt15_Deque_iteratorINSt8__detail9_StateSeqINSt7__cxx1112regex_traitsIcEEEERS5_PS5_E11_M_set_nodeEPS7_ called 0 returned 0% blocks executed 0%
    #####:  260:      _M_set_node(_Map_pointer __new_node) _GLIBCXX_NOEXCEPT
        -:  261:      {
    #####:  262:	_M_node = __new_node;
    #####:  263:	_M_first = *__new_node;
    #####:  264:	_M_last = _M_first + difference_type(_S_buffer_size());
call    0 never executed
    #####:  265:      }
------------------
_ZNSt15_Deque_iteratorIcRcPcE11_M_set_nodeEPS1_:
function _ZNSt15_Deque_iteratorIcRcPcE11_M_set_nodeEPS1_ called 0 returned 0% blocks executed 0%
    #####:  260:      _M_set_node(_Map_pointer __new_node) _GLIBCXX_NOEXCEPT
        -:  261:      {
    #####:  262:	_M_node = __new_node;
    #####:  263:	_M_first = *__new_node;
    #####:  264:	_M_last = _M_first + difference_type(_S_buffer_size());
call    0 never executed
    #####:  265:      }
------------------
        -:  266:
        -:  267:      friend bool
    #####:  268:      operator==(const _Self& __x, const _Self& __y) _GLIBCXX_NOEXCEPT
    #####:  269:      { return __x._M_cur == __y._M_cur; }
------------------
_ZSteqRKSt15_Deque_iteratorIlRlPlES4_:
function _ZSteqRKSt15_Deque_iteratorIlRlPlES4_ called 0 returned 0% blocks executed 0%
    #####:  268:      operator==(const _Self& __x, const _Self& __y) _GLIBCXX_NOEXCEPT
    #####:  269:      { return __x._M_cur == __y._M_cur; }
------------------
_ZSteqRKSt15_Deque_iteratorINSt8__detail9_StateSeqINSt7__cxx1112regex_traitsIcEEEERS5_PS5_ESA_:
function _ZSteqRKSt15_Deque_iteratorINSt8__detail9_StateSeqINSt7__cxx1112regex_traitsIcEEEERS5_PS5_ESA_ called 0 returned 0% blocks executed 0%
    #####:  268:      operator==(const _Self& __x, const _Self& __y) _GLIBCXX_NOEXCEPT
    #####:  269:      { return __x._M_cur == __y._M_cur; }
------------------
_ZSteqRKSt15_Deque_iteratorIcRcPcES4_:
function _ZSteqRKSt15_Deque_iteratorIcRcPcES4_ called 0 returned 0% blocks executed 0%
    #####:  268:      operator==(const _Self& __x, const _Self& __y) _GLIBCXX_NOEXCEPT
    #####:  269:      { return __x._M_cur == __y._M_cur; }
------------------
        -:  270:
        -:  271:      // Note: we also provide overloads whose operands are of the same type in
        -:  272:      // order to avoid ambiguous overload resolution when std::rel_ops
        -:  273:      // operators are in scope (for additional details, see libstdc++/3628)
        -:  274:      template<typename _RefR, typename _PtrR>
        -:  275:	friend bool
        -:  276:	operator==(const _Self& __x,
        -:  277:		   const _Deque_iterator<_Tp, _RefR, _PtrR>& __y)
        -:  278:	_GLIBCXX_NOEXCEPT
        -:  279:	{ return __x._M_cur == __y._M_cur; }
        -:  280:
        -:  281:#if __cpp_lib_three_way_comparison
        -:  282:      friend strong_ordering
        -:  283:      operator<=>(const _Self& __x, const _Self& __y) noexcept
        -:  284:      {
        -:  285:	if (const auto __cmp = __x._M_node <=> __y._M_node; __cmp != 0)
        -:  286:	  return __cmp;
        -:  287:	return __x._M_cur <=> __y._M_cur;
        -:  288:      }
        -:  289:#else
        -:  290:      friend bool
        -:  291:      operator!=(const _Self& __x, const _Self& __y) _GLIBCXX_NOEXCEPT
        -:  292:      { return !(__x == __y); }
        -:  293:
        -:  294:      template<typename _RefR, typename _PtrR>
        -:  295:	friend bool
        -:  296:	operator!=(const _Self& __x,
        -:  297:		   const _Deque_iterator<_Tp, _RefR, _PtrR>& __y)
        -:  298:	_GLIBCXX_NOEXCEPT
        -:  299:	{ return !(__x == __y); }
        -:  300:
        -:  301:      friend bool
        -:  302:      operator<(const _Self& __x, const _Self& __y) _GLIBCXX_NOEXCEPT
        -:  303:      {
        -:  304:	return (__x._M_node == __y._M_node)
        -:  305:	  ? (__x._M_cur < __y._M_cur) : (__x._M_node < __y._M_node);
        -:  306:      }
        -:  307:
        -:  308:      template<typename _RefR, typename _PtrR>
        -:  309:	friend bool
        -:  310:	operator<(const _Self& __x,
        -:  311:		  const _Deque_iterator<_Tp, _RefR, _PtrR>& __y)
        -:  312:	_GLIBCXX_NOEXCEPT
        -:  313:	{
        -:  314:	  return (__x._M_node == __y._M_node)
        -:  315:	    ? (__x._M_cur < __y._M_cur) : (__x._M_node < __y._M_node);
        -:  316:	}
        -:  317:
        -:  318:      friend bool
        -:  319:      operator>(const _Self& __x, const _Self& __y) _GLIBCXX_NOEXCEPT
        -:  320:      { return __y < __x; }
        -:  321:
        -:  322:      template<typename _RefR, typename _PtrR>
        -:  323:	friend bool
        -:  324:	operator>(const _Self& __x,
        -:  325:		  const _Deque_iterator<_Tp, _RefR, _PtrR>& __y)
        -:  326:	_GLIBCXX_NOEXCEPT
        -:  327:	{ return __y < __x; }
        -:  328:
        -:  329:      friend bool
        -:  330:      operator<=(const _Self& __x, const _Self& __y) _GLIBCXX_NOEXCEPT
        -:  331:      { return !(__y < __x); }
        -:  332:
        -:  333:      template<typename _RefR, typename _PtrR>
        -:  334:	friend bool
        -:  335:	operator<=(const _Self& __x,
        -:  336:		   const _Deque_iterator<_Tp, _RefR, _PtrR>& __y)
        -:  337:	_GLIBCXX_NOEXCEPT
        -:  338:	{ return !(__y < __x); }
        -:  339:
        -:  340:      friend bool
        -:  341:      operator>=(const _Self& __x, const _Self& __y) _GLIBCXX_NOEXCEPT
        -:  342:      { return !(__x < __y); }
        -:  343:
        -:  344:      template<typename _RefR, typename _PtrR>
        -:  345:	friend bool
        -:  346:	operator>=(const _Self& __x,
        -:  347:		   const _Deque_iterator<_Tp, _RefR, _PtrR>& __y)
        -:  348:	_GLIBCXX_NOEXCEPT
        -:  349:	{ return !(__x < __y); }
        -:  350:#endif // three-way comparison
        -:  351:
        -:  352:      friend difference_type
    #####:  353:      operator-(const _Self& __x, const _Self& __y) _GLIBCXX_NOEXCEPT
        -:  354:      {
    #####:  355:	return difference_type(_S_buffer_size())
    #####:  356:	  * (__x._M_node - __y._M_node - bool(__x._M_node))
    #####:  357:	  + (__x._M_cur - __x._M_first)
    #####:  358:	  + (__y._M_last - __y._M_cur);
        -:  359:      }
------------------
_ZStmiRKSt15_Deque_iteratorIlRlPlES4_:
function _ZStmiRKSt15_Deque_iteratorIlRlPlES4_ called 0 returned 0% blocks executed 0%
    #####:  353:      operator-(const _Self& __x, const _Self& __y) _GLIBCXX_NOEXCEPT
        -:  354:      {
    #####:  355:	return difference_type(_S_buffer_size())
call    0 never executed
    #####:  356:	  * (__x._M_node - __y._M_node - bool(__x._M_node))
    #####:  357:	  + (__x._M_cur - __x._M_first)
    #####:  358:	  + (__y._M_last - __y._M_cur);
        -:  359:      }
------------------
_ZStmiRKSt15_Deque_iteratorINSt8__detail9_StateSeqINSt7__cxx1112regex_traitsIcEEEERS5_PS5_ESA_:
function _ZStmiRKSt15_Deque_iteratorINSt8__detail9_StateSeqINSt7__cxx1112regex_traitsIcEEEERS5_PS5_ESA_ called 0 returned 0% blocks executed 0%
    #####:  353:      operator-(const _Self& __x, const _Self& __y) _GLIBCXX_NOEXCEPT
        -:  354:      {
    #####:  355:	return difference_type(_S_buffer_size())
call    0 never executed
    #####:  356:	  * (__x._M_node - __y._M_node - bool(__x._M_node))
    #####:  357:	  + (__x._M_cur - __x._M_first)
    #####:  358:	  + (__y._M_last - __y._M_cur);
        -:  359:      }
------------------
_ZStmiRKSt15_Deque_iteratorIcRcPcES4_:
function _ZStmiRKSt15_Deque_iteratorIcRcPcES4_ called 0 returned 0% blocks executed 0%
    #####:  353:      operator-(const _Self& __x, const _Self& __y) _GLIBCXX_NOEXCEPT
        -:  354:      {
    #####:  355:	return difference_type(_S_buffer_size())
call    0 never executed
    #####:  356:	  * (__x._M_node - __y._M_node - bool(__x._M_node))
    #####:  357:	  + (__x._M_cur - __x._M_first)
    #####:  358:	  + (__y._M_last - __y._M_cur);
        -:  359:      }
------------------
        -:  360:
        -:  361:      // _GLIBCXX_RESOLVE_LIB_DEFECTS
        -:  362:      // According to the resolution of DR179 not only the various comparison
        -:  363:      // operators but also operator- must accept mixed iterator/const_iterator
        -:  364:      // parameters.
        -:  365:      template<typename _RefR, typename _PtrR>
        -:  366:	friend difference_type
        -:  367:	operator-(const _Self& __x,
        -:  368:		  const _Deque_iterator<_Tp, _RefR, _PtrR>& __y)
        -:  369:	_GLIBCXX_NOEXCEPT
        -:  370:	{
        -:  371:	  return difference_type(_S_buffer_size())
        -:  372:	    * (__x._M_node - __y._M_node - bool(__x._M_node))
        -:  373:	    + (__x._M_cur - __x._M_first)
        -:  374:	    + (__y._M_last - __y._M_cur);
        -:  375:	}
        -:  376:
        -:  377:      friend _Self
        -:  378:      operator+(const _Self& __x, difference_type __n) _GLIBCXX_NOEXCEPT
        -:  379:      {
        -:  380:	_Self __tmp = __x;
        -:  381:	__tmp += __n;
        -:  382:	return __tmp;
        -:  383:      }
        -:  384:
        -:  385:      friend _Self
        -:  386:      operator-(const _Self& __x, difference_type __n) _GLIBCXX_NOEXCEPT
        -:  387:      {
        -:  388:	_Self __tmp = __x;
        -:  389:	__tmp -= __n;
        -:  390:	return __tmp;
        -:  391:      }
        -:  392:
        -:  393:      friend _Self
        -:  394:      operator+(difference_type __n, const _Self& __x) _GLIBCXX_NOEXCEPT
        -:  395:      { return __x + __n; }
        -:  396:    };
        -:  397:
        -:  398:  /**
        -:  399:   *  Deque base class.  This class provides the unified face for %deque's
        -:  400:   *  allocation.  This class's constructor and destructor allocate and
        -:  401:   *  deallocate (but do not initialize) storage.  This makes %exception
        -:  402:   *  safety easier.
        -:  403:   *
        -:  404:   *  Nothing in this class ever constructs or destroys an actual Tp element.
        -:  405:   *  (Deque handles that itself.)  Only/All memory management is performed
        -:  406:   *  here.
        -:  407:  */
        -:  408:  template<typename _Tp, typename _Alloc>
        -:  409:    class _Deque_base
        -:  410:    {
        -:  411:    protected:
        -:  412:      typedef typename __gnu_cxx::__alloc_traits<_Alloc>::template
        -:  413:	rebind<_Tp>::other _Tp_alloc_type;
        -:  414:      typedef __gnu_cxx::__alloc_traits<_Tp_alloc_type>	 _Alloc_traits;
        -:  415:
        -:  416:#if __cplusplus < 201103L
        -:  417:      typedef _Tp*					_Ptr;
        -:  418:      typedef const _Tp*				_Ptr_const;
        -:  419:#else
        -:  420:      typedef typename _Alloc_traits::pointer		_Ptr;
        -:  421:      typedef typename _Alloc_traits::const_pointer	_Ptr_const;
        -:  422:#endif
        -:  423:
        -:  424:      typedef typename _Alloc_traits::template rebind<_Ptr>::other
        -:  425:	_Map_alloc_type;
        -:  426:      typedef __gnu_cxx::__alloc_traits<_Map_alloc_type> _Map_alloc_traits;
        -:  427:
        -:  428:      typedef _Alloc		  allocator_type;
        -:  429:
        -:  430:      allocator_type
        -:  431:      get_allocator() const _GLIBCXX_NOEXCEPT
        -:  432:      { return allocator_type(_M_get_Tp_allocator()); }
        -:  433:
        -:  434:      typedef _Deque_iterator<_Tp, _Tp&, _Ptr>	  iterator;
        -:  435:      typedef _Deque_iterator<_Tp, const _Tp&, _Ptr_const>   const_iterator;
        -:  436:
    #####:  437:      _Deque_base()
    #####:  438:      : _M_impl()
    #####:  439:      { _M_initialize_map(0); }
------------------
_ZNSt11_Deque_baseIlSaIlEEC2Ev:
function _ZNSt11_Deque_baseIlSaIlEEC2Ev called 0 returned 0% blocks executed 0%
    #####:  437:      _Deque_base()
    #####:  438:      : _M_impl()
call    0 never executed
    #####:  439:      { _M_initialize_map(0); }
call    0 never executed
branch  1 never executed
branch  2 never executed
call    3 never executed
------------------
_ZNSt11_Deque_baseINSt8__detail9_StateSeqINSt7__cxx1112regex_traitsIcEEEESaIS5_EEC2Ev:
function _ZNSt11_Deque_baseINSt8__detail9_StateSeqINSt7__cxx1112regex_traitsIcEEEESaIS5_EEC2Ev called 0 returned 0% blocks executed 0%
    #####:  437:      _Deque_base()
    #####:  438:      : _M_impl()
call    0 never executed
    #####:  439:      { _M_initialize_map(0); }
call    0 never executed
branch  1 never executed
branch  2 never executed
call    3 never executed
------------------
_ZNSt11_Deque_baseIcSaIcEEC2Ev:
function _ZNSt11_Deque_baseIcSaIcEEC2Ev called 0 returned 0% blocks executed 0%
    #####:  437:      _Deque_base()
    #####:  438:      : _M_impl()
call    0 never executed
    #####:  439:      { _M_initialize_map(0); }
call    0 never executed
branch  1 never executed
branch  2 never executed
call    3 never executed
------------------
        -:  440:
        -:  441:      _Deque_base(size_t __num_elements)
        -:  442:      : _M_impl()
        -:  443:      { _M_initialize_map(__num_elements); }
        -:  444:
        -:  445:      _Deque_base(const allocator_type& __a, size_t __num_elements)
        -:  446:      : _M_impl(__a)
        -:  447:      { _M_initialize_map(__num_elements); }
        -:  448:
        -:  449:      _Deque_base(const allocator_type& __a)
        -:  450:      : _M_impl(__a)
        -:  451:      { /* Caller must initialize map. */ }
        -:  452:
        -:  453:#if __cplusplus >= 201103L
        -:  454:      _Deque_base(_Deque_base&& __x)
        -:  455:      : _M_impl(std::move(__x._M_get_Tp_allocator()))
        -:  456:      {
        -:  457:	_M_initialize_map(0);
        -:  458:	if (__x._M_impl._M_map)
        -:  459:	  this->_M_impl._M_swap_data(__x._M_impl);
        -:  460:      }
        -:  461:
        -:  462:      _Deque_base(_Deque_base&& __x, const allocator_type& __a)
        -:  463:      : _M_impl(std::move(__x._M_impl), _Tp_alloc_type(__a))
        -:  464:      { __x._M_initialize_map(0); }
        -:  465:
        -:  466:      _Deque_base(_Deque_base&& __x, const allocator_type& __a, size_t __n)
        -:  467:      : _M_impl(__a)
        -:  468:      {
        -:  469:	if (__x.get_allocator() == __a)
        -:  470:	  {
        -:  471:	    if (__x._M_impl._M_map)
        -:  472:	      {
        -:  473:		_M_initialize_map(0);
        -:  474:		this->_M_impl._M_swap_data(__x._M_impl);
        -:  475:	      }
        -:  476:	  }
        -:  477:	else
        -:  478:	  {
        -:  479:	    _M_initialize_map(__n);
        -:  480:	  }
        -:  481:      }
        -:  482:#endif
        -:  483:
        -:  484:      ~_Deque_base() _GLIBCXX_NOEXCEPT;
        -:  485:
        -:  486:      typedef typename iterator::_Map_pointer _Map_pointer;
        -:  487:
        -:  488:      struct _Deque_impl_data
        -:  489:      {
        -:  490:	_Map_pointer _M_map;
        -:  491:	size_t _M_map_size;
        -:  492:	iterator _M_start;
        -:  493:	iterator _M_finish;
        -:  494:
    #####:  495:	_Deque_impl_data() _GLIBCXX_NOEXCEPT
    #####:  496:	: _M_map(), _M_map_size(), _M_start(), _M_finish()
    #####:  497:	{ }
------------------
_ZNSt11_Deque_baseIlSaIlEE16_Deque_impl_dataC2Ev:
function _ZNSt11_Deque_baseIlSaIlEE16_Deque_impl_dataC2Ev called 0 returned 0% blocks executed 0%
    #####:  495:	_Deque_impl_data() _GLIBCXX_NOEXCEPT
    #####:  496:	: _M_map(), _M_map_size(), _M_start(), _M_finish()
call    0 never executed
call    1 never executed
    #####:  497:	{ }
------------------
_ZNSt11_Deque_baseINSt8__detail9_StateSeqINSt7__cxx1112regex_traitsIcEEEESaIS5_EE16_Deque_impl_dataC2Ev:
function _ZNSt11_Deque_baseINSt8__detail9_StateSeqINSt7__cxx1112regex_traitsIcEEEESaIS5_EE16_Deque_impl_dataC2Ev called 0 returned 0% blocks executed 0%
    #####:  495:	_Deque_impl_data() _GLIBCXX_NOEXCEPT
    #####:  496:	: _M_map(), _M_map_size(), _M_start(), _M_finish()
call    0 never executed
call    1 never executed
    #####:  497:	{ }
------------------
_ZNSt11_Deque_baseIcSaIcEE16_Deque_impl_dataC2Ev:
function _ZNSt11_Deque_baseIcSaIcEE16_Deque_impl_dataC2Ev called 0 returned 0% blocks executed 0%
    #####:  495:	_Deque_impl_data() _GLIBCXX_NOEXCEPT
    #####:  496:	: _M_map(), _M_map_size(), _M_start(), _M_finish()
call    0 never executed
call    1 never executed
    #####:  497:	{ }
------------------
        -:  498:
        -:  499:#if __cplusplus >= 201103L
        -:  500:	_Deque_impl_data(const _Deque_impl_data&) = default;
        -:  501:	_Deque_impl_data&
        -:  502:	operator=(const _Deque_impl_data&) = default;
        -:  503:
        -:  504:	_Deque_impl_data(_Deque_impl_data&& __x) noexcept
        -:  505:	: _Deque_impl_data(__x)
        -:  506:	{ __x = _Deque_impl_data(); }
        -:  507:#endif
        -:  508:
        -:  509:	void
        -:  510:	_M_swap_data(_Deque_impl_data& __x) _GLIBCXX_NOEXCEPT
        -:  511:	{
        -:  512:	  // Do not use std::swap(_M_start, __x._M_start), etc as it loses
        -:  513:	  // information used by TBAA.
        -:  514:	  std::swap(*this, __x);
        -:  515:	}
        -:  516:      };
        -:  517:
        -:  518:      // This struct encapsulates the implementation of the std::deque
        -:  519:      // standard container and at the same time makes use of the EBO
        -:  520:      // for empty allocators.
        -:  521:      struct _Deque_impl
        -:  522:      : public _Tp_alloc_type, public _Deque_impl_data
        -:  523:      {
    #####:  524:	_Deque_impl() _GLIBCXX_NOEXCEPT_IF(
        -:  525:	  is_nothrow_default_constructible<_Tp_alloc_type>::value)
    #####:  526:	: _Tp_alloc_type()
    #####:  527:	{ }
------------------
_ZNSt11_Deque_baseIlSaIlEE11_Deque_implC2Ev:
function _ZNSt11_Deque_baseIlSaIlEE11_Deque_implC2Ev called 0 returned 0% blocks executed 0%
    #####:  524:	_Deque_impl() _GLIBCXX_NOEXCEPT_IF(
        -:  525:	  is_nothrow_default_constructible<_Tp_alloc_type>::value)
    #####:  526:	: _Tp_alloc_type()
call    0 never executed
call    1 never executed
    #####:  527:	{ }
------------------
_ZNSt11_Deque_baseINSt8__detail9_StateSeqINSt7__cxx1112regex_traitsIcEEEESaIS5_EE11_Deque_implC2Ev:
function _ZNSt11_Deque_baseINSt8__detail9_StateSeqINSt7__cxx1112regex_traitsIcEEEESaIS5_EE11_Deque_implC2Ev called 0 returned 0% blocks executed 0%
    #####:  524:	_Deque_impl() _GLIBCXX_NOEXCEPT_IF(
        -:  525:	  is_nothrow_default_constructible<_Tp_alloc_type>::value)
    #####:  526:	: _Tp_alloc_type()
call    0 never executed
call    1 never executed
    #####:  527:	{ }
------------------
_ZNSt11_Deque_baseIcSaIcEE11_Deque_implC2Ev:
function _ZNSt11_Deque_baseIcSaIcEE11_Deque_implC2Ev called 0 returned 0% blocks executed 0%
    #####:  524:	_Deque_impl() _GLIBCXX_NOEXCEPT_IF(
        -:  525:	  is_nothrow_default_constructible<_Tp_alloc_type>::value)
    #####:  526:	: _Tp_alloc_type()
call    0 never executed
call    1 never executed
    #####:  527:	{ }
------------------
        -:  528:
        -:  529:	_Deque_impl(const _Tp_alloc_type& __a) _GLIBCXX_NOEXCEPT
        -:  530:	: _Tp_alloc_type(__a)
        -:  531:	{ }
        -:  532:
        -:  533:#if __cplusplus >= 201103L
        -:  534:	_Deque_impl(_Deque_impl&&) = default;
        -:  535:
        -:  536:	_Deque_impl(_Tp_alloc_type&& __a) noexcept
        -:  537:	: _Tp_alloc_type(std::move(__a))
        -:  538:	{ }
        -:  539:
        -:  540:	_Deque_impl(_Deque_impl&& __d, _Tp_alloc_type&& __a)
        -:  541:	: _Tp_alloc_type(std::move(__a)), _Deque_impl_data(std::move(__d))
        -:  542:	{ }
        -:  543:#endif
        -:  544:      };
        -:  545:
        -:  546:      _Tp_alloc_type&
    #####:  547:      _M_get_Tp_allocator() _GLIBCXX_NOEXCEPT
    #####:  548:      { return this->_M_impl; }
------------------
_ZNSt11_Deque_baseIlSaIlEE19_M_get_Tp_allocatorEv:
function _ZNSt11_Deque_baseIlSaIlEE19_M_get_Tp_allocatorEv called 0 returned 0% blocks executed 0%
    #####:  547:      _M_get_Tp_allocator() _GLIBCXX_NOEXCEPT
    #####:  548:      { return this->_M_impl; }
------------------
_ZNSt11_Deque_baseINSt8__detail9_StateSeqINSt7__cxx1112regex_traitsIcEEEESaIS5_EE19_M_get_Tp_allocatorEv:
function _ZNSt11_Deque_baseINSt8__detail9_StateSeqINSt7__cxx1112regex_traitsIcEEEESaIS5_EE19_M_get_Tp_allocatorEv called 0 returned 0% blocks executed 0%
    #####:  547:      _M_get_Tp_allocator() _GLIBCXX_NOEXCEPT
    #####:  548:      { return this->_M_impl; }
------------------
_ZNSt11_Deque_baseIcSaIcEE19_M_get_Tp_allocatorEv:
function _ZNSt11_Deque_baseIcSaIcEE19_M_get_Tp_allocatorEv called 0 returned 0% blocks executed 0%
    #####:  547:      _M_get_Tp_allocator() _GLIBCXX_NOEXCEPT
    #####:  548:      { return this->_M_impl; }
------------------
        -:  549:
        -:  550:      const _Tp_alloc_type&
    #####:  551:      _M_get_Tp_allocator() const _GLIBCXX_NOEXCEPT
    #####:  552:      { return this->_M_impl; }
------------------
_ZNKSt11_Deque_baseIlSaIlEE19_M_get_Tp_allocatorEv:
function _ZNKSt11_Deque_baseIlSaIlEE19_M_get_Tp_allocatorEv called 0 returned 0% blocks executed 0%
    #####:  551:      _M_get_Tp_allocator() const _GLIBCXX_NOEXCEPT
    #####:  552:      { return this->_M_impl; }
------------------
_ZNKSt11_Deque_baseINSt8__detail9_StateSeqINSt7__cxx1112regex_traitsIcEEEESaIS5_EE19_M_get_Tp_allocatorEv:
function _ZNKSt11_Deque_baseINSt8__detail9_StateSeqINSt7__cxx1112regex_traitsIcEEEESaIS5_EE19_M_get_Tp_allocatorEv called 0 returned 0% blocks executed 0%
    #####:  551:      _M_get_Tp_allocator() const _GLIBCXX_NOEXCEPT
    #####:  552:      { return this->_M_impl; }
------------------
_ZNKSt11_Deque_baseIcSaIcEE19_M_get_Tp_allocatorEv:
function _ZNKSt11_Deque_baseIcSaIcEE19_M_get_Tp_allocatorEv called 0 returned 0% blocks executed 0%
    #####:  551:      _M_get_Tp_allocator() const _GLIBCXX_NOEXCEPT
    #####:  552:      { return this->_M_impl; }
------------------
        -:  553:
        -:  554:      _Map_alloc_type
    #####:  555:      _M_get_map_allocator() const _GLIBCXX_NOEXCEPT
    #####:  556:      { return _Map_alloc_type(_M_get_Tp_allocator()); }
------------------
_ZNKSt11_Deque_baseIlSaIlEE20_M_get_map_allocatorEv:
function _ZNKSt11_Deque_baseIlSaIlEE20_M_get_map_allocatorEv called 0 returned 0% blocks executed 0%
    #####:  555:      _M_get_map_allocator() const _GLIBCXX_NOEXCEPT
    #####:  556:      { return _Map_alloc_type(_M_get_Tp_allocator()); }
call    0 never executed
call    1 never executed
------------------
_ZNKSt11_Deque_baseINSt8__detail9_StateSeqINSt7__cxx1112regex_traitsIcEEEESaIS5_EE20_M_get_map_allocatorEv:
function _ZNKSt11_Deque_baseINSt8__detail9_StateSeqINSt7__cxx1112regex_traitsIcEEEESaIS5_EE20_M_get_map_allocatorEv called 0 returned 0% blocks executed 0%
    #####:  555:      _M_get_map_allocator() const _GLIBCXX_NOEXCEPT
    #####:  556:      { return _Map_alloc_type(_M_get_Tp_allocator()); }
call    0 never executed
call    1 never executed
------------------
_ZNKSt11_Deque_baseIcSaIcEE20_M_get_map_allocatorEv:
function _ZNKSt11_Deque_baseIcSaIcEE20_M_get_map_allocatorEv called 0 returned 0% blocks executed 0%
    #####:  555:      _M_get_map_allocator() const _GLIBCXX_NOEXCEPT
    #####:  556:      { return _Map_alloc_type(_M_get_Tp_allocator()); }
call    0 never executed
call    1 never executed
------------------
        -:  557:
        -:  558:      _Ptr
    #####:  559:      _M_allocate_node()
        -:  560:      {
        -:  561:	typedef __gnu_cxx::__alloc_traits<_Tp_alloc_type> _Traits;
    #####:  562:	return _Traits::allocate(_M_impl, __deque_buf_size(sizeof(_Tp)));
        -:  563:      }
------------------
_ZNSt11_Deque_baseIlSaIlEE16_M_allocate_nodeEv:
function _ZNSt11_Deque_baseIlSaIlEE16_M_allocate_nodeEv called 0 returned 0% blocks executed 0%
    #####:  559:      _M_allocate_node()
        -:  560:      {
        -:  561:	typedef __gnu_cxx::__alloc_traits<_Tp_alloc_type> _Traits;
    #####:  562:	return _Traits::allocate(_M_impl, __deque_buf_size(sizeof(_Tp)));
call    0 never executed
call    1 never executed
        -:  563:      }
------------------
_ZNSt11_Deque_baseINSt8__detail9_StateSeqINSt7__cxx1112regex_traitsIcEEEESaIS5_EE16_M_allocate_nodeEv:
function _ZNSt11_Deque_baseINSt8__detail9_StateSeqINSt7__cxx1112regex_traitsIcEEEESaIS5_EE16_M_allocate_nodeEv called 0 returned 0% blocks executed 0%
    #####:  559:      _M_allocate_node()
        -:  560:      {
        -:  561:	typedef __gnu_cxx::__alloc_traits<_Tp_alloc_type> _Traits;
    #####:  562:	return _Traits::allocate(_M_impl, __deque_buf_size(sizeof(_Tp)));
call    0 never executed
call    1 never executed
        -:  563:      }
------------------
_ZNSt11_Deque_baseIcSaIcEE16_M_allocate_nodeEv:
function _ZNSt11_Deque_baseIcSaIcEE16_M_allocate_nodeEv called 0 returned 0% blocks executed 0%
    #####:  559:      _M_allocate_node()
        -:  560:      {
        -:  561:	typedef __gnu_cxx::__alloc_traits<_Tp_alloc_type> _Traits;
    #####:  562:	return _Traits::allocate(_M_impl, __deque_buf_size(sizeof(_Tp)));
call    0 never executed
call    1 never executed
        -:  563:      }
------------------
        -:  564:
        -:  565:      void
    #####:  566:      _M_deallocate_node(_Ptr __p) _GLIBCXX_NOEXCEPT
        -:  567:      {
        -:  568:	typedef __gnu_cxx::__alloc_traits<_Tp_alloc_type> _Traits;
    #####:  569:	_Traits::deallocate(_M_impl, __p, __deque_buf_size(sizeof(_Tp)));
    #####:  570:      }
------------------
_ZNSt11_Deque_baseIlSaIlEE18_M_deallocate_nodeEPl:
function _ZNSt11_Deque_baseIlSaIlEE18_M_deallocate_nodeEPl called 0 returned 0% blocks executed 0%
    #####:  566:      _M_deallocate_node(_Ptr __p) _GLIBCXX_NOEXCEPT
        -:  567:      {
        -:  568:	typedef __gnu_cxx::__alloc_traits<_Tp_alloc_type> _Traits;
    #####:  569:	_Traits::deallocate(_M_impl, __p, __deque_buf_size(sizeof(_Tp)));
call    0 never executed
call    1 never executed
    #####:  570:      }
------------------
_ZNSt11_Deque_baseINSt8__detail9_StateSeqINSt7__cxx1112regex_traitsIcEEEESaIS5_EE18_M_deallocate_nodeEPS5_:
function _ZNSt11_Deque_baseINSt8__detail9_StateSeqINSt7__cxx1112regex_traitsIcEEEESaIS5_EE18_M_deallocate_nodeEPS5_ called 0 returned 0% blocks executed 0%
    #####:  566:      _M_deallocate_node(_Ptr __p) _GLIBCXX_NOEXCEPT
        -:  567:      {
        -:  568:	typedef __gnu_cxx::__alloc_traits<_Tp_alloc_type> _Traits;
    #####:  569:	_Traits::deallocate(_M_impl, __p, __deque_buf_size(sizeof(_Tp)));
call    0 never executed
call    1 never executed
    #####:  570:      }
------------------
_ZNSt11_Deque_baseIcSaIcEE18_M_deallocate_nodeEPc:
function _ZNSt11_Deque_baseIcSaIcEE18_M_deallocate_nodeEPc called 0 returned 0% blocks executed 0%
    #####:  566:      _M_deallocate_node(_Ptr __p) _GLIBCXX_NOEXCEPT
        -:  567:      {
        -:  568:	typedef __gnu_cxx::__alloc_traits<_Tp_alloc_type> _Traits;
    #####:  569:	_Traits::deallocate(_M_impl, __p, __deque_buf_size(sizeof(_Tp)));
call    0 never executed
call    1 never executed
    #####:  570:      }
------------------
        -:  571:
        -:  572:      _Map_pointer
    #####:  573:      _M_allocate_map(size_t __n)
        -:  574:      {
    #####:  575:	_Map_alloc_type __map_alloc = _M_get_map_allocator();
    #####:  576:	return _Map_alloc_traits::allocate(__map_alloc, __n);
    #####:  577:      }
------------------
_ZNSt11_Deque_baseIlSaIlEE15_M_allocate_mapEm:
function _ZNSt11_Deque_baseIlSaIlEE15_M_allocate_mapEm called 0 returned 0% blocks executed 0%
    #####:  573:      _M_allocate_map(size_t __n)
        -:  574:      {
    #####:  575:	_Map_alloc_type __map_alloc = _M_get_map_allocator();
call    0 never executed
    #####:  576:	return _Map_alloc_traits::allocate(__map_alloc, __n);
call    0 never executed
branch  1 never executed
branch  2 never executed
    #####:  577:      }
call    0 never executed
call    1 never executed
------------------
_ZNSt11_Deque_baseINSt8__detail9_StateSeqINSt7__cxx1112regex_traitsIcEEEESaIS5_EE15_M_allocate_mapEm:
function _ZNSt11_Deque_baseINSt8__detail9_StateSeqINSt7__cxx1112regex_traitsIcEEEESaIS5_EE15_M_allocate_mapEm called 0 returned 0% blocks executed 0%
    #####:  573:      _M_allocate_map(size_t __n)
        -:  574:      {
    #####:  575:	_Map_alloc_type __map_alloc = _M_get_map_allocator();
call    0 never executed
    #####:  576:	return _Map_alloc_traits::allocate(__map_alloc, __n);
call    0 never executed
branch  1 never executed
branch  2 never executed
    #####:  577:      }
call    0 never executed
call    1 never executed
------------------
_ZNSt11_Deque_baseIcSaIcEE15_M_allocate_mapEm:
function _ZNSt11_Deque_baseIcSaIcEE15_M_allocate_mapEm called 0 returned 0% blocks executed 0%
    #####:  573:      _M_allocate_map(size_t __n)
        -:  574:      {
    #####:  575:	_Map_alloc_type __map_alloc = _M_get_map_allocator();
call    0 never executed
    #####:  576:	return _Map_alloc_traits::allocate(__map_alloc, __n);
call    0 never executed
branch  1 never executed
branch  2 never executed
    #####:  577:      }
call    0 never executed
call    1 never executed
------------------
        -:  578:
        -:  579:      void
    #####:  580:      _M_deallocate_map(_Map_pointer __p, size_t __n) _GLIBCXX_NOEXCEPT
        -:  581:      {
    #####:  582:	_Map_alloc_type __map_alloc = _M_get_map_allocator();
    #####:  583:	_Map_alloc_traits::deallocate(__map_alloc, __p, __n);
    #####:  584:      }
------------------
_ZNSt11_Deque_baseIlSaIlEE17_M_deallocate_mapEPPlm:
function _ZNSt11_Deque_baseIlSaIlEE17_M_deallocate_mapEPPlm called 0 returned 0% blocks executed 0%
    #####:  580:      _M_deallocate_map(_Map_pointer __p, size_t __n) _GLIBCXX_NOEXCEPT
        -:  581:      {
    #####:  582:	_Map_alloc_type __map_alloc = _M_get_map_allocator();
call    0 never executed
    #####:  583:	_Map_alloc_traits::deallocate(__map_alloc, __p, __n);
call    0 never executed
    #####:  584:      }
call    0 never executed
------------------
_ZNSt11_Deque_baseINSt8__detail9_StateSeqINSt7__cxx1112regex_traitsIcEEEESaIS5_EE17_M_deallocate_mapEPPS5_m:
function _ZNSt11_Deque_baseINSt8__detail9_StateSeqINSt7__cxx1112regex_traitsIcEEEESaIS5_EE17_M_deallocate_mapEPPS5_m called 0 returned 0% blocks executed 0%
    #####:  580:      _M_deallocate_map(_Map_pointer __p, size_t __n) _GLIBCXX_NOEXCEPT
        -:  581:      {
    #####:  582:	_Map_alloc_type __map_alloc = _M_get_map_allocator();
call    0 never executed
    #####:  583:	_Map_alloc_traits::deallocate(__map_alloc, __p, __n);
call    0 never executed
    #####:  584:      }
call    0 never executed
------------------
_ZNSt11_Deque_baseIcSaIcEE17_M_deallocate_mapEPPcm:
function _ZNSt11_Deque_baseIcSaIcEE17_M_deallocate_mapEPPcm called 0 returned 0% blocks executed 0%
    #####:  580:      _M_deallocate_map(_Map_pointer __p, size_t __n) _GLIBCXX_NOEXCEPT
        -:  581:      {
    #####:  582:	_Map_alloc_type __map_alloc = _M_get_map_allocator();
call    0 never executed
    #####:  583:	_Map_alloc_traits::deallocate(__map_alloc, __p, __n);
call    0 never executed
    #####:  584:      }
call    0 never executed
------------------
        -:  585:
        -:  586:      void _M_initialize_map(size_t);
        -:  587:      void _M_create_nodes(_Map_pointer __nstart, _Map_pointer __nfinish);
        -:  588:      void _M_destroy_nodes(_Map_pointer __nstart,
        -:  589:			    _Map_pointer __nfinish) _GLIBCXX_NOEXCEPT;
        -:  590:      enum { _S_initial_map_size = 8 };
        -:  591:
        -:  592:      _Deque_impl _M_impl;
        -:  593:    };
        -:  594:
        -:  595:  template<typename _Tp, typename _Alloc>
    #####:  596:    _Deque_base<_Tp, _Alloc>::
        -:  597:    ~_Deque_base() _GLIBCXX_NOEXCEPT
        -:  598:    {
    #####:  599:      if (this->_M_impl._M_map)
        -:  600:	{
    #####:  601:	  _M_destroy_nodes(this->_M_impl._M_start._M_node,
    #####:  602:			   this->_M_impl._M_finish._M_node + 1);
    #####:  603:	  _M_deallocate_map(this->_M_impl._M_map, this->_M_impl._M_map_size);
        -:  604:	}
    #####:  605:    }
------------------
_ZNSt11_Deque_baseIlSaIlEED2Ev:
function _ZNSt11_Deque_baseIlSaIlEED2Ev called 0 returned 0% blocks executed 0%
    #####:  596:    _Deque_base<_Tp, _Alloc>::
        -:  597:    ~_Deque_base() _GLIBCXX_NOEXCEPT
        -:  598:    {
    #####:  599:      if (this->_M_impl._M_map)
branch  0 never executed
branch  1 never executed
        -:  600:	{
    #####:  601:	  _M_destroy_nodes(this->_M_impl._M_start._M_node,
    #####:  602:			   this->_M_impl._M_finish._M_node + 1);
call    0 never executed
    #####:  603:	  _M_deallocate_map(this->_M_impl._M_map, this->_M_impl._M_map_size);
call    0 never executed
        -:  604:	}
    #####:  605:    }
call    0 never executed
------------------
_ZNSt11_Deque_baseINSt8__detail9_StateSeqINSt7__cxx1112regex_traitsIcEEEESaIS5_EED2Ev:
function _ZNSt11_Deque_baseINSt8__detail9_StateSeqINSt7__cxx1112regex_traitsIcEEEESaIS5_EED2Ev called 0 returned 0% blocks executed 0%
    #####:  596:    _Deque_base<_Tp, _Alloc>::
        -:  597:    ~_Deque_base() _GLIBCXX_NOEXCEPT
        -:  598:    {
    #####:  599:      if (this->_M_impl._M_map)
branch  0 never executed
branch  1 never executed
        -:  600:	{
    #####:  601:	  _M_destroy_nodes(this->_M_impl._M_start._M_node,
    #####:  602:			   this->_M_impl._M_finish._M_node + 1);
call    0 never executed
    #####:  603:	  _M_deallocate_map(this->_M_impl._M_map, this->_M_impl._M_map_size);
call    0 never executed
        -:  604:	}
    #####:  605:    }
call    0 never executed
------------------
_ZNSt11_Deque_baseIcSaIcEED2Ev:
function _ZNSt11_Deque_baseIcSaIcEED2Ev called 0 returned 0% blocks executed 0%
    #####:  596:    _Deque_base<_Tp, _Alloc>::
        -:  597:    ~_Deque_base() _GLIBCXX_NOEXCEPT
        -:  598:    {
    #####:  599:      if (this->_M_impl._M_map)
branch  0 never executed
branch  1 never executed
        -:  600:	{
    #####:  601:	  _M_destroy_nodes(this->_M_impl._M_start._M_node,
    #####:  602:			   this->_M_impl._M_finish._M_node + 1);
call    0 never executed
    #####:  603:	  _M_deallocate_map(this->_M_impl._M_map, this->_M_impl._M_map_size);
call    0 never executed
        -:  604:	}
    #####:  605:    }
call    0 never executed
------------------
        -:  606:
        -:  607:  /**
        -:  608:   *  @brief Layout storage.
        -:  609:   *  @param  __num_elements  The count of T's for which to allocate space
        -:  610:   *                          at first.
        -:  611:   *  @return   Nothing.
        -:  612:   *
        -:  613:   *  The initial underlying memory layout is a bit complicated...
        -:  614:  */
        -:  615:  template<typename _Tp, typename _Alloc>
        -:  616:    void
    #####:  617:    _Deque_base<_Tp, _Alloc>::
        -:  618:    _M_initialize_map(size_t __num_elements)
        -:  619:    {
    #####:  620:      const size_t __num_nodes = (__num_elements / __deque_buf_size(sizeof(_Tp))
        -:  621:				  + 1);
        -:  622:
    #####:  623:      this->_M_impl._M_map_size = std::max((size_t) _S_initial_map_size,
    #####:  624:					   size_t(__num_nodes + 2));
    #####:  625:      this->_M_impl._M_map = _M_allocate_map(this->_M_impl._M_map_size);
        -:  626:
        -:  627:      // For "small" maps (needing less than _M_map_size nodes), allocation
        -:  628:      // starts in the middle elements and grows outwards.  So nstart may be
        -:  629:      // the beginning of _M_map, but for small maps it may be as far in as
        -:  630:      // _M_map+3.
        -:  631:
    #####:  632:      _Map_pointer __nstart = (this->_M_impl._M_map
    #####:  633:			       + (this->_M_impl._M_map_size - __num_nodes) / 2);
    #####:  634:      _Map_pointer __nfinish = __nstart + __num_nodes;
        -:  635:
        -:  636:      __try
    #####:  637:	{ _M_create_nodes(__nstart, __nfinish); }
    =====:  638:      __catch(...)
        -:  639:	{
    =====:  640:	  _M_deallocate_map(this->_M_impl._M_map, this->_M_impl._M_map_size);
    =====:  641:	  this->_M_impl._M_map = _Map_pointer();
    =====:  642:	  this->_M_impl._M_map_size = 0;
    =====:  643:	  __throw_exception_again;
        -:  644:	}
        -:  645:
    #####:  646:      this->_M_impl._M_start._M_set_node(__nstart);
    #####:  647:      this->_M_impl._M_finish._M_set_node(__nfinish - 1);
    #####:  648:      this->_M_impl._M_start._M_cur = _M_impl._M_start._M_first;
    #####:  649:      this->_M_impl._M_finish._M_cur = (this->_M_impl._M_finish._M_first
    #####:  650:					+ __num_elements
    #####:  651:					% __deque_buf_size(sizeof(_Tp)));
    #####:  652:    }
------------------
_ZNSt11_Deque_baseIlSaIlEE17_M_initialize_mapEm:
function _ZNSt11_Deque_baseIlSaIlEE17_M_initialize_mapEm called 0 returned 0% blocks executed 0%
    #####:  617:    _Deque_base<_Tp, _Alloc>::
        -:  618:    _M_initialize_map(size_t __num_elements)
        -:  619:    {
    #####:  620:      const size_t __num_nodes = (__num_elements / __deque_buf_size(sizeof(_Tp))
call    0 never executed
        -:  621:				  + 1);
        -:  622:
    #####:  623:      this->_M_impl._M_map_size = std::max((size_t) _S_initial_map_size,
    #####:  624:					   size_t(__num_nodes + 2));
call    0 never executed
    #####:  625:      this->_M_impl._M_map = _M_allocate_map(this->_M_impl._M_map_size);
call    0 never executed
        -:  626:
        -:  627:      // For "small" maps (needing less than _M_map_size nodes), allocation
        -:  628:      // starts in the middle elements and grows outwards.  So nstart may be
        -:  629:      // the beginning of _M_map, but for small maps it may be as far in as
        -:  630:      // _M_map+3.
        -:  631:
    #####:  632:      _Map_pointer __nstart = (this->_M_impl._M_map
    #####:  633:			       + (this->_M_impl._M_map_size - __num_nodes) / 2);
    #####:  634:      _Map_pointer __nfinish = __nstart + __num_nodes;
        -:  635:
        -:  636:      __try
    #####:  637:	{ _M_create_nodes(__nstart, __nfinish); }
call    0 never executed
branch  1 never executed
branch  2 never executed
    =====:  638:      __catch(...)
call    0 never executed
call    1 never executed
        -:  639:	{
    =====:  640:	  _M_deallocate_map(this->_M_impl._M_map, this->_M_impl._M_map_size);
call    0 never executed
    =====:  641:	  this->_M_impl._M_map = _Map_pointer();
    =====:  642:	  this->_M_impl._M_map_size = 0;
    =====:  643:	  __throw_exception_again;
call    0 never executed
        -:  644:	}
        -:  645:
    #####:  646:      this->_M_impl._M_start._M_set_node(__nstart);
call    0 never executed
    #####:  647:      this->_M_impl._M_finish._M_set_node(__nfinish - 1);
call    0 never executed
    #####:  648:      this->_M_impl._M_start._M_cur = _M_impl._M_start._M_first;
    #####:  649:      this->_M_impl._M_finish._M_cur = (this->_M_impl._M_finish._M_first
    #####:  650:					+ __num_elements
    #####:  651:					% __deque_buf_size(sizeof(_Tp)));
call    0 never executed
    #####:  652:    }
------------------
_ZNSt11_Deque_baseINSt8__detail9_StateSeqINSt7__cxx1112regex_traitsIcEEEESaIS5_EE17_M_initialize_mapEm:
function _ZNSt11_Deque_baseINSt8__detail9_StateSeqINSt7__cxx1112regex_traitsIcEEEESaIS5_EE17_M_initialize_mapEm called 0 returned 0% blocks executed 0%
    #####:  617:    _Deque_base<_Tp, _Alloc>::
        -:  618:    _M_initialize_map(size_t __num_elements)
        -:  619:    {
    #####:  620:      const size_t __num_nodes = (__num_elements / __deque_buf_size(sizeof(_Tp))
call    0 never executed
        -:  621:				  + 1);
        -:  622:
    #####:  623:      this->_M_impl._M_map_size = std::max((size_t) _S_initial_map_size,
    #####:  624:					   size_t(__num_nodes + 2));
call    0 never executed
    #####:  625:      this->_M_impl._M_map = _M_allocate_map(this->_M_impl._M_map_size);
call    0 never executed
        -:  626:
        -:  627:      // For "small" maps (needing less than _M_map_size nodes), allocation
        -:  628:      // starts in the middle elements and grows outwards.  So nstart may be
        -:  629:      // the beginning of _M_map, but for small maps it may be as far in as
        -:  630:      // _M_map+3.
        -:  631:
    #####:  632:      _Map_pointer __nstart = (this->_M_impl._M_map
    #####:  633:			       + (this->_M_impl._M_map_size - __num_nodes) / 2);
    #####:  634:      _Map_pointer __nfinish = __nstart + __num_nodes;
        -:  635:
        -:  636:      __try
    #####:  637:	{ _M_create_nodes(__nstart, __nfinish); }
call    0 never executed
branch  1 never executed
branch  2 never executed
    =====:  638:      __catch(...)
call    0 never executed
call    1 never executed
        -:  639:	{
    =====:  640:	  _M_deallocate_map(this->_M_impl._M_map, this->_M_impl._M_map_size);
call    0 never executed
    =====:  641:	  this->_M_impl._M_map = _Map_pointer();
    =====:  642:	  this->_M_impl._M_map_size = 0;
    =====:  643:	  __throw_exception_again;
call    0 never executed
        -:  644:	}
        -:  645:
    #####:  646:      this->_M_impl._M_start._M_set_node(__nstart);
call    0 never executed
    #####:  647:      this->_M_impl._M_finish._M_set_node(__nfinish - 1);
call    0 never executed
    #####:  648:      this->_M_impl._M_start._M_cur = _M_impl._M_start._M_first;
    #####:  649:      this->_M_impl._M_finish._M_cur = (this->_M_impl._M_finish._M_first
    #####:  650:					+ __num_elements
    #####:  651:					% __deque_buf_size(sizeof(_Tp)));
call    0 never executed
    #####:  652:    }
------------------
_ZNSt11_Deque_baseIcSaIcEE17_M_initialize_mapEm:
function _ZNSt11_Deque_baseIcSaIcEE17_M_initialize_mapEm called 0 returned 0% blocks executed 0%
    #####:  617:    _Deque_base<_Tp, _Alloc>::
        -:  618:    _M_initialize_map(size_t __num_elements)
        -:  619:    {
    #####:  620:      const size_t __num_nodes = (__num_elements / __deque_buf_size(sizeof(_Tp))
call    0 never executed
        -:  621:				  + 1);
        -:  622:
    #####:  623:      this->_M_impl._M_map_size = std::max((size_t) _S_initial_map_size,
    #####:  624:					   size_t(__num_nodes + 2));
call    0 never executed
    #####:  625:      this->_M_impl._M_map = _M_allocate_map(this->_M_impl._M_map_size);
call    0 never executed
        -:  626:
        -:  627:      // For "small" maps (needing less than _M_map_size nodes), allocation
        -:  628:      // starts in the middle elements and grows outwards.  So nstart may be
        -:  629:      // the beginning of _M_map, but for small maps it may be as far in as
        -:  630:      // _M_map+3.
        -:  631:
    #####:  632:      _Map_pointer __nstart = (this->_M_impl._M_map
    #####:  633:			       + (this->_M_impl._M_map_size - __num_nodes) / 2);
    #####:  634:      _Map_pointer __nfinish = __nstart + __num_nodes;
        -:  635:
        -:  636:      __try
    #####:  637:	{ _M_create_nodes(__nstart, __nfinish); }
call    0 never executed
branch  1 never executed
branch  2 never executed
    =====:  638:      __catch(...)
call    0 never executed
call    1 never executed
        -:  639:	{
    =====:  640:	  _M_deallocate_map(this->_M_impl._M_map, this->_M_impl._M_map_size);
call    0 never executed
    =====:  641:	  this->_M_impl._M_map = _Map_pointer();
    =====:  642:	  this->_M_impl._M_map_size = 0;
    =====:  643:	  __throw_exception_again;
call    0 never executed
        -:  644:	}
        -:  645:
    #####:  646:      this->_M_impl._M_start._M_set_node(__nstart);
call    0 never executed
    #####:  647:      this->_M_impl._M_finish._M_set_node(__nfinish - 1);
call    0 never executed
    #####:  648:      this->_M_impl._M_start._M_cur = _M_impl._M_start._M_first;
    #####:  649:      this->_M_impl._M_finish._M_cur = (this->_M_impl._M_finish._M_first
    #####:  650:					+ __num_elements
    #####:  651:					% __deque_buf_size(sizeof(_Tp)));
call    0 never executed
    #####:  652:    }
------------------
        -:  653:
        -:  654:  template<typename _Tp, typename _Alloc>
        -:  655:    void
    #####:  656:    _Deque_base<_Tp, _Alloc>::
        -:  657:    _M_create_nodes(_Map_pointer __nstart, _Map_pointer __nfinish)
        -:  658:    {
        -:  659:      _Map_pointer __cur;
        -:  660:      __try
        -:  661:	{
    #####:  662:	  for (__cur = __nstart; __cur < __nfinish; ++__cur)
    #####:  663:	    *__cur = this->_M_allocate_node();
        -:  664:	}
    =====:  665:      __catch(...)
        -:  666:	{
    =====:  667:	  _M_destroy_nodes(__nstart, __cur);
    =====:  668:	  __throw_exception_again;
        -:  669:	}
    #####:  670:    }
------------------
_ZNSt11_Deque_baseIlSaIlEE15_M_create_nodesEPPlS3_:
function _ZNSt11_Deque_baseIlSaIlEE15_M_create_nodesEPPlS3_ called 0 returned 0% blocks executed 0%
    #####:  656:    _Deque_base<_Tp, _Alloc>::
        -:  657:    _M_create_nodes(_Map_pointer __nstart, _Map_pointer __nfinish)
        -:  658:    {
        -:  659:      _Map_pointer __cur;
        -:  660:      __try
        -:  661:	{
    #####:  662:	  for (__cur = __nstart; __cur < __nfinish; ++__cur)
branch  0 never executed
branch  1 never executed
    #####:  663:	    *__cur = this->_M_allocate_node();
call    0 never executed
branch  1 never executed
branch  2 never executed
        -:  664:	}
    =====:  665:      __catch(...)
call    0 never executed
call    1 never executed
        -:  666:	{
    =====:  667:	  _M_destroy_nodes(__nstart, __cur);
call    0 never executed
    =====:  668:	  __throw_exception_again;
call    0 never executed
        -:  669:	}
    #####:  670:    }
------------------
_ZNSt11_Deque_baseINSt8__detail9_StateSeqINSt7__cxx1112regex_traitsIcEEEESaIS5_EE15_M_create_nodesEPPS5_S9_:
function _ZNSt11_Deque_baseINSt8__detail9_StateSeqINSt7__cxx1112regex_traitsIcEEEESaIS5_EE15_M_create_nodesEPPS5_S9_ called 0 returned 0% blocks executed 0%
    #####:  656:    _Deque_base<_Tp, _Alloc>::
        -:  657:    _M_create_nodes(_Map_pointer __nstart, _Map_pointer __nfinish)
        -:  658:    {
        -:  659:      _Map_pointer __cur;
        -:  660:      __try
        -:  661:	{
    #####:  662:	  for (__cur = __nstart; __cur < __nfinish; ++__cur)
branch  0 never executed
branch  1 never executed
    #####:  663:	    *__cur = this->_M_allocate_node();
call    0 never executed
branch  1 never executed
branch  2 never executed
        -:  664:	}
    =====:  665:      __catch(...)
call    0 never executed
call    1 never executed
        -:  666:	{
    =====:  667:	  _M_destroy_nodes(__nstart, __cur);
call    0 never executed
    =====:  668:	  __throw_exception_again;
call    0 never executed
        -:  669:	}
    #####:  670:    }
------------------
_ZNSt11_Deque_baseIcSaIcEE15_M_create_nodesEPPcS3_:
function _ZNSt11_Deque_baseIcSaIcEE15_M_create_nodesEPPcS3_ called 0 returned 0% blocks executed 0%
    #####:  656:    _Deque_base<_Tp, _Alloc>::
        -:  657:    _M_create_nodes(_Map_pointer __nstart, _Map_pointer __nfinish)
        -:  658:    {
        -:  659:      _Map_pointer __cur;
        -:  660:      __try
        -:  661:	{
    #####:  662:	  for (__cur = __nstart; __cur < __nfinish; ++__cur)
branch  0 never executed
branch  1 never executed
    #####:  663:	    *__cur = this->_M_allocate_node();
call    0 never executed
branch  1 never executed
branch  2 never executed
        -:  664:	}
    =====:  665:      __catch(...)
call    0 never executed
call    1 never executed
        -:  666:	{
    =====:  667:	  _M_destroy_nodes(__nstart, __cur);
call    0 never executed
    =====:  668:	  __throw_exception_again;
call    0 never executed
        -:  669:	}
    #####:  670:    }
------------------
        -:  671:
        -:  672:  template<typename _Tp, typename _Alloc>
        -:  673:    void
    #####:  674:    _Deque_base<_Tp, _Alloc>::
        -:  675:    _M_destroy_nodes(_Map_pointer __nstart,
        -:  676:		     _Map_pointer __nfinish) _GLIBCXX_NOEXCEPT
        -:  677:    {
    #####:  678:      for (_Map_pointer __n = __nstart; __n < __nfinish; ++__n)
    #####:  679:	_M_deallocate_node(*__n);
    #####:  680:    }
------------------
_ZNSt11_Deque_baseIlSaIlEE16_M_destroy_nodesEPPlS3_:
function _ZNSt11_Deque_baseIlSaIlEE16_M_destroy_nodesEPPlS3_ called 0 returned 0% blocks executed 0%
    #####:  674:    _Deque_base<_Tp, _Alloc>::
        -:  675:    _M_destroy_nodes(_Map_pointer __nstart,
        -:  676:		     _Map_pointer __nfinish) _GLIBCXX_NOEXCEPT
        -:  677:    {
    #####:  678:      for (_Map_pointer __n = __nstart; __n < __nfinish; ++__n)
branch  0 never executed
branch  1 never executed
    #####:  679:	_M_deallocate_node(*__n);
call    0 never executed
    #####:  680:    }
------------------
_ZNSt11_Deque_baseINSt8__detail9_StateSeqINSt7__cxx1112regex_traitsIcEEEESaIS5_EE16_M_destroy_nodesEPPS5_S9_:
function _ZNSt11_Deque_baseINSt8__detail9_StateSeqINSt7__cxx1112regex_traitsIcEEEESaIS5_EE16_M_destroy_nodesEPPS5_S9_ called 0 returned 0% blocks executed 0%
    #####:  674:    _Deque_base<_Tp, _Alloc>::
        -:  675:    _M_destroy_nodes(_Map_pointer __nstart,
        -:  676:		     _Map_pointer __nfinish) _GLIBCXX_NOEXCEPT
        -:  677:    {
    #####:  678:      for (_Map_pointer __n = __nstart; __n < __nfinish; ++__n)
branch  0 never executed
branch  1 never executed
    #####:  679:	_M_deallocate_node(*__n);
call    0 never executed
    #####:  680:    }
------------------
_ZNSt11_Deque_baseIcSaIcEE16_M_destroy_nodesEPPcS3_:
function _ZNSt11_Deque_baseIcSaIcEE16_M_destroy_nodesEPPcS3_ called 0 returned 0% blocks executed 0%
    #####:  674:    _Deque_base<_Tp, _Alloc>::
        -:  675:    _M_destroy_nodes(_Map_pointer __nstart,
        -:  676:		     _Map_pointer __nfinish) _GLIBCXX_NOEXCEPT
        -:  677:    {
    #####:  678:      for (_Map_pointer __n = __nstart; __n < __nfinish; ++__n)
branch  0 never executed
branch  1 never executed
    #####:  679:	_M_deallocate_node(*__n);
call    0 never executed
    #####:  680:    }
------------------
        -:  681:
        -:  682:  /**
        -:  683:   *  @brief  A standard container using fixed-size memory allocation and
        -:  684:   *  constant-time manipulation of elements at either end.
        -:  685:   *
        -:  686:   *  @ingroup sequences
        -:  687:   *
        -:  688:   *  @tparam _Tp  Type of element.
        -:  689:   *  @tparam _Alloc  Allocator type, defaults to allocator<_Tp>.
        -:  690:   *
        -:  691:   *  Meets the requirements of a <a href="tables.html#65">container</a>, a
        -:  692:   *  <a href="tables.html#66">reversible container</a>, and a
        -:  693:   *  <a href="tables.html#67">sequence</a>, including the
        -:  694:   *  <a href="tables.html#68">optional sequence requirements</a>.
        -:  695:   *
        -:  696:   *  In previous HP/SGI versions of deque, there was an extra template
        -:  697:   *  parameter so users could control the node size.  This extension turned
        -:  698:   *  out to violate the C++ standard (it can be detected using template
        -:  699:   *  template parameters), and it was removed.
        -:  700:   *
        -:  701:   *  Here's how a deque<Tp> manages memory.  Each deque has 4 members:
        -:  702:   *
        -:  703:   *  - Tp**        _M_map
        -:  704:   *  - size_t      _M_map_size
        -:  705:   *  - iterator    _M_start, _M_finish
        -:  706:   *
        -:  707:   *  map_size is at least 8.  %map is an array of map_size
        -:  708:   *  pointers-to-@a nodes.  (The name %map has nothing to do with the
        -:  709:   *  std::map class, and @b nodes should not be confused with
        -:  710:   *  std::list's usage of @a node.)
        -:  711:   *
        -:  712:   *  A @a node has no specific type name as such, but it is referred
        -:  713:   *  to as @a node in this file.  It is a simple array-of-Tp.  If Tp
        -:  714:   *  is very large, there will be one Tp element per node (i.e., an
        -:  715:   *  @a array of one).  For non-huge Tp's, node size is inversely
        -:  716:   *  related to Tp size: the larger the Tp, the fewer Tp's will fit
        -:  717:   *  in a node.  The goal here is to keep the total size of a node
        -:  718:   *  relatively small and constant over different Tp's, to improve
        -:  719:   *  allocator efficiency.
        -:  720:   *
        -:  721:   *  Not every pointer in the %map array will point to a node.  If
        -:  722:   *  the initial number of elements in the deque is small, the
        -:  723:   *  /middle/ %map pointers will be valid, and the ones at the edges
        -:  724:   *  will be unused.  This same situation will arise as the %map
        -:  725:   *  grows: available %map pointers, if any, will be on the ends.  As
        -:  726:   *  new nodes are created, only a subset of the %map's pointers need
        -:  727:   *  to be copied @a outward.
        -:  728:   *
        -:  729:   *  Class invariants:
        -:  730:   * - For any nonsingular iterator i:
        -:  731:   *    - i.node points to a member of the %map array.  (Yes, you read that
        -:  732:   *      correctly:  i.node does not actually point to a node.)  The member of
        -:  733:   *      the %map array is what actually points to the node.
        -:  734:   *    - i.first == *(i.node)    (This points to the node (first Tp element).)
        -:  735:   *    - i.last  == i.first + node_size
        -:  736:   *    - i.cur is a pointer in the range [i.first, i.last).  NOTE:
        -:  737:   *      the implication of this is that i.cur is always a dereferenceable
        -:  738:   *      pointer, even if i is a past-the-end iterator.
        -:  739:   * - Start and Finish are always nonsingular iterators.  NOTE: this
        -:  740:   * means that an empty deque must have one node, a deque with <N
        -:  741:   * elements (where N is the node buffer size) must have one node, a
        -:  742:   * deque with N through (2N-1) elements must have two nodes, etc.
        -:  743:   * - For every node other than start.node and finish.node, every
        -:  744:   * element in the node is an initialized object.  If start.node ==
        -:  745:   * finish.node, then [start.cur, finish.cur) are initialized
        -:  746:   * objects, and the elements outside that range are uninitialized
        -:  747:   * storage.  Otherwise, [start.cur, start.last) and [finish.first,
        -:  748:   * finish.cur) are initialized objects, and [start.first, start.cur)
        -:  749:   * and [finish.cur, finish.last) are uninitialized storage.
        -:  750:   * - [%map, %map + map_size) is a valid, non-empty range.
        -:  751:   * - [start.node, finish.node] is a valid range contained within
        -:  752:   *   [%map, %map + map_size).
        -:  753:   * - A pointer in the range [%map, %map + map_size) points to an allocated
        -:  754:   *   node if and only if the pointer is in the range
        -:  755:   *   [start.node, finish.node].
        -:  756:   *
        -:  757:   *  Here's the magic:  nothing in deque is @b aware of the discontiguous
        -:  758:   *  storage!
        -:  759:   *
        -:  760:   *  The memory setup and layout occurs in the parent, _Base, and the iterator
        -:  761:   *  class is entirely responsible for @a leaping from one node to the next.
        -:  762:   *  All the implementation routines for deque itself work only through the
        -:  763:   *  start and finish iterators.  This keeps the routines simple and sane,
        -:  764:   *  and we can use other standard algorithms as well.
        -:  765:  */
        -:  766:  template<typename _Tp, typename _Alloc = std::allocator<_Tp> >
        -:  767:    class deque : protected _Deque_base<_Tp, _Alloc>
        -:  768:    {
        -:  769:#ifdef _GLIBCXX_CONCEPT_CHECKS
        -:  770:      // concept requirements
        -:  771:      typedef typename _Alloc::value_type	_Alloc_value_type;
        -:  772:# if __cplusplus < 201103L
        -:  773:      __glibcxx_class_requires(_Tp, _SGIAssignableConcept)
        -:  774:# endif
        -:  775:      __glibcxx_class_requires2(_Tp, _Alloc_value_type, _SameTypeConcept)
        -:  776:#endif
        -:  777:
        -:  778:#if __cplusplus >= 201103L
        -:  779:      static_assert(is_same<typename remove_cv<_Tp>::type, _Tp>::value,
        -:  780:	  "std::deque must have a non-const, non-volatile value_type");
        -:  781:# if __cplusplus > 201703L || defined __STRICT_ANSI__
        -:  782:      static_assert(is_same<typename _Alloc::value_type, _Tp>::value,
        -:  783:	  "std::deque must have the same value_type as its allocator");
        -:  784:# endif
        -:  785:#endif
        -:  786:
        -:  787:      typedef _Deque_base<_Tp, _Alloc>			_Base;
        -:  788:      typedef typename _Base::_Tp_alloc_type		_Tp_alloc_type;
        -:  789:      typedef typename _Base::_Alloc_traits		_Alloc_traits;
        -:  790:      typedef typename _Base::_Map_pointer		_Map_pointer;
        -:  791:
        -:  792:    public:
        -:  793:      typedef _Tp					value_type;
        -:  794:      typedef typename _Alloc_traits::pointer		pointer;
        -:  795:      typedef typename _Alloc_traits::const_pointer	const_pointer;
        -:  796:      typedef typename _Alloc_traits::reference		reference;
        -:  797:      typedef typename _Alloc_traits::const_reference	const_reference;
        -:  798:      typedef typename _Base::iterator			iterator;
        -:  799:      typedef typename _Base::const_iterator		const_iterator;
        -:  800:      typedef std::reverse_iterator<const_iterator>	const_reverse_iterator;
        -:  801:      typedef std::reverse_iterator<iterator>		reverse_iterator;
        -:  802:      typedef size_t					size_type;
        -:  803:      typedef ptrdiff_t					difference_type;
        -:  804:      typedef _Alloc					allocator_type;
        -:  805:
        -:  806:    private:
        -:  807:      static size_t _S_buffer_size() _GLIBCXX_NOEXCEPT
        -:  808:      { return __deque_buf_size(sizeof(_Tp)); }
        -:  809:
        -:  810:      // Functions controlling memory layout, and nothing else.
        -:  811:      using _Base::_M_initialize_map;
        -:  812:      using _Base::_M_create_nodes;
        -:  813:      using _Base::_M_destroy_nodes;
        -:  814:      using _Base::_M_allocate_node;
        -:  815:      using _Base::_M_deallocate_node;
        -:  816:      using _Base::_M_allocate_map;
        -:  817:      using _Base::_M_deallocate_map;
        -:  818:      using _Base::_M_get_Tp_allocator;
        -:  819:
        -:  820:      /**
        -:  821:       *  A total of four data members accumulated down the hierarchy.
        -:  822:       *  May be accessed via _M_impl.*
        -:  823:       */
        -:  824:      using _Base::_M_impl;
        -:  825:
        -:  826:    public:
        -:  827:      // [23.2.1.1] construct/copy/destroy
        -:  828:      // (assign() and get_allocator() are also listed in this section)
        -:  829:
        -:  830:      /**
        -:  831:       *  @brief  Creates a %deque with no elements.
        -:  832:       */
        -:  833:#if __cplusplus >= 201103L
    #####:  834:      deque() = default;
------------------
_ZNSt5dequeIlSaIlEEC2Ev:
function _ZNSt5dequeIlSaIlEEC2Ev called 0 returned 0% blocks executed 0%
    #####:  834:      deque() = default;
call    0 never executed
------------------
_ZNSt5dequeINSt8__detail9_StateSeqINSt7__cxx1112regex_traitsIcEEEESaIS5_EEC2Ev:
function _ZNSt5dequeINSt8__detail9_StateSeqINSt7__cxx1112regex_traitsIcEEEESaIS5_EEC2Ev called 0 returned 0% blocks executed 0%
    #####:  834:      deque() = default;
call    0 never executed
------------------
_ZNSt5dequeIcSaIcEEC2Ev:
function _ZNSt5dequeIcSaIcEEC2Ev called 0 returned 0% blocks executed 0%
    #####:  834:      deque() = default;
call    0 never executed
------------------
        -:  835:#else
        -:  836:      deque() { }
        -:  837:#endif
        -:  838:
        -:  839:      /**
        -:  840:       *  @brief  Creates a %deque with no elements.
        -:  841:       *  @param  __a  An allocator object.
        -:  842:       */
        -:  843:      explicit
        -:  844:      deque(const allocator_type& __a)
        -:  845:      : _Base(__a, 0) { }
        -:  846:
        -:  847:#if __cplusplus >= 201103L
        -:  848:      /**
        -:  849:       *  @brief  Creates a %deque with default constructed elements.
        -:  850:       *  @param  __n  The number of elements to initially create.
        -:  851:       *  @param  __a  An allocator.
        -:  852:       *
[...]
        -: 1999:      template<typename _ForwardIterator>
        -: 2000:	void
        -: 2001:	_M_range_insert_aux(iterator __pos, _ForwardIterator __first,
        -: 2002:			    _ForwardIterator __last, std::forward_iterator_tag);
        -: 2003:
        -: 2004:      // Called by insert(p,n,x), and the range insert when it turns out to be
        -: 2005:      // the same thing.  Can use fill functions in optimal situations,
        -: 2006:      // otherwise passes off to insert_aux(p,n,x).
        -: 2007:      void
        -: 2008:      _M_fill_insert(iterator __pos, size_type __n, const value_type& __x);
        -: 2009:
        -: 2010:      // called by insert(p,x)
        -: 2011:#if __cplusplus < 201103L
        -: 2012:      iterator
        -: 2013:      _M_insert_aux(iterator __pos, const value_type& __x);
        -: 2014:#else
        -: 2015:      template<typename... _Args>
        -: 2016:	iterator
        -: 2017:	_M_insert_aux(iterator __pos, _Args&&... __args);
        -: 2018:#endif
        -: 2019:
        -: 2020:      // called by insert(p,n,x) via fill_insert
        -: 2021:      void
        -: 2022:      _M_insert_aux(iterator __pos, size_type __n, const value_type& __x);
        -: 2023:
        -: 2024:      // called by range_insert_aux for forward iterators
        -: 2025:      template<typename _ForwardIterator>
        -: 2026:	void
        -: 2027:	_M_insert_aux(iterator __pos,
        -: 2028:		      _ForwardIterator __first, _ForwardIterator __last,
        -: 2029:		      size_type __n);
        -: 2030:
        -: 2031:
        -: 2032:      // Internal erase functions follow.
        -: 2033:
        -: 2034:      void
        -: 2035:      _M_destroy_data_aux(iterator __first, iterator __last);
        -: 2036:
        -: 2037:      // Called by ~deque().
        -: 2038:      // NB: Doesn't deallocate the nodes.
        -: 2039:      template<typename _Alloc1>
        -: 2040:	void
        -: 2041:	_M_destroy_data(iterator __first, iterator __last, const _Alloc1&)
        -: 2042:	{ _M_destroy_data_aux(__first, __last); }
        -: 2043:
        -: 2044:      void
    #####: 2045:      _M_destroy_data(iterator __first, iterator __last,
        -: 2046:		      const std::allocator<_Tp>&)
        -: 2047:      {
        -: 2048:	if (!__has_trivial_destructor(value_type))
        -: 2049:	  _M_destroy_data_aux(__first, __last);
    #####: 2050:      }
------------------
_ZNSt5dequeIlSaIlEE15_M_destroy_dataESt15_Deque_iteratorIlRlPlES5_RKS0_:
function _ZNSt5dequeIlSaIlEE15_M_destroy_dataESt15_Deque_iteratorIlRlPlES5_RKS0_ called 0 returned 0% blocks executed 0%
    #####: 2045:      _M_destroy_data(iterator __first, iterator __last,
        -: 2046:		      const std::allocator<_Tp>&)
        -: 2047:      {
        -: 2048:	if (!__has_trivial_destructor(value_type))
        -: 2049:	  _M_destroy_data_aux(__first, __last);
    #####: 2050:      }
------------------
_ZNSt5dequeINSt8__detail9_StateSeqINSt7__cxx1112regex_traitsIcEEEESaIS5_EE15_M_destroy_dataESt15_Deque_iteratorIS5_RS5_PS5_ESB_RKS6_:
function _ZNSt5dequeINSt8__detail9_StateSeqINSt7__cxx1112regex_traitsIcEEEESaIS5_EE15_M_destroy_dataESt15_Deque_iteratorIS5_RS5_PS5_ESB_RKS6_ called 0 returned 0% blocks executed 0%
    #####: 2045:      _M_destroy_data(iterator __first, iterator __last,
        -: 2046:		      const std::allocator<_Tp>&)
        -: 2047:      {
        -: 2048:	if (!__has_trivial_destructor(value_type))
        -: 2049:	  _M_destroy_data_aux(__first, __last);
    #####: 2050:      }
------------------
_ZNSt5dequeIcSaIcEE15_M_destroy_dataESt15_Deque_iteratorIcRcPcES5_RKS0_:
function _ZNSt5dequeIcSaIcEE15_M_destroy_dataESt15_Deque_iteratorIcRcPcES5_RKS0_ called 0 returned 0% blocks executed 0%
    #####: 2045:      _M_destroy_data(iterator __first, iterator __last,
        -: 2046:		      const std::allocator<_Tp>&)
        -: 2047:      {
        -: 2048:	if (!__has_trivial_destructor(value_type))
        -: 2049:	  _M_destroy_data_aux(__first, __last);
    #####: 2050:      }
------------------
        -: 2051:
        -: 2052:      // Called by erase(q1, q2).
        -: 2053:      void
        -: 2054:      _M_erase_at_begin(iterator __pos)
        -: 2055:      {
        -: 2056:	_M_destroy_data(begin(), __pos, _M_get_Tp_allocator());
        -: 2057:	_M_destroy_nodes(this->_M_impl._M_start._M_node, __pos._M_node);
        -: 2058:	this->_M_impl._M_start = __pos;
        -: 2059:      }
        -: 2060:
        -: 2061:      // Called by erase(q1, q2), resize(), clear(), _M_assign_aux,
        -: 2062:      // _M_fill_assign, operator=.
        -: 2063:      void
        -: 2064:      _M_erase_at_end(iterator __pos)
        -: 2065:      {
        -: 2066:	_M_destroy_data(__pos, end(), _M_get_Tp_allocator());
        -: 2067:	_M_destroy_nodes(__pos._M_node + 1,
        -: 2068:			 this->_M_impl._M_finish._M_node + 1);
        -: 2069:	this->_M_impl._M_finish = __pos;
        -: 2070:      }
        -: 2071:
        -: 2072:      iterator
        -: 2073:      _M_erase(iterator __pos);
        -: 2074:
        -: 2075:      iterator
        -: 2076:      _M_erase(iterator __first, iterator __last);
        -: 2077:
        -: 2078:#if __cplusplus >= 201103L
        -: 2079:      // Called by resize(sz).
        -: 2080:      void
        -: 2081:      _M_default_append(size_type __n);
        -: 2082:
        -: 2083:      bool
        -: 2084:      _M_shrink_to_fit();
        -: 2085:#endif
        -: 2086:
        -: 2087:      ///@{
        -: 2088:      /// Memory-handling helpers for the previous internal insert functions.
        -: 2089:      iterator
        -: 2090:      _M_reserve_elements_at_front(size_type __n)
        -: 2091:      {
        -: 2092:	const size_type __vacancies = this->_M_impl._M_start._M_cur
        -: 2093:				      - this->_M_impl._M_start._M_first;
        -: 2094:	if (__n > __vacancies)
        -: 2095:	  _M_new_elements_at_front(__n - __vacancies);
        -: 2096:	return this->_M_impl._M_start - difference_type(__n);
        -: 2097:      }
        -: 2098:
        -: 2099:      iterator
        -: 2100:      _M_reserve_elements_at_back(size_type __n)
        -: 2101:      {
        -: 2102:	const size_type __vacancies = (this->_M_impl._M_finish._M_last
        -: 2103:				       - this->_M_impl._M_finish._M_cur) - 1;
        -: 2104:	if (__n > __vacancies)
        -: 2105:	  _M_new_elements_at_back(__n - __vacancies);
        -: 2106:	return this->_M_impl._M_finish + difference_type(__n);
        -: 2107:      }
        -: 2108:
        -: 2109:      void
        -: 2110:      _M_new_elements_at_front(size_type __new_elements);
        -: 2111:
        -: 2112:      void
        -: 2113:      _M_new_elements_at_back(size_type __new_elements);
        -: 2114:      ///@}
        -: 2115:
        -: 2116:
        -: 2117:      ///@{
        -: 2118:      /**
        -: 2119:       *  @brief Memory-handling helpers for the major %map.
        -: 2120:       *
        -: 2121:       *  Makes sure the _M_map has space for new nodes.  Does not
        -: 2122:       *  actually add the nodes.  Can invalidate _M_map pointers.
        -: 2123:       *  (And consequently, %deque iterators.)
        -: 2124:       */
        -: 2125:      void
    #####: 2126:      _M_reserve_map_at_back(size_type __nodes_to_add = 1)
        -: 2127:      {
    #####: 2128:	if (__nodes_to_add + 1 > this->_M_impl._M_map_size
    #####: 2129:	    - (this->_M_impl._M_finish._M_node - this->_M_impl._M_map))
    #####: 2130:	  _M_reallocate_map(__nodes_to_add, false);
    #####: 2131:      }
------------------
_ZNSt5dequeIlSaIlEE22_M_reserve_map_at_backEm:
function _ZNSt5dequeIlSaIlEE22_M_reserve_map_at_backEm called 0 returned 0% blocks executed 0%
    #####: 2126:      _M_reserve_map_at_back(size_type __nodes_to_add = 1)
        -: 2127:      {
    #####: 2128:	if (__nodes_to_add + 1 > this->_M_impl._M_map_size
    #####: 2129:	    - (this->_M_impl._M_finish._M_node - this->_M_impl._M_map))
branch  0 never executed
branch  1 never executed
    #####: 2130:	  _M_reallocate_map(__nodes_to_add, false);
call    0 never executed
    #####: 2131:      }
------------------
_ZNSt5dequeINSt8__detail9_StateSeqINSt7__cxx1112regex_traitsIcEEEESaIS5_EE22_M_reserve_map_at_backEm:
function _ZNSt5dequeINSt8__detail9_StateSeqINSt7__cxx1112regex_traitsIcEEEESaIS5_EE22_M_reserve_map_at_backEm called 0 returned 0% blocks executed 0%
    #####: 2126:      _M_reserve_map_at_back(size_type __nodes_to_add = 1)
        -: 2127:      {
    #####: 2128:	if (__nodes_to_add + 1 > this->_M_impl._M_map_size
    #####: 2129:	    - (this->_M_impl._M_finish._M_node - this->_M_impl._M_map))
branch  0 never executed
branch  1 never executed
    #####: 2130:	  _M_reallocate_map(__nodes_to_add, false);
call    0 never executed
    #####: 2131:      }
------------------
_ZNSt5dequeIcSaIcEE22_M_reserve_map_at_backEm:
function _ZNSt5dequeIcSaIcEE22_M_reserve_map_at_backEm called 0 returned 0% blocks executed 0%
    #####: 2126:      _M_reserve_map_at_back(size_type __nodes_to_add = 1)
        -: 2127:      {
    #####: 2128:	if (__nodes_to_add + 1 > this->_M_impl._M_map_size
    #####: 2129:	    - (this->_M_impl._M_finish._M_node - this->_M_impl._M_map))
branch  0 never executed
branch  1 never executed
    #####: 2130:	  _M_reallocate_map(__nodes_to_add, false);
call    0 never executed
    #####: 2131:      }
------------------
        -: 2132:
        -: 2133:      void
        -: 2134:      _M_reserve_map_at_front(size_type __nodes_to_add = 1)
        -: 2135:      {
        -: 2136:	if (__nodes_to_add > size_type(this->_M_impl._M_start._M_node
        -: 2137:				       - this->_M_impl._M_map))
        -: 2138:	  _M_reallocate_map(__nodes_to_add, true);
        -: 2139:      }
        -: 2140:
        -: 2141:      void
        -: 2142:      _M_reallocate_map(size_type __nodes_to_add, bool __add_at_front);
        -: 2143:      ///@}
        -: 2144:
        -: 2145:#if __cplusplus >= 201103L
        -: 2146:      // Constant-time, nothrow move assignment when source object's memory
        -: 2147:      // can be moved because the allocators are equal.
        -: 2148:      void
        -: 2149:      _M_move_assign1(deque&& __x, /* always equal: */ true_type) noexcept
        -: 2150:      {
        -: 2151:	this->_M_impl._M_swap_data(__x._M_impl);
        -: 2152:	__x.clear();
        -: 2153:	std::__alloc_on_move(_M_get_Tp_allocator(), __x._M_get_Tp_allocator());
        -: 2154:      }
        -: 2155:
        -: 2156:      // When the allocators are not equal the operation could throw, because
        -: 2157:      // we might need to allocate a new map for __x after moving from it
        -: 2158:      // or we might need to allocate new elements for *this.
        -: 2159:      void
        -: 2160:      _M_move_assign1(deque&& __x, /* always equal: */ false_type)
        -: 2161:      {
        -: 2162:	if (_M_get_Tp_allocator() == __x._M_get_Tp_allocator())
        -: 2163:	  return _M_move_assign1(std::move(__x), true_type());
        -: 2164:
        -: 2165:	constexpr bool __move_storage =
        -: 2166:	  _Alloc_traits::_S_propagate_on_move_assign();
        -: 2167:	_M_move_assign2(std::move(__x), __bool_constant<__move_storage>());
        -: 2168:      }
        -: 2169:
        -: 2170:      // Destroy all elements and deallocate all memory, then replace
        -: 2171:      // with elements created from __args.
        -: 2172:      template<typename... _Args>
        -: 2173:      void
        -: 2174:      _M_replace_map(_Args&&... __args)
        -: 2175:      {
        -: 2176:	// Create new data first, so if allocation fails there are no effects.
        -: 2177:	deque __newobj(std::forward<_Args>(__args)...);
        -: 2178:	// Free existing storage using existing allocator.
        -: 2179:	clear();
        -: 2180:	_M_deallocate_node(*begin()._M_node); // one node left after clear()
        -: 2181:	_M_deallocate_map(this->_M_impl._M_map, this->_M_impl._M_map_size);
        -: 2182:	this->_M_impl._M_map = nullptr;
        -: 2183:	this->_M_impl._M_map_size = 0;
        -: 2184:	// Take ownership of replacement memory.
        -: 2185:	this->_M_impl._M_swap_data(__newobj._M_impl);
        -: 2186:      }
        -: 2187:
        -: 2188:      // Do move assignment when the allocator propagates.
        -: 2189:      void
        -: 2190:      _M_move_assign2(deque&& __x, /* propagate: */ true_type)
        -: 2191:      {
        -: 2192:	// Make a copy of the original allocator state.
        -: 2193:	auto __alloc = __x._M_get_Tp_allocator();
        -: 2194:	// The allocator propagates so storage can be moved from __x,
        -: 2195:	// leaving __x in a valid empty state with a moved-from allocator.
        -: 2196:	_M_replace_map(std::move(__x));
        -: 2197:	// Move the corresponding allocator state too.
        -: 2198:	_M_get_Tp_allocator() = std::move(__alloc);
        -: 2199:      }
        -: 2200:
        -: 2201:      // Do move assignment when it may not be possible to move source
        -: 2202:      // object's memory, resulting in a linear-time operation.
        -: 2203:      void
        -: 2204:      _M_move_assign2(deque&& __x, /* propagate: */ false_type)
        -: 2205:      {
        -: 2206:	if (__x._M_get_Tp_allocator() == this->_M_get_Tp_allocator())
        -: 2207:	  {
        -: 2208:	    // The allocators are equal so storage can be moved from __x,
        -: 2209:	    // leaving __x in a valid empty state with its current allocator.
        -: 2210:	    _M_replace_map(std::move(__x), __x.get_allocator());
        -: 2211:	  }
        -: 2212:	else
        -: 2213:	  {
        -: 2214:	    // The rvalue's allocator cannot be moved and is not equal,
        -: 2215:	    // so we need to individually move each element.
        -: 2216:	    _M_assign_aux(std::make_move_iterator(__x.begin()),
        -: 2217:			  std::make_move_iterator(__x.end()),
        -: 2218:			  std::random_access_iterator_tag());
        -: 2219:	    __x.clear();
        -: 2220:	  }
        -: 2221:      }
        -: 2222:#endif
        -: 2223:    };
        -: 2224:
        -: 2225:#if __cpp_deduction_guides >= 201606
        -: 2226:  template<typename _InputIterator, typename _ValT
        -: 2227:	     = typename iterator_traits<_InputIterator>::value_type,
        -: 2228:	   typename _Allocator = allocator<_ValT>,
        -: 2229:	   typename = _RequireInputIter<_InputIterator>,
        -: 2230:	   typename = _RequireAllocator<_Allocator>>
        -: 2231:    deque(_InputIterator, _InputIterator, _Allocator = _Allocator())
        -: 2232:      -> deque<_ValT, _Allocator>;
        -: 2233:#endif
        -: 2234:
        -: 2235:  /**
        -: 2236:   *  @brief  Deque equality comparison.
        -: 2237:   *  @param  __x  A %deque.
        -: 2238:   *  @param  __y  A %deque of the same type as @a __x.
        -: 2239:   *  @return  True iff the size and elements of the deques are equal.
        -: 2240:   *
        -: 2241:   *  This is an equivalence relation.  It is linear in the size of the
        -: 2242:   *  deques.  Deques are considered equivalent if their sizes are equal,
        -: 2243:   *  and if corresponding elements compare equal.
        -: 2244:  */
        -: 2245:  template<typename _Tp, typename _Alloc>
        -: 2246:    inline bool
        -: 2247:    operator==(const deque<_Tp, _Alloc>& __x, const deque<_Tp, _Alloc>& __y)
        -: 2248:    { return __x.size() == __y.size()
        -: 2249:	     && std::equal(__x.begin(), __x.end(), __y.begin()); }
        -: 2250:
        -: 2251:#if __cpp_lib_three_way_comparison
        -: 2252:  /**
        -: 2253:   *  @brief  Deque ordering relation.
        -: 2254:   *  @param  __x  A `deque`.
        -: 2255:   *  @param  __y  A `deque` of the same type as `__x`.
        -: 2256:   *  @return  A value indicating whether `__x` is less than, equal to,
        -: 2257:   *           greater than, or incomparable with `__y`.
        -: 2258:   *
        -: 2259:   *  See `std::lexicographical_compare_three_way()` for how the determination
        -: 2260:   *  is made. This operator is used to synthesize relational operators like
        -: 2261:   *  `<` and `>=` etc.
        -: 2262:  */
        -: 2263:  template<typename _Tp, typename _Alloc>
        -: 2264:    inline __detail::__synth3way_t<_Tp>
        -: 2265:    operator<=>(const deque<_Tp, _Alloc>& __x, const deque<_Tp, _Alloc>& __y)
        -: 2266:    {
        -: 2267:      return std::lexicographical_compare_three_way(__x.begin(), __x.end(),
        -: 2268:						    __y.begin(), __y.end(),
        -: 2269:						    __detail::__synth3way);
        -: 2270:    }
        -: 2271:#else
        -: 2272:  /**
        -: 2273:   *  @brief  Deque ordering relation.
        -: 2274:   *  @param  __x  A %deque.
        -: 2275:   *  @param  __y  A %deque of the same type as @a __x.
        -: 2276:   *  @return  True iff @a x is lexicographically less than @a __y.
        -: 2277:   *
        -: 2278:   *  This is a total ordering relation.  It is linear in the size of the
        -: 2279:   *  deques.  The elements must be comparable with @c <.
        -: 2280:   *
        -: 2281:   *  See std::lexicographical_compare() for how the determination is made.
        -: 2282:  */
        -: 2283:  template<typename _Tp, typename _Alloc>
        -: 2284:    inline bool
        -: 2285:    operator<(const deque<_Tp, _Alloc>& __x, const deque<_Tp, _Alloc>& __y)
        -: 2286:    { return std::lexicographical_compare(__x.begin(), __x.end(),
        -: 2287:					  __y.begin(), __y.end()); }
        -: 2288:
        -: 2289:  /// Based on operator==
        -: 2290:  template<typename _Tp, typename _Alloc>
        -: 2291:    inline bool
        -: 2292:    operator!=(const deque<_Tp, _Alloc>& __x, const deque<_Tp, _Alloc>& __y)
        -: 2293:    { return !(__x == __y); }
        -: 2294:
        -: 2295:  /// Based on operator<
        -: 2296:  template<typename _Tp, typename _Alloc>
        -: 2297:    inline bool
        -: 2298:    operator>(const deque<_Tp, _Alloc>& __x, const deque<_Tp, _Alloc>& __y)
        -: 2299:    { return __y < __x; }
        -: 2300:
        -: 2301:  /// Based on operator<
        -: 2302:  template<typename _Tp, typename _Alloc>
        -: 2303:    inline bool
        -: 2304:    operator<=(const deque<_Tp, _Alloc>& __x, const deque<_Tp, _Alloc>& __y)
        -: 2305:    { return !(__y < __x); }
        -: 2306:
        -: 2307:  /// Based on operator<
        -: 2308:  template<typename _Tp, typename _Alloc>
        -: 2309:    inline bool
        -: 2310:    operator>=(const deque<_Tp, _Alloc>& __x, const deque<_Tp, _Alloc>& __y)
        -: 2311:    { return !(__x < __y); }
        -: 2312:#endif // three-way comparison
        -: 2313:
        -: 2314:  /// See std::deque::swap().
        -: 2315:  template<typename _Tp, typename _Alloc>
        -: 2316:    inline void
        -: 2317:    swap(deque<_Tp,_Alloc>& __x, deque<_Tp,_Alloc>& __y)
        -: 2318:    _GLIBCXX_NOEXCEPT_IF(noexcept(__x.swap(__y)))
        -: 2319:    { __x.swap(__y); }
        -: 2320:
        -: 2321:#undef _GLIBCXX_DEQUE_BUF_SIZE
        -: 2322:
        -: 2323:_GLIBCXX_END_NAMESPACE_CONTAINER
        -: 2324:
        -: 2325:#if __cplusplus >= 201103L
        -: 2326:  // std::allocator is safe, but it is not the only allocator
        -: 2327:  // for which this is valid.
        -: 2328:  template<class _Tp>
        -: 2329:    struct __is_bitwise_relocatable<_GLIBCXX_STD_C::deque<_Tp>>
        -: 2330:    : true_type { };
        -: 2331:#endif
        -: 2332:
        -: 2333:_GLIBCXX_END_NAMESPACE_VERSION
        -: 2334:} // namespace std
        -: 2335:
        -: 2336:#endif /* _STL_DEQUE_H */
