        -:    0:Source:/usr/include/c++/9/bits/stl_uninitialized.h
        -:    0:Graph:./test_index.gcno
        -:    0:Data:./test_index.gcda
        -:    0:Runs:1
        -:    1:// Raw memory manipulators -*- C++ -*-
        -:    2:
        -:    3:// Copyright (C) 2001-2019 Free Software Foundation, Inc.
        -:    4://
        -:    5:// This file is part of the GNU ISO C++ Library.  This library is free
        -:    6:// software; you can redistribute it and/or modify it under the
        -:    7:// terms of the GNU General Public License as published by the
        -:    8:// Free Software Foundation; either version 3, or (at your option)
        -:    9:// any later version.
        -:   10:
        -:   11:// This library is distributed in the hope that it will be useful,
        -:   12:// but WITHOUT ANY WARRANTY; without even the implied warranty of
        -:   13:// MERCHANTABILITY or FITNESS FOR A PARTICULAR PURPOSE.  See the
        -:   14:// GNU General Public License for more details.
        -:   15:
        -:   16:// Under Section 7 of GPL version 3, you are granted additional
        -:   17:// permissions described in the GCC Runtime Library Exception, version
        -:   18:// 3.1, as published by the Free Software Foundation.
        -:   19:
        -:   20:// You should have received a copy of the GNU General Public License and
        -:   21:// a copy of the GCC Runtime Library Exception along with this program;
        -:   22:// see the files COPYING3 and COPYING.RUNTIME respectively.  If not, see
        -:   23:// <http://www.gnu.org/licenses/>.
        -:   24:
        -:   25:/*
        -:   26: *
        -:   27: * Copyright (c) 1994
        -:   28: * Hewlett-Packard Company
        -:   29: *
        -:   30: * Permission to use, copy, modify, distribute and sell this software
        -:   31: * and its documentation for any purpose is hereby granted without fee,
        -:   32: * provided that the above copyright notice appear in all copies and
        -:   33: * that both that copyright notice and this permission notice appear
        -:   34: * in supporting documentation.  Hewlett-Packard Company makes no
        -:   35: * representations about the suitability of this software for any
        -:   36: * purpose.  It is provided "as is" without express or implied warranty.
        -:   37: *
        -:   38: *
        -:   39: * Copyright (c) 1996,1997
        -:   40: * Silicon Graphics Computer Systems, Inc.
        -:   41: *
        -:   42: * Permission to use, copy, modify, distribute and sell this software
        -:   43: * and its documentation for any purpose is hereby granted without fee,
        -:   44: * provided that the above copyright notice appear in all copies and
        -:   45: * that both that copyright notice and this permission notice appear
        -:   46: * in supporting documentation.  Silicon Graphics makes no
        -:   47: * representations about the suitability of this software for any
        -:   48: * purpose.  It is provided "as is" without express or implied warranty.
        -:   49: */
        -:   50:
        -:   51:/** @file bits/stl_uninitialized.h
        -:   52: *  This is an internal header file, included by other library headers.
        -:   53: *  Do not attempt to use it directly. @headername{memory}
        -:   54: */
        -:   55:
        -:   56:#ifndef _STL_UNINITIALIZED_H
        -:   57:#define _STL_UNINITIALIZED_H 1
        -:   58:
        -:   59:#if __cplusplus > 201402L
        -:   60:#include <utility>
        -:   61:#endif
        -:   62:
        -:   63:#if __cplusplus >= 201103L
        -:   64:#include <type_traits>
        -:   65:#endif
        -:   66:
        -:   67:namespace std _GLIBCXX_VISIBILITY(default)
        -:   68:{
        -:   69:_GLIBCXX_BEGIN_NAMESPACE_VERSION
        -:   70:
        -:   71:  template<bool _TrivialValueTypes>
        -:   72:    struct __uninitialized_copy
        -:   73:    {
        -:   74:      template<typename _InputIterator, typename _ForwardIterator>
        -:   75:        static _ForwardIterator
    1084*:   76:        __uninit_copy(_InputIterator __first, _InputIterator __last,
        -:   77:		      _ForwardIterator __result)
        -:   78:        {
    1084*:   79:	  _ForwardIterator __cur = __result;
        -:   80:	  __try
        -:   81:	    {
    3774*:   82:	      for (; __first != __last; ++__first, (void)++__cur)
    2690*:   83:		std::_Construct(std::__addressof(*__cur), *__first);
    1084*:   84:	      return __cur;
        -:   85:	    }
    =====:   86:	  __catch(...)
        -:   87:	    {
    =====:   88:	      std::_Destroy(__result, __cur);
    =====:   89:	      __throw_exception_again;
        -:   90:	    }
        -:   91:	}
------------------
_ZNSt20__uninitialized_copyILb0EE13__uninit_copyIN9__gnu_cxx17__normal_iteratorIPKN5Catch5clara6detail3ArgESt6vectorIS7_SaIS7_EEEEPS7_EET0_T_SG_SF_:
function _ZNSt20__uninitialized_copyILb0EE13__uninit_copyIN9__gnu_cxx17__normal_iteratorIPKN5Catch5clara6detail3ArgESt6vectorIS7_SaIS7_EEEEPS7_EET0_T_SG_SF_ called 62 returned 100% blocks executed 69%
       62:   76:        __uninit_copy(_InputIterator __first, _InputIterator __last,
        -:   77:		      _ForwardIterator __result)
        -:   78:        {
       62:   79:	  _ForwardIterator __cur = __result;
        -:   80:	  __try
        -:   81:	    {
       63:   82:	      for (; __first != __last; ++__first, (void)++__cur)
call    0 returned 100%
branch  1 taken 2% (fallthrough)
branch  2 taken 98%
call    3 returned 100%
        1:   83:		std::_Construct(std::__addressof(*__cur), *__first);
call    0 returned 100%
call    1 returned 100%
call    2 returned 100%
branch  3 taken 100% (fallthrough)
branch  4 taken 0% (throw)
       62:   84:	      return __cur;
        -:   85:	    }
    =====:   86:	  __catch(...)
call    0 never executed
call    1 never executed
        -:   87:	    {
    =====:   88:	      std::_Destroy(__result, __cur);
call    0 never executed
branch  1 never executed
branch  2 never executed
    =====:   89:	      __throw_exception_again;
call    0 never executed
        -:   90:	    }
        -:   91:	}
------------------
_ZNSt20__uninitialized_copyILb0EE13__uninit_copyISt13move_iteratorIPN5Catch13ScopedMessageEES5_EET0_T_S8_S7_:
function _ZNSt20__uninitialized_copyILb0EE13__uninit_copyISt13move_iteratorIPN5Catch13ScopedMessageEES5_EET0_T_S8_S7_ called 0 returned 0% blocks executed 0%
    #####:   76:        __uninit_copy(_InputIterator __first, _InputIterator __last,
        -:   77:		      _ForwardIterator __result)
        -:   78:        {
    #####:   79:	  _ForwardIterator __cur = __result;
        -:   80:	  __try
        -:   81:	    {
    #####:   82:	      for (; __first != __last; ++__first, (void)++__cur)
call    0 never executed
branch  1 never executed
branch  2 never executed
branch  3 never executed
branch  4 never executed
call    5 never executed
    #####:   83:		std::_Construct(std::__addressof(*__cur), *__first);
call    0 never executed
call    1 never executed
call    2 never executed
branch  3 never executed
branch  4 never executed
    #####:   84:	      return __cur;
        -:   85:	    }
    =====:   86:	  __catch(...)
call    0 never executed
call    1 never executed
        -:   87:	    {
    =====:   88:	      std::_Destroy(__result, __cur);
call    0 never executed
branch  1 never executed
branch  2 never executed
    =====:   89:	      __throw_exception_again;
call    0 never executed
        -:   90:	    }
        -:   91:	}
------------------
_ZNSt20__uninitialized_copyILb0EE13__uninit_copyISt13move_iteratorIPN5Catch14SectionEndInfoEES5_EET0_T_S8_S7_:
function _ZNSt20__uninitialized_copyILb0EE13__uninit_copyISt13move_iteratorIPN5Catch14SectionEndInfoEES5_EET0_T_S8_S7_ called 0 returned 0% blocks executed 0%
    #####:   76:        __uninit_copy(_InputIterator __first, _InputIterator __last,
        -:   77:		      _ForwardIterator __result)
        -:   78:        {
    #####:   79:	  _ForwardIterator __cur = __result;
        -:   80:	  __try
        -:   81:	    {
    #####:   82:	      for (; __first != __last; ++__first, (void)++__cur)
call    0 never executed
branch  1 never executed
branch  2 never executed
branch  3 never executed
branch  4 never executed
call    5 never executed
    #####:   83:		std::_Construct(std::__addressof(*__cur), *__first);
call    0 never executed
call    1 never executed
call    2 never executed
    #####:   84:	      return __cur;
        -:   85:	    }
    =====:   86:	  __catch(...)
call    0 never executed
call    1 never executed
        -:   87:	    {
    =====:   88:	      std::_Destroy(__result, __cur);
call    0 never executed
branch  1 never executed
branch  2 never executed
    =====:   89:	      __throw_exception_again;
call    0 never executed
        -:   90:	    }
        -:   91:	}
------------------
_ZNSt20__uninitialized_copyILb0EE13__uninit_copyISt13move_iteratorIPSt10shared_ptrIN5Catch16IReporterFactoryEEES7_EET0_T_SA_S9_:
function _ZNSt20__uninitialized_copyILb0EE13__uninit_copyISt13move_iteratorIPSt10shared_ptrIN5Catch16IReporterFactoryEEES7_EET0_T_SA_S9_ called 0 returned 0% blocks executed 0%
    #####:   76:        __uninit_copy(_InputIterator __first, _InputIterator __last,
        -:   77:		      _ForwardIterator __result)
        -:   78:        {
    #####:   79:	  _ForwardIterator __cur = __result;
        -:   80:	  __try
        -:   81:	    {
    #####:   82:	      for (; __first != __last; ++__first, (void)++__cur)
call    0 never executed
branch  1 never executed
branch  2 never executed
branch  3 never executed
branch  4 never executed
call    5 never executed
    #####:   83:		std::_Construct(std::__addressof(*__cur), *__first);
call    0 never executed
call    1 never executed
call    2 never executed
    #####:   84:	      return __cur;
        -:   85:	    }
    =====:   86:	  __catch(...)
call    0 never executed
call    1 never executed
        -:   87:	    {
    =====:   88:	      std::_Destroy(__result, __cur);
call    0 never executed
branch  1 never executed
branch  2 never executed
    =====:   89:	      __throw_exception_again;
call    0 never executed
        -:   90:	    }
        -:   91:	}
------------------
_ZNSt20__uninitialized_copyILb0EE13__uninit_copyISt13move_iteratorIPN5Catch11MessageInfoEES5_EET0_T_S8_S7_:
function _ZNSt20__uninitialized_copyILb0EE13__uninit_copyISt13move_iteratorIPN5Catch11MessageInfoEES5_EET0_T_S8_S7_ called 0 returned 0% blocks executed 0%
    #####:   76:        __uninit_copy(_InputIterator __first, _InputIterator __last,
        -:   77:		      _ForwardIterator __result)
        -:   78:        {
    #####:   79:	  _ForwardIterator __cur = __result;
        -:   80:	  __try
        -:   81:	    {
    #####:   82:	      for (; __first != __last; ++__first, (void)++__cur)
call    0 never executed
branch  1 never executed
branch  2 never executed
branch  3 never executed
branch  4 never executed
call    5 never executed
    #####:   83:		std::_Construct(std::__addressof(*__cur), *__first);
call    0 never executed
call    1 never executed
call    2 never executed
    #####:   84:	      return __cur;
        -:   85:	    }
    =====:   86:	  __catch(...)
call    0 never executed
call    1 never executed
        -:   87:	    {
    =====:   88:	      std::_Destroy(__result, __cur);
call    0 never executed
branch  1 never executed
branch  2 never executed
    =====:   89:	      __throw_exception_again;
call    0 never executed
        -:   90:	    }
        -:   91:	}
------------------
_ZNSt20__uninitialized_copyILb0EE13__uninit_copyIN9__gnu_cxx17__normal_iteratorIPN5Catch5clara6detail11HelpColumnsESt6vectorIS7_SaIS7_EEEES8_EET0_T_SE_SD_:
function _ZNSt20__uninitialized_copyILb0EE13__uninit_copyIN9__gnu_cxx17__normal_iteratorIPN5Catch5clara6detail11HelpColumnsESt6vectorIS7_SaIS7_EEEES8_EET0_T_SE_SD_ called 0 returned 0% blocks executed 0%
    #####:   76:        __uninit_copy(_InputIterator __first, _InputIterator __last,
        -:   77:		      _ForwardIterator __result)
        -:   78:        {
    #####:   79:	  _ForwardIterator __cur = __result;
        -:   80:	  __try
        -:   81:	    {
    #####:   82:	      for (; __first != __last; ++__first, (void)++__cur)
call    0 never executed
branch  1 never executed
branch  2 never executed
call    3 never executed
    #####:   83:		std::_Construct(std::__addressof(*__cur), *__first);
call    0 never executed
call    1 never executed
call    2 never executed
branch  3 never executed
branch  4 never executed
    #####:   84:	      return __cur;
        -:   85:	    }
    =====:   86:	  __catch(...)
call    0 never executed
call    1 never executed
        -:   87:	    {
    =====:   88:	      std::_Destroy(__result, __cur);
call    0 never executed
branch  1 never executed
branch  2 never executed
    =====:   89:	      __throw_exception_again;
call    0 never executed
        -:   90:	    }
        -:   91:	}
------------------
_ZNSt20__uninitialized_copyILb0EE13__uninit_copyISt13move_iteratorIPN5Catch5clara6detail3OptEES7_EET0_T_SA_S9_:
function _ZNSt20__uninitialized_copyILb0EE13__uninit_copyISt13move_iteratorIPN5Catch5clara6detail3OptEES7_EET0_T_SA_S9_ called 0 returned 0% blocks executed 0%
    #####:   76:        __uninit_copy(_InputIterator __first, _InputIterator __last,
        -:   77:		      _ForwardIterator __result)
        -:   78:        {
    #####:   79:	  _ForwardIterator __cur = __result;
        -:   80:	  __try
        -:   81:	    {
    #####:   82:	      for (; __first != __last; ++__first, (void)++__cur)
call    0 never executed
branch  1 never executed
branch  2 never executed
branch  3 never executed
branch  4 never executed
call    5 never executed
    #####:   83:		std::_Construct(std::__addressof(*__cur), *__first);
call    0 never executed
call    1 never executed
call    2 never executed
    #####:   84:	      return __cur;
        -:   85:	    }
    =====:   86:	  __catch(...)
call    0 never executed
call    1 never executed
        -:   87:	    {
    =====:   88:	      std::_Destroy(__result, __cur);
call    0 never executed
branch  1 never executed
branch  2 never executed
    =====:   89:	      __throw_exception_again;
call    0 never executed
        -:   90:	    }
        -:   91:	}
------------------
_ZNSt20__uninitialized_copyILb0EE13__uninit_copyISt13move_iteratorIPN5Catch5clara6detail3ArgEES7_EET0_T_SA_S9_:
function _ZNSt20__uninitialized_copyILb0EE13__uninit_copyISt13move_iteratorIPN5Catch5clara6detail3ArgEES7_EET0_T_SA_S9_ called 0 returned 0% blocks executed 0%
    #####:   76:        __uninit_copy(_InputIterator __first, _InputIterator __last,
        -:   77:		      _ForwardIterator __result)
        -:   78:        {
    #####:   79:	  _ForwardIterator __cur = __result;
        -:   80:	  __try
        -:   81:	    {
    #####:   82:	      for (; __first != __last; ++__first, (void)++__cur)
call    0 never executed
branch  1 never executed
branch  2 never executed
branch  3 never executed
branch  4 never executed
call    5 never executed
    #####:   83:		std::_Construct(std::__addressof(*__cur), *__first);
call    0 never executed
call    1 never executed
call    2 never executed
    #####:   84:	      return __cur;
        -:   85:	    }
    =====:   86:	  __catch(...)
call    0 never executed
call    1 never executed
        -:   87:	    {
    =====:   88:	      std::_Destroy(__result, __cur);
call    0 never executed
branch  1 never executed
branch  2 never executed
    =====:   89:	      __throw_exception_again;
call    0 never executed
        -:   90:	    }
        -:   91:	}
------------------
_ZNSt20__uninitialized_copyILb0EE13__uninit_copyISt13move_iteratorIPN5Catch5clara6detail5TokenEES7_EET0_T_SA_S9_:
function _ZNSt20__uninitialized_copyILb0EE13__uninit_copyISt13move_iteratorIPN5Catch5clara6detail5TokenEES7_EET0_T_SA_S9_ called 0 returned 0% blocks executed 0%
    #####:   76:        __uninit_copy(_InputIterator __first, _InputIterator __last,
        -:   77:		      _ForwardIterator __result)
        -:   78:        {
    #####:   79:	  _ForwardIterator __cur = __result;
        -:   80:	  __try
        -:   81:	    {
    #####:   82:	      for (; __first != __last; ++__first, (void)++__cur)
call    0 never executed
branch  1 never executed
branch  2 never executed
branch  3 never executed
branch  4 never executed
call    5 never executed
    #####:   83:		std::_Construct(std::__addressof(*__cur), *__first);
call    0 never executed
call    1 never executed
call    2 never executed
    #####:   84:	      return __cur;
        -:   85:	    }
    =====:   86:	  __catch(...)
call    0 never executed
call    1 never executed
        -:   87:	    {
    =====:   88:	      std::_Destroy(__result, __cur);
call    0 never executed
branch  1 never executed
branch  2 never executed
    =====:   89:	      __throw_exception_again;
call    0 never executed
        -:   90:	    }
        -:   91:	}
------------------
_ZNSt20__uninitialized_copyILb0EE13__uninit_copyISt13move_iteratorIPN5Catch5clara8TextFlow6ColumnEES7_EET0_T_SA_S9_:
function _ZNSt20__uninitialized_copyILb0EE13__uninit_copyISt13move_iteratorIPN5Catch5clara8TextFlow6ColumnEES7_EET0_T_SA_S9_ called 0 returned 0% blocks executed 0%
    #####:   76:        __uninit_copy(_InputIterator __first, _InputIterator __last,
        -:   77:		      _ForwardIterator __result)
        -:   78:        {
    #####:   79:	  _ForwardIterator __cur = __result;
        -:   80:	  __try
        -:   81:	    {
    #####:   82:	      for (; __first != __last; ++__first, (void)++__cur)
call    0 never executed
branch  1 never executed
branch  2 never executed
branch  3 never executed
branch  4 never executed
call    5 never executed
    #####:   83:		std::_Construct(std::__addressof(*__cur), *__first);
call    0 never executed
call    1 never executed
call    2 never executed
    #####:   84:	      return __cur;
        -:   85:	    }
    =====:   86:	  __catch(...)
call    0 never executed
call    1 never executed
        -:   87:	    {
    =====:   88:	      std::_Destroy(__result, __cur);
call    0 never executed
branch  1 never executed
branch  2 never executed
    =====:   89:	      __throw_exception_again;
call    0 never executed
        -:   90:	    }
        -:   91:	}
------------------
_ZNSt20__uninitialized_copyILb0EE13__uninit_copyIPKN5Catch12_GLOBAL__N_110ColumnInfoEPS4_EET0_T_S9_S8_:
function _ZNSt20__uninitialized_copyILb0EE13__uninit_copyIPKN5Catch12_GLOBAL__N_110ColumnInfoEPS4_EET0_T_S9_S8_ called 1 returned 100% blocks executed 62%
        1:   76:        __uninit_copy(_InputIterator __first, _InputIterator __last,
        -:   77:		      _ForwardIterator __result)
        -:   78:        {
        1:   79:	  _ForwardIterator __cur = __result;
        -:   80:	  __try
        -:   81:	    {
        5:   82:	      for (; __first != __last; ++__first, (void)++__cur)
branch  0 taken 80% (fallthrough)
branch  1 taken 20%
        4:   83:		std::_Construct(std::__addressof(*__cur), *__first);
call    0 returned 100%
call    1 returned 100%
branch  2 taken 100% (fallthrough)
branch  3 taken 0% (throw)
        1:   84:	      return __cur;
        -:   85:	    }
    =====:   86:	  __catch(...)
call    0 never executed
call    1 never executed
        -:   87:	    {
    =====:   88:	      std::_Destroy(__result, __cur);
call    0 never executed
branch  1 never executed
branch  2 never executed
    =====:   89:	      __throw_exception_again;
call    0 never executed
        -:   90:	    }
        -:   91:	}
------------------
_ZNSt20__uninitialized_copyILb0EE13__uninit_copyISt13move_iteratorIPN5Catch8TestCaseEES5_EET0_T_S8_S7_:
function _ZNSt20__uninitialized_copyILb0EE13__uninit_copyISt13move_iteratorIPN5Catch8TestCaseEES5_EET0_T_S8_S7_ called 0 returned 0% blocks executed 0%
    #####:   76:        __uninit_copy(_InputIterator __first, _InputIterator __last,
        -:   77:		      _ForwardIterator __result)
        -:   78:        {
    #####:   79:	  _ForwardIterator __cur = __result;
        -:   80:	  __try
        -:   81:	    {
    #####:   82:	      for (; __first != __last; ++__first, (void)++__cur)
call    0 never executed
branch  1 never executed
branch  2 never executed
branch  3 never executed
branch  4 never executed
call    5 never executed
    #####:   83:		std::_Construct(std::__addressof(*__cur), *__first);
call    0 never executed
call    1 never executed
call    2 never executed
    #####:   84:	      return __cur;
        -:   85:	    }
    =====:   86:	  __catch(...)
call    0 never executed
call    1 never executed
        -:   87:	    {
    =====:   88:	      std::_Destroy(__result, __cur);
call    0 never executed
branch  1 never executed
branch  2 never executed
    =====:   89:	      __throw_exception_again;
call    0 never executed
        -:   90:	    }
        -:   91:	}
------------------
_ZNSt20__uninitialized_copyILb0EE13__uninit_copyISt13move_iteratorIPSt4pairIiNSt7__cxx1112basic_stringIcSt11char_traitsIcESaIcEEEEESB_EET0_T_SE_SD_:
function _ZNSt20__uninitialized_copyILb0EE13__uninit_copyISt13move_iteratorIPSt4pairIiNSt7__cxx1112basic_stringIcSt11char_traitsIcESaIcEEEEESB_EET0_T_SE_SD_ called 0 returned 0% blocks executed 0%
    #####:   76:        __uninit_copy(_InputIterator __first, _InputIterator __last,
        -:   77:		      _ForwardIterator __result)
        -:   78:        {
    #####:   79:	  _ForwardIterator __cur = __result;
        -:   80:	  __try
        -:   81:	    {
    #####:   82:	      for (; __first != __last; ++__first, (void)++__cur)
call    0 never executed
branch  1 never executed
branch  2 never executed
branch  3 never executed
branch  4 never executed
call    5 never executed
    #####:   83:		std::_Construct(std::__addressof(*__cur), *__first);
call    0 never executed
call    1 never executed
call    2 never executed
    #####:   84:	      return __cur;
        -:   85:	    }
    =====:   86:	  __catch(...)
call    0 never executed
call    1 never executed
        -:   87:	    {
    =====:   88:	      std::_Destroy(__result, __cur);
call    0 never executed
branch  1 never executed
branch  2 never executed
    =====:   89:	      __throw_exception_again;
call    0 never executed
        -:   90:	    }
        -:   91:	}
------------------
_ZNSt20__uninitialized_copyILb0EE13__uninit_copyISt13move_iteratorIPNSt7__cxx1112basic_stringIcSt11char_traitsIcESaIcEEEES9_EET0_T_SC_SB_:
function _ZNSt20__uninitialized_copyILb0EE13__uninit_copyISt13move_iteratorIPNSt7__cxx1112basic_stringIcSt11char_traitsIcESaIcEEEES9_EET0_T_SC_SB_ called 0 returned 0% blocks executed 0%
    #####:   76:        __uninit_copy(_InputIterator __first, _InputIterator __last,
        -:   77:		      _ForwardIterator __result)
        -:   78:        {
    #####:   79:	  _ForwardIterator __cur = __result;
        -:   80:	  __try
        -:   81:	    {
    #####:   82:	      for (; __first != __last; ++__first, (void)++__cur)
call    0 never executed
branch  1 never executed
branch  2 never executed
branch  3 never executed
branch  4 never executed
call    5 never executed
    #####:   83:		std::_Construct(std::__addressof(*__cur), *__first);
call    0 never executed
call    1 never executed
call    2 never executed
    #####:   84:	      return __cur;
        -:   85:	    }
    =====:   86:	  __catch(...)
call    0 never executed
call    1 never executed
        -:   87:	    {
    =====:   88:	      std::_Destroy(__result, __cur);
call    0 never executed
branch  1 never executed
branch  2 never executed
    =====:   89:	      __throw_exception_again;
call    0 never executed
        -:   90:	    }
        -:   91:	}
------------------
_ZNSt20__uninitialized_copyILb0EE13__uninit_copyISt13move_iteratorIPNSt15__exception_ptr13exception_ptrEES5_EET0_T_S8_S7_:
function _ZNSt20__uninitialized_copyILb0EE13__uninit_copyISt13move_iteratorIPNSt15__exception_ptr13exception_ptrEES5_EET0_T_S8_S7_ called 0 returned 0% blocks executed 0%
    #####:   76:        __uninit_copy(_InputIterator __first, _InputIterator __last,
        -:   77:		      _ForwardIterator __result)
        -:   78:        {
    #####:   79:	  _ForwardIterator __cur = __result;
        -:   80:	  __try
        -:   81:	    {
    #####:   82:	      for (; __first != __last; ++__first, (void)++__cur)
call    0 never executed
branch  1 never executed
branch  2 never executed
branch  3 never executed
branch  4 never executed
call    5 never executed
    #####:   83:		std::_Construct(std::__addressof(*__cur), *__first);
call    0 never executed
call    1 never executed
call    2 never executed
    #####:   84:	      return __cur;
        -:   85:	    }
    =====:   86:	  __catch(...)
call    0 never executed
call    1 never executed
        -:   87:	    {
    =====:   88:	      std::_Destroy(__result, __cur);
call    0 never executed
branch  1 never executed
branch  2 never executed
    =====:   89:	      __throw_exception_again;
call    0 never executed
        -:   90:	    }
        -:   91:	}
------------------
_ZNSt20__uninitialized_copyILb0EE13__uninit_copyIN9__gnu_cxx17__normal_iteratorIPKN5Catch5clara6detail3OptESt6vectorIS7_SaIS7_EEEEPS7_EET0_T_SG_SF_:
function _ZNSt20__uninitialized_copyILb0EE13__uninit_copyIN9__gnu_cxx17__normal_iteratorIPKN5Catch5clara6detail3OptESt6vectorIS7_SaIS7_EEEEPS7_EET0_T_SG_SF_ called 62 returned 100% blocks executed 69%
       62:   76:        __uninit_copy(_InputIterator __first, _InputIterator __last,
        -:   77:		      _ForwardIterator __result)
        -:   78:        {
       62:   79:	  _ForwardIterator __cur = __result;
        -:   80:	  __try
        -:   81:	    {
      961:   82:	      for (; __first != __last; ++__first, (void)++__cur)
call    0 returned 100%
branch  1 taken 94% (fallthrough)
branch  2 taken 6%
call    3 returned 100%
      899:   83:		std::_Construct(std::__addressof(*__cur), *__first);
call    0 returned 100%
call    1 returned 100%
call    2 returned 100%
branch  3 taken 100% (fallthrough)
branch  4 taken 0% (throw)
       62:   84:	      return __cur;
        -:   85:	    }
    =====:   86:	  __catch(...)
call    0 never executed
call    1 never executed
        -:   87:	    {
    =====:   88:	      std::_Destroy(__result, __cur);
call    0 never executed
branch  1 never executed
branch  2 never executed
    =====:   89:	      __throw_exception_again;
call    0 never executed
        -:   90:	    }
        -:   91:	}
------------------
_ZNSt20__uninitialized_copyILb0EE13__uninit_copyIPKN5Catch5clara6detail11HelpColumnsEPS5_EET0_T_SA_S9_:
function _ZNSt20__uninitialized_copyILb0EE13__uninit_copyIPKN5Catch5clara6detail11HelpColumnsEPS5_EET0_T_SA_S9_ called 0 returned 0% blocks executed 0%
    #####:   76:        __uninit_copy(_InputIterator __first, _InputIterator __last,
        -:   77:		      _ForwardIterator __result)
        -:   78:        {
    #####:   79:	  _ForwardIterator __cur = __result;
        -:   80:	  __try
        -:   81:	    {
    #####:   82:	      for (; __first != __last; ++__first, (void)++__cur)
branch  0 never executed
branch  1 never executed
    #####:   83:		std::_Construct(std::__addressof(*__cur), *__first);
call    0 never executed
call    1 never executed
branch  2 never executed
branch  3 never executed
    #####:   84:	      return __cur;
        -:   85:	    }
    =====:   86:	  __catch(...)
call    0 never executed
call    1 never executed
        -:   87:	    {
    =====:   88:	      std::_Destroy(__result, __cur);
call    0 never executed
branch  1 never executed
branch  2 never executed
    =====:   89:	      __throw_exception_again;
call    0 never executed
        -:   90:	    }
        -:   91:	}
------------------
_ZNSt20__uninitialized_copyILb0EE13__uninit_copyIPKPKcPNSt7__cxx1112basic_stringIcSt11char_traitsIcESaIcEEEEET0_T_SE_SD_:
function _ZNSt20__uninitialized_copyILb0EE13__uninit_copyIPKPKcPNSt7__cxx1112basic_stringIcSt11char_traitsIcESaIcEEEEET0_T_SE_SD_ called 1 returned 100% blocks executed 38%
        1:   76:        __uninit_copy(_InputIterator __first, _InputIterator __last,
        -:   77:		      _ForwardIterator __result)
        -:   78:        {
        1:   79:	  _ForwardIterator __cur = __result;
        -:   80:	  __try
        -:   81:	    {
       1*:   82:	      for (; __first != __last; ++__first, (void)++__cur)
branch  0 taken 0% (fallthrough)
branch  1 taken 100%
    #####:   83:		std::_Construct(std::__addressof(*__cur), *__first);
call    0 never executed
call    1 never executed
branch  2 never executed
branch  3 never executed
        1:   84:	      return __cur;
        -:   85:	    }
    =====:   86:	  __catch(...)
call    0 never executed
call    1 never executed
        -:   87:	    {
    =====:   88:	      std::_Destroy(__result, __cur);
call    0 never executed
branch  1 never executed
branch  2 never executed
    =====:   89:	      __throw_exception_again;
call    0 never executed
        -:   90:	    }
        -:   91:	}
------------------
_ZNSt20__uninitialized_copyILb0EE13__uninit_copyISt13move_iteratorIPN5Catch5clara8TextFlow6Column8iteratorEES8_EET0_T_SB_SA_:
function _ZNSt20__uninitialized_copyILb0EE13__uninit_copyISt13move_iteratorIPN5Catch5clara8TextFlow6Column8iteratorEES8_EET0_T_SB_SA_ called 0 returned 0% blocks executed 0%
    #####:   76:        __uninit_copy(_InputIterator __first, _InputIterator __last,
        -:   77:		      _ForwardIterator __result)
        -:   78:        {
    #####:   79:	  _ForwardIterator __cur = __result;
        -:   80:	  __try
        -:   81:	    {
    #####:   82:	      for (; __first != __last; ++__first, (void)++__cur)
call    0 never executed
branch  1 never executed
branch  2 never executed
branch  3 never executed
branch  4 never executed
call    5 never executed
    #####:   83:		std::_Construct(std::__addressof(*__cur), *__first);
call    0 never executed
call    1 never executed
call    2 never executed
    #####:   84:	      return __cur;
        -:   85:	    }
    =====:   86:	  __catch(...)
call    0 never executed
call    1 never executed
        -:   87:	    {
    =====:   88:	      std::_Destroy(__result, __cur);
call    0 never executed
branch  1 never executed
branch  2 never executed
    =====:   89:	      __throw_exception_again;
call    0 never executed
        -:   90:	    }
        -:   91:	}
------------------
_ZNSt20__uninitialized_copyILb0EE13__uninit_copyIN9__gnu_cxx17__normal_iteratorIPKN5Catch8TestCaseESt6vectorIS5_SaIS5_EEEEPS5_EET0_T_SE_SD_:
function _ZNSt20__uninitialized_copyILb0EE13__uninit_copyIN9__gnu_cxx17__normal_iteratorIPKN5Catch8TestCaseESt6vectorIS5_SaIS5_EEEEPS5_EET0_T_SE_SD_ called 1 returned 100% blocks executed 69%
        1:   76:        __uninit_copy(_InputIterator __first, _InputIterator __last,
        -:   77:		      _ForwardIterator __result)
        -:   78:        {
        1:   79:	  _ForwardIterator __cur = __result;
        -:   80:	  __try
        -:   81:	    {
        3:   82:	      for (; __first != __last; ++__first, (void)++__cur)
call    0 returned 100%
branch  1 taken 67% (fallthrough)
branch  2 taken 33%
call    3 returned 100%
        2:   83:		std::_Construct(std::__addressof(*__cur), *__first);
call    0 returned 100%
call    1 returned 100%
call    2 returned 100%
branch  3 taken 100% (fallthrough)
branch  4 taken 0% (throw)
        1:   84:	      return __cur;
        -:   85:	    }
    =====:   86:	  __catch(...)
call    0 never executed
call    1 never executed
        -:   87:	    {
    =====:   88:	      std::_Destroy(__result, __cur);
call    0 never executed
branch  1 never executed
branch  2 never executed
    =====:   89:	      __throw_exception_again;
call    0 never executed
        -:   90:	    }
        -:   91:	}
------------------
_ZNSt20__uninitialized_copyILb0EE13__uninit_copyIPN5Catch5clara6detail3ArgES6_EET0_T_S8_S7_:
function _ZNSt20__uninitialized_copyILb0EE13__uninit_copyIPN5Catch5clara6detail3ArgES6_EET0_T_S8_S7_ called 0 returned 0% blocks executed 0%
    #####:   76:        __uninit_copy(_InputIterator __first, _InputIterator __last,
        -:   77:		      _ForwardIterator __result)
        -:   78:        {
    #####:   79:	  _ForwardIterator __cur = __result;
        -:   80:	  __try
        -:   81:	    {
    #####:   82:	      for (; __first != __last; ++__first, (void)++__cur)
branch  0 never executed
branch  1 never executed
    #####:   83:		std::_Construct(std::__addressof(*__cur), *__first);
call    0 never executed
call    1 never executed
branch  2 never executed
branch  3 never executed
    #####:   84:	      return __cur;
        -:   85:	    }
    =====:   86:	  __catch(...)
call    0 never executed
call    1 never executed
        -:   87:	    {
    =====:   88:	      std::_Destroy(__result, __cur);
call    0 never executed
branch  1 never executed
branch  2 never executed
    =====:   89:	      __throw_exception_again;
call    0 never executed
        -:   90:	    }
        -:   91:	}
------------------
_ZNSt20__uninitialized_copyILb0EE13__uninit_copyIPN5Catch5clara6detail3OptES6_EET0_T_S8_S7_:
function _ZNSt20__uninitialized_copyILb0EE13__uninit_copyIPN5Catch5clara6detail3OptES6_EET0_T_S8_S7_ called 0 returned 0% blocks executed 0%
    #####:   76:        __uninit_copy(_InputIterator __first, _InputIterator __last,
        -:   77:		      _ForwardIterator __result)
        -:   78:        {
    #####:   79:	  _ForwardIterator __cur = __result;
        -:   80:	  __try
        -:   81:	    {
    #####:   82:	      for (; __first != __last; ++__first, (void)++__cur)
branch  0 never executed
branch  1 never executed
    #####:   83:		std::_Construct(std::__addressof(*__cur), *__first);
call    0 never executed
call    1 never executed
branch  2 never executed
branch  3 never executed
    #####:   84:	      return __cur;
        -:   85:	    }
    =====:   86:	  __catch(...)
call    0 never executed
call    1 never executed
        -:   87:	    {
    =====:   88:	      std::_Destroy(__result, __cur);
call    0 never executed
branch  1 never executed
branch  2 never executed
    =====:   89:	      __throw_exception_again;
call    0 never executed
        -:   90:	    }
        -:   91:	}
------------------
_ZNSt20__uninitialized_copyILb0EE13__uninit_copyIPNSt7__cxx1112basic_stringIcSt11char_traitsIcESaIcEEES8_EET0_T_SA_S9_:
function _ZNSt20__uninitialized_copyILb0EE13__uninit_copyIPNSt7__cxx1112basic_stringIcSt11char_traitsIcESaIcEEES8_EET0_T_SA_S9_ called 0 returned 0% blocks executed 0%
    #####:   76:        __uninit_copy(_InputIterator __first, _InputIterator __last,
        -:   77:		      _ForwardIterator __result)
        -:   78:        {
    #####:   79:	  _ForwardIterator __cur = __result;
        -:   80:	  __try
        -:   81:	    {
    #####:   82:	      for (; __first != __last; ++__first, (void)++__cur)
branch  0 never executed
branch  1 never executed
    #####:   83:		std::_Construct(std::__addressof(*__cur), *__first);
call    0 never executed
call    1 never executed
branch  2 never executed
branch  3 never executed
    #####:   84:	      return __cur;
        -:   85:	    }
    =====:   86:	  __catch(...)
call    0 never executed
call    1 never executed
        -:   87:	    {
    =====:   88:	      std::_Destroy(__result, __cur);
call    0 never executed
branch  1 never executed
branch  2 never executed
    =====:   89:	      __throw_exception_again;
call    0 never executed
        -:   90:	    }
        -:   91:	}
------------------
_ZNSt20__uninitialized_copyILb0EE13__uninit_copyIN9__gnu_cxx17__normal_iteratorIPKN5Catch8TestSpec6FilterESt6vectorIS6_SaIS6_EEEEPS6_EET0_T_SF_SE_:
function _ZNSt20__uninitialized_copyILb0EE13__uninit_copyIN9__gnu_cxx17__normal_iteratorIPKN5Catch8TestSpec6FilterESt6vectorIS6_SaIS6_EEEEPS6_EET0_T_SF_SE_ called 1 returned 100% blocks executed 38%
        1:   76:        __uninit_copy(_InputIterator __first, _InputIterator __last,
        -:   77:		      _ForwardIterator __result)
        -:   78:        {
        1:   79:	  _ForwardIterator __cur = __result;
        -:   80:	  __try
        -:   81:	    {
       1*:   82:	      for (; __first != __last; ++__first, (void)++__cur)
call    0 returned 100%
branch  1 taken 0% (fallthrough)
branch  2 taken 100%
call    3 never executed
    #####:   83:		std::_Construct(std::__addressof(*__cur), *__first);
call    0 never executed
call    1 never executed
call    2 never executed
branch  3 never executed
branch  4 never executed
        1:   84:	      return __cur;
        -:   85:	    }
    =====:   86:	  __catch(...)
call    0 never executed
call    1 never executed
        -:   87:	    {
    =====:   88:	      std::_Destroy(__result, __cur);
call    0 never executed
branch  1 never executed
branch  2 never executed
    =====:   89:	      __throw_exception_again;
call    0 never executed
        -:   90:	    }
        -:   91:	}
------------------
_ZNSt20__uninitialized_copyILb0EE13__uninit_copyIN9__gnu_cxx17__normal_iteratorIPKN5Catch11MessageInfoESt6vectorIS5_SaIS5_EEEEPS5_EET0_T_SE_SD_:
function _ZNSt20__uninitialized_copyILb0EE13__uninit_copyIN9__gnu_cxx17__normal_iteratorIPKN5Catch11MessageInfoESt6vectorIS5_SaIS5_EEEEPS5_EET0_T_SE_SD_ called 0 returned 0% blocks executed 0%
    #####:   76:        __uninit_copy(_InputIterator __first, _InputIterator __last,
        -:   77:		      _ForwardIterator __result)
        -:   78:        {
    #####:   79:	  _ForwardIterator __cur = __result;
        -:   80:	  __try
        -:   81:	    {
    #####:   82:	      for (; __first != __last; ++__first, (void)++__cur)
call    0 never executed
branch  1 never executed
branch  2 never executed
call    3 never executed
    #####:   83:		std::_Construct(std::__addressof(*__cur), *__first);
call    0 never executed
call    1 never executed
call    2 never executed
branch  3 never executed
branch  4 never executed
    #####:   84:	      return __cur;
        -:   85:	    }
    =====:   86:	  __catch(...)
call    0 never executed
call    1 never executed
        -:   87:	    {
    =====:   88:	      std::_Destroy(__result, __cur);
call    0 never executed
branch  1 never executed
branch  2 never executed
    =====:   89:	      __throw_exception_again;
call    0 never executed
        -:   90:	    }
        -:   91:	}
------------------
_ZNSt20__uninitialized_copyILb0EE13__uninit_copyIN9__gnu_cxx17__normal_iteratorIPKNSt7__cxx1112basic_stringIcSt11char_traitsIcESaIcEEESt6vectorIS9_SaIS9_EEEEPS9_EET0_T_SI_SH_:
function _ZNSt20__uninitialized_copyILb0EE13__uninit_copyIN9__gnu_cxx17__normal_iteratorIPKNSt7__cxx1112basic_stringIcSt11char_traitsIcESaIcEEESt6vectorIS9_SaIS9_EEEEPS9_EET0_T_SI_SH_ called 952 returned 100% blocks executed 69%
      952:   76:        __uninit_copy(_InputIterator __first, _InputIterator __last,
        -:   77:		      _ForwardIterator __result)
        -:   78:        {
      952:   79:	  _ForwardIterator __cur = __result;
        -:   80:	  __try
        -:   81:	    {
     2736:   82:	      for (; __first != __last; ++__first, (void)++__cur)
call    0 returned 100%
branch  1 taken 65% (fallthrough)
branch  2 taken 35%
call    3 returned 100%
     1784:   83:		std::_Construct(std::__addressof(*__cur), *__first);
call    0 returned 100%
call    1 returned 100%
call    2 returned 100%
branch  3 taken 100% (fallthrough)
branch  4 taken 0% (throw)
      952:   84:	      return __cur;
        -:   85:	    }
    =====:   86:	  __catch(...)
call    0 never executed
call    1 never executed
        -:   87:	    {
    =====:   88:	      std::_Destroy(__result, __cur);
call    0 never executed
branch  1 never executed
branch  2 never executed
    =====:   89:	      __throw_exception_again;
call    0 never executed
        -:   90:	    }
        -:   91:	}
------------------
_ZNSt20__uninitialized_copyILb0EE13__uninit_copyIN9__gnu_cxx17__normal_iteratorIPKN5Catch5clara6detail5TokenESt6vectorIS7_SaIS7_EEEEPS7_EET0_T_SG_SF_:
function _ZNSt20__uninitialized_copyILb0EE13__uninit_copyIN9__gnu_cxx17__normal_iteratorIPKN5Catch5clara6detail5TokenESt6vectorIS7_SaIS7_EEEEPS7_EET0_T_SG_SF_ called 4 returned 100% blocks executed 38%
        4:   76:        __uninit_copy(_InputIterator __first, _InputIterator __last,
        -:   77:		      _ForwardIterator __result)
        -:   78:        {
        4:   79:	  _ForwardIterator __cur = __result;
        -:   80:	  __try
        -:   81:	    {
       4*:   82:	      for (; __first != __last; ++__first, (void)++__cur)
call    0 returned 100%
branch  1 taken 0% (fallthrough)
branch  2 taken 100%
call    3 never executed
    #####:   83:		std::_Construct(std::__addressof(*__cur), *__first);
call    0 never executed
call    1 never executed
call    2 never executed
branch  3 never executed
branch  4 never executed
        4:   84:	      return __cur;
        -:   85:	    }
    =====:   86:	  __catch(...)
call    0 never executed
call    1 never executed
        -:   87:	    {
    =====:   88:	      std::_Destroy(__result, __cur);
call    0 never executed
branch  1 never executed
branch  2 never executed
    =====:   89:	      __throw_exception_again;
call    0 never executed
        -:   90:	    }
        -:   91:	}
------------------
_ZNSt20__uninitialized_copyILb0EE13__uninit_copyIN9__gnu_cxx17__normal_iteratorIPKN5Catch5clara8TextFlow6ColumnESt6vectorIS7_SaIS7_EEEEPS7_EET0_T_SG_SF_:
function _ZNSt20__uninitialized_copyILb0EE13__uninit_copyIN9__gnu_cxx17__normal_iteratorIPKN5Catch5clara8TextFlow6ColumnESt6vectorIS7_SaIS7_EEEEPS7_EET0_T_SG_SF_ called 0 returned 0% blocks executed 0%
    #####:   76:        __uninit_copy(_InputIterator __first, _InputIterator __last,
        -:   77:		      _ForwardIterator __result)
        -:   78:        {
    #####:   79:	  _ForwardIterator __cur = __result;
        -:   80:	  __try
        -:   81:	    {
    #####:   82:	      for (; __first != __last; ++__first, (void)++__cur)
call    0 never executed
branch  1 never executed
branch  2 never executed
call    3 never executed
    #####:   83:		std::_Construct(std::__addressof(*__cur), *__first);
call    0 never executed
call    1 never executed
call    2 never executed
branch  3 never executed
branch  4 never executed
    #####:   84:	      return __cur;
        -:   85:	    }
    =====:   86:	  __catch(...)
call    0 never executed
call    1 never executed
        -:   87:	    {
    =====:   88:	      std::_Destroy(__result, __cur);
call    0 never executed
branch  1 never executed
branch  2 never executed
    =====:   89:	      __throw_exception_again;
call    0 never executed
        -:   90:	    }
        -:   91:	}
------------------
_ZNSt20__uninitialized_copyILb0EE13__uninit_copyISt13move_iteratorIPSt10shared_ptrIN5Catch22CumulativeReporterBaseINS4_13JunitReporterEE4NodeINS4_13TestCaseStatsENS7_11SectionNodeEEEEESD_EET0_T_SG_SF_:
function _ZNSt20__uninitialized_copyILb0EE13__uninit_copyISt13move_iteratorIPSt10shared_ptrIN5Catch22CumulativeReporterBaseINS4_13JunitReporterEE4NodeINS4_13TestCaseStatsENS7_11SectionNodeEEEEESD_EET0_T_SG_SF_ called 0 returned 0% blocks executed 0%
    #####:   76:        __uninit_copy(_InputIterator __first, _InputIterator __last,
        -:   77:		      _ForwardIterator __result)
        -:   78:        {
    #####:   79:	  _ForwardIterator __cur = __result;
        -:   80:	  __try
        -:   81:	    {
    #####:   82:	      for (; __first != __last; ++__first, (void)++__cur)
call    0 never executed
branch  1 never executed
branch  2 never executed
branch  3 never executed
branch  4 never executed
call    5 never executed
    #####:   83:		std::_Construct(std::__addressof(*__cur), *__first);
call    0 never executed
call    1 never executed
call    2 never executed
    #####:   84:	      return __cur;
        -:   85:	    }
    =====:   86:	  __catch(...)
call    0 never executed
call    1 never executed
        -:   87:	    {
    =====:   88:	      std::_Destroy(__result, __cur);
call    0 never executed
branch  1 never executed
branch  2 never executed
    =====:   89:	      __throw_exception_again;
call    0 never executed
        -:   90:	    }
        -:   91:	}
------------------
_ZNSt20__uninitialized_copyILb0EE13__uninit_copyISt13move_iteratorIPSt4pairINSt7__cxx1112basic_stringIcSt11char_traitsIcESaIcEEES9_EESB_EET0_T_SE_SD_:
function _ZNSt20__uninitialized_copyILb0EE13__uninit_copyISt13move_iteratorIPSt4pairINSt7__cxx1112basic_stringIcSt11char_traitsIcESaIcEEES9_EESB_EET0_T_SE_SD_ called 0 returned 0% blocks executed 0%
    #####:   76:        __uninit_copy(_InputIterator __first, _InputIterator __last,
        -:   77:		      _ForwardIterator __result)
        -:   78:        {
    #####:   79:	  _ForwardIterator __cur = __result;
        -:   80:	  __try
        -:   81:	    {
    #####:   82:	      for (; __first != __last; ++__first, (void)++__cur)
call    0 never executed
branch  1 never executed
branch  2 never executed
branch  3 never executed
branch  4 never executed
call    5 never executed
    #####:   83:		std::_Construct(std::__addressof(*__cur), *__first);
call    0 never executed
call    1 never executed
call    2 never executed
    #####:   84:	      return __cur;
        -:   85:	    }
    =====:   86:	  __catch(...)
call    0 never executed
call    1 never executed
        -:   87:	    {
    =====:   88:	      std::_Destroy(__result, __cur);
call    0 never executed
branch  1 never executed
branch  2 never executed
    =====:   89:	      __throw_exception_again;
call    0 never executed
        -:   90:	    }
        -:   91:	}
------------------
_ZNSt20__uninitialized_copyILb0EE13__uninit_copyISt13move_iteratorIPSt4pairIccEES5_EET0_T_S8_S7_:
function _ZNSt20__uninitialized_copyILb0EE13__uninit_copyISt13move_iteratorIPSt4pairIccEES5_EET0_T_S8_S7_ called 0 returned 0% blocks executed 0%
    #####:   76:        __uninit_copy(_InputIterator __first, _InputIterator __last,
        -:   77:		      _ForwardIterator __result)
        -:   78:        {
    #####:   79:	  _ForwardIterator __cur = __result;
        -:   80:	  __try
        -:   81:	    {
    #####:   82:	      for (; __first != __last; ++__first, (void)++__cur)
call    0 never executed
branch  1 never executed
branch  2 never executed
branch  3 never executed
branch  4 never executed
call    5 never executed
    #####:   83:		std::_Construct(std::__addressof(*__cur), *__first);
call    0 never executed
call    1 never executed
call    2 never executed
    #####:   84:	      return __cur;
        -:   85:	    }
    =====:   86:	  __catch(...)
call    0 never executed
call    1 never executed
        -:   87:	    {
    =====:   88:	      std::_Destroy(__result, __cur);
call    0 never executed
branch  1 never executed
branch  2 never executed
    =====:   89:	      __throw_exception_again;
call    0 never executed
        -:   90:	    }
        -:   91:	}
------------------
_ZNSt20__uninitialized_copyILb0EE13__uninit_copyIN9__gnu_cxx17__normal_iteratorIPKSt4pairINSt7__cxx1112basic_stringIcSt11char_traitsIcESaIcEEESA_ESt6vectorISB_SaISB_EEEEPSB_EET0_T_SK_SJ_:
function _ZNSt20__uninitialized_copyILb0EE13__uninit_copyIN9__gnu_cxx17__normal_iteratorIPKSt4pairINSt7__cxx1112basic_stringIcSt11char_traitsIcESaIcEEESA_ESt6vectorISB_SaISB_EEEEPSB_EET0_T_SK_SJ_ called 0 returned 0% blocks executed 0%
    #####:   76:        __uninit_copy(_InputIterator __first, _InputIterator __last,
        -:   77:		      _ForwardIterator __result)
        -:   78:        {
    #####:   79:	  _ForwardIterator __cur = __result;
        -:   80:	  __try
        -:   81:	    {
    #####:   82:	      for (; __first != __last; ++__first, (void)++__cur)
call    0 never executed
branch  1 never executed
branch  2 never executed
call    3 never executed
    #####:   83:		std::_Construct(std::__addressof(*__cur), *__first);
call    0 never executed
call    1 never executed
call    2 never executed
branch  3 never executed
branch  4 never executed
    #####:   84:	      return __cur;
        -:   85:	    }
    =====:   86:	  __catch(...)
call    0 never executed
call    1 never executed
        -:   87:	    {
    =====:   88:	      std::_Destroy(__result, __cur);
call    0 never executed
branch  1 never executed
branch  2 never executed
    =====:   89:	      __throw_exception_again;
call    0 never executed
        -:   90:	    }
        -:   91:	}
------------------
_ZNSt20__uninitialized_copyILb0EE13__uninit_copyIN9__gnu_cxx17__normal_iteratorIPKNSt7__cxx1112regex_traitsIcE10_RegexMaskESt6vectorIS7_SaIS7_EEEEPS7_EET0_T_SG_SF_:
function _ZNSt20__uninitialized_copyILb0EE13__uninit_copyIN9__gnu_cxx17__normal_iteratorIPKNSt7__cxx1112regex_traitsIcE10_RegexMaskESt6vectorIS7_SaIS7_EEEEPS7_EET0_T_SG_SF_ called 0 returned 0% blocks executed 0%
    #####:   76:        __uninit_copy(_InputIterator __first, _InputIterator __last,
        -:   77:		      _ForwardIterator __result)
        -:   78:        {
    #####:   79:	  _ForwardIterator __cur = __result;
        -:   80:	  __try
        -:   81:	    {
    #####:   82:	      for (; __first != __last; ++__first, (void)++__cur)
call    0 never executed
branch  1 never executed
branch  2 never executed
call    3 never executed
    #####:   83:		std::_Construct(std::__addressof(*__cur), *__first);
call    0 never executed
call    1 never executed
call    2 never executed
    #####:   84:	      return __cur;
        -:   85:	    }
        -:   86:	  __catch(...)
        -:   87:	    {
        -:   88:	      std::_Destroy(__result, __cur);
        -:   89:	      __throw_exception_again;
        -:   90:	    }
        -:   91:	}
------------------
_ZNSt20__uninitialized_copyILb0EE13__uninit_copyIN9__gnu_cxx17__normal_iteratorIPKSt4pairIccESt6vectorIS5_SaIS5_EEEEPS5_EET0_T_SE_SD_:
function _ZNSt20__uninitialized_copyILb0EE13__uninit_copyIN9__gnu_cxx17__normal_iteratorIPKSt4pairIccESt6vectorIS5_SaIS5_EEEEPS5_EET0_T_SE_SD_ called 0 returned 0% blocks executed 0%
    #####:   76:        __uninit_copy(_InputIterator __first, _InputIterator __last,
        -:   77:		      _ForwardIterator __result)
        -:   78:        {
    #####:   79:	  _ForwardIterator __cur = __result;
        -:   80:	  __try
        -:   81:	    {
    #####:   82:	      for (; __first != __last; ++__first, (void)++__cur)
call    0 never executed
branch  1 never executed
branch  2 never executed
call    3 never executed
    #####:   83:		std::_Construct(std::__addressof(*__cur), *__first);
call    0 never executed
call    1 never executed
call    2 never executed
    #####:   84:	      return __cur;
        -:   85:	    }
        -:   86:	  __catch(...)
        -:   87:	    {
        -:   88:	      std::_Destroy(__result, __cur);
        -:   89:	      __throw_exception_again;
        -:   90:	    }
        -:   91:	}
------------------
_ZNSt20__uninitialized_copyILb0EE13__uninit_copyISt13move_iteratorIPNSt7__cxx1112regex_traitsIcE10_RegexMaskEES7_EET0_T_SA_S9_:
function _ZNSt20__uninitialized_copyILb0EE13__uninit_copyISt13move_iteratorIPNSt7__cxx1112regex_traitsIcE10_RegexMaskEES7_EET0_T_SA_S9_ called 0 returned 0% blocks executed 0%
    #####:   76:        __uninit_copy(_InputIterator __first, _InputIterator __last,
        -:   77:		      _ForwardIterator __result)
        -:   78:        {
    #####:   79:	  _ForwardIterator __cur = __result;
        -:   80:	  __try
        -:   81:	    {
    #####:   82:	      for (; __first != __last; ++__first, (void)++__cur)
call    0 never executed
branch  1 never executed
branch  2 never executed
branch  3 never executed
branch  4 never executed
call    5 never executed
    #####:   83:		std::_Construct(std::__addressof(*__cur), *__first);
call    0 never executed
call    1 never executed
call    2 never executed
    #####:   84:	      return __cur;
        -:   85:	    }
    =====:   86:	  __catch(...)
call    0 never executed
call    1 never executed
        -:   87:	    {
    =====:   88:	      std::_Destroy(__result, __cur);
call    0 never executed
branch  1 never executed
branch  2 never executed
    =====:   89:	      __throw_exception_again;
call    0 never executed
        -:   90:	    }
        -:   91:	}
------------------
_ZNSt20__uninitialized_copyILb0EE13__uninit_copyISt13move_iteratorIPSt4pairIlSt6vectorINSt7__cxx119sub_matchIN9__gnu_cxx17__normal_iteratorIPKcNS5_12basic_stringIcSt11char_traitsIcESaIcEEEEEEESaISH_EEEESL_EET0_T_SO_SN_:
function _ZNSt20__uninitialized_copyILb0EE13__uninit_copyISt13move_iteratorIPSt4pairIlSt6vectorINSt7__cxx119sub_matchIN9__gnu_cxx17__normal_iteratorIPKcNS5_12basic_stringIcSt11char_traitsIcESaIcEEEEEEESaISH_EEEESL_EET0_T_SO_SN_ called 0 returned 0% blocks executed 0%
    #####:   76:        __uninit_copy(_InputIterator __first, _InputIterator __last,
        -:   77:		      _ForwardIterator __result)
        -:   78:        {
    #####:   79:	  _ForwardIterator __cur = __result;
        -:   80:	  __try
        -:   81:	    {
    #####:   82:	      for (; __first != __last; ++__first, (void)++__cur)
call    0 never executed
branch  1 never executed
branch  2 never executed
branch  3 never executed
branch  4 never executed
call    5 never executed
    #####:   83:		std::_Construct(std::__addressof(*__cur), *__first);
call    0 never executed
call    1 never executed
call    2 never executed
    #####:   84:	      return __cur;
        -:   85:	    }
    =====:   86:	  __catch(...)
call    0 never executed
call    1 never executed
        -:   87:	    {
    =====:   88:	      std::_Destroy(__result, __cur);
call    0 never executed
branch  1 never executed
branch  2 never executed
    =====:   89:	      __throw_exception_again;
call    0 never executed
        -:   90:	    }
        -:   91:	}
------------------
_ZNSt20__uninitialized_copyILb0EE13__uninit_copyIPKNSt8__detail6_StateIcEEPS4_EET0_T_S9_S8_:
function _ZNSt20__uninitialized_copyILb0EE13__uninit_copyIPKNSt8__detail6_StateIcEEPS4_EET0_T_S9_S8_ called 0 returned 0% blocks executed 0%
    #####:   76:        __uninit_copy(_InputIterator __first, _InputIterator __last,
        -:   77:		      _ForwardIterator __result)
        -:   78:        {
    #####:   79:	  _ForwardIterator __cur = __result;
        -:   80:	  __try
        -:   81:	    {
    #####:   82:	      for (; __first != __last; ++__first, (void)++__cur)
branch  0 never executed
branch  1 never executed
    #####:   83:		std::_Construct(std::__addressof(*__cur), *__first);
call    0 never executed
call    1 never executed
branch  2 never executed
branch  3 never executed
    #####:   84:	      return __cur;
        -:   85:	    }
    =====:   86:	  __catch(...)
call    0 never executed
call    1 never executed
        -:   87:	    {
    =====:   88:	      std::_Destroy(__result, __cur);
call    0 never executed
branch  1 never executed
branch  2 never executed
    =====:   89:	      __throw_exception_again;
call    0 never executed
        -:   90:	    }
        -:   91:	}
------------------
_ZNSt20__uninitialized_copyILb0EE13__uninit_copyIN9__gnu_cxx17__normal_iteratorIPKNSt7__cxx119sub_matchINS3_IPKcNS4_12basic_stringIcSt11char_traitsIcESaIcEEEEEEESt6vectorISE_SaISE_EEEEPSE_EET0_T_SN_SM_:
function _ZNSt20__uninitialized_copyILb0EE13__uninit_copyIN9__gnu_cxx17__normal_iteratorIPKNSt7__cxx119sub_matchINS3_IPKcNS4_12basic_stringIcSt11char_traitsIcESaIcEEEEEEESt6vectorISE_SaISE_EEEEPSE_EET0_T_SN_SM_ called 0 returned 0% blocks executed 0%
    #####:   76:        __uninit_copy(_InputIterator __first, _InputIterator __last,
        -:   77:		      _ForwardIterator __result)
        -:   78:        {
    #####:   79:	  _ForwardIterator __cur = __result;
        -:   80:	  __try
        -:   81:	    {
    #####:   82:	      for (; __first != __last; ++__first, (void)++__cur)
call    0 never executed
branch  1 never executed
branch  2 never executed
call    3 never executed
    #####:   83:		std::_Construct(std::__addressof(*__cur), *__first);
call    0 never executed
call    1 never executed
call    2 never executed
    #####:   84:	      return __cur;
        -:   85:	    }
        -:   86:	  __catch(...)
        -:   87:	    {
        -:   88:	      std::_Destroy(__result, __cur);
        -:   89:	      __throw_exception_again;
        -:   90:	    }
        -:   91:	}
------------------
_ZNSt20__uninitialized_copyILb0EE13__uninit_copyIPNSt7__cxx119sub_matchIN9__gnu_cxx17__normal_iteratorIPKcNS2_12basic_stringIcSt11char_traitsIcESaIcEEEEEEESF_EET0_T_SH_SG_:
function _ZNSt20__uninitialized_copyILb0EE13__uninit_copyIPNSt7__cxx119sub_matchIN9__gnu_cxx17__normal_iteratorIPKcNS2_12basic_stringIcSt11char_traitsIcESaIcEEEEEEESF_EET0_T_SH_SG_ called 0 returned 0% blocks executed 0%
    #####:   76:        __uninit_copy(_InputIterator __first, _InputIterator __last,
        -:   77:		      _ForwardIterator __result)
        -:   78:        {
    #####:   79:	  _ForwardIterator __cur = __result;
        -:   80:	  __try
        -:   81:	    {
    #####:   82:	      for (; __first != __last; ++__first, (void)++__cur)
branch  0 never executed
branch  1 never executed
    #####:   83:		std::_Construct(std::__addressof(*__cur), *__first);
call    0 never executed
call    1 never executed
    #####:   84:	      return __cur;
        -:   85:	    }
        -:   86:	  __catch(...)
        -:   87:	    {
        -:   88:	      std::_Destroy(__result, __cur);
        -:   89:	      __throw_exception_again;
        -:   90:	    }
        -:   91:	}
------------------
_ZNSt20__uninitialized_copyILb0EE13__uninit_copyISt13move_iteratorIPNSt7__cxx119sub_matchIN9__gnu_cxx17__normal_iteratorIPKcNS3_12basic_stringIcSt11char_traitsIcESaIcEEEEEEEESG_EET0_T_SJ_SI_:
function _ZNSt20__uninitialized_copyILb0EE13__uninit_copyISt13move_iteratorIPNSt7__cxx119sub_matchIN9__gnu_cxx17__normal_iteratorIPKcNS3_12basic_stringIcSt11char_traitsIcESaIcEEEEEEEESG_EET0_T_SJ_SI_ called 0 returned 0% blocks executed 0%
    #####:   76:        __uninit_copy(_InputIterator __first, _InputIterator __last,
        -:   77:		      _ForwardIterator __result)
        -:   78:        {
    #####:   79:	  _ForwardIterator __cur = __result;
        -:   80:	  __try
        -:   81:	    {
    #####:   82:	      for (; __first != __last; ++__first, (void)++__cur)
call    0 never executed
branch  1 never executed
branch  2 never executed
branch  3 never executed
branch  4 never executed
call    5 never executed
    #####:   83:		std::_Construct(std::__addressof(*__cur), *__first);
call    0 never executed
call    1 never executed
call    2 never executed
    #####:   84:	      return __cur;
        -:   85:	    }
    =====:   86:	  __catch(...)
call    0 never executed
call    1 never executed
        -:   87:	    {
    =====:   88:	      std::_Destroy(__result, __cur);
call    0 never executed
branch  1 never executed
branch  2 never executed
    =====:   89:	      __throw_exception_again;
call    0 never executed
        -:   90:	    }
        -:   91:	}
------------------
_ZNSt20__uninitialized_copyILb0EE13__uninit_copyISt13move_iteratorIPSt10unique_ptrIN5Catch18IStreamingReporterESt14default_deleteIS5_EEES9_EET0_T_SC_SB_:
function _ZNSt20__uninitialized_copyILb0EE13__uninit_copyISt13move_iteratorIPSt10unique_ptrIN5Catch18IStreamingReporterESt14default_deleteIS5_EEES9_EET0_T_SC_SB_ called 0 returned 0% blocks executed 0%
    #####:   76:        __uninit_copy(_InputIterator __first, _InputIterator __last,
        -:   77:		      _ForwardIterator __result)
        -:   78:        {
    #####:   79:	  _ForwardIterator __cur = __result;
        -:   80:	  __try
        -:   81:	    {
    #####:   82:	      for (; __first != __last; ++__first, (void)++__cur)
call    0 never executed
branch  1 never executed
branch  2 never executed
branch  3 never executed
branch  4 never executed
call    5 never executed
    #####:   83:		std::_Construct(std::__addressof(*__cur), *__first);
call    0 never executed
call    1 never executed
call    2 never executed
    #####:   84:	      return __cur;
        -:   85:	    }
    =====:   86:	  __catch(...)
call    0 never executed
call    1 never executed
        -:   87:	    {
    =====:   88:	      std::_Destroy(__result, __cur);
call    0 never executed
branch  1 never executed
branch  2 never executed
    =====:   89:	      __throw_exception_again;
call    0 never executed
        -:   90:	    }
        -:   91:	}
------------------
_ZNSt20__uninitialized_copyILb0EE13__uninit_copyISt13move_iteratorIPSt10shared_ptrIN5Catch22CumulativeReporterBaseINS4_13JunitReporterEE4NodeINS4_14TestGroupStatsENS8_INS4_13TestCaseStatsENS7_11SectionNodeEEEEEEESF_EET0_T_SI_SH_:
function _ZNSt20__uninitialized_copyILb0EE13__uninit_copyISt13move_iteratorIPSt10shared_ptrIN5Catch22CumulativeReporterBaseINS4_13JunitReporterEE4NodeINS4_14TestGroupStatsENS8_INS4_13TestCaseStatsENS7_11SectionNodeEEEEEEESF_EET0_T_SI_SH_ called 0 returned 0% blocks executed 0%
    #####:   76:        __uninit_copy(_InputIterator __first, _InputIterator __last,
        -:   77:		      _ForwardIterator __result)
        -:   78:        {
    #####:   79:	  _ForwardIterator __cur = __result;
        -:   80:	  __try
        -:   81:	    {
    #####:   82:	      for (; __first != __last; ++__first, (void)++__cur)
call    0 never executed
branch  1 never executed
branch  2 never executed
branch  3 never executed
branch  4 never executed
call    5 never executed
    #####:   83:		std::_Construct(std::__addressof(*__cur), *__first);
call    0 never executed
call    1 never executed
call    2 never executed
    #####:   84:	      return __cur;
        -:   85:	    }
    =====:   86:	  __catch(...)
call    0 never executed
call    1 never executed
        -:   87:	    {
    =====:   88:	      std::_Destroy(__result, __cur);
call    0 never executed
branch  1 never executed
branch  2 never executed
    =====:   89:	      __throw_exception_again;
call    0 never executed
        -:   90:	    }
        -:   91:	}
------------------
_ZNSt20__uninitialized_copyILb0EE13__uninit_copyISt13move_iteratorIPSt10shared_ptrIN5Catch22CumulativeReporterBaseINS4_13JunitReporterEE4NodeINS4_12TestRunStatsENS8_INS4_14TestGroupStatsENS8_INS4_13TestCaseStatsENS7_11SectionNodeEEEEEEEEESH_EET0_T_SK_SJ_:
function _ZNSt20__uninitialized_copyILb0EE13__uninit_copyISt13move_iteratorIPSt10shared_ptrIN5Catch22CumulativeReporterBaseINS4_13JunitReporterEE4NodeINS4_12TestRunStatsENS8_INS4_14TestGroupStatsENS8_INS4_13TestCaseStatsENS7_11SectionNodeEEEEEEEEESH_EET0_T_SK_SJ_ called 0 returned 0% blocks executed 0%
    #####:   76:        __uninit_copy(_InputIterator __first, _InputIterator __last,
        -:   77:		      _ForwardIterator __result)
        -:   78:        {
    #####:   79:	  _ForwardIterator __cur = __result;
        -:   80:	  __try
        -:   81:	    {
    #####:   82:	      for (; __first != __last; ++__first, (void)++__cur)
call    0 never executed
branch  1 never executed
branch  2 never executed
branch  3 never executed
branch  4 never executed
call    5 never executed
    #####:   83:		std::_Construct(std::__addressof(*__cur), *__first);
call    0 never executed
call    1 never executed
call    2 never executed
    #####:   84:	      return __cur;
        -:   85:	    }
    =====:   86:	  __catch(...)
call    0 never executed
call    1 never executed
        -:   87:	    {
    =====:   88:	      std::_Destroy(__result, __cur);
call    0 never executed
branch  1 never executed
branch  2 never executed
    =====:   89:	      __throw_exception_again;
call    0 never executed
        -:   90:	    }
        -:   91:	}
------------------
_ZNSt20__uninitialized_copyILb0EE13__uninit_copyISt13move_iteratorIPSt10shared_ptrIN5Catch22CumulativeReporterBaseINS4_13JunitReporterEE11SectionNodeEEESA_EET0_T_SD_SC_:
function _ZNSt20__uninitialized_copyILb0EE13__uninit_copyISt13move_iteratorIPSt10shared_ptrIN5Catch22CumulativeReporterBaseINS4_13JunitReporterEE11SectionNodeEEESA_EET0_T_SD_SC_ called 0 returned 0% blocks executed 0%
    #####:   76:        __uninit_copy(_InputIterator __first, _InputIterator __last,
        -:   77:		      _ForwardIterator __result)
        -:   78:        {
    #####:   79:	  _ForwardIterator __cur = __result;
        -:   80:	  __try
        -:   81:	    {
    #####:   82:	      for (; __first != __last; ++__first, (void)++__cur)
call    0 never executed
branch  1 never executed
branch  2 never executed
branch  3 never executed
branch  4 never executed
call    5 never executed
    #####:   83:		std::_Construct(std::__addressof(*__cur), *__first);
call    0 never executed
call    1 never executed
call    2 never executed
    #####:   84:	      return __cur;
        -:   85:	    }
    =====:   86:	  __catch(...)
call    0 never executed
call    1 never executed
        -:   87:	    {
    =====:   88:	      std::_Destroy(__result, __cur);
call    0 never executed
branch  1 never executed
branch  2 never executed
    =====:   89:	      __throw_exception_again;
call    0 never executed
        -:   90:	    }
        -:   91:	}
------------------
_ZNSt20__uninitialized_copyILb0EE13__uninit_copyIPKN5Catch14AssertionStatsEPS3_EET0_T_S8_S7_:
function _ZNSt20__uninitialized_copyILb0EE13__uninit_copyIPKN5Catch14AssertionStatsEPS3_EET0_T_S8_S7_ called 0 returned 0% blocks executed 0%
    #####:   76:        __uninit_copy(_InputIterator __first, _InputIterator __last,
        -:   77:		      _ForwardIterator __result)
        -:   78:        {
    #####:   79:	  _ForwardIterator __cur = __result;
        -:   80:	  __try
        -:   81:	    {
    #####:   82:	      for (; __first != __last; ++__first, (void)++__cur)
branch  0 never executed
branch  1 never executed
    #####:   83:		std::_Construct(std::__addressof(*__cur), *__first);
call    0 never executed
call    1 never executed
branch  2 never executed
branch  3 never executed
    #####:   84:	      return __cur;
        -:   85:	    }
    =====:   86:	  __catch(...)
call    0 never executed
call    1 never executed
        -:   87:	    {
    =====:   88:	      std::_Destroy(__result, __cur);
call    0 never executed
branch  1 never executed
branch  2 never executed
    =====:   89:	      __throw_exception_again;
call    0 never executed
        -:   90:	    }
        -:   91:	}
------------------
_ZNSt20__uninitialized_copyILb0EE13__uninit_copyISt13move_iteratorIPN5Catch13SummaryColumnEES5_EET0_T_S8_S7_:
function _ZNSt20__uninitialized_copyILb0EE13__uninit_copyISt13move_iteratorIPN5Catch13SummaryColumnEES5_EET0_T_S8_S7_ called 0 returned 0% blocks executed 0%
    #####:   76:        __uninit_copy(_InputIterator __first, _InputIterator __last,
        -:   77:		      _ForwardIterator __result)
        -:   78:        {
    #####:   79:	  _ForwardIterator __cur = __result;
        -:   80:	  __try
        -:   81:	    {
    #####:   82:	      for (; __first != __last; ++__first, (void)++__cur)
call    0 never executed
branch  1 never executed
branch  2 never executed
branch  3 never executed
branch  4 never executed
call    5 never executed
    #####:   83:		std::_Construct(std::__addressof(*__cur), *__first);
call    0 never executed
call    1 never executed
call    2 never executed
    #####:   84:	      return __cur;
        -:   85:	    }
    =====:   86:	  __catch(...)
call    0 never executed
call    1 never executed
        -:   87:	    {
    =====:   88:	      std::_Destroy(__result, __cur);
call    0 never executed
branch  1 never executed
branch  2 never executed
    =====:   89:	      __throw_exception_again;
call    0 never executed
        -:   90:	    }
        -:   91:	}
------------------
_ZNSt20__uninitialized_copyILb0EE13__uninit_copyISt13move_iteratorIPN5Catch11SectionInfoEES5_EET0_T_S8_S7_:
function _ZNSt20__uninitialized_copyILb0EE13__uninit_copyISt13move_iteratorIPN5Catch11SectionInfoEES5_EET0_T_S8_S7_ called 0 returned 0% blocks executed 0%
    #####:   76:        __uninit_copy(_InputIterator __first, _InputIterator __last,
        -:   77:		      _ForwardIterator __result)
        -:   78:        {
    #####:   79:	  _ForwardIterator __cur = __result;
        -:   80:	  __try
        -:   81:	    {
    #####:   82:	      for (; __first != __last; ++__first, (void)++__cur)
call    0 never executed
branch  1 never executed
branch  2 never executed
branch  3 never executed
branch  4 never executed
call    5 never executed
    #####:   83:		std::_Construct(std::__addressof(*__cur), *__first);
call    0 never executed
call    1 never executed
call    2 never executed
    #####:   84:	      return __cur;
        -:   85:	    }
    =====:   86:	  __catch(...)
call    0 never executed
call    1 never executed
        -:   87:	    {
    =====:   88:	      std::_Destroy(__result, __cur);
call    0 never executed
branch  1 never executed
branch  2 never executed
    =====:   89:	      __throw_exception_again;
call    0 never executed
        -:   90:	    }
        -:   91:	}
------------------
_ZNSt20__uninitialized_copyILb0EE13__uninit_copyIN9__gnu_cxx17__normal_iteratorIPKSt10shared_ptrIN5Catch8TestSpec7PatternEESt6vectorIS8_SaIS8_EEEEPS8_EET0_T_SH_SG_:
function _ZNSt20__uninitialized_copyILb0EE13__uninit_copyIN9__gnu_cxx17__normal_iteratorIPKSt10shared_ptrIN5Catch8TestSpec7PatternEESt6vectorIS8_SaIS8_EEEEPS8_EET0_T_SH_SG_ called 0 returned 0% blocks executed 0%
    #####:   76:        __uninit_copy(_InputIterator __first, _InputIterator __last,
        -:   77:		      _ForwardIterator __result)
        -:   78:        {
    #####:   79:	  _ForwardIterator __cur = __result;
        -:   80:	  __try
        -:   81:	    {
    #####:   82:	      for (; __first != __last; ++__first, (void)++__cur)
call    0 never executed
branch  1 never executed
branch  2 never executed
call    3 never executed
    #####:   83:		std::_Construct(std::__addressof(*__cur), *__first);
call    0 never executed
call    1 never executed
call    2 never executed
    #####:   84:	      return __cur;
        -:   85:	    }
        -:   86:	  __catch(...)
        -:   87:	    {
        -:   88:	      std::_Destroy(__result, __cur);
        -:   89:	      __throw_exception_again;
        -:   90:	    }
        -:   91:	}
------------------
_ZNSt20__uninitialized_copyILb0EE13__uninit_copyISt13move_iteratorIPSt10shared_ptrIN5Catch8TestSpec7PatternEEES8_EET0_T_SB_SA_:
function _ZNSt20__uninitialized_copyILb0EE13__uninit_copyISt13move_iteratorIPSt10shared_ptrIN5Catch8TestSpec7PatternEEES8_EET0_T_SB_SA_ called 0 returned 0% blocks executed 0%
    #####:   76:        __uninit_copy(_InputIterator __first, _InputIterator __last,
        -:   77:		      _ForwardIterator __result)
        -:   78:        {
    #####:   79:	  _ForwardIterator __cur = __result;
        -:   80:	  __try
        -:   81:	    {
    #####:   82:	      for (; __first != __last; ++__first, (void)++__cur)
call    0 never executed
branch  1 never executed
branch  2 never executed
branch  3 never executed
branch  4 never executed
call    5 never executed
    #####:   83:		std::_Construct(std::__addressof(*__cur), *__first);
call    0 never executed
call    1 never executed
call    2 never executed
    #####:   84:	      return __cur;
        -:   85:	    }
    =====:   86:	  __catch(...)
call    0 never executed
call    1 never executed
        -:   87:	    {
    =====:   88:	      std::_Destroy(__result, __cur);
call    0 never executed
branch  1 never executed
branch  2 never executed
    =====:   89:	      __throw_exception_again;
call    0 never executed
        -:   90:	    }
        -:   91:	}
------------------
_ZNSt20__uninitialized_copyILb0EE13__uninit_copyISt13move_iteratorIPN5Catch9StringRefEES5_EET0_T_S8_S7_:
function _ZNSt20__uninitialized_copyILb0EE13__uninit_copyISt13move_iteratorIPN5Catch9StringRefEES5_EET0_T_S8_S7_ called 0 returned 0% blocks executed 0%
    #####:   76:        __uninit_copy(_InputIterator __first, _InputIterator __last,
        -:   77:		      _ForwardIterator __result)
        -:   78:        {
    #####:   79:	  _ForwardIterator __cur = __result;
        -:   80:	  __try
        -:   81:	    {
    #####:   82:	      for (; __first != __last; ++__first, (void)++__cur)
call    0 never executed
branch  1 never executed
branch  2 never executed
branch  3 never executed
branch  4 never executed
call    5 never executed
    #####:   83:		std::_Construct(std::__addressof(*__cur), *__first);
call    0 never executed
call    1 never executed
call    2 never executed
    #####:   84:	      return __cur;
        -:   85:	    }
    =====:   86:	  __catch(...)
call    0 never executed
call    1 never executed
        -:   87:	    {
    =====:   88:	      std::_Destroy(__result, __cur);
call    0 never executed
branch  1 never executed
branch  2 never executed
    =====:   89:	      __throw_exception_again;
call    0 never executed
        -:   90:	    }
        -:   91:	}
------------------
_ZNSt20__uninitialized_copyILb0EE13__uninit_copyISt13move_iteratorIPSt10unique_ptrINSt7__cxx1119basic_ostringstreamIcSt11char_traitsIcESaIcEEESt14default_deleteIS9_EEESD_EET0_T_SG_SF_:
function _ZNSt20__uninitialized_copyILb0EE13__uninit_copyISt13move_iteratorIPSt10unique_ptrINSt7__cxx1119basic_ostringstreamIcSt11char_traitsIcESaIcEEESt14default_deleteIS9_EEESD_EET0_T_SG_SF_ called 0 returned 0% blocks executed 0%
    #####:   76:        __uninit_copy(_InputIterator __first, _InputIterator __last,
        -:   77:		      _ForwardIterator __result)
        -:   78:        {
    #####:   79:	  _ForwardIterator __cur = __result;
        -:   80:	  __try
        -:   81:	    {
    #####:   82:	      for (; __first != __last; ++__first, (void)++__cur)
call    0 never executed
branch  1 never executed
branch  2 never executed
branch  3 never executed
branch  4 never executed
call    5 never executed
    #####:   83:		std::_Construct(std::__addressof(*__cur), *__first);
call    0 never executed
call    1 never executed
call    2 never executed
    #####:   84:	      return __cur;
        -:   85:	    }
    =====:   86:	  __catch(...)
call    0 never executed
call    1 never executed
        -:   87:	    {
    =====:   88:	      std::_Destroy(__result, __cur);
call    0 never executed
branch  1 never executed
branch  2 never executed
    =====:   89:	      __throw_exception_again;
call    0 never executed
        -:   90:	    }
        -:   91:	}
------------------
_ZNSt20__uninitialized_copyILb0EE13__uninit_copyISt13move_iteratorIPSt10unique_ptrIKN5Catch20IExceptionTranslatorESt14default_deleteIS6_EEESA_EET0_T_SD_SC_:
function _ZNSt20__uninitialized_copyILb0EE13__uninit_copyISt13move_iteratorIPSt10unique_ptrIKN5Catch20IExceptionTranslatorESt14default_deleteIS6_EEESA_EET0_T_SD_SC_ called 0 returned 0% blocks executed 0%
    #####:   76:        __uninit_copy(_InputIterator __first, _InputIterator __last,
        -:   77:		      _ForwardIterator __result)
        -:   78:        {
    #####:   79:	  _ForwardIterator __cur = __result;
        -:   80:	  __try
        -:   81:	    {
    #####:   82:	      for (; __first != __last; ++__first, (void)++__cur)
call    0 never executed
branch  1 never executed
branch  2 never executed
branch  3 never executed
branch  4 never executed
call    5 never executed
    #####:   83:		std::_Construct(std::__addressof(*__cur), *__first);
call    0 never executed
call    1 never executed
call    2 never executed
    #####:   84:	      return __cur;
        -:   85:	    }
    =====:   86:	  __catch(...)
call    0 never executed
call    1 never executed
        -:   87:	    {
    =====:   88:	      std::_Destroy(__result, __cur);
call    0 never executed
branch  1 never executed
branch  2 never executed
    =====:   89:	      __throw_exception_again;
call    0 never executed
        -:   90:	    }
        -:   91:	}
------------------
_ZNSt20__uninitialized_copyILb0EE13__uninit_copyISt13move_iteratorIPSt10unique_ptrIN5Catch6Detail8EnumInfoESt14default_deleteIS6_EEESA_EET0_T_SD_SC_:
function _ZNSt20__uninitialized_copyILb0EE13__uninit_copyISt13move_iteratorIPSt10unique_ptrIN5Catch6Detail8EnumInfoESt14default_deleteIS6_EEESA_EET0_T_SD_SC_ called 0 returned 0% blocks executed 0%
    #####:   76:        __uninit_copy(_InputIterator __first, _InputIterator __last,
        -:   77:		      _ForwardIterator __result)
        -:   78:        {
    #####:   79:	  _ForwardIterator __cur = __result;
        -:   80:	  __try
        -:   81:	    {
    #####:   82:	      for (; __first != __last; ++__first, (void)++__cur)
call    0 never executed
branch  1 never executed
branch  2 never executed
branch  3 never executed
branch  4 never executed
call    5 never executed
    #####:   83:		std::_Construct(std::__addressof(*__cur), *__first);
call    0 never executed
call    1 never executed
call    2 never executed
    #####:   84:	      return __cur;
        -:   85:	    }
    =====:   86:	  __catch(...)
call    0 never executed
call    1 never executed
        -:   87:	    {
    =====:   88:	      std::_Destroy(__result, __cur);
call    0 never executed
branch  1 never executed
branch  2 never executed
    =====:   89:	      __throw_exception_again;
call    0 never executed
        -:   90:	    }
        -:   91:	}
------------------
_ZNSt20__uninitialized_copyILb0EE13__uninit_copyISt13move_iteratorIPN5Catch5clara6detail11HelpColumnsEES7_EET0_T_SA_S9_:
function _ZNSt20__uninitialized_copyILb0EE13__uninit_copyISt13move_iteratorIPN5Catch5clara6detail11HelpColumnsEES7_EET0_T_SA_S9_ called 0 returned 0% blocks executed 0%
    #####:   76:        __uninit_copy(_InputIterator __first, _InputIterator __last,
        -:   77:		      _ForwardIterator __result)
        -:   78:        {
    #####:   79:	  _ForwardIterator __cur = __result;
        -:   80:	  __try
        -:   81:	    {
    #####:   82:	      for (; __first != __last; ++__first, (void)++__cur)
call    0 never executed
branch  1 never executed
branch  2 never executed
branch  3 never executed
branch  4 never executed
call    5 never executed
    #####:   83:		std::_Construct(std::__addressof(*__cur), *__first);
call    0 never executed
call    1 never executed
call    2 never executed
    #####:   84:	      return __cur;
        -:   85:	    }
    =====:   86:	  __catch(...)
call    0 never executed
call    1 never executed
        -:   87:	    {
    =====:   88:	      std::_Destroy(__result, __cur);
call    0 never executed
branch  1 never executed
branch  2 never executed
    =====:   89:	      __throw_exception_again;
call    0 never executed
        -:   90:	    }
        -:   91:	}
------------------
_ZNSt20__uninitialized_copyILb0EE13__uninit_copyISt13move_iteratorIPN5Catch8TestSpec6FilterEES6_EET0_T_S9_S8_:
function _ZNSt20__uninitialized_copyILb0EE13__uninit_copyISt13move_iteratorIPN5Catch8TestSpec6FilterEES6_EET0_T_S9_S8_ called 0 returned 0% blocks executed 0%
    #####:   76:        __uninit_copy(_InputIterator __first, _InputIterator __last,
        -:   77:		      _ForwardIterator __result)
        -:   78:        {
    #####:   79:	  _ForwardIterator __cur = __result;
        -:   80:	  __try
        -:   81:	    {
    #####:   82:	      for (; __first != __last; ++__first, (void)++__cur)
call    0 never executed
branch  1 never executed
branch  2 never executed
branch  3 never executed
branch  4 never executed
call    5 never executed
    #####:   83:		std::_Construct(std::__addressof(*__cur), *__first);
call    0 never executed
call    1 never executed
call    2 never executed
    #####:   84:	      return __cur;
        -:   85:	    }
    =====:   86:	  __catch(...)
call    0 never executed
call    1 never executed
        -:   87:	    {
    =====:   88:	      std::_Destroy(__result, __cur);
call    0 never executed
branch  1 never executed
branch  2 never executed
    =====:   89:	      __throw_exception_again;
call    0 never executed
        -:   90:	    }
        -:   91:	}
------------------
[...]
        -:  937:		   _ForwardIterator __result, _Allocator& __alloc)
        -:  938:    noexcept(noexcept(std::__relocate_object_a(std::addressof(*__result),
        -:  939:					       std::addressof(*__first),
        -:  940:					       __alloc)))
        -:  941:    {
        -:  942:      typedef typename iterator_traits<_InputIterator>::value_type
        -:  943:	_ValueType;
        -:  944:      typedef typename iterator_traits<_ForwardIterator>::value_type
        -:  945:	_ValueType2;
        -:  946:      static_assert(std::is_same<_ValueType, _ValueType2>::value,
        -:  947:	  "relocation is only possible for values of the same type");
    #####:  948:      _ForwardIterator __cur = __result;
    #####:  949:      for (; __first != __last; ++__first, (void)++__cur)
branch  0 never executed
branch  1 never executed
    #####:  950:	std::__relocate_object_a(std::__addressof(*__cur),
call    0 never executed
call    1 never executed
call    2 never executed
        -:  951:				 std::__addressof(*__first), __alloc);
    #####:  952:      return __cur;
        -:  953:    }
------------------
_ZSt14__relocate_a_1IPSt10shared_ptrIN5Catch8TestSpec7PatternEES5_SaIS4_EET0_T_S8_S7_RT1_:
function _ZSt14__relocate_a_1IPSt10shared_ptrIN5Catch8TestSpec7PatternEES5_SaIS4_EET0_T_S8_S7_RT1_ called 0 returned 0% blocks executed 0%
    #####:  936:    __relocate_a_1(_InputIterator __first, _InputIterator __last,
        -:  937:		   _ForwardIterator __result, _Allocator& __alloc)
        -:  938:    noexcept(noexcept(std::__relocate_object_a(std::addressof(*__result),
        -:  939:					       std::addressof(*__first),
        -:  940:					       __alloc)))
        -:  941:    {
        -:  942:      typedef typename iterator_traits<_InputIterator>::value_type
        -:  943:	_ValueType;
        -:  944:      typedef typename iterator_traits<_ForwardIterator>::value_type
        -:  945:	_ValueType2;
        -:  946:      static_assert(std::is_same<_ValueType, _ValueType2>::value,
        -:  947:	  "relocation is only possible for values of the same type");
    #####:  948:      _ForwardIterator __cur = __result;
    #####:  949:      for (; __first != __last; ++__first, (void)++__cur)
branch  0 never executed
branch  1 never executed
    #####:  950:	std::__relocate_object_a(std::__addressof(*__cur),
call    0 never executed
call    1 never executed
call    2 never executed
        -:  951:				 std::__addressof(*__first), __alloc);
    #####:  952:      return __cur;
        -:  953:    }
------------------
_ZSt14__relocate_a_1IPN5Catch11SectionInfoES2_SaIS1_EET0_T_S5_S4_RT1_:
function _ZSt14__relocate_a_1IPN5Catch11SectionInfoES2_SaIS1_EET0_T_S5_S4_RT1_ called 2 returned 100% blocks executed 50%
        2:  936:    __relocate_a_1(_InputIterator __first, _InputIterator __last,
        -:  937:		   _ForwardIterator __result, _Allocator& __alloc)
        -:  938:    noexcept(noexcept(std::__relocate_object_a(std::addressof(*__result),
        -:  939:					       std::addressof(*__first),
        -:  940:					       __alloc)))
        -:  941:    {
        -:  942:      typedef typename iterator_traits<_InputIterator>::value_type
        -:  943:	_ValueType;
        -:  944:      typedef typename iterator_traits<_ForwardIterator>::value_type
        -:  945:	_ValueType2;
        -:  946:      static_assert(std::is_same<_ValueType, _ValueType2>::value,
        -:  947:	  "relocation is only possible for values of the same type");
        2:  948:      _ForwardIterator __cur = __result;
       2*:  949:      for (; __first != __last; ++__first, (void)++__cur)
branch  0 taken 0% (fallthrough)
branch  1 taken 100%
    #####:  950:	std::__relocate_object_a(std::__addressof(*__cur),
call    0 never executed
call    1 never executed
call    2 never executed
        -:  951:				 std::__addressof(*__first), __alloc);
        2:  952:      return __cur;
        -:  953:    }
------------------
_ZSt14__relocate_a_1IPN5Catch13SummaryColumnES2_SaIS1_EET0_T_S5_S4_RT1_:
function _ZSt14__relocate_a_1IPN5Catch13SummaryColumnES2_SaIS1_EET0_T_S5_S4_RT1_ called 0 returned 0% blocks executed 0%
    #####:  936:    __relocate_a_1(_InputIterator __first, _InputIterator __last,
        -:  937:		   _ForwardIterator __result, _Allocator& __alloc)
        -:  938:    noexcept(noexcept(std::__relocate_object_a(std::addressof(*__result),
        -:  939:					       std::addressof(*__first),
        -:  940:					       __alloc)))
        -:  941:    {
        -:  942:      typedef typename iterator_traits<_InputIterator>::value_type
        -:  943:	_ValueType;
        -:  944:      typedef typename iterator_traits<_ForwardIterator>::value_type
        -:  945:	_ValueType2;
        -:  946:      static_assert(std::is_same<_ValueType, _ValueType2>::value,
        -:  947:	  "relocation is only possible for values of the same type");
    #####:  948:      _ForwardIterator __cur = __result;
    #####:  949:      for (; __first != __last; ++__first, (void)++__cur)
branch  0 never executed
branch  1 never executed
    #####:  950:	std::__relocate_object_a(std::__addressof(*__cur),
call    0 never executed
call    1 never executed
call    2 never executed
        -:  951:				 std::__addressof(*__first), __alloc);
    #####:  952:      return __cur;
        -:  953:    }
------------------
_ZSt14__relocate_a_1IPSt10shared_ptrIN5Catch22CumulativeReporterBaseINS1_13JunitReporterEE11SectionNodeEES7_SaIS6_EET0_T_SA_S9_RT1_:
function _ZSt14__relocate_a_1IPSt10shared_ptrIN5Catch22CumulativeReporterBaseINS1_13JunitReporterEE11SectionNodeEES7_SaIS6_EET0_T_SA_S9_RT1_ called 0 returned 0% blocks executed 0%
    #####:  936:    __relocate_a_1(_InputIterator __first, _InputIterator __last,
        -:  937:		   _ForwardIterator __result, _Allocator& __alloc)
        -:  938:    noexcept(noexcept(std::__relocate_object_a(std::addressof(*__result),
        -:  939:					       std::addressof(*__first),
        -:  940:					       __alloc)))
        -:  941:    {
        -:  942:      typedef typename iterator_traits<_InputIterator>::value_type
        -:  943:	_ValueType;
        -:  944:      typedef typename iterator_traits<_ForwardIterator>::value_type
        -:  945:	_ValueType2;
        -:  946:      static_assert(std::is_same<_ValueType, _ValueType2>::value,
        -:  947:	  "relocation is only possible for values of the same type");
    #####:  948:      _ForwardIterator __cur = __result;
    #####:  949:      for (; __first != __last; ++__first, (void)++__cur)
branch  0 never executed
branch  1 never executed
    #####:  950:	std::__relocate_object_a(std::__addressof(*__cur),
call    0 never executed
call    1 never executed
call    2 never executed
        -:  951:				 std::__addressof(*__first), __alloc);
    #####:  952:      return __cur;
        -:  953:    }
------------------
_ZSt14__relocate_a_1IPSt10shared_ptrIN5Catch22CumulativeReporterBaseINS1_13JunitReporterEE4NodeINS1_13TestCaseStatsENS4_11SectionNodeEEEESA_SaIS9_EET0_T_SD_SC_RT1_:
function _ZSt14__relocate_a_1IPSt10shared_ptrIN5Catch22CumulativeReporterBaseINS1_13JunitReporterEE4NodeINS1_13TestCaseStatsENS4_11SectionNodeEEEESA_SaIS9_EET0_T_SD_SC_RT1_ called 0 returned 0% blocks executed 0%
    #####:  936:    __relocate_a_1(_InputIterator __first, _InputIterator __last,
        -:  937:		   _ForwardIterator __result, _Allocator& __alloc)
        -:  938:    noexcept(noexcept(std::__relocate_object_a(std::addressof(*__result),
        -:  939:					       std::addressof(*__first),
        -:  940:					       __alloc)))
        -:  941:    {
        -:  942:      typedef typename iterator_traits<_InputIterator>::value_type
        -:  943:	_ValueType;
        -:  944:      typedef typename iterator_traits<_ForwardIterator>::value_type
        -:  945:	_ValueType2;
        -:  946:      static_assert(std::is_same<_ValueType, _ValueType2>::value,
        -:  947:	  "relocation is only possible for values of the same type");
    #####:  948:      _ForwardIterator __cur = __result;
    #####:  949:      for (; __first != __last; ++__first, (void)++__cur)
branch  0 never executed
branch  1 never executed
    #####:  950:	std::__relocate_object_a(std::__addressof(*__cur),
call    0 never executed
call    1 never executed
call    2 never executed
        -:  951:				 std::__addressof(*__first), __alloc);
    #####:  952:      return __cur;
        -:  953:    }
------------------
_ZSt14__relocate_a_1IPSt10shared_ptrIN5Catch22CumulativeReporterBaseINS1_13JunitReporterEE4NodeINS1_14TestGroupStatsENS5_INS1_13TestCaseStatsENS4_11SectionNodeEEEEEESC_SaISB_EET0_T_SF_SE_RT1_:
function _ZSt14__relocate_a_1IPSt10shared_ptrIN5Catch22CumulativeReporterBaseINS1_13JunitReporterEE4NodeINS1_14TestGroupStatsENS5_INS1_13TestCaseStatsENS4_11SectionNodeEEEEEESC_SaISB_EET0_T_SF_SE_RT1_ called 0 returned 0% blocks executed 0%
    #####:  936:    __relocate_a_1(_InputIterator __first, _InputIterator __last,
        -:  937:		   _ForwardIterator __result, _Allocator& __alloc)
        -:  938:    noexcept(noexcept(std::__relocate_object_a(std::addressof(*__result),
        -:  939:					       std::addressof(*__first),
        -:  940:					       __alloc)))
        -:  941:    {
        -:  942:      typedef typename iterator_traits<_InputIterator>::value_type
        -:  943:	_ValueType;
        -:  944:      typedef typename iterator_traits<_ForwardIterator>::value_type
        -:  945:	_ValueType2;
        -:  946:      static_assert(std::is_same<_ValueType, _ValueType2>::value,
        -:  947:	  "relocation is only possible for values of the same type");
    #####:  948:      _ForwardIterator __cur = __result;
    #####:  949:      for (; __first != __last; ++__first, (void)++__cur)
branch  0 never executed
branch  1 never executed
    #####:  950:	std::__relocate_object_a(std::__addressof(*__cur),
call    0 never executed
call    1 never executed
call    2 never executed
        -:  951:				 std::__addressof(*__first), __alloc);
    #####:  952:      return __cur;
        -:  953:    }
------------------
_ZSt14__relocate_a_1IPSt10unique_ptrIN5Catch18IStreamingReporterESt14default_deleteIS2_EES6_SaIS5_EET0_T_S9_S8_RT1_:
function _ZSt14__relocate_a_1IPSt10unique_ptrIN5Catch18IStreamingReporterESt14default_deleteIS2_EES6_SaIS5_EET0_T_S9_S8_RT1_ called 0 returned 0% blocks executed 0%
    #####:  936:    __relocate_a_1(_InputIterator __first, _InputIterator __last,
        -:  937:		   _ForwardIterator __result, _Allocator& __alloc)
        -:  938:    noexcept(noexcept(std::__relocate_object_a(std::addressof(*__result),
        -:  939:					       std::addressof(*__first),
        -:  940:					       __alloc)))
        -:  941:    {
        -:  942:      typedef typename iterator_traits<_InputIterator>::value_type
        -:  943:	_ValueType;
        -:  944:      typedef typename iterator_traits<_ForwardIterator>::value_type
        -:  945:	_ValueType2;
        -:  946:      static_assert(std::is_same<_ValueType, _ValueType2>::value,
        -:  947:	  "relocation is only possible for values of the same type");
    #####:  948:      _ForwardIterator __cur = __result;
    #####:  949:      for (; __first != __last; ++__first, (void)++__cur)
branch  0 never executed
branch  1 never executed
    #####:  950:	std::__relocate_object_a(std::__addressof(*__cur),
call    0 never executed
call    1 never executed
call    2 never executed
        -:  951:				 std::__addressof(*__first), __alloc);
    #####:  952:      return __cur;
        -:  953:    }
------------------
_ZSt14__relocate_a_1IPNSt7__cxx119sub_matchIN9__gnu_cxx17__normal_iteratorIPKcNS0_12basic_stringIcSt11char_traitsIcESaIcEEEEEEESD_SaISC_EET0_T_SG_SF_RT1_:
function _ZSt14__relocate_a_1IPNSt7__cxx119sub_matchIN9__gnu_cxx17__normal_iteratorIPKcNS0_12basic_stringIcSt11char_traitsIcESaIcEEEEEEESD_SaISC_EET0_T_SG_SF_RT1_ called 0 returned 0% blocks executed 0%
    #####:  936:    __relocate_a_1(_InputIterator __first, _InputIterator __last,
        -:  937:		   _ForwardIterator __result, _Allocator& __alloc)
        -:  938:    noexcept(noexcept(std::__relocate_object_a(std::addressof(*__result),
        -:  939:					       std::addressof(*__first),
        -:  940:					       __alloc)))
        -:  941:    {
        -:  942:      typedef typename iterator_traits<_InputIterator>::value_type
        -:  943:	_ValueType;
        -:  944:      typedef typename iterator_traits<_ForwardIterator>::value_type
        -:  945:	_ValueType2;
        -:  946:      static_assert(std::is_same<_ValueType, _ValueType2>::value,
        -:  947:	  "relocation is only possible for values of the same type");
    #####:  948:      _ForwardIterator __cur = __result;
    #####:  949:      for (; __first != __last; ++__first, (void)++__cur)
branch  0 never executed
branch  1 never executed
    #####:  950:	std::__relocate_object_a(std::__addressof(*__cur),
call    0 never executed
call    1 never executed
call    2 never executed
        -:  951:				 std::__addressof(*__first), __alloc);
    #####:  952:      return __cur;
        -:  953:    }
------------------
_ZSt14__relocate_a_1IPSt4pairIlSt6vectorINSt7__cxx119sub_matchIN9__gnu_cxx17__normal_iteratorIPKcNS2_12basic_stringIcSt11char_traitsIcESaIcEEEEEEESaISE_EEESI_SaISH_EET0_T_SL_SK_RT1_:
function _ZSt14__relocate_a_1IPSt4pairIlSt6vectorINSt7__cxx119sub_matchIN9__gnu_cxx17__normal_iteratorIPKcNS2_12basic_stringIcSt11char_traitsIcESaIcEEEEEEESaISE_EEESI_SaISH_EET0_T_SL_SK_RT1_ called 0 returned 0% blocks executed 0%
    #####:  936:    __relocate_a_1(_InputIterator __first, _InputIterator __last,
        -:  937:		   _ForwardIterator __result, _Allocator& __alloc)
        -:  938:    noexcept(noexcept(std::__relocate_object_a(std::addressof(*__result),
        -:  939:					       std::addressof(*__first),
        -:  940:					       __alloc)))
        -:  941:    {
        -:  942:      typedef typename iterator_traits<_InputIterator>::value_type
        -:  943:	_ValueType;
        -:  944:      typedef typename iterator_traits<_ForwardIterator>::value_type
        -:  945:	_ValueType2;
        -:  946:      static_assert(std::is_same<_ValueType, _ValueType2>::value,
        -:  947:	  "relocation is only possible for values of the same type");
    #####:  948:      _ForwardIterator __cur = __result;
    #####:  949:      for (; __first != __last; ++__first, (void)++__cur)
branch  0 never executed
branch  1 never executed
    #####:  950:	std::__relocate_object_a(std::__addressof(*__cur),
call    0 never executed
call    1 never executed
call    2 never executed
        -:  951:				 std::__addressof(*__first), __alloc);
    #####:  952:      return __cur;
        -:  953:    }
------------------
_ZSt14__relocate_a_1IPNSt7__cxx1112regex_traitsIcE10_RegexMaskES4_SaIS3_EET0_T_S7_S6_RT1_:
function _ZSt14__relocate_a_1IPNSt7__cxx1112regex_traitsIcE10_RegexMaskES4_SaIS3_EET0_T_S7_S6_RT1_ called 0 returned 0% blocks executed 0%
    #####:  936:    __relocate_a_1(_InputIterator __first, _InputIterator __last,
        -:  937:		   _ForwardIterator __result, _Allocator& __alloc)
        -:  938:    noexcept(noexcept(std::__relocate_object_a(std::addressof(*__result),
        -:  939:					       std::addressof(*__first),
        -:  940:					       __alloc)))
        -:  941:    {
        -:  942:      typedef typename iterator_traits<_InputIterator>::value_type
        -:  943:	_ValueType;
        -:  944:      typedef typename iterator_traits<_ForwardIterator>::value_type
        -:  945:	_ValueType2;
        -:  946:      static_assert(std::is_same<_ValueType, _ValueType2>::value,
        -:  947:	  "relocation is only possible for values of the same type");
    #####:  948:      _ForwardIterator __cur = __result;
    #####:  949:      for (; __first != __last; ++__first, (void)++__cur)
branch  0 never executed
branch  1 never executed
    #####:  950:	std::__relocate_object_a(std::__addressof(*__cur),
call    0 never executed
call    1 never executed
call    2 never executed
        -:  951:				 std::__addressof(*__first), __alloc);
    #####:  952:      return __cur;
        -:  953:    }
------------------
_ZSt14__relocate_a_1IPSt4pairIccES2_SaIS1_EET0_T_S5_S4_RT1_:
function _ZSt14__relocate_a_1IPSt4pairIccES2_SaIS1_EET0_T_S5_S4_RT1_ called 0 returned 0% blocks executed 0%
    #####:  936:    __relocate_a_1(_InputIterator __first, _InputIterator __last,
        -:  937:		   _ForwardIterator __result, _Allocator& __alloc)
        -:  938:    noexcept(noexcept(std::__relocate_object_a(std::addressof(*__result),
        -:  939:					       std::addressof(*__first),
        -:  940:					       __alloc)))
        -:  941:    {
        -:  942:      typedef typename iterator_traits<_InputIterator>::value_type
        -:  943:	_ValueType;
        -:  944:      typedef typename iterator_traits<_ForwardIterator>::value_type
        -:  945:	_ValueType2;
        -:  946:      static_assert(std::is_same<_ValueType, _ValueType2>::value,
        -:  947:	  "relocation is only possible for values of the same type");
    #####:  948:      _ForwardIterator __cur = __result;
    #####:  949:      for (; __first != __last; ++__first, (void)++__cur)
branch  0 never executed
branch  1 never executed
    #####:  950:	std::__relocate_object_a(std::__addressof(*__cur),
call    0 never executed
call    1 never executed
call    2 never executed
        -:  951:				 std::__addressof(*__first), __alloc);
    #####:  952:      return __cur;
        -:  953:    }
------------------
_ZSt14__relocate_a_1IPSt4pairINSt7__cxx1112basic_stringIcSt11char_traitsIcESaIcEEES6_ES8_SaIS7_EET0_T_SB_SA_RT1_:
function _ZSt14__relocate_a_1IPSt4pairINSt7__cxx1112basic_stringIcSt11char_traitsIcESaIcEEES6_ES8_SaIS7_EET0_T_SB_SA_RT1_ called 0 returned 0% blocks executed 0%
    #####:  936:    __relocate_a_1(_InputIterator __first, _InputIterator __last,
        -:  937:		   _ForwardIterator __result, _Allocator& __alloc)
        -:  938:    noexcept(noexcept(std::__relocate_object_a(std::addressof(*__result),
        -:  939:					       std::addressof(*__first),
        -:  940:					       __alloc)))
        -:  941:    {
        -:  942:      typedef typename iterator_traits<_InputIterator>::value_type
        -:  943:	_ValueType;
        -:  944:      typedef typename iterator_traits<_ForwardIterator>::value_type
        -:  945:	_ValueType2;
        -:  946:      static_assert(std::is_same<_ValueType, _ValueType2>::value,
        -:  947:	  "relocation is only possible for values of the same type");
    #####:  948:      _ForwardIterator __cur = __result;
    #####:  949:      for (; __first != __last; ++__first, (void)++__cur)
branch  0 never executed
branch  1 never executed
    #####:  950:	std::__relocate_object_a(std::__addressof(*__cur),
call    0 never executed
call    1 never executed
call    2 never executed
        -:  951:				 std::__addressof(*__first), __alloc);
    #####:  952:      return __cur;
        -:  953:    }
------------------
        -:  954:
        -:  955:  template <typename _InputIterator, typename _ForwardIterator,
        -:  956:	    typename _Allocator>
        -:  957:    inline _ForwardIterator
     176*:  958:    __relocate_a(_InputIterator __first, _InputIterator __last,
        -:  959:		 _ForwardIterator __result, _Allocator& __alloc)
        -:  960:    noexcept(noexcept(__relocate_a_1(std::__niter_base(__first),
        -:  961:				     std::__niter_base(__last),
        -:  962:				     std::__niter_base(__result), __alloc)))
        -:  963:    {
     176*:  964:      return __relocate_a_1(std::__niter_base(__first),
        -:  965:			    std::__niter_base(__last),
     176*:  966:			    std::__niter_base(__result), __alloc);
        -:  967:    }
        -:  968:#endif
        -:  969:
        -:  970:_GLIBCXX_END_NAMESPACE_VERSION
        -:  971:} // namespace
        -:  972:
        -:  973:#endif /* _STL_UNINITIALIZED_H */
