        -:    0:Source:/usr/include/c++/5/bits/stl_tree.h
        -:    0:Graph:./test_index.gcno
        -:    0:Data:./test_index.gcda
        -:    0:Runs:1
        -:    0:Programs:1
        -:    1:// RB tree implementation -*- C++ -*-
        -:    2:
        -:    3:// Copyright (C) 2001-2015 Free Software Foundation, Inc.
        -:    4://
        -:    5:// This file is part of the GNU ISO C++ Library.  This library is free
        -:    6:// software; you can redistribute it and/or modify it under the
        -:    7:// terms of the GNU General Public License as published by the
        -:    8:// Free Software Foundation; either version 3, or (at your option)
        -:    9:// any later version.
        -:   10:
        -:   11:// This library is distributed in the hope that it will be useful,
        -:   12:// but WITHOUT ANY WARRANTY; without even the implied warranty of
        -:   13:// MERCHANTABILITY or FITNESS FOR A PARTICULAR PURPOSE.  See the
        -:   14:// GNU General Public License for more details.
        -:   15:
        -:   16:// Under Section 7 of GPL version 3, you are granted additional
        -:   17:// permissions described in the GCC Runtime Library Exception, version
        -:   18:// 3.1, as published by the Free Software Foundation.
        -:   19:
        -:   20:// You should have received a copy of the GNU General Public License and
        -:   21:// a copy of the GCC Runtime Library Exception along with this program;
        -:   22:// see the files COPYING3 and COPYING.RUNTIME respectively.  If not, see
        -:   23:// <http://www.gnu.org/licenses/>.
        -:   24:
        -:   25:/*
        -:   26: *
        -:   27: * Copyright (c) 1996,1997
        -:   28: * Silicon Graphics Computer Systems, Inc.
        -:   29: *
        -:   30: * Permission to use, copy, modify, distribute and sell this software
        -:   31: * and its documentation for any purpose is hereby granted without fee,
        -:   32: * provided that the above copyright notice appear in all copies and
        -:   33: * that both that copyright notice and this permission notice appear
        -:   34: * in supporting documentation.  Silicon Graphics makes no
        -:   35: * representations about the suitability of this software for any
        -:   36: * purpose.  It is provided "as is" without express or implied warranty.
        -:   37: *
        -:   38: *
        -:   39: * Copyright (c) 1994
        -:   40: * Hewlett-Packard Company
        -:   41: *
        -:   42: * Permission to use, copy, modify, distribute and sell this software
        -:   43: * and its documentation for any purpose is hereby granted without fee,
        -:   44: * provided that the above copyright notice appear in all copies and
        -:   45: * that both that copyright notice and this permission notice appear
        -:   46: * in supporting documentation.  Hewlett-Packard Company makes no
        -:   47: * representations about the suitability of this software for any
        -:   48: * purpose.  It is provided "as is" without express or implied warranty.
        -:   49: *
        -:   50: *
        -:   51: */
        -:   52:
        -:   53:/** @file bits/stl_tree.h
        -:   54: *  This is an internal header file, included by other library headers.
        -:   55: *  Do not attempt to use it directly. @headername{map,set}
        -:   56: */
        -:   57:
        -:   58:#ifndef _STL_TREE_H
        -:   59:#define _STL_TREE_H 1
        -:   60:
        -:   61:#pragma GCC system_header
        -:   62:
        -:   63:#include <bits/stl_algobase.h>
        -:   64:#include <bits/allocator.h>
        -:   65:#include <bits/stl_function.h>
        -:   66:#include <bits/cpp_type_traits.h>
        -:   67:#include <ext/alloc_traits.h>
        -:   68:#if __cplusplus >= 201103L
        -:   69:#include <ext/aligned_buffer.h>
        -:   70:#endif
        -:   71:
        -:   72:namespace std _GLIBCXX_VISIBILITY(default)
        -:   73:{
        -:   74:_GLIBCXX_BEGIN_NAMESPACE_VERSION
        -:   75:
        -:   76:  // Red-black tree class, designed for use in implementing STL
        -:   77:  // associative containers (set, multiset, map, and multimap). The
        -:   78:  // insertion and deletion algorithms are based on those in Cormen,
        -:   79:  // Leiserson, and Rivest, Introduction to Algorithms (MIT Press,
        -:   80:  // 1990), except that
        -:   81:  //
        -:   82:  // (1) the header cell is maintained with links not only to the root
        -:   83:  // but also to the leftmost node of the tree, to enable constant
        -:   84:  // time begin(), and to the rightmost node of the tree, to enable
        -:   85:  // linear time performance when used with the generic set algorithms
        -:   86:  // (set_union, etc.)
        -:   87:  // 
        -:   88:  // (2) when a node being deleted has two children its successor node
        -:   89:  // is relinked into its place, rather than copied, so that the only
        -:   90:  // iterators invalidated are those referring to the deleted node.
        -:   91:
        -:   92:  enum _Rb_tree_color { _S_red = false, _S_black = true };
        -:   93:
function _ZNSt18_Rb_tree_node_baseC2Ev called 9 returned 100% blocks executed 100%
        9:   94:  struct _Rb_tree_node_base
        -:   95:  {
        -:   96:    typedef _Rb_tree_node_base* _Base_ptr;
        -:   97:    typedef const _Rb_tree_node_base* _Const_Base_ptr;
        -:   98:
        -:   99:    _Rb_tree_color	_M_color;
        -:  100:    _Base_ptr		_M_parent;
        -:  101:    _Base_ptr		_M_left;
        -:  102:    _Base_ptr		_M_right;
        -:  103:
        -:  104:    static _Base_ptr
        -:  105:    _S_minimum(_Base_ptr __x) _GLIBCXX_NOEXCEPT
        -:  106:    {
        -:  107:      while (__x->_M_left != 0) __x = __x->_M_left;
        -:  108:      return __x;
        -:  109:    }
        -:  110:
        -:  111:    static _Const_Base_ptr
        -:  112:    _S_minimum(_Const_Base_ptr __x) _GLIBCXX_NOEXCEPT
        -:  113:    {
        -:  114:      while (__x->_M_left != 0) __x = __x->_M_left;
        -:  115:      return __x;
        -:  116:    }
        -:  117:
        -:  118:    static _Base_ptr
        -:  119:    _S_maximum(_Base_ptr __x) _GLIBCXX_NOEXCEPT
        -:  120:    {
        -:  121:      while (__x->_M_right != 0) __x = __x->_M_right;
        -:  122:      return __x;
        -:  123:    }
        -:  124:
        -:  125:    static _Const_Base_ptr
        -:  126:    _S_maximum(_Const_Base_ptr __x) _GLIBCXX_NOEXCEPT
        -:  127:    {
        -:  128:      while (__x->_M_right != 0) __x = __x->_M_right;
        -:  129:      return __x;
        -:  130:    }
        -:  131:  };
        -:  132:
        -:  133:  template<typename _Val>
function _ZNSt13_Rb_tree_nodeISt4pairIKllEEC2Ev called 0 returned 0% blocks executed 0%
function _ZNSt13_Rb_tree_nodeIN5Catch9VerbosityEEC2Ev called 1 returned 100% blocks executed 100%
function _ZNSt13_Rb_tree_nodeIN5Catch8TestCaseEEC2Ev called 2 returned 100% blocks executed 100%
function _ZNSt13_Rb_tree_nodeISt4pairIKNSt7__cxx1112basic_stringIcSt11char_traitsIcESaIcEEEN5Catch8TagAliasEEEC2Ev called 0 returned 0% blocks executed 0%
function _ZNSt13_Rb_tree_nodeISt4pairIKNSt7__cxx1112basic_stringIcSt11char_traitsIcESaIcEEEN5Catch7TagInfoEEEC2Ev called 0 returned 0% blocks executed 0%
function _ZNSt13_Rb_tree_nodeINSt7__cxx1112basic_stringIcSt11char_traitsIcESaIcEEEEC2Ev called 0 returned 0% blocks executed 0%
function _ZNSt13_Rb_tree_nodeIPKN5Catch8TestCaseEEC2Ev called 2 returned 100% blocks executed 100%
function _ZNSt13_Rb_tree_nodeISt4pairIKNSt7__cxx1112basic_stringIcSt11char_traitsIcESaIcEEESt10shared_ptrIN5Catch16IReporterFactoryEEEEC2Ev called 4 returned 100% blocks executed 100%
        9:  134:    struct _Rb_tree_node : public _Rb_tree_node_base
call    0 never executed
call    1 never executed
call    2 returned 100%
call    3 returned 100%
call    4 returned 100%
call    5 returned 100%
call    6 never executed
call    7 never executed
call    8 never executed
call    9 never executed
call   10 never executed
call   11 never executed
call   12 returned 100%
call   13 returned 100%
call   14 returned 100%
call   15 returned 100%
        -:  135:    {
        -:  136:      typedef _Rb_tree_node<_Val>* _Link_type;
        -:  137:
        -:  138:#if __cplusplus < 201103L
        -:  139:      _Val _M_value_field;
        -:  140:
        -:  141:      _Val*
        -:  142:      _M_valptr()
        -:  143:      { return std::__addressof(_M_value_field); }
        -:  144:
        -:  145:      const _Val*
        -:  146:      _M_valptr() const
        -:  147:      { return std::__addressof(_M_value_field); }
        -:  148:#else
        -:  149:      __gnu_cxx::__aligned_membuf<_Val> _M_storage;
        -:  150:
        -:  151:      _Val*
function _ZNSt13_Rb_tree_nodeISt4pairIKllEE9_M_valptrEv called 0 returned 0% blocks executed 0%
function _ZNSt13_Rb_tree_nodeIN5Catch9VerbosityEE9_M_valptrEv called 2 returned 100% blocks executed 100%
function _ZNSt13_Rb_tree_nodeIN5Catch8TestCaseEE9_M_valptrEv called 4 returned 100% blocks executed 100%
function _ZNSt13_Rb_tree_nodeISt4pairIKNSt7__cxx1112basic_stringIcSt11char_traitsIcESaIcEEEN5Catch8TagAliasEEE9_M_valptrEv called 0 returned 0% blocks executed 0%
function _ZNSt13_Rb_tree_nodeIPKN5Catch8TestCaseEE9_M_valptrEv called 4 returned 100% blocks executed 100%
function _ZNSt13_Rb_tree_nodeISt4pairIKNSt7__cxx1112basic_stringIcSt11char_traitsIcESaIcEEESt10shared_ptrIN5Catch16IReporterFactoryEEEE9_M_valptrEv called 8 returned 100% blocks executed 100%
function _ZNSt13_Rb_tree_nodeINSt7__cxx1112basic_stringIcSt11char_traitsIcESaIcEEEE9_M_valptrEv called 0 returned 0% blocks executed 0%
function _ZNSt13_Rb_tree_nodeISt4pairIKNSt7__cxx1112basic_stringIcSt11char_traitsIcESaIcEEEN5Catch7TagInfoEEE9_M_valptrEv called 0 returned 0% blocks executed 0%
       18:  152:      _M_valptr()
       18:  153:      { return _M_storage._M_ptr(); }
call    0 never executed
call    1 returned 100%
call    2 returned 100%
call    3 never executed
call    4 returned 100%
call    5 returned 100%
call    6 never executed
call    7 never executed
        -:  154:
        -:  155:      const _Val*
function _ZNKSt13_Rb_tree_nodeISt4pairIKllEE9_M_valptrEv called 0 returned 0% blocks executed 0%
function _ZNKSt13_Rb_tree_nodeIN5Catch9VerbosityEE9_M_valptrEv called 2 returned 100% blocks executed 100%
function _ZNKSt13_Rb_tree_nodeISt4pairIKNSt7__cxx1112basic_stringIcSt11char_traitsIcESaIcEEEN5Catch7TagInfoEEE9_M_valptrEv called 0 returned 0% blocks executed 0%
function _ZNKSt13_Rb_tree_nodeIN5Catch8TestCaseEE9_M_valptrEv called 2 returned 100% blocks executed 100%
function _ZNKSt13_Rb_tree_nodeISt4pairIKNSt7__cxx1112basic_stringIcSt11char_traitsIcESaIcEEEN5Catch8TagAliasEEE9_M_valptrEv called 0 returned 0% blocks executed 0%
function _ZNKSt13_Rb_tree_nodeIPKN5Catch8TestCaseEE9_M_valptrEv called 8 returned 100% blocks executed 100%
function _ZNKSt13_Rb_tree_nodeISt4pairIKNSt7__cxx1112basic_stringIcSt11char_traitsIcESaIcEEESt10shared_ptrIN5Catch16IReporterFactoryEEEE9_M_valptrEv called 22 returned 100% blocks executed 100%
function _ZNKSt13_Rb_tree_nodeINSt7__cxx1112basic_stringIcSt11char_traitsIcESaIcEEEE9_M_valptrEv called 0 returned 0% blocks executed 0%
       34:  156:      _M_valptr() const
       34:  157:      { return _M_storage._M_ptr(); }
call    0 never executed
call    1 returned 100%
call    2 never executed
call    3 returned 100%
call    4 never executed
call    5 returned 100%
call    6 returned 100%
call    7 never executed
        -:  158:#endif
        -:  159:    };
        -:  160:
        -:  161:  _GLIBCXX_PURE _Rb_tree_node_base*
        -:  162:  _Rb_tree_increment(_Rb_tree_node_base* __x) throw ();
        -:  163:
        -:  164:  _GLIBCXX_PURE const _Rb_tree_node_base*
        -:  165:  _Rb_tree_increment(const _Rb_tree_node_base* __x) throw ();
        -:  166:
        -:  167:  _GLIBCXX_PURE _Rb_tree_node_base*
        -:  168:  _Rb_tree_decrement(_Rb_tree_node_base* __x) throw ();
        -:  169:
        -:  170:  _GLIBCXX_PURE const _Rb_tree_node_base*
        -:  171:  _Rb_tree_decrement(const _Rb_tree_node_base* __x) throw ();
        -:  172:
        -:  173:  template<typename _Tp>
        -:  174:    struct _Rb_tree_iterator
        -:  175:    {
        -:  176:      typedef _Tp  value_type;
        -:  177:      typedef _Tp& reference;
        -:  178:      typedef _Tp* pointer;
        -:  179:
        -:  180:      typedef bidirectional_iterator_tag iterator_category;
        -:  181:      typedef ptrdiff_t                  difference_type;
        -:  182:
        -:  183:      typedef _Rb_tree_iterator<_Tp>        _Self;
        -:  184:      typedef _Rb_tree_node_base::_Base_ptr _Base_ptr;
        -:  185:      typedef _Rb_tree_node<_Tp>*           _Link_type;
        -:  186:
        -:  187:      _Rb_tree_iterator() _GLIBCXX_NOEXCEPT
        -:  188:      : _M_node() { }
        -:  189:
        -:  190:      explicit
function _ZNSt17_Rb_tree_iteratorISt4pairIKllEEC2EPSt18_Rb_tree_node_base called 0 returned 0% blocks executed 0%
function _ZNSt17_Rb_tree_iteratorIN5Catch9VerbosityEEC2EPSt18_Rb_tree_node_base called 5 returned 100% blocks executed 100%
function _ZNSt17_Rb_tree_iteratorIN5Catch8TestCaseEEC2EPSt18_Rb_tree_node_base called 6 returned 100% blocks executed 100%
function _ZNSt17_Rb_tree_iteratorISt4pairIKNSt7__cxx1112basic_stringIcSt11char_traitsIcESaIcEEEN5Catch8TagAliasEEEC2EPSt18_Rb_tree_node_base called 0 returned 0% blocks executed 0%
function _ZNSt17_Rb_tree_iteratorIPKN5Catch8TestCaseEEC2EPSt18_Rb_tree_node_base called 5 returned 100% blocks executed 100%
function _ZNSt17_Rb_tree_iteratorISt4pairIKNSt7__cxx1112basic_stringIcSt11char_traitsIcESaIcEEESt10shared_ptrIN5Catch16IReporterFactoryEEEEC2EPSt18_Rb_tree_node_base called 9 returned 100% blocks executed 100%
function _ZNSt17_Rb_tree_iteratorISt4pairIKNSt7__cxx1112basic_stringIcSt11char_traitsIcESaIcEEEN5Catch7TagInfoEEEC2EPSt18_Rb_tree_node_base called 0 returned 0% blocks executed 0%
function _ZNSt17_Rb_tree_iteratorINSt7__cxx1112basic_stringIcSt11char_traitsIcESaIcEEEEC2EPSt18_Rb_tree_node_base called 0 returned 0% blocks executed 0%
       25:  191:      _Rb_tree_iterator(_Base_ptr __x) _GLIBCXX_NOEXCEPT
       25:  192:      : _M_node(__x) { }
        -:  193:
        -:  194:      reference
function _ZNKSt17_Rb_tree_iteratorISt4pairIKllEEdeEv called 0 returned 0% blocks executed 0%
function _ZNKSt17_Rb_tree_iteratorISt4pairIKNSt7__cxx1112basic_stringIcSt11char_traitsIcESaIcEEEN5Catch7TagInfoEEEdeEv called 0 returned 0% blocks executed 0%
    #####:  195:      operator*() const _GLIBCXX_NOEXCEPT
    #####:  196:      { return *static_cast<_Link_type>(_M_node)->_M_valptr(); }
call    0 never executed
call    1 never executed
        -:  197:
        -:  198:      pointer
function _ZNKSt17_Rb_tree_iteratorISt4pairIKNSt7__cxx1112basic_stringIcSt11char_traitsIcESaIcEEEN5Catch7TagInfoEEEptEv called 0 returned 0% blocks executed 0%
    #####:  199:      operator->() const _GLIBCXX_NOEXCEPT
    #####:  200:      { return static_cast<_Link_type> (_M_node)->_M_valptr(); }
call    0 never executed
        -:  201:
        -:  202:      _Self&
function _ZNSt17_Rb_tree_iteratorISt4pairIKllEEppEv called 0 returned 0% blocks executed 0%
function _ZNSt17_Rb_tree_iteratorIN5Catch9VerbosityEEppEv called 0 returned 0% blocks executed 0%
function _ZNSt17_Rb_tree_iteratorIPKN5Catch8TestCaseEEppEv called 0 returned 0% blocks executed 0%
function _ZNSt17_Rb_tree_iteratorISt4pairIKNSt7__cxx1112basic_stringIcSt11char_traitsIcESaIcEEEN5Catch7TagInfoEEEppEv called 0 returned 0% blocks executed 0%
    #####:  203:      operator++() _GLIBCXX_NOEXCEPT
        -:  204:      {
    #####:  205:	_M_node = _Rb_tree_increment(_M_node);
call    0 never executed
call    1 never executed
call    2 never executed
call    3 never executed
    #####:  206:	return *this;
        -:  207:      }
        -:  208:
        -:  209:      _Self
        -:  210:      operator++(int) _GLIBCXX_NOEXCEPT
        -:  211:      {
        -:  212:	_Self __tmp = *this;
        -:  213:	_M_node = _Rb_tree_increment(_M_node);
        -:  214:	return __tmp;
        -:  215:      }
        -:  216:
        -:  217:      _Self&
function _ZNSt17_Rb_tree_iteratorISt4pairIKllEEmmEv called 0 returned 0% blocks executed 0%
function _ZNSt17_Rb_tree_iteratorIN5Catch9VerbosityEEmmEv called 0 returned 0% blocks executed 0%
function _ZNSt17_Rb_tree_iteratorIN5Catch8TestCaseEEmmEv called 0 returned 0% blocks executed 0%
function _ZNSt17_Rb_tree_iteratorISt4pairIKNSt7__cxx1112basic_stringIcSt11char_traitsIcESaIcEEEN5Catch8TagAliasEEEmmEv called 0 returned 0% blocks executed 0%
function _ZNSt17_Rb_tree_iteratorIPKN5Catch8TestCaseEEmmEv called 0 returned 0% blocks executed 0%
function _ZNSt17_Rb_tree_iteratorISt4pairIKNSt7__cxx1112basic_stringIcSt11char_traitsIcESaIcEEESt10shared_ptrIN5Catch16IReporterFactoryEEEEmmEv called 0 returned 0% blocks executed 0%
function _ZNSt17_Rb_tree_iteratorISt4pairIKNSt7__cxx1112basic_stringIcSt11char_traitsIcESaIcEEEN5Catch7TagInfoEEEmmEv called 0 returned 0% blocks executed 0%
function _ZNSt17_Rb_tree_iteratorINSt7__cxx1112basic_stringIcSt11char_traitsIcESaIcEEEEmmEv called 0 returned 0% blocks executed 0%
    #####:  218:      operator--() _GLIBCXX_NOEXCEPT
        -:  219:      {
    #####:  220:	_M_node = _Rb_tree_decrement(_M_node);
call    0 never executed
call    1 never executed
call    2 never executed
call    3 never executed
call    4 never executed
call    5 never executed
call    6 never executed
call    7 never executed
    #####:  221:	return *this;
        -:  222:      }
        -:  223:
        -:  224:      _Self
        -:  225:      operator--(int) _GLIBCXX_NOEXCEPT
        -:  226:      {
        -:  227:	_Self __tmp = *this;
        -:  228:	_M_node = _Rb_tree_decrement(_M_node);
        -:  229:	return __tmp;
        -:  230:      }
        -:  231:
        -:  232:      bool
function _ZNKSt17_Rb_tree_iteratorISt4pairIKllEEeqERKS3_ called 0 returned 0% blocks executed 0%
function _ZNKSt17_Rb_tree_iteratorIN5Catch9VerbosityEEeqERKS2_ called 1 returned 100% blocks executed 100%
function _ZNKSt17_Rb_tree_iteratorIN5Catch8TestCaseEEeqERKS2_ called 2 returned 100% blocks executed 100%
function _ZNKSt17_Rb_tree_iteratorISt4pairIKNSt7__cxx1112basic_stringIcSt11char_traitsIcESaIcEEEN5Catch8TagAliasEEEeqERKSB_ called 0 returned 0% blocks executed 0%
function _ZNKSt17_Rb_tree_iteratorIPKN5Catch8TestCaseEEeqERKS4_ called 1 returned 100% blocks executed 100%
function _ZNKSt17_Rb_tree_iteratorISt4pairIKNSt7__cxx1112basic_stringIcSt11char_traitsIcESaIcEEESt10shared_ptrIN5Catch16IReporterFactoryEEEEeqERKSD_ called 1 returned 100% blocks executed 100%
function _ZNKSt17_Rb_tree_iteratorINSt7__cxx1112basic_stringIcSt11char_traitsIcESaIcEEEEeqERKS6_ called 0 returned 0% blocks executed 0%
function _ZNKSt17_Rb_tree_iteratorISt4pairIKNSt7__cxx1112basic_stringIcSt11char_traitsIcESaIcEEEN5Catch7TagInfoEEEeqERKSB_ called 0 returned 0% blocks executed 0%
        5:  233:      operator==(const _Self& __x) const _GLIBCXX_NOEXCEPT
        5:  234:      { return _M_node == __x._M_node; }
        -:  235:
        -:  236:      bool
function _ZNKSt17_Rb_tree_iteratorISt4pairIKllEEneERKS3_ called 0 returned 0% blocks executed 0%
function _ZNKSt17_Rb_tree_iteratorISt4pairIKNSt7__cxx1112basic_stringIcSt11char_traitsIcESaIcEEEN5Catch7TagInfoEEEneERKSB_ called 0 returned 0% blocks executed 0%
    #####:  237:      operator!=(const _Self& __x) const _GLIBCXX_NOEXCEPT
    #####:  238:      { return _M_node != __x._M_node; }
        -:  239:
        -:  240:      _Base_ptr _M_node;
        -:  241:  };
        -:  242:
        -:  243:  template<typename _Tp>
        -:  244:    struct _Rb_tree_const_iterator
        -:  245:    {
        -:  246:      typedef _Tp        value_type;
        -:  247:      typedef const _Tp& reference;
        -:  248:      typedef const _Tp* pointer;
        -:  249:
        -:  250:      typedef _Rb_tree_iterator<_Tp> iterator;
        -:  251:
        -:  252:      typedef bidirectional_iterator_tag iterator_category;
        -:  253:      typedef ptrdiff_t                  difference_type;
        -:  254:
        -:  255:      typedef _Rb_tree_const_iterator<_Tp>        _Self;
        -:  256:      typedef _Rb_tree_node_base::_Const_Base_ptr _Base_ptr;
        -:  257:      typedef const _Rb_tree_node<_Tp>*           _Link_type;
        -:  258:
        -:  259:      _Rb_tree_const_iterator() _GLIBCXX_NOEXCEPT
        -:  260:      : _M_node() { }
        -:  261:
        -:  262:      explicit
function _ZNSt23_Rb_tree_const_iteratorISt4pairIKllEEC2EPKSt18_Rb_tree_node_base called 0 returned 0% blocks executed 0%
function _ZNSt23_Rb_tree_const_iteratorIN5Catch9VerbosityEEC2EPKSt18_Rb_tree_node_base called 3 returned 100% blocks executed 100%
function _ZNSt23_Rb_tree_const_iteratorISt4pairIKNSt7__cxx1112basic_stringIcSt11char_traitsIcESaIcEEEN5Catch8TagAliasEEEC2EPKSt18_Rb_tree_node_base called 0 returned 0% blocks executed 0%
function _ZNSt23_Rb_tree_const_iteratorIPKN5Catch8TestCaseEEC2EPKSt18_Rb_tree_node_base called 2 returned 100% blocks executed 100%
function _ZNSt23_Rb_tree_const_iteratorINSt7__cxx1112basic_stringIcSt11char_traitsIcESaIcEEEEC2EPKSt18_Rb_tree_node_base called 0 returned 0% blocks executed 0%
function _ZNSt23_Rb_tree_const_iteratorISt4pairIKNSt7__cxx1112basic_stringIcSt11char_traitsIcESaIcEEESt10shared_ptrIN5Catch16IReporterFactoryEEEEC2EPKSt18_Rb_tree_node_base called 3 returned 100% blocks executed 100%
        8:  263:      _Rb_tree_const_iterator(_Base_ptr __x) _GLIBCXX_NOEXCEPT
        8:  264:      : _M_node(__x) { }
        -:  265:
function _ZNSt23_Rb_tree_const_iteratorISt4pairIKllEEC2ERKSt17_Rb_tree_iteratorIS2_E called 0 returned 0% blocks executed 0%
function _ZNSt23_Rb_tree_const_iteratorIN5Catch9VerbosityEEC2ERKSt17_Rb_tree_iteratorIS1_E called 1 returned 100% blocks executed 100%
function _ZNSt23_Rb_tree_const_iteratorIN5Catch8TestCaseEEC2ERKSt17_Rb_tree_iteratorIS1_E called 2 returned 100% blocks executed 100%
function _ZNSt23_Rb_tree_const_iteratorIPKN5Catch8TestCaseEEC2ERKSt17_Rb_tree_iteratorIS3_E called 2 returned 100% blocks executed 100%
function _ZNSt23_Rb_tree_const_iteratorINSt7__cxx1112basic_stringIcSt11char_traitsIcESaIcEEEEC2ERKSt17_Rb_tree_iteratorIS5_E called 0 returned 0% blocks executed 0%
        5:  266:      _Rb_tree_const_iterator(const iterator& __it) _GLIBCXX_NOEXCEPT
        5:  267:      : _M_node(__it._M_node) { }
        -:  268:
        -:  269:      iterator
function _ZNKSt23_Rb_tree_const_iteratorISt4pairIKllEE13_M_const_castEv called 0 returned 0% blocks executed 0%
function _ZNKSt23_Rb_tree_const_iteratorIN5Catch9VerbosityEE13_M_const_castEv called 1 returned 100% blocks executed 100%
function _ZNKSt23_Rb_tree_const_iteratorIPKN5Catch8TestCaseEE13_M_const_castEv called 0 returned 0% blocks executed 0%
        1:  270:      _M_const_cast() const _GLIBCXX_NOEXCEPT
        1:  271:      { return iterator(const_cast<typename iterator::_Base_ptr>(_M_node)); }
call    0 never executed
call    1 returned 100%
call    2 never executed
        -:  272:
        -:  273:      reference
function _ZNKSt23_Rb_tree_const_iteratorISt4pairIKNSt7__cxx1112basic_stringIcSt11char_traitsIcESaIcEEEN5Catch8TagAliasEEEdeEv called 0 returned 0% blocks executed 0%
function _ZNKSt23_Rb_tree_const_iteratorIPKN5Catch8TestCaseEEdeEv called 2 returned 100% blocks executed 100%
function _ZNKSt23_Rb_tree_const_iteratorISt4pairIKNSt7__cxx1112basic_stringIcSt11char_traitsIcESaIcEEESt10shared_ptrIN5Catch16IReporterFactoryEEEEdeEv called 0 returned 0% blocks executed 0%
function _ZNKSt23_Rb_tree_const_iteratorINSt7__cxx1112basic_stringIcSt11char_traitsIcESaIcEEEEdeEv called 0 returned 0% blocks executed 0%
        2:  274:      operator*() const _GLIBCXX_NOEXCEPT
        2:  275:      { return *static_cast<_Link_type>(_M_node)->_M_valptr(); }
call    0 never executed
call    1 returned 100%
call    2 never executed
call    3 never executed
        -:  276:
        -:  277:      pointer
function _ZNKSt23_Rb_tree_const_iteratorIN5Catch8TestCaseEEptEv called 0 returned 0% blocks executed 0%
function _ZNKSt23_Rb_tree_const_iteratorISt4pairIKNSt7__cxx1112basic_stringIcSt11char_traitsIcESaIcEEEN5Catch8TagAliasEEEptEv called 0 returned 0% blocks executed 0%
function _ZNKSt23_Rb_tree_const_iteratorISt4pairIKNSt7__cxx1112basic_stringIcSt11char_traitsIcESaIcEEESt10shared_ptrIN5Catch16IReporterFactoryEEEEptEv called 1 returned 100% blocks executed 100%
        1:  278:      operator->() const _GLIBCXX_NOEXCEPT
        1:  279:      { return static_cast<_Link_type>(_M_node)->_M_valptr(); }
call    0 never executed
call    1 never executed
call    2 returned 100%
        -:  280:
        -:  281:      _Self&
function _ZNSt23_Rb_tree_const_iteratorISt4pairIKNSt7__cxx1112basic_stringIcSt11char_traitsIcESaIcEEEN5Catch8TagAliasEEEppEv called 0 returned 0% blocks executed 0%
function _ZNSt23_Rb_tree_const_iteratorIPKN5Catch8TestCaseEEppEv called 2 returned 100% blocks executed 100%
function _ZNSt23_Rb_tree_const_iteratorISt4pairIKNSt7__cxx1112basic_stringIcSt11char_traitsIcESaIcEEESt10shared_ptrIN5Catch16IReporterFactoryEEEEppEv called 0 returned 0% blocks executed 0%
function _ZNSt23_Rb_tree_const_iteratorINSt7__cxx1112basic_stringIcSt11char_traitsIcESaIcEEEEppEv called 0 returned 0% blocks executed 0%
        2:  282:      operator++() _GLIBCXX_NOEXCEPT
        -:  283:      {
        2:  284:	_M_node = _Rb_tree_increment(_M_node);
call    0 never executed
call    1 returned 100%
call    2 never executed
call    3 never executed
        2:  285:	return *this;
        -:  286:      }
        -:  287:
        -:  288:      _Self
        -:  289:      operator++(int) _GLIBCXX_NOEXCEPT
        -:  290:      {
        -:  291:	_Self __tmp = *this;
        -:  292:	_M_node = _Rb_tree_increment(_M_node);
        -:  293:	return __tmp;
        -:  294:      }
        -:  295:
        -:  296:      _Self&
        -:  297:      operator--() _GLIBCXX_NOEXCEPT
        -:  298:      {
        -:  299:	_M_node = _Rb_tree_decrement(_M_node);
        -:  300:	return *this;
        -:  301:      }
        -:  302:
        -:  303:      _Self
        -:  304:      operator--(int) _GLIBCXX_NOEXCEPT
        -:  305:      {
        -:  306:	_Self __tmp = *this;
        -:  307:	_M_node = _Rb_tree_decrement(_M_node);
        -:  308:	return __tmp;
        -:  309:      }
        -:  310:
        -:  311:      bool
function _ZNKSt23_Rb_tree_const_iteratorISt4pairIKllEEeqERKS3_ called 0 returned 0% blocks executed 0%
function _ZNKSt23_Rb_tree_const_iteratorIN5Catch9VerbosityEEeqERKS2_ called 2 returned 100% blocks executed 100%
function _ZNKSt23_Rb_tree_const_iteratorISt4pairIKNSt7__cxx1112basic_stringIcSt11char_traitsIcESaIcEEEN5Catch8TagAliasEEEeqERKSB_ called 0 returned 0% blocks executed 0%
function _ZNKSt23_Rb_tree_const_iteratorISt4pairIKNSt7__cxx1112basic_stringIcSt11char_traitsIcESaIcEEESt10shared_ptrIN5Catch16IReporterFactoryEEEEeqERKSD_ called 2 returned 100% blocks executed 100%
        4:  312:      operator==(const _Self& __x) const _GLIBCXX_NOEXCEPT
        4:  313:      { return _M_node == __x._M_node; }
        -:  314:
        -:  315:      bool
function _ZNKSt23_Rb_tree_const_iteratorISt4pairIKNSt7__cxx1112basic_stringIcSt11char_traitsIcESaIcEEEN5Catch8TagAliasEEEneERKSB_ called 0 returned 0% blocks executed 0%
function _ZNKSt23_Rb_tree_const_iteratorIPKN5Catch8TestCaseEEneERKS4_ called 3 returned 100% blocks executed 100%
function _ZNKSt23_Rb_tree_const_iteratorINSt7__cxx1112basic_stringIcSt11char_traitsIcESaIcEEEEneERKS6_ called 0 returned 0% blocks executed 0%
function _ZNKSt23_Rb_tree_const_iteratorISt4pairIKNSt7__cxx1112basic_stringIcSt11char_traitsIcESaIcEEESt10shared_ptrIN5Catch16IReporterFactoryEEEEneERKSD_ called 0 returned 0% blocks executed 0%
        3:  316:      operator!=(const _Self& __x) const _GLIBCXX_NOEXCEPT
        3:  317:      { return _M_node != __x._M_node; }
        -:  318:
        -:  319:      _Base_ptr _M_node;
        -:  320:    };
        -:  321:
        -:  322:  template<typename _Val>
        -:  323:    inline bool
        -:  324:    operator==(const _Rb_tree_iterator<_Val>& __x,
        -:  325:               const _Rb_tree_const_iterator<_Val>& __y) _GLIBCXX_NOEXCEPT
        -:  326:    { return __x._M_node == __y._M_node; }
        -:  327:
        -:  328:  template<typename _Val>
        -:  329:    inline bool
        -:  330:    operator!=(const _Rb_tree_iterator<_Val>& __x,
        -:  331:               const _Rb_tree_const_iterator<_Val>& __y) _GLIBCXX_NOEXCEPT
        -:  332:    { return __x._M_node != __y._M_node; }
        -:  333:
        -:  334:  void
        -:  335:  _Rb_tree_insert_and_rebalance(const bool __insert_left,
        -:  336:                                _Rb_tree_node_base* __x,
        -:  337:                                _Rb_tree_node_base* __p,
        -:  338:                                _Rb_tree_node_base& __header) throw ();
        -:  339:
        -:  340:  _Rb_tree_node_base*
        -:  341:  _Rb_tree_rebalance_for_erase(_Rb_tree_node_base* const __z,
        -:  342:			       _Rb_tree_node_base& __header) throw ();
        -:  343:
        -:  344:
        -:  345:  template<typename _Key, typename _Val, typename _KeyOfValue,
        -:  346:           typename _Compare, typename _Alloc = allocator<_Val> >
        -:  347:    class _Rb_tree
        -:  348:    {
        -:  349:      typedef typename __gnu_cxx::__alloc_traits<_Alloc>::template
        -:  350:        rebind<_Rb_tree_node<_Val> >::other _Node_allocator;
        -:  351:
        -:  352:      typedef __gnu_cxx::__alloc_traits<_Node_allocator> _Alloc_traits;
        -:  353:
        -:  354:    protected:
        -:  355:      typedef _Rb_tree_node_base* 		_Base_ptr;
        -:  356:      typedef const _Rb_tree_node_base* 	_Const_Base_ptr;
        -:  357:      typedef _Rb_tree_node<_Val>* 		_Link_type;
        -:  358:      typedef const _Rb_tree_node<_Val>*	_Const_Link_type;
        -:  359:
        -:  360:    private:
        -:  361:      // Functor recycling a pool of nodes and using allocation once the pool
        -:  362:      // is empty.
        -:  363:      struct _Reuse_or_alloc_node
        -:  364:      {
        -:  365:	_Reuse_or_alloc_node(_Rb_tree& __t)
        -:  366:	  : _M_root(__t._M_root()), _M_nodes(__t._M_rightmost()), _M_t(__t)
        -:  367:	{
        -:  368:	  if (_M_root)
        -:  369:	    {
        -:  370:	      _M_root->_M_parent = 0;
        -:  371:
        -:  372:	      if (_M_nodes->_M_left)
        -:  373:		_M_nodes = _M_nodes->_M_left;
        -:  374:	    }
        -:  375:	  else
        -:  376:	    _M_nodes = 0;
        -:  377:	}
        -:  378:
        -:  379:#if __cplusplus >= 201103L
        -:  380:	_Reuse_or_alloc_node(const _Reuse_or_alloc_node&) = delete;
        -:  381:#endif
        -:  382:
        -:  383:	~_Reuse_or_alloc_node()
        -:  384:	{ _M_t._M_erase(static_cast<_Link_type>(_M_root)); }
        -:  385:
        -:  386:	template<typename _Arg>
        -:  387:	  _Link_type
        -:  388:#if __cplusplus < 201103L
        -:  389:	  operator()(const _Arg& __arg)
        -:  390:#else
        -:  391:	  operator()(_Arg&& __arg)
        -:  392:#endif
        -:  393:	  {
        -:  394:	    _Link_type __node = static_cast<_Link_type>(_M_extract());
        -:  395:	    if (__node)
        -:  396:	      {
        -:  397:		_M_t._M_destroy_node(__node);
        -:  398:		_M_t._M_construct_node(__node, _GLIBCXX_FORWARD(_Arg, __arg));
        -:  399:		return __node;
        -:  400:	      }
        -:  401:
        -:  402:	    return _M_t._M_create_node(_GLIBCXX_FORWARD(_Arg, __arg));
        -:  403:	  }
        -:  404:
        -:  405:      private:
        -:  406:	_Base_ptr
        -:  407:	_M_extract()
        -:  408:	{
        -:  409:	  if (!_M_nodes)
        -:  410:	    return _M_nodes;
        -:  411:
        -:  412:	  _Base_ptr __node = _M_nodes;
        -:  413:	  _M_nodes = _M_nodes->_M_parent;
        -:  414:	  if (_M_nodes)
        -:  415:	    {
        -:  416:	      if (_M_nodes->_M_right == __node)
        -:  417:		{
        -:  418:		  _M_nodes->_M_right = 0;
        -:  419:
        -:  420:		  if (_M_nodes->_M_left)
        -:  421:		    {
        -:  422:		      _M_nodes = _M_nodes->_M_left;
        -:  423:
        -:  424:		      while (_M_nodes->_M_right)
        -:  425:			_M_nodes = _M_nodes->_M_right;
        -:  426:
        -:  427:		      if (_M_nodes->_M_left)
        -:  428:			_M_nodes = _M_nodes->_M_left;
        -:  429:		    }
        -:  430:		}
        -:  431:	      else // __node is on the left.
        -:  432:		_M_nodes->_M_left = 0;
        -:  433:	    }
        -:  434:	  else
        -:  435:	    _M_root = 0;
        -:  436:
        -:  437:	  return __node;
        -:  438:	}
        -:  439:
        -:  440:	_Base_ptr _M_root;
        -:  441:	_Base_ptr _M_nodes;
        -:  442:	_Rb_tree& _M_t;
        -:  443:      };
        -:  444:
        -:  445:      // Functor similar to the previous one but without any pool of nodes to
        -:  446:      // recycle.
        -:  447:      struct _Alloc_node
        -:  448:      {
function _ZNSt8_Rb_treeIN5Catch9VerbosityES1_St9_IdentityIS1_ESt4lessIS1_ESaIS1_EE11_Alloc_nodeC2ERS7_ called 1 returned 100% blocks executed 100%
function _ZNSt8_Rb_treeIN5Catch8TestCaseES1_St9_IdentityIS1_ESt4lessIS1_ESaIS1_EE11_Alloc_nodeC2ERS7_ called 2 returned 100% blocks executed 100%
function _ZNSt8_Rb_treeINSt7__cxx1112basic_stringIcSt11char_traitsIcESaIcEEESt4pairIKS5_N5Catch8TagAliasEESt10_Select1stISA_ESt4lessIS5_ESaISA_EE11_Alloc_nodeC2ERSG_ called 0 returned 0% blocks executed 0%
function _ZNSt8_Rb_treeIPKN5Catch8TestCaseES3_St9_IdentityIS3_ESt4lessIS3_ESaIS3_EE11_Alloc_nodeC2ERS9_ called 0 returned 0% blocks executed 0%
function _ZNSt8_Rb_treeINSt7__cxx1112basic_stringIcSt11char_traitsIcESaIcEEESt4pairIKS5_N5Catch7TagInfoEESt10_Select1stISA_ESt4lessIS5_ESaISA_EE11_Alloc_nodeC2ERSG_ called 0 returned 0% blocks executed 0%
function _ZNSt8_Rb_treeINSt7__cxx1112basic_stringIcSt11char_traitsIcESaIcEEES5_St9_IdentityIS5_ESt4lessIS5_ESaIS5_EE11_Alloc_nodeC2ERSB_ called 0 returned 0% blocks executed 0%
        3:  449:	_Alloc_node(_Rb_tree& __t)
        3:  450:	  : _M_t(__t) { }
        -:  451:
        -:  452:	template<typename _Arg>
        -:  453:	  _Link_type
        -:  454:#if __cplusplus < 201103L
        -:  455:	  operator()(const _Arg& __arg) const
        -:  456:#else
function _ZNKSt8_Rb_treeIN5Catch9VerbosityES1_St9_IdentityIS1_ESt4lessIS1_ESaIS1_EE11_Alloc_nodeclIRKS1_EEPSt13_Rb_tree_nodeIS1_EOT_ called 1 returned 100% blocks executed 100%
function _ZNKSt8_Rb_treeIPKN5Catch8TestCaseES3_St9_IdentityIS3_ESt4lessIS3_ESaIS3_EE11_Alloc_nodeclIRKS3_EEPSt13_Rb_tree_nodeIS3_EOT_ called 0 returned 0% blocks executed 0%
function _ZNKSt8_Rb_treeIN5Catch8TestCaseES1_St9_IdentityIS1_ESt4lessIS1_ESaIS1_EE11_Alloc_nodeclIRKS1_EEPSt13_Rb_tree_nodeIS1_EOT_ called 2 returned 100% blocks executed 100%
function _ZNKSt8_Rb_treeINSt7__cxx1112basic_stringIcSt11char_traitsIcESaIcEEESt4pairIKS5_N5Catch8TagAliasEESt10_Select1stISA_ESt4lessIS5_ESaISA_EE11_Alloc_nodeclIS6_IS5_S9_EEEPSt13_Rb_tree_nodeISA_EOT_ called 0 returned 0% blocks executed 0%
function _ZNKSt8_Rb_treeINSt7__cxx1112basic_stringIcSt11char_traitsIcESaIcEEESt4pairIKS5_N5Catch7TagInfoEESt10_Select1stISA_ESt4lessIS5_ESaISA_EE11_Alloc_nodeclIS6_IS5_S9_EEEPSt13_Rb_tree_nodeISA_EOT_ called 0 returned 0% blocks executed 0%
function _ZNKSt8_Rb_treeINSt7__cxx1112basic_stringIcSt11char_traitsIcESaIcEEES5_St9_IdentityIS5_ESt4lessIS5_ESaIS5_EE11_Alloc_nodeclIRKS5_EEPSt13_Rb_tree_nodeIS5_EOT_ called 0 returned 0% blocks executed 0%
        3:  457:	  operator()(_Arg&& __arg) const
        -:  458:#endif
        3:  459:	  { return _M_t._M_create_node(_GLIBCXX_FORWARD(_Arg, __arg)); }
call    0 returned 100%
call    1 returned 100%
call    2 never executed
call    3 never executed
call    4 returned 100%
call    5 returned 100%
call    6 never executed
call    7 never executed
call    8 never executed
call    9 never executed
call   10 never executed
call   11 never executed
        -:  460:
        -:  461:      private:
        -:  462:	_Rb_tree& _M_t;
        -:  463:      };
        -:  464:
        -:  465:    public:
        -:  466:      typedef _Key 				key_type;
        -:  467:      typedef _Val 				value_type;
        -:  468:      typedef value_type* 			pointer;
        -:  469:      typedef const value_type* 		const_pointer;
        -:  470:      typedef value_type& 			reference;
        -:  471:      typedef const value_type& 		const_reference;
        -:  472:      typedef size_t 				size_type;
        -:  473:      typedef ptrdiff_t 			difference_type;
        -:  474:      typedef _Alloc 				allocator_type;
        -:  475:
        -:  476:      _Node_allocator&
function _ZNSt8_Rb_treeIlSt4pairIKllESt10_Select1stIS2_ESt4lessIlESaIS2_EE21_M_get_Node_allocatorEv called 0 returned 0% blocks executed 0%
function _ZNSt8_Rb_treeIN5Catch8TestCaseES1_St9_IdentityIS1_ESt4lessIS1_ESaIS1_EE21_M_get_Node_allocatorEv called 8 returned 100% blocks executed 100%
function _ZNSt8_Rb_treeINSt7__cxx1112basic_stringIcSt11char_traitsIcESaIcEEESt4pairIKS5_N5Catch8TagAliasEESt10_Select1stISA_ESt4lessIS5_ESaISA_EE21_M_get_Node_allocatorEv called 0 returned 0% blocks executed 0%
function _ZNSt8_Rb_treeIPKN5Catch8TestCaseES3_St9_IdentityIS3_ESt4lessIS3_ESaIS3_EE21_M_get_Node_allocatorEv called 8 returned 100% blocks executed 100%
function _ZNSt8_Rb_treeINSt7__cxx1112basic_stringIcSt11char_traitsIcESaIcEEESt4pairIKS5_St10shared_ptrIN5Catch16IReporterFactoryEEESt10_Select1stISC_ESt4lessIS5_ESaISC_EE21_M_get_Node_allocatorEv called 16 returned 100% blocks executed 100%
function _ZNSt8_Rb_treeINSt7__cxx1112basic_stringIcSt11char_traitsIcESaIcEEESt4pairIKS5_N5Catch7TagInfoEESt10_Select1stISA_ESt4lessIS5_ESaISA_EE21_M_get_Node_allocatorEv called 0 returned 0% blocks executed 0%
function _ZNSt8_Rb_treeIN5Catch9VerbosityES1_St9_IdentityIS1_ESt4lessIS1_ESaIS1_EE21_M_get_Node_allocatorEv called 4 returned 100% blocks executed 100%
function _ZNSt8_Rb_treeINSt7__cxx1112basic_stringIcSt11char_traitsIcESaIcEEES5_St9_IdentityIS5_ESt4lessIS5_ESaIS5_EE21_M_get_Node_allocatorEv called 0 returned 0% blocks executed 0%
       36:  477:      _M_get_Node_allocator() _GLIBCXX_NOEXCEPT
       36:  478:      { return *static_cast<_Node_allocator*>(&this->_M_impl); }
        -:  479:      
        -:  480:      const _Node_allocator&
        -:  481:      _M_get_Node_allocator() const _GLIBCXX_NOEXCEPT
        -:  482:      { return *static_cast<const _Node_allocator*>(&this->_M_impl); }
        -:  483:
        -:  484:      allocator_type
        -:  485:      get_allocator() const _GLIBCXX_NOEXCEPT
        -:  486:      { return allocator_type(_M_get_Node_allocator()); }
        -:  487:
        -:  488:    protected:
        -:  489:      _Link_type
function _ZNSt8_Rb_treeIlSt4pairIKllESt10_Select1stIS2_ESt4lessIlESaIS2_EE11_M_get_nodeEv called 0 returned 0% blocks executed 0%
function _ZNSt8_Rb_treeIN5Catch9VerbosityES1_St9_IdentityIS1_ESt4lessIS1_ESaIS1_EE11_M_get_nodeEv called 1 returned 100% blocks executed 100%
function _ZNSt8_Rb_treeIN5Catch8TestCaseES1_St9_IdentityIS1_ESt4lessIS1_ESaIS1_EE11_M_get_nodeEv called 2 returned 100% blocks executed 100%
function _ZNSt8_Rb_treeINSt7__cxx1112basic_stringIcSt11char_traitsIcESaIcEEESt4pairIKS5_N5Catch8TagAliasEESt10_Select1stISA_ESt4lessIS5_ESaISA_EE11_M_get_nodeEv called 0 returned 0% blocks executed 0%
function _ZNSt8_Rb_treeINSt7__cxx1112basic_stringIcSt11char_traitsIcESaIcEEESt4pairIKS5_N5Catch7TagInfoEESt10_Select1stISA_ESt4lessIS5_ESaISA_EE11_M_get_nodeEv called 0 returned 0% blocks executed 0%
function _ZNSt8_Rb_treeINSt7__cxx1112basic_stringIcSt11char_traitsIcESaIcEEES5_St9_IdentityIS5_ESt4lessIS5_ESaIS5_EE11_M_get_nodeEv called 0 returned 0% blocks executed 0%
function _ZNSt8_Rb_treeIPKN5Catch8TestCaseES3_St9_IdentityIS3_ESt4lessIS3_ESaIS3_EE11_M_get_nodeEv called 2 returned 100% blocks executed 100%
function _ZNSt8_Rb_treeINSt7__cxx1112basic_stringIcSt11char_traitsIcESaIcEEESt4pairIKS5_St10shared_ptrIN5Catch16IReporterFactoryEEESt10_Select1stISC_ESt4lessIS5_ESaISC_EE11_M_get_nodeEv called 4 returned 100% blocks executed 100%
        9:  490:      _M_get_node()
        9:  491:      { return _Alloc_traits::allocate(_M_get_Node_allocator(), 1); }
call    0 never executed
call    1 never executed
call    2 returned 100%
call    3 returned 100%
call    4 returned 100%
call    5 returned 100%
call    6 never executed
call    7 never executed
call    8 never executed
call    9 never executed
call   10 never executed
call   11 never executed
call   12 returned 100%
call   13 returned 100%
call   14 returned 100%
call   15 returned 100%
        -:  492:
        -:  493:      void
function _ZNSt8_Rb_treeIlSt4pairIKllESt10_Select1stIS2_ESt4lessIlESaIS2_EE11_M_put_nodeEPSt13_Rb_tree_nodeIS2_E called 0 returned 0% blocks executed 0%
function _ZNSt8_Rb_treeIN5Catch9VerbosityES1_St9_IdentityIS1_ESt4lessIS1_ESaIS1_EE11_M_put_nodeEPSt13_Rb_tree_nodeIS1_E called 1 returned 100% blocks executed 100%
function _ZNSt8_Rb_treeIN5Catch8TestCaseES1_St9_IdentityIS1_ESt4lessIS1_ESaIS1_EE11_M_put_nodeEPSt13_Rb_tree_nodeIS1_E called 2 returned 100% blocks executed 100%
function _ZNSt8_Rb_treeINSt7__cxx1112basic_stringIcSt11char_traitsIcESaIcEEESt4pairIKS5_N5Catch8TagAliasEESt10_Select1stISA_ESt4lessIS5_ESaISA_EE11_M_put_nodeEPSt13_Rb_tree_nodeISA_E called 0 returned 0% blocks executed 0%
function _ZNSt8_Rb_treeIPKN5Catch8TestCaseES3_St9_IdentityIS3_ESt4lessIS3_ESaIS3_EE11_M_put_nodeEPSt13_Rb_tree_nodeIS3_E called 2 returned 100% blocks executed 100%
function _ZNSt8_Rb_treeINSt7__cxx1112basic_stringIcSt11char_traitsIcESaIcEEESt4pairIKS5_St10shared_ptrIN5Catch16IReporterFactoryEEESt10_Select1stISC_ESt4lessIS5_ESaISC_EE11_M_put_nodeEPSt13_Rb_tree_nodeISC_E called 4 returned 100% blocks executed 100%
function _ZNSt8_Rb_treeINSt7__cxx1112basic_stringIcSt11char_traitsIcESaIcEEES5_St9_IdentityIS5_ESt4lessIS5_ESaIS5_EE11_M_put_nodeEPSt13_Rb_tree_nodeIS5_E called 0 returned 0% blocks executed 0%
function _ZNSt8_Rb_treeINSt7__cxx1112basic_stringIcSt11char_traitsIcESaIcEEESt4pairIKS5_N5Catch7TagInfoEESt10_Select1stISA_ESt4lessIS5_ESaISA_EE11_M_put_nodeEPSt13_Rb_tree_nodeISA_E called 0 returned 0% blocks executed 0%
        9:  494:      _M_put_node(_Link_type __p) _GLIBCXX_NOEXCEPT
        9:  495:      { _Alloc_traits::deallocate(_M_get_Node_allocator(), __p, 1); }
call    0 never executed
call    1 never executed
call    2 returned 100%
call    3 returned 100%
call    4 returned 100%
call    5 returned 100%
call    6 never executed
call    7 never executed
call    8 returned 100%
call    9 returned 100%
call   10 returned 100%
call   11 returned 100%
call   12 never executed
call   13 never executed
call   14 never executed
call   15 never executed
        -:  496:
        -:  497:#if __cplusplus < 201103L
        -:  498:      void
        -:  499:      _M_construct_node(_Link_type __node, const value_type& __x)
        -:  500:      {
        -:  501:	__try
        -:  502:	  { get_allocator().construct(__node->_M_valptr(), __x); }
        -:  503:	__catch(...)
        -:  504:	  {
        -:  505:	    _M_put_node(__node);
        -:  506:	    __throw_exception_again;
        -:  507:	  }
        -:  508:      }
        -:  509:
        -:  510:      _Link_type
        -:  511:      _M_create_node(const value_type& __x)
        -:  512:      {
        -:  513:	_Link_type __tmp = _M_get_node();
        -:  514:	_M_construct_node(__tmp, __x);
        -:  515:	return __tmp;
        -:  516:      }
        -:  517:
        -:  518:      void
        -:  519:      _M_destroy_node(_Link_type __p)
        -:  520:      { get_allocator().destroy(__p->_M_valptr()); }
        -:  521:#else
        -:  522:      template<typename... _Args>
        -:  523:	void
function _ZNSt8_Rb_treeIlSt4pairIKllESt10_Select1stIS2_ESt4lessIlESaIS2_EE17_M_construct_nodeIJRKSt21piecewise_construct_tSt5tupleIJRS1_EESD_IJEEEEEvPSt13_Rb_tree_nodeIS2_EDpOT_ called 0 returned 0% blocks executed 0%
function _ZNSt8_Rb_treeIN5Catch9VerbosityES1_St9_IdentityIS1_ESt4lessIS1_ESaIS1_EE17_M_construct_nodeIJRKS1_EEEvPSt13_Rb_tree_nodeIS1_EDpOT_ called 1 returned 100% blocks executed 63%
function _ZNSt8_Rb_treeIPKN5Catch8TestCaseES3_St9_IdentityIS3_ESt4lessIS3_ESaIS3_EE17_M_construct_nodeIJRKS3_EEEvPSt13_Rb_tree_nodeIS3_EDpOT_ called 0 returned 0% blocks executed 0%
function _ZNSt8_Rb_treeIN5Catch8TestCaseES1_St9_IdentityIS1_ESt4lessIS1_ESaIS1_EE17_M_construct_nodeIJRKS1_EEEvPSt13_Rb_tree_nodeIS1_EDpOT_ called 2 returned 100% blocks executed 63%
function _ZNSt8_Rb_treeINSt7__cxx1112basic_stringIcSt11char_traitsIcESaIcEEESt4pairIKS5_N5Catch8TagAliasEESt10_Select1stISA_ESt4lessIS5_ESaISA_EE17_M_construct_nodeIJS6_IS5_S9_EEEEvPSt13_Rb_tree_nodeISA_EDpOT_ called 0 returned 0% blocks executed 0%
function _ZNSt8_Rb_treeINSt7__cxx1112basic_stringIcSt11char_traitsIcESaIcEEESt4pairIKS5_N5Catch7TagInfoEESt10_Select1stISA_ESt4lessIS5_ESaISA_EE17_M_construct_nodeIJS6_IS5_S9_EEEEvPSt13_Rb_tree_nodeISA_EDpOT_ called 0 returned 0% blocks executed 0%
function _ZNSt8_Rb_treeINSt7__cxx1112basic_stringIcSt11char_traitsIcESaIcEEES5_St9_IdentityIS5_ESt4lessIS5_ESaIS5_EE17_M_construct_nodeIJRKS5_EEEvPSt13_Rb_tree_nodeIS5_EDpOT_ called 0 returned 0% blocks executed 0%
function _ZNSt8_Rb_treeIPKN5Catch8TestCaseES3_St9_IdentityIS3_ESt4lessIS3_ESaIS3_EE17_M_construct_nodeIJS3_EEEvPSt13_Rb_tree_nodeIS3_EDpOT_ called 2 returned 100% blocks executed 63%
function _ZNSt8_Rb_treeINSt7__cxx1112basic_stringIcSt11char_traitsIcESaIcEEESt4pairIKS5_St10shared_ptrIN5Catch16IReporterFactoryEEESt10_Select1stISC_ESt4lessIS5_ESaISC_EE17_M_construct_nodeIJRS7_RKSB_EEEvPSt13_Rb_tree_nodeISC_EDpOT_ called 4 returned 100% blocks executed 65%
        9:  524:	_M_construct_node(_Link_type __node, _Args&&... __args)
        -:  525:	{
        -:  526:	  __try
        -:  527:	    {
        9:  528:	      ::new(__node) _Rb_tree_node<_Val>;
call    0 never executed
branch  1 never executed
branch  2 never executed
call    3 never executed
call    4 returned 100%
branch  5 taken 100% (fallthrough)
branch  6 taken 0%
call    7 returned 100%
call    8 never executed
branch  9 never executed
branch 10 never executed
call   11 never executed
call   12 returned 100%
branch 13 taken 100% (fallthrough)
branch 14 taken 0%
call   15 returned 100%
call   16 never executed
branch 17 never executed
branch 18 never executed
call   19 never executed
call   20 never executed
branch 21 never executed
branch 22 never executed
call   23 never executed
call   24 never executed
branch 25 never executed
branch 26 never executed
call   27 never executed
call   28 returned 100%
branch 29 taken 100% (fallthrough)
branch 30 taken 0%
call   31 returned 100%
call   32 returned 100%
branch 33 taken 100% (fallthrough)
branch 34 taken 0%
call   35 returned 100%
        9:  529:	      _Alloc_traits::construct(_M_get_Node_allocator(),
call    0 never executed
call    1 never executed
call    2 never executed
branch  3 never executed
branch  4 never executed
call    5 returned 100%
call    6 returned 100%
call    7 returned 100%
branch  8 taken 100% (fallthrough)
branch  9 taken 0% (throw)
call   10 never executed
call   11 never executed
call   12 never executed
branch 13 never executed
branch 14 never executed
call   15 returned 100%
call   16 returned 100%
call   17 returned 100%
branch 18 taken 100% (fallthrough)
branch 19 taken 0% (throw)
call   20 never executed
call   21 never executed
call   22 never executed
branch 23 never executed
branch 24 never executed
call   25 never executed
call   26 never executed
call   27 never executed
branch 28 never executed
branch 29 never executed
call   30 never executed
call   31 never executed
call   32 never executed
branch 33 never executed
branch 34 never executed
call   35 returned 100%
call   36 returned 100%
call   37 returned 100%
branch 38 taken 100% (fallthrough)
branch 39 taken 0% (throw)
call   40 returned 100%
call   41 returned 100%
call   42 returned 100%
branch 43 taken 100% (fallthrough)
branch 44 taken 0% (throw)
        -:  530:				       __node->_M_valptr(),
        9:  531:				       std::forward<_Args>(__args)...);
call    0 never executed
call    1 never executed
call    2 never executed
call    3 returned 100%
call    4 never executed
call    5 returned 100%
call    6 never executed
call    7 never executed
call    8 never executed
call    9 returned 100%
call   10 returned 100%
call   11 returned 100%
        -:  532:	    }
    =====:  533:	  __catch(...)
call    0 never executed
call    1 never executed
call    2 never executed
call    3 never executed
call    4 never executed
call    5 never executed
call    6 never executed
call    7 never executed
call    8 never executed
call    9 never executed
call   10 never executed
call   11 never executed
call   12 never executed
call   13 never executed
call   14 never executed
call   15 never executed
call   16 never executed
call   17 never executed
        -:  534:	    {
        -:  535:	      __node->~_Rb_tree_node<_Val>();
    =====:  536:	      _M_put_node(__node);
call    0 never executed
call    1 never executed
call    2 never executed
call    3 never executed
call    4 never executed
call    5 never executed
call    6 never executed
call    7 never executed
call    8 never executed
    =====:  537:	      __throw_exception_again;
call    0 never executed
call    1 never executed
call    2 never executed
call    3 never executed
call    4 never executed
call    5 never executed
call    6 never executed
call    7 never executed
call    8 never executed
        -:  538:	    }
        9:  539:	}
        -:  540:
        -:  541:      template<typename... _Args>
        -:  542:        _Link_type
function _ZNSt8_Rb_treeIlSt4pairIKllESt10_Select1stIS2_ESt4lessIlESaIS2_EE14_M_create_nodeIJRKSt21piecewise_construct_tSt5tupleIJRS1_EESD_IJEEEEEPSt13_Rb_tree_nodeIS2_EDpOT_ called 0 returned 0% blocks executed 0%
function _ZNSt8_Rb_treeIN5Catch9VerbosityES1_St9_IdentityIS1_ESt4lessIS1_ESaIS1_EE14_M_create_nodeIJRKS1_EEEPSt13_Rb_tree_nodeIS1_EDpOT_ called 1 returned 100% blocks executed 100%
function _ZNSt8_Rb_treeIPKN5Catch8TestCaseES3_St9_IdentityIS3_ESt4lessIS3_ESaIS3_EE14_M_create_nodeIJRKS3_EEEPSt13_Rb_tree_nodeIS3_EDpOT_ called 0 returned 0% blocks executed 0%
function _ZNSt8_Rb_treeIN5Catch8TestCaseES1_St9_IdentityIS1_ESt4lessIS1_ESaIS1_EE14_M_create_nodeIJRKS1_EEEPSt13_Rb_tree_nodeIS1_EDpOT_ called 2 returned 100% blocks executed 100%
function _ZNSt8_Rb_treeINSt7__cxx1112basic_stringIcSt11char_traitsIcESaIcEEESt4pairIKS5_N5Catch8TagAliasEESt10_Select1stISA_ESt4lessIS5_ESaISA_EE14_M_create_nodeIJS6_IS5_S9_EEEEPSt13_Rb_tree_nodeISA_EDpOT_ called 0 returned 0% blocks executed 0%
function _ZNSt8_Rb_treeINSt7__cxx1112basic_stringIcSt11char_traitsIcESaIcEEESt4pairIKS5_N5Catch7TagInfoEESt10_Select1stISA_ESt4lessIS5_ESaISA_EE14_M_create_nodeIJS6_IS5_S9_EEEEPSt13_Rb_tree_nodeISA_EDpOT_ called 0 returned 0% blocks executed 0%
function _ZNSt8_Rb_treeINSt7__cxx1112basic_stringIcSt11char_traitsIcESaIcEEES5_St9_IdentityIS5_ESt4lessIS5_ESaIS5_EE14_M_create_nodeIJRKS5_EEEPSt13_Rb_tree_nodeIS5_EDpOT_ called 0 returned 0% blocks executed 0%
function _ZNSt8_Rb_treeIPKN5Catch8TestCaseES3_St9_IdentityIS3_ESt4lessIS3_ESaIS3_EE14_M_create_nodeIJS3_EEEPSt13_Rb_tree_nodeIS3_EDpOT_ called 2 returned 100% blocks executed 100%
function _ZNSt8_Rb_treeINSt7__cxx1112basic_stringIcSt11char_traitsIcESaIcEEESt4pairIKS5_St10shared_ptrIN5Catch16IReporterFactoryEEESt10_Select1stISC_ESt4lessIS5_ESaISC_EE14_M_create_nodeIJRS7_RKSB_EEEPSt13_Rb_tree_nodeISC_EDpOT_ called 4 returned 100% blocks executed 100%
        9:  543:        _M_create_node(_Args&&... __args)
        -:  544:	{
        9:  545:	  _Link_type __tmp = _M_get_node();
call    0 never executed
call    1 returned 100%
call    2 never executed
call    3 returned 100%
call    4 never executed
call    5 never executed
call    6 never executed
call    7 returned 100%
call    8 returned 100%
        9:  546:	  _M_construct_node(__tmp, std::forward<_Args>(__args)...);
call    0 never executed
call    1 never executed
call    2 never executed
call    3 never executed
call    4 returned 100%
call    5 returned 100%
call    6 never executed
call    7 never executed
call    8 returned 100%
call    9 returned 100%
call   10 never executed
call   11 never executed
call   12 never executed
call   13 never executed
call   14 never executed
call   15 never executed
call   16 returned 100%
call   17 returned 100%
call   18 returned 100%
call   19 returned 100%
call   20 returned 100%
        9:  547:	  return __tmp;
        -:  548:	}
        -:  549:
        -:  550:      void
function _ZNSt8_Rb_treeIlSt4pairIKllESt10_Select1stIS2_ESt4lessIlESaIS2_EE15_M_destroy_nodeEPSt13_Rb_tree_nodeIS2_E called 0 returned 0% blocks executed 0%
function _ZNSt8_Rb_treeIN5Catch9VerbosityES1_St9_IdentityIS1_ESt4lessIS1_ESaIS1_EE15_M_destroy_nodeEPSt13_Rb_tree_nodeIS1_E called 1 returned 100% blocks executed 100%
function _ZNSt8_Rb_treeIN5Catch8TestCaseES1_St9_IdentityIS1_ESt4lessIS1_ESaIS1_EE15_M_destroy_nodeEPSt13_Rb_tree_nodeIS1_E called 2 returned 100% blocks executed 100%
function _ZNSt8_Rb_treeINSt7__cxx1112basic_stringIcSt11char_traitsIcESaIcEEESt4pairIKS5_N5Catch8TagAliasEESt10_Select1stISA_ESt4lessIS5_ESaISA_EE15_M_destroy_nodeEPSt13_Rb_tree_nodeISA_E called 0 returned 0% blocks executed 0%
function _ZNSt8_Rb_treeIPKN5Catch8TestCaseES3_St9_IdentityIS3_ESt4lessIS3_ESaIS3_EE15_M_destroy_nodeEPSt13_Rb_tree_nodeIS3_E called 2 returned 100% blocks executed 100%
function _ZNSt8_Rb_treeINSt7__cxx1112basic_stringIcSt11char_traitsIcESaIcEEESt4pairIKS5_St10shared_ptrIN5Catch16IReporterFactoryEEESt10_Select1stISC_ESt4lessIS5_ESaISC_EE15_M_destroy_nodeEPSt13_Rb_tree_nodeISC_E called 4 returned 100% blocks executed 100%
function _ZNSt8_Rb_treeINSt7__cxx1112basic_stringIcSt11char_traitsIcESaIcEEES5_St9_IdentityIS5_ESt4lessIS5_ESaIS5_EE15_M_destroy_nodeEPSt13_Rb_tree_nodeIS5_E called 0 returned 0% blocks executed 0%
function _ZNSt8_Rb_treeINSt7__cxx1112basic_stringIcSt11char_traitsIcESaIcEEESt4pairIKS5_N5Catch7TagInfoEESt10_Select1stISA_ESt4lessIS5_ESaISA_EE15_M_destroy_nodeEPSt13_Rb_tree_nodeISA_E called 0 returned 0% blocks executed 0%
        9:  551:      _M_destroy_node(_Link_type __p) noexcept
        -:  552:      {
        9:  553:	_Alloc_traits::destroy(_M_get_Node_allocator(), __p->_M_valptr());
call    0 never executed
call    1 never executed
call    2 never executed
call    3 returned 100%
call    4 returned 100%
call    5 returned 100%
call    6 returned 100%
call    7 returned 100%
call    8 returned 100%
call    9 never executed
call   10 never executed
call   11 never executed
call   12 returned 100%
call   13 returned 100%
call   14 returned 100%
call   15 returned 100%
call   16 returned 100%
call   17 returned 100%
call   18 never executed
call   19 never executed
call   20 never executed
call   21 never executed
call   22 never executed
call   23 never executed
        -:  554:	__p->~_Rb_tree_node<_Val>();
        9:  555:      }
        -:  556:#endif
        -:  557:
        -:  558:      void
function _ZNSt8_Rb_treeIlSt4pairIKllESt10_Select1stIS2_ESt4lessIlESaIS2_EE12_M_drop_nodeEPSt13_Rb_tree_nodeIS2_E called 0 returned 0% blocks executed 0%
function _ZNSt8_Rb_treeIN5Catch9VerbosityES1_St9_IdentityIS1_ESt4lessIS1_ESaIS1_EE12_M_drop_nodeEPSt13_Rb_tree_nodeIS1_E called 1 returned 100% blocks executed 100%
function _ZNSt8_Rb_treeIN5Catch8TestCaseES1_St9_IdentityIS1_ESt4lessIS1_ESaIS1_EE12_M_drop_nodeEPSt13_Rb_tree_nodeIS1_E called 2 returned 100% blocks executed 100%
function _ZNSt8_Rb_treeINSt7__cxx1112basic_stringIcSt11char_traitsIcESaIcEEESt4pairIKS5_N5Catch8TagAliasEESt10_Select1stISA_ESt4lessIS5_ESaISA_EE12_M_drop_nodeEPSt13_Rb_tree_nodeISA_E called 0 returned 0% blocks executed 0%
function _ZNSt8_Rb_treeIPKN5Catch8TestCaseES3_St9_IdentityIS3_ESt4lessIS3_ESaIS3_EE12_M_drop_nodeEPSt13_Rb_tree_nodeIS3_E called 2 returned 100% blocks executed 100%
function _ZNSt8_Rb_treeINSt7__cxx1112basic_stringIcSt11char_traitsIcESaIcEEESt4pairIKS5_St10shared_ptrIN5Catch16IReporterFactoryEEESt10_Select1stISC_ESt4lessIS5_ESaISC_EE12_M_drop_nodeEPSt13_Rb_tree_nodeISC_E called 4 returned 100% blocks executed 100%
function _ZNSt8_Rb_treeINSt7__cxx1112basic_stringIcSt11char_traitsIcESaIcEEES5_St9_IdentityIS5_ESt4lessIS5_ESaIS5_EE12_M_drop_nodeEPSt13_Rb_tree_nodeIS5_E called 0 returned 0% blocks executed 0%
function _ZNSt8_Rb_treeINSt7__cxx1112basic_stringIcSt11char_traitsIcESaIcEEESt4pairIKS5_N5Catch7TagInfoEESt10_Select1stISA_ESt4lessIS5_ESaISA_EE12_M_drop_nodeEPSt13_Rb_tree_nodeISA_E called 0 returned 0% blocks executed 0%
        9:  559:      _M_drop_node(_Link_type __p) _GLIBCXX_NOEXCEPT
        -:  560:      {
        9:  561:	_M_destroy_node(__p);
call    0 never executed
call    1 returned 100%
call    2 returned 100%
call    3 never executed
call    4 returned 100%
call    5 returned 100%
call    6 never executed
call    7 never executed
        9:  562:	_M_put_node(__p);
call    0 never executed
call    1 returned 100%
call    2 returned 100%
call    3 never executed
call    4 returned 100%
call    5 returned 100%
call    6 never executed
call    7 never executed
        9:  563:      }
        -:  564:
        -:  565:      template<typename _NodeGen>
        -:  566:	_Link_type
        -:  567:	_M_clone_node(_Const_Link_type __x, _NodeGen& __node_gen)
        -:  568:	{
        -:  569:	  _Link_type __tmp = __node_gen(*__x->_M_valptr());
        -:  570:	  __tmp->_M_color = __x->_M_color;
        -:  571:	  __tmp->_M_left = 0;
        -:  572:	  __tmp->_M_right = 0;
        -:  573:	  return __tmp;
        -:  574:	}
        -:  575:
        -:  576:    protected:
        -:  577:      // Unused _Is_pod_comparator is kept as it is part of mangled name.
        -:  578:      template<typename _Key_compare,
        -:  579:	       bool /* _Is_pod_comparator */ = __is_pod(_Key_compare)>
function _ZNSt8_Rb_treeIlSt4pairIKllESt10_Select1stIS2_ESt4lessIlESaIS2_EE13_Rb_tree_implIS6_Lb1EED2Ev called 0 returned 0% blocks executed 0%
function _ZNSt8_Rb_treeIN5Catch9VerbosityES1_St9_IdentityIS1_ESt4lessIS1_ESaIS1_EE13_Rb_tree_implIS5_Lb1EED2Ev called 1 returned 100% blocks executed 100%
function _ZNSt8_Rb_treeIN5Catch8TestCaseES1_St9_IdentityIS1_ESt4lessIS1_ESaIS1_EE13_Rb_tree_implIS5_Lb1EED2Ev called 1 returned 100% blocks executed 100%
function _ZNSt8_Rb_treeINSt7__cxx1112basic_stringIcSt11char_traitsIcESaIcEEESt4pairIKS5_N5Catch8TagAliasEESt10_Select1stISA_ESt4lessIS5_ESaISA_EE13_Rb_tree_implISE_Lb1EED2Ev called 1 returned 100% blocks executed 100%
function _ZNSt8_Rb_treeIPKN5Catch8TestCaseES3_St9_IdentityIS3_ESt4lessIS3_ESaIS3_EE13_Rb_tree_implIS7_Lb1EED2Ev called 1 returned 100% blocks executed 100%
function _ZNSt8_Rb_treeINSt7__cxx1112basic_stringIcSt11char_traitsIcESaIcEEESt4pairIKS5_St10shared_ptrIN5Catch16IReporterFactoryEEESt10_Select1stISC_ESt4lessIS5_ESaISC_EE13_Rb_tree_implISG_Lb1EED2Ev called 1 returned 100% blocks executed 100%
function _ZNSt8_Rb_treeINSt7__cxx1112basic_stringIcSt11char_traitsIcESaIcEEES5_St9_IdentityIS5_ESt4lessIS5_ESaIS5_EE13_Rb_tree_implIS9_Lb1EED2Ev called 0 returned 0% blocks executed 0%
function _ZNSt8_Rb_treeINSt7__cxx1112basic_stringIcSt11char_traitsIcESaIcEEESt4pairIKS5_N5Catch7TagInfoEESt10_Select1stISA_ESt4lessIS5_ESaISA_EE13_Rb_tree_implISE_Lb1EED2Ev called 0 returned 0% blocks executed 0%
        5:  580:        struct _Rb_tree_impl : public _Node_allocator
call    0 never executed
call    1 returned 100%
call    2 returned 100%
call    3 returned 100%
call    4 returned 100%
call    5 returned 100%
call    6 never executed
call    7 never executed
        -:  581:        {
        -:  582:	  _Key_compare		_M_key_compare;
        -:  583:	  _Rb_tree_node_base 	_M_header;
        -:  584:	  size_type 		_M_node_count; // Keeps track of size of tree.
        -:  585:
function _ZNSt8_Rb_treeIlSt4pairIKllESt10_Select1stIS2_ESt4lessIlESaIS2_EE13_Rb_tree_implIS6_Lb1EEC2Ev called 0 returned 0% blocks executed 0%
function _ZNSt8_Rb_treeINSt7__cxx1112basic_stringIcSt11char_traitsIcESaIcEEESt4pairIKS5_N5Catch8TagAliasEESt10_Select1stISA_ESt4lessIS5_ESaISA_EE13_Rb_tree_implISE_Lb1EEC2Ev called 1 returned 100% blocks executed 100%
function _ZNSt8_Rb_treeINSt7__cxx1112basic_stringIcSt11char_traitsIcESaIcEEESt4pairIKS5_St10shared_ptrIN5Catch16IReporterFactoryEEESt10_Select1stISC_ESt4lessIS5_ESaISC_EE13_Rb_tree_implISG_Lb1EEC2Ev called 1 returned 100% blocks executed 100%
function _ZNSt8_Rb_treeIN5Catch9VerbosityES1_St9_IdentityIS1_ESt4lessIS1_ESaIS1_EE13_Rb_tree_implIS5_Lb1EEC2Ev called 0 returned 0% blocks executed 0%
function _ZNSt8_Rb_treeIN5Catch8TestCaseES1_St9_IdentityIS1_ESt4lessIS1_ESaIS1_EE13_Rb_tree_implIS5_Lb1EEC2Ev called 1 returned 100% blocks executed 100%
function _ZNSt8_Rb_treeIPKN5Catch8TestCaseES3_St9_IdentityIS3_ESt4lessIS3_ESaIS3_EE13_Rb_tree_implIS7_Lb1EEC2Ev called 1 returned 100% blocks executed 100%
function _ZNSt8_Rb_treeINSt7__cxx1112basic_stringIcSt11char_traitsIcESaIcEEES5_St9_IdentityIS5_ESt4lessIS5_ESaIS5_EE13_Rb_tree_implIS9_Lb1EEC2Ev called 0 returned 0% blocks executed 0%
function _ZNSt8_Rb_treeINSt7__cxx1112basic_stringIcSt11char_traitsIcESaIcEEESt4pairIKS5_N5Catch7TagInfoEESt10_Select1stISA_ESt4lessIS5_ESaISA_EE13_Rb_tree_implISE_Lb1EEC2Ev called 0 returned 0% blocks executed 0%
        4:  586:	  _Rb_tree_impl()
        -:  587:	  : _Node_allocator(), _M_key_compare(), _M_header(),
        4:  588:	    _M_node_count(0)
call    0 never executed
call    1 returned 100%
call    2 returned 100%
call    3 never executed
call    4 returned 100%
call    5 returned 100%
call    6 never executed
call    7 never executed
        4:  589:	  { _M_initialize(); }
call    0 never executed
call    1 returned 100%
call    2 returned 100%
call    3 never executed
call    4 returned 100%
call    5 returned 100%
call    6 never executed
call    7 never executed
        -:  590:
function _ZNSt8_Rb_treeINSt7__cxx1112basic_stringIcSt11char_traitsIcESaIcEEES5_St9_IdentityIS5_ESt4lessIS5_ESaIS5_EE13_Rb_tree_implIS9_Lb1EEC2ERKS9_RKSaISt13_Rb_tree_nodeIS5_EE called 0 returned 0% blocks executed 0%
    #####:  591:	  _Rb_tree_impl(const _Key_compare& __comp, const _Node_allocator& __a)
        -:  592:	  : _Node_allocator(__a), _M_key_compare(__comp), _M_header(),
    #####:  593:	    _M_node_count(0)
call    0 never executed
    #####:  594:	  { _M_initialize(); }
call    0 never executed
        -:  595:
        -:  596:#if __cplusplus >= 201103L
function _ZNSt8_Rb_treeIN5Catch9VerbosityES1_St9_IdentityIS1_ESt4lessIS1_ESaIS1_EE13_Rb_tree_implIS5_Lb1EEC2ERKS5_OSaISt13_Rb_tree_nodeIS1_EE called 1 returned 100% blocks executed 100%
        1:  597:	  _Rb_tree_impl(const _Key_compare& __comp, _Node_allocator&& __a)
        1:  598:	  : _Node_allocator(std::move(__a)), _M_key_compare(__comp),
call    0 returned 100%
        1:  599:	    _M_header(), _M_node_count(0)
call    0 returned 100%
        1:  600:	  { _M_initialize(); }
call    0 returned 100%
        -:  601:#endif
        -:  602:
        -:  603:	  void
        -:  604:	  _M_reset()
        -:  605:	  {
        -:  606:	    this->_M_header._M_parent = 0;
        -:  607:	    this->_M_header._M_left = &this->_M_header;
        -:  608:	    this->_M_header._M_right = &this->_M_header;
        -:  609:	    this->_M_node_count = 0;
        -:  610:	  }
        -:  611:
        -:  612:	private:
        -:  613:	  void
function _ZNSt8_Rb_treeIlSt4pairIKllESt10_Select1stIS2_ESt4lessIlESaIS2_EE13_Rb_tree_implIS6_Lb1EE13_M_initializeEv called 0 returned 0% blocks executed 0%
function _ZNSt8_Rb_treeINSt7__cxx1112basic_stringIcSt11char_traitsIcESaIcEEESt4pairIKS5_N5Catch8TagAliasEESt10_Select1stISA_ESt4lessIS5_ESaISA_EE13_Rb_tree_implISE_Lb1EE13_M_initializeEv called 1 returned 100% blocks executed 100%
function _ZNSt8_Rb_treeINSt7__cxx1112basic_stringIcSt11char_traitsIcESaIcEEESt4pairIKS5_St10shared_ptrIN5Catch16IReporterFactoryEEESt10_Select1stISC_ESt4lessIS5_ESaISC_EE13_Rb_tree_implISG_Lb1EE13_M_initializeEv called 1 returned 100% blocks executed 100%
function _ZNSt8_Rb_treeIN5Catch9VerbosityES1_St9_IdentityIS1_ESt4lessIS1_ESaIS1_EE13_Rb_tree_implIS5_Lb1EE13_M_initializeEv called 1 returned 100% blocks executed 100%
function _ZNSt8_Rb_treeIN5Catch8TestCaseES1_St9_IdentityIS1_ESt4lessIS1_ESaIS1_EE13_Rb_tree_implIS5_Lb1EE13_M_initializeEv called 1 returned 100% blocks executed 100%
function _ZNSt8_Rb_treeIPKN5Catch8TestCaseES3_St9_IdentityIS3_ESt4lessIS3_ESaIS3_EE13_Rb_tree_implIS7_Lb1EE13_M_initializeEv called 1 returned 100% blocks executed 100%
function _ZNSt8_Rb_treeINSt7__cxx1112basic_stringIcSt11char_traitsIcESaIcEEES5_St9_IdentityIS5_ESt4lessIS5_ESaIS5_EE13_Rb_tree_implIS9_Lb1EE13_M_initializeEv called 0 returned 0% blocks executed 0%
function _ZNSt8_Rb_treeINSt7__cxx1112basic_stringIcSt11char_traitsIcESaIcEEESt4pairIKS5_N5Catch7TagInfoEESt10_Select1stISA_ESt4lessIS5_ESaISA_EE13_Rb_tree_implISE_Lb1EE13_M_initializeEv called 0 returned 0% blocks executed 0%
        5:  614:	  _M_initialize()
        -:  615:	  {
        5:  616:	    this->_M_header._M_color = _S_red;
        5:  617:	    this->_M_header._M_parent = 0;
        5:  618:	    this->_M_header._M_left = &this->_M_header;
        5:  619:	    this->_M_header._M_right = &this->_M_header;
        5:  620:	  }	    
        -:  621:	};
        -:  622:
        -:  623:      _Rb_tree_impl<_Compare> _M_impl;
        -:  624:
        -:  625:    protected:
        -:  626:      _Base_ptr&
function _ZNSt8_Rb_treeINSt7__cxx1112basic_stringIcSt11char_traitsIcESaIcEEES5_St9_IdentityIS5_ESt4lessIS5_ESaIS5_EE7_M_rootEv called 0 returned 0% blocks executed 0%
    #####:  627:      _M_root() _GLIBCXX_NOEXCEPT
    #####:  628:      { return this->_M_impl._M_header._M_parent; }
        -:  629:
        -:  630:      _Const_Base_ptr
        -:  631:      _M_root() const _GLIBCXX_NOEXCEPT
        -:  632:      { return this->_M_impl._M_header._M_parent; }
        -:  633:
        -:  634:      _Base_ptr&
function _ZNSt8_Rb_treeIlSt4pairIKllESt10_Select1stIS2_ESt4lessIlESaIS2_EE11_M_leftmostEv called 0 returned 0% blocks executed 0%
function _ZNSt8_Rb_treeIPKN5Catch8TestCaseES3_St9_IdentityIS3_ESt4lessIS3_ESaIS3_EE11_M_leftmostEv called 0 returned 0% blocks executed 0%
function _ZNSt8_Rb_treeIN5Catch9VerbosityES1_St9_IdentityIS1_ESt4lessIS1_ESaIS1_EE11_M_leftmostEv called 0 returned 0% blocks executed 0%
function _ZNSt8_Rb_treeINSt7__cxx1112basic_stringIcSt11char_traitsIcESaIcEEES5_St9_IdentityIS5_ESt4lessIS5_ESaIS5_EE11_M_leftmostEv called 0 returned 0% blocks executed 0%
    #####:  635:      _M_leftmost() _GLIBCXX_NOEXCEPT
    #####:  636:      { return this->_M_impl._M_header._M_left; }
        -:  637:
        -:  638:      _Const_Base_ptr
        -:  639:      _M_leftmost() const _GLIBCXX_NOEXCEPT
        -:  640:      { return this->_M_impl._M_header._M_left; }
        -:  641:
        -:  642:      _Base_ptr&
function _ZNSt8_Rb_treeIlSt4pairIKllESt10_Select1stIS2_ESt4lessIlESaIS2_EE12_M_rightmostEv called 0 returned 0% blocks executed 0%
function _ZNSt8_Rb_treeIPKN5Catch8TestCaseES3_St9_IdentityIS3_ESt4lessIS3_ESaIS3_EE12_M_rightmostEv called 0 returned 0% blocks executed 0%
function _ZNSt8_Rb_treeIN5Catch9VerbosityES1_St9_IdentityIS1_ESt4lessIS1_ESaIS1_EE12_M_rightmostEv called 0 returned 0% blocks executed 0%
function _ZNSt8_Rb_treeINSt7__cxx1112basic_stringIcSt11char_traitsIcESaIcEEES5_St9_IdentityIS5_ESt4lessIS5_ESaIS5_EE12_M_rightmostEv called 0 returned 0% blocks executed 0%
    #####:  643:      _M_rightmost() _GLIBCXX_NOEXCEPT
    #####:  644:      { return this->_M_impl._M_header._M_right; }
        -:  645:
        -:  646:      _Const_Base_ptr
        -:  647:      _M_rightmost() const _GLIBCXX_NOEXCEPT
        -:  648:      { return this->_M_impl._M_header._M_right; }
        -:  649:
        -:  650:      _Link_type
function _ZNSt8_Rb_treeIlSt4pairIKllESt10_Select1stIS2_ESt4lessIlESaIS2_EE8_M_beginEv called 0 returned 0% blocks executed 0%
function _ZNSt8_Rb_treeIN5Catch9VerbosityES1_St9_IdentityIS1_ESt4lessIS1_ESaIS1_EE8_M_beginEv called 2 returned 100% blocks executed 100%
function _ZNSt8_Rb_treeIN5Catch8TestCaseES1_St9_IdentityIS1_ESt4lessIS1_ESaIS1_EE8_M_beginEv called 3 returned 100% blocks executed 100%
function _ZNSt8_Rb_treeINSt7__cxx1112basic_stringIcSt11char_traitsIcESaIcEEESt4pairIKS5_N5Catch8TagAliasEESt10_Select1stISA_ESt4lessIS5_ESaISA_EE8_M_beginEv called 1 returned 100% blocks executed 100%
function _ZNSt8_Rb_treeIPKN5Catch8TestCaseES3_St9_IdentityIS3_ESt4lessIS3_ESaIS3_EE8_M_beginEv called 3 returned 100% blocks executed 100%
function _ZNSt8_Rb_treeINSt7__cxx1112basic_stringIcSt11char_traitsIcESaIcEEESt4pairIKS5_St10shared_ptrIN5Catch16IReporterFactoryEEESt10_Select1stISC_ESt4lessIS5_ESaISC_EE8_M_beginEv called 5 returned 100% blocks executed 100%
function _ZNSt8_Rb_treeINSt7__cxx1112basic_stringIcSt11char_traitsIcESaIcEEES5_St9_IdentityIS5_ESt4lessIS5_ESaIS5_EE8_M_beginEv called 0 returned 0% blocks executed 0%
function _ZNSt8_Rb_treeINSt7__cxx1112basic_stringIcSt11char_traitsIcESaIcEEESt4pairIKS5_N5Catch7TagInfoEESt10_Select1stISA_ESt4lessIS5_ESaISA_EE8_M_beginEv called 0 returned 0% blocks executed 0%
       14:  651:      _M_begin() _GLIBCXX_NOEXCEPT
       14:  652:      { return static_cast<_Link_type>(this->_M_impl._M_header._M_parent); }
        -:  653:
        -:  654:      _Const_Link_type
function _ZNKSt8_Rb_treeIlSt4pairIKllESt10_Select1stIS2_ESt4lessIlESaIS2_EE8_M_beginEv called 0 returned 0% blocks executed 0%
function _ZNKSt8_Rb_treeIN5Catch9VerbosityES1_St9_IdentityIS1_ESt4lessIS1_ESaIS1_EE8_M_beginEv called 1 returned 100% blocks executed 100%
function _ZNKSt8_Rb_treeINSt7__cxx1112basic_stringIcSt11char_traitsIcESaIcEEESt4pairIKS5_N5Catch8TagAliasEESt10_Select1stISA_ESt4lessIS5_ESaISA_EE8_M_beginEv called 0 returned 0% blocks executed 0%
function _ZNKSt8_Rb_treeINSt7__cxx1112basic_stringIcSt11char_traitsIcESaIcEEESt4pairIKS5_St10shared_ptrIN5Catch16IReporterFactoryEEESt10_Select1stISC_ESt4lessIS5_ESaISC_EE8_M_beginEv called 1 returned 100% blocks executed 100%
        2:  655:      _M_begin() const _GLIBCXX_NOEXCEPT
        -:  656:      {
        -:  657:	return static_cast<_Const_Link_type>
        2:  658:	  (this->_M_impl._M_header._M_parent);
        -:  659:      }
        -:  660:
        -:  661:      _Link_type
function _ZNSt8_Rb_treeIlSt4pairIKllESt10_Select1stIS2_ESt4lessIlESaIS2_EE6_M_endEv called 0 returned 0% blocks executed 0%
function _ZNSt8_Rb_treeIN5Catch9VerbosityES1_St9_IdentityIS1_ESt4lessIS1_ESaIS1_EE6_M_endEv called 3 returned 100% blocks executed 100%
function _ZNSt8_Rb_treeIN5Catch8TestCaseES1_St9_IdentityIS1_ESt4lessIS1_ESaIS1_EE6_M_endEv called 4 returned 100% blocks executed 100%
function _ZNSt8_Rb_treeINSt7__cxx1112basic_stringIcSt11char_traitsIcESaIcEEESt4pairIKS5_N5Catch8TagAliasEESt10_Select1stISA_ESt4lessIS5_ESaISA_EE6_M_endEv called 0 returned 0% blocks executed 0%
function _ZNSt8_Rb_treeIPKN5Catch8TestCaseES3_St9_IdentityIS3_ESt4lessIS3_ESaIS3_EE6_M_endEv called 4 returned 100% blocks executed 100%
function _ZNSt8_Rb_treeINSt7__cxx1112basic_stringIcSt11char_traitsIcESaIcEEESt4pairIKS5_St10shared_ptrIN5Catch16IReporterFactoryEEESt10_Select1stISC_ESt4lessIS5_ESaISC_EE6_M_endEv called 8 returned 100% blocks executed 100%
function _ZNSt8_Rb_treeINSt7__cxx1112basic_stringIcSt11char_traitsIcESaIcEEES5_St9_IdentityIS5_ESt4lessIS5_ESaIS5_EE6_M_endEv called 0 returned 0% blocks executed 0%
function _ZNSt8_Rb_treeINSt7__cxx1112basic_stringIcSt11char_traitsIcESaIcEEESt4pairIKS5_N5Catch7TagInfoEESt10_Select1stISA_ESt4lessIS5_ESaISA_EE6_M_endEv called 0 returned 0% blocks executed 0%
       19:  662:      _M_end() _GLIBCXX_NOEXCEPT
       19:  663:      { return reinterpret_cast<_Link_type>(&this->_M_impl._M_header); }
        -:  664:
        -:  665:      _Const_Link_type
function _ZNKSt8_Rb_treeIlSt4pairIKllESt10_Select1stIS2_ESt4lessIlESaIS2_EE6_M_endEv called 0 returned 0% blocks executed 0%
function _ZNKSt8_Rb_treeIN5Catch9VerbosityES1_St9_IdentityIS1_ESt4lessIS1_ESaIS1_EE6_M_endEv called 1 returned 100% blocks executed 100%
function _ZNKSt8_Rb_treeINSt7__cxx1112basic_stringIcSt11char_traitsIcESaIcEEESt4pairIKS5_N5Catch8TagAliasEESt10_Select1stISA_ESt4lessIS5_ESaISA_EE6_M_endEv called 0 returned 0% blocks executed 0%
function _ZNKSt8_Rb_treeINSt7__cxx1112basic_stringIcSt11char_traitsIcESaIcEEESt4pairIKS5_St10shared_ptrIN5Catch16IReporterFactoryEEESt10_Select1stISC_ESt4lessIS5_ESaISC_EE6_M_endEv called 1 returned 100% blocks executed 100%
        2:  666:      _M_end() const _GLIBCXX_NOEXCEPT
        2:  667:      { return reinterpret_cast<_Const_Link_type>(&this->_M_impl._M_header); }
        -:  668:
        -:  669:      static const_reference
function _ZNSt8_Rb_treeIlSt4pairIKllESt10_Select1stIS2_ESt4lessIlESaIS2_EE8_S_valueEPKSt13_Rb_tree_nodeIS2_E called 0 returned 0% blocks executed 0%
function _ZNSt8_Rb_treeIN5Catch9VerbosityES1_St9_IdentityIS1_ESt4lessIS1_ESaIS1_EE8_S_valueEPKSt13_Rb_tree_nodeIS1_E called 1 returned 100% blocks executed 100%
function _ZNSt8_Rb_treeIN5Catch8TestCaseES1_St9_IdentityIS1_ESt4lessIS1_ESaIS1_EE8_S_valueEPKSt13_Rb_tree_nodeIS1_E called 1 returned 100% blocks executed 100%
function _ZNSt8_Rb_treeINSt7__cxx1112basic_stringIcSt11char_traitsIcESaIcEEESt4pairIKS5_N5Catch8TagAliasEESt10_Select1stISA_ESt4lessIS5_ESaISA_EE8_S_valueEPKSt13_Rb_tree_nodeISA_E called 0 returned 0% blocks executed 0%
function _ZNSt8_Rb_treeINSt7__cxx1112basic_stringIcSt11char_traitsIcESaIcEEESt4pairIKS5_N5Catch7TagInfoEESt10_Select1stISA_ESt4lessIS5_ESaISA_EE8_S_valueEPKSt13_Rb_tree_nodeISA_E called 0 returned 0% blocks executed 0%
function _ZNSt8_Rb_treeINSt7__cxx1112basic_stringIcSt11char_traitsIcESaIcEEES5_St9_IdentityIS5_ESt4lessIS5_ESaIS5_EE8_S_valueEPKSt13_Rb_tree_nodeIS5_E called 0 returned 0% blocks executed 0%
function _ZNSt8_Rb_treeIPKN5Catch8TestCaseES3_St9_IdentityIS3_ESt4lessIS3_ESaIS3_EE8_S_valueEPKSt13_Rb_tree_nodeIS3_E called 4 returned 100% blocks executed 100%
function _ZNSt8_Rb_treeINSt7__cxx1112basic_stringIcSt11char_traitsIcESaIcEEESt4pairIKS5_St10shared_ptrIN5Catch16IReporterFactoryEEESt10_Select1stISC_ESt4lessIS5_ESaISC_EE8_S_valueEPKSt13_Rb_tree_nodeISC_E called 14 returned 100% blocks executed 100%
       20:  670:      _S_value(_Const_Link_type __x)
       20:  671:      { return *__x->_M_valptr(); }
call    0 never executed
call    1 returned 100%
call    2 returned 100%
call    3 never executed
call    4 never executed
call    5 never executed
call    6 returned 100%
call    7 returned 100%
        -:  672:
        -:  673:      static const _Key&
function _ZNSt8_Rb_treeIlSt4pairIKllESt10_Select1stIS2_ESt4lessIlESaIS2_EE6_S_keyEPKSt13_Rb_tree_nodeIS2_E called 0 returned 0% blocks executed 0%
function _ZNSt8_Rb_treeIN5Catch9VerbosityES1_St9_IdentityIS1_ESt4lessIS1_ESaIS1_EE6_S_keyEPKSt13_Rb_tree_nodeIS1_E called 1 returned 100% blocks executed 100%
function _ZNSt8_Rb_treeIN5Catch8TestCaseES1_St9_IdentityIS1_ESt4lessIS1_ESaIS1_EE6_S_keyEPKSt13_Rb_tree_nodeIS1_E called 1 returned 100% blocks executed 100%
function _ZNSt8_Rb_treeINSt7__cxx1112basic_stringIcSt11char_traitsIcESaIcEEESt4pairIKS5_N5Catch8TagAliasEESt10_Select1stISA_ESt4lessIS5_ESaISA_EE6_S_keyEPKSt13_Rb_tree_nodeISA_E called 0 returned 0% blocks executed 0%
function _ZNSt8_Rb_treeINSt7__cxx1112basic_stringIcSt11char_traitsIcESaIcEEESt4pairIKS5_N5Catch7TagInfoEESt10_Select1stISA_ESt4lessIS5_ESaISA_EE6_S_keyEPKSt13_Rb_tree_nodeISA_E called 0 returned 0% blocks executed 0%
function _ZNSt8_Rb_treeINSt7__cxx1112basic_stringIcSt11char_traitsIcESaIcEEES5_St9_IdentityIS5_ESt4lessIS5_ESaIS5_EE6_S_keyEPKSt13_Rb_tree_nodeIS5_E called 0 returned 0% blocks executed 0%
function _ZNSt8_Rb_treeIPKN5Catch8TestCaseES3_St9_IdentityIS3_ESt4lessIS3_ESaIS3_EE6_S_keyEPKSt13_Rb_tree_nodeIS3_E called 4 returned 100% blocks executed 100%
function _ZNSt8_Rb_treeINSt7__cxx1112basic_stringIcSt11char_traitsIcESaIcEEESt4pairIKS5_St10shared_ptrIN5Catch16IReporterFactoryEEESt10_Select1stISC_ESt4lessIS5_ESaISC_EE6_S_keyEPKSt13_Rb_tree_nodeISC_E called 14 returned 100% blocks executed 100%
       20:  674:      _S_key(_Const_Link_type __x)
       20:  675:      { return _KeyOfValue()(_S_value(__x)); }
call    0 never executed
call    1 never executed
call    2 returned 100%
call    3 returned 100%
call    4 returned 100%
call    5 returned 100%
call    6 never executed
call    7 never executed
call    8 never executed
call    9 never executed
call   10 never executed
call   11 never executed
call   12 returned 100%
call   13 returned 100%
call   14 returned 100%
call   15 returned 100%
        -:  676:
        -:  677:      static _Link_type
function _ZNSt8_Rb_treeIlSt4pairIKllESt10_Select1stIS2_ESt4lessIlESaIS2_EE7_S_leftEPSt18_Rb_tree_node_base called 0 returned 0% blocks executed 0%
function _ZNSt8_Rb_treeIN5Catch9VerbosityES1_St9_IdentityIS1_ESt4lessIS1_ESaIS1_EE7_S_leftEPSt18_Rb_tree_node_base called 1 returned 100% blocks executed 100%
function _ZNSt8_Rb_treeIN5Catch8TestCaseES1_St9_IdentityIS1_ESt4lessIS1_ESaIS1_EE7_S_leftEPSt18_Rb_tree_node_base called 3 returned 100% blocks executed 100%
function _ZNSt8_Rb_treeINSt7__cxx1112basic_stringIcSt11char_traitsIcESaIcEEESt4pairIKS5_N5Catch8TagAliasEESt10_Select1stISA_ESt4lessIS5_ESaISA_EE7_S_leftEPSt18_Rb_tree_node_base called 0 returned 0% blocks executed 0%
function _ZNSt8_Rb_treeIPKN5Catch8TestCaseES3_St9_IdentityIS3_ESt4lessIS3_ESaIS3_EE7_S_leftEPSt18_Rb_tree_node_base called 2 returned 100% blocks executed 100%
function _ZNSt8_Rb_treeINSt7__cxx1112basic_stringIcSt11char_traitsIcESaIcEEESt4pairIKS5_St10shared_ptrIN5Catch16IReporterFactoryEEESt10_Select1stISC_ESt4lessIS5_ESaISC_EE7_S_leftEPSt18_Rb_tree_node_base called 4 returned 100% blocks executed 100%
function _ZNSt8_Rb_treeINSt7__cxx1112basic_stringIcSt11char_traitsIcESaIcEEES5_St9_IdentityIS5_ESt4lessIS5_ESaIS5_EE7_S_leftEPSt18_Rb_tree_node_base called 0 returned 0% blocks executed 0%
function _ZNSt8_Rb_treeINSt7__cxx1112basic_stringIcSt11char_traitsIcESaIcEEESt4pairIKS5_N5Catch7TagInfoEESt10_Select1stISA_ESt4lessIS5_ESaISA_EE7_S_leftEPSt18_Rb_tree_node_base called 0 returned 0% blocks executed 0%
       10:  678:      _S_left(_Base_ptr __x) _GLIBCXX_NOEXCEPT
       10:  679:      { return static_cast<_Link_type>(__x->_M_left); }
        -:  680:
        -:  681:      static _Const_Link_type
function _ZNSt8_Rb_treeIlSt4pairIKllESt10_Select1stIS2_ESt4lessIlESaIS2_EE7_S_leftEPKSt18_Rb_tree_node_base called 0 returned 0% blocks executed 0%
function _ZNSt8_Rb_treeIN5Catch9VerbosityES1_St9_IdentityIS1_ESt4lessIS1_ESaIS1_EE7_S_leftEPKSt18_Rb_tree_node_base called 1 returned 100% blocks executed 100%
function _ZNSt8_Rb_treeINSt7__cxx1112basic_stringIcSt11char_traitsIcESaIcEEESt4pairIKS5_N5Catch8TagAliasEESt10_Select1stISA_ESt4lessIS5_ESaISA_EE7_S_leftEPKSt18_Rb_tree_node_base called 0 returned 0% blocks executed 0%
function _ZNSt8_Rb_treeINSt7__cxx1112basic_stringIcSt11char_traitsIcESaIcEEESt4pairIKS5_St10shared_ptrIN5Catch16IReporterFactoryEEESt10_Select1stISC_ESt4lessIS5_ESaISC_EE7_S_leftEPKSt18_Rb_tree_node_base called 1 returned 100% blocks executed 100%
        2:  682:      _S_left(_Const_Base_ptr __x) _GLIBCXX_NOEXCEPT
[...]
        -: 2095:      return iterator(__z);
        -: 2096:    }
        -: 2097:
        -: 2098:  template<typename _Key, typename _Val, typename _KeyOfValue,
        -: 2099:           typename _Compare, typename _Alloc>
        -: 2100:    typename _Rb_tree<_Key, _Val, _KeyOfValue, _Compare, _Alloc>::iterator
        -: 2101:    _Rb_tree<_Key, _Val, _KeyOfValue, _Compare, _Alloc>::
        -: 2102:    _M_insert_equal_lower_node(_Link_type __z)
        -: 2103:    {
        -: 2104:      _Link_type __x = _M_begin();
        -: 2105:      _Link_type __y = _M_end();
        -: 2106:      while (__x != 0)
        -: 2107:	{
        -: 2108:	  __y = __x;
        -: 2109:	  __x = !_M_impl._M_key_compare(_S_key(__x), _S_key(__z)) ?
        -: 2110:	        _S_left(__x) : _S_right(__x);
        -: 2111:	}
        -: 2112:      return _M_insert_lower_node(__y, __z);
        -: 2113:    }
        -: 2114:
        -: 2115:  template<typename _Key, typename _Val, typename _KeyOfValue,
        -: 2116:           typename _Compare, typename _Alloc>
        -: 2117:    template<typename... _Args>
        -: 2118:      pair<typename _Rb_tree<_Key, _Val, _KeyOfValue,
        -: 2119:			     _Compare, _Alloc>::iterator, bool>
function _ZNSt8_Rb_treeIPKN5Catch8TestCaseES3_St9_IdentityIS3_ESt4lessIS3_ESaIS3_EE17_M_emplace_uniqueIJS3_EEESt4pairISt17_Rb_tree_iteratorIS3_EbEDpOT_ called 2 returned 100% blocks executed 50%
function _ZNSt8_Rb_treeINSt7__cxx1112basic_stringIcSt11char_traitsIcESaIcEEESt4pairIKS5_St10shared_ptrIN5Catch16IReporterFactoryEEESt10_Select1stISC_ESt4lessIS5_ESaISC_EE17_M_emplace_uniqueIJRS7_RKSB_EEES6_ISt17_Rb_tree_iteratorISC_EbEDpOT_ called 4 returned 100% blocks executed 52%
        6: 2120:      _Rb_tree<_Key, _Val, _KeyOfValue, _Compare, _Alloc>::
        -: 2121:      _M_emplace_unique(_Args&&... __args)
        -: 2122:      {
        6: 2123:	_Link_type __z = _M_create_node(std::forward<_Args>(__args)...);
call    0 returned 100%
call    1 returned 100%
call    2 returned 100%
call    3 returned 100%
call    4 returned 100%
        -: 2124:
        -: 2125:	__try
        -: 2126:	  {
        -: 2127:	    typedef pair<iterator, bool> _Res;
        6: 2128:	    auto __res = _M_get_insert_unique_pos(_S_key(__z));
call    0 returned 100%
branch  1 taken 100% (fallthrough)
branch  2 taken 0% (throw)
call    3 returned 100%
branch  4 taken 100% (fallthrough)
branch  5 taken 0% (throw)
call    6 returned 100%
branch  7 taken 100% (fallthrough)
branch  8 taken 0% (throw)
call    9 returned 100%
branch 10 taken 100% (fallthrough)
branch 11 taken 0% (throw)
        6: 2129:	    if (__res.second)
branch  0 taken 100% (fallthrough)
branch  1 taken 0%
branch  2 taken 100% (fallthrough)
branch  3 taken 0%
        6: 2130:	      return _Res(_M_insert_node(__res.first, __res.second, __z), true);
call    0 returned 100%
branch  1 taken 100% (fallthrough)
branch  2 taken 0% (throw)
call    3 returned 100%
call    4 returned 100%
branch  5 taken 100% (fallthrough)
branch  6 taken 0% (throw)
call    7 returned 100%
        -: 2131:	
    #####: 2132:	    _M_drop_node(__z);
call    0 never executed
call    1 never executed
    #####: 2133:	    return _Res(iterator(static_cast<_Link_type>(__res.first)), false);
call    0 never executed
call    1 never executed
call    2 never executed
call    3 never executed
        -: 2134:	  }
    =====: 2135:	__catch(...)
call    0 never executed
call    1 never executed
call    2 never executed
call    3 never executed
        -: 2136:	  {
    =====: 2137:	    _M_drop_node(__z);
call    0 never executed
call    1 never executed
    =====: 2138:	    __throw_exception_again;
call    0 never executed
call    1 never executed
        -: 2139:	  }
        -: 2140:      }
        -: 2141:
        -: 2142:  template<typename _Key, typename _Val, typename _KeyOfValue,
        -: 2143:           typename _Compare, typename _Alloc>
        -: 2144:    template<typename... _Args>
        -: 2145:      typename _Rb_tree<_Key, _Val, _KeyOfValue, _Compare, _Alloc>::iterator
        -: 2146:      _Rb_tree<_Key, _Val, _KeyOfValue, _Compare, _Alloc>::
        -: 2147:      _M_emplace_equal(_Args&&... __args)
        -: 2148:      {
        -: 2149:	_Link_type __z = _M_create_node(std::forward<_Args>(__args)...);
        -: 2150:
        -: 2151:	__try
        -: 2152:	  {
        -: 2153:	    auto __res = _M_get_insert_equal_pos(_S_key(__z));
        -: 2154:	    return _M_insert_node(__res.first, __res.second, __z);
        -: 2155:	  }
        -: 2156:	__catch(...)
        -: 2157:	  {
        -: 2158:	    _M_drop_node(__z);
        -: 2159:	    __throw_exception_again;
        -: 2160:	  }
        -: 2161:      }
        -: 2162:
        -: 2163:  template<typename _Key, typename _Val, typename _KeyOfValue,
        -: 2164:           typename _Compare, typename _Alloc>
        -: 2165:    template<typename... _Args>
        -: 2166:      typename _Rb_tree<_Key, _Val, _KeyOfValue, _Compare, _Alloc>::iterator
function _ZNSt8_Rb_treeIlSt4pairIKllESt10_Select1stIS2_ESt4lessIlESaIS2_EE22_M_emplace_hint_uniqueIJRKSt21piecewise_construct_tSt5tupleIJRS1_EESD_IJEEEEESt17_Rb_tree_iteratorIS2_ESt23_Rb_tree_const_iteratorIS2_EDpOT_ called 0 returned 0% blocks executed 0%
    #####: 2167:      _Rb_tree<_Key, _Val, _KeyOfValue, _Compare, _Alloc>::
        -: 2168:      _M_emplace_hint_unique(const_iterator __pos, _Args&&... __args)
        -: 2169:      {
    #####: 2170:	_Link_type __z = _M_create_node(std::forward<_Args>(__args)...);
call    0 never executed
call    1 never executed
call    2 never executed
call    3 never executed
        -: 2171:
        -: 2172:	__try
        -: 2173:	  {
    #####: 2174:	    auto __res = _M_get_insert_hint_unique_pos(__pos, _S_key(__z));
call    0 never executed
branch  1 never executed
branch  2 never executed
call    3 never executed
branch  4 never executed
branch  5 never executed
        -: 2175:
    #####: 2176:	    if (__res.second)
branch  0 never executed
branch  1 never executed
    #####: 2177:	      return _M_insert_node(__res.first, __res.second, __z);
call    0 never executed
branch  1 never executed
branch  2 never executed
        -: 2178:
    #####: 2179:	    _M_drop_node(__z);
call    0 never executed
    #####: 2180:	    return iterator(static_cast<_Link_type>(__res.first));
call    0 never executed
        -: 2181:	  }
    =====: 2182:	__catch(...)
call    0 never executed
call    1 never executed
        -: 2183:	  {
    =====: 2184:	    _M_drop_node(__z);
call    0 never executed
    =====: 2185:	    __throw_exception_again;
call    0 never executed
        -: 2186:	  }
        -: 2187:      }
        -: 2188:
        -: 2189:  template<typename _Key, typename _Val, typename _KeyOfValue,
        -: 2190:           typename _Compare, typename _Alloc>
        -: 2191:    template<typename... _Args>
        -: 2192:      typename _Rb_tree<_Key, _Val, _KeyOfValue, _Compare, _Alloc>::iterator
        -: 2193:      _Rb_tree<_Key, _Val, _KeyOfValue, _Compare, _Alloc>::
        -: 2194:      _M_emplace_hint_equal(const_iterator __pos, _Args&&... __args)
        -: 2195:      {
        -: 2196:	_Link_type __z = _M_create_node(std::forward<_Args>(__args)...);
        -: 2197:
        -: 2198:	__try
        -: 2199:	  {
        -: 2200:	    auto __res = _M_get_insert_hint_equal_pos(__pos, _S_key(__z));
        -: 2201:
        -: 2202:	    if (__res.second)
        -: 2203:	      return _M_insert_node(__res.first, __res.second, __z);
        -: 2204:
        -: 2205:	    return _M_insert_equal_lower_node(__z);
        -: 2206:	  }
        -: 2207:	__catch(...)
        -: 2208:	  {
        -: 2209:	    _M_drop_node(__z);
        -: 2210:	    __throw_exception_again;
        -: 2211:	  }
        -: 2212:      }
        -: 2213:#endif
        -: 2214:
        -: 2215:  template<typename _Key, typename _Val, typename _KoV,
        -: 2216:           typename _Cmp, typename _Alloc>
        -: 2217:    template<class _II>
        -: 2218:      void
function _ZNSt8_Rb_treeIN5Catch9VerbosityES1_St9_IdentityIS1_ESt4lessIS1_ESaIS1_EE16_M_insert_uniqueIPKS1_EEvT_SB_ called 1 returned 100% blocks executed 80%
function _ZNSt8_Rb_treeIPKN5Catch8TestCaseES3_St9_IdentityIS3_ESt4lessIS3_ESaIS3_EE16_M_insert_uniqueIN9__gnu_cxx17__normal_iteratorIPKS3_St6vectorIS3_S8_EEEEEvT_SI_ called 0 returned 0% blocks executed 0%
        1: 2219:      _Rb_tree<_Key, _Val, _KoV, _Cmp, _Alloc>::
        -: 2220:      _M_insert_unique(_II __first, _II __last)
        -: 2221:      {
        1: 2222:	_Alloc_node __an(*this);
call    0 returned 100%
call    1 never executed
        3: 2223:	for (; __first != __last; ++__first)
branch  0 taken 50% (fallthrough)
branch  1 taken 50%
call    2 never executed
branch  3 never executed
branch  4 never executed
call    5 never executed
        1: 2224:	  _M_insert_unique_(end(), *__first, __an);
call    0 returned 100%
call    1 returned 100%
call    2 returned 100%
branch  3 taken 100% (fallthrough)
branch  4 taken 0% (throw)
call    5 never executed
call    6 never executed
call    7 never executed
call    8 never executed
branch  9 never executed
branch 10 never executed
        1: 2225:      }
        -: 2226:
        -: 2227:  template<typename _Key, typename _Val, typename _KoV,
        -: 2228:           typename _Cmp, typename _Alloc>
        -: 2229:    template<class _II>
        -: 2230:      void
        -: 2231:      _Rb_tree<_Key, _Val, _KoV, _Cmp, _Alloc>::
        -: 2232:      _M_insert_equal(_II __first, _II __last)
        -: 2233:      {
        -: 2234:	_Alloc_node __an(*this);
        -: 2235:	for (; __first != __last; ++__first)
        -: 2236:	  _M_insert_equal_(end(), *__first, __an);
        -: 2237:      }
        -: 2238:
        -: 2239:  template<typename _Key, typename _Val, typename _KeyOfValue,
        -: 2240:           typename _Compare, typename _Alloc>
        -: 2241:    void
        -: 2242:    _Rb_tree<_Key, _Val, _KeyOfValue, _Compare, _Alloc>::
        -: 2243:    _M_erase_aux(const_iterator __position)
        -: 2244:    {
        -: 2245:      _Link_type __y =
        -: 2246:	static_cast<_Link_type>(_Rb_tree_rebalance_for_erase
        -: 2247:				(const_cast<_Base_ptr>(__position._M_node),
        -: 2248:				 this->_M_impl._M_header));
        -: 2249:      _M_drop_node(__y);
        -: 2250:      --_M_impl._M_node_count;
        -: 2251:    }
        -: 2252:
        -: 2253:  template<typename _Key, typename _Val, typename _KeyOfValue,
        -: 2254:           typename _Compare, typename _Alloc>
        -: 2255:    void
        -: 2256:    _Rb_tree<_Key, _Val, _KeyOfValue, _Compare, _Alloc>::
        -: 2257:    _M_erase_aux(const_iterator __first, const_iterator __last)
        -: 2258:    {
        -: 2259:      if (__first == begin() && __last == end())
        -: 2260:	clear();
        -: 2261:      else
        -: 2262:	while (__first != __last)
        -: 2263:	  erase(__first++);
        -: 2264:    }
        -: 2265:
        -: 2266:  template<typename _Key, typename _Val, typename _KeyOfValue,
        -: 2267:           typename _Compare, typename _Alloc>
        -: 2268:    typename _Rb_tree<_Key, _Val, _KeyOfValue, _Compare, _Alloc>::size_type
        -: 2269:    _Rb_tree<_Key, _Val, _KeyOfValue, _Compare, _Alloc>::
        -: 2270:    erase(const _Key& __x)
        -: 2271:    {
        -: 2272:      pair<iterator, iterator> __p = equal_range(__x);
        -: 2273:      const size_type __old_size = size();
        -: 2274:      erase(__p.first, __p.second);
        -: 2275:      return __old_size - size();
        -: 2276:    }
        -: 2277:
        -: 2278:  template<typename _Key, typename _Val, typename _KeyOfValue,
        -: 2279:           typename _Compare, typename _Alloc>
        -: 2280:    void
        -: 2281:    _Rb_tree<_Key, _Val, _KeyOfValue, _Compare, _Alloc>::
        -: 2282:    erase(const _Key* __first, const _Key* __last)
        -: 2283:    {
        -: 2284:      while (__first != __last)
        -: 2285:	erase(*__first++);
        -: 2286:    }
        -: 2287:
        -: 2288:  template<typename _Key, typename _Val, typename _KeyOfValue,
        -: 2289:           typename _Compare, typename _Alloc>
        -: 2290:    typename _Rb_tree<_Key, _Val, _KeyOfValue,
        -: 2291:		      _Compare, _Alloc>::iterator
function _ZNSt8_Rb_treeINSt7__cxx1112basic_stringIcSt11char_traitsIcESaIcEEESt4pairIKS5_N5Catch7TagInfoEESt10_Select1stISA_ESt4lessIS5_ESaISA_EE4findERS7_ called 0 returned 0% blocks executed 0%
    #####: 2292:    _Rb_tree<_Key, _Val, _KeyOfValue, _Compare, _Alloc>::
        -: 2293:    find(const _Key& __k)
        -: 2294:    {
    #####: 2295:      iterator __j = _M_lower_bound(_M_begin(), _M_end(), __k);
call    0 never executed
call    1 never executed
call    2 never executed
branch  3 never executed
branch  4 never executed
    #####: 2296:      return (__j == end()
call    0 never executed
call    1 never executed
branch  2 never executed
branch  3 never executed
branch  4 never executed
branch  5 never executed
    #####: 2297:	      || _M_impl._M_key_compare(__k,
call    0 never executed
branch  1 never executed
branch  2 never executed
    #####: 2298:					_S_key(__j._M_node))) ? end() : __j;
branch  0 never executed
branch  1 never executed
call    2 never executed
branch  3 never executed
branch  4 never executed
branch  5 never executed
branch  6 never executed
call    7 never executed
        -: 2299:    }
        -: 2300:
        -: 2301:  template<typename _Key, typename _Val, typename _KeyOfValue,
        -: 2302:           typename _Compare, typename _Alloc>
        -: 2303:    typename _Rb_tree<_Key, _Val, _KeyOfValue,
        -: 2304:		      _Compare, _Alloc>::const_iterator
function _ZNKSt8_Rb_treeIlSt4pairIKllESt10_Select1stIS2_ESt4lessIlESaIS2_EE4findERS1_ called 0 returned 0% blocks executed 0%
function _ZNKSt8_Rb_treeIN5Catch9VerbosityES1_St9_IdentityIS1_ESt4lessIS1_ESaIS1_EE4findERKS1_ called 1 returned 100% blocks executed 71%
function _ZNKSt8_Rb_treeINSt7__cxx1112basic_stringIcSt11char_traitsIcESaIcEEESt4pairIKS5_N5Catch8TagAliasEESt10_Select1stISA_ESt4lessIS5_ESaISA_EE4findERS7_ called 0 returned 0% blocks executed 0%
function _ZNKSt8_Rb_treeINSt7__cxx1112basic_stringIcSt11char_traitsIcESaIcEEESt4pairIKS5_St10shared_ptrIN5Catch16IReporterFactoryEEESt10_Select1stISC_ESt4lessIS5_ESaISC_EE4findERS7_ called 1 returned 100% blocks executed 71%
        2: 2305:    _Rb_tree<_Key, _Val, _KeyOfValue, _Compare, _Alloc>::
        -: 2306:    find(const _Key& __k) const
        -: 2307:    {
        2: 2308:      const_iterator __j = _M_lower_bound(_M_begin(), _M_end(), __k);
call    0 never executed
call    1 never executed
call    2 never executed
branch  3 never executed
branch  4 never executed
call    5 returned 100%
call    6 returned 100%
call    7 returned 100%
branch  8 taken 100% (fallthrough)
branch  9 taken 0% (throw)
call   10 never executed
call   11 never executed
call   12 never executed
branch 13 never executed
branch 14 never executed
call   15 returned 100%
call   16 returned 100%
call   17 returned 100%
branch 18 taken 100% (fallthrough)
branch 19 taken 0% (throw)
        8: 2309:      return (__j == end()
call    0 never executed
call    1 never executed
branch  2 never executed
branch  3 never executed
branch  4 never executed
branch  5 never executed
call    6 returned 100%
call    7 returned 100%
branch  8 taken 0% (fallthrough)
branch  9 taken 100%
branch 10 never executed
branch 11 never executed
call   12 never executed
call   13 never executed
branch 14 never executed
branch 15 never executed
branch 16 never executed
branch 17 never executed
call   18 returned 100%
call   19 returned 100%
branch 20 taken 0% (fallthrough)
branch 21 taken 100%
branch 22 never executed
branch 23 never executed
        2: 2310:	      || _M_impl._M_key_compare(__k, 
call    0 never executed
call    1 returned 100%
call    2 never executed
branch  3 never executed
branch  4 never executed
call    5 returned 100%
branch  6 taken 100% (fallthrough)
branch  7 taken 0% (throw)
       10: 2311:					_S_key(__j._M_node))) ? end() : __j;
branch  0 never executed
branch  1 never executed
call    2 never executed
branch  3 never executed
branch  4 never executed
branch  5 never executed
branch  6 never executed
call    7 never executed
branch  8 taken 100% (fallthrough)
branch  9 taken 0%
call   10 returned 100%
branch 11 taken 100% (fallthrough)
branch 12 taken 0% (throw)
branch 13 taken 0% (fallthrough)
branch 14 taken 100%
call   15 never executed
branch 16 never executed
branch 17 never executed
call   18 never executed
branch 19 never executed
branch 20 never executed
branch 21 never executed
branch 22 never executed
call   23 never executed
branch 24 taken 100% (fallthrough)
branch 25 taken 0%
call   26 returned 100%
branch 27 taken 100% (fallthrough)
branch 28 taken 0% (throw)
branch 29 taken 0% (fallthrough)
branch 30 taken 100%
call   31 never executed
        -: 2312:    }
        -: 2313:
        -: 2314:  template<typename _Key, typename _Val, typename _KeyOfValue,
        -: 2315:           typename _Compare, typename _Alloc>
        -: 2316:    typename _Rb_tree<_Key, _Val, _KeyOfValue, _Compare, _Alloc>::size_type
        -: 2317:    _Rb_tree<_Key, _Val, _KeyOfValue, _Compare, _Alloc>::
        -: 2318:    count(const _Key& __k) const
        -: 2319:    {
        -: 2320:      pair<const_iterator, const_iterator> __p = equal_range(__k);
        -: 2321:      const size_type __n = std::distance(__p.first, __p.second);
        -: 2322:      return __n;
        -: 2323:    }
        -: 2324:
        -: 2325:  _GLIBCXX_PURE unsigned int
        -: 2326:  _Rb_tree_black_count(const _Rb_tree_node_base* __node,
        -: 2327:                       const _Rb_tree_node_base* __root) throw ();
        -: 2328:
        -: 2329:  template<typename _Key, typename _Val, typename _KeyOfValue,
        -: 2330:           typename _Compare, typename _Alloc>
        -: 2331:    bool
        -: 2332:    _Rb_tree<_Key,_Val,_KeyOfValue,_Compare,_Alloc>::__rb_verify() const
        -: 2333:    {
        -: 2334:      if (_M_impl._M_node_count == 0 || begin() == end())
        -: 2335:	return _M_impl._M_node_count == 0 && begin() == end()
        -: 2336:	       && this->_M_impl._M_header._M_left == _M_end()
        -: 2337:	       && this->_M_impl._M_header._M_right == _M_end();
        -: 2338:
        -: 2339:      unsigned int __len = _Rb_tree_black_count(_M_leftmost(), _M_root());
        -: 2340:      for (const_iterator __it = begin(); __it != end(); ++__it)
        -: 2341:	{
        -: 2342:	  _Const_Link_type __x = static_cast<_Const_Link_type>(__it._M_node);
        -: 2343:	  _Const_Link_type __L = _S_left(__x);
        -: 2344:	  _Const_Link_type __R = _S_right(__x);
        -: 2345:
        -: 2346:	  if (__x->_M_color == _S_red)
        -: 2347:	    if ((__L && __L->_M_color == _S_red)
        -: 2348:		|| (__R && __R->_M_color == _S_red))
        -: 2349:	      return false;
        -: 2350:
        -: 2351:	  if (__L && _M_impl._M_key_compare(_S_key(__x), _S_key(__L)))
        -: 2352:	    return false;
        -: 2353:	  if (__R && _M_impl._M_key_compare(_S_key(__R), _S_key(__x)))
        -: 2354:	    return false;
        -: 2355:
        -: 2356:	  if (!__L && !__R && _Rb_tree_black_count(__x, _M_root()) != __len)
        -: 2357:	    return false;
        -: 2358:	}
        -: 2359:
        -: 2360:      if (_M_leftmost() != _Rb_tree_node_base::_S_minimum(_M_root()))
        -: 2361:	return false;
        -: 2362:      if (_M_rightmost() != _Rb_tree_node_base::_S_maximum(_M_root()))
        -: 2363:	return false;
        -: 2364:      return true;
        -: 2365:    }
        -: 2366:
        -: 2367:_GLIBCXX_END_NAMESPACE_VERSION
        -: 2368:} // namespace
        -: 2369:
        -: 2370:#endif
