        -:    0:Source:/usr/include/c++/11/bits/stl_tree.h
        -:    0:Graph:/home/runner/work/cpp-11-standard/cpp-11-standard/TestBinary-test_index.gcno
        -:    0:Data:/home/runner/work/cpp-11-standard/cpp-11-standard/TestBinary-test_index.gcda
        -:    0:Runs:1
        -:    1:// RB tree implementation -*- C++ -*-
        -:    2:
        -:    3:// Copyright (C) 2001-2021 Free Software Foundation, Inc.
        -:    4://
        -:    5:// This file is part of the GNU ISO C++ Library.  This library is free
        -:    6:// software; you can redistribute it and/or modify it under the
        -:    7:// terms of the GNU General Public License as published by the
        -:    8:// Free Software Foundation; either version 3, or (at your option)
        -:    9:// any later version.
        -:   10:
        -:   11:// This library is distributed in the hope that it will be useful,
        -:   12:// but WITHOUT ANY WARRANTY; without even the implied warranty of
        -:   13:// MERCHANTABILITY or FITNESS FOR A PARTICULAR PURPOSE.  See the
        -:   14:// GNU General Public License for more details.
        -:   15:
        -:   16:// Under Section 7 of GPL version 3, you are granted additional
        -:   17:// permissions described in the GCC Runtime Library Exception, version
        -:   18:// 3.1, as published by the Free Software Foundation.
        -:   19:
        -:   20:// You should have received a copy of the GNU General Public License and
        -:   21:// a copy of the GCC Runtime Library Exception along with this program;
        -:   22:// see the files COPYING3 and COPYING.RUNTIME respectively.  If not, see
        -:   23:// <http://www.gnu.org/licenses/>.
        -:   24:
        -:   25:/*
        -:   26: *
        -:   27: * Copyright (c) 1996,1997
        -:   28: * Silicon Graphics Computer Systems, Inc.
        -:   29: *
        -:   30: * Permission to use, copy, modify, distribute and sell this software
        -:   31: * and its documentation for any purpose is hereby granted without fee,
        -:   32: * provided that the above copyright notice appear in all copies and
        -:   33: * that both that copyright notice and this permission notice appear
        -:   34: * in supporting documentation.  Silicon Graphics makes no
        -:   35: * representations about the suitability of this software for any
        -:   36: * purpose.  It is provided "as is" without express or implied warranty.
        -:   37: *
        -:   38: *
        -:   39: * Copyright (c) 1994
        -:   40: * Hewlett-Packard Company
        -:   41: *
        -:   42: * Permission to use, copy, modify, distribute and sell this software
        -:   43: * and its documentation for any purpose is hereby granted without fee,
        -:   44: * provided that the above copyright notice appear in all copies and
        -:   45: * that both that copyright notice and this permission notice appear
        -:   46: * in supporting documentation.  Hewlett-Packard Company makes no
        -:   47: * representations about the suitability of this software for any
        -:   48: * purpose.  It is provided "as is" without express or implied warranty.
        -:   49: *
        -:   50: *
        -:   51: */
        -:   52:
        -:   53:/** @file bits/stl_tree.h
        -:   54: *  This is an internal header file, included by other library headers.
        -:   55: *  Do not attempt to use it directly. @headername{map,set}
        -:   56: */
        -:   57:
        -:   58:#ifndef _STL_TREE_H
        -:   59:#define _STL_TREE_H 1
        -:   60:
        -:   61:#pragma GCC system_header
        -:   62:
        -:   63:#include <bits/stl_algobase.h>
        -:   64:#include <bits/allocator.h>
        -:   65:#include <bits/stl_function.h>
        -:   66:#include <bits/cpp_type_traits.h>
        -:   67:#include <ext/alloc_traits.h>
        -:   68:#if __cplusplus >= 201103L
        -:   69:# include <ext/aligned_buffer.h>
        -:   70:#endif
        -:   71:#if __cplusplus > 201402L
        -:   72:# include <bits/node_handle.h>
        -:   73:#endif
        -:   74:
        -:   75:namespace std _GLIBCXX_VISIBILITY(default)
        -:   76:{
        -:   77:_GLIBCXX_BEGIN_NAMESPACE_VERSION
        -:   78:
        -:   79:#if __cplusplus > 201103L
        -:   80:# define __cpp_lib_generic_associative_lookup 201304
        -:   81:#endif
        -:   82:
        -:   83:  // Red-black tree class, designed for use in implementing STL
        -:   84:  // associative containers (set, multiset, map, and multimap). The
        -:   85:  // insertion and deletion algorithms are based on those in Cormen,
        -:   86:  // Leiserson, and Rivest, Introduction to Algorithms (MIT Press,
        -:   87:  // 1990), except that
        -:   88:  //
        -:   89:  // (1) the header cell is maintained with links not only to the root
        -:   90:  // but also to the leftmost node of the tree, to enable constant
        -:   91:  // time begin(), and to the rightmost node of the tree, to enable
        -:   92:  // linear time performance when used with the generic set algorithms
        -:   93:  // (set_union, etc.)
        -:   94:  //
        -:   95:  // (2) when a node being deleted has two children its successor node
        -:   96:  // is relinked into its place, rather than copied, so that the only
        -:   97:  // iterators invalidated are those referring to the deleted node.
        -:   98:
        -:   99:  enum _Rb_tree_color { _S_red = false, _S_black = true };
        -:  100:
        -:  101:  struct _Rb_tree_node_base
        -:  102:  {
        -:  103:    typedef _Rb_tree_node_base* _Base_ptr;
        -:  104:    typedef const _Rb_tree_node_base* _Const_Base_ptr;
        -:  105:
        -:  106:    _Rb_tree_color	_M_color;
        -:  107:    _Base_ptr		_M_parent;
        -:  108:    _Base_ptr		_M_left;
        -:  109:    _Base_ptr		_M_right;
        -:  110:
        -:  111:    static _Base_ptr
        -:  112:    _S_minimum(_Base_ptr __x) _GLIBCXX_NOEXCEPT
        -:  113:    {
        -:  114:      while (__x->_M_left != 0) __x = __x->_M_left;
        -:  115:      return __x;
        -:  116:    }
        -:  117:
        -:  118:    static _Const_Base_ptr
        -:  119:    _S_minimum(_Const_Base_ptr __x) _GLIBCXX_NOEXCEPT
        -:  120:    {
        -:  121:      while (__x->_M_left != 0) __x = __x->_M_left;
        -:  122:      return __x;
        -:  123:    }
        -:  124:
        -:  125:    static _Base_ptr
        -:  126:    _S_maximum(_Base_ptr __x) _GLIBCXX_NOEXCEPT
        -:  127:    {
        -:  128:      while (__x->_M_right != 0) __x = __x->_M_right;
        -:  129:      return __x;
        -:  130:    }
        -:  131:
        -:  132:    static _Const_Base_ptr
        -:  133:    _S_maximum(_Const_Base_ptr __x) _GLIBCXX_NOEXCEPT
        -:  134:    {
        -:  135:      while (__x->_M_right != 0) __x = __x->_M_right;
        -:  136:      return __x;
        -:  137:    }
        -:  138:  };
        -:  139:
        -:  140:  // Helper type offering value initialization guarantee on the compare functor.
        -:  141:  template<typename _Key_compare>
        -:  142:    struct _Rb_tree_key_compare
        -:  143:    {
        -:  144:      _Key_compare		_M_key_compare;
        -:  145:
       4*:  146:      _Rb_tree_key_compare()
        -:  147:      _GLIBCXX_NOEXCEPT_IF(
        -:  148:	is_nothrow_default_constructible<_Key_compare>::value)
        -:  149:      : _M_key_compare()
       4*:  150:      { }
------------------
_ZNSt20_Rb_tree_key_compareISt4lessIlEEC2Ev:
function _ZNSt20_Rb_tree_key_compareISt4lessIlEEC2Ev called 0 returned 0% blocks executed 0%
    #####:  146:      _Rb_tree_key_compare()
        -:  147:      _GLIBCXX_NOEXCEPT_IF(
        -:  148:	is_nothrow_default_constructible<_Key_compare>::value)
        -:  149:      : _M_key_compare()
    #####:  150:      { }
------------------
_ZNSt20_Rb_tree_key_compareISt4lessIN5Catch9VerbosityEEEC2Ev:
function _ZNSt20_Rb_tree_key_compareISt4lessIN5Catch9VerbosityEEEC2Ev called 0 returned 0% blocks executed 0%
    #####:  146:      _Rb_tree_key_compare()
        -:  147:      _GLIBCXX_NOEXCEPT_IF(
        -:  148:	is_nothrow_default_constructible<_Key_compare>::value)
        -:  149:      : _M_key_compare()
    #####:  150:      { }
------------------
_ZNSt20_Rb_tree_key_compareISt4lessIN5Catch8TestCaseEEEC2Ev:
function _ZNSt20_Rb_tree_key_compareISt4lessIN5Catch8TestCaseEEEC2Ev called 1 returned 100% blocks executed 100%
        1:  146:      _Rb_tree_key_compare()
        -:  147:      _GLIBCXX_NOEXCEPT_IF(
        -:  148:	is_nothrow_default_constructible<_Key_compare>::value)
        -:  149:      : _M_key_compare()
        1:  150:      { }
------------------
_ZNSt20_Rb_tree_key_compareISt4lessIPKN5Catch8TestCaseEEEC2Ev:
function _ZNSt20_Rb_tree_key_compareISt4lessIPKN5Catch8TestCaseEEEC2Ev called 1 returned 100% blocks executed 100%
        1:  146:      _Rb_tree_key_compare()
        -:  147:      _GLIBCXX_NOEXCEPT_IF(
        -:  148:	is_nothrow_default_constructible<_Key_compare>::value)
        -:  149:      : _M_key_compare()
        1:  150:      { }
------------------
_ZNSt20_Rb_tree_key_compareISt4lessINSt7__cxx1112basic_stringIcSt11char_traitsIcESaIcEEEEEC2Ev:
function _ZNSt20_Rb_tree_key_compareISt4lessINSt7__cxx1112basic_stringIcSt11char_traitsIcESaIcEEEEEC2Ev called 2 returned 100% blocks executed 100%
        2:  146:      _Rb_tree_key_compare()
        -:  147:      _GLIBCXX_NOEXCEPT_IF(
        -:  148:	is_nothrow_default_constructible<_Key_compare>::value)
        -:  149:      : _M_key_compare()
        2:  150:      { }
------------------
        -:  151:
function _ZNSt20_Rb_tree_key_compareISt4lessIN5Catch9VerbosityEEEC2ERKS3_ called 1 returned 100% blocks executed 100%
        1:  152:      _Rb_tree_key_compare(const _Key_compare& __comp)
        -:  153:      : _M_key_compare(__comp)
        1:  154:      { }
        -:  155:
        -:  156:#if __cplusplus >= 201103L
        -:  157:      // Copy constructor added for consistency with C++98 mode.
        -:  158:      _Rb_tree_key_compare(const _Rb_tree_key_compare&) = default;
        -:  159:
function _ZNSt20_Rb_tree_key_compareISt4lessINSt7__cxx1112basic_stringIcSt11char_traitsIcESaIcEEEEEC2EOS8_ called 0 returned 0% blocks executed 0%
    #####:  160:      _Rb_tree_key_compare(_Rb_tree_key_compare&& __x)
        -:  161:	noexcept(is_nothrow_copy_constructible<_Key_compare>::value)
        -:  162:      : _M_key_compare(__x._M_key_compare)
    #####:  163:      { }
        -:  164:#endif
        -:  165:    };
        -:  166:
        -:  167:  // Helper type to manage default initialization of node count and header.
        -:  168:  struct _Rb_tree_header
        -:  169:  {
        -:  170:    _Rb_tree_node_base	_M_header;
        -:  171:    size_t		_M_node_count; // Keeps track of size of tree.
        -:  172:
function _ZNSt15_Rb_tree_headerC2Ev called 5 returned 100% blocks executed 100%
        5:  173:    _Rb_tree_header() _GLIBCXX_NOEXCEPT
        5:  174:    {
        5:  175:      _M_header._M_color = _S_red;
        5:  176:      _M_reset();
call    0 returned 100%
        5:  177:    }
        -:  178:
        -:  179:#if __cplusplus >= 201103L
function _ZNSt15_Rb_tree_headerC2EOS_ called 0 returned 0% blocks executed 0%
    #####:  180:    _Rb_tree_header(_Rb_tree_header&& __x) noexcept
    #####:  181:    {
    #####:  182:      if (__x._M_header._M_parent != nullptr)
branch  0 never executed
branch  1 never executed
    #####:  183:	_M_move_data(__x);
call    0 never executed
        -:  184:      else
        -:  185:	{
    #####:  186:	  _M_header._M_color = _S_red;
    #####:  187:	  _M_reset();
call    0 never executed
        -:  188:	}
    #####:  189:    }
        -:  190:#endif
        -:  191:
        -:  192:    void
function _ZNSt15_Rb_tree_header12_M_move_dataERS_ called 0 returned 0% blocks executed 0%
    #####:  193:    _M_move_data(_Rb_tree_header& __from)
        -:  194:    {
    #####:  195:      _M_header._M_color = __from._M_header._M_color;
    #####:  196:      _M_header._M_parent = __from._M_header._M_parent;
    #####:  197:      _M_header._M_left = __from._M_header._M_left;
    #####:  198:      _M_header._M_right = __from._M_header._M_right;
    #####:  199:      _M_header._M_parent->_M_parent = &_M_header;
    #####:  200:      _M_node_count = __from._M_node_count;
        -:  201:
    #####:  202:      __from._M_reset();
call    0 never executed
    #####:  203:    }
        -:  204:
        -:  205:    void
function _ZNSt15_Rb_tree_header8_M_resetEv called 5 returned 100% blocks executed 100%
        5:  206:    _M_reset()
        -:  207:    {
        5:  208:      _M_header._M_parent = 0;
        5:  209:      _M_header._M_left = &_M_header;
        5:  210:      _M_header._M_right = &_M_header;
        5:  211:      _M_node_count = 0;
        5:  212:    }
        -:  213:  };
        -:  214:
        -:  215:  template<typename _Val>
        -:  216:    struct _Rb_tree_node : public _Rb_tree_node_base
        -:  217:    {
        -:  218:      typedef _Rb_tree_node<_Val>* _Link_type;
        -:  219:
        -:  220:#if __cplusplus < 201103L
        -:  221:      _Val _M_value_field;
        -:  222:
        -:  223:      _Val*
        -:  224:      _M_valptr()
        -:  225:      { return std::__addressof(_M_value_field); }
        -:  226:
        -:  227:      const _Val*
        -:  228:      _M_valptr() const
        -:  229:      { return std::__addressof(_M_value_field); }
        -:  230:#else
        -:  231:      __gnu_cxx::__aligned_membuf<_Val> _M_storage;
        -:  232:
        -:  233:      _Val*
      18*:  234:      _M_valptr()
      18*:  235:      { return _M_storage._M_ptr(); }
------------------
_ZNSt13_Rb_tree_nodeISt4pairIKllEE9_M_valptrEv:
function _ZNSt13_Rb_tree_nodeISt4pairIKllEE9_M_valptrEv called 0 returned 0% blocks executed 0%
    #####:  234:      _M_valptr()
    #####:  235:      { return _M_storage._M_ptr(); }
call    0 never executed
------------------
_ZNSt13_Rb_tree_nodeIN5Catch9VerbosityEE9_M_valptrEv:
function _ZNSt13_Rb_tree_nodeIN5Catch9VerbosityEE9_M_valptrEv called 2 returned 100% blocks executed 100%
        2:  234:      _M_valptr()
        2:  235:      { return _M_storage._M_ptr(); }
call    0 returned 100%
------------------
_ZNSt13_Rb_tree_nodeIN5Catch8TestCaseEE9_M_valptrEv:
function _ZNSt13_Rb_tree_nodeIN5Catch8TestCaseEE9_M_valptrEv called 4 returned 100% blocks executed 100%
        4:  234:      _M_valptr()
        4:  235:      { return _M_storage._M_ptr(); }
call    0 returned 100%
------------------
_ZNSt13_Rb_tree_nodeISt4pairIKNSt7__cxx1112basic_stringIcSt11char_traitsIcESaIcEEEN5Catch8TagAliasEEE9_M_valptrEv:
function _ZNSt13_Rb_tree_nodeISt4pairIKNSt7__cxx1112basic_stringIcSt11char_traitsIcESaIcEEEN5Catch8TagAliasEEE9_M_valptrEv called 0 returned 0% blocks executed 0%
    #####:  234:      _M_valptr()
    #####:  235:      { return _M_storage._M_ptr(); }
call    0 never executed
------------------
_ZNSt13_Rb_tree_nodeIPKN5Catch8TestCaseEE9_M_valptrEv:
function _ZNSt13_Rb_tree_nodeIPKN5Catch8TestCaseEE9_M_valptrEv called 4 returned 100% blocks executed 100%
        4:  234:      _M_valptr()
        4:  235:      { return _M_storage._M_ptr(); }
call    0 returned 100%
------------------
_ZNSt13_Rb_tree_nodeISt4pairIKNSt7__cxx1112basic_stringIcSt11char_traitsIcESaIcEEESt10shared_ptrIN5Catch16IReporterFactoryEEEE9_M_valptrEv:
function _ZNSt13_Rb_tree_nodeISt4pairIKNSt7__cxx1112basic_stringIcSt11char_traitsIcESaIcEEESt10shared_ptrIN5Catch16IReporterFactoryEEEE9_M_valptrEv called 8 returned 100% blocks executed 100%
        8:  234:      _M_valptr()
        8:  235:      { return _M_storage._M_ptr(); }
call    0 returned 100%
------------------
_ZNSt13_Rb_tree_nodeINSt7__cxx1112basic_stringIcSt11char_traitsIcESaIcEEEE9_M_valptrEv:
function _ZNSt13_Rb_tree_nodeINSt7__cxx1112basic_stringIcSt11char_traitsIcESaIcEEEE9_M_valptrEv called 0 returned 0% blocks executed 0%
    #####:  234:      _M_valptr()
    #####:  235:      { return _M_storage._M_ptr(); }
call    0 never executed
------------------
_ZNSt13_Rb_tree_nodeISt4pairIKNSt7__cxx1112basic_stringIcSt11char_traitsIcESaIcEEEN5Catch7TagInfoEEE9_M_valptrEv:
function _ZNSt13_Rb_tree_nodeISt4pairIKNSt7__cxx1112basic_stringIcSt11char_traitsIcESaIcEEEN5Catch7TagInfoEEE9_M_valptrEv called 0 returned 0% blocks executed 0%
    #####:  234:      _M_valptr()
    #####:  235:      { return _M_storage._M_ptr(); }
call    0 never executed
------------------
        -:  236:
        -:  237:      const _Val*
      34*:  238:      _M_valptr() const
      34*:  239:      { return _M_storage._M_ptr(); }
------------------
_ZNKSt13_Rb_tree_nodeISt4pairIKllEE9_M_valptrEv:
function _ZNKSt13_Rb_tree_nodeISt4pairIKllEE9_M_valptrEv called 0 returned 0% blocks executed 0%
    #####:  238:      _M_valptr() const
    #####:  239:      { return _M_storage._M_ptr(); }
call    0 never executed
------------------
_ZNKSt13_Rb_tree_nodeIN5Catch9VerbosityEE9_M_valptrEv:
function _ZNKSt13_Rb_tree_nodeIN5Catch9VerbosityEE9_M_valptrEv called 2 returned 100% blocks executed 100%
        2:  238:      _M_valptr() const
        2:  239:      { return _M_storage._M_ptr(); }
call    0 returned 100%
------------------
_ZNKSt13_Rb_tree_nodeISt4pairIKNSt7__cxx1112basic_stringIcSt11char_traitsIcESaIcEEEN5Catch7TagInfoEEE9_M_valptrEv:
function _ZNKSt13_Rb_tree_nodeISt4pairIKNSt7__cxx1112basic_stringIcSt11char_traitsIcESaIcEEEN5Catch7TagInfoEEE9_M_valptrEv called 0 returned 0% blocks executed 0%
    #####:  238:      _M_valptr() const
    #####:  239:      { return _M_storage._M_ptr(); }
call    0 never executed
------------------
_ZNKSt13_Rb_tree_nodeIN5Catch8TestCaseEE9_M_valptrEv:
function _ZNKSt13_Rb_tree_nodeIN5Catch8TestCaseEE9_M_valptrEv called 2 returned 100% blocks executed 100%
        2:  238:      _M_valptr() const
        2:  239:      { return _M_storage._M_ptr(); }
call    0 returned 100%
------------------
_ZNKSt13_Rb_tree_nodeISt4pairIKNSt7__cxx1112basic_stringIcSt11char_traitsIcESaIcEEEN5Catch8TagAliasEEE9_M_valptrEv:
function _ZNKSt13_Rb_tree_nodeISt4pairIKNSt7__cxx1112basic_stringIcSt11char_traitsIcESaIcEEEN5Catch8TagAliasEEE9_M_valptrEv called 0 returned 0% blocks executed 0%
    #####:  238:      _M_valptr() const
    #####:  239:      { return _M_storage._M_ptr(); }
call    0 never executed
------------------
_ZNKSt13_Rb_tree_nodeIPKN5Catch8TestCaseEE9_M_valptrEv:
function _ZNKSt13_Rb_tree_nodeIPKN5Catch8TestCaseEE9_M_valptrEv called 8 returned 100% blocks executed 100%
        8:  238:      _M_valptr() const
        8:  239:      { return _M_storage._M_ptr(); }
call    0 returned 100%
------------------
_ZNKSt13_Rb_tree_nodeISt4pairIKNSt7__cxx1112basic_stringIcSt11char_traitsIcESaIcEEESt10shared_ptrIN5Catch16IReporterFactoryEEEE9_M_valptrEv:
function _ZNKSt13_Rb_tree_nodeISt4pairIKNSt7__cxx1112basic_stringIcSt11char_traitsIcESaIcEEESt10shared_ptrIN5Catch16IReporterFactoryEEEE9_M_valptrEv called 22 returned 100% blocks executed 100%
       22:  238:      _M_valptr() const
       22:  239:      { return _M_storage._M_ptr(); }
call    0 returned 100%
------------------
_ZNKSt13_Rb_tree_nodeINSt7__cxx1112basic_stringIcSt11char_traitsIcESaIcEEEE9_M_valptrEv:
function _ZNKSt13_Rb_tree_nodeINSt7__cxx1112basic_stringIcSt11char_traitsIcESaIcEEEE9_M_valptrEv called 0 returned 0% blocks executed 0%
    #####:  238:      _M_valptr() const
    #####:  239:      { return _M_storage._M_ptr(); }
call    0 never executed
------------------
        -:  240:#endif
        -:  241:    };
        -:  242:
        -:  243:  _GLIBCXX_PURE _Rb_tree_node_base*
        -:  244:  _Rb_tree_increment(_Rb_tree_node_base* __x) throw ();
        -:  245:
        -:  246:  _GLIBCXX_PURE const _Rb_tree_node_base*
        -:  247:  _Rb_tree_increment(const _Rb_tree_node_base* __x) throw ();
        -:  248:
        -:  249:  _GLIBCXX_PURE _Rb_tree_node_base*
        -:  250:  _Rb_tree_decrement(_Rb_tree_node_base* __x) throw ();
        -:  251:
        -:  252:  _GLIBCXX_PURE const _Rb_tree_node_base*
        -:  253:  _Rb_tree_decrement(const _Rb_tree_node_base* __x) throw ();
        -:  254:
        -:  255:  template<typename _Tp>
        -:  256:    struct _Rb_tree_iterator
        -:  257:    {
        -:  258:      typedef _Tp  value_type;
        -:  259:      typedef _Tp& reference;
        -:  260:      typedef _Tp* pointer;
        -:  261:
        -:  262:      typedef bidirectional_iterator_tag iterator_category;
        -:  263:      typedef ptrdiff_t			 difference_type;
        -:  264:
        -:  265:      typedef _Rb_tree_iterator<_Tp>		_Self;
        -:  266:      typedef _Rb_tree_node_base::_Base_ptr	_Base_ptr;
        -:  267:      typedef _Rb_tree_node<_Tp>*		_Link_type;
        -:  268:
        -:  269:      _Rb_tree_iterator() _GLIBCXX_NOEXCEPT
        -:  270:      : _M_node() { }
        -:  271:
        -:  272:      explicit
      25*:  273:      _Rb_tree_iterator(_Base_ptr __x) _GLIBCXX_NOEXCEPT
      25*:  274:      : _M_node(__x) { }
------------------
_ZNSt17_Rb_tree_iteratorISt4pairIKllEEC2EPSt18_Rb_tree_node_base:
function _ZNSt17_Rb_tree_iteratorISt4pairIKllEEC2EPSt18_Rb_tree_node_base called 0 returned 0% blocks executed 0%
    #####:  273:      _Rb_tree_iterator(_Base_ptr __x) _GLIBCXX_NOEXCEPT
    #####:  274:      : _M_node(__x) { }
------------------
_ZNSt17_Rb_tree_iteratorIN5Catch9VerbosityEEC2EPSt18_Rb_tree_node_base:
function _ZNSt17_Rb_tree_iteratorIN5Catch9VerbosityEEC2EPSt18_Rb_tree_node_base called 5 returned 100% blocks executed 100%
        5:  273:      _Rb_tree_iterator(_Base_ptr __x) _GLIBCXX_NOEXCEPT
        5:  274:      : _M_node(__x) { }
------------------
_ZNSt17_Rb_tree_iteratorIN5Catch8TestCaseEEC2EPSt18_Rb_tree_node_base:
function _ZNSt17_Rb_tree_iteratorIN5Catch8TestCaseEEC2EPSt18_Rb_tree_node_base called 6 returned 100% blocks executed 100%
        6:  273:      _Rb_tree_iterator(_Base_ptr __x) _GLIBCXX_NOEXCEPT
        6:  274:      : _M_node(__x) { }
------------------
_ZNSt17_Rb_tree_iteratorISt4pairIKNSt7__cxx1112basic_stringIcSt11char_traitsIcESaIcEEEN5Catch8TagAliasEEEC2EPSt18_Rb_tree_node_base:
function _ZNSt17_Rb_tree_iteratorISt4pairIKNSt7__cxx1112basic_stringIcSt11char_traitsIcESaIcEEEN5Catch8TagAliasEEEC2EPSt18_Rb_tree_node_base called 0 returned 0% blocks executed 0%
    #####:  273:      _Rb_tree_iterator(_Base_ptr __x) _GLIBCXX_NOEXCEPT
    #####:  274:      : _M_node(__x) { }
------------------
_ZNSt17_Rb_tree_iteratorIPKN5Catch8TestCaseEEC2EPSt18_Rb_tree_node_base:
function _ZNSt17_Rb_tree_iteratorIPKN5Catch8TestCaseEEC2EPSt18_Rb_tree_node_base called 5 returned 100% blocks executed 100%
        5:  273:      _Rb_tree_iterator(_Base_ptr __x) _GLIBCXX_NOEXCEPT
        5:  274:      : _M_node(__x) { }
------------------
_ZNSt17_Rb_tree_iteratorISt4pairIKNSt7__cxx1112basic_stringIcSt11char_traitsIcESaIcEEESt10shared_ptrIN5Catch16IReporterFactoryEEEEC2EPSt18_Rb_tree_node_base:
function _ZNSt17_Rb_tree_iteratorISt4pairIKNSt7__cxx1112basic_stringIcSt11char_traitsIcESaIcEEESt10shared_ptrIN5Catch16IReporterFactoryEEEEC2EPSt18_Rb_tree_node_base called 9 returned 100% blocks executed 100%
        9:  273:      _Rb_tree_iterator(_Base_ptr __x) _GLIBCXX_NOEXCEPT
        9:  274:      : _M_node(__x) { }
------------------
_ZNSt17_Rb_tree_iteratorISt4pairIKNSt7__cxx1112basic_stringIcSt11char_traitsIcESaIcEEEN5Catch7TagInfoEEEC2EPSt18_Rb_tree_node_base:
function _ZNSt17_Rb_tree_iteratorISt4pairIKNSt7__cxx1112basic_stringIcSt11char_traitsIcESaIcEEEN5Catch7TagInfoEEEC2EPSt18_Rb_tree_node_base called 0 returned 0% blocks executed 0%
    #####:  273:      _Rb_tree_iterator(_Base_ptr __x) _GLIBCXX_NOEXCEPT
    #####:  274:      : _M_node(__x) { }
------------------
_ZNSt17_Rb_tree_iteratorINSt7__cxx1112basic_stringIcSt11char_traitsIcESaIcEEEEC2EPSt18_Rb_tree_node_base:
function _ZNSt17_Rb_tree_iteratorINSt7__cxx1112basic_stringIcSt11char_traitsIcESaIcEEEEC2EPSt18_Rb_tree_node_base called 0 returned 0% blocks executed 0%
    #####:  273:      _Rb_tree_iterator(_Base_ptr __x) _GLIBCXX_NOEXCEPT
    #####:  274:      : _M_node(__x) { }
------------------
        -:  275:
        -:  276:      reference
    #####:  277:      operator*() const _GLIBCXX_NOEXCEPT
    #####:  278:      { return *static_cast<_Link_type>(_M_node)->_M_valptr(); }
------------------
_ZNKSt17_Rb_tree_iteratorISt4pairIKllEEdeEv:
function _ZNKSt17_Rb_tree_iteratorISt4pairIKllEEdeEv called 0 returned 0% blocks executed 0%
    #####:  277:      operator*() const _GLIBCXX_NOEXCEPT
    #####:  278:      { return *static_cast<_Link_type>(_M_node)->_M_valptr(); }
call    0 never executed
------------------
_ZNKSt17_Rb_tree_iteratorISt4pairIKNSt7__cxx1112basic_stringIcSt11char_traitsIcESaIcEEEN5Catch7TagInfoEEEdeEv:
function _ZNKSt17_Rb_tree_iteratorISt4pairIKNSt7__cxx1112basic_stringIcSt11char_traitsIcESaIcEEEN5Catch7TagInfoEEEdeEv called 0 returned 0% blocks executed 0%
    #####:  277:      operator*() const _GLIBCXX_NOEXCEPT
    #####:  278:      { return *static_cast<_Link_type>(_M_node)->_M_valptr(); }
call    0 never executed
------------------
        -:  279:
        -:  280:      pointer
    #####:  281:      operator->() const _GLIBCXX_NOEXCEPT
    #####:  282:      { return static_cast<_Link_type> (_M_node)->_M_valptr(); }
------------------
_ZNKSt17_Rb_tree_iteratorISt4pairIKllEEptEv:
function _ZNKSt17_Rb_tree_iteratorISt4pairIKllEEptEv called 0 returned 0% blocks executed 0%
    #####:  281:      operator->() const _GLIBCXX_NOEXCEPT
    #####:  282:      { return static_cast<_Link_type> (_M_node)->_M_valptr(); }
call    0 never executed
------------------
_ZNKSt17_Rb_tree_iteratorISt4pairIKNSt7__cxx1112basic_stringIcSt11char_traitsIcESaIcEEEN5Catch7TagInfoEEEptEv:
function _ZNKSt17_Rb_tree_iteratorISt4pairIKNSt7__cxx1112basic_stringIcSt11char_traitsIcESaIcEEEN5Catch7TagInfoEEEptEv called 0 returned 0% blocks executed 0%
    #####:  281:      operator->() const _GLIBCXX_NOEXCEPT
    #####:  282:      { return static_cast<_Link_type> (_M_node)->_M_valptr(); }
call    0 never executed
------------------
        -:  283:
        -:  284:      _Self&
    #####:  285:      operator++() _GLIBCXX_NOEXCEPT
        -:  286:      {
    #####:  287:	_M_node = _Rb_tree_increment(_M_node);
    #####:  288:	return *this;
        -:  289:      }
------------------
_ZNSt17_Rb_tree_iteratorISt4pairIKllEEppEv:
function _ZNSt17_Rb_tree_iteratorISt4pairIKllEEppEv called 0 returned 0% blocks executed 0%
    #####:  285:      operator++() _GLIBCXX_NOEXCEPT
        -:  286:      {
    #####:  287:	_M_node = _Rb_tree_increment(_M_node);
    #####:  288:	return *this;
        -:  289:      }
------------------
_ZNSt17_Rb_tree_iteratorIN5Catch9VerbosityEEppEv:
function _ZNSt17_Rb_tree_iteratorIN5Catch9VerbosityEEppEv called 0 returned 0% blocks executed 0%
    #####:  285:      operator++() _GLIBCXX_NOEXCEPT
        -:  286:      {
    #####:  287:	_M_node = _Rb_tree_increment(_M_node);
    #####:  288:	return *this;
        -:  289:      }
------------------
_ZNSt17_Rb_tree_iteratorIPKN5Catch8TestCaseEEppEv:
function _ZNSt17_Rb_tree_iteratorIPKN5Catch8TestCaseEEppEv called 0 returned 0% blocks executed 0%
    #####:  285:      operator++() _GLIBCXX_NOEXCEPT
        -:  286:      {
    #####:  287:	_M_node = _Rb_tree_increment(_M_node);
    #####:  288:	return *this;
        -:  289:      }
------------------
_ZNSt17_Rb_tree_iteratorISt4pairIKNSt7__cxx1112basic_stringIcSt11char_traitsIcESaIcEEEN5Catch7TagInfoEEEppEv:
function _ZNSt17_Rb_tree_iteratorISt4pairIKNSt7__cxx1112basic_stringIcSt11char_traitsIcESaIcEEEN5Catch7TagInfoEEEppEv called 0 returned 0% blocks executed 0%
    #####:  285:      operator++() _GLIBCXX_NOEXCEPT
        -:  286:      {
    #####:  287:	_M_node = _Rb_tree_increment(_M_node);
    #####:  288:	return *this;
        -:  289:      }
------------------
        -:  290:
        -:  291:      _Self
        -:  292:      operator++(int) _GLIBCXX_NOEXCEPT
        -:  293:      {
        -:  294:	_Self __tmp = *this;
        -:  295:	_M_node = _Rb_tree_increment(_M_node);
        -:  296:	return __tmp;
        -:  297:      }
        -:  298:
        -:  299:      _Self&
    #####:  300:      operator--() _GLIBCXX_NOEXCEPT
        -:  301:      {
    #####:  302:	_M_node = _Rb_tree_decrement(_M_node);
    #####:  303:	return *this;
        -:  304:      }
------------------
_ZNSt17_Rb_tree_iteratorISt4pairIKllEEmmEv:
function _ZNSt17_Rb_tree_iteratorISt4pairIKllEEmmEv called 0 returned 0% blocks executed 0%
    #####:  300:      operator--() _GLIBCXX_NOEXCEPT
        -:  301:      {
    #####:  302:	_M_node = _Rb_tree_decrement(_M_node);
    #####:  303:	return *this;
        -:  304:      }
------------------
_ZNSt17_Rb_tree_iteratorIN5Catch9VerbosityEEmmEv:
function _ZNSt17_Rb_tree_iteratorIN5Catch9VerbosityEEmmEv called 0 returned 0% blocks executed 0%
    #####:  300:      operator--() _GLIBCXX_NOEXCEPT
        -:  301:      {
    #####:  302:	_M_node = _Rb_tree_decrement(_M_node);
    #####:  303:	return *this;
        -:  304:      }
------------------
_ZNSt17_Rb_tree_iteratorIN5Catch8TestCaseEEmmEv:
function _ZNSt17_Rb_tree_iteratorIN5Catch8TestCaseEEmmEv called 0 returned 0% blocks executed 0%
    #####:  300:      operator--() _GLIBCXX_NOEXCEPT
        -:  301:      {
    #####:  302:	_M_node = _Rb_tree_decrement(_M_node);
    #####:  303:	return *this;
        -:  304:      }
------------------
_ZNSt17_Rb_tree_iteratorISt4pairIKNSt7__cxx1112basic_stringIcSt11char_traitsIcESaIcEEEN5Catch8TagAliasEEEmmEv:
function _ZNSt17_Rb_tree_iteratorISt4pairIKNSt7__cxx1112basic_stringIcSt11char_traitsIcESaIcEEEN5Catch8TagAliasEEEmmEv called 0 returned 0% blocks executed 0%
    #####:  300:      operator--() _GLIBCXX_NOEXCEPT
        -:  301:      {
    #####:  302:	_M_node = _Rb_tree_decrement(_M_node);
    #####:  303:	return *this;
        -:  304:      }
------------------
_ZNSt17_Rb_tree_iteratorIPKN5Catch8TestCaseEEmmEv:
function _ZNSt17_Rb_tree_iteratorIPKN5Catch8TestCaseEEmmEv called 0 returned 0% blocks executed 0%
    #####:  300:      operator--() _GLIBCXX_NOEXCEPT
        -:  301:      {
    #####:  302:	_M_node = _Rb_tree_decrement(_M_node);
    #####:  303:	return *this;
        -:  304:      }
------------------
_ZNSt17_Rb_tree_iteratorISt4pairIKNSt7__cxx1112basic_stringIcSt11char_traitsIcESaIcEEESt10shared_ptrIN5Catch16IReporterFactoryEEEEmmEv:
function _ZNSt17_Rb_tree_iteratorISt4pairIKNSt7__cxx1112basic_stringIcSt11char_traitsIcESaIcEEESt10shared_ptrIN5Catch16IReporterFactoryEEEEmmEv called 0 returned 0% blocks executed 0%
    #####:  300:      operator--() _GLIBCXX_NOEXCEPT
        -:  301:      {
    #####:  302:	_M_node = _Rb_tree_decrement(_M_node);
    #####:  303:	return *this;
        -:  304:      }
------------------
_ZNSt17_Rb_tree_iteratorISt4pairIKNSt7__cxx1112basic_stringIcSt11char_traitsIcESaIcEEEN5Catch7TagInfoEEEmmEv:
function _ZNSt17_Rb_tree_iteratorISt4pairIKNSt7__cxx1112basic_stringIcSt11char_traitsIcESaIcEEEN5Catch7TagInfoEEEmmEv called 0 returned 0% blocks executed 0%
    #####:  300:      operator--() _GLIBCXX_NOEXCEPT
        -:  301:      {
    #####:  302:	_M_node = _Rb_tree_decrement(_M_node);
    #####:  303:	return *this;
        -:  304:      }
------------------
_ZNSt17_Rb_tree_iteratorINSt7__cxx1112basic_stringIcSt11char_traitsIcESaIcEEEEmmEv:
function _ZNSt17_Rb_tree_iteratorINSt7__cxx1112basic_stringIcSt11char_traitsIcESaIcEEEEmmEv called 0 returned 0% blocks executed 0%
    #####:  300:      operator--() _GLIBCXX_NOEXCEPT
        -:  301:      {
    #####:  302:	_M_node = _Rb_tree_decrement(_M_node);
    #####:  303:	return *this;
        -:  304:      }
------------------
        -:  305:
        -:  306:      _Self
        -:  307:      operator--(int) _GLIBCXX_NOEXCEPT
        -:  308:      {
        -:  309:	_Self __tmp = *this;
        -:  310:	_M_node = _Rb_tree_decrement(_M_node);
        -:  311:	return __tmp;
        -:  312:      }
        -:  313:
        -:  314:      friend bool
       5*:  315:      operator==(const _Self& __x, const _Self& __y) _GLIBCXX_NOEXCEPT
       5*:  316:      { return __x._M_node == __y._M_node; }
------------------
_ZSteqRKSt17_Rb_tree_iteratorISt4pairIKllEES5_:
function _ZSteqRKSt17_Rb_tree_iteratorISt4pairIKllEES5_ called 0 returned 0% blocks executed 0%
    #####:  315:      operator==(const _Self& __x, const _Self& __y) _GLIBCXX_NOEXCEPT
    #####:  316:      { return __x._M_node == __y._M_node; }
------------------
_ZSteqRKSt17_Rb_tree_iteratorIN5Catch9VerbosityEES4_:
function _ZSteqRKSt17_Rb_tree_iteratorIN5Catch9VerbosityEES4_ called 1 returned 100% blocks executed 100%
        1:  315:      operator==(const _Self& __x, const _Self& __y) _GLIBCXX_NOEXCEPT
        1:  316:      { return __x._M_node == __y._M_node; }
------------------
_ZSteqRKSt17_Rb_tree_iteratorIN5Catch8TestCaseEES4_:
function _ZSteqRKSt17_Rb_tree_iteratorIN5Catch8TestCaseEES4_ called 2 returned 100% blocks executed 100%
        2:  315:      operator==(const _Self& __x, const _Self& __y) _GLIBCXX_NOEXCEPT
        2:  316:      { return __x._M_node == __y._M_node; }
------------------
_ZSteqRKSt17_Rb_tree_iteratorISt4pairIKNSt7__cxx1112basic_stringIcSt11char_traitsIcESaIcEEEN5Catch8TagAliasEEESD_:
function _ZSteqRKSt17_Rb_tree_iteratorISt4pairIKNSt7__cxx1112basic_stringIcSt11char_traitsIcESaIcEEEN5Catch8TagAliasEEESD_ called 0 returned 0% blocks executed 0%
    #####:  315:      operator==(const _Self& __x, const _Self& __y) _GLIBCXX_NOEXCEPT
    #####:  316:      { return __x._M_node == __y._M_node; }
------------------
_ZSteqRKSt17_Rb_tree_iteratorIPKN5Catch8TestCaseEES6_:
function _ZSteqRKSt17_Rb_tree_iteratorIPKN5Catch8TestCaseEES6_ called 1 returned 100% blocks executed 100%
        1:  315:      operator==(const _Self& __x, const _Self& __y) _GLIBCXX_NOEXCEPT
        1:  316:      { return __x._M_node == __y._M_node; }
------------------
_ZSteqRKSt17_Rb_tree_iteratorISt4pairIKNSt7__cxx1112basic_stringIcSt11char_traitsIcESaIcEEESt10shared_ptrIN5Catch16IReporterFactoryEEEESF_:
function _ZSteqRKSt17_Rb_tree_iteratorISt4pairIKNSt7__cxx1112basic_stringIcSt11char_traitsIcESaIcEEESt10shared_ptrIN5Catch16IReporterFactoryEEEESF_ called 1 returned 100% blocks executed 100%
        1:  315:      operator==(const _Self& __x, const _Self& __y) _GLIBCXX_NOEXCEPT
        1:  316:      { return __x._M_node == __y._M_node; }
------------------
_ZSteqRKSt17_Rb_tree_iteratorINSt7__cxx1112basic_stringIcSt11char_traitsIcESaIcEEEES8_:
function _ZSteqRKSt17_Rb_tree_iteratorINSt7__cxx1112basic_stringIcSt11char_traitsIcESaIcEEEES8_ called 0 returned 0% blocks executed 0%
    #####:  315:      operator==(const _Self& __x, const _Self& __y) _GLIBCXX_NOEXCEPT
    #####:  316:      { return __x._M_node == __y._M_node; }
------------------
_ZSteqRKSt17_Rb_tree_iteratorISt4pairIKNSt7__cxx1112basic_stringIcSt11char_traitsIcESaIcEEEN5Catch7TagInfoEEESD_:
function _ZSteqRKSt17_Rb_tree_iteratorISt4pairIKNSt7__cxx1112basic_stringIcSt11char_traitsIcESaIcEEEN5Catch7TagInfoEEESD_ called 0 returned 0% blocks executed 0%
    #####:  315:      operator==(const _Self& __x, const _Self& __y) _GLIBCXX_NOEXCEPT
    #####:  316:      { return __x._M_node == __y._M_node; }
------------------
        -:  317:
        -:  318:#if ! __cpp_lib_three_way_comparison
        -:  319:      friend bool
    #####:  320:      operator!=(const _Self& __x, const _Self& __y) _GLIBCXX_NOEXCEPT
    #####:  321:      { return __x._M_node != __y._M_node; }
------------------
_ZStneRKSt17_Rb_tree_iteratorISt4pairIKllEES5_:
function _ZStneRKSt17_Rb_tree_iteratorISt4pairIKllEES5_ called 0 returned 0% blocks executed 0%
    #####:  320:      operator!=(const _Self& __x, const _Self& __y) _GLIBCXX_NOEXCEPT
    #####:  321:      { return __x._M_node != __y._M_node; }
------------------
_ZStneRKSt17_Rb_tree_iteratorISt4pairIKNSt7__cxx1112basic_stringIcSt11char_traitsIcESaIcEEEN5Catch7TagInfoEEESD_:
function _ZStneRKSt17_Rb_tree_iteratorISt4pairIKNSt7__cxx1112basic_stringIcSt11char_traitsIcESaIcEEEN5Catch7TagInfoEEESD_ called 0 returned 0% blocks executed 0%
    #####:  320:      operator!=(const _Self& __x, const _Self& __y) _GLIBCXX_NOEXCEPT
    #####:  321:      { return __x._M_node != __y._M_node; }
------------------
        -:  322:#endif
        -:  323:
        -:  324:      _Base_ptr _M_node;
        -:  325:  };
        -:  326:
        -:  327:  template<typename _Tp>
        -:  328:    struct _Rb_tree_const_iterator
        -:  329:    {
        -:  330:      typedef _Tp	 value_type;
        -:  331:      typedef const _Tp& reference;
        -:  332:      typedef const _Tp* pointer;
        -:  333:
        -:  334:      typedef _Rb_tree_iterator<_Tp> iterator;
        -:  335:
        -:  336:      typedef bidirectional_iterator_tag iterator_category;
        -:  337:      typedef ptrdiff_t			 difference_type;
        -:  338:
        -:  339:      typedef _Rb_tree_const_iterator<_Tp>		_Self;
        -:  340:      typedef _Rb_tree_node_base::_Const_Base_ptr	_Base_ptr;
        -:  341:      typedef const _Rb_tree_node<_Tp>*			_Link_type;
        -:  342:
        -:  343:      _Rb_tree_const_iterator() _GLIBCXX_NOEXCEPT
        -:  344:      : _M_node() { }
        -:  345:
        -:  346:      explicit
       8*:  347:      _Rb_tree_const_iterator(_Base_ptr __x) _GLIBCXX_NOEXCEPT
       8*:  348:      : _M_node(__x) { }
------------------
_ZNSt23_Rb_tree_const_iteratorISt4pairIKllEEC2EPKSt18_Rb_tree_node_base:
function _ZNSt23_Rb_tree_const_iteratorISt4pairIKllEEC2EPKSt18_Rb_tree_node_base called 0 returned 0% blocks executed 0%
    #####:  347:      _Rb_tree_const_iterator(_Base_ptr __x) _GLIBCXX_NOEXCEPT
    #####:  348:      : _M_node(__x) { }
------------------
_ZNSt23_Rb_tree_const_iteratorIN5Catch9VerbosityEEC2EPKSt18_Rb_tree_node_base:
function _ZNSt23_Rb_tree_const_iteratorIN5Catch9VerbosityEEC2EPKSt18_Rb_tree_node_base called 3 returned 100% blocks executed 100%
        3:  347:      _Rb_tree_const_iterator(_Base_ptr __x) _GLIBCXX_NOEXCEPT
        3:  348:      : _M_node(__x) { }
------------------
_ZNSt23_Rb_tree_const_iteratorISt4pairIKNSt7__cxx1112basic_stringIcSt11char_traitsIcESaIcEEEN5Catch8TagAliasEEEC2EPKSt18_Rb_tree_node_base:
function _ZNSt23_Rb_tree_const_iteratorISt4pairIKNSt7__cxx1112basic_stringIcSt11char_traitsIcESaIcEEEN5Catch8TagAliasEEEC2EPKSt18_Rb_tree_node_base called 0 returned 0% blocks executed 0%
    #####:  347:      _Rb_tree_const_iterator(_Base_ptr __x) _GLIBCXX_NOEXCEPT
    #####:  348:      : _M_node(__x) { }
------------------
_ZNSt23_Rb_tree_const_iteratorIPKN5Catch8TestCaseEEC2EPKSt18_Rb_tree_node_base:
function _ZNSt23_Rb_tree_const_iteratorIPKN5Catch8TestCaseEEC2EPKSt18_Rb_tree_node_base called 2 returned 100% blocks executed 100%
        2:  347:      _Rb_tree_const_iterator(_Base_ptr __x) _GLIBCXX_NOEXCEPT
        2:  348:      : _M_node(__x) { }
------------------
_ZNSt23_Rb_tree_const_iteratorINSt7__cxx1112basic_stringIcSt11char_traitsIcESaIcEEEEC2EPKSt18_Rb_tree_node_base:
function _ZNSt23_Rb_tree_const_iteratorINSt7__cxx1112basic_stringIcSt11char_traitsIcESaIcEEEEC2EPKSt18_Rb_tree_node_base called 0 returned 0% blocks executed 0%
    #####:  347:      _Rb_tree_const_iterator(_Base_ptr __x) _GLIBCXX_NOEXCEPT
    #####:  348:      : _M_node(__x) { }
------------------
_ZNSt23_Rb_tree_const_iteratorISt4pairIKNSt7__cxx1112basic_stringIcSt11char_traitsIcESaIcEEESt10shared_ptrIN5Catch16IReporterFactoryEEEEC2EPKSt18_Rb_tree_node_base:
function _ZNSt23_Rb_tree_const_iteratorISt4pairIKNSt7__cxx1112basic_stringIcSt11char_traitsIcESaIcEEESt10shared_ptrIN5Catch16IReporterFactoryEEEEC2EPKSt18_Rb_tree_node_base called 3 returned 100% blocks executed 100%
        3:  347:      _Rb_tree_const_iterator(_Base_ptr __x) _GLIBCXX_NOEXCEPT
        3:  348:      : _M_node(__x) { }
------------------
        -:  349:
       5*:  350:      _Rb_tree_const_iterator(const iterator& __it) _GLIBCXX_NOEXCEPT
       5*:  351:      : _M_node(__it._M_node) { }
------------------
_ZNSt23_Rb_tree_const_iteratorISt4pairIKllEEC2ERKSt17_Rb_tree_iteratorIS2_E:
function _ZNSt23_Rb_tree_const_iteratorISt4pairIKllEEC2ERKSt17_Rb_tree_iteratorIS2_E called 0 returned 0% blocks executed 0%
    #####:  350:      _Rb_tree_const_iterator(const iterator& __it) _GLIBCXX_NOEXCEPT
    #####:  351:      : _M_node(__it._M_node) { }
------------------
_ZNSt23_Rb_tree_const_iteratorIN5Catch9VerbosityEEC2ERKSt17_Rb_tree_iteratorIS1_E:
function _ZNSt23_Rb_tree_const_iteratorIN5Catch9VerbosityEEC2ERKSt17_Rb_tree_iteratorIS1_E called 1 returned 100% blocks executed 100%
        1:  350:      _Rb_tree_const_iterator(const iterator& __it) _GLIBCXX_NOEXCEPT
        1:  351:      : _M_node(__it._M_node) { }
------------------
_ZNSt23_Rb_tree_const_iteratorIN5Catch8TestCaseEEC2ERKSt17_Rb_tree_iteratorIS1_E:
function _ZNSt23_Rb_tree_const_iteratorIN5Catch8TestCaseEEC2ERKSt17_Rb_tree_iteratorIS1_E called 2 returned 100% blocks executed 100%
        2:  350:      _Rb_tree_const_iterator(const iterator& __it) _GLIBCXX_NOEXCEPT
        2:  351:      : _M_node(__it._M_node) { }
------------------
_ZNSt23_Rb_tree_const_iteratorIPKN5Catch8TestCaseEEC2ERKSt17_Rb_tree_iteratorIS3_E:
function _ZNSt23_Rb_tree_const_iteratorIPKN5Catch8TestCaseEEC2ERKSt17_Rb_tree_iteratorIS3_E called 2 returned 100% blocks executed 100%
        2:  350:      _Rb_tree_const_iterator(const iterator& __it) _GLIBCXX_NOEXCEPT
        2:  351:      : _M_node(__it._M_node) { }
------------------
_ZNSt23_Rb_tree_const_iteratorINSt7__cxx1112basic_stringIcSt11char_traitsIcESaIcEEEEC2ERKSt17_Rb_tree_iteratorIS5_E:
function _ZNSt23_Rb_tree_const_iteratorINSt7__cxx1112basic_stringIcSt11char_traitsIcESaIcEEEEC2ERKSt17_Rb_tree_iteratorIS5_E called 0 returned 0% blocks executed 0%
    #####:  350:      _Rb_tree_const_iterator(const iterator& __it) _GLIBCXX_NOEXCEPT
    #####:  351:      : _M_node(__it._M_node) { }
------------------
        -:  352:
        -:  353:      iterator
       1*:  354:      _M_const_cast() const _GLIBCXX_NOEXCEPT
       1*:  355:      { return iterator(const_cast<typename iterator::_Base_ptr>(_M_node)); }
------------------
_ZNKSt23_Rb_tree_const_iteratorISt4pairIKllEE13_M_const_castEv:
function _ZNKSt23_Rb_tree_const_iteratorISt4pairIKllEE13_M_const_castEv called 0 returned 0% blocks executed 0%
    #####:  354:      _M_const_cast() const _GLIBCXX_NOEXCEPT
    #####:  355:      { return iterator(const_cast<typename iterator::_Base_ptr>(_M_node)); }
call    0 never executed
------------------
_ZNKSt23_Rb_tree_const_iteratorIN5Catch9VerbosityEE13_M_const_castEv:
function _ZNKSt23_Rb_tree_const_iteratorIN5Catch9VerbosityEE13_M_const_castEv called 1 returned 100% blocks executed 100%
        1:  354:      _M_const_cast() const _GLIBCXX_NOEXCEPT
        1:  355:      { return iterator(const_cast<typename iterator::_Base_ptr>(_M_node)); }
call    0 returned 100%
------------------
_ZNKSt23_Rb_tree_const_iteratorIPKN5Catch8TestCaseEE13_M_const_castEv:
function _ZNKSt23_Rb_tree_const_iteratorIPKN5Catch8TestCaseEE13_M_const_castEv called 0 returned 0% blocks executed 0%
    #####:  354:      _M_const_cast() const _GLIBCXX_NOEXCEPT
    #####:  355:      { return iterator(const_cast<typename iterator::_Base_ptr>(_M_node)); }
call    0 never executed
------------------
        -:  356:
        -:  357:      reference
       2*:  358:      operator*() const _GLIBCXX_NOEXCEPT
       2*:  359:      { return *static_cast<_Link_type>(_M_node)->_M_valptr(); }
------------------
_ZNKSt23_Rb_tree_const_iteratorISt4pairIKNSt7__cxx1112basic_stringIcSt11char_traitsIcESaIcEEEN5Catch8TagAliasEEEdeEv:
function _ZNKSt23_Rb_tree_const_iteratorISt4pairIKNSt7__cxx1112basic_stringIcSt11char_traitsIcESaIcEEEN5Catch8TagAliasEEEdeEv called 0 returned 0% blocks executed 0%
    #####:  358:      operator*() const _GLIBCXX_NOEXCEPT
    #####:  359:      { return *static_cast<_Link_type>(_M_node)->_M_valptr(); }
call    0 never executed
------------------
_ZNKSt23_Rb_tree_const_iteratorIPKN5Catch8TestCaseEEdeEv:
function _ZNKSt23_Rb_tree_const_iteratorIPKN5Catch8TestCaseEEdeEv called 2 returned 100% blocks executed 100%
        2:  358:      operator*() const _GLIBCXX_NOEXCEPT
        2:  359:      { return *static_cast<_Link_type>(_M_node)->_M_valptr(); }
call    0 returned 100%
------------------
_ZNKSt23_Rb_tree_const_iteratorISt4pairIKNSt7__cxx1112basic_stringIcSt11char_traitsIcESaIcEEESt10shared_ptrIN5Catch16IReporterFactoryEEEEdeEv:
function _ZNKSt23_Rb_tree_const_iteratorISt4pairIKNSt7__cxx1112basic_stringIcSt11char_traitsIcESaIcEEESt10shared_ptrIN5Catch16IReporterFactoryEEEEdeEv called 0 returned 0% blocks executed 0%
    #####:  358:      operator*() const _GLIBCXX_NOEXCEPT
    #####:  359:      { return *static_cast<_Link_type>(_M_node)->_M_valptr(); }
call    0 never executed
------------------
_ZNKSt23_Rb_tree_const_iteratorINSt7__cxx1112basic_stringIcSt11char_traitsIcESaIcEEEEdeEv:
function _ZNKSt23_Rb_tree_const_iteratorINSt7__cxx1112basic_stringIcSt11char_traitsIcESaIcEEEEdeEv called 0 returned 0% blocks executed 0%
    #####:  358:      operator*() const _GLIBCXX_NOEXCEPT
    #####:  359:      { return *static_cast<_Link_type>(_M_node)->_M_valptr(); }
call    0 never executed
------------------
        -:  360:
        -:  361:      pointer
       1*:  362:      operator->() const _GLIBCXX_NOEXCEPT
       1*:  363:      { return static_cast<_Link_type>(_M_node)->_M_valptr(); }
------------------
_ZNKSt23_Rb_tree_const_iteratorIN5Catch8TestCaseEEptEv:
function _ZNKSt23_Rb_tree_const_iteratorIN5Catch8TestCaseEEptEv called 0 returned 0% blocks executed 0%
    #####:  362:      operator->() const _GLIBCXX_NOEXCEPT
    #####:  363:      { return static_cast<_Link_type>(_M_node)->_M_valptr(); }
call    0 never executed
------------------
_ZNKSt23_Rb_tree_const_iteratorISt4pairIKNSt7__cxx1112basic_stringIcSt11char_traitsIcESaIcEEEN5Catch8TagAliasEEEptEv:
function _ZNKSt23_Rb_tree_const_iteratorISt4pairIKNSt7__cxx1112basic_stringIcSt11char_traitsIcESaIcEEEN5Catch8TagAliasEEEptEv called 0 returned 0% blocks executed 0%
    #####:  362:      operator->() const _GLIBCXX_NOEXCEPT
    #####:  363:      { return static_cast<_Link_type>(_M_node)->_M_valptr(); }
call    0 never executed
------------------
_ZNKSt23_Rb_tree_const_iteratorISt4pairIKNSt7__cxx1112basic_stringIcSt11char_traitsIcESaIcEEESt10shared_ptrIN5Catch16IReporterFactoryEEEEptEv:
function _ZNKSt23_Rb_tree_const_iteratorISt4pairIKNSt7__cxx1112basic_stringIcSt11char_traitsIcESaIcEEESt10shared_ptrIN5Catch16IReporterFactoryEEEEptEv called 1 returned 100% blocks executed 100%
        1:  362:      operator->() const _GLIBCXX_NOEXCEPT
        1:  363:      { return static_cast<_Link_type>(_M_node)->_M_valptr(); }
call    0 returned 100%
------------------
        -:  364:
        -:  365:      _Self&
       2*:  366:      operator++() _GLIBCXX_NOEXCEPT
        -:  367:      {
       2*:  368:	_M_node = _Rb_tree_increment(_M_node);
       2*:  369:	return *this;
        -:  370:      }
------------------
_ZNSt23_Rb_tree_const_iteratorISt4pairIKNSt7__cxx1112basic_stringIcSt11char_traitsIcESaIcEEEN5Catch8TagAliasEEEppEv:
function _ZNSt23_Rb_tree_const_iteratorISt4pairIKNSt7__cxx1112basic_stringIcSt11char_traitsIcESaIcEEEN5Catch8TagAliasEEEppEv called 0 returned 0% blocks executed 0%
    #####:  366:      operator++() _GLIBCXX_NOEXCEPT
        -:  367:      {
    #####:  368:	_M_node = _Rb_tree_increment(_M_node);
    #####:  369:	return *this;
        -:  370:      }
------------------
_ZNSt23_Rb_tree_const_iteratorIPKN5Catch8TestCaseEEppEv:
function _ZNSt23_Rb_tree_const_iteratorIPKN5Catch8TestCaseEEppEv called 2 returned 100% blocks executed 100%
        2:  366:      operator++() _GLIBCXX_NOEXCEPT
        -:  367:      {
        2:  368:	_M_node = _Rb_tree_increment(_M_node);
        2:  369:	return *this;
        -:  370:      }
------------------
_ZNSt23_Rb_tree_const_iteratorISt4pairIKNSt7__cxx1112basic_stringIcSt11char_traitsIcESaIcEEESt10shared_ptrIN5Catch16IReporterFactoryEEEEppEv:
function _ZNSt23_Rb_tree_const_iteratorISt4pairIKNSt7__cxx1112basic_stringIcSt11char_traitsIcESaIcEEESt10shared_ptrIN5Catch16IReporterFactoryEEEEppEv called 0 returned 0% blocks executed 0%
    #####:  366:      operator++() _GLIBCXX_NOEXCEPT
        -:  367:      {
    #####:  368:	_M_node = _Rb_tree_increment(_M_node);
    #####:  369:	return *this;
        -:  370:      }
------------------
_ZNSt23_Rb_tree_const_iteratorINSt7__cxx1112basic_stringIcSt11char_traitsIcESaIcEEEEppEv:
function _ZNSt23_Rb_tree_const_iteratorINSt7__cxx1112basic_stringIcSt11char_traitsIcESaIcEEEEppEv called 0 returned 0% blocks executed 0%
    #####:  366:      operator++() _GLIBCXX_NOEXCEPT
        -:  367:      {
    #####:  368:	_M_node = _Rb_tree_increment(_M_node);
    #####:  369:	return *this;
        -:  370:      }
------------------
        -:  371:
        -:  372:      _Self
        -:  373:      operator++(int) _GLIBCXX_NOEXCEPT
        -:  374:      {
        -:  375:	_Self __tmp = *this;
        -:  376:	_M_node = _Rb_tree_increment(_M_node);
        -:  377:	return __tmp;
        -:  378:      }
        -:  379:
        -:  380:      _Self&
        -:  381:      operator--() _GLIBCXX_NOEXCEPT
        -:  382:      {
        -:  383:	_M_node = _Rb_tree_decrement(_M_node);
        -:  384:	return *this;
        -:  385:      }
        -:  386:
        -:  387:      _Self
        -:  388:      operator--(int) _GLIBCXX_NOEXCEPT
        -:  389:      {
        -:  390:	_Self __tmp = *this;
        -:  391:	_M_node = _Rb_tree_decrement(_M_node);
        -:  392:	return __tmp;
        -:  393:      }
        -:  394:
        -:  395:      friend bool
       4*:  396:      operator==(const _Self& __x, const _Self& __y) _GLIBCXX_NOEXCEPT
       4*:  397:      { return __x._M_node == __y._M_node; }
------------------
_ZSteqRKSt23_Rb_tree_const_iteratorISt4pairIKllEES5_:
function _ZSteqRKSt23_Rb_tree_const_iteratorISt4pairIKllEES5_ called 0 returned 0% blocks executed 0%
    #####:  396:      operator==(const _Self& __x, const _Self& __y) _GLIBCXX_NOEXCEPT
    #####:  397:      { return __x._M_node == __y._M_node; }
------------------
_ZSteqRKSt23_Rb_tree_const_iteratorIN5Catch9VerbosityEES4_:
function _ZSteqRKSt23_Rb_tree_const_iteratorIN5Catch9VerbosityEES4_ called 2 returned 100% blocks executed 100%
        2:  396:      operator==(const _Self& __x, const _Self& __y) _GLIBCXX_NOEXCEPT
        2:  397:      { return __x._M_node == __y._M_node; }
------------------
_ZSteqRKSt23_Rb_tree_const_iteratorISt4pairIKNSt7__cxx1112basic_stringIcSt11char_traitsIcESaIcEEEN5Catch8TagAliasEEESD_:
function _ZSteqRKSt23_Rb_tree_const_iteratorISt4pairIKNSt7__cxx1112basic_stringIcSt11char_traitsIcESaIcEEEN5Catch8TagAliasEEESD_ called 0 returned 0% blocks executed 0%
    #####:  396:      operator==(const _Self& __x, const _Self& __y) _GLIBCXX_NOEXCEPT
    #####:  397:      { return __x._M_node == __y._M_node; }
------------------
_ZSteqRKSt23_Rb_tree_const_iteratorISt4pairIKNSt7__cxx1112basic_stringIcSt11char_traitsIcESaIcEEESt10shared_ptrIN5Catch16IReporterFactoryEEEESF_:
function _ZSteqRKSt23_Rb_tree_const_iteratorISt4pairIKNSt7__cxx1112basic_stringIcSt11char_traitsIcESaIcEEESt10shared_ptrIN5Catch16IReporterFactoryEEEESF_ called 2 returned 100% blocks executed 100%
        2:  396:      operator==(const _Self& __x, const _Self& __y) _GLIBCXX_NOEXCEPT
        2:  397:      { return __x._M_node == __y._M_node; }
------------------
        -:  398:
        -:  399:#if ! __cpp_lib_three_way_comparison
        -:  400:      friend bool
       3*:  401:      operator!=(const _Self& __x, const _Self& __y) _GLIBCXX_NOEXCEPT
       3*:  402:      { return __x._M_node != __y._M_node; }
------------------
_ZStneRKSt23_Rb_tree_const_iteratorISt4pairIKNSt7__cxx1112basic_stringIcSt11char_traitsIcESaIcEEEN5Catch8TagAliasEEESD_:
function _ZStneRKSt23_Rb_tree_const_iteratorISt4pairIKNSt7__cxx1112basic_stringIcSt11char_traitsIcESaIcEEEN5Catch8TagAliasEEESD_ called 0 returned 0% blocks executed 0%
    #####:  401:      operator!=(const _Self& __x, const _Self& __y) _GLIBCXX_NOEXCEPT
    #####:  402:      { return __x._M_node != __y._M_node; }
------------------
_ZStneRKSt23_Rb_tree_const_iteratorIPKN5Catch8TestCaseEES6_:
function _ZStneRKSt23_Rb_tree_const_iteratorIPKN5Catch8TestCaseEES6_ called 3 returned 100% blocks executed 100%
        3:  401:      operator!=(const _Self& __x, const _Self& __y) _GLIBCXX_NOEXCEPT
        3:  402:      { return __x._M_node != __y._M_node; }
------------------
_ZStneRKSt23_Rb_tree_const_iteratorINSt7__cxx1112basic_stringIcSt11char_traitsIcESaIcEEEES8_:
function _ZStneRKSt23_Rb_tree_const_iteratorINSt7__cxx1112basic_stringIcSt11char_traitsIcESaIcEEEES8_ called 0 returned 0% blocks executed 0%
    #####:  401:      operator!=(const _Self& __x, const _Self& __y) _GLIBCXX_NOEXCEPT
    #####:  402:      { return __x._M_node != __y._M_node; }
------------------
_ZStneRKSt23_Rb_tree_const_iteratorISt4pairIKNSt7__cxx1112basic_stringIcSt11char_traitsIcESaIcEEESt10shared_ptrIN5Catch16IReporterFactoryEEEESF_:
function _ZStneRKSt23_Rb_tree_const_iteratorISt4pairIKNSt7__cxx1112basic_stringIcSt11char_traitsIcESaIcEEESt10shared_ptrIN5Catch16IReporterFactoryEEEESF_ called 0 returned 0% blocks executed 0%
    #####:  401:      operator!=(const _Self& __x, const _Self& __y) _GLIBCXX_NOEXCEPT
    #####:  402:      { return __x._M_node != __y._M_node; }
------------------
        -:  403:#endif
        -:  404:
        -:  405:      _Base_ptr _M_node;
        -:  406:    };
        -:  407:
        -:  408:  void
        -:  409:  _Rb_tree_insert_and_rebalance(const bool __insert_left,
        -:  410:				_Rb_tree_node_base* __x,
        -:  411:				_Rb_tree_node_base* __p,
        -:  412:				_Rb_tree_node_base& __header) throw ();
        -:  413:
        -:  414:  _Rb_tree_node_base*
        -:  415:  _Rb_tree_rebalance_for_erase(_Rb_tree_node_base* const __z,
        -:  416:			       _Rb_tree_node_base& __header) throw ();
        -:  417:
        -:  418:#if __cplusplus > 201402L
        -:  419:  template<typename _Tree1, typename _Cmp2>
        -:  420:    struct _Rb_tree_merge_helper { };
        -:  421:#endif
        -:  422:
        -:  423:  template<typename _Key, typename _Val, typename _KeyOfValue,
        -:  424:	   typename _Compare, typename _Alloc = allocator<_Val> >
        -:  425:    class _Rb_tree
        -:  426:    {
        -:  427:      typedef typename __gnu_cxx::__alloc_traits<_Alloc>::template
        -:  428:	rebind<_Rb_tree_node<_Val> >::other _Node_allocator;
        -:  429:
        -:  430:      typedef __gnu_cxx::__alloc_traits<_Node_allocator> _Alloc_traits;
        -:  431:
        -:  432:    protected:
        -:  433:      typedef _Rb_tree_node_base* 		_Base_ptr;
        -:  434:      typedef const _Rb_tree_node_base* 	_Const_Base_ptr;
        -:  435:      typedef _Rb_tree_node<_Val>* 		_Link_type;
        -:  436:      typedef const _Rb_tree_node<_Val>*	_Const_Link_type;
        -:  437:
        -:  438:    private:
        -:  439:      // Functor recycling a pool of nodes and using allocation once the pool
        -:  440:      // is empty.
        -:  441:      struct _Reuse_or_alloc_node
        -:  442:      {
        -:  443:	_Reuse_or_alloc_node(_Rb_tree& __t)
        -:  444:	: _M_root(__t._M_root()), _M_nodes(__t._M_rightmost()), _M_t(__t)
        -:  445:	{
        -:  446:	  if (_M_root)
        -:  447:	    {
        -:  448:	      _M_root->_M_parent = 0;
        -:  449:
        -:  450:	      if (_M_nodes->_M_left)
        -:  451:		_M_nodes = _M_nodes->_M_left;
        -:  452:	    }
        -:  453:	  else
        -:  454:	    _M_nodes = 0;
        -:  455:	}
        -:  456:
        -:  457:#if __cplusplus >= 201103L
        -:  458:	_Reuse_or_alloc_node(const _Reuse_or_alloc_node&) = delete;
        -:  459:#endif
        -:  460:
        -:  461:	~_Reuse_or_alloc_node()
        -:  462:	{ _M_t._M_erase(static_cast<_Link_type>(_M_root)); }
        -:  463:
        -:  464:	template<typename _Arg>
        -:  465:	  _Link_type
        -:  466:	  operator()(_GLIBCXX_FWDREF(_Arg) __arg)
        -:  467:	  {
        -:  468:	    _Link_type __node = static_cast<_Link_type>(_M_extract());
        -:  469:	    if (__node)
        -:  470:	      {
        -:  471:		_M_t._M_destroy_node(__node);
        -:  472:		_M_t._M_construct_node(__node, _GLIBCXX_FORWARD(_Arg, __arg));
        -:  473:		return __node;
        -:  474:	      }
        -:  475:
        -:  476:	    return _M_t._M_create_node(_GLIBCXX_FORWARD(_Arg, __arg));
        -:  477:	  }
        -:  478:
        -:  479:      private:
        -:  480:	_Base_ptr
        -:  481:	_M_extract()
        -:  482:	{
        -:  483:	  if (!_M_nodes)
        -:  484:	    return _M_nodes;
        -:  485:
        -:  486:	  _Base_ptr __node = _M_nodes;
        -:  487:	  _M_nodes = _M_nodes->_M_parent;
        -:  488:	  if (_M_nodes)
        -:  489:	    {
        -:  490:	      if (_M_nodes->_M_right == __node)
        -:  491:		{
        -:  492:		  _M_nodes->_M_right = 0;
        -:  493:
        -:  494:		  if (_M_nodes->_M_left)
        -:  495:		    {
        -:  496:		      _M_nodes = _M_nodes->_M_left;
        -:  497:
        -:  498:		      while (_M_nodes->_M_right)
        -:  499:			_M_nodes = _M_nodes->_M_right;
        -:  500:
        -:  501:		      if (_M_nodes->_M_left)
        -:  502:			_M_nodes = _M_nodes->_M_left;
        -:  503:		    }
        -:  504:		}
        -:  505:	      else // __node is on the left.
        -:  506:		_M_nodes->_M_left = 0;
        -:  507:	    }
        -:  508:	  else
        -:  509:	    _M_root = 0;
        -:  510:
        -:  511:	  return __node;
        -:  512:	}
        -:  513:
        -:  514:	_Base_ptr _M_root;
        -:  515:	_Base_ptr _M_nodes;
        -:  516:	_Rb_tree& _M_t;
        -:  517:      };
        -:  518:
        -:  519:      // Functor similar to the previous one but without any pool of nodes to
        -:  520:      // recycle.
        -:  521:      struct _Alloc_node
        -:  522:      {
       3*:  523:	_Alloc_node(_Rb_tree& __t)
       3*:  524:	: _M_t(__t) { }
------------------
_ZNSt8_Rb_treeIN5Catch9VerbosityES1_St9_IdentityIS1_ESt4lessIS1_ESaIS1_EE11_Alloc_nodeC2ERS7_:
function _ZNSt8_Rb_treeIN5Catch9VerbosityES1_St9_IdentityIS1_ESt4lessIS1_ESaIS1_EE11_Alloc_nodeC2ERS7_ called 1 returned 100% blocks executed 100%
        1:  523:	_Alloc_node(_Rb_tree& __t)
        1:  524:	: _M_t(__t) { }
------------------
_ZNSt8_Rb_treeIN5Catch8TestCaseES1_St9_IdentityIS1_ESt4lessIS1_ESaIS1_EE11_Alloc_nodeC2ERS7_:
function _ZNSt8_Rb_treeIN5Catch8TestCaseES1_St9_IdentityIS1_ESt4lessIS1_ESaIS1_EE11_Alloc_nodeC2ERS7_ called 2 returned 100% blocks executed 100%
        2:  523:	_Alloc_node(_Rb_tree& __t)
        2:  524:	: _M_t(__t) { }
------------------
_ZNSt8_Rb_treeIPKN5Catch8TestCaseES3_St9_IdentityIS3_ESt4lessIS3_ESaIS3_EE11_Alloc_nodeC2ERS9_:
function _ZNSt8_Rb_treeIPKN5Catch8TestCaseES3_St9_IdentityIS3_ESt4lessIS3_ESaIS3_EE11_Alloc_nodeC2ERS9_ called 0 returned 0% blocks executed 0%
    #####:  523:	_Alloc_node(_Rb_tree& __t)
    #####:  524:	: _M_t(__t) { }
------------------
_ZNSt8_Rb_treeINSt7__cxx1112basic_stringIcSt11char_traitsIcESaIcEEES5_St9_IdentityIS5_ESt4lessIS5_ESaIS5_EE11_Alloc_nodeC2ERSB_:
function _ZNSt8_Rb_treeINSt7__cxx1112basic_stringIcSt11char_traitsIcESaIcEEES5_St9_IdentityIS5_ESt4lessIS5_ESaIS5_EE11_Alloc_nodeC2ERSB_ called 0 returned 0% blocks executed 0%
    #####:  523:	_Alloc_node(_Rb_tree& __t)
    #####:  524:	: _M_t(__t) { }
------------------
        -:  525:
        -:  526:	template<typename _Arg>
        -:  527:	  _Link_type
       3*:  528:	  operator()(_GLIBCXX_FWDREF(_Arg) __arg) const
       3*:  529:	  { return _M_t._M_create_node(_GLIBCXX_FORWARD(_Arg, __arg)); }
------------------
_ZNKSt8_Rb_treeIN5Catch9VerbosityES1_St9_IdentityIS1_ESt4lessIS1_ESaIS1_EE11_Alloc_nodeclIRKS1_EEPSt13_Rb_tree_nodeIS1_EOT_:
function _ZNKSt8_Rb_treeIN5Catch9VerbosityES1_St9_IdentityIS1_ESt4lessIS1_ESaIS1_EE11_Alloc_nodeclIRKS1_EEPSt13_Rb_tree_nodeIS1_EOT_ called 1 returned 100% blocks executed 100%
        1:  528:	  operator()(_GLIBCXX_FWDREF(_Arg) __arg) const
        1:  529:	  { return _M_t._M_create_node(_GLIBCXX_FORWARD(_Arg, __arg)); }
call    0 returned 100%
call    1 returned 100%
------------------
_ZNKSt8_Rb_treeIPKN5Catch8TestCaseES3_St9_IdentityIS3_ESt4lessIS3_ESaIS3_EE11_Alloc_nodeclIRKS3_EEPSt13_Rb_tree_nodeIS3_EOT_:
function _ZNKSt8_Rb_treeIPKN5Catch8TestCaseES3_St9_IdentityIS3_ESt4lessIS3_ESaIS3_EE11_Alloc_nodeclIRKS3_EEPSt13_Rb_tree_nodeIS3_EOT_ called 0 returned 0% blocks executed 0%
    #####:  528:	  operator()(_GLIBCXX_FWDREF(_Arg) __arg) const
    #####:  529:	  { return _M_t._M_create_node(_GLIBCXX_FORWARD(_Arg, __arg)); }
call    0 never executed
call    1 never executed
------------------
_ZNKSt8_Rb_treeIN5Catch8TestCaseES1_St9_IdentityIS1_ESt4lessIS1_ESaIS1_EE11_Alloc_nodeclIRKS1_EEPSt13_Rb_tree_nodeIS1_EOT_:
function _ZNKSt8_Rb_treeIN5Catch8TestCaseES1_St9_IdentityIS1_ESt4lessIS1_ESaIS1_EE11_Alloc_nodeclIRKS1_EEPSt13_Rb_tree_nodeIS1_EOT_ called 2 returned 100% blocks executed 100%
        2:  528:	  operator()(_GLIBCXX_FWDREF(_Arg) __arg) const
        2:  529:	  { return _M_t._M_create_node(_GLIBCXX_FORWARD(_Arg, __arg)); }
call    0 returned 100%
call    1 returned 100%
------------------
_ZNKSt8_Rb_treeINSt7__cxx1112basic_stringIcSt11char_traitsIcESaIcEEES5_St9_IdentityIS5_ESt4lessIS5_ESaIS5_EE11_Alloc_nodeclIRKS5_EEPSt13_Rb_tree_nodeIS5_EOT_:
function _ZNKSt8_Rb_treeINSt7__cxx1112basic_stringIcSt11char_traitsIcESaIcEEES5_St9_IdentityIS5_ESt4lessIS5_ESaIS5_EE11_Alloc_nodeclIRKS5_EEPSt13_Rb_tree_nodeIS5_EOT_ called 0 returned 0% blocks executed 0%
    #####:  528:	  operator()(_GLIBCXX_FWDREF(_Arg) __arg) const
    #####:  529:	  { return _M_t._M_create_node(_GLIBCXX_FORWARD(_Arg, __arg)); }
call    0 never executed
call    1 never executed
------------------
        -:  530:
        -:  531:      private:
        -:  532:	_Rb_tree& _M_t;
        -:  533:      };
        -:  534:
        -:  535:    public:
        -:  536:      typedef _Key 				key_type;
        -:  537:      typedef _Val 				value_type;
        -:  538:      typedef value_type* 			pointer;
        -:  539:      typedef const value_type* 		const_pointer;
        -:  540:      typedef value_type& 			reference;
        -:  541:      typedef const value_type& 		const_reference;
        -:  542:      typedef size_t 				size_type;
        -:  543:      typedef ptrdiff_t 			difference_type;
        -:  544:      typedef _Alloc 				allocator_type;
        -:  545:
        -:  546:      _Node_allocator&
      36*:  547:      _M_get_Node_allocator() _GLIBCXX_NOEXCEPT
      36*:  548:      { return this->_M_impl; }
------------------
_ZNSt8_Rb_treeIlSt4pairIKllESt10_Select1stIS2_ESt4lessIlESaIS2_EE21_M_get_Node_allocatorEv:
function _ZNSt8_Rb_treeIlSt4pairIKllESt10_Select1stIS2_ESt4lessIlESaIS2_EE21_M_get_Node_allocatorEv called 0 returned 0% blocks executed 0%
    #####:  547:      _M_get_Node_allocator() _GLIBCXX_NOEXCEPT
    #####:  548:      { return this->_M_impl; }
------------------
_ZNSt8_Rb_treeIN5Catch9VerbosityES1_St9_IdentityIS1_ESt4lessIS1_ESaIS1_EE21_M_get_Node_allocatorEv:
function _ZNSt8_Rb_treeIN5Catch9VerbosityES1_St9_IdentityIS1_ESt4lessIS1_ESaIS1_EE21_M_get_Node_allocatorEv called 4 returned 100% blocks executed 100%
        4:  547:      _M_get_Node_allocator() _GLIBCXX_NOEXCEPT
        4:  548:      { return this->_M_impl; }
------------------
_ZNSt8_Rb_treeIN5Catch8TestCaseES1_St9_IdentityIS1_ESt4lessIS1_ESaIS1_EE21_M_get_Node_allocatorEv:
function _ZNSt8_Rb_treeIN5Catch8TestCaseES1_St9_IdentityIS1_ESt4lessIS1_ESaIS1_EE21_M_get_Node_allocatorEv called 8 returned 100% blocks executed 100%
        8:  547:      _M_get_Node_allocator() _GLIBCXX_NOEXCEPT
        8:  548:      { return this->_M_impl; }
------------------
_ZNSt8_Rb_treeINSt7__cxx1112basic_stringIcSt11char_traitsIcESaIcEEESt4pairIKS5_N5Catch8TagAliasEESt10_Select1stISA_ESt4lessIS5_ESaISA_EE21_M_get_Node_allocatorEv:
function _ZNSt8_Rb_treeINSt7__cxx1112basic_stringIcSt11char_traitsIcESaIcEEESt4pairIKS5_N5Catch8TagAliasEESt10_Select1stISA_ESt4lessIS5_ESaISA_EE21_M_get_Node_allocatorEv called 0 returned 0% blocks executed 0%
    #####:  547:      _M_get_Node_allocator() _GLIBCXX_NOEXCEPT
    #####:  548:      { return this->_M_impl; }
------------------
_ZNSt8_Rb_treeIPKN5Catch8TestCaseES3_St9_IdentityIS3_ESt4lessIS3_ESaIS3_EE21_M_get_Node_allocatorEv:
function _ZNSt8_Rb_treeIPKN5Catch8TestCaseES3_St9_IdentityIS3_ESt4lessIS3_ESaIS3_EE21_M_get_Node_allocatorEv called 8 returned 100% blocks executed 100%
        8:  547:      _M_get_Node_allocator() _GLIBCXX_NOEXCEPT
        8:  548:      { return this->_M_impl; }
------------------
_ZNSt8_Rb_treeINSt7__cxx1112basic_stringIcSt11char_traitsIcESaIcEEESt4pairIKS5_St10shared_ptrIN5Catch16IReporterFactoryEEESt10_Select1stISC_ESt4lessIS5_ESaISC_EE21_M_get_Node_allocatorEv:
function _ZNSt8_Rb_treeINSt7__cxx1112basic_stringIcSt11char_traitsIcESaIcEEESt4pairIKS5_St10shared_ptrIN5Catch16IReporterFactoryEEESt10_Select1stISC_ESt4lessIS5_ESaISC_EE21_M_get_Node_allocatorEv called 16 returned 100% blocks executed 100%
       16:  547:      _M_get_Node_allocator() _GLIBCXX_NOEXCEPT
       16:  548:      { return this->_M_impl; }
------------------
_ZNSt8_Rb_treeINSt7__cxx1112basic_stringIcSt11char_traitsIcESaIcEEES5_St9_IdentityIS5_ESt4lessIS5_ESaIS5_EE21_M_get_Node_allocatorEv:
function _ZNSt8_Rb_treeINSt7__cxx1112basic_stringIcSt11char_traitsIcESaIcEEES5_St9_IdentityIS5_ESt4lessIS5_ESaIS5_EE21_M_get_Node_allocatorEv called 0 returned 0% blocks executed 0%
    #####:  547:      _M_get_Node_allocator() _GLIBCXX_NOEXCEPT
    #####:  548:      { return this->_M_impl; }
------------------
_ZNSt8_Rb_treeINSt7__cxx1112basic_stringIcSt11char_traitsIcESaIcEEESt4pairIKS5_N5Catch7TagInfoEESt10_Select1stISA_ESt4lessIS5_ESaISA_EE21_M_get_Node_allocatorEv:
function _ZNSt8_Rb_treeINSt7__cxx1112basic_stringIcSt11char_traitsIcESaIcEEESt4pairIKS5_N5Catch7TagInfoEESt10_Select1stISA_ESt4lessIS5_ESaISA_EE21_M_get_Node_allocatorEv called 0 returned 0% blocks executed 0%
    #####:  547:      _M_get_Node_allocator() _GLIBCXX_NOEXCEPT
    #####:  548:      { return this->_M_impl; }
------------------
        -:  549:
        -:  550:      const _Node_allocator&
        -:  551:      _M_get_Node_allocator() const _GLIBCXX_NOEXCEPT
        -:  552:      { return this->_M_impl; }
        -:  553:
        -:  554:      allocator_type
        -:  555:      get_allocator() const _GLIBCXX_NOEXCEPT
        -:  556:      { return allocator_type(_M_get_Node_allocator()); }
        -:  557:
        -:  558:    protected:
        -:  559:      _Link_type
       9*:  560:      _M_get_node()
       9*:  561:      { return _Alloc_traits::allocate(_M_get_Node_allocator(), 1); }
------------------
_ZNSt8_Rb_treeIlSt4pairIKllESt10_Select1stIS2_ESt4lessIlESaIS2_EE11_M_get_nodeEv:
function _ZNSt8_Rb_treeIlSt4pairIKllESt10_Select1stIS2_ESt4lessIlESaIS2_EE11_M_get_nodeEv called 0 returned 0% blocks executed 0%
    #####:  560:      _M_get_node()
    #####:  561:      { return _Alloc_traits::allocate(_M_get_Node_allocator(), 1); }
call    0 never executed
call    1 never executed
------------------
_ZNSt8_Rb_treeIN5Catch9VerbosityES1_St9_IdentityIS1_ESt4lessIS1_ESaIS1_EE11_M_get_nodeEv:
function _ZNSt8_Rb_treeIN5Catch9VerbosityES1_St9_IdentityIS1_ESt4lessIS1_ESaIS1_EE11_M_get_nodeEv called 1 returned 100% blocks executed 100%
        1:  560:      _M_get_node()
        1:  561:      { return _Alloc_traits::allocate(_M_get_Node_allocator(), 1); }
call    0 returned 100%
call    1 returned 100%
------------------
_ZNSt8_Rb_treeIN5Catch8TestCaseES1_St9_IdentityIS1_ESt4lessIS1_ESaIS1_EE11_M_get_nodeEv:
function _ZNSt8_Rb_treeIN5Catch8TestCaseES1_St9_IdentityIS1_ESt4lessIS1_ESaIS1_EE11_M_get_nodeEv called 2 returned 100% blocks executed 100%
        2:  560:      _M_get_node()
        2:  561:      { return _Alloc_traits::allocate(_M_get_Node_allocator(), 1); }
call    0 returned 100%
call    1 returned 100%
------------------
_ZNSt8_Rb_treeINSt7__cxx1112basic_stringIcSt11char_traitsIcESaIcEEES5_St9_IdentityIS5_ESt4lessIS5_ESaIS5_EE11_M_get_nodeEv:
function _ZNSt8_Rb_treeINSt7__cxx1112basic_stringIcSt11char_traitsIcESaIcEEES5_St9_IdentityIS5_ESt4lessIS5_ESaIS5_EE11_M_get_nodeEv called 0 returned 0% blocks executed 0%
    #####:  560:      _M_get_node()
    #####:  561:      { return _Alloc_traits::allocate(_M_get_Node_allocator(), 1); }
call    0 never executed
call    1 never executed
------------------
_ZNSt8_Rb_treeINSt7__cxx1112basic_stringIcSt11char_traitsIcESaIcEEESt4pairIKS5_N5Catch8TagAliasEESt10_Select1stISA_ESt4lessIS5_ESaISA_EE11_M_get_nodeEv:
function _ZNSt8_Rb_treeINSt7__cxx1112basic_stringIcSt11char_traitsIcESaIcEEESt4pairIKS5_N5Catch8TagAliasEESt10_Select1stISA_ESt4lessIS5_ESaISA_EE11_M_get_nodeEv called 0 returned 0% blocks executed 0%
    #####:  560:      _M_get_node()
    #####:  561:      { return _Alloc_traits::allocate(_M_get_Node_allocator(), 1); }
call    0 never executed
call    1 never executed
------------------
_ZNSt8_Rb_treeIPKN5Catch8TestCaseES3_St9_IdentityIS3_ESt4lessIS3_ESaIS3_EE11_M_get_nodeEv:
function _ZNSt8_Rb_treeIPKN5Catch8TestCaseES3_St9_IdentityIS3_ESt4lessIS3_ESaIS3_EE11_M_get_nodeEv called 2 returned 100% blocks executed 100%
        2:  560:      _M_get_node()
        2:  561:      { return _Alloc_traits::allocate(_M_get_Node_allocator(), 1); }
call    0 returned 100%
call    1 returned 100%
------------------
_ZNSt8_Rb_treeINSt7__cxx1112basic_stringIcSt11char_traitsIcESaIcEEESt4pairIKS5_St10shared_ptrIN5Catch16IReporterFactoryEEESt10_Select1stISC_ESt4lessIS5_ESaISC_EE11_M_get_nodeEv:
function _ZNSt8_Rb_treeINSt7__cxx1112basic_stringIcSt11char_traitsIcESaIcEEESt4pairIKS5_St10shared_ptrIN5Catch16IReporterFactoryEEESt10_Select1stISC_ESt4lessIS5_ESaISC_EE11_M_get_nodeEv called 4 returned 100% blocks executed 100%
        4:  560:      _M_get_node()
        4:  561:      { return _Alloc_traits::allocate(_M_get_Node_allocator(), 1); }
call    0 returned 100%
call    1 returned 100%
------------------
_ZNSt8_Rb_treeINSt7__cxx1112basic_stringIcSt11char_traitsIcESaIcEEESt4pairIKS5_N5Catch7TagInfoEESt10_Select1stISA_ESt4lessIS5_ESaISA_EE11_M_get_nodeEv:
function _ZNSt8_Rb_treeINSt7__cxx1112basic_stringIcSt11char_traitsIcESaIcEEESt4pairIKS5_N5Catch7TagInfoEESt10_Select1stISA_ESt4lessIS5_ESaISA_EE11_M_get_nodeEv called 0 returned 0% blocks executed 0%
    #####:  560:      _M_get_node()
    #####:  561:      { return _Alloc_traits::allocate(_M_get_Node_allocator(), 1); }
call    0 never executed
call    1 never executed
------------------
        -:  562:
        -:  563:      void
       9*:  564:      _M_put_node(_Link_type __p) _GLIBCXX_NOEXCEPT
       9*:  565:      { _Alloc_traits::deallocate(_M_get_Node_allocator(), __p, 1); }
------------------
_ZNSt8_Rb_treeIlSt4pairIKllESt10_Select1stIS2_ESt4lessIlESaIS2_EE11_M_put_nodeEPSt13_Rb_tree_nodeIS2_E:
function _ZNSt8_Rb_treeIlSt4pairIKllESt10_Select1stIS2_ESt4lessIlESaIS2_EE11_M_put_nodeEPSt13_Rb_tree_nodeIS2_E called 0 returned 0% blocks executed 0%
    #####:  564:      _M_put_node(_Link_type __p) _GLIBCXX_NOEXCEPT
    #####:  565:      { _Alloc_traits::deallocate(_M_get_Node_allocator(), __p, 1); }
call    0 never executed
call    1 never executed
------------------
_ZNSt8_Rb_treeIN5Catch9VerbosityES1_St9_IdentityIS1_ESt4lessIS1_ESaIS1_EE11_M_put_nodeEPSt13_Rb_tree_nodeIS1_E:
function _ZNSt8_Rb_treeIN5Catch9VerbosityES1_St9_IdentityIS1_ESt4lessIS1_ESaIS1_EE11_M_put_nodeEPSt13_Rb_tree_nodeIS1_E called 1 returned 100% blocks executed 100%
        1:  564:      _M_put_node(_Link_type __p) _GLIBCXX_NOEXCEPT
        1:  565:      { _Alloc_traits::deallocate(_M_get_Node_allocator(), __p, 1); }
call    0 returned 100%
call    1 returned 100%
------------------
_ZNSt8_Rb_treeIN5Catch8TestCaseES1_St9_IdentityIS1_ESt4lessIS1_ESaIS1_EE11_M_put_nodeEPSt13_Rb_tree_nodeIS1_E:
function _ZNSt8_Rb_treeIN5Catch8TestCaseES1_St9_IdentityIS1_ESt4lessIS1_ESaIS1_EE11_M_put_nodeEPSt13_Rb_tree_nodeIS1_E called 2 returned 100% blocks executed 100%
        2:  564:      _M_put_node(_Link_type __p) _GLIBCXX_NOEXCEPT
        2:  565:      { _Alloc_traits::deallocate(_M_get_Node_allocator(), __p, 1); }
call    0 returned 100%
call    1 returned 100%
------------------
_ZNSt8_Rb_treeINSt7__cxx1112basic_stringIcSt11char_traitsIcESaIcEEESt4pairIKS5_N5Catch8TagAliasEESt10_Select1stISA_ESt4lessIS5_ESaISA_EE11_M_put_nodeEPSt13_Rb_tree_nodeISA_E:
function _ZNSt8_Rb_treeINSt7__cxx1112basic_stringIcSt11char_traitsIcESaIcEEESt4pairIKS5_N5Catch8TagAliasEESt10_Select1stISA_ESt4lessIS5_ESaISA_EE11_M_put_nodeEPSt13_Rb_tree_nodeISA_E called 0 returned 0% blocks executed 0%
    #####:  564:      _M_put_node(_Link_type __p) _GLIBCXX_NOEXCEPT
    #####:  565:      { _Alloc_traits::deallocate(_M_get_Node_allocator(), __p, 1); }
call    0 never executed
call    1 never executed
------------------
_ZNSt8_Rb_treeIPKN5Catch8TestCaseES3_St9_IdentityIS3_ESt4lessIS3_ESaIS3_EE11_M_put_nodeEPSt13_Rb_tree_nodeIS3_E:
function _ZNSt8_Rb_treeIPKN5Catch8TestCaseES3_St9_IdentityIS3_ESt4lessIS3_ESaIS3_EE11_M_put_nodeEPSt13_Rb_tree_nodeIS3_E called 2 returned 100% blocks executed 100%
        2:  564:      _M_put_node(_Link_type __p) _GLIBCXX_NOEXCEPT
        2:  565:      { _Alloc_traits::deallocate(_M_get_Node_allocator(), __p, 1); }
call    0 returned 100%
call    1 returned 100%
------------------
_ZNSt8_Rb_treeINSt7__cxx1112basic_stringIcSt11char_traitsIcESaIcEEESt4pairIKS5_St10shared_ptrIN5Catch16IReporterFactoryEEESt10_Select1stISC_ESt4lessIS5_ESaISC_EE11_M_put_nodeEPSt13_Rb_tree_nodeISC_E:
function _ZNSt8_Rb_treeINSt7__cxx1112basic_stringIcSt11char_traitsIcESaIcEEESt4pairIKS5_St10shared_ptrIN5Catch16IReporterFactoryEEESt10_Select1stISC_ESt4lessIS5_ESaISC_EE11_M_put_nodeEPSt13_Rb_tree_nodeISC_E called 4 returned 100% blocks executed 100%
        4:  564:      _M_put_node(_Link_type __p) _GLIBCXX_NOEXCEPT
        4:  565:      { _Alloc_traits::deallocate(_M_get_Node_allocator(), __p, 1); }
call    0 returned 100%
call    1 returned 100%
------------------
_ZNSt8_Rb_treeINSt7__cxx1112basic_stringIcSt11char_traitsIcESaIcEEES5_St9_IdentityIS5_ESt4lessIS5_ESaIS5_EE11_M_put_nodeEPSt13_Rb_tree_nodeIS5_E:
function _ZNSt8_Rb_treeINSt7__cxx1112basic_stringIcSt11char_traitsIcESaIcEEES5_St9_IdentityIS5_ESt4lessIS5_ESaIS5_EE11_M_put_nodeEPSt13_Rb_tree_nodeIS5_E called 0 returned 0% blocks executed 0%
    #####:  564:      _M_put_node(_Link_type __p) _GLIBCXX_NOEXCEPT
    #####:  565:      { _Alloc_traits::deallocate(_M_get_Node_allocator(), __p, 1); }
call    0 never executed
call    1 never executed
------------------
_ZNSt8_Rb_treeINSt7__cxx1112basic_stringIcSt11char_traitsIcESaIcEEESt4pairIKS5_N5Catch7TagInfoEESt10_Select1stISA_ESt4lessIS5_ESaISA_EE11_M_put_nodeEPSt13_Rb_tree_nodeISA_E:
function _ZNSt8_Rb_treeINSt7__cxx1112basic_stringIcSt11char_traitsIcESaIcEEESt4pairIKS5_N5Catch7TagInfoEESt10_Select1stISA_ESt4lessIS5_ESaISA_EE11_M_put_nodeEPSt13_Rb_tree_nodeISA_E called 0 returned 0% blocks executed 0%
    #####:  564:      _M_put_node(_Link_type __p) _GLIBCXX_NOEXCEPT
    #####:  565:      { _Alloc_traits::deallocate(_M_get_Node_allocator(), __p, 1); }
call    0 never executed
call    1 never executed
------------------
        -:  566:
        -:  567:#if __cplusplus < 201103L
        -:  568:      void
        -:  569:      _M_construct_node(_Link_type __node, const value_type& __x)
        -:  570:      {
        -:  571:	__try
        -:  572:	  { get_allocator().construct(__node->_M_valptr(), __x); }
        -:  573:	__catch(...)
        -:  574:	  {
        -:  575:	    _M_put_node(__node);
        -:  576:	    __throw_exception_again;
        -:  577:	  }
        -:  578:      }
        -:  579:
        -:  580:      _Link_type
        -:  581:      _M_create_node(const value_type& __x)
        -:  582:      {
        -:  583:	_Link_type __tmp = _M_get_node();
        -:  584:	_M_construct_node(__tmp, __x);
        -:  585:	return __tmp;
        -:  586:      }
        -:  587:#else
        -:  588:      template<typename... _Args>
        -:  589:	void
       9*:  590:	_M_construct_node(_Link_type __node, _Args&&... __args)
        -:  591:	{
        -:  592:	  __try
        -:  593:	    {
       9*:  594:	      ::new(__node) _Rb_tree_node<_Val>;
       9*:  595:	      _Alloc_traits::construct(_M_get_Node_allocator(),
        -:  596:				       __node->_M_valptr(),
        -:  597:				       std::forward<_Args>(__args)...);
        -:  598:	    }
    =====:  599:	  __catch(...)
        -:  600:	    {
    =====:  601:	      __node->~_Rb_tree_node<_Val>();
    =====:  602:	      _M_put_node(__node);
    =====:  603:	      __throw_exception_again;
        -:  604:	    }
       9*:  605:	}
------------------
_ZNSt8_Rb_treeIlSt4pairIKllESt10_Select1stIS2_ESt4lessIlESaIS2_EE17_M_construct_nodeIJRKSt21piecewise_construct_tSt5tupleIJRS1_EESD_IJEEEEEvPSt13_Rb_tree_nodeIS2_EDpOT_:
function _ZNSt8_Rb_treeIlSt4pairIKllESt10_Select1stIS2_ESt4lessIlESaIS2_EE17_M_construct_nodeIJRKSt21piecewise_construct_tSt5tupleIJRS1_EESD_IJEEEEEvPSt13_Rb_tree_nodeIS2_EDpOT_ called 0 returned 0% blocks executed 0%
    #####:  590:	_M_construct_node(_Link_type __node, _Args&&... __args)
        -:  591:	{
        -:  592:	  __try
        -:  593:	    {
    #####:  594:	      ::new(__node) _Rb_tree_node<_Val>;
call    0 never executed
    #####:  595:	      _Alloc_traits::construct(_M_get_Node_allocator(),
call    0 never executed
call    1 never executed
call    2 never executed
call    3 never executed
call    4 never executed
call    5 never executed
branch  6 never executed
branch  7 never executed
        -:  596:				       __node->_M_valptr(),
        -:  597:				       std::forward<_Args>(__args)...);
        -:  598:	    }
    =====:  599:	  __catch(...)
call    0 never executed
call    1 never executed
        -:  600:	    {
    =====:  601:	      __node->~_Rb_tree_node<_Val>();
    =====:  602:	      _M_put_node(__node);
call    0 never executed
    =====:  603:	      __throw_exception_again;
call    0 never executed
        -:  604:	    }
    #####:  605:	}
------------------
_ZNSt8_Rb_treeIN5Catch9VerbosityES1_St9_IdentityIS1_ESt4lessIS1_ESaIS1_EE17_M_construct_nodeIJRKS1_EEEvPSt13_Rb_tree_nodeIS1_EDpOT_:
function _ZNSt8_Rb_treeIN5Catch9VerbosityES1_St9_IdentityIS1_ESt4lessIS1_ESaIS1_EE17_M_construct_nodeIJRKS1_EEEvPSt13_Rb_tree_nodeIS1_EDpOT_ called 1 returned 100% blocks executed 100%
        1:  590:	_M_construct_node(_Link_type __node, _Args&&... __args)
        -:  591:	{
        -:  592:	  __try
        -:  593:	    {
        1:  594:	      ::new(__node) _Rb_tree_node<_Val>;
call    0 returned 100%
        1:  595:	      _Alloc_traits::construct(_M_get_Node_allocator(),
call    0 returned 100%
call    1 returned 100%
call    2 returned 100%
call    3 returned 100%
        -:  596:				       __node->_M_valptr(),
        -:  597:				       std::forward<_Args>(__args)...);
        -:  598:	    }
        -:  599:	  __catch(...)
        -:  600:	    {
        -:  601:	      __node->~_Rb_tree_node<_Val>();
        -:  602:	      _M_put_node(__node);
        -:  603:	      __throw_exception_again;
        -:  604:	    }
        1:  605:	}
------------------
[...]
call    0 never executed
call    1 never executed
        -: 2385:
        -: 2386:	__try
        -: 2387:	  {
        -: 2388:	    typedef pair<iterator, bool> _Res;
    #####: 2389:	    auto __res = _M_get_insert_unique_pos(_S_key(__z));
call    0 never executed
branch  1 never executed
branch  2 never executed
call    3 never executed
branch  4 never executed
branch  5 never executed
    #####: 2390:	    if (__res.second)
branch  0 never executed
branch  1 never executed
    #####: 2391:	      return _Res(_M_insert_node(__res.first, __res.second, __z), true);
call    0 never executed
branch  1 never executed
branch  2 never executed
call    3 never executed
        -: 2392:	
    #####: 2393:	    _M_drop_node(__z);
call    0 never executed
    #####: 2394:	    return _Res(iterator(__res.first), false);
call    0 never executed
call    1 never executed
        -: 2395:	  }
    =====: 2396:	__catch(...)
call    0 never executed
call    1 never executed
        -: 2397:	  {
    =====: 2398:	    _M_drop_node(__z);
call    0 never executed
    =====: 2399:	    __throw_exception_again;
call    0 never executed
        -: 2400:	  }
        -: 2401:      }
------------------
_ZNSt8_Rb_treeIPKN5Catch8TestCaseES3_St9_IdentityIS3_ESt4lessIS3_ESaIS3_EE17_M_emplace_uniqueIJS3_EEESt4pairISt17_Rb_tree_iteratorIS3_EbEDpOT_:
function _ZNSt8_Rb_treeIPKN5Catch8TestCaseES3_St9_IdentityIS3_ESt4lessIS3_ESaIS3_EE17_M_emplace_uniqueIJS3_EEESt4pairISt17_Rb_tree_iteratorIS3_EbEDpOT_ called 2 returned 100% blocks executed 50%
        2: 2381:      _Rb_tree<_Key, _Val, _KeyOfValue, _Compare, _Alloc>::
        -: 2382:      _M_emplace_unique(_Args&&... __args)
        -: 2383:      {
        2: 2384:	_Link_type __z = _M_create_node(std::forward<_Args>(__args)...);
call    0 returned 100%
call    1 returned 100%
        -: 2385:
        -: 2386:	__try
        -: 2387:	  {
        -: 2388:	    typedef pair<iterator, bool> _Res;
        2: 2389:	    auto __res = _M_get_insert_unique_pos(_S_key(__z));
call    0 returned 100%
branch  1 taken 100% (fallthrough)
branch  2 taken 0% (throw)
call    3 returned 100%
branch  4 taken 100% (fallthrough)
branch  5 taken 0% (throw)
        2: 2390:	    if (__res.second)
branch  0 taken 100% (fallthrough)
branch  1 taken 0%
        2: 2391:	      return _Res(_M_insert_node(__res.first, __res.second, __z), true);
call    0 returned 100%
branch  1 taken 100% (fallthrough)
branch  2 taken 0% (throw)
call    3 returned 100%
        -: 2392:	
    #####: 2393:	    _M_drop_node(__z);
call    0 never executed
    #####: 2394:	    return _Res(iterator(__res.first), false);
call    0 never executed
call    1 never executed
        -: 2395:	  }
    =====: 2396:	__catch(...)
call    0 never executed
call    1 never executed
        -: 2397:	  {
    =====: 2398:	    _M_drop_node(__z);
call    0 never executed
    =====: 2399:	    __throw_exception_again;
call    0 never executed
        -: 2400:	  }
        -: 2401:      }
------------------
_ZNSt8_Rb_treeINSt7__cxx1112basic_stringIcSt11char_traitsIcESaIcEEESt4pairIKS5_St10shared_ptrIN5Catch16IReporterFactoryEEESt10_Select1stISC_ESt4lessIS5_ESaISC_EE17_M_emplace_uniqueIJRS7_RKSB_EEES6_ISt17_Rb_tree_iteratorISC_EbEDpOT_:
function _ZNSt8_Rb_treeINSt7__cxx1112basic_stringIcSt11char_traitsIcESaIcEEESt4pairIKS5_St10shared_ptrIN5Catch16IReporterFactoryEEESt10_Select1stISC_ESt4lessIS5_ESaISC_EE17_M_emplace_uniqueIJRS7_RKSB_EEES6_ISt17_Rb_tree_iteratorISC_EbEDpOT_ called 4 returned 100% blocks executed 52%
        4: 2381:      _Rb_tree<_Key, _Val, _KeyOfValue, _Compare, _Alloc>::
        -: 2382:      _M_emplace_unique(_Args&&... __args)
        -: 2383:      {
        4: 2384:	_Link_type __z = _M_create_node(std::forward<_Args>(__args)...);
call    0 returned 100%
call    1 returned 100%
call    2 returned 100%
        -: 2385:
        -: 2386:	__try
        -: 2387:	  {
        -: 2388:	    typedef pair<iterator, bool> _Res;
        4: 2389:	    auto __res = _M_get_insert_unique_pos(_S_key(__z));
call    0 returned 100%
branch  1 taken 100% (fallthrough)
branch  2 taken 0% (throw)
call    3 returned 100%
branch  4 taken 100% (fallthrough)
branch  5 taken 0% (throw)
        4: 2390:	    if (__res.second)
branch  0 taken 100% (fallthrough)
branch  1 taken 0%
        4: 2391:	      return _Res(_M_insert_node(__res.first, __res.second, __z), true);
call    0 returned 100%
branch  1 taken 100% (fallthrough)
branch  2 taken 0% (throw)
call    3 returned 100%
        -: 2392:	
    #####: 2393:	    _M_drop_node(__z);
call    0 never executed
    #####: 2394:	    return _Res(iterator(__res.first), false);
call    0 never executed
call    1 never executed
        -: 2395:	  }
    =====: 2396:	__catch(...)
call    0 never executed
call    1 never executed
        -: 2397:	  {
    =====: 2398:	    _M_drop_node(__z);
call    0 never executed
    =====: 2399:	    __throw_exception_again;
call    0 never executed
        -: 2400:	  }
        -: 2401:      }
------------------
_ZNSt8_Rb_treeINSt7__cxx1112basic_stringIcSt11char_traitsIcESaIcEEESt4pairIKS5_N5Catch7TagInfoEESt10_Select1stISA_ESt4lessIS5_ESaISA_EE17_M_emplace_uniqueIJS6_IS5_S9_EEEES6_ISt17_Rb_tree_iteratorISA_EbEDpOT_:
function _ZNSt8_Rb_treeINSt7__cxx1112basic_stringIcSt11char_traitsIcESaIcEEESt4pairIKS5_N5Catch7TagInfoEESt10_Select1stISA_ESt4lessIS5_ESaISA_EE17_M_emplace_uniqueIJS6_IS5_S9_EEEES6_ISt17_Rb_tree_iteratorISA_EbEDpOT_ called 0 returned 0% blocks executed 0%
    #####: 2381:      _Rb_tree<_Key, _Val, _KeyOfValue, _Compare, _Alloc>::
        -: 2382:      _M_emplace_unique(_Args&&... __args)
        -: 2383:      {
    #####: 2384:	_Link_type __z = _M_create_node(std::forward<_Args>(__args)...);
call    0 never executed
call    1 never executed
        -: 2385:
        -: 2386:	__try
        -: 2387:	  {
        -: 2388:	    typedef pair<iterator, bool> _Res;
    #####: 2389:	    auto __res = _M_get_insert_unique_pos(_S_key(__z));
call    0 never executed
branch  1 never executed
branch  2 never executed
call    3 never executed
branch  4 never executed
branch  5 never executed
    #####: 2390:	    if (__res.second)
branch  0 never executed
branch  1 never executed
    #####: 2391:	      return _Res(_M_insert_node(__res.first, __res.second, __z), true);
call    0 never executed
branch  1 never executed
branch  2 never executed
call    3 never executed
        -: 2392:	
    #####: 2393:	    _M_drop_node(__z);
call    0 never executed
    #####: 2394:	    return _Res(iterator(__res.first), false);
call    0 never executed
call    1 never executed
        -: 2395:	  }
    =====: 2396:	__catch(...)
call    0 never executed
call    1 never executed
        -: 2397:	  {
    =====: 2398:	    _M_drop_node(__z);
call    0 never executed
    =====: 2399:	    __throw_exception_again;
call    0 never executed
        -: 2400:	  }
        -: 2401:      }
------------------
        -: 2402:
        -: 2403:  template<typename _Key, typename _Val, typename _KeyOfValue,
        -: 2404:	   typename _Compare, typename _Alloc>
        -: 2405:    template<typename... _Args>
        -: 2406:      typename _Rb_tree<_Key, _Val, _KeyOfValue, _Compare, _Alloc>::iterator
        -: 2407:      _Rb_tree<_Key, _Val, _KeyOfValue, _Compare, _Alloc>::
        -: 2408:      _M_emplace_equal(_Args&&... __args)
        -: 2409:      {
        -: 2410:	_Link_type __z = _M_create_node(std::forward<_Args>(__args)...);
        -: 2411:
        -: 2412:	__try
        -: 2413:	  {
        -: 2414:	    auto __res = _M_get_insert_equal_pos(_S_key(__z));
        -: 2415:	    return _M_insert_node(__res.first, __res.second, __z);
        -: 2416:	  }
        -: 2417:	__catch(...)
        -: 2418:	  {
        -: 2419:	    _M_drop_node(__z);
        -: 2420:	    __throw_exception_again;
        -: 2421:	  }
        -: 2422:      }
        -: 2423:
        -: 2424:  template<typename _Key, typename _Val, typename _KeyOfValue,
        -: 2425:	   typename _Compare, typename _Alloc>
        -: 2426:    template<typename... _Args>
        -: 2427:      typename _Rb_tree<_Key, _Val, _KeyOfValue, _Compare, _Alloc>::iterator
function _ZNSt8_Rb_treeIlSt4pairIKllESt10_Select1stIS2_ESt4lessIlESaIS2_EE22_M_emplace_hint_uniqueIJRKSt21piecewise_construct_tSt5tupleIJRS1_EESD_IJEEEEESt17_Rb_tree_iteratorIS2_ESt23_Rb_tree_const_iteratorIS2_EDpOT_ called 0 returned 0% blocks executed 0%
    #####: 2428:      _Rb_tree<_Key, _Val, _KeyOfValue, _Compare, _Alloc>::
        -: 2429:      _M_emplace_hint_unique(const_iterator __pos, _Args&&... __args)
        -: 2430:      {
    #####: 2431:	_Link_type __z = _M_create_node(std::forward<_Args>(__args)...);
call    0 never executed
call    1 never executed
call    2 never executed
call    3 never executed
        -: 2432:
        -: 2433:	__try
        -: 2434:	  {
    #####: 2435:	    auto __res = _M_get_insert_hint_unique_pos(__pos, _S_key(__z));
call    0 never executed
branch  1 never executed
branch  2 never executed
call    3 never executed
branch  4 never executed
branch  5 never executed
        -: 2436:
    #####: 2437:	    if (__res.second)
branch  0 never executed
branch  1 never executed
    #####: 2438:	      return _M_insert_node(__res.first, __res.second, __z);
call    0 never executed
branch  1 never executed
branch  2 never executed
        -: 2439:
    #####: 2440:	    _M_drop_node(__z);
call    0 never executed
    #####: 2441:	    return iterator(__res.first);
call    0 never executed
        -: 2442:	  }
    =====: 2443:	__catch(...)
call    0 never executed
call    1 never executed
        -: 2444:	  {
    =====: 2445:	    _M_drop_node(__z);
call    0 never executed
    =====: 2446:	    __throw_exception_again;
call    0 never executed
        -: 2447:	  }
        -: 2448:      }
        -: 2449:
        -: 2450:  template<typename _Key, typename _Val, typename _KeyOfValue,
        -: 2451:	   typename _Compare, typename _Alloc>
        -: 2452:    template<typename... _Args>
        -: 2453:      typename _Rb_tree<_Key, _Val, _KeyOfValue, _Compare, _Alloc>::iterator
        -: 2454:      _Rb_tree<_Key, _Val, _KeyOfValue, _Compare, _Alloc>::
        -: 2455:      _M_emplace_hint_equal(const_iterator __pos, _Args&&... __args)
        -: 2456:      {
        -: 2457:	_Link_type __z = _M_create_node(std::forward<_Args>(__args)...);
        -: 2458:
        -: 2459:	__try
        -: 2460:	  {
        -: 2461:	    auto __res = _M_get_insert_hint_equal_pos(__pos, _S_key(__z));
        -: 2462:
        -: 2463:	    if (__res.second)
        -: 2464:	      return _M_insert_node(__res.first, __res.second, __z);
        -: 2465:
        -: 2466:	    return _M_insert_equal_lower_node(__z);
        -: 2467:	  }
        -: 2468:	__catch(...)
        -: 2469:	  {
        -: 2470:	    _M_drop_node(__z);
        -: 2471:	    __throw_exception_again;
        -: 2472:	  }
        -: 2473:      }
        -: 2474:#endif
        -: 2475:
        -: 2476:
        -: 2477:  template<typename _Key, typename _Val, typename _KeyOfValue,
        -: 2478:	   typename _Compare, typename _Alloc>
        -: 2479:    void
        -: 2480:    _Rb_tree<_Key, _Val, _KeyOfValue, _Compare, _Alloc>::
        -: 2481:    _M_erase_aux(const_iterator __position)
        -: 2482:    {
        -: 2483:      _Link_type __y =
        -: 2484:	static_cast<_Link_type>(_Rb_tree_rebalance_for_erase
        -: 2485:				(const_cast<_Base_ptr>(__position._M_node),
        -: 2486:				 this->_M_impl._M_header));
        -: 2487:      _M_drop_node(__y);
        -: 2488:      --_M_impl._M_node_count;
        -: 2489:    }
        -: 2490:
        -: 2491:  template<typename _Key, typename _Val, typename _KeyOfValue,
        -: 2492:	   typename _Compare, typename _Alloc>
        -: 2493:    void
        -: 2494:    _Rb_tree<_Key, _Val, _KeyOfValue, _Compare, _Alloc>::
        -: 2495:    _M_erase_aux(const_iterator __first, const_iterator __last)
        -: 2496:    {
        -: 2497:      if (__first == begin() && __last == end())
        -: 2498:	clear();
        -: 2499:      else
        -: 2500:	while (__first != __last)
        -: 2501:	  _M_erase_aux(__first++);
        -: 2502:    }
        -: 2503:
        -: 2504:  template<typename _Key, typename _Val, typename _KeyOfValue,
        -: 2505:	   typename _Compare, typename _Alloc>
        -: 2506:    typename _Rb_tree<_Key, _Val, _KeyOfValue, _Compare, _Alloc>::size_type
        -: 2507:    _Rb_tree<_Key, _Val, _KeyOfValue, _Compare, _Alloc>::
        -: 2508:    erase(const _Key& __x)
        -: 2509:    {
        -: 2510:      pair<iterator, iterator> __p = equal_range(__x);
        -: 2511:      const size_type __old_size = size();
        -: 2512:      _M_erase_aux(__p.first, __p.second);
        -: 2513:      return __old_size - size();
        -: 2514:    }
        -: 2515:
        -: 2516:  template<typename _Key, typename _Val, typename _KeyOfValue,
        -: 2517:	   typename _Compare, typename _Alloc>
        -: 2518:    typename _Rb_tree<_Key, _Val, _KeyOfValue,
        -: 2519:		      _Compare, _Alloc>::iterator
    #####: 2520:    _Rb_tree<_Key, _Val, _KeyOfValue, _Compare, _Alloc>::
        -: 2521:    find(const _Key& __k)
        -: 2522:    {
    #####: 2523:      iterator __j = _M_lower_bound(_M_begin(), _M_end(), __k);
    #####: 2524:      return (__j == end()
    #####: 2525:	      || _M_impl._M_key_compare(__k,
    #####: 2526:					_S_key(__j._M_node))) ? end() : __j;
        -: 2527:    }
------------------
_ZNSt8_Rb_treeIlSt4pairIKllESt10_Select1stIS2_ESt4lessIlESaIS2_EE4findERS1_:
function _ZNSt8_Rb_treeIlSt4pairIKllESt10_Select1stIS2_ESt4lessIlESaIS2_EE4findERS1_ called 0 returned 0% blocks executed 0%
    #####: 2520:    _Rb_tree<_Key, _Val, _KeyOfValue, _Compare, _Alloc>::
        -: 2521:    find(const _Key& __k)
        -: 2522:    {
    #####: 2523:      iterator __j = _M_lower_bound(_M_begin(), _M_end(), __k);
call    0 never executed
call    1 never executed
call    2 never executed
branch  3 never executed
branch  4 never executed
    #####: 2524:      return (__j == end()
call    0 never executed
call    1 never executed
    #####: 2525:	      || _M_impl._M_key_compare(__k,
call    0 never executed
branch  1 never executed
branch  2 never executed
    #####: 2526:					_S_key(__j._M_node))) ? end() : __j;
branch  0 never executed
branch  1 never executed
call    2 never executed
branch  3 never executed
branch  4 never executed
call    5 never executed
        -: 2527:    }
------------------
_ZNSt8_Rb_treeINSt7__cxx1112basic_stringIcSt11char_traitsIcESaIcEEESt4pairIKS5_N5Catch7TagInfoEESt10_Select1stISA_ESt4lessIS5_ESaISA_EE4findERS7_:
function _ZNSt8_Rb_treeINSt7__cxx1112basic_stringIcSt11char_traitsIcESaIcEEESt4pairIKS5_N5Catch7TagInfoEESt10_Select1stISA_ESt4lessIS5_ESaISA_EE4findERS7_ called 0 returned 0% blocks executed 0%
    #####: 2520:    _Rb_tree<_Key, _Val, _KeyOfValue, _Compare, _Alloc>::
        -: 2521:    find(const _Key& __k)
        -: 2522:    {
    #####: 2523:      iterator __j = _M_lower_bound(_M_begin(), _M_end(), __k);
call    0 never executed
call    1 never executed
call    2 never executed
branch  3 never executed
branch  4 never executed
    #####: 2524:      return (__j == end()
call    0 never executed
call    1 never executed
    #####: 2525:	      || _M_impl._M_key_compare(__k,
call    0 never executed
branch  1 never executed
branch  2 never executed
    #####: 2526:					_S_key(__j._M_node))) ? end() : __j;
branch  0 never executed
branch  1 never executed
call    2 never executed
branch  3 never executed
branch  4 never executed
call    5 never executed
        -: 2527:    }
------------------
        -: 2528:
        -: 2529:  template<typename _Key, typename _Val, typename _KeyOfValue,
        -: 2530:	   typename _Compare, typename _Alloc>
        -: 2531:    typename _Rb_tree<_Key, _Val, _KeyOfValue,
        -: 2532:		      _Compare, _Alloc>::const_iterator
       2*: 2533:    _Rb_tree<_Key, _Val, _KeyOfValue, _Compare, _Alloc>::
        -: 2534:    find(const _Key& __k) const
        -: 2535:    {
       2*: 2536:      const_iterator __j = _M_lower_bound(_M_begin(), _M_end(), __k);
       4*: 2537:      return (__j == end()
       2*: 2538:	      || _M_impl._M_key_compare(__k,
       6*: 2539:					_S_key(__j._M_node))) ? end() : __j;
        -: 2540:    }
        -: 2541:
        -: 2542:  template<typename _Key, typename _Val, typename _KeyOfValue,
        -: 2543:	   typename _Compare, typename _Alloc>
        -: 2544:    typename _Rb_tree<_Key, _Val, _KeyOfValue, _Compare, _Alloc>::size_type
        -: 2545:    _Rb_tree<_Key, _Val, _KeyOfValue, _Compare, _Alloc>::
        -: 2546:    count(const _Key& __k) const
        -: 2547:    {
        -: 2548:      pair<const_iterator, const_iterator> __p = equal_range(__k);
        -: 2549:      const size_type __n = std::distance(__p.first, __p.second);
        -: 2550:      return __n;
        -: 2551:    }
        -: 2552:
        -: 2553:  _GLIBCXX_PURE unsigned int
        -: 2554:  _Rb_tree_black_count(const _Rb_tree_node_base* __node,
        -: 2555:		       const _Rb_tree_node_base* __root) throw ();
        -: 2556:
        -: 2557:  template<typename _Key, typename _Val, typename _KeyOfValue,
        -: 2558:	   typename _Compare, typename _Alloc>
        -: 2559:    bool
        -: 2560:    _Rb_tree<_Key,_Val,_KeyOfValue,_Compare,_Alloc>::__rb_verify() const
        -: 2561:    {
        -: 2562:      if (_M_impl._M_node_count == 0 || begin() == end())
        -: 2563:	return _M_impl._M_node_count == 0 && begin() == end()
        -: 2564:	       && this->_M_impl._M_header._M_left == _M_end()
        -: 2565:	       && this->_M_impl._M_header._M_right == _M_end();
        -: 2566:
        -: 2567:      unsigned int __len = _Rb_tree_black_count(_M_leftmost(), _M_root());
        -: 2568:      for (const_iterator __it = begin(); __it != end(); ++__it)
        -: 2569:	{
        -: 2570:	  _Const_Link_type __x = static_cast<_Const_Link_type>(__it._M_node);
        -: 2571:	  _Const_Link_type __L = _S_left(__x);
        -: 2572:	  _Const_Link_type __R = _S_right(__x);
        -: 2573:
        -: 2574:	  if (__x->_M_color == _S_red)
        -: 2575:	    if ((__L && __L->_M_color == _S_red)
        -: 2576:		|| (__R && __R->_M_color == _S_red))
        -: 2577:	      return false;
        -: 2578:
        -: 2579:	  if (__L && _M_impl._M_key_compare(_S_key(__x), _S_key(__L)))
        -: 2580:	    return false;
        -: 2581:	  if (__R && _M_impl._M_key_compare(_S_key(__R), _S_key(__x)))
        -: 2582:	    return false;
        -: 2583:
        -: 2584:	  if (!__L && !__R && _Rb_tree_black_count(__x, _M_root()) != __len)
        -: 2585:	    return false;
        -: 2586:	}
        -: 2587:
        -: 2588:      if (_M_leftmost() != _Rb_tree_node_base::_S_minimum(_M_root()))
        -: 2589:	return false;
        -: 2590:      if (_M_rightmost() != _Rb_tree_node_base::_S_maximum(_M_root()))
        -: 2591:	return false;
        -: 2592:      return true;
        -: 2593:    }
        -: 2594:
        -: 2595:#if __cplusplus > 201402L
        -: 2596:  // Allow access to internals of compatible _Rb_tree specializations.
        -: 2597:  template<typename _Key, typename _Val, typename _Sel, typename _Cmp1,
        -: 2598:	   typename _Alloc, typename _Cmp2>
        -: 2599:    struct _Rb_tree_merge_helper<_Rb_tree<_Key, _Val, _Sel, _Cmp1, _Alloc>,
        -: 2600:				 _Cmp2>
        -: 2601:    {
        -: 2602:    private:
        -: 2603:      friend class _Rb_tree<_Key, _Val, _Sel, _Cmp1, _Alloc>;
        -: 2604:
        -: 2605:      static auto&
        -: 2606:      _S_get_impl(_Rb_tree<_Key, _Val, _Sel, _Cmp2, _Alloc>& __tree)
        -: 2607:      { return __tree._M_impl; }
        -: 2608:    };
        -: 2609:#endif // C++17
        -: 2610:
        -: 2611:_GLIBCXX_END_NAMESPACE_VERSION
        -: 2612:} // namespace
        -: 2613:
        -: 2614:#endif
