        -:    0:Source:/usr/include/c++/5/bits/stl_algo.h
        -:    0:Graph:./test_index.gcno
        -:    0:Data:./test_index.gcda
        -:    0:Runs:1
        -:    0:Programs:1
        -:    1:// Algorithm implementation -*- C++ -*-
        -:    2:
        -:    3:// Copyright (C) 2001-2015 Free Software Foundation, Inc.
        -:    4://
        -:    5:// This file is part of the GNU ISO C++ Library.  This library is free
        -:    6:// software; you can redistribute it and/or modify it under the
        -:    7:// terms of the GNU General Public License as published by the
        -:    8:// Free Software Foundation; either version 3, or (at your option)
        -:    9:// any later version.
        -:   10:
        -:   11:// This library is distributed in the hope that it will be useful,
        -:   12:// but WITHOUT ANY WARRANTY; without even the implied warranty of
        -:   13:// MERCHANTABILITY or FITNESS FOR A PARTICULAR PURPOSE.  See the
        -:   14:// GNU General Public License for more details.
        -:   15:
        -:   16:// Under Section 7 of GPL version 3, you are granted additional
        -:   17:// permissions described in the GCC Runtime Library Exception, version
        -:   18:// 3.1, as published by the Free Software Foundation.
        -:   19:
        -:   20:// You should have received a copy of the GNU General Public License and
        -:   21:// a copy of the GCC Runtime Library Exception along with this program;
        -:   22:// see the files COPYING3 and COPYING.RUNTIME respectively.  If not, see
        -:   23:// <http://www.gnu.org/licenses/>.
        -:   24:
        -:   25:/*
        -:   26: *
        -:   27: * Copyright (c) 1994
        -:   28: * Hewlett-Packard Company
        -:   29: *
        -:   30: * Permission to use, copy, modify, distribute and sell this software
        -:   31: * and its documentation for any purpose is hereby granted without fee,
        -:   32: * provided that the above copyright notice appear in all copies and
        -:   33: * that both that copyright notice and this permission notice appear
        -:   34: * in supporting documentation.  Hewlett-Packard Company makes no
        -:   35: * representations about the suitability of this software for any
        -:   36: * purpose.  It is provided "as is" without express or implied warranty.
        -:   37: *
        -:   38: *
        -:   39: * Copyright (c) 1996
        -:   40: * Silicon Graphics Computer Systems, Inc.
        -:   41: *
        -:   42: * Permission to use, copy, modify, distribute and sell this software
        -:   43: * and its documentation for any purpose is hereby granted without fee,
        -:   44: * provided that the above copyright notice appear in all copies and
        -:   45: * that both that copyright notice and this permission notice appear
        -:   46: * in supporting documentation.  Silicon Graphics makes no
        -:   47: * representations about the suitability of this software for any
        -:   48: * purpose.  It is provided "as is" without express or implied warranty.
        -:   49: */
        -:   50:
        -:   51:/** @file bits/stl_algo.h
        -:   52: *  This is an internal header file, included by other library headers.
        -:   53: *  Do not attempt to use it directly. @headername{algorithm}
        -:   54: */
        -:   55:
        -:   56:#ifndef _STL_ALGO_H
        -:   57:#define _STL_ALGO_H 1
        -:   58:
        -:   59:#include <cstdlib>             // for rand
        -:   60:#include <bits/algorithmfwd.h>
        -:   61:#include <bits/stl_heap.h>
        -:   62:#include <bits/stl_tempbuf.h>  // for _Temporary_buffer
        -:   63:#include <bits/predefined_ops.h>
        -:   64:
        -:   65:#if __cplusplus >= 201103L
        -:   66:#include <random>  // for std::uniform_int_distribution
        -:   67:#endif
        -:   68:
        -:   69:// See concept_check.h for the __glibcxx_*_requires macros.
        -:   70:
        -:   71:namespace std _GLIBCXX_VISIBILITY(default)
        -:   72:{
        -:   73:_GLIBCXX_BEGIN_NAMESPACE_VERSION
        -:   74:
        -:   75:  /// Swaps the median value of *__a, *__b and *__c under __comp to *__result
        -:   76:  template<typename _Iterator, typename _Compare>
        -:   77:    void
function _ZSt22__move_median_to_firstIN9__gnu_cxx17__normal_iteratorIPcSt6vectorIcSaIcEEEENS0_5__ops15_Iter_less_iterEEvT_S9_S9_S9_T0_ called 0 returned 0% blocks executed 0%
function _ZSt22__move_median_to_firstIN9__gnu_cxx17__normal_iteratorIPN5Catch8TestCaseESt6vectorIS3_SaIS3_EEEENS0_5__ops15_Iter_less_iterEEvT_SB_SB_SB_T0_ called 0 returned 0% blocks executed 0%
function _ZSt22__move_median_to_firstIN9__gnu_cxx17__normal_iteratorIPNSt7__cxx1112basic_stringIcSt11char_traitsIcESaIcEEESt6vectorIS7_SaIS7_EEEENS0_5__ops15_Iter_less_iterEEvT_SF_SF_SF_T0_ called 0 returned 0% blocks executed 0%
    #####:   78:    __move_median_to_first(_Iterator __result,_Iterator __a, _Iterator __b,
        -:   79:			   _Iterator __c, _Compare __comp)
        -:   80:    {
    #####:   81:      if (__comp(__a, __b))
call    0 never executed
branch  1 never executed
branch  2 never executed
call    3 never executed
branch  4 never executed
branch  5 never executed
call    6 never executed
branch  7 never executed
branch  8 never executed
        -:   82:	{
    #####:   83:	  if (__comp(__b, __c))
call    0 never executed
branch  1 never executed
branch  2 never executed
call    3 never executed
branch  4 never executed
branch  5 never executed
call    6 never executed
branch  7 never executed
branch  8 never executed
    #####:   84:	    std::iter_swap(__result, __b);
call    0 never executed
call    1 never executed
call    2 never executed
    #####:   85:	  else if (__comp(__a, __c))
call    0 never executed
branch  1 never executed
branch  2 never executed
call    3 never executed
branch  4 never executed
branch  5 never executed
call    6 never executed
branch  7 never executed
branch  8 never executed
    #####:   86:	    std::iter_swap(__result, __c);
call    0 never executed
call    1 never executed
call    2 never executed
        -:   87:	  else
    #####:   88:	    std::iter_swap(__result, __a);
call    0 never executed
call    1 never executed
call    2 never executed
        -:   89:	}
    #####:   90:      else if (__comp(__a, __c))
call    0 never executed
branch  1 never executed
branch  2 never executed
call    3 never executed
branch  4 never executed
branch  5 never executed
call    6 never executed
branch  7 never executed
branch  8 never executed
    #####:   91:	std::iter_swap(__result, __a);
call    0 never executed
call    1 never executed
call    2 never executed
    #####:   92:      else if (__comp(__b, __c))
call    0 never executed
branch  1 never executed
branch  2 never executed
call    3 never executed
branch  4 never executed
branch  5 never executed
call    6 never executed
branch  7 never executed
branch  8 never executed
    #####:   93:	std::iter_swap(__result, __c);
call    0 never executed
call    1 never executed
call    2 never executed
        -:   94:      else
    #####:   95:	std::iter_swap(__result, __b);
call    0 never executed
call    1 never executed
call    2 never executed
    #####:   96:    }
        -:   97:
        -:   98:  /// This is an overload used by find algos for the Input Iterator case.
        -:   99:  template<typename _InputIterator, typename _Predicate>
        -:  100:    inline _InputIterator
        -:  101:    __find_if(_InputIterator __first, _InputIterator __last,
        -:  102:	      _Predicate __pred, input_iterator_tag)
        -:  103:    {
        -:  104:      while (__first != __last && !__pred(__first))
        -:  105:	++__first;
        -:  106:      return __first;
        -:  107:    }
        -:  108:
        -:  109:  /// This is an overload used by find algos for the RAI case.
        -:  110:  template<typename _RandomAccessIterator, typename _Predicate>
        -:  111:    _RandomAccessIterator
function _ZSt9__find_ifIN9__gnu_cxx17__normal_iteratorIPSt10shared_ptrIN5Catch22CumulativeReporterBaseINS3_13JunitReporterEE11SectionNodeEESt6vectorIS8_SaIS8_EEEENS0_5__ops10_Iter_predINS6_13BySectionInfoEEEET_SI_SI_T0_St26random_access_iterator_tag called 0 returned 0% blocks executed 0%
function _ZSt9__find_ifIN9__gnu_cxx17__normal_iteratorIPKN5Catch8TestSpec6FilterESt6vectorIS4_SaIS4_EEEENS0_5__ops10_Iter_predIZNKS3_7matchesERKNS2_12TestCaseInfoEEUlRS5_E_EEET_SJ_SJ_T0_St26random_access_iterator_tag called 0 returned 0% blocks executed 0%
function _ZSt9__find_ifIN9__gnu_cxx17__normal_iteratorIPKSt10shared_ptrIN5Catch8TestSpec7PatternEESt6vectorIS6_SaIS6_EEEENS0_5__ops12_Iter_negateIZNKS4_6Filter7matchesERKNS3_12TestCaseInfoEEUlRS7_E_EEET_SM_SM_T0_St26random_access_iterator_tag called 0 returned 0% blocks executed 0%
function _ZSt9__find_ifIN9__gnu_cxx17__normal_iteratorIPSt10shared_ptrIN5Catch16TestCaseTracking8ITrackerEESt6vectorIS6_SaIS6_EEEENS0_5__ops12_Iter_negateIZNS4_11TrackerBase5closeEvEUlRKS6_E_EEET_SJ_SJ_T0_St26random_access_iterator_tag called 0 returned 0% blocks executed 0%
function _ZSt9__find_ifIN9__gnu_cxx17__normal_iteratorIPN5Catch11MessageInfoESt6vectorIS3_SaIS3_EEEENS0_5__ops16_Iter_equals_valIKS3_EEET_SD_SD_T0_St26random_access_iterator_tag called 0 returned 0% blocks executed 0%
function _ZSt9__find_ifIN9__gnu_cxx17__normal_iteratorIPKNSt7__cxx1112basic_stringIcSt11char_traitsIcESaIcEEESt6vectorIS7_SaIS7_EEEENS0_5__ops10_Iter_predIZN5Catch12_GLOBAL__N_111fileNameTagERKSC_EUlRS8_E_EEET_SN_SN_T0_St26random_access_iterator_tag called 0 returned 0% blocks executed 0%
function _ZSt9__find_ifIN9__gnu_cxx17__normal_iteratorIPKNSt7__cxx1112basic_stringIcSt11char_traitsIcESaIcEEESt6vectorIS7_SaIS7_EEEENS0_5__ops16_Iter_equals_valIS8_EEET_SH_SH_T0_St26random_access_iterator_tag called 0 returned 0% blocks executed 0%
function _ZSt9__find_ifIN9__gnu_cxx17__normal_iteratorIPSt10shared_ptrIN5Catch16TestCaseTracking8ITrackerEESt6vectorIS6_SaIS6_EEEENS0_5__ops10_Iter_predIZNS4_11TrackerBase9findChildERKNS4_15NameAndLocationEEUlRKS6_E_EEET_SM_SM_T0_St26random_access_iterator_tag called 2 returned 100% blocks executed 19%
        2:  112:    __find_if(_RandomAccessIterator __first, _RandomAccessIterator __last,
        -:  113:	      _Predicate __pred, random_access_iterator_tag)
        -:  114:    {
        -:  115:      typename iterator_traits<_RandomAccessIterator>::difference_type
        2:  116:	__trip_count = (__last - __first) >> 2;
call    0 never executed
call    1 never executed
call    2 never executed
call    3 never executed
call    4 never executed
call    5 never executed
call    6 never executed
call    7 returned 100%
        -:  117:
        2:  118:      for (; __trip_count > 0; --__trip_count)
branch  0 never executed
branch  1 never executed
branch  2 never executed
branch  3 never executed
branch  4 never executed
branch  5 never executed
branch  6 never executed
branch  7 never executed
branch  8 never executed
branch  9 never executed
branch 10 never executed
branch 11 never executed
branch 12 never executed
branch 13 never executed
branch 14 taken 0% (fallthrough)
branch 15 taken 100%
        -:  119:	{
    #####:  120:	  if (__pred(__first))
call    0 never executed
branch  1 never executed
branch  2 never executed
call    3 never executed
branch  4 never executed
branch  5 never executed
call    6 never executed
branch  7 never executed
branch  8 never executed
call    9 never executed
branch 10 never executed
branch 11 never executed
call   12 never executed
branch 13 never executed
branch 14 never executed
call   15 never executed
branch 16 never executed
branch 17 never executed
call   18 never executed
branch 19 never executed
branch 20 never executed
call   21 never executed
branch 22 never executed
branch 23 never executed
    #####:  121:	    return __first;
    #####:  122:	  ++__first;
call    0 never executed
call    1 never executed
call    2 never executed
call    3 never executed
call    4 never executed
call    5 never executed
call    6 never executed
call    7 never executed
        -:  123:
    #####:  124:	  if (__pred(__first))
call    0 never executed
branch  1 never executed
branch  2 never executed
call    3 never executed
branch  4 never executed
branch  5 never executed
call    6 never executed
branch  7 never executed
branch  8 never executed
call    9 never executed
branch 10 never executed
branch 11 never executed
call   12 never executed
branch 13 never executed
branch 14 never executed
call   15 never executed
branch 16 never executed
branch 17 never executed
call   18 never executed
branch 19 never executed
branch 20 never executed
call   21 never executed
branch 22 never executed
branch 23 never executed
    #####:  125:	    return __first;
    #####:  126:	  ++__first;
call    0 never executed
call    1 never executed
call    2 never executed
call    3 never executed
call    4 never executed
call    5 never executed
call    6 never executed
call    7 never executed
        -:  127:
    #####:  128:	  if (__pred(__first))
call    0 never executed
branch  1 never executed
branch  2 never executed
call    3 never executed
branch  4 never executed
branch  5 never executed
call    6 never executed
branch  7 never executed
branch  8 never executed
call    9 never executed
branch 10 never executed
branch 11 never executed
call   12 never executed
branch 13 never executed
branch 14 never executed
call   15 never executed
branch 16 never executed
branch 17 never executed
call   18 never executed
branch 19 never executed
branch 20 never executed
call   21 never executed
branch 22 never executed
branch 23 never executed
    #####:  129:	    return __first;
    #####:  130:	  ++__first;
call    0 never executed
call    1 never executed
call    2 never executed
call    3 never executed
call    4 never executed
call    5 never executed
call    6 never executed
call    7 never executed
        -:  131:
    #####:  132:	  if (__pred(__first))
call    0 never executed
branch  1 never executed
branch  2 never executed
call    3 never executed
branch  4 never executed
branch  5 never executed
call    6 never executed
branch  7 never executed
branch  8 never executed
call    9 never executed
branch 10 never executed
branch 11 never executed
call   12 never executed
branch 13 never executed
branch 14 never executed
call   15 never executed
branch 16 never executed
branch 17 never executed
call   18 never executed
branch 19 never executed
branch 20 never executed
call   21 never executed
branch 22 never executed
branch 23 never executed
    #####:  133:	    return __first;
    #####:  134:	  ++__first;
call    0 never executed
call    1 never executed
call    2 never executed
call    3 never executed
call    4 never executed
call    5 never executed
call    6 never executed
call    7 never executed
        -:  135:	}
        -:  136:
        2:  137:      switch (__last - __first)
call    0 never executed
branch  1 never executed
branch  2 never executed
branch  3 never executed
branch  4 never executed
call    5 never executed
branch  6 never executed
branch  7 never executed
branch  8 never executed
branch  9 never executed
call   10 never executed
branch 11 never executed
branch 12 never executed
branch 13 never executed
branch 14 never executed
call   15 never executed
branch 16 never executed
branch 17 never executed
branch 18 never executed
branch 19 never executed
call   20 never executed
branch 21 never executed
branch 22 never executed
branch 23 never executed
branch 24 never executed
call   25 never executed
branch 26 never executed
branch 27 never executed
branch 28 never executed
branch 29 never executed
call   30 never executed
branch 31 never executed
branch 32 never executed
branch 33 never executed
branch 34 never executed
call   35 returned 100%
branch 36 taken 0%
branch 37 taken 0%
branch 38 taken 0%
branch 39 taken 100%
        -:  138:	{
        -:  139:	case 3:
    #####:  140:	  if (__pred(__first))
call    0 never executed
branch  1 never executed
branch  2 never executed
call    3 never executed
branch  4 never executed
branch  5 never executed
call    6 never executed
branch  7 never executed
branch  8 never executed
call    9 never executed
branch 10 never executed
branch 11 never executed
call   12 never executed
branch 13 never executed
branch 14 never executed
call   15 never executed
branch 16 never executed
branch 17 never executed
call   18 never executed
branch 19 never executed
branch 20 never executed
call   21 never executed
branch 22 never executed
branch 23 never executed
    #####:  141:	    return __first;
    #####:  142:	  ++__first;
call    0 never executed
call    1 never executed
call    2 never executed
call    3 never executed
call    4 never executed
call    5 never executed
call    6 never executed
call    7 never executed
        -:  143:	case 2:
    #####:  144:	  if (__pred(__first))
call    0 never executed
branch  1 never executed
branch  2 never executed
call    3 never executed
branch  4 never executed
branch  5 never executed
call    6 never executed
branch  7 never executed
branch  8 never executed
call    9 never executed
branch 10 never executed
branch 11 never executed
call   12 never executed
branch 13 never executed
branch 14 never executed
call   15 never executed
branch 16 never executed
branch 17 never executed
call   18 never executed
branch 19 never executed
branch 20 never executed
call   21 never executed
branch 22 never executed
branch 23 never executed
    #####:  145:	    return __first;
    #####:  146:	  ++__first;
call    0 never executed
call    1 never executed
call    2 never executed
call    3 never executed
call    4 never executed
call    5 never executed
call    6 never executed
call    7 never executed
        -:  147:	case 1:
    #####:  148:	  if (__pred(__first))
call    0 never executed
branch  1 never executed
branch  2 never executed
call    3 never executed
branch  4 never executed
branch  5 never executed
call    6 never executed
branch  7 never executed
branch  8 never executed
call    9 never executed
branch 10 never executed
branch 11 never executed
call   12 never executed
branch 13 never executed
branch 14 never executed
call   15 never executed
branch 16 never executed
branch 17 never executed
call   18 never executed
branch 19 never executed
branch 20 never executed
call   21 never executed
branch 22 never executed
branch 23 never executed
    #####:  149:	    return __first;
    #####:  150:	  ++__first;
call    0 never executed
call    1 never executed
call    2 never executed
call    3 never executed
call    4 never executed
call    5 never executed
call    6 never executed
call    7 never executed
        -:  151:	case 0:
        -:  152:	default:
        2:  153:	  return __last;
        -:  154:	}
        -:  155:    }
        -:  156:
        -:  157:  template<typename _Iterator, typename _Predicate>
        -:  158:    inline _Iterator
function _ZSt9__find_ifIN9__gnu_cxx17__normal_iteratorIPSt10shared_ptrIN5Catch22CumulativeReporterBaseINS3_13JunitReporterEE11SectionNodeEESt6vectorIS8_SaIS8_EEEENS0_5__ops10_Iter_predINS6_13BySectionInfoEEEET_SI_SI_T0_ called 0 returned 0% blocks executed 0%
function _ZSt9__find_ifIN9__gnu_cxx17__normal_iteratorIPKN5Catch8TestSpec6FilterESt6vectorIS4_SaIS4_EEEENS0_5__ops10_Iter_predIZNKS3_7matchesERKNS2_12TestCaseInfoEEUlRS5_E_EEET_SJ_SJ_T0_ called 0 returned 0% blocks executed 0%
function _ZSt9__find_ifIN9__gnu_cxx17__normal_iteratorIPN5Catch11MessageInfoESt6vectorIS3_SaIS3_EEEENS0_5__ops16_Iter_equals_valIKS3_EEET_SD_SD_T0_ called 0 returned 0% blocks executed 0%
function _ZSt9__find_ifIN9__gnu_cxx17__normal_iteratorIPKNSt7__cxx1112basic_stringIcSt11char_traitsIcESaIcEEESt6vectorIS7_SaIS7_EEEENS0_5__ops10_Iter_predIZN5Catch12_GLOBAL__N_111fileNameTagERKSC_EUlRS8_E_EEET_SN_SN_T0_ called 0 returned 0% blocks executed 0%
function _ZSt9__find_ifIN9__gnu_cxx17__normal_iteratorIPKNSt7__cxx1112basic_stringIcSt11char_traitsIcESaIcEEESt6vectorIS7_SaIS7_EEEENS0_5__ops16_Iter_equals_valIS8_EEET_SH_SH_T0_ called 0 returned 0% blocks executed 0%
function _ZSt9__find_ifIN9__gnu_cxx17__normal_iteratorIPSt10shared_ptrIN5Catch16TestCaseTracking8ITrackerEESt6vectorIS6_SaIS6_EEEENS0_5__ops10_Iter_predIZNS4_11TrackerBase9findChildERKNS4_15NameAndLocationEEUlRKS6_E_EEET_SM_SM_T0_ called 2 returned 100% blocks executed 100%
        2:  159:    __find_if(_Iterator __first, _Iterator __last, _Predicate __pred)
        -:  160:    {
        2:  161:      return __find_if(__first, __last, __pred,
call    0 never executed
        4:  162:		       std::__iterator_category(__first));
call    0 never executed
call    1 never executed
branch  2 never executed
branch  3 never executed
call    4 never executed
call    5 never executed
branch  6 never executed
branch  7 never executed
call    8 never executed
call    9 never executed
call   10 never executed
call   11 never executed
branch 12 never executed
branch 13 never executed
call   14 never executed
call   15 never executed
branch 16 never executed
branch 17 never executed
call   18 returned 100%
call   19 returned 100%
branch 20 taken 100% (fallthrough)
branch 21 taken 0% (throw)
        -:  163:    }
        -:  164:
        -:  165:  /// Provided for stable_partition to use.
        -:  166:  template<typename _InputIterator, typename _Predicate>
        -:  167:    inline _InputIterator
function _ZSt13__find_if_notIN9__gnu_cxx17__normal_iteratorIPKSt10shared_ptrIN5Catch8TestSpec7PatternEESt6vectorIS6_SaIS6_EEEENS0_5__ops10_Iter_predIZNKS4_6Filter7matchesERKNS3_12TestCaseInfoEEUlRS7_E_EEET_SM_SM_T0_ called 0 returned 0% blocks executed 0%
function _ZSt13__find_if_notIN9__gnu_cxx17__normal_iteratorIPSt10shared_ptrIN5Catch16TestCaseTracking8ITrackerEESt6vectorIS6_SaIS6_EEEENS0_5__ops10_Iter_predIZNS4_11TrackerBase5closeEvEUlRKS6_E_EEET_SJ_SJ_T0_ called 0 returned 0% blocks executed 0%
    #####:  168:    __find_if_not(_InputIterator __first, _InputIterator __last,
        -:  169:		  _Predicate __pred)
        -:  170:    {
    #####:  171:      return std::__find_if(__first, __last,
call    0 never executed
branch  1 never executed
branch  2 never executed
call    3 never executed
branch  4 never executed
branch  5 never executed
        -:  172:			    __gnu_cxx::__ops::__negate(__pred),
    #####:  173:			    std::__iterator_category(__first));
call    0 never executed
call    1 never executed
branch  2 never executed
branch  3 never executed
call    4 never executed
call    5 never executed
branch  6 never executed
branch  7 never executed
        -:  174:    }
        -:  175:
        -:  176:  /// Like find_if_not(), but uses and updates a count of the
        -:  177:  /// remaining range length instead of comparing against an end
        -:  178:  /// iterator.
        -:  179:  template<typename _InputIterator, typename _Predicate, typename _Distance>
        -:  180:    _InputIterator
        -:  181:    __find_if_not_n(_InputIterator __first, _Distance& __len, _Predicate __pred)
        -:  182:    {
        -:  183:      for (; __len; --__len, ++__first)
        -:  184:	if (!__pred(__first))
        -:  185:	  break;
        -:  186:      return __first;
        -:  187:    }
        -:  188:
        -:  189:  // set_difference
        -:  190:  // set_intersection
        -:  191:  // set_symmetric_difference
        -:  192:  // set_union
        -:  193:  // for_each
        -:  194:  // find
        -:  195:  // find_if
        -:  196:  // find_first_of
        -:  197:  // adjacent_find
        -:  198:  // count
        -:  199:  // count_if
        -:  200:  // search
        -:  201:
        -:  202:  template<typename _ForwardIterator1, typename _ForwardIterator2,
        -:  203:	   typename _BinaryPredicate>
        -:  204:    _ForwardIterator1
        -:  205:    __search(_ForwardIterator1 __first1, _ForwardIterator1 __last1,
        -:  206:	     _ForwardIterator2 __first2, _ForwardIterator2 __last2,
        -:  207:	     _BinaryPredicate  __predicate)
        -:  208:    {
        -:  209:      // Test for empty ranges
        -:  210:      if (__first1 == __last1 || __first2 == __last2)
        -:  211:	return __first1;
        -:  212:
        -:  213:      // Test for a pattern of length 1.
        -:  214:      _ForwardIterator2 __p1(__first2);
        -:  215:      if (++__p1 == __last2)
        -:  216:	return std::__find_if(__first1, __last1,
        -:  217:		__gnu_cxx::__ops::__iter_comp_iter(__predicate, __first2));
        -:  218:
        -:  219:      // General case.
        -:  220:      _ForwardIterator2 __p;
        -:  221:      _ForwardIterator1 __current = __first1;
        -:  222:
        -:  223:      for (;;)
        -:  224:	{
        -:  225:	  __first1 =
        -:  226:	    std::__find_if(__first1, __last1,
        -:  227:		__gnu_cxx::__ops::__iter_comp_iter(__predicate, __first2));
        -:  228:
        -:  229:	  if (__first1 == __last1)
        -:  230:	    return __last1;
        -:  231:
        -:  232:	  __p = __p1;
        -:  233:	  __current = __first1;
        -:  234:	  if (++__current == __last1)
        -:  235:	    return __last1;
        -:  236:
        -:  237:	  while (__predicate(__current, __p))
        -:  238:	    {
        -:  239:	      if (++__p == __last2)
        -:  240:		return __first1;
        -:  241:	      if (++__current == __last1)
        -:  242:		return __last1;
        -:  243:	    }
        -:  244:	  ++__first1;
        -:  245:	}
        -:  246:      return __first1;
        -:  247:    }
        -:  248:
        -:  249:  // search_n
        -:  250:
        -:  251:  /**
        -:  252:   *  This is an helper function for search_n overloaded for forward iterators.
        -:  253:  */
        -:  254:  template<typename _ForwardIterator, typename _Integer,
        -:  255:	   typename _UnaryPredicate>
        -:  256:    _ForwardIterator
        -:  257:    __search_n_aux(_ForwardIterator __first, _ForwardIterator __last,
        -:  258:		   _Integer __count, _UnaryPredicate __unary_pred,
        -:  259:		   std::forward_iterator_tag)
        -:  260:    {
        -:  261:      __first = std::__find_if(__first, __last, __unary_pred);
        -:  262:      while (__first != __last)
        -:  263:	{
        -:  264:	  typename iterator_traits<_ForwardIterator>::difference_type
        -:  265:	    __n = __count;
        -:  266:	  _ForwardIterator __i = __first;
        -:  267:	  ++__i;
        -:  268:	  while (__i != __last && __n != 1 && __unary_pred(__i))
        -:  269:	    {
        -:  270:	      ++__i;
        -:  271:	      --__n;
        -:  272:	    }
        -:  273:	  if (__n == 1)
        -:  274:	    return __first;
        -:  275:	  if (__i == __last)
        -:  276:	    return __last;
        -:  277:	  __first = std::__find_if(++__i, __last, __unary_pred);
        -:  278:	}
        -:  279:      return __last;
        -:  280:    }
        -:  281:
        -:  282:  /**
        -:  283:   *  This is an helper function for search_n overloaded for random access
        -:  284:   *  iterators.
        -:  285:  */
        -:  286:  template<typename _RandomAccessIter, typename _Integer,
        -:  287:	   typename _UnaryPredicate>
        -:  288:    _RandomAccessIter
        -:  289:    __search_n_aux(_RandomAccessIter __first, _RandomAccessIter __last,
        -:  290:		   _Integer __count, _UnaryPredicate __unary_pred,
        -:  291:		   std::random_access_iterator_tag)
        -:  292:    {
        -:  293:      typedef typename std::iterator_traits<_RandomAccessIter>::difference_type
        -:  294:	_DistanceType;
        -:  295:
        -:  296:      _DistanceType __tailSize = __last - __first;
        -:  297:      _DistanceType __remainder = __count;
        -:  298:
        -:  299:      while (__remainder <= __tailSize) // the main loop...
        -:  300:	{
        -:  301:	  __first += __remainder;
        -:  302:	  __tailSize -= __remainder;
        -:  303:	  // __first here is always pointing to one past the last element of
        -:  304:	  // next possible match.
        -:  305:	  _RandomAccessIter __backTrack = __first; 
        -:  306:	  while (__unary_pred(--__backTrack))
        -:  307:	    {
        -:  308:	      if (--__remainder == 0)
        -:  309:	        return (__first - __count); // Success
        -:  310:	    }
        -:  311:	  __remainder = __count + 1 - (__first - __backTrack);
        -:  312:	}
        -:  313:      return __last; // Failure
        -:  314:    }
        -:  315:
        -:  316:  template<typename _ForwardIterator, typename _Integer,
        -:  317:           typename _UnaryPredicate>
        -:  318:    _ForwardIterator
        -:  319:    __search_n(_ForwardIterator __first, _ForwardIterator __last,
        -:  320:	       _Integer __count,
        -:  321:	       _UnaryPredicate __unary_pred)
        -:  322:    {
        -:  323:      if (__count <= 0)
        -:  324:	return __first;
        -:  325:
        -:  326:      if (__count == 1)
        -:  327:	return std::__find_if(__first, __last, __unary_pred);
        -:  328:
        -:  329:      return std::__search_n_aux(__first, __last, __count, __unary_pred,
        -:  330:				 std::__iterator_category(__first));
        -:  331:    }
        -:  332:
        -:  333:  // find_end for forward iterators.
        -:  334:  template<typename _ForwardIterator1, typename _ForwardIterator2,
        -:  335:	   typename _BinaryPredicate>
        -:  336:    _ForwardIterator1
        -:  337:    __find_end(_ForwardIterator1 __first1, _ForwardIterator1 __last1,
        -:  338:	       _ForwardIterator2 __first2, _ForwardIterator2 __last2,
        -:  339:	       forward_iterator_tag, forward_iterator_tag,
        -:  340:	       _BinaryPredicate __comp)
        -:  341:    {
        -:  342:      if (__first2 == __last2)
        -:  343:	return __last1;
        -:  344:
        -:  345:      _ForwardIterator1 __result = __last1;
        -:  346:      while (1)
        -:  347:	{
        -:  348:	  _ForwardIterator1 __new_result
        -:  349:	    = std::__search(__first1, __last1, __first2, __last2, __comp);
        -:  350:	  if (__new_result == __last1)
        -:  351:	    return __result;
        -:  352:	  else
        -:  353:	    {
        -:  354:	      __result = __new_result;
        -:  355:	      __first1 = __new_result;
        -:  356:	      ++__first1;
        -:  357:	    }
        -:  358:	}
        -:  359:    }
        -:  360:
        -:  361:  // find_end for bidirectional iterators (much faster).
        -:  362:  template<typename _BidirectionalIterator1, typename _BidirectionalIterator2,
        -:  363:	   typename _BinaryPredicate>
        -:  364:    _BidirectionalIterator1
        -:  365:    __find_end(_BidirectionalIterator1 __first1,
        -:  366:	       _BidirectionalIterator1 __last1,
        -:  367:	       _BidirectionalIterator2 __first2,
        -:  368:	       _BidirectionalIterator2 __last2,
        -:  369:	       bidirectional_iterator_tag, bidirectional_iterator_tag,
        -:  370:	       _BinaryPredicate __comp)
        -:  371:    {
        -:  372:      // concept requirements
        -:  373:      __glibcxx_function_requires(_BidirectionalIteratorConcept<
        -:  374:				  _BidirectionalIterator1>)
        -:  375:      __glibcxx_function_requires(_BidirectionalIteratorConcept<
        -:  376:				  _BidirectionalIterator2>)
        -:  377:
        -:  378:      typedef reverse_iterator<_BidirectionalIterator1> _RevIterator1;
        -:  379:      typedef reverse_iterator<_BidirectionalIterator2> _RevIterator2;
        -:  380:
        -:  381:      _RevIterator1 __rlast1(__first1);
        -:  382:      _RevIterator2 __rlast2(__first2);
        -:  383:      _RevIterator1 __rresult = std::__search(_RevIterator1(__last1), __rlast1,
        -:  384:					      _RevIterator2(__last2), __rlast2,
        -:  385:					      __comp);
        -:  386:
        -:  387:      if (__rresult == __rlast1)
        -:  388:	return __last1;
        -:  389:      else
        -:  390:	{
        -:  391:	  _BidirectionalIterator1 __result = __rresult.base();
        -:  392:	  std::advance(__result, -std::distance(__first2, __last2));
        -:  393:	  return __result;
        -:  394:	}
        -:  395:    }
        -:  396:
        -:  397:  /**
        -:  398:   *  @brief  Find last matching subsequence in a sequence.
        -:  399:   *  @ingroup non_mutating_algorithms
        -:  400:   *  @param  __first1  Start of range to search.
        -:  401:   *  @param  __last1   End of range to search.
        -:  402:   *  @param  __first2  Start of sequence to match.
        -:  403:   *  @param  __last2   End of sequence to match.
        -:  404:   *  @return   The last iterator @c i in the range
        -:  405:   *  @p [__first1,__last1-(__last2-__first2)) such that @c *(i+N) ==
        -:  406:   *  @p *(__first2+N) for each @c N in the range @p
        -:  407:   *  [0,__last2-__first2), or @p __last1 if no such iterator exists.
        -:  408:   *
        -:  409:   *  Searches the range @p [__first1,__last1) for a sub-sequence that
        -:  410:   *  compares equal value-by-value with the sequence given by @p
        -:  411:   *  [__first2,__last2) and returns an iterator to the __first
        -:  412:   *  element of the sub-sequence, or @p __last1 if the sub-sequence
        -:  413:   *  is not found.  The sub-sequence will be the last such
        -:  414:   *  subsequence contained in [__first1,__last1).
        -:  415:   *
        -:  416:   *  Because the sub-sequence must lie completely within the range @p
        -:  417:   *  [__first1,__last1) it must start at a position less than @p
        -:  418:   *  __last1-(__last2-__first2) where @p __last2-__first2 is the
        -:  419:   *  length of the sub-sequence.  This means that the returned
        -:  420:   *  iterator @c i will be in the range @p
        -:  421:   *  [__first1,__last1-(__last2-__first2))
        -:  422:  */
        -:  423:  template<typename _ForwardIterator1, typename _ForwardIterator2>
        -:  424:    inline _ForwardIterator1
        -:  425:    find_end(_ForwardIterator1 __first1, _ForwardIterator1 __last1,
        -:  426:	     _ForwardIterator2 __first2, _ForwardIterator2 __last2)
        -:  427:    {
        -:  428:      // concept requirements
        -:  429:      __glibcxx_function_requires(_ForwardIteratorConcept<_ForwardIterator1>)
        -:  430:      __glibcxx_function_requires(_ForwardIteratorConcept<_ForwardIterator2>)
        -:  431:      __glibcxx_function_requires(_EqualOpConcept<
        -:  432:	    typename iterator_traits<_ForwardIterator1>::value_type,
        -:  433:	    typename iterator_traits<_ForwardIterator2>::value_type>)
        -:  434:      __glibcxx_requires_valid_range(__first1, __last1);
        -:  435:      __glibcxx_requires_valid_range(__first2, __last2);
        -:  436:
        -:  437:      return std::__find_end(__first1, __last1, __first2, __last2,
        -:  438:			     std::__iterator_category(__first1),
        -:  439:			     std::__iterator_category(__first2),
        -:  440:			     __gnu_cxx::__ops::__iter_equal_to_iter());
        -:  441:    }
        -:  442:
        -:  443:  /**
        -:  444:   *  @brief  Find last matching subsequence in a sequence using a predicate.
        -:  445:   *  @ingroup non_mutating_algorithms
        -:  446:   *  @param  __first1  Start of range to search.
        -:  447:   *  @param  __last1   End of range to search.
        -:  448:   *  @param  __first2  Start of sequence to match.
        -:  449:   *  @param  __last2   End of sequence to match.
        -:  450:   *  @param  __comp    The predicate to use.
        -:  451:   *  @return The last iterator @c i in the range @p
        -:  452:   *  [__first1,__last1-(__last2-__first2)) such that @c
        -:  453:   *  predicate(*(i+N), @p (__first2+N)) is true for each @c N in the
        -:  454:   *  range @p [0,__last2-__first2), or @p __last1 if no such iterator
        -:  455:   *  exists.
        -:  456:   *
        -:  457:   *  Searches the range @p [__first1,__last1) for a sub-sequence that
        -:  458:   *  compares equal value-by-value with the sequence given by @p
        -:  459:   *  [__first2,__last2) using comp as a predicate and returns an
        -:  460:   *  iterator to the first element of the sub-sequence, or @p __last1
        -:  461:   *  if the sub-sequence is not found.  The sub-sequence will be the
        -:  462:   *  last such subsequence contained in [__first,__last1).
        -:  463:   *
        -:  464:   *  Because the sub-sequence must lie completely within the range @p
        -:  465:   *  [__first1,__last1) it must start at a position less than @p
        -:  466:   *  __last1-(__last2-__first2) where @p __last2-__first2 is the
        -:  467:   *  length of the sub-sequence.  This means that the returned
        -:  468:   *  iterator @c i will be in the range @p
        -:  469:   *  [__first1,__last1-(__last2-__first2))
        -:  470:  */
        -:  471:  template<typename _ForwardIterator1, typename _ForwardIterator2,
        -:  472:	   typename _BinaryPredicate>
        -:  473:    inline _ForwardIterator1
        -:  474:    find_end(_ForwardIterator1 __first1, _ForwardIterator1 __last1,
        -:  475:	     _ForwardIterator2 __first2, _ForwardIterator2 __last2,
        -:  476:	     _BinaryPredicate __comp)
        -:  477:    {
        -:  478:      // concept requirements
        -:  479:      __glibcxx_function_requires(_ForwardIteratorConcept<_ForwardIterator1>)
        -:  480:      __glibcxx_function_requires(_ForwardIteratorConcept<_ForwardIterator2>)
        -:  481:      __glibcxx_function_requires(_BinaryPredicateConcept<_BinaryPredicate,
        -:  482:	    typename iterator_traits<_ForwardIterator1>::value_type,
        -:  483:	    typename iterator_traits<_ForwardIterator2>::value_type>)
        -:  484:      __glibcxx_requires_valid_range(__first1, __last1);
        -:  485:      __glibcxx_requires_valid_range(__first2, __last2);
        -:  486:
        -:  487:      return std::__find_end(__first1, __last1, __first2, __last2,
        -:  488:			     std::__iterator_category(__first1),
        -:  489:			     std::__iterator_category(__first2),
        -:  490:			     __gnu_cxx::__ops::__iter_comp_iter(__comp));
        -:  491:    }
        -:  492:
        -:  493:#if __cplusplus >= 201103L
        -:  494:  /**
        -:  495:   *  @brief  Checks that a predicate is true for all the elements
        -:  496:   *          of a sequence.
        -:  497:   *  @ingroup non_mutating_algorithms
        -:  498:   *  @param  __first   An input iterator.
        -:  499:   *  @param  __last    An input iterator.
        -:  500:   *  @param  __pred    A predicate.
        -:  501:   *  @return  True if the check is true, false otherwise.
        -:  502:   *
        -:  503:   *  Returns true if @p __pred is true for each element in the range
        -:  504:   *  @p [__first,__last), and false otherwise.
        -:  505:  */
        -:  506:  template<typename _InputIterator, typename _Predicate>
        -:  507:    inline bool
function _ZSt6all_ofIN9__gnu_cxx17__normal_iteratorIPKSt10shared_ptrIN5Catch8TestSpec7PatternEESt6vectorIS6_SaIS6_EEEEZNKS4_6Filter7matchesERKNS3_12TestCaseInfoEEUlRS7_E_EbT_SJ_T0_ called 0 returned 0% blocks executed 0%
function _ZSt6all_ofIN9__gnu_cxx17__normal_iteratorIPSt10shared_ptrIN5Catch16TestCaseTracking8ITrackerEESt6vectorIS6_SaIS6_EEEEZNS4_11TrackerBase5closeEvEUlRKS6_E_EbT_SG_T0_ called 0 returned 0% blocks executed 0%
    #####:  508:    all_of(_InputIterator __first, _InputIterator __last, _Predicate __pred)
    #####:  509:    { return __last == std::find_if_not(__first, __last, __pred); }
call    0 never executed
call    1 never executed
call    2 never executed
call    3 never executed
        -:  510:
        -:  511:  /**
        -:  512:   *  @brief  Checks that a predicate is false for all the elements
        -:  513:   *          of a sequence.
        -:  514:   *  @ingroup non_mutating_algorithms
        -:  515:   *  @param  __first   An input iterator.
        -:  516:   *  @param  __last    An input iterator.
        -:  517:   *  @param  __pred    A predicate.
        -:  518:   *  @return  True if the check is true, false otherwise.
        -:  519:   *
        -:  520:   *  Returns true if @p __pred is false for each element in the range
        -:  521:   *  @p [__first,__last), and false otherwise.
        -:  522:  */
        -:  523:  template<typename _InputIterator, typename _Predicate>
        -:  524:    inline bool
function _ZSt7none_ofIN9__gnu_cxx17__normal_iteratorIPKN5Catch8TestSpec6FilterESt6vectorIS4_SaIS4_EEEEZNKS3_7matchesERKNS2_12TestCaseInfoEEUlRS5_E_EbT_SG_T0_ called 0 returned 0% blocks executed 0%
    #####:  525:    none_of(_InputIterator __first, _InputIterator __last, _Predicate __pred)
    #####:  526:    { return __last == _GLIBCXX_STD_A::find_if(__first, __last, __pred); }
call    0 never executed
call    1 never executed
        -:  527:
        -:  528:  /**
        -:  529:   *  @brief  Checks that a predicate is false for at least an element
        -:  530:   *          of a sequence.
        -:  531:   *  @ingroup non_mutating_algorithms
        -:  532:   *  @param  __first   An input iterator.
        -:  533:   *  @param  __last    An input iterator.
        -:  534:   *  @param  __pred    A predicate.
        -:  535:   *  @return  True if the check is true, false otherwise.
        -:  536:   *
        -:  537:   *  Returns true if an element exists in the range @p
        -:  538:   *  [__first,__last) such that @p __pred is true, and false
        -:  539:   *  otherwise.
        -:  540:  */
        -:  541:  template<typename _InputIterator, typename _Predicate>
        -:  542:    inline bool
function _ZSt6any_ofIN9__gnu_cxx17__normal_iteratorIPKN5Catch8TestSpec6FilterESt6vectorIS4_SaIS4_EEEEZNKS3_7matchesERKNS2_12TestCaseInfoEEUlRS5_E_EbT_SG_T0_ called 0 returned 0% blocks executed 0%
    #####:  543:    any_of(_InputIterator __first, _InputIterator __last, _Predicate __pred)
    #####:  544:    { return !std::none_of(__first, __last, __pred); }
call    0 never executed
        -:  545:
        -:  546:  /**
        -:  547:   *  @brief  Find the first element in a sequence for which a
        -:  548:   *          predicate is false.
        -:  549:   *  @ingroup non_mutating_algorithms
        -:  550:   *  @param  __first  An input iterator.
        -:  551:   *  @param  __last   An input iterator.
        -:  552:   *  @param  __pred   A predicate.
        -:  553:   *  @return   The first iterator @c i in the range @p [__first,__last)
        -:  554:   *  such that @p __pred(*i) is false, or @p __last if no such iterator exists.
        -:  555:  */
        -:  556:  template<typename _InputIterator, typename _Predicate>
        -:  557:    inline _InputIterator
function _ZSt11find_if_notIN9__gnu_cxx17__normal_iteratorIPKSt10shared_ptrIN5Catch8TestSpec7PatternEESt6vectorIS6_SaIS6_EEEEZNKS4_6Filter7matchesERKNS3_12TestCaseInfoEEUlRS7_E_ET_SJ_SJ_T0_ called 0 returned 0% blocks executed 0%
function _ZSt11find_if_notIN9__gnu_cxx17__normal_iteratorIPSt10shared_ptrIN5Catch16TestCaseTracking8ITrackerEESt6vectorIS6_SaIS6_EEEEZNS4_11TrackerBase5closeEvEUlRKS6_E_ET_SG_SG_T0_ called 0 returned 0% blocks executed 0%
    #####:  558:    find_if_not(_InputIterator __first, _InputIterator __last,
        -:  559:		_Predicate __pred)
        -:  560:    {
        -:  561:      // concept requirements
        -:  562:      __glibcxx_function_requires(_InputIteratorConcept<_InputIterator>)
        -:  563:      __glibcxx_function_requires(_UnaryPredicateConcept<_Predicate,
        -:  564:	      typename iterator_traits<_InputIterator>::value_type>)
        -:  565:      __glibcxx_requires_valid_range(__first, __last);
    #####:  566:      return std::__find_if_not(__first, __last,
call    0 never executed
call    1 never executed
    #####:  567:				__gnu_cxx::__ops::__pred_iter(__pred));
call    0 never executed
call    1 never executed
        -:  568:    }
        -:  569:
        -:  570:  /**
        -:  571:   *  @brief  Checks whether the sequence is partitioned.
        -:  572:   *  @ingroup mutating_algorithms
        -:  573:   *  @param  __first  An input iterator.
        -:  574:   *  @param  __last   An input iterator.
        -:  575:   *  @param  __pred   A predicate.
        -:  576:   *  @return  True if the range @p [__first,__last) is partioned by @p __pred,
        -:  577:   *  i.e. if all elements that satisfy @p __pred appear before those that
        -:  578:   *  do not.
        -:  579:  */
        -:  580:  template<typename _InputIterator, typename _Predicate>
        -:  581:    inline bool
        -:  582:    is_partitioned(_InputIterator __first, _InputIterator __last,
        -:  583:		   _Predicate __pred)
        -:  584:    {
        -:  585:      __first = std::find_if_not(__first, __last, __pred);
        -:  586:      return std::none_of(__first, __last, __pred);
        -:  587:    }
        -:  588:
        -:  589:  /**
        -:  590:   *  @brief  Find the partition point of a partitioned range.
        -:  591:   *  @ingroup mutating_algorithms
        -:  592:   *  @param  __first   An iterator.
        -:  593:   *  @param  __last    Another iterator.
        -:  594:   *  @param  __pred    A predicate.
        -:  595:   *  @return  An iterator @p mid such that @p all_of(__first, mid, __pred)
        -:  596:   *           and @p none_of(mid, __last, __pred) are both true.
        -:  597:  */
        -:  598:  template<typename _ForwardIterator, typename _Predicate>
        -:  599:    _ForwardIterator
        -:  600:    partition_point(_ForwardIterator __first, _ForwardIterator __last,
        -:  601:		    _Predicate __pred)
        -:  602:    {
        -:  603:      // concept requirements
        -:  604:      __glibcxx_function_requires(_ForwardIteratorConcept<_ForwardIterator>)
        -:  605:      __glibcxx_function_requires(_UnaryPredicateConcept<_Predicate,
        -:  606:	      typename iterator_traits<_ForwardIterator>::value_type>)
        -:  607:
        -:  608:      // A specific debug-mode test will be necessary...
        -:  609:      __glibcxx_requires_valid_range(__first, __last);
        -:  610:
        -:  611:      typedef typename iterator_traits<_ForwardIterator>::difference_type
        -:  612:	_DistanceType;
        -:  613:
        -:  614:      _DistanceType __len = std::distance(__first, __last);
        -:  615:      _DistanceType __half;
        -:  616:      _ForwardIterator __middle;
        -:  617:
        -:  618:      while (__len > 0)
        -:  619:	{
        -:  620:	  __half = __len >> 1;
        -:  621:	  __middle = __first;
        -:  622:	  std::advance(__middle, __half);
        -:  623:	  if (__pred(*__middle))
        -:  624:	    {
        -:  625:	      __first = __middle;
        -:  626:	      ++__first;
        -:  627:	      __len = __len - __half - 1;
        -:  628:	    }
        -:  629:	  else
        -:  630:	    __len = __half;
        -:  631:	}
        -:  632:      return __first;
        -:  633:    }
        -:  634:#endif
        -:  635:
        -:  636:  template<typename _InputIterator, typename _OutputIterator,
        -:  637:	   typename _Predicate>
        -:  638:    _OutputIterator
        -:  639:    __remove_copy_if(_InputIterator __first, _InputIterator __last,
        -:  640:		     _OutputIterator __result, _Predicate __pred)
        -:  641:    {
        -:  642:      for (; __first != __last; ++__first)
        -:  643:	if (!__pred(__first))
        -:  644:	  {
        -:  645:	    *__result = *__first;
        -:  646:	    ++__result;
        -:  647:	  }
        -:  648:      return __result;
        -:  649:    }
        -:  650:
        -:  651:  /**
        -:  652:   *  @brief Copy a sequence, removing elements of a given value.
        -:  653:   *  @ingroup mutating_algorithms
        -:  654:   *  @param  __first   An input iterator.
        -:  655:   *  @param  __last    An input iterator.
        -:  656:   *  @param  __result  An output iterator.
        -:  657:   *  @param  __value   The value to be removed.
        -:  658:   *  @return   An iterator designating the end of the resulting sequence.
        -:  659:   *
        -:  660:   *  Copies each element in the range @p [__first,__last) not equal
        -:  661:   *  to @p __value to the range beginning at @p __result.
        -:  662:   *  remove_copy() is stable, so the relative order of elements that
        -:  663:   *  are copied is unchanged.
        -:  664:  */
        -:  665:  template<typename _InputIterator, typename _OutputIterator, typename _Tp>
        -:  666:    inline _OutputIterator
        -:  667:    remove_copy(_InputIterator __first, _InputIterator __last,
        -:  668:		_OutputIterator __result, const _Tp& __value)
        -:  669:    {
        -:  670:      // concept requirements
        -:  671:      __glibcxx_function_requires(_InputIteratorConcept<_InputIterator>)
        -:  672:      __glibcxx_function_requires(_OutputIteratorConcept<_OutputIterator,
        -:  673:	    typename iterator_traits<_InputIterator>::value_type>)
        -:  674:      __glibcxx_function_requires(_EqualOpConcept<
        -:  675:	    typename iterator_traits<_InputIterator>::value_type, _Tp>)
        -:  676:      __glibcxx_requires_valid_range(__first, __last);
        -:  677:
        -:  678:      return std::__remove_copy_if(__first, __last, __result,
        -:  679:	__gnu_cxx::__ops::__iter_equals_val(__value));
        -:  680:    }
        -:  681:
        -:  682:  /**
        -:  683:   *  @brief Copy a sequence, removing elements for which a predicate is true.
        -:  684:   *  @ingroup mutating_algorithms
        -:  685:   *  @param  __first   An input iterator.
        -:  686:   *  @param  __last    An input iterator.
        -:  687:   *  @param  __result  An output iterator.
        -:  688:   *  @param  __pred    A predicate.
        -:  689:   *  @return   An iterator designating the end of the resulting sequence.
        -:  690:   *
        -:  691:   *  Copies each element in the range @p [__first,__last) for which
        -:  692:   *  @p __pred returns false to the range beginning at @p __result.
        -:  693:   *
        -:  694:   *  remove_copy_if() is stable, so the relative order of elements that are
        -:  695:   *  copied is unchanged.
        -:  696:  */
        -:  697:  template<typename _InputIterator, typename _OutputIterator,
        -:  698:	   typename _Predicate>
        -:  699:    inline _OutputIterator
        -:  700:    remove_copy_if(_InputIterator __first, _InputIterator __last,
        -:  701:		   _OutputIterator __result, _Predicate __pred)
        -:  702:    {
        -:  703:      // concept requirements
        -:  704:      __glibcxx_function_requires(_InputIteratorConcept<_InputIterator>)
        -:  705:      __glibcxx_function_requires(_OutputIteratorConcept<_OutputIterator,
        -:  706:	    typename iterator_traits<_InputIterator>::value_type>)
        -:  707:      __glibcxx_function_requires(_UnaryPredicateConcept<_Predicate,
        -:  708:	    typename iterator_traits<_InputIterator>::value_type>)
        -:  709:      __glibcxx_requires_valid_range(__first, __last);
        -:  710:
        -:  711:      return std::__remove_copy_if(__first, __last, __result,
        -:  712:				   __gnu_cxx::__ops::__pred_iter(__pred));
        -:  713:    }
        -:  714:
        -:  715:#if __cplusplus >= 201103L
        -:  716:  /**
        -:  717:   *  @brief Copy the elements of a sequence for which a predicate is true.
        -:  718:   *  @ingroup mutating_algorithms
        -:  719:   *  @param  __first   An input iterator.
        -:  720:   *  @param  __last    An input iterator.
        -:  721:   *  @param  __result  An output iterator.
        -:  722:   *  @param  __pred    A predicate.
        -:  723:   *  @return   An iterator designating the end of the resulting sequence.
        -:  724:   *
        -:  725:   *  Copies each element in the range @p [__first,__last) for which
        -:  726:   *  @p __pred returns true to the range beginning at @p __result.
        -:  727:   *
        -:  728:   *  copy_if() is stable, so the relative order of elements that are
        -:  729:   *  copied is unchanged.
        -:  730:  */
        -:  731:  template<typename _InputIterator, typename _OutputIterator,
        -:  732:	   typename _Predicate>
        -:  733:    _OutputIterator
        -:  734:    copy_if(_InputIterator __first, _InputIterator __last,
        -:  735:	    _OutputIterator __result, _Predicate __pred)
        -:  736:    {
        -:  737:      // concept requirements
        -:  738:      __glibcxx_function_requires(_InputIteratorConcept<_InputIterator>)
        -:  739:      __glibcxx_function_requires(_OutputIteratorConcept<_OutputIterator,
        -:  740:	    typename iterator_traits<_InputIterator>::value_type>)
        -:  741:      __glibcxx_function_requires(_UnaryPredicateConcept<_Predicate,
        -:  742:	    typename iterator_traits<_InputIterator>::value_type>)
        -:  743:      __glibcxx_requires_valid_range(__first, __last);
        -:  744:
        -:  745:      for (; __first != __last; ++__first)
        -:  746:	if (__pred(*__first))
        -:  747:	  {
        -:  748:	    *__result = *__first;
        -:  749:	    ++__result;
        -:  750:	  }
        -:  751:      return __result;
        -:  752:    }
        -:  753:
        -:  754:  template<typename _InputIterator, typename _Size, typename _OutputIterator>
        -:  755:    _OutputIterator
        -:  756:    __copy_n(_InputIterator __first, _Size __n,
        -:  757:	     _OutputIterator __result, input_iterator_tag)
        -:  758:    {
        -:  759:      if (__n > 0)
        -:  760:	{
        -:  761:	  while (true)
        -:  762:	    {
        -:  763:	      *__result = *__first;
        -:  764:	      ++__result;
        -:  765:	      if (--__n > 0)
        -:  766:		++__first;
        -:  767:	      else
        -:  768:		break;
        -:  769:	    }
        -:  770:	}
        -:  771:      return __result;
        -:  772:    }
        -:  773:
        -:  774:  template<typename _RandomAccessIterator, typename _Size,
        -:  775:	   typename _OutputIterator>
        -:  776:    inline _OutputIterator
        -:  777:    __copy_n(_RandomAccessIterator __first, _Size __n,
        -:  778:	     _OutputIterator __result, random_access_iterator_tag)
        -:  779:    { return std::copy(__first, __first + __n, __result); }
        -:  780:
        -:  781:  /**
        -:  782:   *  @brief Copies the range [first,first+n) into [result,result+n).
        -:  783:   *  @ingroup mutating_algorithms
        -:  784:   *  @param  __first  An input iterator.
        -:  785:   *  @param  __n      The number of elements to copy.
        -:  786:   *  @param  __result An output iterator.
        -:  787:   *  @return  result+n.
        -:  788:   *
        -:  789:   *  This inline function will boil down to a call to @c memmove whenever
        -:  790:   *  possible.  Failing that, if random access iterators are passed, then the
        -:  791:   *  loop count will be known (and therefore a candidate for compiler
        -:  792:   *  optimizations such as unrolling).
        -:  793:  */
        -:  794:  template<typename _InputIterator, typename _Size, typename _OutputIterator>
        -:  795:    inline _OutputIterator
        -:  796:    copy_n(_InputIterator __first, _Size __n, _OutputIterator __result)
        -:  797:    {
        -:  798:      // concept requirements
        -:  799:      __glibcxx_function_requires(_InputIteratorConcept<_InputIterator>)
        -:  800:      __glibcxx_function_requires(_OutputIteratorConcept<_OutputIterator,
        -:  801:	    typename iterator_traits<_InputIterator>::value_type>)
        -:  802:
        -:  803:      return std::__copy_n(__first, __n, __result,
        -:  804:			   std::__iterator_category(__first));
        -:  805:    }
        -:  806:
        -:  807:  /**
        -:  808:   *  @brief Copy the elements of a sequence to separate output sequences
        -:  809:   *         depending on the truth value of a predicate.
        -:  810:   *  @ingroup mutating_algorithms
        -:  811:   *  @param  __first   An input iterator.
        -:  812:   *  @param  __last    An input iterator.
        -:  813:   *  @param  __out_true   An output iterator.
        -:  814:   *  @param  __out_false  An output iterator.
        -:  815:   *  @param  __pred    A predicate.
        -:  816:   *  @return   A pair designating the ends of the resulting sequences.
        -:  817:   *
        -:  818:   *  Copies each element in the range @p [__first,__last) for which
        -:  819:   *  @p __pred returns true to the range beginning at @p out_true
        -:  820:   *  and each element for which @p __pred returns false to @p __out_false.
        -:  821:  */
        -:  822:  template<typename _InputIterator, typename _OutputIterator1,
        -:  823:	   typename _OutputIterator2, typename _Predicate>
        -:  824:    pair<_OutputIterator1, _OutputIterator2>
        -:  825:    partition_copy(_InputIterator __first, _InputIterator __last,
        -:  826:		   _OutputIterator1 __out_true, _OutputIterator2 __out_false,
        -:  827:		   _Predicate __pred)
        -:  828:    {
        -:  829:      // concept requirements
        -:  830:      __glibcxx_function_requires(_InputIteratorConcept<_InputIterator>)
        -:  831:      __glibcxx_function_requires(_OutputIteratorConcept<_OutputIterator1,
        -:  832:	    typename iterator_traits<_InputIterator>::value_type>)
        -:  833:      __glibcxx_function_requires(_OutputIteratorConcept<_OutputIterator2,
        -:  834:	    typename iterator_traits<_InputIterator>::value_type>)
        -:  835:      __glibcxx_function_requires(_UnaryPredicateConcept<_Predicate,
        -:  836:	    typename iterator_traits<_InputIterator>::value_type>)
        -:  837:      __glibcxx_requires_valid_range(__first, __last);
        -:  838:      
        -:  839:      for (; __first != __last; ++__first)
        -:  840:	if (__pred(*__first))
        -:  841:	  {
        -:  842:	    *__out_true = *__first;
        -:  843:	    ++__out_true;
        -:  844:	  }
        -:  845:	else
        -:  846:	  {
        -:  847:	    *__out_false = *__first;
        -:  848:	    ++__out_false;
        -:  849:	  }
        -:  850:
        -:  851:      return pair<_OutputIterator1, _OutputIterator2>(__out_true, __out_false);
        -:  852:    }
        -:  853:#endif
        -:  854:
        -:  855:  template<typename _ForwardIterator, typename _Predicate>
        -:  856:    _ForwardIterator
function _ZSt11__remove_ifIN9__gnu_cxx17__normal_iteratorIPN5Catch11MessageInfoESt6vectorIS3_SaIS3_EEEENS0_5__ops16_Iter_equals_valIKS3_EEET_SD_SD_T0_ called 0 returned 0% blocks executed 0%
    #####:  857:    __remove_if(_ForwardIterator __first, _ForwardIterator __last,
        -:  858:		_Predicate __pred)
        -:  859:    {
    #####:  860:      __first = std::__find_if(__first, __last, __pred);
call    0 never executed
branch  1 never executed
branch  2 never executed
    #####:  861:      if (__first == __last)
call    0 never executed
branch  1 never executed
branch  2 never executed
    #####:  862:        return __first;
    #####:  863:      _ForwardIterator __result = __first;
    #####:  864:      ++__first;
call    0 never executed
    #####:  865:      for (; __first != __last; ++__first)
call    0 never executed
branch  1 never executed
branch  2 never executed
call    3 never executed
    #####:  866:        if (!__pred(__first))
call    0 never executed
branch  1 never executed
branch  2 never executed
        -:  867:          {
    #####:  868:            *__result = _GLIBCXX_MOVE(*__first);
call    0 never executed
call    1 never executed
call    2 never executed
call    3 never executed
branch  4 never executed
branch  5 never executed
    #####:  869:            ++__result;
call    0 never executed
        -:  870:          }
    #####:  871:      return __result;
        -:  872:    }
        -:  873:
        -:  874:  /**
        -:  875:   *  @brief Remove elements from a sequence.
        -:  876:   *  @ingroup mutating_algorithms
        -:  877:   *  @param  __first  An input iterator.
        -:  878:   *  @param  __last   An input iterator.
        -:  879:   *  @param  __value  The value to be removed.
        -:  880:   *  @return   An iterator designating the end of the resulting sequence.
        -:  881:   *
        -:  882:   *  All elements equal to @p __value are removed from the range
        -:  883:   *  @p [__first,__last).
        -:  884:   *
        -:  885:   *  remove() is stable, so the relative order of elements that are
        -:  886:   *  not removed is unchanged.
        -:  887:   *
        -:  888:   *  Elements between the end of the resulting sequence and @p __last
        -:  889:   *  are still present, but their value is unspecified.
        -:  890:  */
        -:  891:  template<typename _ForwardIterator, typename _Tp>
        -:  892:    inline _ForwardIterator
function _ZSt6removeIN9__gnu_cxx17__normal_iteratorIPN5Catch11MessageInfoESt6vectorIS3_SaIS3_EEEES3_ET_S9_S9_RKT0_ called 0 returned 0% blocks executed 0%
    #####:  893:    remove(_ForwardIterator __first, _ForwardIterator __last,
        -:  894:	   const _Tp& __value)
        -:  895:    {
        -:  896:      // concept requirements
        -:  897:      __glibcxx_function_requires(_Mutable_ForwardIteratorConcept<
        -:  898:				  _ForwardIterator>)
        -:  899:      __glibcxx_function_requires(_EqualOpConcept<
        -:  900:	    typename iterator_traits<_ForwardIterator>::value_type, _Tp>)
        -:  901:      __glibcxx_requires_valid_range(__first, __last);
        -:  902:
    #####:  903:      return std::__remove_if(__first, __last,
call    0 never executed
    #####:  904:		__gnu_cxx::__ops::__iter_equals_val(__value));
call    0 never executed
        -:  905:    }
        -:  906:
        -:  907:  /**
        -:  908:   *  @brief Remove elements from a sequence using a predicate.
        -:  909:   *  @ingroup mutating_algorithms
        -:  910:   *  @param  __first  A forward iterator.
        -:  911:   *  @param  __last   A forward iterator.
        -:  912:   *  @param  __pred   A predicate.
        -:  913:   *  @return   An iterator designating the end of the resulting sequence.
        -:  914:   *
        -:  915:   *  All elements for which @p __pred returns true are removed from the range
        -:  916:   *  @p [__first,__last).
        -:  917:   *
        -:  918:   *  remove_if() is stable, so the relative order of elements that are
        -:  919:   *  not removed is unchanged.
        -:  920:   *
        -:  921:   *  Elements between the end of the resulting sequence and @p __last
        -:  922:   *  are still present, but their value is unspecified.
        -:  923:  */
        -:  924:  template<typename _ForwardIterator, typename _Predicate>
        -:  925:    inline _ForwardIterator
        -:  926:    remove_if(_ForwardIterator __first, _ForwardIterator __last,
        -:  927:	      _Predicate __pred)
        -:  928:    {
        -:  929:      // concept requirements
        -:  930:      __glibcxx_function_requires(_Mutable_ForwardIteratorConcept<
        -:  931:				  _ForwardIterator>)
        -:  932:      __glibcxx_function_requires(_UnaryPredicateConcept<_Predicate,
        -:  933:	    typename iterator_traits<_ForwardIterator>::value_type>)
        -:  934:      __glibcxx_requires_valid_range(__first, __last);
        -:  935:
        -:  936:      return std::__remove_if(__first, __last,
        -:  937:			      __gnu_cxx::__ops::__pred_iter(__pred));
        -:  938:    }
        -:  939:
        -:  940:  template<typename _ForwardIterator, typename _BinaryPredicate>
        -:  941:    _ForwardIterator
function _ZSt15__adjacent_findIN9__gnu_cxx17__normal_iteratorIPcSt6vectorIcSaIcEEEENS0_5__ops19_Iter_equal_to_iterEET_S9_S9_T0_ called 0 returned 0% blocks executed 0%
function _ZSt15__adjacent_findIN9__gnu_cxx17__normal_iteratorIPNSt7__cxx1112basic_stringIcSt11char_traitsIcESaIcEEESt6vectorIS7_SaIS7_EEEENS0_5__ops19_Iter_equal_to_iterEET_SF_SF_T0_ called 2 returned 100% blocks executed 64%
        2:  942:    __adjacent_find(_ForwardIterator __first, _ForwardIterator __last,
        -:  943:		    _BinaryPredicate __binary_pred)
        -:  944:    {
        2:  945:      if (__first == __last)
call    0 never executed
branch  1 never executed
branch  2 never executed
call    3 returned 100%
branch  4 taken 0% (fallthrough)
branch  5 taken 100%
    #####:  946:	return __last;
        2:  947:      _ForwardIterator __next = __first;
        2:  948:      while (++__next != __last)
call    0 never executed
call    1 never executed
branch  2 never executed
branch  3 never executed
call    4 returned 100%
call    5 returned 100%
branch  6 taken 0% (fallthrough)
branch  7 taken 100%
        -:  949:	{
    #####:  950:	  if (__binary_pred(__first, __next))
call    0 never executed
branch  1 never executed
branch  2 never executed
call    3 never executed
branch  4 never executed
branch  5 never executed
    #####:  951:	    return __first;
    #####:  952:	  __first = __next;
        -:  953:	}
        2:  954:      return __last;
        -:  955:    }
        -:  956:
        -:  957:  template<typename _ForwardIterator, typename _BinaryPredicate>
        -:  958:    _ForwardIterator
function _ZSt8__uniqueIN9__gnu_cxx17__normal_iteratorIPcSt6vectorIcSaIcEEEENS0_5__ops19_Iter_equal_to_iterEET_S9_S9_T0_ called 0 returned 0% blocks executed 0%
function _ZSt8__uniqueIN9__gnu_cxx17__normal_iteratorIPNSt7__cxx1112basic_stringIcSt11char_traitsIcESaIcEEESt6vectorIS7_SaIS7_EEEENS0_5__ops19_Iter_equal_to_iterEET_SF_SF_T0_ called 2 returned 100% blocks executed 32%
        2:  959:    __unique(_ForwardIterator __first, _ForwardIterator __last,
        -:  960:	     _BinaryPredicate __binary_pred)
        -:  961:    {
        -:  962:      // Skip the beginning, if already unique.
        2:  963:      __first = std::__adjacent_find(__first, __last, __binary_pred);
call    0 never executed
branch  1 never executed
branch  2 never executed
call    3 returned 100%
branch  4 taken 100% (fallthrough)
branch  5 taken 0% (throw)
        2:  964:      if (__first == __last)
call    0 never executed
branch  1 never executed
branch  2 never executed
call    3 returned 100%
branch  4 taken 100% (fallthrough)
branch  5 taken 0%
        2:  965:	return __last;
        -:  966:
        -:  967:      // Do the real copy work.
    #####:  968:      _ForwardIterator __dest = __first;
    #####:  969:      ++__first;
call    0 never executed
call    1 never executed
    #####:  970:      while (++__first != __last)
call    0 never executed
call    1 never executed
branch  2 never executed
branch  3 never executed
call    4 never executed
call    5 never executed
branch  6 never executed
branch  7 never executed
    #####:  971:	if (!__binary_pred(__dest, __first))
call    0 never executed
branch  1 never executed
branch  2 never executed
call    3 never executed
branch  4 never executed
branch  5 never executed
    #####:  972:	  *++__dest = _GLIBCXX_MOVE(*__first);
call    0 never executed
call    1 never executed
call    2 never executed
call    3 never executed
call    4 never executed
call    5 never executed
call    6 never executed
call    7 never executed
call    8 never executed
branch  9 never executed
branch 10 never executed
    #####:  973:      return ++__dest;
call    0 never executed
call    1 never executed
        -:  974:    }
        -:  975:
        -:  976:  /**
        -:  977:   *  @brief Remove consecutive duplicate values from a sequence.
        -:  978:   *  @ingroup mutating_algorithms
        -:  979:   *  @param  __first  A forward iterator.
        -:  980:   *  @param  __last   A forward iterator.
        -:  981:   *  @return  An iterator designating the end of the resulting sequence.
        -:  982:   *
        -:  983:   *  Removes all but the first element from each group of consecutive
        -:  984:   *  values that compare equal.
        -:  985:   *  unique() is stable, so the relative order of elements that are
        -:  986:   *  not removed is unchanged.
        -:  987:   *  Elements between the end of the resulting sequence and @p __last
        -:  988:   *  are still present, but their value is unspecified.
        -:  989:  */
        -:  990:  template<typename _ForwardIterator>
        -:  991:    inline _ForwardIterator
function _ZSt6uniqueIN9__gnu_cxx17__normal_iteratorIPcSt6vectorIcSaIcEEEEET_S7_S7_ called 0 returned 0% blocks executed 0%
function _ZSt6uniqueIN9__gnu_cxx17__normal_iteratorIPNSt7__cxx1112basic_stringIcSt11char_traitsIcESaIcEEESt6vectorIS7_SaIS7_EEEEET_SD_SD_ called 2 returned 100% blocks executed 100%
        2:  992:    unique(_ForwardIterator __first, _ForwardIterator __last)
        -:  993:    {
        -:  994:      // concept requirements
        -:  995:      __glibcxx_function_requires(_Mutable_ForwardIteratorConcept<
        -:  996:				  _ForwardIterator>)
        -:  997:      __glibcxx_function_requires(_EqualityComparableConcept<
        -:  998:		     typename iterator_traits<_ForwardIterator>::value_type>)
        -:  999:      __glibcxx_requires_valid_range(__first, __last);
        -: 1000:
        2: 1001:      return std::__unique(__first, __last,
        4: 1002:			   __gnu_cxx::__ops::__iter_equal_to_iter());
call    0 never executed
call    1 never executed
branch  2 never executed
branch  3 never executed
call    4 returned 100%
call    5 returned 100%
branch  6 taken 100% (fallthrough)
branch  7 taken 0% (throw)
        -: 1003:    }
        -: 1004:
        -: 1005:  /**
        -: 1006:   *  @brief Remove consecutive values from a sequence using a predicate.
        -: 1007:   *  @ingroup mutating_algorithms
        -: 1008:   *  @param  __first        A forward iterator.
        -: 1009:   *  @param  __last         A forward iterator.
        -: 1010:   *  @param  __binary_pred  A binary predicate.
        -: 1011:   *  @return  An iterator designating the end of the resulting sequence.
        -: 1012:   *
        -: 1013:   *  Removes all but the first element from each group of consecutive
        -: 1014:   *  values for which @p __binary_pred returns true.
        -: 1015:   *  unique() is stable, so the relative order of elements that are
        -: 1016:   *  not removed is unchanged.
        -: 1017:   *  Elements between the end of the resulting sequence and @p __last
        -: 1018:   *  are still present, but their value is unspecified.
        -: 1019:  */
        -: 1020:  template<typename _ForwardIterator, typename _BinaryPredicate>
        -: 1021:    inline _ForwardIterator
        -: 1022:    unique(_ForwardIterator __first, _ForwardIterator __last,
        -: 1023:           _BinaryPredicate __binary_pred)
        -: 1024:    {
        -: 1025:      // concept requirements
        -: 1026:      __glibcxx_function_requires(_Mutable_ForwardIteratorConcept<
        -: 1027:				  _ForwardIterator>)
        -: 1028:      __glibcxx_function_requires(_BinaryPredicateConcept<_BinaryPredicate,
        -: 1029:		typename iterator_traits<_ForwardIterator>::value_type,
        -: 1030:		typename iterator_traits<_ForwardIterator>::value_type>)
        -: 1031:      __glibcxx_requires_valid_range(__first, __last);
        -: 1032:
        -: 1033:      return std::__unique(__first, __last,
        -: 1034:			   __gnu_cxx::__ops::__iter_comp_iter(__binary_pred));
        -: 1035:    }
        -: 1036:
        -: 1037:  /**
        -: 1038:   *  This is an uglified
        -: 1039:   *  unique_copy(_InputIterator, _InputIterator, _OutputIterator,
        -: 1040:   *              _BinaryPredicate)
        -: 1041:   *  overloaded for forward iterators and output iterator as result.
        -: 1042:  */
        -: 1043:  template<typename _ForwardIterator, typename _OutputIterator,
        -: 1044:	   typename _BinaryPredicate>
        -: 1045:    _OutputIterator
        -: 1046:    __unique_copy(_ForwardIterator __first, _ForwardIterator __last,
        -: 1047:		  _OutputIterator __result, _BinaryPredicate __binary_pred,
        -: 1048:		  forward_iterator_tag, output_iterator_tag)
        -: 1049:    {
        -: 1050:      // concept requirements -- iterators already checked
        -: 1051:      __glibcxx_function_requires(_BinaryPredicateConcept<_BinaryPredicate,
        -: 1052:	  typename iterator_traits<_ForwardIterator>::value_type,
        -: 1053:	  typename iterator_traits<_ForwardIterator>::value_type>)
        -: 1054:
        -: 1055:      _ForwardIterator __next = __first;
        -: 1056:      *__result = *__first;
        -: 1057:      while (++__next != __last)
        -: 1058:	if (!__binary_pred(__first, __next))
        -: 1059:	  {
        -: 1060:	    __first = __next;
        -: 1061:	    *++__result = *__first;
        -: 1062:	  }
        -: 1063:      return ++__result;
        -: 1064:    }
        -: 1065:
        -: 1066:  /**
        -: 1067:   *  This is an uglified
        -: 1068:   *  unique_copy(_InputIterator, _InputIterator, _OutputIterator,
        -: 1069:   *              _BinaryPredicate)
        -: 1070:   *  overloaded for input iterators and output iterator as result.
        -: 1071:  */
        -: 1072:  template<typename _InputIterator, typename _OutputIterator,
        -: 1073:	   typename _BinaryPredicate>
        -: 1074:    _OutputIterator
        -: 1075:    __unique_copy(_InputIterator __first, _InputIterator __last,
        -: 1076:		  _OutputIterator __result, _BinaryPredicate __binary_pred,
        -: 1077:		  input_iterator_tag, output_iterator_tag)
        -: 1078:    {
        -: 1079:      // concept requirements -- iterators already checked
        -: 1080:      __glibcxx_function_requires(_BinaryPredicateConcept<_BinaryPredicate,
        -: 1081:	  typename iterator_traits<_InputIterator>::value_type,
        -: 1082:	  typename iterator_traits<_InputIterator>::value_type>)
        -: 1083:
        -: 1084:      typename iterator_traits<_InputIterator>::value_type __value = *__first;
        -: 1085:      __decltype(__gnu_cxx::__ops::__iter_comp_val(__binary_pred))
        -: 1086:	__rebound_pred
        -: 1087:	= __gnu_cxx::__ops::__iter_comp_val(__binary_pred);
        -: 1088:      *__result = __value;
        -: 1089:      while (++__first != __last)
        -: 1090:	if (!__rebound_pred(__first, __value))
        -: 1091:	  {
        -: 1092:	    __value = *__first;
        -: 1093:	    *++__result = __value;
        -: 1094:	  }
        -: 1095:      return ++__result;
        -: 1096:    }
        -: 1097:
        -: 1098:  /**
        -: 1099:   *  This is an uglified
        -: 1100:   *  unique_copy(_InputIterator, _InputIterator, _OutputIterator,
        -: 1101:   *              _BinaryPredicate)
        -: 1102:   *  overloaded for input iterators and forward iterator as result.
        -: 1103:  */
        -: 1104:  template<typename _InputIterator, typename _ForwardIterator,
        -: 1105:	   typename _BinaryPredicate>
        -: 1106:    _ForwardIterator
        -: 1107:    __unique_copy(_InputIterator __first, _InputIterator __last,
        -: 1108:		  _ForwardIterator __result, _BinaryPredicate __binary_pred,
        -: 1109:		  input_iterator_tag, forward_iterator_tag)
        -: 1110:    {
        -: 1111:      // concept requirements -- iterators already checked
        -: 1112:      __glibcxx_function_requires(_BinaryPredicateConcept<_BinaryPredicate,
        -: 1113:	  typename iterator_traits<_ForwardIterator>::value_type,
        -: 1114:	  typename iterator_traits<_InputIterator>::value_type>)
        -: 1115:      *__result = *__first;
        -: 1116:      while (++__first != __last)
        -: 1117:	if (!__binary_pred(__result, __first))
        -: 1118:	  *++__result = *__first;
        -: 1119:      return ++__result;
        -: 1120:    }
        -: 1121:
        -: 1122:  /**
        -: 1123:   *  This is an uglified reverse(_BidirectionalIterator,
        -: 1124:   *                              _BidirectionalIterator)
        -: 1125:   *  overloaded for bidirectional iterators.
        -: 1126:  */
        -: 1127:  template<typename _BidirectionalIterator>
        -: 1128:    void
        -: 1129:    __reverse(_BidirectionalIterator __first, _BidirectionalIterator __last,
        -: 1130:	      bidirectional_iterator_tag)
        -: 1131:    {
        -: 1132:      while (true)
        -: 1133:	if (__first == __last || __first == --__last)
        -: 1134:	  return;
        -: 1135:	else
        -: 1136:	  {
        -: 1137:	    std::iter_swap(__first, __last);
        -: 1138:	    ++__first;
        -: 1139:	  }
        -: 1140:    }
        -: 1141:
        -: 1142:  /**
        -: 1143:   *  This is an uglified reverse(_BidirectionalIterator,
        -: 1144:   *                              _BidirectionalIterator)
        -: 1145:   *  overloaded for random access iterators.
        -: 1146:  */
        -: 1147:  template<typename _RandomAccessIterator>
        -: 1148:    void
        -: 1149:    __reverse(_RandomAccessIterator __first, _RandomAccessIterator __last,
        -: 1150:	      random_access_iterator_tag)
        -: 1151:    {
        -: 1152:      if (__first == __last)
        -: 1153:	return;
        -: 1154:      --__last;
        -: 1155:      while (__first < __last)
        -: 1156:	{
        -: 1157:	  std::iter_swap(__first, __last);
        -: 1158:	  ++__first;
        -: 1159:	  --__last;
        -: 1160:	}
        -: 1161:    }
        -: 1162:
        -: 1163:  /**
        -: 1164:   *  @brief Reverse a sequence.
        -: 1165:   *  @ingroup mutating_algorithms
        -: 1166:   *  @param  __first  A bidirectional iterator.
        -: 1167:   *  @param  __last   A bidirectional iterator.
        -: 1168:   *  @return   reverse() returns no value.
        -: 1169:   *
        -: 1170:   *  Reverses the order of the elements in the range @p [__first,__last),
        -: 1171:   *  so that the first element becomes the last etc.
        -: 1172:   *  For every @c i such that @p 0<=i<=(__last-__first)/2), @p reverse()
        -: 1173:   *  swaps @p *(__first+i) and @p *(__last-(i+1))
        -: 1174:  */
        -: 1175:  template<typename _BidirectionalIterator>
        -: 1176:    inline void
        -: 1177:    reverse(_BidirectionalIterator __first, _BidirectionalIterator __last)
        -: 1178:    {
        -: 1179:      // concept requirements
        -: 1180:      __glibcxx_function_requires(_Mutable_BidirectionalIteratorConcept<
        -: 1181:				  _BidirectionalIterator>)
        -: 1182:      __glibcxx_requires_valid_range(__first, __last);
        -: 1183:      std::__reverse(__first, __last, std::__iterator_category(__first));
        -: 1184:    }
[...]
        -: 5202:   *  @param  __last1   End of first range.
        -: 5203:   *  @param  __first2  Start of second range.
        -: 5204:   *  @param  __last2   End of second range.
        -: 5205:   *  @return  End of the output range.
        -: 5206:   *  @ingroup set_algorithms
        -: 5207:   *
        -: 5208:   *  This operation iterates over both ranges, copying elements present in
        -: 5209:   *  the first range but not the second in order to the output range.
        -: 5210:   *  Iterators increment for each range.  When the current element of the
        -: 5211:   *  first range is less than the second, that element is copied and the
        -: 5212:   *  iterator advances.  If the current element of the second range is less,
        -: 5213:   *  the iterator advances, but no element is copied.  If an element is
        -: 5214:   *  contained in both ranges, no elements are copied and both ranges
        -: 5215:   *  advance.  The output range may not overlap either input range.
        -: 5216:  */
        -: 5217:  template<typename _InputIterator1, typename _InputIterator2,
        -: 5218:	   typename _OutputIterator>
        -: 5219:    inline _OutputIterator
        -: 5220:    set_difference(_InputIterator1 __first1, _InputIterator1 __last1,
        -: 5221:		   _InputIterator2 __first2, _InputIterator2 __last2,
        -: 5222:		   _OutputIterator __result)
        -: 5223:    {
        -: 5224:      // concept requirements
        -: 5225:      __glibcxx_function_requires(_InputIteratorConcept<_InputIterator1>)
        -: 5226:      __glibcxx_function_requires(_InputIteratorConcept<_InputIterator2>)
        -: 5227:      __glibcxx_function_requires(_OutputIteratorConcept<_OutputIterator,
        -: 5228:	    typename iterator_traits<_InputIterator1>::value_type>)
        -: 5229:      __glibcxx_function_requires(_LessThanOpConcept<
        -: 5230:	    typename iterator_traits<_InputIterator1>::value_type,
        -: 5231:	    typename iterator_traits<_InputIterator2>::value_type>)
        -: 5232:      __glibcxx_function_requires(_LessThanOpConcept<
        -: 5233:	    typename iterator_traits<_InputIterator2>::value_type,
        -: 5234:	    typename iterator_traits<_InputIterator1>::value_type>)	
        -: 5235:      __glibcxx_requires_sorted_set(__first1, __last1, __first2);
        -: 5236:      __glibcxx_requires_sorted_set(__first2, __last2, __first1);
        -: 5237:
        -: 5238:      return _GLIBCXX_STD_A::__set_difference(__first1, __last1,
        -: 5239:				   __first2, __last2, __result,
        -: 5240:				   __gnu_cxx::__ops::__iter_less_iter());
        -: 5241:    }
        -: 5242:
        -: 5243:  /**
        -: 5244:   *  @brief  Return the difference of two sorted ranges using comparison
        -: 5245:   *  functor.
        -: 5246:   *  @ingroup set_algorithms
        -: 5247:   *  @param  __first1  Start of first range.
        -: 5248:   *  @param  __last1   End of first range.
        -: 5249:   *  @param  __first2  Start of second range.
        -: 5250:   *  @param  __last2   End of second range.
        -: 5251:   *  @param  __comp    The comparison functor.
        -: 5252:   *  @return  End of the output range.
        -: 5253:   *  @ingroup set_algorithms
        -: 5254:   *
        -: 5255:   *  This operation iterates over both ranges, copying elements present in
        -: 5256:   *  the first range but not the second in order to the output range.
        -: 5257:   *  Iterators increment for each range.  When the current element of the
        -: 5258:   *  first range is less than the second according to @p __comp, that element
        -: 5259:   *  is copied and the iterator advances.  If the current element of the
        -: 5260:   *  second range is less, no element is copied and the iterator advances.
        -: 5261:   *  If an element is contained in both ranges according to @p __comp, no
        -: 5262:   *  elements are copied and both ranges advance.  The output range may not
        -: 5263:   *  overlap either input range.
        -: 5264:  */
        -: 5265:  template<typename _InputIterator1, typename _InputIterator2,
        -: 5266:	   typename _OutputIterator, typename _Compare>
        -: 5267:    inline _OutputIterator
        -: 5268:    set_difference(_InputIterator1 __first1, _InputIterator1 __last1,
        -: 5269:		   _InputIterator2 __first2, _InputIterator2 __last2,
        -: 5270:		   _OutputIterator __result, _Compare __comp)
        -: 5271:    {
        -: 5272:      // concept requirements
        -: 5273:      __glibcxx_function_requires(_InputIteratorConcept<_InputIterator1>)
        -: 5274:      __glibcxx_function_requires(_InputIteratorConcept<_InputIterator2>)
        -: 5275:      __glibcxx_function_requires(_OutputIteratorConcept<_OutputIterator,
        -: 5276:	    typename iterator_traits<_InputIterator1>::value_type>)
        -: 5277:      __glibcxx_function_requires(_BinaryPredicateConcept<_Compare,
        -: 5278:	    typename iterator_traits<_InputIterator1>::value_type,
        -: 5279:	    typename iterator_traits<_InputIterator2>::value_type>)
        -: 5280:      __glibcxx_function_requires(_BinaryPredicateConcept<_Compare,
        -: 5281:	    typename iterator_traits<_InputIterator2>::value_type,
        -: 5282:	    typename iterator_traits<_InputIterator1>::value_type>)
        -: 5283:      __glibcxx_requires_sorted_set_pred(__first1, __last1, __first2, __comp);
        -: 5284:      __glibcxx_requires_sorted_set_pred(__first2, __last2, __first1, __comp);
        -: 5285:
        -: 5286:      return _GLIBCXX_STD_A::__set_difference(__first1, __last1,
        -: 5287:				   __first2, __last2, __result,
        -: 5288:				   __gnu_cxx::__ops::__iter_comp_iter(__comp));
        -: 5289:    }
        -: 5290:
        -: 5291:  template<typename _InputIterator1, typename _InputIterator2,
        -: 5292:	   typename _OutputIterator,
        -: 5293:	   typename _Compare>
        -: 5294:    _OutputIterator
        -: 5295:    __set_symmetric_difference(_InputIterator1 __first1,
        -: 5296:			       _InputIterator1 __last1,
        -: 5297:			       _InputIterator2 __first2,
        -: 5298:			       _InputIterator2 __last2,
        -: 5299:			       _OutputIterator __result,
        -: 5300:			       _Compare __comp)
        -: 5301:    {
        -: 5302:      while (__first1 != __last1 && __first2 != __last2)
        -: 5303:	if (__comp(__first1, __first2))
        -: 5304:	  {
        -: 5305:	    *__result = *__first1;
        -: 5306:	    ++__first1;
        -: 5307:	    ++__result;
        -: 5308:	  }
        -: 5309:	else if (__comp(__first2, __first1))
        -: 5310:	  {
        -: 5311:	    *__result = *__first2;
        -: 5312:	    ++__first2;
        -: 5313:	    ++__result;
        -: 5314:	  }
        -: 5315:	else
        -: 5316:	  {
        -: 5317:	    ++__first1;
        -: 5318:	    ++__first2;
        -: 5319:	  }
        -: 5320:      return std::copy(__first2, __last2, 
        -: 5321:		       std::copy(__first1, __last1, __result));
        -: 5322:    }
        -: 5323:
        -: 5324:  /**
        -: 5325:   *  @brief  Return the symmetric difference of two sorted ranges.
        -: 5326:   *  @ingroup set_algorithms
        -: 5327:   *  @param  __first1  Start of first range.
        -: 5328:   *  @param  __last1   End of first range.
        -: 5329:   *  @param  __first2  Start of second range.
        -: 5330:   *  @param  __last2   End of second range.
        -: 5331:   *  @return  End of the output range.
        -: 5332:   *  @ingroup set_algorithms
        -: 5333:   *
        -: 5334:   *  This operation iterates over both ranges, copying elements present in
        -: 5335:   *  one range but not the other in order to the output range.  Iterators
        -: 5336:   *  increment for each range.  When the current element of one range is less
        -: 5337:   *  than the other, that element is copied and the iterator advances.  If an
        -: 5338:   *  element is contained in both ranges, no elements are copied and both
        -: 5339:   *  ranges advance.  The output range may not overlap either input range.
        -: 5340:  */
        -: 5341:  template<typename _InputIterator1, typename _InputIterator2,
        -: 5342:	   typename _OutputIterator>
        -: 5343:    inline _OutputIterator
        -: 5344:    set_symmetric_difference(_InputIterator1 __first1, _InputIterator1 __last1,
        -: 5345:			     _InputIterator2 __first2, _InputIterator2 __last2,
        -: 5346:			     _OutputIterator __result)
        -: 5347:    {
        -: 5348:      // concept requirements
        -: 5349:      __glibcxx_function_requires(_InputIteratorConcept<_InputIterator1>)
        -: 5350:      __glibcxx_function_requires(_InputIteratorConcept<_InputIterator2>)
        -: 5351:      __glibcxx_function_requires(_OutputIteratorConcept<_OutputIterator,
        -: 5352:	    typename iterator_traits<_InputIterator1>::value_type>)
        -: 5353:      __glibcxx_function_requires(_OutputIteratorConcept<_OutputIterator,
        -: 5354:	    typename iterator_traits<_InputIterator2>::value_type>)
        -: 5355:      __glibcxx_function_requires(_LessThanOpConcept<
        -: 5356:	    typename iterator_traits<_InputIterator1>::value_type,
        -: 5357:	    typename iterator_traits<_InputIterator2>::value_type>)
        -: 5358:      __glibcxx_function_requires(_LessThanOpConcept<
        -: 5359:	    typename iterator_traits<_InputIterator2>::value_type,
        -: 5360:	    typename iterator_traits<_InputIterator1>::value_type>)	
        -: 5361:      __glibcxx_requires_sorted_set(__first1, __last1, __first2);
        -: 5362:      __glibcxx_requires_sorted_set(__first2, __last2, __first1);
        -: 5363:
        -: 5364:      return _GLIBCXX_STD_A::__set_symmetric_difference(__first1, __last1,
        -: 5365:					__first2, __last2, __result,
        -: 5366:					__gnu_cxx::__ops::__iter_less_iter());
        -: 5367:    }
        -: 5368:
        -: 5369:  /**
        -: 5370:   *  @brief  Return the symmetric difference of two sorted ranges using
        -: 5371:   *  comparison functor.
        -: 5372:   *  @ingroup set_algorithms
        -: 5373:   *  @param  __first1  Start of first range.
        -: 5374:   *  @param  __last1   End of first range.
        -: 5375:   *  @param  __first2  Start of second range.
        -: 5376:   *  @param  __last2   End of second range.
        -: 5377:   *  @param  __comp    The comparison functor.
        -: 5378:   *  @return  End of the output range.
        -: 5379:   *  @ingroup set_algorithms
        -: 5380:   *
        -: 5381:   *  This operation iterates over both ranges, copying elements present in
        -: 5382:   *  one range but not the other in order to the output range.  Iterators
        -: 5383:   *  increment for each range.  When the current element of one range is less
        -: 5384:   *  than the other according to @p comp, that element is copied and the
        -: 5385:   *  iterator advances.  If an element is contained in both ranges according
        -: 5386:   *  to @p __comp, no elements are copied and both ranges advance.  The output
        -: 5387:   *  range may not overlap either input range.
        -: 5388:  */
        -: 5389:  template<typename _InputIterator1, typename _InputIterator2,
        -: 5390:	   typename _OutputIterator, typename _Compare>
        -: 5391:    inline _OutputIterator
        -: 5392:    set_symmetric_difference(_InputIterator1 __first1, _InputIterator1 __last1,
        -: 5393:			     _InputIterator2 __first2, _InputIterator2 __last2,
        -: 5394:			     _OutputIterator __result,
        -: 5395:			     _Compare __comp)
        -: 5396:    {
        -: 5397:      // concept requirements
        -: 5398:      __glibcxx_function_requires(_InputIteratorConcept<_InputIterator1>)
        -: 5399:      __glibcxx_function_requires(_InputIteratorConcept<_InputIterator2>)
        -: 5400:      __glibcxx_function_requires(_OutputIteratorConcept<_OutputIterator,
        -: 5401:	    typename iterator_traits<_InputIterator1>::value_type>)
        -: 5402:      __glibcxx_function_requires(_OutputIteratorConcept<_OutputIterator,
        -: 5403:	    typename iterator_traits<_InputIterator2>::value_type>)
        -: 5404:      __glibcxx_function_requires(_BinaryPredicateConcept<_Compare,
        -: 5405:	    typename iterator_traits<_InputIterator1>::value_type,
        -: 5406:	    typename iterator_traits<_InputIterator2>::value_type>)
        -: 5407:      __glibcxx_function_requires(_BinaryPredicateConcept<_Compare,
        -: 5408:	    typename iterator_traits<_InputIterator2>::value_type,
        -: 5409:	    typename iterator_traits<_InputIterator1>::value_type>)
        -: 5410:      __glibcxx_requires_sorted_set_pred(__first1, __last1, __first2, __comp);
        -: 5411:      __glibcxx_requires_sorted_set_pred(__first2, __last2, __first1, __comp);
        -: 5412:
        -: 5413:      return _GLIBCXX_STD_A::__set_symmetric_difference(__first1, __last1,
        -: 5414:				__first2, __last2, __result,
        -: 5415:				__gnu_cxx::__ops::__iter_comp_iter(__comp));
        -: 5416:    }
        -: 5417:
        -: 5418:  template<typename _ForwardIterator, typename _Compare>
        -: 5419:    _GLIBCXX14_CONSTEXPR
        -: 5420:    _ForwardIterator
        -: 5421:    __min_element(_ForwardIterator __first, _ForwardIterator __last,
        -: 5422:		  _Compare __comp)
        -: 5423:    {
        -: 5424:      if (__first == __last)
        -: 5425:	return __first;
        -: 5426:      _ForwardIterator __result = __first;
        -: 5427:      while (++__first != __last)
        -: 5428:	if (__comp(__first, __result))
        -: 5429:	  __result = __first;
        -: 5430:      return __result;
        -: 5431:    }
        -: 5432:
        -: 5433:  /**
        -: 5434:   *  @brief  Return the minimum element in a range.
        -: 5435:   *  @ingroup sorting_algorithms
        -: 5436:   *  @param  __first  Start of range.
        -: 5437:   *  @param  __last   End of range.
        -: 5438:   *  @return  Iterator referencing the first instance of the smallest value.
        -: 5439:  */
        -: 5440:  template<typename _ForwardIterator>
        -: 5441:    _GLIBCXX14_CONSTEXPR
        -: 5442:    _ForwardIterator
        -: 5443:    inline min_element(_ForwardIterator __first, _ForwardIterator __last)
        -: 5444:    {
        -: 5445:      // concept requirements
        -: 5446:      __glibcxx_function_requires(_ForwardIteratorConcept<_ForwardIterator>)
        -: 5447:      __glibcxx_function_requires(_LessThanComparableConcept<
        -: 5448:	    typename iterator_traits<_ForwardIterator>::value_type>)
        -: 5449:      __glibcxx_requires_valid_range(__first, __last);
        -: 5450:
        -: 5451:      return _GLIBCXX_STD_A::__min_element(__first, __last,
        -: 5452:				__gnu_cxx::__ops::__iter_less_iter());
        -: 5453:    }
        -: 5454:
        -: 5455:  /**
        -: 5456:   *  @brief  Return the minimum element in a range using comparison functor.
        -: 5457:   *  @ingroup sorting_algorithms
        -: 5458:   *  @param  __first  Start of range.
        -: 5459:   *  @param  __last   End of range.
        -: 5460:   *  @param  __comp   Comparison functor.
        -: 5461:   *  @return  Iterator referencing the first instance of the smallest value
        -: 5462:   *  according to __comp.
        -: 5463:  */
        -: 5464:  template<typename _ForwardIterator, typename _Compare>
        -: 5465:    _GLIBCXX14_CONSTEXPR
        -: 5466:    inline _ForwardIterator
        -: 5467:    min_element(_ForwardIterator __first, _ForwardIterator __last,
        -: 5468:		_Compare __comp)
        -: 5469:    {
        -: 5470:      // concept requirements
        -: 5471:      __glibcxx_function_requires(_ForwardIteratorConcept<_ForwardIterator>)
        -: 5472:      __glibcxx_function_requires(_BinaryPredicateConcept<_Compare,
        -: 5473:	    typename iterator_traits<_ForwardIterator>::value_type,
        -: 5474:	    typename iterator_traits<_ForwardIterator>::value_type>)
        -: 5475:      __glibcxx_requires_valid_range(__first, __last);
        -: 5476:
        -: 5477:      return _GLIBCXX_STD_A::__min_element(__first, __last,
        -: 5478:				__gnu_cxx::__ops::__iter_comp_iter(__comp));
        -: 5479:    }
        -: 5480:
        -: 5481:  template<typename _ForwardIterator, typename _Compare>
        -: 5482:    _GLIBCXX14_CONSTEXPR
        -: 5483:    _ForwardIterator
        -: 5484:    __max_element(_ForwardIterator __first, _ForwardIterator __last,
        -: 5485:		  _Compare __comp)
        -: 5486:    {
        -: 5487:      if (__first == __last) return __first;
        -: 5488:      _ForwardIterator __result = __first;
        -: 5489:      while (++__first != __last)
        -: 5490:	if (__comp(__result, __first))
        -: 5491:	  __result = __first;
        -: 5492:      return __result;
        -: 5493:    }
        -: 5494:
        -: 5495:  /**
        -: 5496:   *  @brief  Return the maximum element in a range.
        -: 5497:   *  @ingroup sorting_algorithms
        -: 5498:   *  @param  __first  Start of range.
        -: 5499:   *  @param  __last   End of range.
        -: 5500:   *  @return  Iterator referencing the first instance of the largest value.
        -: 5501:  */
        -: 5502:  template<typename _ForwardIterator>
        -: 5503:    _GLIBCXX14_CONSTEXPR
        -: 5504:    inline _ForwardIterator
        -: 5505:    max_element(_ForwardIterator __first, _ForwardIterator __last)
        -: 5506:    {
        -: 5507:      // concept requirements
        -: 5508:      __glibcxx_function_requires(_ForwardIteratorConcept<_ForwardIterator>)
        -: 5509:      __glibcxx_function_requires(_LessThanComparableConcept<
        -: 5510:	    typename iterator_traits<_ForwardIterator>::value_type>)
        -: 5511:      __glibcxx_requires_valid_range(__first, __last);
        -: 5512:
        -: 5513:      return _GLIBCXX_STD_A::__max_element(__first, __last,
        -: 5514:				__gnu_cxx::__ops::__iter_less_iter());
        -: 5515:    }
        -: 5516:
        -: 5517:  /**
        -: 5518:   *  @brief  Return the maximum element in a range using comparison functor.
        -: 5519:   *  @ingroup sorting_algorithms
        -: 5520:   *  @param  __first  Start of range.
        -: 5521:   *  @param  __last   End of range.
        -: 5522:   *  @param  __comp   Comparison functor.
        -: 5523:   *  @return  Iterator referencing the first instance of the largest value
        -: 5524:   *  according to __comp.
        -: 5525:  */
        -: 5526:  template<typename _ForwardIterator, typename _Compare>
        -: 5527:    _GLIBCXX14_CONSTEXPR
        -: 5528:    inline _ForwardIterator
        -: 5529:    max_element(_ForwardIterator __first, _ForwardIterator __last,
        -: 5530:		_Compare __comp)
        -: 5531:    {
        -: 5532:      // concept requirements
        -: 5533:      __glibcxx_function_requires(_ForwardIteratorConcept<_ForwardIterator>)
        -: 5534:      __glibcxx_function_requires(_BinaryPredicateConcept<_Compare,
        -: 5535:	    typename iterator_traits<_ForwardIterator>::value_type,
        -: 5536:	    typename iterator_traits<_ForwardIterator>::value_type>)
        -: 5537:      __glibcxx_requires_valid_range(__first, __last);
        -: 5538:
        -: 5539:      return _GLIBCXX_STD_A::__max_element(__first, __last,
        -: 5540:				__gnu_cxx::__ops::__iter_comp_iter(__comp));
        -: 5541:    }
        -: 5542:
        -: 5543:_GLIBCXX_END_NAMESPACE_ALGO
        -: 5544:} // namespace std
        -: 5545:
        -: 5546:#endif /* _STL_ALGO_H */
