        -:    0:Source:/usr/include/c++/11/tuple
        -:    0:Graph:/home/runner/work/cpp-11-standard/cpp-11-standard/TestBinary-test_index.gcno
        -:    0:Data:/home/runner/work/cpp-11-standard/cpp-11-standard/TestBinary-test_index.gcda
        -:    0:Runs:1
        -:    1:// <tuple> -*- C++ -*-
        -:    2:
        -:    3:// Copyright (C) 2007-2021 Free Software Foundation, Inc.
        -:    4://
        -:    5:// This file is part of the GNU ISO C++ Library.  This library is free
        -:    6:// software; you can redistribute it and/or modify it under the
        -:    7:// terms of the GNU General Public License as published by the
        -:    8:// Free Software Foundation; either version 3, or (at your option)
        -:    9:// any later version.
        -:   10:
        -:   11:// This library is distributed in the hope that it will be useful,
        -:   12:// but WITHOUT ANY WARRANTY; without even the implied warranty of
        -:   13:// MERCHANTABILITY or FITNESS FOR A PARTICULAR PURPOSE.  See the
        -:   14:// GNU General Public License for more details.
        -:   15:
        -:   16:// Under Section 7 of GPL version 3, you are granted additional
        -:   17:// permissions described in the GCC Runtime Library Exception, version
        -:   18:// 3.1, as published by the Free Software Foundation.
        -:   19:
        -:   20:// You should have received a copy of the GNU General Public License and
        -:   21:// a copy of the GCC Runtime Library Exception along with this program;
        -:   22:// see the files COPYING3 and COPYING.RUNTIME respectively.  If not, see
        -:   23:// <http://www.gnu.org/licenses/>.
        -:   24:
        -:   25:/** @file include/tuple
        -:   26: *  This is a Standard C++ Library header.
        -:   27: */
        -:   28:
        -:   29:#ifndef _GLIBCXX_TUPLE
        -:   30:#define _GLIBCXX_TUPLE 1
        -:   31:
        -:   32:#pragma GCC system_header
        -:   33:
        -:   34:#if __cplusplus < 201103L
        -:   35:# include <bits/c++0x_warning.h>
        -:   36:#else
        -:   37:
        -:   38:#include <utility>
        -:   39:#include <array>
        -:   40:#include <bits/uses_allocator.h>
        -:   41:#include <bits/invoke.h>
        -:   42:#if __cplusplus > 201703L
        -:   43:# include <compare>
        -:   44:# define __cpp_lib_constexpr_tuple 201811L
        -:   45:#endif
        -:   46:
        -:   47:namespace std _GLIBCXX_VISIBILITY(default)
        -:   48:{
        -:   49:_GLIBCXX_BEGIN_NAMESPACE_VERSION
        -:   50:
        -:   51:  /**
        -:   52:   *  @addtogroup utilities
        -:   53:   *  @{
        -:   54:   */
        -:   55:
        -:   56:  template<typename... _Elements>
        -:   57:    class tuple;
        -:   58:
        -:   59:  template<typename _Tp>
        -:   60:    struct __is_empty_non_tuple : is_empty<_Tp> { };
        -:   61:
        -:   62:  // Using EBO for elements that are tuples causes ambiguous base errors.
        -:   63:  template<typename _El0, typename... _El>
        -:   64:    struct __is_empty_non_tuple<tuple<_El0, _El...>> : false_type { };
        -:   65:
        -:   66:  // Use the Empty Base-class Optimization for empty, non-final types.
        -:   67:  template<typename _Tp>
        -:   68:    using __empty_not_final
        -:   69:    = typename conditional<__is_final(_Tp), false_type,
        -:   70:			   __is_empty_non_tuple<_Tp>>::type;
        -:   71:
        -:   72:  template<size_t _Idx, typename _Head,
        -:   73:	   bool = __empty_not_final<_Head>::value>
        -:   74:    struct _Head_base;
        -:   75:
        -:   76:#if __has_cpp_attribute(__no_unique_address__)
        -:   77:  template<size_t _Idx, typename _Head>
        -:   78:    struct _Head_base<_Idx, _Head, true>
        -:   79:    {
       3*:   80:      constexpr _Head_base()
       3*:   81:      : _M_head_impl() { }
------------------
_ZNSt10_Head_baseILm1ESt14default_deleteIN5Catch15CompactReporterEELb1EEC2Ev:
function _ZNSt10_Head_baseILm1ESt14default_deleteIN5Catch15CompactReporterEELb1EEC2Ev called 0 returned 0% blocks executed 0%
    #####:   80:      constexpr _Head_base()
    #####:   81:      : _M_head_impl() { }
------------------
_ZNSt10_Head_baseILm1ESt14default_deleteIN5Catch15ConsoleReporterEELb1EEC2Ev:
function _ZNSt10_Head_baseILm1ESt14default_deleteIN5Catch15ConsoleReporterEELb1EEC2Ev called 1 returned 100% blocks executed 100%
        1:   80:      constexpr _Head_base()
        1:   81:      : _M_head_impl() { }
------------------
_ZNSt10_Head_baseILm1ESt14default_deleteIN5Catch13JunitReporterEELb1EEC2Ev:
function _ZNSt10_Head_baseILm1ESt14default_deleteIN5Catch13JunitReporterEELb1EEC2Ev called 0 returned 0% blocks executed 0%
    #####:   80:      constexpr _Head_base()
    #####:   81:      : _M_head_impl() { }
------------------
_ZNSt10_Head_baseILm1ESt14default_deleteIN5Catch11XmlReporterEELb1EEC2Ev:
function _ZNSt10_Head_baseILm1ESt14default_deleteIN5Catch11XmlReporterEELb1EEC2Ev called 0 returned 0% blocks executed 0%
    #####:   80:      constexpr _Head_base()
    #####:   81:      : _M_head_impl() { }
------------------
_ZNSt10_Head_baseILm1ESt14default_deleteIA_bELb1EEC2Ev:
function _ZNSt10_Head_baseILm1ESt14default_deleteIA_bELb1EEC2Ev called 0 returned 0% blocks executed 0%
    #####:   80:      constexpr _Head_base()
    #####:   81:      : _M_head_impl() { }
------------------
_ZNSt10_Head_baseILm1ESt14default_deleteIN5Catch12TablePrinterEELb1EEC2Ev:
function _ZNSt10_Head_baseILm1ESt14default_deleteIN5Catch12TablePrinterEELb1EEC2Ev called 1 returned 100% blocks executed 100%
        1:   80:      constexpr _Head_base()
        1:   81:      : _M_head_impl() { }
------------------
_ZNSt10_Head_baseILm1ESt14default_deleteINSt7__cxx1119basic_ostringstreamIcSt11char_traitsIcESaIcEEEELb1EEC2Ev:
function _ZNSt10_Head_baseILm1ESt14default_deleteINSt7__cxx1119basic_ostringstreamIcSt11char_traitsIcESaIcEEEELb1EEC2Ev called 0 returned 0% blocks executed 0%
    #####:   80:      constexpr _Head_base()
    #####:   81:      : _M_head_impl() { }
------------------
_ZNSt10_Head_baseILm1ESt14default_deleteIN5Catch6Detail12_GLOBAL__N_113StreamBufImplINS3_17OutputDebugWriterELm256EEEELb1EEC2Ev:
function _ZNSt10_Head_baseILm1ESt14default_deleteIN5Catch6Detail12_GLOBAL__N_113StreamBufImplINS3_17OutputDebugWriterELm256EEEELb1EEC2Ev called 0 returned 0% blocks executed 0%
    #####:   80:      constexpr _Head_base()
    #####:   81:      : _M_head_impl() { }
------------------
_ZNSt10_Head_baseILm1ESt14default_deleteIKN5Catch20IExceptionTranslatorEELb1EEC2Ev:
function _ZNSt10_Head_baseILm1ESt14default_deleteIKN5Catch20IExceptionTranslatorEELb1EEC2Ev called 0 returned 0% blocks executed 0%
    #####:   80:      constexpr _Head_base()
    #####:   81:      : _M_head_impl() { }
------------------
_ZNSt10_Head_baseILm1ESt14default_deleteIN5Catch6Detail8EnumInfoEELb1EEC2Ev:
function _ZNSt10_Head_baseILm1ESt14default_deleteIN5Catch6Detail8EnumInfoEELb1EEC2Ev called 0 returned 0% blocks executed 0%
    #####:   80:      constexpr _Head_base()
    #####:   81:      : _M_head_impl() { }
------------------
_ZNSt10_Head_baseILm1ESt14default_deleteIKN5Catch7IStreamEELb1EEC2Ev:
function _ZNSt10_Head_baseILm1ESt14default_deleteIKN5Catch7IStreamEELb1EEC2Ev called 1 returned 100% blocks executed 100%
        1:   80:      constexpr _Head_base()
        1:   81:      : _M_head_impl() { }
------------------
_ZNSt10_Head_baseILm1ESt14default_deleteIN5Catch10Generators20GeneratorUntypedBaseEELb1EEC2Ev:
function _ZNSt10_Head_baseILm1ESt14default_deleteIN5Catch10Generators20GeneratorUntypedBaseEELb1EEC2Ev called 0 returned 0% blocks executed 0%
    #####:   80:      constexpr _Head_base()
    #####:   81:      : _M_head_impl() { }
------------------
_ZNSt10_Head_baseILm1ESt14default_deleteIN5Catch18IStreamingReporterEELb1EEC2Ev:
function _ZNSt10_Head_baseILm1ESt14default_deleteIN5Catch18IStreamingReporterEELb1EEC2Ev called 0 returned 0% blocks executed 0%
    #####:   80:      constexpr _Head_base()
    #####:   81:      : _M_head_impl() { }
------------------
        -:   82:
        -:   83:      constexpr _Head_base(const _Head& __h)
        -:   84:      : _M_head_impl(__h) { }
        -:   85:
        -:   86:      constexpr _Head_base(const _Head_base&) = default;
        -:   87:      constexpr _Head_base(_Head_base&&) = default;
        -:   88:
        -:   89:      template<typename _UHead>
       1*:   90:	constexpr _Head_base(_UHead&& __h)
       1*:   91:	: _M_head_impl(std::forward<_UHead>(__h)) { }
------------------
_ZNSt10_Head_baseILm1ESt14default_deleteIN5Catch18IStreamingReporterEELb1EEC2IS0_INS1_15CompactReporterEEEEOT_:
function _ZNSt10_Head_baseILm1ESt14default_deleteIN5Catch18IStreamingReporterEELb1EEC2IS0_INS1_15CompactReporterEEEEOT_ called 0 returned 0% blocks executed 0%
    #####:   90:	constexpr _Head_base(_UHead&& __h)
    #####:   91:	: _M_head_impl(std::forward<_UHead>(__h)) { }
call    0 never executed
call    1 never executed
------------------
_ZNSt10_Head_baseILm1ESt14default_deleteIN5Catch18IStreamingReporterEELb1EEC2IS0_INS1_15ConsoleReporterEEEEOT_:
function _ZNSt10_Head_baseILm1ESt14default_deleteIN5Catch18IStreamingReporterEELb1EEC2IS0_INS1_15ConsoleReporterEEEEOT_ called 1 returned 100% blocks executed 100%
        1:   90:	constexpr _Head_base(_UHead&& __h)
        1:   91:	: _M_head_impl(std::forward<_UHead>(__h)) { }
call    0 returned 100%
call    1 returned 100%
------------------
_ZNSt10_Head_baseILm1ESt14default_deleteIN5Catch18IStreamingReporterEELb1EEC2IS0_INS1_13JunitReporterEEEEOT_:
function _ZNSt10_Head_baseILm1ESt14default_deleteIN5Catch18IStreamingReporterEELb1EEC2IS0_INS1_13JunitReporterEEEEOT_ called 0 returned 0% blocks executed 0%
    #####:   90:	constexpr _Head_base(_UHead&& __h)
    #####:   91:	: _M_head_impl(std::forward<_UHead>(__h)) { }
call    0 never executed
call    1 never executed
------------------
_ZNSt10_Head_baseILm1ESt14default_deleteIN5Catch18IStreamingReporterEELb1EEC2IS0_INS1_11XmlReporterEEEEOT_:
function _ZNSt10_Head_baseILm1ESt14default_deleteIN5Catch18IStreamingReporterEELb1EEC2IS0_INS1_11XmlReporterEEEEOT_ called 0 returned 0% blocks executed 0%
    #####:   90:	constexpr _Head_base(_UHead&& __h)
    #####:   91:	: _M_head_impl(std::forward<_UHead>(__h)) { }
call    0 never executed
call    1 never executed
------------------
        -:   92:
        -:   93:      _GLIBCXX20_CONSTEXPR
        -:   94:      _Head_base(allocator_arg_t, __uses_alloc0)
        -:   95:      : _M_head_impl() { }
        -:   96:
        -:   97:      template<typename _Alloc>
        -:   98:	_GLIBCXX20_CONSTEXPR
        -:   99:	_Head_base(allocator_arg_t, __uses_alloc1<_Alloc> __a)
        -:  100:	: _M_head_impl(allocator_arg, *__a._M_a) { }
        -:  101:
        -:  102:      template<typename _Alloc>
        -:  103:	_GLIBCXX20_CONSTEXPR
        -:  104:	_Head_base(allocator_arg_t, __uses_alloc2<_Alloc> __a)
        -:  105:	: _M_head_impl(*__a._M_a) { }
        -:  106:
        -:  107:      template<typename _UHead>
        -:  108:	_GLIBCXX20_CONSTEXPR
        -:  109:	_Head_base(__uses_alloc0, _UHead&& __uhead)
        -:  110:	: _M_head_impl(std::forward<_UHead>(__uhead)) { }
        -:  111:
        -:  112:      template<typename _Alloc, typename _UHead>
        -:  113:	_GLIBCXX20_CONSTEXPR
        -:  114:	_Head_base(__uses_alloc1<_Alloc> __a, _UHead&& __uhead)
        -:  115:	: _M_head_impl(allocator_arg, *__a._M_a, std::forward<_UHead>(__uhead))
        -:  116:	{ }
        -:  117:
        -:  118:      template<typename _Alloc, typename _UHead>
        -:  119:	_GLIBCXX20_CONSTEXPR
        -:  120:	_Head_base(__uses_alloc2<_Alloc> __a, _UHead&& __uhead)
        -:  121:	: _M_head_impl(std::forward<_UHead>(__uhead), *__a._M_a) { }
        -:  122:
        -:  123:      static constexpr _Head&
       4*:  124:      _M_head(_Head_base& __b) noexcept { return __b._M_head_impl; }
------------------
_ZNSt10_Head_baseILm1ESt14default_deleteIN5Catch15CompactReporterEELb1EE7_M_headERS4_:
function _ZNSt10_Head_baseILm1ESt14default_deleteIN5Catch15CompactReporterEELb1EE7_M_headERS4_ called 0 returned 0% blocks executed 0%
    #####:  124:      _M_head(_Head_base& __b) noexcept { return __b._M_head_impl; }
------------------
_ZNSt10_Head_baseILm1ESt14default_deleteIN5Catch15ConsoleReporterEELb1EE7_M_headERS4_:
function _ZNSt10_Head_baseILm1ESt14default_deleteIN5Catch15ConsoleReporterEELb1EE7_M_headERS4_ called 1 returned 100% blocks executed 100%
        1:  124:      _M_head(_Head_base& __b) noexcept { return __b._M_head_impl; }
------------------
_ZNSt10_Head_baseILm1ESt14default_deleteIN5Catch13JunitReporterEELb1EE7_M_headERS4_:
function _ZNSt10_Head_baseILm1ESt14default_deleteIN5Catch13JunitReporterEELb1EE7_M_headERS4_ called 0 returned 0% blocks executed 0%
    #####:  124:      _M_head(_Head_base& __b) noexcept { return __b._M_head_impl; }
------------------
_ZNSt10_Head_baseILm1ESt14default_deleteIN5Catch11XmlReporterEELb1EE7_M_headERS4_:
function _ZNSt10_Head_baseILm1ESt14default_deleteIN5Catch11XmlReporterEELb1EE7_M_headERS4_ called 0 returned 0% blocks executed 0%
    #####:  124:      _M_head(_Head_base& __b) noexcept { return __b._M_head_impl; }
------------------
_ZNSt10_Head_baseILm1ESt14default_deleteIA_bELb1EE7_M_headERS3_:
function _ZNSt10_Head_baseILm1ESt14default_deleteIA_bELb1EE7_M_headERS3_ called 0 returned 0% blocks executed 0%
    #####:  124:      _M_head(_Head_base& __b) noexcept { return __b._M_head_impl; }
------------------
_ZNSt10_Head_baseILm1ESt14default_deleteIN5Catch12TablePrinterEELb1EE7_M_headERS4_:
function _ZNSt10_Head_baseILm1ESt14default_deleteIN5Catch12TablePrinterEELb1EE7_M_headERS4_ called 1 returned 100% blocks executed 100%
        1:  124:      _M_head(_Head_base& __b) noexcept { return __b._M_head_impl; }
------------------
_ZNSt10_Head_baseILm1ESt14default_deleteINSt7__cxx1119basic_ostringstreamIcSt11char_traitsIcESaIcEEEELb1EE7_M_headERS8_:
function _ZNSt10_Head_baseILm1ESt14default_deleteINSt7__cxx1119basic_ostringstreamIcSt11char_traitsIcESaIcEEEELb1EE7_M_headERS8_ called 0 returned 0% blocks executed 0%
    #####:  124:      _M_head(_Head_base& __b) noexcept { return __b._M_head_impl; }
------------------
_ZNSt10_Head_baseILm1ESt14default_deleteIN5Catch6Detail12_GLOBAL__N_113StreamBufImplINS3_17OutputDebugWriterELm256EEEELb1EE7_M_headERS8_:
function _ZNSt10_Head_baseILm1ESt14default_deleteIN5Catch6Detail12_GLOBAL__N_113StreamBufImplINS3_17OutputDebugWriterELm256EEEELb1EE7_M_headERS8_ called 0 returned 0% blocks executed 0%
    #####:  124:      _M_head(_Head_base& __b) noexcept { return __b._M_head_impl; }
------------------
_ZNSt10_Head_baseILm1ESt14default_deleteIKN5Catch20IExceptionTranslatorEELb1EE7_M_headERS5_:
function _ZNSt10_Head_baseILm1ESt14default_deleteIKN5Catch20IExceptionTranslatorEELb1EE7_M_headERS5_ called 0 returned 0% blocks executed 0%
    #####:  124:      _M_head(_Head_base& __b) noexcept { return __b._M_head_impl; }
------------------
_ZNSt10_Head_baseILm1ESt14default_deleteIN5Catch6Detail8EnumInfoEELb1EE7_M_headERS5_:
function _ZNSt10_Head_baseILm1ESt14default_deleteIN5Catch6Detail8EnumInfoEELb1EE7_M_headERS5_ called 0 returned 0% blocks executed 0%
    #####:  124:      _M_head(_Head_base& __b) noexcept { return __b._M_head_impl; }
------------------
_ZNSt10_Head_baseILm1ESt14default_deleteIKN5Catch7IStreamEELb1EE7_M_headERS5_:
function _ZNSt10_Head_baseILm1ESt14default_deleteIKN5Catch7IStreamEELb1EE7_M_headERS5_ called 1 returned 100% blocks executed 100%
        1:  124:      _M_head(_Head_base& __b) noexcept { return __b._M_head_impl; }
------------------
_ZNSt10_Head_baseILm1ESt14default_deleteIN5Catch18IStreamingReporterEELb1EE7_M_headERS4_:
function _ZNSt10_Head_baseILm1ESt14default_deleteIN5Catch18IStreamingReporterEELb1EE7_M_headERS4_ called 1 returned 100% blocks executed 100%
        1:  124:      _M_head(_Head_base& __b) noexcept { return __b._M_head_impl; }
------------------
_ZNSt10_Head_baseILm1ESt14default_deleteIN5Catch10Generators20GeneratorUntypedBaseEELb1EE7_M_headERS5_:
function _ZNSt10_Head_baseILm1ESt14default_deleteIN5Catch10Generators20GeneratorUntypedBaseEELb1EE7_M_headERS5_ called 0 returned 0% blocks executed 0%
    #####:  124:      _M_head(_Head_base& __b) noexcept { return __b._M_head_impl; }
------------------
        -:  125:
        -:  126:      static constexpr const _Head&
        -:  127:      _M_head(const _Head_base& __b) noexcept { return __b._M_head_impl; }
        -:  128:
        -:  129:      [[__no_unique_address__]] _Head _M_head_impl;
        -:  130:    };
        -:  131:#else
        -:  132:  template<size_t _Idx, typename _Head>
        -:  133:    struct _Head_base<_Idx, _Head, true>
        -:  134:    : public _Head
        -:  135:    {
        -:  136:      constexpr _Head_base()
        -:  137:      : _Head() { }
        -:  138:
        -:  139:      constexpr _Head_base(const _Head& __h)
        -:  140:      : _Head(__h) { }
        -:  141:
        -:  142:      constexpr _Head_base(const _Head_base&) = default;
        -:  143:      constexpr _Head_base(_Head_base&&) = default;
        -:  144:
        -:  145:      template<typename _UHead>
        -:  146:        constexpr _Head_base(_UHead&& __h)
        -:  147:	: _Head(std::forward<_UHead>(__h)) { }
        -:  148:
        -:  149:      _GLIBCXX20_CONSTEXPR
        -:  150:      _Head_base(allocator_arg_t, __uses_alloc0)
        -:  151:      : _Head() { }
        -:  152:
        -:  153:      template<typename _Alloc>
        -:  154:	_GLIBCXX20_CONSTEXPR
        -:  155:	_Head_base(allocator_arg_t, __uses_alloc1<_Alloc> __a)
        -:  156:	: _Head(allocator_arg, *__a._M_a) { }
        -:  157:
        -:  158:      template<typename _Alloc>
        -:  159:	_GLIBCXX20_CONSTEXPR
        -:  160:	_Head_base(allocator_arg_t, __uses_alloc2<_Alloc> __a)
        -:  161:	: _Head(*__a._M_a) { }
        -:  162:
        -:  163:      template<typename _UHead>
        -:  164:	_GLIBCXX20_CONSTEXPR
        -:  165:	_Head_base(__uses_alloc0, _UHead&& __uhead)
        -:  166:	: _Head(std::forward<_UHead>(__uhead)) { }
        -:  167:
        -:  168:      template<typename _Alloc, typename _UHead>
        -:  169:	_GLIBCXX20_CONSTEXPR
        -:  170:	_Head_base(__uses_alloc1<_Alloc> __a, _UHead&& __uhead)
        -:  171:	: _Head(allocator_arg, *__a._M_a, std::forward<_UHead>(__uhead)) { }
        -:  172:
        -:  173:      template<typename _Alloc, typename _UHead>
        -:  174:	_GLIBCXX20_CONSTEXPR
        -:  175:	_Head_base(__uses_alloc2<_Alloc> __a, _UHead&& __uhead)
        -:  176:	: _Head(std::forward<_UHead>(__uhead), *__a._M_a) { }
        -:  177:
        -:  178:      static constexpr _Head&
        -:  179:      _M_head(_Head_base& __b) noexcept { return __b; }
        -:  180:
        -:  181:      static constexpr const _Head&
        -:  182:      _M_head(const _Head_base& __b) noexcept { return __b; }
        -:  183:    };
        -:  184:#endif
        -:  185:
        -:  186:  template<size_t _Idx, typename _Head>
        -:  187:    struct _Head_base<_Idx, _Head, false>
        -:  188:    {
       3*:  189:      constexpr _Head_base()
       3*:  190:      : _M_head_impl() { }
------------------
_ZNSt10_Head_baseILm0EPN5Catch15CompactReporterELb0EEC2Ev:
function _ZNSt10_Head_baseILm0EPN5Catch15CompactReporterELb0EEC2Ev called 0 returned 0% blocks executed 0%
    #####:  189:      constexpr _Head_base()
    #####:  190:      : _M_head_impl() { }
------------------
_ZNSt10_Head_baseILm0EPN5Catch15ConsoleReporterELb0EEC2Ev:
function _ZNSt10_Head_baseILm0EPN5Catch15ConsoleReporterELb0EEC2Ev called 1 returned 100% blocks executed 100%
        1:  189:      constexpr _Head_base()
        1:  190:      : _M_head_impl() { }
------------------
_ZNSt10_Head_baseILm0EPN5Catch13JunitReporterELb0EEC2Ev:
function _ZNSt10_Head_baseILm0EPN5Catch13JunitReporterELb0EEC2Ev called 0 returned 0% blocks executed 0%
    #####:  189:      constexpr _Head_base()
    #####:  190:      : _M_head_impl() { }
------------------
_ZNSt10_Head_baseILm0EPN5Catch11XmlReporterELb0EEC2Ev:
function _ZNSt10_Head_baseILm0EPN5Catch11XmlReporterELb0EEC2Ev called 0 returned 0% blocks executed 0%
    #####:  189:      constexpr _Head_base()
    #####:  190:      : _M_head_impl() { }
------------------
_ZNSt10_Head_baseILm0EPbLb0EEC2Ev:
function _ZNSt10_Head_baseILm0EPbLb0EEC2Ev called 0 returned 0% blocks executed 0%
    #####:  189:      constexpr _Head_base()
    #####:  190:      : _M_head_impl() { }
------------------
_ZNSt10_Head_baseILm0EPN5Catch12TablePrinterELb0EEC2Ev:
function _ZNSt10_Head_baseILm0EPN5Catch12TablePrinterELb0EEC2Ev called 1 returned 100% blocks executed 100%
        1:  189:      constexpr _Head_base()
        1:  190:      : _M_head_impl() { }
------------------
_ZNSt10_Head_baseILm0EPNSt7__cxx1119basic_ostringstreamIcSt11char_traitsIcESaIcEEELb0EEC2Ev:
function _ZNSt10_Head_baseILm0EPNSt7__cxx1119basic_ostringstreamIcSt11char_traitsIcESaIcEEELb0EEC2Ev called 0 returned 0% blocks executed 0%
    #####:  189:      constexpr _Head_base()
    #####:  190:      : _M_head_impl() { }
------------------
_ZNSt10_Head_baseILm0EPN5Catch6Detail12_GLOBAL__N_113StreamBufImplINS2_17OutputDebugWriterELm256EEELb0EEC2Ev:
function _ZNSt10_Head_baseILm0EPN5Catch6Detail12_GLOBAL__N_113StreamBufImplINS2_17OutputDebugWriterELm256EEELb0EEC2Ev called 0 returned 0% blocks executed 0%
    #####:  189:      constexpr _Head_base()
    #####:  190:      : _M_head_impl() { }
------------------
_ZNSt10_Head_baseILm0EPKN5Catch20IExceptionTranslatorELb0EEC2Ev:
function _ZNSt10_Head_baseILm0EPKN5Catch20IExceptionTranslatorELb0EEC2Ev called 0 returned 0% blocks executed 0%
    #####:  189:      constexpr _Head_base()
    #####:  190:      : _M_head_impl() { }
------------------
_ZNSt10_Head_baseILm0EPN5Catch6Detail8EnumInfoELb0EEC2Ev:
function _ZNSt10_Head_baseILm0EPN5Catch6Detail8EnumInfoELb0EEC2Ev called 0 returned 0% blocks executed 0%
    #####:  189:      constexpr _Head_base()
    #####:  190:      : _M_head_impl() { }
------------------
_ZNSt10_Head_baseILm0EPKN5Catch7IStreamELb0EEC2Ev:
function _ZNSt10_Head_baseILm0EPKN5Catch7IStreamELb0EEC2Ev called 1 returned 100% blocks executed 100%
        1:  189:      constexpr _Head_base()
        1:  190:      : _M_head_impl() { }
------------------
_ZNSt10_Head_baseILm0EPN5Catch10Generators20GeneratorUntypedBaseELb0EEC2Ev:
function _ZNSt10_Head_baseILm0EPN5Catch10Generators20GeneratorUntypedBaseELb0EEC2Ev called 0 returned 0% blocks executed 0%
    #####:  189:      constexpr _Head_base()
    #####:  190:      : _M_head_impl() { }
------------------
_ZNSt10_Head_baseILm0EPN5Catch18IStreamingReporterELb0EEC2Ev:
function _ZNSt10_Head_baseILm0EPN5Catch18IStreamingReporterELb0EEC2Ev called 0 returned 0% blocks executed 0%
    #####:  189:      constexpr _Head_base()
    #####:  190:      : _M_head_impl() { }
------------------
        -:  191:
function _ZNSt10_Head_baseILm0ERKlLb0EEC2ES1_ called 0 returned 0% blocks executed 0%
    #####:  192:      constexpr _Head_base(const _Head& __h)
    #####:  193:      : _M_head_impl(__h) { }
        -:  194:
        -:  195:      constexpr _Head_base(const _Head_base&) = default;
        -:  196:      constexpr _Head_base(_Head_base&&) = default;
        -:  197:
        -:  198:      template<typename _UHead>
function _ZNSt10_Head_baseILm0EPN5Catch18IStreamingReporterELb0EEC2IRS2_EEOT_ called 1 returned 100% blocks executed 100%
        1:  199:        constexpr _Head_base(_UHead&& __h)
        1:  200:	: _M_head_impl(std::forward<_UHead>(__h)) { }
call    0 returned 100%
        -:  201:
        -:  202:      _GLIBCXX20_CONSTEXPR
        -:  203:      _Head_base(allocator_arg_t, __uses_alloc0)
        -:  204:      : _M_head_impl() { }
        -:  205:
        -:  206:      template<typename _Alloc>
        -:  207:	_GLIBCXX20_CONSTEXPR
        -:  208:	_Head_base(allocator_arg_t, __uses_alloc1<_Alloc> __a)
        -:  209:	: _M_head_impl(allocator_arg, *__a._M_a) { }
        -:  210:
        -:  211:      template<typename _Alloc>
        -:  212:	_GLIBCXX20_CONSTEXPR
        -:  213:	_Head_base(allocator_arg_t, __uses_alloc2<_Alloc> __a)
        -:  214:	: _M_head_impl(*__a._M_a) { }
        -:  215:
        -:  216:      template<typename _UHead>
        -:  217:	_GLIBCXX20_CONSTEXPR
        -:  218:	_Head_base(__uses_alloc0, _UHead&& __uhead)
        -:  219:	: _M_head_impl(std::forward<_UHead>(__uhead)) { }
        -:  220:
        -:  221:      template<typename _Alloc, typename _UHead>
        -:  222:	_GLIBCXX20_CONSTEXPR
        -:  223:	_Head_base(__uses_alloc1<_Alloc> __a, _UHead&& __uhead)
        -:  224:	: _M_head_impl(allocator_arg, *__a._M_a, std::forward<_UHead>(__uhead))
        -:  225:	{ }
        -:  226:
        -:  227:      template<typename _Alloc, typename _UHead>
        -:  228:	_GLIBCXX20_CONSTEXPR
        -:  229:	_Head_base(__uses_alloc2<_Alloc> __a, _UHead&& __uhead)
        -:  230:	: _M_head_impl(std::forward<_UHead>(__uhead), *__a._M_a) { }
        -:  231:
        -:  232:      static constexpr _Head&
      11*:  233:      _M_head(_Head_base& __b) noexcept { return __b._M_head_impl; }
------------------
_ZNSt10_Head_baseILm0EPN5Catch15CompactReporterELb0EE7_M_headERS3_:
function _ZNSt10_Head_baseILm0EPN5Catch15CompactReporterELb0EE7_M_headERS3_ called 0 returned 0% blocks executed 0%
    #####:  233:      _M_head(_Head_base& __b) noexcept { return __b._M_head_impl; }
------------------
_ZNSt10_Head_baseILm0EPN5Catch15ConsoleReporterELb0EE7_M_headERS3_:
function _ZNSt10_Head_baseILm0EPN5Catch15ConsoleReporterELb0EE7_M_headERS3_ called 4 returned 100% blocks executed 100%
        4:  233:      _M_head(_Head_base& __b) noexcept { return __b._M_head_impl; }
------------------
_ZNSt10_Head_baseILm0EPN5Catch13JunitReporterELb0EE7_M_headERS3_:
function _ZNSt10_Head_baseILm0EPN5Catch13JunitReporterELb0EE7_M_headERS3_ called 0 returned 0% blocks executed 0%
    #####:  233:      _M_head(_Head_base& __b) noexcept { return __b._M_head_impl; }
------------------
_ZNSt10_Head_baseILm0EPN5Catch11XmlReporterELb0EE7_M_headERS3_:
function _ZNSt10_Head_baseILm0EPN5Catch11XmlReporterELb0EE7_M_headERS3_ called 0 returned 0% blocks executed 0%
    #####:  233:      _M_head(_Head_base& __b) noexcept { return __b._M_head_impl; }
------------------
_ZNSt10_Head_baseILm0ERKlLb0EE7_M_headERS2_:
function _ZNSt10_Head_baseILm0ERKlLb0EE7_M_headERS2_ called 0 returned 0% blocks executed 0%
    #####:  233:      _M_head(_Head_base& __b) noexcept { return __b._M_head_impl; }
------------------
_ZNSt10_Head_baseILm0EPbLb0EE7_M_headERS1_:
function _ZNSt10_Head_baseILm0EPbLb0EE7_M_headERS1_ called 0 returned 0% blocks executed 0%
    #####:  233:      _M_head(_Head_base& __b) noexcept { return __b._M_head_impl; }
------------------
_ZNSt10_Head_baseILm0EPN5Catch12TablePrinterELb0EE7_M_headERS3_:
function _ZNSt10_Head_baseILm0EPN5Catch12TablePrinterELb0EE7_M_headERS3_ called 2 returned 100% blocks executed 100%
        2:  233:      _M_head(_Head_base& __b) noexcept { return __b._M_head_impl; }
------------------
_ZNSt10_Head_baseILm0EPNSt7__cxx1119basic_ostringstreamIcSt11char_traitsIcESaIcEEELb0EE7_M_headERS7_:
function _ZNSt10_Head_baseILm0EPNSt7__cxx1119basic_ostringstreamIcSt11char_traitsIcESaIcEEELb0EE7_M_headERS7_ called 0 returned 0% blocks executed 0%
    #####:  233:      _M_head(_Head_base& __b) noexcept { return __b._M_head_impl; }
------------------
_ZNSt10_Head_baseILm0EPN5Catch6Detail12_GLOBAL__N_113StreamBufImplINS2_17OutputDebugWriterELm256EEELb0EE7_M_headERS7_:
function _ZNSt10_Head_baseILm0EPN5Catch6Detail12_GLOBAL__N_113StreamBufImplINS2_17OutputDebugWriterELm256EEELb0EE7_M_headERS7_ called 0 returned 0% blocks executed 0%
    #####:  233:      _M_head(_Head_base& __b) noexcept { return __b._M_head_impl; }
------------------
_ZNSt10_Head_baseILm0EPN5Catch10Generators20GeneratorUntypedBaseELb0EE7_M_headERS4_:
function _ZNSt10_Head_baseILm0EPN5Catch10Generators20GeneratorUntypedBaseELb0EE7_M_headERS4_ called 0 returned 0% blocks executed 0%
    #####:  233:      _M_head(_Head_base& __b) noexcept { return __b._M_head_impl; }
------------------
_ZNSt10_Head_baseILm0EPN5Catch18IStreamingReporterELb0EE7_M_headERS3_:
function _ZNSt10_Head_baseILm0EPN5Catch18IStreamingReporterELb0EE7_M_headERS3_ called 3 returned 100% blocks executed 100%
        3:  233:      _M_head(_Head_base& __b) noexcept { return __b._M_head_impl; }
------------------
_ZNSt10_Head_baseILm0EPKN5Catch20IExceptionTranslatorELb0EE7_M_headERS4_:
function _ZNSt10_Head_baseILm0EPKN5Catch20IExceptionTranslatorELb0EE7_M_headERS4_ called 0 returned 0% blocks executed 0%
    #####:  233:      _M_head(_Head_base& __b) noexcept { return __b._M_head_impl; }
------------------
_ZNSt10_Head_baseILm0EPN5Catch6Detail8EnumInfoELb0EE7_M_headERS4_:
function _ZNSt10_Head_baseILm0EPN5Catch6Detail8EnumInfoELb0EE7_M_headERS4_ called 0 returned 0% blocks executed 0%
    #####:  233:      _M_head(_Head_base& __b) noexcept { return __b._M_head_impl; }
------------------
_ZNSt10_Head_baseILm0EPKN5Catch7IStreamELb0EE7_M_headERS4_:
function _ZNSt10_Head_baseILm0EPKN5Catch7IStreamELb0EE7_M_headERS4_ called 2 returned 100% blocks executed 100%
        2:  233:      _M_head(_Head_base& __b) noexcept { return __b._M_head_impl; }
------------------
        -:  234:
        -:  235:      static constexpr const _Head&
      25*:  236:      _M_head(const _Head_base& __b) noexcept { return __b._M_head_impl; }
------------------
_ZNSt10_Head_baseILm0EPbLb0EE7_M_headERKS1_:
function _ZNSt10_Head_baseILm0EPbLb0EE7_M_headERKS1_ called 0 returned 0% blocks executed 0%
    #####:  236:      _M_head(const _Head_base& __b) noexcept { return __b._M_head_impl; }
------------------
_ZNSt10_Head_baseILm0EPN5Catch12TablePrinterELb0EE7_M_headERKS3_:
function _ZNSt10_Head_baseILm0EPN5Catch12TablePrinterELb0EE7_M_headERKS3_ called 6 returned 100% blocks executed 100%
        6:  236:      _M_head(const _Head_base& __b) noexcept { return __b._M_head_impl; }
------------------
_ZNSt10_Head_baseILm0EPN5Catch18IStreamingReporterELb0EE7_M_headERKS3_:
function _ZNSt10_Head_baseILm0EPN5Catch18IStreamingReporterELb0EE7_M_headERKS3_ called 18 returned 100% blocks executed 100%
       18:  236:      _M_head(const _Head_base& __b) noexcept { return __b._M_head_impl; }
------------------
_ZNSt10_Head_baseILm0EPN5Catch10Generators20GeneratorUntypedBaseELb0EE7_M_headERKS4_:
function _ZNSt10_Head_baseILm0EPN5Catch10Generators20GeneratorUntypedBaseELb0EE7_M_headERKS4_ called 0 returned 0% blocks executed 0%
    #####:  236:      _M_head(const _Head_base& __b) noexcept { return __b._M_head_impl; }
------------------
_ZNSt10_Head_baseILm0EPKN5Catch20IExceptionTranslatorELb0EE7_M_headERKS4_:
function _ZNSt10_Head_baseILm0EPKN5Catch20IExceptionTranslatorELb0EE7_M_headERKS4_ called 0 returned 0% blocks executed 0%
    #####:  236:      _M_head(const _Head_base& __b) noexcept { return __b._M_head_impl; }
------------------
_ZNSt10_Head_baseILm0EPN5Catch6Detail8EnumInfoELb0EE7_M_headERKS4_:
function _ZNSt10_Head_baseILm0EPN5Catch6Detail8EnumInfoELb0EE7_M_headERKS4_ called 0 returned 0% blocks executed 0%
    #####:  236:      _M_head(const _Head_base& __b) noexcept { return __b._M_head_impl; }
------------------
_ZNSt10_Head_baseILm0EPKN5Catch7IStreamELb0EE7_M_headERKS4_:
function _ZNSt10_Head_baseILm0EPKN5Catch7IStreamELb0EE7_M_headERKS4_ called 1 returned 100% blocks executed 100%
        1:  236:      _M_head(const _Head_base& __b) noexcept { return __b._M_head_impl; }
------------------
_ZNSt10_Head_baseILm0EPNSt7__cxx1119basic_ostringstreamIcSt11char_traitsIcESaIcEEELb0EE7_M_headERKS7_:
function _ZNSt10_Head_baseILm0EPNSt7__cxx1119basic_ostringstreamIcSt11char_traitsIcESaIcEEELb0EE7_M_headERKS7_ called 0 returned 0% blocks executed 0%
    #####:  236:      _M_head(const _Head_base& __b) noexcept { return __b._M_head_impl; }
------------------
_ZNSt10_Head_baseILm0EPN5Catch6Detail12_GLOBAL__N_113StreamBufImplINS2_17OutputDebugWriterELm256EEELb0EE7_M_headERKS7_:
function _ZNSt10_Head_baseILm0EPN5Catch6Detail12_GLOBAL__N_113StreamBufImplINS2_17OutputDebugWriterELm256EEELb0EE7_M_headERKS7_ called 0 returned 0% blocks executed 0%
    #####:  236:      _M_head(const _Head_base& __b) noexcept { return __b._M_head_impl; }
------------------
        -:  237:
        -:  238:      _Head _M_head_impl;
        -:  239:    };
        -:  240:
        -:  241:  /**
        -:  242:   * Contains the actual implementation of the @c tuple template, stored
        -:  243:   * as a recursive inheritance hierarchy from the first element (most
        -:  244:   * derived class) to the last (least derived class). The @c Idx
        -:  245:   * parameter gives the 0-based index of the element stored at this
        -:  246:   * point in the hierarchy; we use it to implement a constant-time
        -:  247:   * get() operation.
        -:  248:   */
        -:  249:  template<size_t _Idx, typename... _Elements>
        -:  250:    struct _Tuple_impl;
        -:  251:
        -:  252:  /**
        -:  253:   * Recursive tuple implementation. Here we store the @c Head element
        -:  254:   * and derive from a @c Tuple_impl containing the remaining elements
        -:  255:   * (which contains the @c Tail).
        -:  256:   */
        -:  257:  template<size_t _Idx, typename _Head, typename... _Tail>
        -:  258:    struct _Tuple_impl<_Idx, _Head, _Tail...>
        -:  259:    : public _Tuple_impl<_Idx + 1, _Tail...>,
        -:  260:      private _Head_base<_Idx, _Head>
        -:  261:    {
        -:  262:      template<size_t, typename...> friend struct _Tuple_impl;
        -:  263:
        -:  264:      typedef _Tuple_impl<_Idx + 1, _Tail...> _Inherited;
        -:  265:      typedef _Head_base<_Idx, _Head> _Base;
        -:  266:
        -:  267:      static constexpr _Head&
      11*:  268:      _M_head(_Tuple_impl& __t) noexcept { return _Base::_M_head(__t); }
------------------
_ZNSt11_Tuple_implILm0EJPN5Catch15CompactReporterESt14default_deleteIS1_EEE7_M_headERS5_:
function _ZNSt11_Tuple_implILm0EJPN5Catch15CompactReporterESt14default_deleteIS1_EEE7_M_headERS5_ called 0 returned 0% blocks executed 0%
    #####:  268:      _M_head(_Tuple_impl& __t) noexcept { return _Base::_M_head(__t); }
call    0 never executed
------------------
_ZNSt11_Tuple_implILm0EJPN5Catch15ConsoleReporterESt14default_deleteIS1_EEE7_M_headERS5_:
function _ZNSt11_Tuple_implILm0EJPN5Catch15ConsoleReporterESt14default_deleteIS1_EEE7_M_headERS5_ called 4 returned 100% blocks executed 100%
        4:  268:      _M_head(_Tuple_impl& __t) noexcept { return _Base::_M_head(__t); }
call    0 returned 100%
------------------
_ZNSt11_Tuple_implILm0EJPN5Catch13JunitReporterESt14default_deleteIS1_EEE7_M_headERS5_:
function _ZNSt11_Tuple_implILm0EJPN5Catch13JunitReporterESt14default_deleteIS1_EEE7_M_headERS5_ called 0 returned 0% blocks executed 0%
    #####:  268:      _M_head(_Tuple_impl& __t) noexcept { return _Base::_M_head(__t); }
call    0 never executed
------------------
_ZNSt11_Tuple_implILm0EJPN5Catch11XmlReporterESt14default_deleteIS1_EEE7_M_headERS5_:
function _ZNSt11_Tuple_implILm0EJPN5Catch11XmlReporterESt14default_deleteIS1_EEE7_M_headERS5_ called 0 returned 0% blocks executed 0%
    #####:  268:      _M_head(_Tuple_impl& __t) noexcept { return _Base::_M_head(__t); }
call    0 never executed
------------------
_ZNSt11_Tuple_implILm0EJPbSt14default_deleteIA_bEEE7_M_headERS4_:
function _ZNSt11_Tuple_implILm0EJPbSt14default_deleteIA_bEEE7_M_headERS4_ called 0 returned 0% blocks executed 0%
    #####:  268:      _M_head(_Tuple_impl& __t) noexcept { return _Base::_M_head(__t); }
call    0 never executed
------------------
_ZNSt11_Tuple_implILm0EJPN5Catch12TablePrinterESt14default_deleteIS1_EEE7_M_headERS5_:
function _ZNSt11_Tuple_implILm0EJPN5Catch12TablePrinterESt14default_deleteIS1_EEE7_M_headERS5_ called 2 returned 100% blocks executed 100%
        2:  268:      _M_head(_Tuple_impl& __t) noexcept { return _Base::_M_head(__t); }
call    0 returned 100%
------------------
_ZNSt11_Tuple_implILm0EJPNSt7__cxx1119basic_ostringstreamIcSt11char_traitsIcESaIcEEESt14default_deleteIS5_EEE7_M_headERS9_:
function _ZNSt11_Tuple_implILm0EJPNSt7__cxx1119basic_ostringstreamIcSt11char_traitsIcESaIcEEESt14default_deleteIS5_EEE7_M_headERS9_ called 0 returned 0% blocks executed 0%
    #####:  268:      _M_head(_Tuple_impl& __t) noexcept { return _Base::_M_head(__t); }
call    0 never executed
------------------
_ZNSt11_Tuple_implILm0EJPN5Catch6Detail12_GLOBAL__N_113StreamBufImplINS2_17OutputDebugWriterELm256EEESt14default_deleteIS5_EEE7_M_headERS9_:
function _ZNSt11_Tuple_implILm0EJPN5Catch6Detail12_GLOBAL__N_113StreamBufImplINS2_17OutputDebugWriterELm256EEESt14default_deleteIS5_EEE7_M_headERS9_ called 0 returned 0% blocks executed 0%
    #####:  268:      _M_head(_Tuple_impl& __t) noexcept { return _Base::_M_head(__t); }
call    0 never executed
------------------
_ZNSt11_Tuple_implILm0EJPN5Catch10Generators20GeneratorUntypedBaseESt14default_deleteIS2_EEE7_M_headERS6_:
function _ZNSt11_Tuple_implILm0EJPN5Catch10Generators20GeneratorUntypedBaseESt14default_deleteIS2_EEE7_M_headERS6_ called 0 returned 0% blocks executed 0%
    #####:  268:      _M_head(_Tuple_impl& __t) noexcept { return _Base::_M_head(__t); }
call    0 never executed
------------------
_ZNSt11_Tuple_implILm0EJPN5Catch18IStreamingReporterESt14default_deleteIS1_EEE7_M_headERS5_:
function _ZNSt11_Tuple_implILm0EJPN5Catch18IStreamingReporterESt14default_deleteIS1_EEE7_M_headERS5_ called 3 returned 100% blocks executed 100%
        3:  268:      _M_head(_Tuple_impl& __t) noexcept { return _Base::_M_head(__t); }
call    0 returned 100%
------------------
_ZNSt11_Tuple_implILm0EJPKN5Catch20IExceptionTranslatorESt14default_deleteIS2_EEE7_M_headERS6_:
function _ZNSt11_Tuple_implILm0EJPKN5Catch20IExceptionTranslatorESt14default_deleteIS2_EEE7_M_headERS6_ called 0 returned 0% blocks executed 0%
    #####:  268:      _M_head(_Tuple_impl& __t) noexcept { return _Base::_M_head(__t); }
call    0 never executed
------------------
_ZNSt11_Tuple_implILm0EJPN5Catch6Detail8EnumInfoESt14default_deleteIS2_EEE7_M_headERS6_:
function _ZNSt11_Tuple_implILm0EJPN5Catch6Detail8EnumInfoESt14default_deleteIS2_EEE7_M_headERS6_ called 0 returned 0% blocks executed 0%
    #####:  268:      _M_head(_Tuple_impl& __t) noexcept { return _Base::_M_head(__t); }
call    0 never executed
------------------
_ZNSt11_Tuple_implILm0EJPKN5Catch7IStreamESt14default_deleteIS2_EEE7_M_headERS6_:
function _ZNSt11_Tuple_implILm0EJPKN5Catch7IStreamESt14default_deleteIS2_EEE7_M_headERS6_ called 2 returned 100% blocks executed 100%
        2:  268:      _M_head(_Tuple_impl& __t) noexcept { return _Base::_M_head(__t); }
call    0 returned 100%
------------------
        -:  269:
        -:  270:      static constexpr const _Head&
      25*:  271:      _M_head(const _Tuple_impl& __t) noexcept { return _Base::_M_head(__t); }
------------------
_ZNSt11_Tuple_implILm0EJPbSt14default_deleteIA_bEEE7_M_headERKS4_:
function _ZNSt11_Tuple_implILm0EJPbSt14default_deleteIA_bEEE7_M_headERKS4_ called 0 returned 0% blocks executed 0%
    #####:  271:      _M_head(const _Tuple_impl& __t) noexcept { return _Base::_M_head(__t); }
call    0 never executed
------------------
_ZNSt11_Tuple_implILm0EJPN5Catch12TablePrinterESt14default_deleteIS1_EEE7_M_headERKS5_:
function _ZNSt11_Tuple_implILm0EJPN5Catch12TablePrinterESt14default_deleteIS1_EEE7_M_headERKS5_ called 6 returned 100% blocks executed 100%
        6:  271:      _M_head(const _Tuple_impl& __t) noexcept { return _Base::_M_head(__t); }
call    0 returned 100%
------------------
_ZNSt11_Tuple_implILm0EJPN5Catch18IStreamingReporterESt14default_deleteIS1_EEE7_M_headERKS5_:
function _ZNSt11_Tuple_implILm0EJPN5Catch18IStreamingReporterESt14default_deleteIS1_EEE7_M_headERKS5_ called 18 returned 100% blocks executed 100%
       18:  271:      _M_head(const _Tuple_impl& __t) noexcept { return _Base::_M_head(__t); }
call    0 returned 100%
------------------
_ZNSt11_Tuple_implILm0EJPN5Catch10Generators20GeneratorUntypedBaseESt14default_deleteIS2_EEE7_M_headERKS6_:
function _ZNSt11_Tuple_implILm0EJPN5Catch10Generators20GeneratorUntypedBaseESt14default_deleteIS2_EEE7_M_headERKS6_ called 0 returned 0% blocks executed 0%
    #####:  271:      _M_head(const _Tuple_impl& __t) noexcept { return _Base::_M_head(__t); }
call    0 never executed
------------------
_ZNSt11_Tuple_implILm0EJPKN5Catch20IExceptionTranslatorESt14default_deleteIS2_EEE7_M_headERKS6_:
function _ZNSt11_Tuple_implILm0EJPKN5Catch20IExceptionTranslatorESt14default_deleteIS2_EEE7_M_headERKS6_ called 0 returned 0% blocks executed 0%
    #####:  271:      _M_head(const _Tuple_impl& __t) noexcept { return _Base::_M_head(__t); }
call    0 never executed
------------------
_ZNSt11_Tuple_implILm0EJPN5Catch6Detail8EnumInfoESt14default_deleteIS2_EEE7_M_headERKS6_:
function _ZNSt11_Tuple_implILm0EJPN5Catch6Detail8EnumInfoESt14default_deleteIS2_EEE7_M_headERKS6_ called 0 returned 0% blocks executed 0%
    #####:  271:      _M_head(const _Tuple_impl& __t) noexcept { return _Base::_M_head(__t); }
call    0 never executed
------------------
_ZNSt11_Tuple_implILm0EJPKN5Catch7IStreamESt14default_deleteIS2_EEE7_M_headERKS6_:
function _ZNSt11_Tuple_implILm0EJPKN5Catch7IStreamESt14default_deleteIS2_EEE7_M_headERKS6_ called 1 returned 100% blocks executed 100%
        1:  271:      _M_head(const _Tuple_impl& __t) noexcept { return _Base::_M_head(__t); }
call    0 returned 100%
------------------
_ZNSt11_Tuple_implILm0EJPNSt7__cxx1119basic_ostringstreamIcSt11char_traitsIcESaIcEEESt14default_deleteIS5_EEE7_M_headERKS9_:
function _ZNSt11_Tuple_implILm0EJPNSt7__cxx1119basic_ostringstreamIcSt11char_traitsIcESaIcEEESt14default_deleteIS5_EEE7_M_headERKS9_ called 0 returned 0% blocks executed 0%
    #####:  271:      _M_head(const _Tuple_impl& __t) noexcept { return _Base::_M_head(__t); }
call    0 never executed
------------------
_ZNSt11_Tuple_implILm0EJPN5Catch6Detail12_GLOBAL__N_113StreamBufImplINS2_17OutputDebugWriterELm256EEESt14default_deleteIS5_EEE7_M_headERKS9_:
function _ZNSt11_Tuple_implILm0EJPN5Catch6Detail12_GLOBAL__N_113StreamBufImplINS2_17OutputDebugWriterELm256EEESt14default_deleteIS5_EEE7_M_headERKS9_ called 0 returned 0% blocks executed 0%
    #####:  271:      _M_head(const _Tuple_impl& __t) noexcept { return _Base::_M_head(__t); }
call    0 never executed
------------------
        -:  272:
        -:  273:      static constexpr _Inherited&
        -:  274:      _M_tail(_Tuple_impl& __t) noexcept { return __t; }
        -:  275:
        -:  276:      static constexpr const _Inherited&
        -:  277:      _M_tail(const _Tuple_impl& __t) noexcept { return __t; }
        -:  278:
       3*:  279:      constexpr _Tuple_impl()
       3*:  280:      : _Inherited(), _Base() { }
------------------
_ZNSt11_Tuple_implILm0EJPN5Catch15CompactReporterESt14default_deleteIS1_EEEC2Ev:
function _ZNSt11_Tuple_implILm0EJPN5Catch15CompactReporterESt14default_deleteIS1_EEEC2Ev called 0 returned 0% blocks executed 0%
    #####:  279:      constexpr _Tuple_impl()
    #####:  280:      : _Inherited(), _Base() { }
call    0 never executed
call    1 never executed
------------------
_ZNSt11_Tuple_implILm0EJPN5Catch15ConsoleReporterESt14default_deleteIS1_EEEC2Ev:
function _ZNSt11_Tuple_implILm0EJPN5Catch15ConsoleReporterESt14default_deleteIS1_EEEC2Ev called 1 returned 100% blocks executed 100%
        1:  279:      constexpr _Tuple_impl()
        1:  280:      : _Inherited(), _Base() { }
call    0 returned 100%
call    1 returned 100%
------------------
_ZNSt11_Tuple_implILm0EJPN5Catch13JunitReporterESt14default_deleteIS1_EEEC2Ev:
function _ZNSt11_Tuple_implILm0EJPN5Catch13JunitReporterESt14default_deleteIS1_EEEC2Ev called 0 returned 0% blocks executed 0%
    #####:  279:      constexpr _Tuple_impl()
    #####:  280:      : _Inherited(), _Base() { }
call    0 never executed
call    1 never executed
------------------
_ZNSt11_Tuple_implILm0EJPN5Catch11XmlReporterESt14default_deleteIS1_EEEC2Ev:
function _ZNSt11_Tuple_implILm0EJPN5Catch11XmlReporterESt14default_deleteIS1_EEEC2Ev called 0 returned 0% blocks executed 0%
    #####:  279:      constexpr _Tuple_impl()
    #####:  280:      : _Inherited(), _Base() { }
call    0 never executed
call    1 never executed
------------------
_ZNSt11_Tuple_implILm0EJPbSt14default_deleteIA_bEEEC2Ev:
function _ZNSt11_Tuple_implILm0EJPbSt14default_deleteIA_bEEEC2Ev called 0 returned 0% blocks executed 0%
    #####:  279:      constexpr _Tuple_impl()
    #####:  280:      : _Inherited(), _Base() { }
call    0 never executed
call    1 never executed
------------------
_ZNSt11_Tuple_implILm0EJPN5Catch12TablePrinterESt14default_deleteIS1_EEEC2Ev:
function _ZNSt11_Tuple_implILm0EJPN5Catch12TablePrinterESt14default_deleteIS1_EEEC2Ev called 1 returned 100% blocks executed 100%
        1:  279:      constexpr _Tuple_impl()
        1:  280:      : _Inherited(), _Base() { }
call    0 returned 100%
call    1 returned 100%
------------------
_ZNSt11_Tuple_implILm0EJPNSt7__cxx1119basic_ostringstreamIcSt11char_traitsIcESaIcEEESt14default_deleteIS5_EEEC2Ev:
function _ZNSt11_Tuple_implILm0EJPNSt7__cxx1119basic_ostringstreamIcSt11char_traitsIcESaIcEEESt14default_deleteIS5_EEEC2Ev called 0 returned 0% blocks executed 0%
    #####:  279:      constexpr _Tuple_impl()
    #####:  280:      : _Inherited(), _Base() { }
call    0 never executed
call    1 never executed
------------------
_ZNSt11_Tuple_implILm0EJPN5Catch6Detail12_GLOBAL__N_113StreamBufImplINS2_17OutputDebugWriterELm256EEESt14default_deleteIS5_EEEC2Ev:
function _ZNSt11_Tuple_implILm0EJPN5Catch6Detail12_GLOBAL__N_113StreamBufImplINS2_17OutputDebugWriterELm256EEESt14default_deleteIS5_EEEC2Ev called 0 returned 0% blocks executed 0%
    #####:  279:      constexpr _Tuple_impl()
    #####:  280:      : _Inherited(), _Base() { }
call    0 never executed
call    1 never executed
------------------
_ZNSt11_Tuple_implILm0EJPKN5Catch20IExceptionTranslatorESt14default_deleteIS2_EEEC2Ev:
function _ZNSt11_Tuple_implILm0EJPKN5Catch20IExceptionTranslatorESt14default_deleteIS2_EEEC2Ev called 0 returned 0% blocks executed 0%
    #####:  279:      constexpr _Tuple_impl()
    #####:  280:      : _Inherited(), _Base() { }
call    0 never executed
call    1 never executed
------------------
_ZNSt11_Tuple_implILm0EJPN5Catch6Detail8EnumInfoESt14default_deleteIS2_EEEC2Ev:
function _ZNSt11_Tuple_implILm0EJPN5Catch6Detail8EnumInfoESt14default_deleteIS2_EEEC2Ev called 0 returned 0% blocks executed 0%
    #####:  279:      constexpr _Tuple_impl()
    #####:  280:      : _Inherited(), _Base() { }
call    0 never executed
call    1 never executed
------------------
_ZNSt11_Tuple_implILm0EJPKN5Catch7IStreamESt14default_deleteIS2_EEEC2Ev:
function _ZNSt11_Tuple_implILm0EJPKN5Catch7IStreamESt14default_deleteIS2_EEEC2Ev called 1 returned 100% blocks executed 100%
        1:  279:      constexpr _Tuple_impl()
        1:  280:      : _Inherited(), _Base() { }
call    0 returned 100%
call    1 returned 100%
------------------
_ZNSt11_Tuple_implILm0EJPN5Catch10Generators20GeneratorUntypedBaseESt14default_deleteIS2_EEEC2Ev:
function _ZNSt11_Tuple_implILm0EJPN5Catch10Generators20GeneratorUntypedBaseESt14default_deleteIS2_EEEC2Ev called 0 returned 0% blocks executed 0%
    #####:  279:      constexpr _Tuple_impl()
    #####:  280:      : _Inherited(), _Base() { }
call    0 never executed
call    1 never executed
------------------
_ZNSt11_Tuple_implILm0EJPN5Catch18IStreamingReporterESt14default_deleteIS1_EEEC2Ev:
function _ZNSt11_Tuple_implILm0EJPN5Catch18IStreamingReporterESt14default_deleteIS1_EEEC2Ev called 0 returned 0% blocks executed 0%
    #####:  279:      constexpr _Tuple_impl()
    #####:  280:      : _Inherited(), _Base() { }
call    0 never executed
call    1 never executed
------------------
        -:  281:
        -:  282:      explicit constexpr
        -:  283:      _Tuple_impl(const _Head& __head, const _Tail&... __tail)
        -:  284:      : _Inherited(__tail...), _Base(__head)
        -:  285:      { }
        -:  286:
        -:  287:      template<typename _UHead, typename... _UTail,
        -:  288:	       typename = __enable_if_t<sizeof...(_Tail) == sizeof...(_UTail)>>
        -:  289:	explicit constexpr
       1*:  290:	_Tuple_impl(_UHead&& __head, _UTail&&... __tail)
        -:  291:	: _Inherited(std::forward<_UTail>(__tail)...),
       1*:  292:	  _Base(std::forward<_UHead>(__head))
       1*:  293:	{ }
------------------
_ZNSt11_Tuple_implILm0EJPN5Catch18IStreamingReporterESt14default_deleteIS1_EEEC2IRS2_JS3_INS0_15CompactReporterEEEvEEOT_DpOT0_:
function _ZNSt11_Tuple_implILm0EJPN5Catch18IStreamingReporterESt14default_deleteIS1_EEEC2IRS2_JS3_INS0_15CompactReporterEEEvEEOT_DpOT0_ called 0 returned 0% blocks executed 0%
    #####:  290:	_Tuple_impl(_UHead&& __head, _UTail&&... __tail)
        -:  291:	: _Inherited(std::forward<_UTail>(__tail)...),
    #####:  292:	  _Base(std::forward<_UHead>(__head))
call    0 never executed
call    1 never executed
call    2 never executed
call    3 never executed
    #####:  293:	{ }
------------------
_ZNSt11_Tuple_implILm0EJPN5Catch18IStreamingReporterESt14default_deleteIS1_EEEC2IRS2_JS3_INS0_15ConsoleReporterEEEvEEOT_DpOT0_:
function _ZNSt11_Tuple_implILm0EJPN5Catch18IStreamingReporterESt14default_deleteIS1_EEEC2IRS2_JS3_INS0_15ConsoleReporterEEEvEEOT_DpOT0_ called 1 returned 100% blocks executed 100%
        1:  290:	_Tuple_impl(_UHead&& __head, _UTail&&... __tail)
        -:  291:	: _Inherited(std::forward<_UTail>(__tail)...),
        1:  292:	  _Base(std::forward<_UHead>(__head))
call    0 returned 100%
call    1 returned 100%
call    2 returned 100%
call    3 returned 100%
        1:  293:	{ }
------------------
_ZNSt11_Tuple_implILm0EJPN5Catch18IStreamingReporterESt14default_deleteIS1_EEEC2IRS2_JS3_INS0_13JunitReporterEEEvEEOT_DpOT0_:
function _ZNSt11_Tuple_implILm0EJPN5Catch18IStreamingReporterESt14default_deleteIS1_EEEC2IRS2_JS3_INS0_13JunitReporterEEEvEEOT_DpOT0_ called 0 returned 0% blocks executed 0%
    #####:  290:	_Tuple_impl(_UHead&& __head, _UTail&&... __tail)
        -:  291:	: _Inherited(std::forward<_UTail>(__tail)...),
    #####:  292:	  _Base(std::forward<_UHead>(__head))
call    0 never executed
call    1 never executed
call    2 never executed
call    3 never executed
    #####:  293:	{ }
------------------
_ZNSt11_Tuple_implILm0EJPN5Catch18IStreamingReporterESt14default_deleteIS1_EEEC2IRS2_JS3_INS0_11XmlReporterEEEvEEOT_DpOT0_:
function _ZNSt11_Tuple_implILm0EJPN5Catch18IStreamingReporterESt14default_deleteIS1_EEEC2IRS2_JS3_INS0_11XmlReporterEEEvEEOT_DpOT0_ called 0 returned 0% blocks executed 0%
    #####:  290:	_Tuple_impl(_UHead&& __head, _UTail&&... __tail)
        -:  291:	: _Inherited(std::forward<_UTail>(__tail)...),
    #####:  292:	  _Base(std::forward<_UHead>(__head))
call    0 never executed
call    1 never executed
call    2 never executed
call    3 never executed
    #####:  293:	{ }
------------------
        -:  294:
        -:  295:      constexpr _Tuple_impl(const _Tuple_impl&) = default;
        -:  296:
        -:  297:      // _GLIBCXX_RESOLVE_LIB_DEFECTS
        -:  298:      // 2729. Missing SFINAE on std::pair::operator=
        -:  299:      _Tuple_impl& operator=(const _Tuple_impl&) = delete;
        -:  300:
       1*:  301:      _Tuple_impl(_Tuple_impl&&) = default;
------------------
_ZNSt11_Tuple_implILm0EJPNSt7__cxx1119basic_ostringstreamIcSt11char_traitsIcESaIcEEESt14default_deleteIS5_EEEC2EOS9_:
function _ZNSt11_Tuple_implILm0EJPNSt7__cxx1119basic_ostringstreamIcSt11char_traitsIcESaIcEEESt14default_deleteIS5_EEEC2EOS9_ called 0 returned 0% blocks executed 0%
    #####:  301:      _Tuple_impl(_Tuple_impl&&) = default;
call    0 never executed
------------------
_ZNSt11_Tuple_implILm0EJPKN5Catch20IExceptionTranslatorESt14default_deleteIS2_EEEC2EOS6_:
function _ZNSt11_Tuple_implILm0EJPKN5Catch20IExceptionTranslatorESt14default_deleteIS2_EEEC2EOS6_ called 0 returned 0% blocks executed 0%
    #####:  301:      _Tuple_impl(_Tuple_impl&&) = default;
call    0 never executed
------------------
_ZNSt11_Tuple_implILm0EJPN5Catch18IStreamingReporterESt14default_deleteIS1_EEEC2EOS5_:
function _ZNSt11_Tuple_implILm0EJPN5Catch18IStreamingReporterESt14default_deleteIS1_EEEC2EOS5_ called 1 returned 100% blocks executed 100%
        1:  301:      _Tuple_impl(_Tuple_impl&&) = default;
call    0 returned 100%
------------------
_ZNSt11_Tuple_implILm0EJPN5Catch6Detail8EnumInfoESt14default_deleteIS2_EEEC2EOS6_:
function _ZNSt11_Tuple_implILm0EJPN5Catch6Detail8EnumInfoESt14default_deleteIS2_EEEC2EOS6_ called 0 returned 0% blocks executed 0%
    #####:  301:      _Tuple_impl(_Tuple_impl&&) = default;
call    0 never executed
------------------
        -:  302:
        -:  303:      template<typename... _UElements>
        -:  304:	constexpr
        -:  305:	_Tuple_impl(const _Tuple_impl<_Idx, _UElements...>& __in)
        -:  306:	: _Inherited(_Tuple_impl<_Idx, _UElements...>::_M_tail(__in)),
        -:  307:	  _Base(_Tuple_impl<_Idx, _UElements...>::_M_head(__in))
        -:  308:	{ }
        -:  309:
        -:  310:      template<typename _UHead, typename... _UTails>
        -:  311:	constexpr
        -:  312:	_Tuple_impl(_Tuple_impl<_Idx, _UHead, _UTails...>&& __in)
        -:  313:	: _Inherited(std::move
        -:  314:		     (_Tuple_impl<_Idx, _UHead, _UTails...>::_M_tail(__in))),
        -:  315:	  _Base(std::forward<_UHead>
        -:  316:		(_Tuple_impl<_Idx, _UHead, _UTails...>::_M_head(__in)))
        -:  317:	{ }
        -:  318:
        -:  319:      template<typename _Alloc>
        -:  320:	_GLIBCXX20_CONSTEXPR
        -:  321:	_Tuple_impl(allocator_arg_t __tag, const _Alloc& __a)
        -:  322:	: _Inherited(__tag, __a),
        -:  323:	  _Base(__tag, __use_alloc<_Head>(__a))
        -:  324:	{ }
        -:  325:
        -:  326:      template<typename _Alloc>
        -:  327:	_GLIBCXX20_CONSTEXPR
        -:  328:	_Tuple_impl(allocator_arg_t __tag, const _Alloc& __a,
        -:  329:		    const _Head& __head, const _Tail&... __tail)
        -:  330:	: _Inherited(__tag, __a, __tail...),
        -:  331:	  _Base(__use_alloc<_Head, _Alloc, _Head>(__a), __head)
        -:  332:	{ }
        -:  333:
        -:  334:      template<typename _Alloc, typename _UHead, typename... _UTail,
        -:  335:	       typename = __enable_if_t<sizeof...(_Tail) == sizeof...(_UTail)>>
        -:  336:	_GLIBCXX20_CONSTEXPR
        -:  337:	_Tuple_impl(allocator_arg_t __tag, const _Alloc& __a,
        -:  338:		    _UHead&& __head, _UTail&&... __tail)
        -:  339:	: _Inherited(__tag, __a, std::forward<_UTail>(__tail)...),
        -:  340:	  _Base(__use_alloc<_Head, _Alloc, _UHead>(__a),
        -:  341:		std::forward<_UHead>(__head))
        -:  342:	{ }
        -:  343:
        -:  344:      template<typename _Alloc>
        -:  345:	_GLIBCXX20_CONSTEXPR
        -:  346:	_Tuple_impl(allocator_arg_t __tag, const _Alloc& __a,
        -:  347:		    const _Tuple_impl& __in)
        -:  348:	: _Inherited(__tag, __a, _M_tail(__in)),
        -:  349:	  _Base(__use_alloc<_Head, _Alloc, _Head>(__a), _M_head(__in))
        -:  350:	{ }
        -:  351:
        -:  352:      template<typename _Alloc>
        -:  353:	_GLIBCXX20_CONSTEXPR
        -:  354:	_Tuple_impl(allocator_arg_t __tag, const _Alloc& __a,
        -:  355:		    _Tuple_impl&& __in)
        -:  356:	: _Inherited(__tag, __a, std::move(_M_tail(__in))),
        -:  357:	  _Base(__use_alloc<_Head, _Alloc, _Head>(__a),
        -:  358:		std::forward<_Head>(_M_head(__in)))
        -:  359:	{ }
        -:  360:
        -:  361:      template<typename _Alloc, typename _UHead, typename... _UTails>
        -:  362:	_GLIBCXX20_CONSTEXPR
        -:  363:	_Tuple_impl(allocator_arg_t __tag, const _Alloc& __a,
        -:  364:		    const _Tuple_impl<_Idx, _UHead, _UTails...>& __in)
        -:  365:	: _Inherited(__tag, __a,
        -:  366:		     _Tuple_impl<_Idx, _UHead, _UTails...>::_M_tail(__in)),
        -:  367:	  _Base(__use_alloc<_Head, _Alloc, const _UHead&>(__a),
        -:  368:		_Tuple_impl<_Idx, _UHead, _UTails...>::_M_head(__in))
        -:  369:	{ }
        -:  370:
        -:  371:      template<typename _Alloc, typename _UHead, typename... _UTails>
        -:  372:	_GLIBCXX20_CONSTEXPR
        -:  373:	_Tuple_impl(allocator_arg_t __tag, const _Alloc& __a,
        -:  374:		    _Tuple_impl<_Idx, _UHead, _UTails...>&& __in)
        -:  375:	: _Inherited(__tag, __a, std::move
        -:  376:		     (_Tuple_impl<_Idx, _UHead, _UTails...>::_M_tail(__in))),
        -:  377:	  _Base(__use_alloc<_Head, _Alloc, _UHead>(__a),
        -:  378:		std::forward<_UHead>
        -:  379:		(_Tuple_impl<_Idx, _UHead, _UTails...>::_M_head(__in)))
        -:  380:	{ }
        -:  381:
        -:  382:      template<typename... _UElements>
        -:  383:	_GLIBCXX20_CONSTEXPR
        -:  384:	void
        -:  385:	_M_assign(const _Tuple_impl<_Idx, _UElements...>& __in)
        -:  386:	{
        -:  387:	  _M_head(*this) = _Tuple_impl<_Idx, _UElements...>::_M_head(__in);
        -:  388:	  _M_tail(*this)._M_assign(
        -:  389:	      _Tuple_impl<_Idx, _UElements...>::_M_tail(__in));
        -:  390:	}
        -:  391:
        -:  392:      template<typename _UHead, typename... _UTails>
        -:  393:	_GLIBCXX20_CONSTEXPR
        -:  394:	void
        -:  395:	_M_assign(_Tuple_impl<_Idx, _UHead, _UTails...>&& __in)
        -:  396:	{
        -:  397:	  _M_head(*this) = std::forward<_UHead>
        -:  398:	    (_Tuple_impl<_Idx, _UHead, _UTails...>::_M_head(__in));
        -:  399:	  _M_tail(*this)._M_assign(
        -:  400:	      std::move(_Tuple_impl<_Idx, _UHead, _UTails...>::_M_tail(__in)));
        -:  401:	}
        -:  402:
        -:  403:    protected:
        -:  404:      _GLIBCXX20_CONSTEXPR
        -:  405:      void
        -:  406:      _M_swap(_Tuple_impl& __in)
        -:  407:      {
        -:  408:	using std::swap;
        -:  409:	swap(_M_head(*this), _M_head(__in));
        -:  410:	_Inherited::_M_swap(_M_tail(__in));
        -:  411:      }
        -:  412:    };
        -:  413:
        -:  414:  // Basis case of inheritance recursion.
        -:  415:  template<size_t _Idx, typename _Head>
        -:  416:    struct _Tuple_impl<_Idx, _Head>
        -:  417:    : private _Head_base<_Idx, _Head>
        -:  418:    {
        -:  419:      template<size_t, typename...> friend struct _Tuple_impl;
        -:  420:
        -:  421:      typedef _Head_base<_Idx, _Head> _Base;
        -:  422:
        -:  423:      static constexpr _Head&
       4*:  424:      _M_head(_Tuple_impl& __t) noexcept { return _Base::_M_head(__t); }
------------------
_ZNSt11_Tuple_implILm1EJSt14default_deleteIN5Catch15CompactReporterEEEE7_M_headERS4_:
function _ZNSt11_Tuple_implILm1EJSt14default_deleteIN5Catch15CompactReporterEEEE7_M_headERS4_ called 0 returned 0% blocks executed 0%
    #####:  424:      _M_head(_Tuple_impl& __t) noexcept { return _Base::_M_head(__t); }
call    0 never executed
------------------
_ZNSt11_Tuple_implILm1EJSt14default_deleteIN5Catch15ConsoleReporterEEEE7_M_headERS4_:
function _ZNSt11_Tuple_implILm1EJSt14default_deleteIN5Catch15ConsoleReporterEEEE7_M_headERS4_ called 1 returned 100% blocks executed 100%
        1:  424:      _M_head(_Tuple_impl& __t) noexcept { return _Base::_M_head(__t); }
call    0 returned 100%
------------------
_ZNSt11_Tuple_implILm1EJSt14default_deleteIN5Catch13JunitReporterEEEE7_M_headERS4_:
function _ZNSt11_Tuple_implILm1EJSt14default_deleteIN5Catch13JunitReporterEEEE7_M_headERS4_ called 0 returned 0% blocks executed 0%
    #####:  424:      _M_head(_Tuple_impl& __t) noexcept { return _Base::_M_head(__t); }
call    0 never executed
------------------
_ZNSt11_Tuple_implILm1EJSt14default_deleteIN5Catch11XmlReporterEEEE7_M_headERS4_:
function _ZNSt11_Tuple_implILm1EJSt14default_deleteIN5Catch11XmlReporterEEEE7_M_headERS4_ called 0 returned 0% blocks executed 0%
    #####:  424:      _M_head(_Tuple_impl& __t) noexcept { return _Base::_M_head(__t); }
call    0 never executed
------------------
_ZNSt11_Tuple_implILm0EJRKlEE7_M_headERS2_:
function _ZNSt11_Tuple_implILm0EJRKlEE7_M_headERS2_ called 0 returned 0% blocks executed 0%
    #####:  424:      _M_head(_Tuple_impl& __t) noexcept { return _Base::_M_head(__t); }
call    0 never executed
------------------
_ZNSt11_Tuple_implILm1EJSt14default_deleteIA_bEEE7_M_headERS3_:
function _ZNSt11_Tuple_implILm1EJSt14default_deleteIA_bEEE7_M_headERS3_ called 0 returned 0% blocks executed 0%
    #####:  424:      _M_head(_Tuple_impl& __t) noexcept { return _Base::_M_head(__t); }
call    0 never executed
------------------
_ZNSt11_Tuple_implILm1EJSt14default_deleteIN5Catch12TablePrinterEEEE7_M_headERS4_:
function _ZNSt11_Tuple_implILm1EJSt14default_deleteIN5Catch12TablePrinterEEEE7_M_headERS4_ called 1 returned 100% blocks executed 100%
        1:  424:      _M_head(_Tuple_impl& __t) noexcept { return _Base::_M_head(__t); }
call    0 returned 100%
------------------
_ZNSt11_Tuple_implILm1EJSt14default_deleteINSt7__cxx1119basic_ostringstreamIcSt11char_traitsIcESaIcEEEEEE7_M_headERS8_:
function _ZNSt11_Tuple_implILm1EJSt14default_deleteINSt7__cxx1119basic_ostringstreamIcSt11char_traitsIcESaIcEEEEEE7_M_headERS8_ called 0 returned 0% blocks executed 0%
    #####:  424:      _M_head(_Tuple_impl& __t) noexcept { return _Base::_M_head(__t); }
call    0 never executed
------------------
_ZNSt11_Tuple_implILm1EJSt14default_deleteIN5Catch6Detail12_GLOBAL__N_113StreamBufImplINS3_17OutputDebugWriterELm256EEEEEE7_M_headERS8_:
function _ZNSt11_Tuple_implILm1EJSt14default_deleteIN5Catch6Detail12_GLOBAL__N_113StreamBufImplINS3_17OutputDebugWriterELm256EEEEEE7_M_headERS8_ called 0 returned 0% blocks executed 0%
    #####:  424:      _M_head(_Tuple_impl& __t) noexcept { return _Base::_M_head(__t); }
call    0 never executed
------------------
_ZNSt11_Tuple_implILm1EJSt14default_deleteIKN5Catch20IExceptionTranslatorEEEE7_M_headERS5_:
function _ZNSt11_Tuple_implILm1EJSt14default_deleteIKN5Catch20IExceptionTranslatorEEEE7_M_headERS5_ called 0 returned 0% blocks executed 0%
    #####:  424:      _M_head(_Tuple_impl& __t) noexcept { return _Base::_M_head(__t); }
call    0 never executed
------------------
_ZNSt11_Tuple_implILm1EJSt14default_deleteIN5Catch6Detail8EnumInfoEEEE7_M_headERS5_:
function _ZNSt11_Tuple_implILm1EJSt14default_deleteIN5Catch6Detail8EnumInfoEEEE7_M_headERS5_ called 0 returned 0% blocks executed 0%
    #####:  424:      _M_head(_Tuple_impl& __t) noexcept { return _Base::_M_head(__t); }
call    0 never executed
------------------
_ZNSt11_Tuple_implILm1EJSt14default_deleteIKN5Catch7IStreamEEEE7_M_headERS5_:
function _ZNSt11_Tuple_implILm1EJSt14default_deleteIKN5Catch7IStreamEEEE7_M_headERS5_ called 1 returned 100% blocks executed 100%
        1:  424:      _M_head(_Tuple_impl& __t) noexcept { return _Base::_M_head(__t); }
call    0 returned 100%
------------------
_ZNSt11_Tuple_implILm1EJSt14default_deleteIN5Catch18IStreamingReporterEEEE7_M_headERS4_:
function _ZNSt11_Tuple_implILm1EJSt14default_deleteIN5Catch18IStreamingReporterEEEE7_M_headERS4_ called 1 returned 100% blocks executed 100%
        1:  424:      _M_head(_Tuple_impl& __t) noexcept { return _Base::_M_head(__t); }
call    0 returned 100%
------------------
_ZNSt11_Tuple_implILm1EJSt14default_deleteIN5Catch10Generators20GeneratorUntypedBaseEEEE7_M_headERS5_:
function _ZNSt11_Tuple_implILm1EJSt14default_deleteIN5Catch10Generators20GeneratorUntypedBaseEEEE7_M_headERS5_ called 0 returned 0% blocks executed 0%
    #####:  424:      _M_head(_Tuple_impl& __t) noexcept { return _Base::_M_head(__t); }
call    0 never executed
------------------
        -:  425:
        -:  426:      static constexpr const _Head&
        -:  427:      _M_head(const _Tuple_impl& __t) noexcept { return _Base::_M_head(__t); }
        -:  428:
        -:  429:      constexpr
       3*:  430:      _Tuple_impl()
       3*:  431:      : _Base() { }
------------------
_ZNSt11_Tuple_implILm1EJSt14default_deleteIN5Catch15CompactReporterEEEEC2Ev:
function _ZNSt11_Tuple_implILm1EJSt14default_deleteIN5Catch15CompactReporterEEEEC2Ev called 0 returned 0% blocks executed 0%
    #####:  430:      _Tuple_impl()
    #####:  431:      : _Base() { }
call    0 never executed
------------------
_ZNSt11_Tuple_implILm1EJSt14default_deleteIN5Catch15ConsoleReporterEEEEC2Ev:
function _ZNSt11_Tuple_implILm1EJSt14default_deleteIN5Catch15ConsoleReporterEEEEC2Ev called 1 returned 100% blocks executed 100%
        1:  430:      _Tuple_impl()
        1:  431:      : _Base() { }
call    0 returned 100%
------------------
_ZNSt11_Tuple_implILm1EJSt14default_deleteIN5Catch13JunitReporterEEEEC2Ev:
function _ZNSt11_Tuple_implILm1EJSt14default_deleteIN5Catch13JunitReporterEEEEC2Ev called 0 returned 0% blocks executed 0%
    #####:  430:      _Tuple_impl()
    #####:  431:      : _Base() { }
call    0 never executed
------------------
_ZNSt11_Tuple_implILm1EJSt14default_deleteIN5Catch11XmlReporterEEEEC2Ev:
function _ZNSt11_Tuple_implILm1EJSt14default_deleteIN5Catch11XmlReporterEEEEC2Ev called 0 returned 0% blocks executed 0%
    #####:  430:      _Tuple_impl()
    #####:  431:      : _Base() { }
call    0 never executed
------------------
_ZNSt11_Tuple_implILm1EJSt14default_deleteIA_bEEEC2Ev:
function _ZNSt11_Tuple_implILm1EJSt14default_deleteIA_bEEEC2Ev called 0 returned 0% blocks executed 0%
    #####:  430:      _Tuple_impl()
    #####:  431:      : _Base() { }
call    0 never executed
------------------
_ZNSt11_Tuple_implILm1EJSt14default_deleteIN5Catch12TablePrinterEEEEC2Ev:
function _ZNSt11_Tuple_implILm1EJSt14default_deleteIN5Catch12TablePrinterEEEEC2Ev called 1 returned 100% blocks executed 100%
        1:  430:      _Tuple_impl()
        1:  431:      : _Base() { }
call    0 returned 100%
------------------
_ZNSt11_Tuple_implILm1EJSt14default_deleteINSt7__cxx1119basic_ostringstreamIcSt11char_traitsIcESaIcEEEEEEC2Ev:
function _ZNSt11_Tuple_implILm1EJSt14default_deleteINSt7__cxx1119basic_ostringstreamIcSt11char_traitsIcESaIcEEEEEEC2Ev called 0 returned 0% blocks executed 0%
    #####:  430:      _Tuple_impl()
    #####:  431:      : _Base() { }
call    0 never executed
------------------
_ZNSt11_Tuple_implILm1EJSt14default_deleteIN5Catch6Detail12_GLOBAL__N_113StreamBufImplINS3_17OutputDebugWriterELm256EEEEEEC2Ev:
function _ZNSt11_Tuple_implILm1EJSt14default_deleteIN5Catch6Detail12_GLOBAL__N_113StreamBufImplINS3_17OutputDebugWriterELm256EEEEEEC2Ev called 0 returned 0% blocks executed 0%
    #####:  430:      _Tuple_impl()
    #####:  431:      : _Base() { }
call    0 never executed
------------------
_ZNSt11_Tuple_implILm1EJSt14default_deleteIKN5Catch20IExceptionTranslatorEEEEC2Ev:
function _ZNSt11_Tuple_implILm1EJSt14default_deleteIKN5Catch20IExceptionTranslatorEEEEC2Ev called 0 returned 0% blocks executed 0%
    #####:  430:      _Tuple_impl()
    #####:  431:      : _Base() { }
call    0 never executed
------------------
_ZNSt11_Tuple_implILm1EJSt14default_deleteIN5Catch6Detail8EnumInfoEEEEC2Ev:
function _ZNSt11_Tuple_implILm1EJSt14default_deleteIN5Catch6Detail8EnumInfoEEEEC2Ev called 0 returned 0% blocks executed 0%
    #####:  430:      _Tuple_impl()
    #####:  431:      : _Base() { }
call    0 never executed
------------------
_ZNSt11_Tuple_implILm1EJSt14default_deleteIKN5Catch7IStreamEEEEC2Ev:
function _ZNSt11_Tuple_implILm1EJSt14default_deleteIKN5Catch7IStreamEEEEC2Ev called 1 returned 100% blocks executed 100%
        1:  430:      _Tuple_impl()
        1:  431:      : _Base() { }
call    0 returned 100%
------------------
_ZNSt11_Tuple_implILm1EJSt14default_deleteIN5Catch10Generators20GeneratorUntypedBaseEEEEC2Ev:
function _ZNSt11_Tuple_implILm1EJSt14default_deleteIN5Catch10Generators20GeneratorUntypedBaseEEEEC2Ev called 0 returned 0% blocks executed 0%
    #####:  430:      _Tuple_impl()
    #####:  431:      : _Base() { }
call    0 never executed
------------------
_ZNSt11_Tuple_implILm1EJSt14default_deleteIN5Catch18IStreamingReporterEEEEC2Ev:
function _ZNSt11_Tuple_implILm1EJSt14default_deleteIN5Catch18IStreamingReporterEEEEC2Ev called 0 returned 0% blocks executed 0%
    #####:  430:      _Tuple_impl()
    #####:  431:      : _Base() { }
call    0 never executed
------------------
        -:  432:
        -:  433:      explicit constexpr
function _ZNSt11_Tuple_implILm0EJRKlEEC2ES1_ called 0 returned 0% blocks executed 0%
    #####:  434:      _Tuple_impl(const _Head& __head)
    #####:  435:      : _Base(__head)
call    0 never executed
    #####:  436:      { }
        -:  437:
        -:  438:      template<typename _UHead>
        -:  439:	explicit constexpr
       1*:  440:	_Tuple_impl(_UHead&& __head)
       1*:  441:	: _Base(std::forward<_UHead>(__head))
       1*:  442:	{ }
------------------
_ZNSt11_Tuple_implILm1EJSt14default_deleteIN5Catch18IStreamingReporterEEEEC2IS0_INS1_15CompactReporterEEEEOT_:
function _ZNSt11_Tuple_implILm1EJSt14default_deleteIN5Catch18IStreamingReporterEEEEC2IS0_INS1_15CompactReporterEEEEOT_ called 0 returned 0% blocks executed 0%
    #####:  440:	_Tuple_impl(_UHead&& __head)
    #####:  441:	: _Base(std::forward<_UHead>(__head))
call    0 never executed
call    1 never executed
    #####:  442:	{ }
------------------
_ZNSt11_Tuple_implILm1EJSt14default_deleteIN5Catch18IStreamingReporterEEEEC2IS0_INS1_15ConsoleReporterEEEEOT_:
function _ZNSt11_Tuple_implILm1EJSt14default_deleteIN5Catch18IStreamingReporterEEEEC2IS0_INS1_15ConsoleReporterEEEEOT_ called 1 returned 100% blocks executed 100%
        1:  440:	_Tuple_impl(_UHead&& __head)
        1:  441:	: _Base(std::forward<_UHead>(__head))
call    0 returned 100%
call    1 returned 100%
        1:  442:	{ }
------------------
_ZNSt11_Tuple_implILm1EJSt14default_deleteIN5Catch18IStreamingReporterEEEEC2IS0_INS1_13JunitReporterEEEEOT_:
function _ZNSt11_Tuple_implILm1EJSt14default_deleteIN5Catch18IStreamingReporterEEEEC2IS0_INS1_13JunitReporterEEEEOT_ called 0 returned 0% blocks executed 0%
    #####:  440:	_Tuple_impl(_UHead&& __head)
    #####:  441:	: _Base(std::forward<_UHead>(__head))
call    0 never executed
call    1 never executed
    #####:  442:	{ }
------------------
_ZNSt11_Tuple_implILm1EJSt14default_deleteIN5Catch18IStreamingReporterEEEEC2IS0_INS1_11XmlReporterEEEEOT_:
function _ZNSt11_Tuple_implILm1EJSt14default_deleteIN5Catch18IStreamingReporterEEEEC2IS0_INS1_11XmlReporterEEEEOT_ called 0 returned 0% blocks executed 0%
    #####:  440:	_Tuple_impl(_UHead&& __head)
    #####:  441:	: _Base(std::forward<_UHead>(__head))
call    0 never executed
call    1 never executed
    #####:  442:	{ }
------------------
        -:  443:
        -:  444:      constexpr _Tuple_impl(const _Tuple_impl&) = default;
        -:  445:
        -:  446:      // _GLIBCXX_RESOLVE_LIB_DEFECTS
        -:  447:      // 2729. Missing SFINAE on std::pair::operator=
        -:  448:      _Tuple_impl& operator=(const _Tuple_impl&) = delete;
        -:  449:
        -:  450:#if _GLIBCXX_INLINE_VERSION
        -:  451:      _Tuple_impl(_Tuple_impl&&) = default;
        -:  452:#else
        -:  453:      constexpr
       1*:  454:      _Tuple_impl(_Tuple_impl&& __in)
        -:  455:      noexcept(is_nothrow_move_constructible<_Head>::value)
    #####:  456:      : _Base(static_cast<_Base&&>(__in))
       1*:  457:      { }
------------------
_ZNSt11_Tuple_implILm0EJRKlEEC2EOS2_:
function _ZNSt11_Tuple_implILm0EJRKlEEC2EOS2_ called 0 returned 0% blocks executed 0%
    #####:  454:      _Tuple_impl(_Tuple_impl&& __in)
        -:  455:      noexcept(is_nothrow_move_constructible<_Head>::value)
    #####:  456:      : _Base(static_cast<_Base&&>(__in))
    #####:  457:      { }
------------------
_ZNSt11_Tuple_implILm1EJSt14default_deleteINSt7__cxx1119basic_ostringstreamIcSt11char_traitsIcESaIcEEEEEEC2EOS8_:
function _ZNSt11_Tuple_implILm1EJSt14default_deleteINSt7__cxx1119basic_ostringstreamIcSt11char_traitsIcESaIcEEEEEEC2EOS8_ called 0 returned 0% blocks executed 0%
    #####:  454:      _Tuple_impl(_Tuple_impl&& __in)
        -:  455:      noexcept(is_nothrow_move_constructible<_Head>::value)
        -:  456:      : _Base(static_cast<_Base&&>(__in))
    #####:  457:      { }
------------------
_ZNSt11_Tuple_implILm1EJSt14default_deleteIKN5Catch20IExceptionTranslatorEEEEC2EOS5_:
function _ZNSt11_Tuple_implILm1EJSt14default_deleteIKN5Catch20IExceptionTranslatorEEEEC2EOS5_ called 0 returned 0% blocks executed 0%
    #####:  454:      _Tuple_impl(_Tuple_impl&& __in)
        -:  455:      noexcept(is_nothrow_move_constructible<_Head>::value)
        -:  456:      : _Base(static_cast<_Base&&>(__in))
    #####:  457:      { }
------------------
_ZNSt11_Tuple_implILm1EJSt14default_deleteIN5Catch18IStreamingReporterEEEEC2EOS4_:
function _ZNSt11_Tuple_implILm1EJSt14default_deleteIN5Catch18IStreamingReporterEEEEC2EOS4_ called 1 returned 100% blocks executed 100%
        1:  454:      _Tuple_impl(_Tuple_impl&& __in)
        -:  455:      noexcept(is_nothrow_move_constructible<_Head>::value)
        -:  456:      : _Base(static_cast<_Base&&>(__in))
        1:  457:      { }
------------------
_ZNSt11_Tuple_implILm1EJSt14default_deleteIN5Catch6Detail8EnumInfoEEEEC2EOS5_:
function _ZNSt11_Tuple_implILm1EJSt14default_deleteIN5Catch6Detail8EnumInfoEEEEC2EOS5_ called 0 returned 0% blocks executed 0%
    #####:  454:      _Tuple_impl(_Tuple_impl&& __in)
        -:  455:      noexcept(is_nothrow_move_constructible<_Head>::value)
        -:  456:      : _Base(static_cast<_Base&&>(__in))
    #####:  457:      { }
------------------
        -:  458:#endif
        -:  459:
        -:  460:      template<typename _UHead>
        -:  461:	constexpr
        -:  462:	_Tuple_impl(const _Tuple_impl<_Idx, _UHead>& __in)
        -:  463:	: _Base(_Tuple_impl<_Idx, _UHead>::_M_head(__in))
        -:  464:	{ }
        -:  465:
        -:  466:      template<typename _UHead>
        -:  467:	constexpr
        -:  468:	_Tuple_impl(_Tuple_impl<_Idx, _UHead>&& __in)
        -:  469:	: _Base(std::forward<_UHead>(_Tuple_impl<_Idx, _UHead>::_M_head(__in)))
        -:  470:	{ }
        -:  471:
        -:  472:      template<typename _Alloc>
        -:  473:	_GLIBCXX20_CONSTEXPR
        -:  474:	_Tuple_impl(allocator_arg_t __tag, const _Alloc& __a)
        -:  475:	: _Base(__tag, __use_alloc<_Head>(__a))
        -:  476:	{ }
        -:  477:
        -:  478:      template<typename _Alloc>
        -:  479:	_GLIBCXX20_CONSTEXPR
        -:  480:	_Tuple_impl(allocator_arg_t __tag, const _Alloc& __a,
        -:  481:		    const _Head& __head)
        -:  482:	: _Base(__use_alloc<_Head, _Alloc, const _Head&>(__a), __head)
        -:  483:	{ }
        -:  484:
        -:  485:      template<typename _Alloc, typename _UHead>
        -:  486:	_GLIBCXX20_CONSTEXPR
        -:  487:	_Tuple_impl(allocator_arg_t __tag, const _Alloc& __a,
        -:  488:		    _UHead&& __head)
        -:  489:	: _Base(__use_alloc<_Head, _Alloc, _UHead>(__a),
        -:  490:		std::forward<_UHead>(__head))
        -:  491:	{ }
        -:  492:
        -:  493:      template<typename _Alloc>
        -:  494:	_GLIBCXX20_CONSTEXPR
        -:  495:	_Tuple_impl(allocator_arg_t __tag, const _Alloc& __a,
        -:  496:		    const _Tuple_impl& __in)
        -:  497:	: _Base(__use_alloc<_Head, _Alloc, const _Head&>(__a), _M_head(__in))
        -:  498:	{ }
        -:  499:
        -:  500:      template<typename _Alloc>
        -:  501:	_GLIBCXX20_CONSTEXPR
        -:  502:	_Tuple_impl(allocator_arg_t __tag, const _Alloc& __a,
        -:  503:		    _Tuple_impl&& __in)
        -:  504:	: _Base(__use_alloc<_Head, _Alloc, _Head>(__a),
        -:  505:		std::forward<_Head>(_M_head(__in)))
        -:  506:	{ }
        -:  507:
        -:  508:      template<typename _Alloc, typename _UHead>
        -:  509:	_GLIBCXX20_CONSTEXPR
        -:  510:	_Tuple_impl(allocator_arg_t __tag, const _Alloc& __a,
        -:  511:		    const _Tuple_impl<_Idx, _UHead>& __in)
        -:  512:	: _Base(__use_alloc<_Head, _Alloc, const _UHead&>(__a),
        -:  513:		_Tuple_impl<_Idx, _UHead>::_M_head(__in))
        -:  514:	{ }
        -:  515:
        -:  516:      template<typename _Alloc, typename _UHead>
        -:  517:	_GLIBCXX20_CONSTEXPR
        -:  518:	_Tuple_impl(allocator_arg_t __tag, const _Alloc& __a,
        -:  519:		    _Tuple_impl<_Idx, _UHead>&& __in)
        -:  520:	: _Base(__use_alloc<_Head, _Alloc, _UHead>(__a),
        -:  521:		std::forward<_UHead>(_Tuple_impl<_Idx, _UHead>::_M_head(__in)))
        -:  522:	{ }
        -:  523:
        -:  524:      template<typename _UHead>
        -:  525:	_GLIBCXX20_CONSTEXPR
        -:  526:	void
        -:  527:	_M_assign(const _Tuple_impl<_Idx, _UHead>& __in)
        -:  528:	{
        -:  529:	  _M_head(*this) = _Tuple_impl<_Idx, _UHead>::_M_head(__in);
        -:  530:	}
        -:  531:
        -:  532:      template<typename _UHead>
        -:  533:	_GLIBCXX20_CONSTEXPR
        -:  534:	void
        -:  535:	_M_assign(_Tuple_impl<_Idx, _UHead>&& __in)
        -:  536:	{
        -:  537:	  _M_head(*this)
        -:  538:	    = std::forward<_UHead>(_Tuple_impl<_Idx, _UHead>::_M_head(__in));
        -:  539:	}
        -:  540:
        -:  541:    protected:
        -:  542:      _GLIBCXX20_CONSTEXPR
        -:  543:      void
        -:  544:      _M_swap(_Tuple_impl& __in)
        -:  545:      {
        -:  546:	using std::swap;
        -:  547:	swap(_M_head(*this), _M_head(__in));
        -:  548:      }
        -:  549:    };
        -:  550:
        -:  551:  // Concept utility functions, reused in conditionally-explicit
        -:  552:  // constructors.
        -:  553:  template<bool, typename... _Types>
        -:  554:    struct _TupleConstraints
        -:  555:    {
        -:  556:      // Constraint for a non-explicit constructor.
        -:  557:      // True iff each Ti in _Types... can be constructed from Ui in _UTypes...
        -:  558:      // and every Ui is implicitly convertible to Ti.
        -:  559:      template<typename... _UTypes>
        -:  560:	static constexpr bool __is_implicitly_constructible()
        -:  561:	{
        -:  562:	  return __and_<is_constructible<_Types, _UTypes>...,
        -:  563:			is_convertible<_UTypes, _Types>...
        -:  564:			>::value;
        -:  565:	}
        -:  566:
        -:  567:      // Constraint for a non-explicit constructor.
        -:  568:      // True iff each Ti in _Types... can be constructed from Ui in _UTypes...
        -:  569:      // but not every Ui is implicitly convertible to Ti.
        -:  570:      template<typename... _UTypes>
        -:  571:	static constexpr bool __is_explicitly_constructible()
        -:  572:	{
        -:  573:	  return __and_<is_constructible<_Types, _UTypes>...,
        -:  574:			__not_<__and_<is_convertible<_UTypes, _Types>...>>
        -:  575:			>::value;
        -:  576:	}
        -:  577:
        -:  578:      static constexpr bool __is_implicitly_default_constructible()
        -:  579:      {
        -:  580:	return __and_<std::__is_implicitly_default_constructible<_Types>...
        -:  581:		      >::value;
        -:  582:      }
        -:  583:
        -:  584:      static constexpr bool __is_explicitly_default_constructible()
        -:  585:      {
        -:  586:	return __and_<is_default_constructible<_Types>...,
        -:  587:		      __not_<__and_<
        -:  588:			std::__is_implicitly_default_constructible<_Types>...>
        -:  589:		      >>::value;
[...]
        -: 1497:      __eq(const _Tp& __t, const _Up& __u)
        -: 1498:      {
        -: 1499:	return bool(std::get<__i>(__t) == std::get<__i>(__u))
        -: 1500:	  && __tuple_compare<_Tp, _Up, __i + 1, __size>::__eq(__t, __u);
        -: 1501:      }
        -: 1502:
        -: 1503:      static constexpr bool
        -: 1504:      __less(const _Tp& __t, const _Up& __u)
        -: 1505:      {
        -: 1506:	return bool(std::get<__i>(__t) < std::get<__i>(__u))
        -: 1507:	  || (!bool(std::get<__i>(__u) < std::get<__i>(__t))
        -: 1508:	      && __tuple_compare<_Tp, _Up, __i + 1, __size>::__less(__t, __u));
        -: 1509:      }
        -: 1510:    };
        -: 1511:
        -: 1512:  template<typename _Tp, typename _Up, size_t __size>
        -: 1513:    struct __tuple_compare<_Tp, _Up, __size, __size>
        -: 1514:    {
        -: 1515:      static constexpr bool
        -: 1516:      __eq(const _Tp&, const _Up&) { return true; }
        -: 1517:
        -: 1518:      static constexpr bool
        -: 1519:      __less(const _Tp&, const _Up&) { return false; }
        -: 1520:    };
        -: 1521:
        -: 1522:  template<typename... _TElements, typename... _UElements>
        -: 1523:    constexpr bool
        -: 1524:    operator==(const tuple<_TElements...>& __t,
        -: 1525:	       const tuple<_UElements...>& __u)
        -: 1526:    {
        -: 1527:      static_assert(sizeof...(_TElements) == sizeof...(_UElements),
        -: 1528:	  "tuple objects can only be compared if they have equal sizes.");
        -: 1529:      using __compare = __tuple_compare<tuple<_TElements...>,
        -: 1530:					tuple<_UElements...>,
        -: 1531:					0, sizeof...(_TElements)>;
        -: 1532:      return __compare::__eq(__t, __u);
        -: 1533:    }
        -: 1534:
        -: 1535:#if __cpp_lib_three_way_comparison
        -: 1536:  template<typename _Cat, typename _Tp, typename _Up>
        -: 1537:    constexpr _Cat
        -: 1538:    __tuple_cmp(const _Tp&, const _Up&, index_sequence<>)
        -: 1539:    { return _Cat::equivalent; }
        -: 1540:
        -: 1541:  template<typename _Cat, typename _Tp, typename _Up,
        -: 1542:	   size_t _Idx0, size_t... _Idxs>
        -: 1543:    constexpr _Cat
        -: 1544:    __tuple_cmp(const _Tp& __t, const _Up& __u,
        -: 1545:		index_sequence<_Idx0, _Idxs...>)
        -: 1546:    {
        -: 1547:      auto __c
        -: 1548:	= __detail::__synth3way(std::get<_Idx0>(__t), std::get<_Idx0>(__u));
        -: 1549:      if (__c != 0)
        -: 1550:	return __c;
        -: 1551:      return std::__tuple_cmp<_Cat>(__t, __u, index_sequence<_Idxs...>());
        -: 1552:    }
        -: 1553:
        -: 1554:  template<typename... _Tps, typename... _Ups>
        -: 1555:    constexpr
        -: 1556:    common_comparison_category_t<__detail::__synth3way_t<_Tps, _Ups>...>
        -: 1557:    operator<=>(const tuple<_Tps...>& __t, const tuple<_Ups...>& __u)
        -: 1558:    {
        -: 1559:      using _Cat
        -: 1560:	= common_comparison_category_t<__detail::__synth3way_t<_Tps, _Ups>...>;
        -: 1561:      return std::__tuple_cmp<_Cat>(__t, __u, index_sequence_for<_Tps...>());
        -: 1562:    }
        -: 1563:#else
        -: 1564:  template<typename... _TElements, typename... _UElements>
        -: 1565:    constexpr bool
        -: 1566:    operator<(const tuple<_TElements...>& __t,
        -: 1567:	      const tuple<_UElements...>& __u)
        -: 1568:    {
        -: 1569:      static_assert(sizeof...(_TElements) == sizeof...(_UElements),
        -: 1570:	  "tuple objects can only be compared if they have equal sizes.");
        -: 1571:      using __compare = __tuple_compare<tuple<_TElements...>,
        -: 1572:					tuple<_UElements...>,
        -: 1573:					0, sizeof...(_TElements)>;
        -: 1574:      return __compare::__less(__t, __u);
        -: 1575:    }
        -: 1576:
        -: 1577:  template<typename... _TElements, typename... _UElements>
        -: 1578:    constexpr bool
        -: 1579:    operator!=(const tuple<_TElements...>& __t,
        -: 1580:	       const tuple<_UElements...>& __u)
        -: 1581:    { return !(__t == __u); }
        -: 1582:
        -: 1583:  template<typename... _TElements, typename... _UElements>
        -: 1584:    constexpr bool
        -: 1585:    operator>(const tuple<_TElements...>& __t,
        -: 1586:	      const tuple<_UElements...>& __u)
        -: 1587:    { return __u < __t; }
        -: 1588:
        -: 1589:  template<typename... _TElements, typename... _UElements>
        -: 1590:    constexpr bool
        -: 1591:    operator<=(const tuple<_TElements...>& __t,
        -: 1592:	       const tuple<_UElements...>& __u)
        -: 1593:    { return !(__u < __t); }
        -: 1594:
        -: 1595:  template<typename... _TElements, typename... _UElements>
        -: 1596:    constexpr bool
        -: 1597:    operator>=(const tuple<_TElements...>& __t,
        -: 1598:	       const tuple<_UElements...>& __u)
        -: 1599:    { return !(__t < __u); }
        -: 1600:#endif // three_way_comparison
        -: 1601:
        -: 1602:  // NB: DR 705.
        -: 1603:  template<typename... _Elements>
        -: 1604:    constexpr tuple<typename __decay_and_strip<_Elements>::__type...>
        -: 1605:    make_tuple(_Elements&&... __args)
        -: 1606:    {
        -: 1607:      typedef tuple<typename __decay_and_strip<_Elements>::__type...>
        -: 1608:	__result_type;
        -: 1609:      return __result_type(std::forward<_Elements>(__args)...);
        -: 1610:    }
        -: 1611:
        -: 1612:  // _GLIBCXX_RESOLVE_LIB_DEFECTS
        -: 1613:  // 2275. Why is forward_as_tuple not constexpr?
        -: 1614:  /// std::forward_as_tuple
        -: 1615:  template<typename... _Elements>
        -: 1616:    constexpr tuple<_Elements&&...>
        -: 1617:    forward_as_tuple(_Elements&&... __args) noexcept
        -: 1618:    { return tuple<_Elements&&...>(std::forward<_Elements>(__args)...); }
        -: 1619:
        -: 1620:  template<size_t, typename, typename, size_t>
        -: 1621:    struct __make_tuple_impl;
        -: 1622:
        -: 1623:  template<size_t _Idx, typename _Tuple, typename... _Tp, size_t _Nm>
        -: 1624:    struct __make_tuple_impl<_Idx, tuple<_Tp...>, _Tuple, _Nm>
        -: 1625:    : __make_tuple_impl<_Idx + 1,
        -: 1626:			tuple<_Tp..., __tuple_element_t<_Idx, _Tuple>>,
        -: 1627:			_Tuple, _Nm>
        -: 1628:    { };
        -: 1629:
        -: 1630:  template<size_t _Nm, typename _Tuple, typename... _Tp>
        -: 1631:    struct __make_tuple_impl<_Nm, tuple<_Tp...>, _Tuple, _Nm>
        -: 1632:    {
        -: 1633:      typedef tuple<_Tp...> __type;
        -: 1634:    };
        -: 1635:
        -: 1636:  template<typename _Tuple>
        -: 1637:    struct __do_make_tuple
        -: 1638:    : __make_tuple_impl<0, tuple<>, _Tuple, tuple_size<_Tuple>::value>
        -: 1639:    { };
        -: 1640:
        -: 1641:  // Returns the std::tuple equivalent of a tuple-like type.
        -: 1642:  template<typename _Tuple>
        -: 1643:    struct __make_tuple
        -: 1644:    : public __do_make_tuple<__remove_cvref_t<_Tuple>>
        -: 1645:    { };
        -: 1646:
        -: 1647:  // Combines several std::tuple's into a single one.
        -: 1648:  template<typename...>
        -: 1649:    struct __combine_tuples;
        -: 1650:
        -: 1651:  template<>
        -: 1652:    struct __combine_tuples<>
        -: 1653:    {
        -: 1654:      typedef tuple<> __type;
        -: 1655:    };
        -: 1656:
        -: 1657:  template<typename... _Ts>
        -: 1658:    struct __combine_tuples<tuple<_Ts...>>
        -: 1659:    {
        -: 1660:      typedef tuple<_Ts...> __type;
        -: 1661:    };
        -: 1662:
        -: 1663:  template<typename... _T1s, typename... _T2s, typename... _Rem>
        -: 1664:    struct __combine_tuples<tuple<_T1s...>, tuple<_T2s...>, _Rem...>
        -: 1665:    {
        -: 1666:      typedef typename __combine_tuples<tuple<_T1s..., _T2s...>,
        -: 1667:					_Rem...>::__type __type;
        -: 1668:    };
        -: 1669:
        -: 1670:  // Computes the result type of tuple_cat given a set of tuple-like types.
        -: 1671:  template<typename... _Tpls>
        -: 1672:    struct __tuple_cat_result
        -: 1673:    {
        -: 1674:      typedef typename __combine_tuples
        -: 1675:        <typename __make_tuple<_Tpls>::__type...>::__type __type;
        -: 1676:    };
        -: 1677:
        -: 1678:  // Helper to determine the index set for the first tuple-like
        -: 1679:  // type of a given set.
        -: 1680:  template<typename...>
        -: 1681:    struct __make_1st_indices;
        -: 1682:
        -: 1683:  template<>
        -: 1684:    struct __make_1st_indices<>
        -: 1685:    {
        -: 1686:      typedef _Index_tuple<> __type;
        -: 1687:    };
        -: 1688:
        -: 1689:  template<typename _Tp, typename... _Tpls>
        -: 1690:    struct __make_1st_indices<_Tp, _Tpls...>
        -: 1691:    {
        -: 1692:      typedef typename _Build_index_tuple<tuple_size<
        -: 1693:	typename remove_reference<_Tp>::type>::value>::__type __type;
        -: 1694:    };
        -: 1695:
        -: 1696:  // Performs the actual concatenation by step-wise expanding tuple-like
        -: 1697:  // objects into the elements,  which are finally forwarded into the
        -: 1698:  // result tuple.
        -: 1699:  template<typename _Ret, typename _Indices, typename... _Tpls>
        -: 1700:    struct __tuple_concater;
        -: 1701:
        -: 1702:  template<typename _Ret, size_t... _Is, typename _Tp, typename... _Tpls>
        -: 1703:    struct __tuple_concater<_Ret, _Index_tuple<_Is...>, _Tp, _Tpls...>
        -: 1704:    {
        -: 1705:      template<typename... _Us>
        -: 1706:        static constexpr _Ret
        -: 1707:        _S_do(_Tp&& __tp, _Tpls&&... __tps, _Us&&... __us)
        -: 1708:        {
        -: 1709:	  typedef typename __make_1st_indices<_Tpls...>::__type __idx;
        -: 1710:	  typedef __tuple_concater<_Ret, __idx, _Tpls...>      __next;
        -: 1711:	  return __next::_S_do(std::forward<_Tpls>(__tps)...,
        -: 1712:			       std::forward<_Us>(__us)...,
        -: 1713:			       std::get<_Is>(std::forward<_Tp>(__tp))...);
        -: 1714:	}
        -: 1715:    };
        -: 1716:
        -: 1717:  template<typename _Ret>
        -: 1718:    struct __tuple_concater<_Ret, _Index_tuple<>>
        -: 1719:    {
        -: 1720:      template<typename... _Us>
        -: 1721:	static constexpr _Ret
        -: 1722:	_S_do(_Us&&... __us)
        -: 1723:        {
        -: 1724:	  return _Ret(std::forward<_Us>(__us)...);
        -: 1725:	}
        -: 1726:    };
        -: 1727:
        -: 1728:  /// tuple_cat
        -: 1729:  template<typename... _Tpls, typename = typename
        -: 1730:           enable_if<__and_<__is_tuple_like<_Tpls>...>::value>::type>
        -: 1731:    constexpr auto
        -: 1732:    tuple_cat(_Tpls&&... __tpls)
        -: 1733:    -> typename __tuple_cat_result<_Tpls...>::__type
        -: 1734:    {
        -: 1735:      typedef typename __tuple_cat_result<_Tpls...>::__type __ret;
        -: 1736:      typedef typename __make_1st_indices<_Tpls...>::__type __idx;
        -: 1737:      typedef __tuple_concater<__ret, __idx, _Tpls...> __concater;
        -: 1738:      return __concater::_S_do(std::forward<_Tpls>(__tpls)...);
        -: 1739:    }
        -: 1740:
        -: 1741:  // _GLIBCXX_RESOLVE_LIB_DEFECTS
        -: 1742:  // 2301. Why is tie not constexpr?
        -: 1743:  /// tie
        -: 1744:  template<typename... _Elements>
        -: 1745:    constexpr tuple<_Elements&...>
        -: 1746:    tie(_Elements&... __args) noexcept
        -: 1747:    { return tuple<_Elements&...>(__args...); }
        -: 1748:
        -: 1749:  /// swap
        -: 1750:  template<typename... _Elements>
        -: 1751:    _GLIBCXX20_CONSTEXPR
        -: 1752:    inline
        -: 1753:#if __cplusplus > 201402L || !defined(__STRICT_ANSI__) // c++1z or gnu++11
        -: 1754:    // Constrained free swap overload, see p0185r1
        -: 1755:    typename enable_if<__and_<__is_swappable<_Elements>...>::value
        -: 1756:      >::type
        -: 1757:#else
        -: 1758:    void
        -: 1759:#endif
        -: 1760:    swap(tuple<_Elements...>& __x, tuple<_Elements...>& __y)
        -: 1761:    noexcept(noexcept(__x.swap(__y)))
        -: 1762:    { __x.swap(__y); }
        -: 1763:
        -: 1764:#if __cplusplus > 201402L || !defined(__STRICT_ANSI__) // c++1z or gnu++11
        -: 1765:  template<typename... _Elements>
        -: 1766:    _GLIBCXX20_CONSTEXPR
        -: 1767:    typename enable_if<!__and_<__is_swappable<_Elements>...>::value>::type
        -: 1768:    swap(tuple<_Elements...>&, tuple<_Elements...>&) = delete;
        -: 1769:#endif
        -: 1770:
        -: 1771:  // A class (and instance) which can be used in 'tie' when an element
        -: 1772:  // of a tuple is not required.
        -: 1773:  // _GLIBCXX14_CONSTEXPR
        -: 1774:  // 2933. PR for LWG 2773 could be clearer
        -: 1775:  struct _Swallow_assign
        -: 1776:  {
        -: 1777:    template<class _Tp>
        -: 1778:      _GLIBCXX14_CONSTEXPR const _Swallow_assign&
        -: 1779:      operator=(const _Tp&) const
        -: 1780:      { return *this; }
        -: 1781:  };
        -: 1782:
        -: 1783:  // _GLIBCXX_RESOLVE_LIB_DEFECTS
        -: 1784:  // 2773. Making std::ignore constexpr
        -: 1785:  _GLIBCXX17_INLINE constexpr _Swallow_assign ignore{};
        -: 1786:
        -: 1787:  /// Partial specialization for tuples
        -: 1788:  template<typename... _Types, typename _Alloc>
        -: 1789:    struct uses_allocator<tuple<_Types...>, _Alloc> : true_type { };
        -: 1790:
        -: 1791:  // See stl_pair.h...
        -: 1792:  /** "piecewise construction" using a tuple of arguments for each member.
        -: 1793:   *
        -: 1794:   * @param __first Arguments for the first member of the pair.
        -: 1795:   * @param __second Arguments for the second member of the pair.
        -: 1796:   *
        -: 1797:   * The elements of each tuple will be used as the constructor arguments
        -: 1798:   * for the data members of the pair.
        -: 1799:  */
        -: 1800:  template<class _T1, class _T2>
        -: 1801:    template<typename... _Args1, typename... _Args2>
        -: 1802:      _GLIBCXX20_CONSTEXPR
        -: 1803:      inline
function _ZNSt4pairIKllEC2IJRS0_EJEEESt21piecewise_construct_tSt5tupleIJDpT_EES5_IJDpT0_EE called 0 returned 0% blocks executed 0%
    #####: 1804:      pair<_T1, _T2>::
        -: 1805:      pair(piecewise_construct_t,
        -: 1806:	   tuple<_Args1...> __first, tuple<_Args2...> __second)
        -: 1807:      : pair(__first, __second,
        -: 1808:	     typename _Build_index_tuple<sizeof...(_Args1)>::__type(),
    #####: 1809:	     typename _Build_index_tuple<sizeof...(_Args2)>::__type())
call    0 never executed
    #####: 1810:      { }
        -: 1811:
        -: 1812:  template<class _T1, class _T2>
        -: 1813:    template<typename... _Args1, size_t... _Indexes1,
        -: 1814:	     typename... _Args2, size_t... _Indexes2>
        -: 1815:      _GLIBCXX20_CONSTEXPR inline
function _ZNSt4pairIKllEC2IJRS0_EJLm0EEJEJEEERSt5tupleIJDpT_EERS4_IJDpT1_EESt12_Index_tupleIJXspT0_EEESD_IJXspT2_EEE called 0 returned 0% blocks executed 0%
    #####: 1816:      pair<_T1, _T2>::
        -: 1817:      pair(tuple<_Args1...>& __tuple1, tuple<_Args2...>& __tuple2,
        -: 1818:	   _Index_tuple<_Indexes1...>, _Index_tuple<_Indexes2...>)
    #####: 1819:      : first(std::forward<_Args1>(std::get<_Indexes1>(__tuple1))...),
call    0 never executed
call    1 never executed
    #####: 1820:	second(std::forward<_Args2>(std::get<_Indexes2>(__tuple2))...)
    #####: 1821:      { }
        -: 1822:
        -: 1823:#if __cplusplus >= 201703L
        -: 1824:
        -: 1825:  // Unpack a std::tuple into a type trait and use its value.
        -: 1826:  // For cv std::tuple<_Up> the result is _Trait<_Tp, cv _Up...>::value.
        -: 1827:  // For cv std::tuple<_Up>& the result is _Trait<_Tp, cv _Up&...>::value.
        -: 1828:  // Otherwise the result is false (because we don't know if std::get throws).
        -: 1829:  template<template<typename...> class _Trait, typename _Tp, typename _Tuple>
        -: 1830:    inline constexpr bool __unpack_std_tuple = false;
        -: 1831:
        -: 1832:  template<template<typename...> class _Trait, typename _Tp, typename... _Up>
        -: 1833:    inline constexpr bool __unpack_std_tuple<_Trait, _Tp, tuple<_Up...>>
        -: 1834:      = _Trait<_Tp, _Up...>::value;
        -: 1835:
        -: 1836:  template<template<typename...> class _Trait, typename _Tp, typename... _Up>
        -: 1837:    inline constexpr bool __unpack_std_tuple<_Trait, _Tp, tuple<_Up...>&>
        -: 1838:      = _Trait<_Tp, _Up&...>::value;
        -: 1839:
        -: 1840:  template<template<typename...> class _Trait, typename _Tp, typename... _Up>
        -: 1841:    inline constexpr bool __unpack_std_tuple<_Trait, _Tp, const tuple<_Up...>>
        -: 1842:      = _Trait<_Tp, const _Up...>::value;
        -: 1843:
        -: 1844:  template<template<typename...> class _Trait, typename _Tp, typename... _Up>
        -: 1845:    inline constexpr bool __unpack_std_tuple<_Trait, _Tp, const tuple<_Up...>&>
        -: 1846:      = _Trait<_Tp, const _Up&...>::value;
        -: 1847:
        -: 1848:# define __cpp_lib_apply 201603
        -: 1849:
        -: 1850:  template <typename _Fn, typename _Tuple, size_t... _Idx>
        -: 1851:    constexpr decltype(auto)
        -: 1852:    __apply_impl(_Fn&& __f, _Tuple&& __t, index_sequence<_Idx...>)
        -: 1853:    {
        -: 1854:      return std::__invoke(std::forward<_Fn>(__f),
        -: 1855:			   std::get<_Idx>(std::forward<_Tuple>(__t))...);
        -: 1856:    }
        -: 1857:
        -: 1858:  template <typename _Fn, typename _Tuple>
        -: 1859:    constexpr decltype(auto)
        -: 1860:    apply(_Fn&& __f, _Tuple&& __t)
        -: 1861:    noexcept(__unpack_std_tuple<is_nothrow_invocable, _Fn, _Tuple>)
        -: 1862:    {
        -: 1863:      using _Indices
        -: 1864:	= make_index_sequence<tuple_size_v<remove_reference_t<_Tuple>>>;
        -: 1865:      return std::__apply_impl(std::forward<_Fn>(__f),
        -: 1866:			       std::forward<_Tuple>(__t),
        -: 1867:			       _Indices{});
        -: 1868:    }
        -: 1869:
        -: 1870:#define __cpp_lib_make_from_tuple  201606
        -: 1871:
        -: 1872:  template <typename _Tp, typename _Tuple, size_t... _Idx>
        -: 1873:    constexpr _Tp
        -: 1874:    __make_from_tuple_impl(_Tuple&& __t, index_sequence<_Idx...>)
        -: 1875:    { return _Tp(std::get<_Idx>(std::forward<_Tuple>(__t))...); }
        -: 1876:
        -: 1877:  template <typename _Tp, typename _Tuple>
        -: 1878:    constexpr _Tp
        -: 1879:    make_from_tuple(_Tuple&& __t)
        -: 1880:    noexcept(__unpack_std_tuple<is_nothrow_constructible, _Tp, _Tuple>)
        -: 1881:    {
        -: 1882:      return __make_from_tuple_impl<_Tp>(
        -: 1883:        std::forward<_Tuple>(__t),
        -: 1884:	make_index_sequence<tuple_size_v<remove_reference_t<_Tuple>>>{});
        -: 1885:    }
        -: 1886:#endif // C++17
        -: 1887:
        -: 1888:  /// @}
        -: 1889:
        -: 1890:_GLIBCXX_END_NAMESPACE_VERSION
        -: 1891:} // namespace std
        -: 1892:
        -: 1893:#endif // C++11
        -: 1894:
        -: 1895:#endif // _GLIBCXX_TUPLE
