        -:    0:Source:/usr/include/c++/11/chrono
        -:    0:Graph:/home/runner/work/cpp-11-standard/cpp-11-standard/TestBinary-test_index.gcno
        -:    0:Data:/home/runner/work/cpp-11-standard/cpp-11-standard/TestBinary-test_index.gcda
        -:    0:Runs:1
        -:    1:// <chrono> -*- C++ -*-
        -:    2:
        -:    3:// Copyright (C) 2008-2021 Free Software Foundation, Inc.
        -:    4://
        -:    5:// This file is part of the GNU ISO C++ Library.  This library is free
        -:    6:// software; you can redistribute it and/or modify it under the
        -:    7:// terms of the GNU General Public License as published by the
        -:    8:// Free Software Foundation; either version 3, or (at your option)
        -:    9:// any later version.
        -:   10:
        -:   11:// This library is distributed in the hope that it will be useful,
        -:   12:// but WITHOUT ANY WARRANTY; without even the implied warranty of
        -:   13:// MERCHANTABILITY or FITNESS FOR A PARTICULAR PURPOSE.  See the
        -:   14:// GNU General Public License for more details.
        -:   15:
        -:   16:// Under Section 7 of GPL version 3, you are granted additional
        -:   17:// permissions described in the GCC Runtime Library Exception, version
        -:   18:// 3.1, as published by the Free Software Foundation.
        -:   19:
        -:   20:// You should have received a copy of the GNU General Public License and
        -:   21:// a copy of the GCC Runtime Library Exception along with this program;
        -:   22:// see the files COPYING3 and COPYING.RUNTIME respectively.  If not, see
        -:   23:// <http://www.gnu.org/licenses/>.
        -:   24:
        -:   25:/** @file include/chrono
        -:   26: *  This is a Standard C++ Library header.
        -:   27: *  @ingroup chrono
        -:   28: */
        -:   29:
        -:   30:#ifndef _GLIBCXX_CHRONO
        -:   31:#define _GLIBCXX_CHRONO 1
        -:   32:
        -:   33:#pragma GCC system_header
        -:   34:
        -:   35:#if __cplusplus < 201103L
        -:   36:# include <bits/c++0x_warning.h>
        -:   37:#else
        -:   38:
        -:   39:#include <ratio>
        -:   40:#include <type_traits>
        -:   41:#include <limits>
        -:   42:#include <ctime>
        -:   43:#include <bits/parse_numbers.h> // for literals support.
        -:   44:#if __cplusplus > 201703L
        -:   45:# include <concepts>
        -:   46:# include <compare>
        -:   47:#endif
        -:   48:
        -:   49:namespace std _GLIBCXX_VISIBILITY(default)
        -:   50:{
        -:   51:_GLIBCXX_BEGIN_NAMESPACE_VERSION
        -:   52:
        -:   53:#if __cplusplus >= 201703L
        -:   54:  namespace filesystem { struct __file_clock; };
        -:   55:#endif
        -:   56:
        -:   57:  /**
        -:   58:   * @defgroup chrono Time
        -:   59:   * @ingroup utilities
        -:   60:   *
        -:   61:   * Classes and functions for time.
        -:   62:   *
        -:   63:   * @since C++11
        -:   64:   */
        -:   65:
        -:   66:  /** @namespace std::chrono
        -:   67:   *  @brief ISO C++ 2011 namespace for date and time utilities
        -:   68:   *  @ingroup chrono
        -:   69:   */
        -:   70:  namespace chrono
        -:   71:  {
        -:   72:    /// @addtogroup chrono
        -:   73:    /// @{
        -:   74:
        -:   75:    /// `chrono::duration` represents a distance between two points in time
        -:   76:    template<typename _Rep, typename _Period = ratio<1>>
        -:   77:      struct duration;
        -:   78:
        -:   79:    /// `chrono::time_point` represents a point in time as measured by a clock
        -:   80:    template<typename _Clock, typename _Dur = typename _Clock::duration>
        -:   81:      struct time_point;
        -:   82:    /// @}
        -:   83:  }
        -:   84:
        -:   85:  /// @addtogroup chrono
        -:   86:  /// @{
        -:   87:
        -:   88:  // 20.11.4.3 specialization of common_type (for duration, sfinae-friendly)
        -:   89:
        -:   90:  /// @cond undocumented
        -:   91:
        -:   92:  template<typename _CT, typename _Period1, typename _Period2, typename = void>
        -:   93:    struct __duration_common_type
        -:   94:    { };
        -:   95:
        -:   96:  template<typename _CT, typename _Period1, typename _Period2>
        -:   97:    struct __duration_common_type<_CT, _Period1, _Period2,
        -:   98:				  __void_t<typename _CT::type>>
        -:   99:    {
        -:  100:    private:
        -:  101:      using __gcd_num = __static_gcd<_Period1::num, _Period2::num>;
        -:  102:      using __gcd_den = __static_gcd<_Period1::den, _Period2::den>;
        -:  103:      using __cr = typename _CT::type;
        -:  104:      using __r = ratio<__gcd_num::value,
        -:  105:			(_Period1::den / __gcd_den::value) * _Period2::den>;
        -:  106:
        -:  107:    public:
        -:  108:      using type = chrono::duration<__cr, typename __r::type>;
        -:  109:    };
        -:  110:
        -:  111:  /// @endcond
        -:  112:
        -:  113:  /// @{
        -:  114:  /// @relates chrono::duration
        -:  115:
        -:  116:  /// Specialization of common_type for chrono::duration types.
        -:  117:  template<typename _Rep1, typename _Period1, typename _Rep2, typename _Period2>
        -:  118:    struct common_type<chrono::duration<_Rep1, _Period1>,
        -:  119:		       chrono::duration<_Rep2, _Period2>>
        -:  120:    : __duration_common_type<common_type<_Rep1, _Rep2>,
        -:  121:			     typename _Period1::type,
        -:  122:			     typename _Period2::type>
        -:  123:    { };
        -:  124:
        -:  125:  /// Specialization of common_type for two identical chrono::duration types.
        -:  126:  template<typename _Rep, typename _Period>
        -:  127:    struct common_type<chrono::duration<_Rep, _Period>,
        -:  128:		       chrono::duration<_Rep, _Period>>
        -:  129:    {
        -:  130:      using type = chrono::duration<typename common_type<_Rep>::type,
        -:  131:				    typename _Period::type>;
        -:  132:    };
        -:  133:
        -:  134:  /// Specialization of common_type for one chrono::duration type.
        -:  135:  template<typename _Rep, typename _Period>
        -:  136:    struct common_type<chrono::duration<_Rep, _Period>>
        -:  137:    {
        -:  138:      using type = chrono::duration<typename common_type<_Rep>::type,
        -:  139:				    typename _Period::type>;
        -:  140:    };
        -:  141:  /// @}
        -:  142:
        -:  143:  // 20.11.4.3 specialization of common_type (for time_point, sfinae-friendly)
        -:  144:
        -:  145:  /// @cond undocumented
        -:  146:
        -:  147:  template<typename _CT, typename _Clock, typename = void>
        -:  148:    struct __timepoint_common_type
        -:  149:    { };
        -:  150:
        -:  151:  template<typename _CT, typename _Clock>
        -:  152:    struct __timepoint_common_type<_CT, _Clock, __void_t<typename _CT::type>>
        -:  153:    {
        -:  154:      using type = chrono::time_point<_Clock, typename _CT::type>;
        -:  155:    };
        -:  156:
        -:  157:  /// @endcond
        -:  158:
        -:  159:  /// @{
        -:  160:  /// @relates chrono::time_point
        -:  161:
        -:  162:  /// Specialization of common_type for chrono::time_point types.
        -:  163:  template<typename _Clock, typename _Duration1, typename _Duration2>
        -:  164:    struct common_type<chrono::time_point<_Clock, _Duration1>,
        -:  165:		       chrono::time_point<_Clock, _Duration2>>
        -:  166:    : __timepoint_common_type<common_type<_Duration1, _Duration2>, _Clock>
        -:  167:    { };
        -:  168:
        -:  169:  /// Specialization of common_type for two identical chrono::time_point types.
        -:  170:  template<typename _Clock, typename _Duration>
        -:  171:    struct common_type<chrono::time_point<_Clock, _Duration>,
        -:  172:		       chrono::time_point<_Clock, _Duration>>
        -:  173:    { using type = chrono::time_point<_Clock, _Duration>; };
        -:  174:
        -:  175:  /// Specialization of common_type for one chrono::time_point type.
        -:  176:  template<typename _Clock, typename _Duration>
        -:  177:    struct common_type<chrono::time_point<_Clock, _Duration>>
        -:  178:    { using type = chrono::time_point<_Clock, _Duration>; };
        -:  179:  /// @}
        -:  180:
        -:  181:  /// @} group chrono
        -:  182:
        -:  183:  namespace chrono
        -:  184:  {
        -:  185:    /// @addtogroup chrono
        -:  186:    /// @{
        -:  187:
        -:  188:    /// @cond undocumented
        -:  189:
        -:  190:    // Primary template for duration_cast impl.
        -:  191:    template<typename _ToDur, typename _CF, typename _CR,
        -:  192:	     bool _NumIsOne = false, bool _DenIsOne = false>
        -:  193:      struct __duration_cast_impl
        -:  194:      {
        -:  195:	template<typename _Rep, typename _Period>
        -:  196:	  static constexpr _ToDur
        -:  197:	  __cast(const duration<_Rep, _Period>& __d)
        -:  198:	  {
        -:  199:	    typedef typename _ToDur::rep			__to_rep;
        -:  200:	    return _ToDur(static_cast<__to_rep>(static_cast<_CR>(__d.count())
        -:  201:	      * static_cast<_CR>(_CF::num)
        -:  202:	      / static_cast<_CR>(_CF::den)));
        -:  203:	  }
        -:  204:      };
        -:  205:
        -:  206:    template<typename _ToDur, typename _CF, typename _CR>
        -:  207:      struct __duration_cast_impl<_ToDur, _CF, _CR, true, true>
        -:  208:      {
        -:  209:	template<typename _Rep, typename _Period>
        -:  210:	  static constexpr _ToDur
function _ZNSt6chrono20__duration_cast_implINS_8durationIlSt5ratioILl1ELl1000000000EEEES2_ILl1ELl1EElLb1ELb1EE6__castIlS3_EES4_RKNS1_IT_T0_EE called 4 returned 100% blocks executed 100%
        4:  211:	  __cast(const duration<_Rep, _Period>& __d)
        -:  212:	  {
        -:  213:	    typedef typename _ToDur::rep			__to_rep;
        4:  214:	    return _ToDur(static_cast<__to_rep>(__d.count()));
call    0 returned 100%
call    1 returned 100%
        -:  215:	  }
        -:  216:      };
        -:  217:
        -:  218:    template<typename _ToDur, typename _CF, typename _CR>
        -:  219:      struct __duration_cast_impl<_ToDur, _CF, _CR, true, false>
        -:  220:      {
        -:  221:	template<typename _Rep, typename _Period>
        -:  222:	  static constexpr _ToDur
        -:  223:	  __cast(const duration<_Rep, _Period>& __d)
        -:  224:	  {
        -:  225:	    typedef typename _ToDur::rep			__to_rep;
        -:  226:	    return _ToDur(static_cast<__to_rep>(
        -:  227:	      static_cast<_CR>(__d.count()) / static_cast<_CR>(_CF::den)));
        -:  228:	  }
        -:  229:      };
        -:  230:
        -:  231:    template<typename _ToDur, typename _CF, typename _CR>
        -:  232:      struct __duration_cast_impl<_ToDur, _CF, _CR, false, true>
        -:  233:      {
        -:  234:	template<typename _Rep, typename _Period>
        -:  235:	  static constexpr _ToDur
        -:  236:	  __cast(const duration<_Rep, _Period>& __d)
        -:  237:	  {
        -:  238:	    typedef typename _ToDur::rep			__to_rep;
        -:  239:	    return _ToDur(static_cast<__to_rep>(
        -:  240:	      static_cast<_CR>(__d.count()) * static_cast<_CR>(_CF::num)));
        -:  241:	  }
        -:  242:      };
        -:  243:
        -:  244:    template<typename _Tp>
        -:  245:      struct __is_duration
        -:  246:      : std::false_type
        -:  247:      { };
        -:  248:
        -:  249:    template<typename _Rep, typename _Period>
        -:  250:      struct __is_duration<duration<_Rep, _Period>>
        -:  251:      : std::true_type
        -:  252:      { };
        -:  253:
        -:  254:    template<typename _Tp>
        -:  255:      using __enable_if_is_duration
        -:  256:	= typename enable_if<__is_duration<_Tp>::value, _Tp>::type;
        -:  257:
        -:  258:    template<typename _Tp>
        -:  259:      using __disable_if_is_duration
        -:  260:	= typename enable_if<!__is_duration<_Tp>::value, _Tp>::type;
        -:  261:
        -:  262:    /// @endcond
        -:  263:
        -:  264:    /// duration_cast
        -:  265:    template<typename _ToDur, typename _Rep, typename _Period>
        -:  266:      constexpr __enable_if_is_duration<_ToDur>
function _ZNSt6chrono13duration_castINS_8durationIlSt5ratioILl1ELl1000000000EEEElS3_EENSt9enable_ifIXsrNS_13__is_durationIT_EE5valueES7_E4typeERKNS1_IT0_T1_EE called 4 returned 100% blocks executed 100%
        4:  267:      duration_cast(const duration<_Rep, _Period>& __d)
        -:  268:      {
        -:  269:	typedef typename _ToDur::period				__to_period;
        -:  270:	typedef typename _ToDur::rep				__to_rep;
        -:  271:	typedef ratio_divide<_Period, __to_period> 		__cf;
        -:  272:	typedef typename common_type<__to_rep, _Rep, intmax_t>::type
        -:  273:	  							__cr;
        -:  274:	typedef  __duration_cast_impl<_ToDur, __cf, __cr,
        -:  275:				      __cf::num == 1, __cf::den == 1> __dc;
        4:  276:	return __dc::__cast(__d);
call    0 returned 100%
        -:  277:      }
        -:  278:
        -:  279:    /// treat_as_floating_point
        -:  280:    template<typename _Rep>
        -:  281:      struct treat_as_floating_point
        -:  282:      : is_floating_point<_Rep>
        -:  283:      { };
        -:  284:
        -:  285:#if __cplusplus > 201402L
        -:  286:    template <typename _Rep>
        -:  287:      inline constexpr bool treat_as_floating_point_v =
        -:  288:        treat_as_floating_point<_Rep>::value;
        -:  289:#endif // C++17
        -:  290:
        -:  291:#if __cplusplus > 201703L
        -:  292:    template<typename _Tp>
        -:  293:      struct is_clock;
        -:  294:
        -:  295:    template<typename _Tp>
        -:  296:      inline constexpr bool is_clock_v = is_clock<_Tp>::value;
        -:  297:
        -:  298:#if __cpp_lib_concepts
        -:  299:    template<typename _Tp>
        -:  300:      struct is_clock : false_type
        -:  301:      { };
        -:  302:
        -:  303:    template<typename _Tp>
        -:  304:      requires requires {
        -:  305:	typename _Tp::rep;
        -:  306:	typename _Tp::period;
        -:  307:	typename _Tp::duration;
        -:  308:	typename _Tp::time_point::clock;
        -:  309:	typename _Tp::time_point::duration;
        -:  310:	{ &_Tp::is_steady } -> same_as<const bool*>;
        -:  311:	{ _Tp::now() } -> same_as<typename _Tp::time_point>;
        -:  312:	requires same_as<typename _Tp::duration,
        -:  313:			 duration<typename _Tp::rep, typename _Tp::period>>;
        -:  314:	requires same_as<typename _Tp::time_point::duration,
        -:  315:			 typename _Tp::duration>;
        -:  316:      }
        -:  317:      struct is_clock<_Tp> : true_type
        -:  318:      { };
        -:  319:#else
        -:  320:    template<typename _Tp, typename = void>
        -:  321:      struct __is_clock_impl : false_type
        -:  322:      { };
        -:  323:
        -:  324:    template<typename _Tp>
        -:  325:      struct __is_clock_impl<_Tp,
        -:  326:			     void_t<typename _Tp::rep, typename _Tp::period,
        -:  327:				    typename _Tp::duration,
        -:  328:				    typename _Tp::time_point::duration,
        -:  329:				    decltype(_Tp::is_steady),
        -:  330:				    decltype(_Tp::now())>>
        -:  331:      : __and_<is_same<typename _Tp::duration,
        -:  332:		       duration<typename _Tp::rep, typename _Tp::period>>,
        -:  333:	       is_same<typename _Tp::time_point::duration,
        -:  334:		       typename _Tp::duration>,
        -:  335:	       is_same<decltype(&_Tp::is_steady), const bool*>,
        -:  336:	       is_same<decltype(_Tp::now()), typename _Tp::time_point>>::type
        -:  337:      { };
        -:  338:
        -:  339:    template<typename _Tp>
        -:  340:      struct is_clock : __is_clock_impl<_Tp>::type
        -:  341:      { };
        -:  342:#endif
        -:  343:#endif // C++20
        -:  344:
        -:  345:#if __cplusplus >= 201703L
        -:  346:# define __cpp_lib_chrono 201611
        -:  347:
        -:  348:    template<typename _ToDur, typename _Rep, typename _Period>
        -:  349:      constexpr __enable_if_is_duration<_ToDur>
        -:  350:      floor(const duration<_Rep, _Period>& __d)
        -:  351:      {
        -:  352:	auto __to = chrono::duration_cast<_ToDur>(__d);
        -:  353:	if (__to > __d)
        -:  354:	  return __to - _ToDur{1};
        -:  355:	return __to;
        -:  356:      }
        -:  357:
        -:  358:    template<typename _ToDur, typename _Rep, typename _Period>
        -:  359:      constexpr __enable_if_is_duration<_ToDur>
        -:  360:      ceil(const duration<_Rep, _Period>& __d)
        -:  361:      {
        -:  362:	auto __to = chrono::duration_cast<_ToDur>(__d);
        -:  363:	if (__to < __d)
        -:  364:	  return __to + _ToDur{1};
        -:  365:	return __to;
        -:  366:      }
        -:  367:
        -:  368:    template <typename _ToDur, typename _Rep, typename _Period>
        -:  369:      constexpr enable_if_t<
        -:  370:	__and_<__is_duration<_ToDur>,
        -:  371:	       __not_<treat_as_floating_point<typename _ToDur::rep>>>::value,
        -:  372:	_ToDur>
        -:  373:      round(const duration<_Rep, _Period>& __d)
        -:  374:      {
        -:  375:	_ToDur __t0 = chrono::floor<_ToDur>(__d);
        -:  376:	_ToDur __t1 = __t0 + _ToDur{1};
        -:  377:	auto __diff0 = __d - __t0;
        -:  378:	auto __diff1 = __t1 - __d;
        -:  379:	if (__diff0 == __diff1)
        -:  380:	{
        -:  381:	    if (__t0.count() & 1)
        -:  382:		return __t1;
        -:  383:	    return __t0;
        -:  384:	}
        -:  385:	else if (__diff0 < __diff1)
        -:  386:	    return __t0;
        -:  387:	return __t1;
        -:  388:      }
        -:  389:
        -:  390:    template<typename _Rep, typename _Period>
        -:  391:      constexpr
        -:  392:      enable_if_t<numeric_limits<_Rep>::is_signed, duration<_Rep, _Period>>
        -:  393:      abs(duration<_Rep, _Period> __d)
        -:  394:      {
        -:  395:	if (__d >= __d.zero())
        -:  396:	  return __d;
        -:  397:	return -__d;
        -:  398:      }
        -:  399:
        -:  400:    // Make chrono::ceil<D> also usable as chrono::__detail::ceil<D>.
        -:  401:    namespace __detail { using chrono::ceil; }
        -:  402:
        -:  403:#else // ! C++17
        -:  404:
        -:  405:    // We want to use ceil even when compiling for earlier standards versions.
        -:  406:    // C++11 only allows a single statement in a constexpr function, so we
        -:  407:    // need to move the comparison into a separate function, __ceil_impl.
        -:  408:    namespace __detail
        -:  409:    {
        -:  410:      template<typename _Tp, typename _Up>
        -:  411:	constexpr _Tp
        -:  412:	__ceil_impl(const _Tp& __t, const _Up& __u)
        -:  413:	{
        -:  414:	  return (__t < __u) ? (__t + _Tp{1}) : __t;
        -:  415:	}
        -:  416:
        -:  417:      // C++11-friendly version of std::chrono::ceil<D> for internal use.
        -:  418:      template<typename _ToDur, typename _Rep, typename _Period>
        -:  419:	constexpr _ToDur
        -:  420:	ceil(const duration<_Rep, _Period>& __d)
        -:  421:	{
        -:  422:	  return __detail::__ceil_impl(chrono::duration_cast<_ToDur>(__d), __d);
        -:  423:	}
        -:  424:    }
        -:  425:#endif // C++17
        -:  426:
        -:  427:    /// duration_values
        -:  428:    template<typename _Rep>
        -:  429:      struct duration_values
        -:  430:      {
        -:  431:	static constexpr _Rep
        -:  432:	zero() noexcept
        -:  433:	{ return _Rep(0); }
        -:  434:
        -:  435:	static constexpr _Rep
        -:  436:	max() noexcept
        -:  437:	{ return numeric_limits<_Rep>::max(); }
        -:  438:
        -:  439:	static constexpr _Rep
        -:  440:	min() noexcept
        -:  441:	{ return numeric_limits<_Rep>::lowest(); }
        -:  442:      };
        -:  443:
        -:  444:    /// @cond undocumented
        -:  445:
        -:  446:    template<typename _Tp>
        -:  447:      struct __is_ratio
        -:  448:      : std::false_type
        -:  449:      { };
        -:  450:
        -:  451:    template<intmax_t _Num, intmax_t _Den>
        -:  452:      struct __is_ratio<ratio<_Num, _Den>>
        -:  453:      : std::true_type
        -:  454:      { };
        -:  455:
        -:  456:    /// @endcond
        -:  457:
        -:  458:    template<typename _Rep, typename _Period>
        -:  459:      struct duration
        -:  460:      {
        -:  461:      private:
        -:  462:	template<typename _Rep2>
        -:  463:	  using __is_float = treat_as_floating_point<_Rep2>;
        -:  464:
        -:  465:	static constexpr intmax_t
        -:  466:	_S_gcd(intmax_t __m, intmax_t __n) noexcept
        -:  467:	{
        -:  468:	  // Duration only allows positive periods so we don't need to
        -:  469:	  // handle negative values here (unlike __static_gcd and std::gcd).
        -:  470:#if __cplusplus >= 201402L
        -:  471:	  do
        -:  472:	    {
        -:  473:	      intmax_t __rem = __m % __n;
        -:  474:	      __m = __n;
        -:  475:	      __n = __rem;
        -:  476:	    }
        -:  477:	  while (__n != 0);
        -:  478:	  return __m;
        -:  479:#else
        -:  480:	  // C++11 doesn't allow loops in constexpr functions, but this
        -:  481:	  // recursive version can be more expensive to evaluate.
        -:  482:	  return (__n == 0) ? __m : _S_gcd(__n, __m % __n);
        -:  483:#endif
        -:  484:	}
        -:  485:
        -:  486:	// _GLIBCXX_RESOLVE_LIB_DEFECTS
        -:  487:	// 2094. overflow shouldn't participate in overload resolution
        -:  488:	// 3090. What is [2094] intended to mean?
        -:  489:	// This only produces a valid type if no overflow occurs.
        -:  490:	template<typename _R1, typename _R2,
        -:  491:		 intmax_t __gcd1 = _S_gcd(_R1::num, _R2::num),
        -:  492:		 intmax_t __gcd2 = _S_gcd(_R1::den, _R2::den)>
        -:  493:	  using __divide = ratio<(_R1::num / __gcd1) * (_R2::den / __gcd2),
        -:  494:				 (_R1::den / __gcd2) * (_R2::num / __gcd1)>;
        -:  495:
        -:  496:	// _Period2 is an exact multiple of _Period
        -:  497:	template<typename _Period2>
        -:  498:	  using __is_harmonic
        -:  499:	    = __bool_constant<__divide<_Period2, _Period>::den == 1>;
        -:  500:
        -:  501:      public:
        -:  502:
        -:  503:	using rep = _Rep;
        -:  504:	using period = typename _Period::type;
        -:  505:
        -:  506:	static_assert(!__is_duration<_Rep>::value, "rep cannot be a duration");
        -:  507:	static_assert(__is_ratio<_Period>::value,
        -:  508:		      "period must be a specialization of ratio");
        -:  509:	static_assert(_Period::num > 0, "period must be positive");
        -:  510:
        -:  511:	// 20.11.5.1 construction / copy / destroy
        -:  512:	constexpr duration() = default;
        -:  513:
        -:  514:	duration(const duration&) = default;
        -:  515:
        -:  516:	// _GLIBCXX_RESOLVE_LIB_DEFECTS
        -:  517:	// 3050. Conversion specification problem in chrono::duration
        -:  518:	template<typename _Rep2, typename = _Require<
        -:  519:		 is_convertible<const _Rep2&, rep>,
        -:  520:		 __or_<__is_float<rep>, __not_<__is_float<_Rep2>>>>>
       4*:  521:	  constexpr explicit duration(const _Rep2& __rep)
       4*:  522:	  : __r(static_cast<rep>(__rep)) { }
------------------
_ZNSt6chrono8durationIlSt5ratioILl1ELl1000EEEC2IlvEERKT_:
function _ZNSt6chrono8durationIlSt5ratioILl1ELl1000EEEC2IlvEERKT_ called 0 returned 0% blocks executed 0%
    #####:  521:	  constexpr explicit duration(const _Rep2& __rep)
    #####:  522:	  : __r(static_cast<rep>(__rep)) { }
------------------
_ZNSt6chrono8durationIlSt5ratioILl1ELl1000000000EEEC1IlvEERKT_:
function _ZNSt6chrono8durationIlSt5ratioILl1ELl1000000000EEEC1IlvEERKT_ called 4 returned 100% blocks executed 100%
        4:  521:	  constexpr explicit duration(const _Rep2& __rep)
        4:  522:	  : __r(static_cast<rep>(__rep)) { }
------------------
        -:  523:
        -:  524:	template<typename _Rep2, typename _Period2, typename = _Require<
        -:  525:		 is_convertible<const _Rep2&, rep>,
        -:  526:		 __or_<__is_float<rep>,
        -:  527:		       __and_<__is_harmonic<_Period2>,
        -:  528:			      __not_<__is_float<_Rep2>>>>>>
        -:  529:	  constexpr duration(const duration<_Rep2, _Period2>& __d)
        -:  530:	  : __r(duration_cast<duration>(__d).count()) { }
        -:  531:
        -:  532:	~duration() = default;
        -:  533:	duration& operator=(const duration&) = default;
        -:  534:
        -:  535:	// 20.11.5.2 observer
        -:  536:	constexpr rep
function _ZNKSt6chrono8durationIlSt5ratioILl1ELl1000000000EEE5countEv called 8 returned 100% blocks executed 100%
        8:  537:	count() const
        8:  538:	{ return __r; }
        -:  539:
        -:  540:	// 20.11.5.3 arithmetic
        -:  541:
        -:  542:	constexpr duration<typename common_type<rep>::type, period>
        -:  543:	operator+() const
        -:  544:	{ return duration<typename common_type<rep>::type, period>(__r); }
        -:  545:
        -:  546:	constexpr duration<typename common_type<rep>::type, period>
        -:  547:	operator-() const
        -:  548:	{ return duration<typename common_type<rep>::type, period>(-__r); }
        -:  549:
        -:  550:	_GLIBCXX17_CONSTEXPR duration&
        -:  551:	operator++()
        -:  552:	{
        -:  553:	  ++__r;
        -:  554:	  return *this;
        -:  555:	}
        -:  556:
        -:  557:	_GLIBCXX17_CONSTEXPR duration
        -:  558:	operator++(int)
        -:  559:	{ return duration(__r++); }
        -:  560:
        -:  561:	_GLIBCXX17_CONSTEXPR duration&
        -:  562:	operator--()
        -:  563:	{
        -:  564:	  --__r;
        -:  565:	  return *this;
        -:  566:	}
        -:  567:
        -:  568:	_GLIBCXX17_CONSTEXPR duration
        -:  569:	operator--(int)
        -:  570:	{ return duration(__r--); }
        -:  571:
        -:  572:	_GLIBCXX17_CONSTEXPR duration&
        -:  573:	operator+=(const duration& __d)
        -:  574:	{
        -:  575:	  __r += __d.count();
        -:  576:	  return *this;
        -:  577:	}
        -:  578:
        -:  579:	_GLIBCXX17_CONSTEXPR duration&
        -:  580:	operator-=(const duration& __d)
        -:  581:	{
        -:  582:	  __r -= __d.count();
        -:  583:	  return *this;
        -:  584:	}
        -:  585:
        -:  586:	_GLIBCXX17_CONSTEXPR duration&
        -:  587:	operator*=(const rep& __rhs)
        -:  588:	{
        -:  589:	  __r *= __rhs;
        -:  590:	  return *this;
        -:  591:	}
        -:  592:
        -:  593:	_GLIBCXX17_CONSTEXPR duration&
        -:  594:	operator/=(const rep& __rhs)
        -:  595:	{
        -:  596:	  __r /= __rhs;
        -:  597:	  return *this;
        -:  598:	}
        -:  599:
        -:  600:	// DR 934.
        -:  601:	template<typename _Rep2 = rep>
        -:  602:	  _GLIBCXX17_CONSTEXPR
        -:  603:	  typename enable_if<!treat_as_floating_point<_Rep2>::value,
        -:  604:			     duration&>::type
        -:  605:	  operator%=(const rep& __rhs)
        -:  606:	  {
        -:  607:	    __r %= __rhs;
        -:  608:	    return *this;
        -:  609:	  }
        -:  610:
        -:  611:	template<typename _Rep2 = rep>
        -:  612:	  _GLIBCXX17_CONSTEXPR
        -:  613:	  typename enable_if<!treat_as_floating_point<_Rep2>::value,
        -:  614:			     duration&>::type
        -:  615:	  operator%=(const duration& __d)
        -:  616:	  {
        -:  617:	    __r %= __d.count();
        -:  618:	    return *this;
        -:  619:	  }
        -:  620:
        -:  621:	// 20.11.5.4 special values
        -:  622:	static constexpr duration
        -:  623:	zero() noexcept
        -:  624:	{ return duration(duration_values<rep>::zero()); }
        -:  625:
        -:  626:	static constexpr duration
        -:  627:	min() noexcept
        -:  628:	{ return duration(duration_values<rep>::min()); }
        -:  629:
        -:  630:	static constexpr duration
        -:  631:	max() noexcept
        -:  632:	{ return duration(duration_values<rep>::max()); }
        -:  633:
        -:  634:      private:
        -:  635:	rep __r;
        -:  636:      };
        -:  637:
        -:  638:    /// @{
        -:  639:    /// @relates std::chrono::duration
        -:  640:
        -:  641:    /// The sum of two durations.
        -:  642:    template<typename _Rep1, typename _Period1,
        -:  643:	     typename _Rep2, typename _Period2>
        -:  644:      constexpr typename common_type<duration<_Rep1, _Period1>,
        -:  645:				     duration<_Rep2, _Period2>>::type
        -:  646:      operator+(const duration<_Rep1, _Period1>& __lhs,
        -:  647:		const duration<_Rep2, _Period2>& __rhs)
        -:  648:      {
        -:  649:	typedef duration<_Rep1, _Period1>			__dur1;
        -:  650:	typedef duration<_Rep2, _Period2>			__dur2;
        -:  651:	typedef typename common_type<__dur1,__dur2>::type	__cd;
        -:  652:	return __cd(__cd(__lhs).count() + __cd(__rhs).count());
        -:  653:      }
        -:  654:
        -:  655:    /// The difference between two durations.
        -:  656:    template<typename _Rep1, typename _Period1,
        -:  657:	     typename _Rep2, typename _Period2>
        -:  658:      constexpr typename common_type<duration<_Rep1, _Period1>,
        -:  659:				     duration<_Rep2, _Period2>>::type
        -:  660:      operator-(const duration<_Rep1, _Period1>& __lhs,
        -:  661:		const duration<_Rep2, _Period2>& __rhs)
        -:  662:      {
        -:  663:	typedef duration<_Rep1, _Period1>			__dur1;
        -:  664:	typedef duration<_Rep2, _Period2>			__dur2;
        -:  665:	typedef typename common_type<__dur1,__dur2>::type	__cd;
        -:  666:	return __cd(__cd(__lhs).count() - __cd(__rhs).count());
        -:  667:      }
        -:  668:
        -:  669:    /// @}
        -:  670:
        -:  671:    /// @cond undocumented
        -:  672:
        -:  673:    // SFINAE helper to obtain common_type<_Rep1, _Rep2> only if _Rep2
        -:  674:    // is implicitly convertible to it.
        -:  675:    // _GLIBCXX_RESOLVE_LIB_DEFECTS
        -:  676:    // 3050. Conversion specification problem in chrono::duration constructor
        -:  677:    template<typename _Rep1, typename _Rep2,
        -:  678:	     typename _CRep = typename common_type<_Rep1, _Rep2>::type>
        -:  679:      using __common_rep_t = typename
        -:  680:	enable_if<is_convertible<const _Rep2&, _CRep>::value, _CRep>::type;
        -:  681:
        -:  682:    /// @endcond
        -:  683:
        -:  684:    /** @{
        -:  685:     * Arithmetic operators for chrono::duration
        -:  686:     * @relates std::chrono::duration
        -:  687:     */
        -:  688:
        -:  689:    template<typename _Rep1, typename _Period, typename _Rep2>
        -:  690:      constexpr duration<__common_rep_t<_Rep1, _Rep2>, _Period>
        -:  691:      operator*(const duration<_Rep1, _Period>& __d, const _Rep2& __s)
        -:  692:      {
        -:  693:	typedef duration<typename common_type<_Rep1, _Rep2>::type, _Period>
        -:  694:	  __cd;
        -:  695:	return __cd(__cd(__d).count() * __s);
        -:  696:      }
        -:  697:
        -:  698:    template<typename _Rep1, typename _Rep2, typename _Period>
        -:  699:      constexpr duration<__common_rep_t<_Rep2, _Rep1>, _Period>
        -:  700:      operator*(const _Rep1& __s, const duration<_Rep2, _Period>& __d)
        -:  701:      { return __d * __s; }
        -:  702:
        -:  703:    template<typename _Rep1, typename _Period, typename _Rep2>
        -:  704:      constexpr
        -:  705:      duration<__common_rep_t<_Rep1, __disable_if_is_duration<_Rep2>>, _Period>
        -:  706:      operator/(const duration<_Rep1, _Period>& __d, const _Rep2& __s)
        -:  707:      {
        -:  708:	typedef duration<typename common_type<_Rep1, _Rep2>::type, _Period>
        -:  709:	  __cd;
        -:  710:	return __cd(__cd(__d).count() / __s);
        -:  711:      }
        -:  712:
        -:  713:    template<typename _Rep1, typename _Period1,
        -:  714:	     typename _Rep2, typename _Period2>
        -:  715:      constexpr typename common_type<_Rep1, _Rep2>::type
        -:  716:      operator/(const duration<_Rep1, _Period1>& __lhs,
        -:  717:		const duration<_Rep2, _Period2>& __rhs)
        -:  718:      {
        -:  719:	typedef duration<_Rep1, _Period1>			__dur1;
        -:  720:	typedef duration<_Rep2, _Period2>			__dur2;
        -:  721:	typedef typename common_type<__dur1,__dur2>::type	__cd;
        -:  722:	return __cd(__lhs).count() / __cd(__rhs).count();
        -:  723:      }
        -:  724:
        -:  725:    // DR 934.
        -:  726:    template<typename _Rep1, typename _Period, typename _Rep2>
        -:  727:      constexpr
        -:  728:      duration<__common_rep_t<_Rep1, __disable_if_is_duration<_Rep2>>, _Period>
        -:  729:      operator%(const duration<_Rep1, _Period>& __d, const _Rep2& __s)
        -:  730:      {
        -:  731:	typedef duration<typename common_type<_Rep1, _Rep2>::type, _Period>
        -:  732:	  __cd;
        -:  733:	return __cd(__cd(__d).count() % __s);
        -:  734:      }
        -:  735:
        -:  736:    template<typename _Rep1, typename _Period1,
        -:  737:	     typename _Rep2, typename _Period2>
        -:  738:      constexpr typename common_type<duration<_Rep1, _Period1>,
        -:  739:				     duration<_Rep2, _Period2>>::type
        -:  740:      operator%(const duration<_Rep1, _Period1>& __lhs,
        -:  741:		const duration<_Rep2, _Period2>& __rhs)
        -:  742:      {
        -:  743:	typedef duration<_Rep1, _Period1>			__dur1;
        -:  744:	typedef duration<_Rep2, _Period2>			__dur2;
        -:  745:	typedef typename common_type<__dur1,__dur2>::type	__cd;
        -:  746:	return __cd(__cd(__lhs).count() % __cd(__rhs).count());
        -:  747:      }
        -:  748:    /// @}
        -:  749:
        -:  750:    // comparisons
        -:  751:
        -:  752:    /** @{
        -:  753:     * Comparisons for chrono::duration
        -:  754:     * @relates std::chrono::duration
        -:  755:     */
        -:  756:
        -:  757:    template<typename _Rep1, typename _Period1,
        -:  758:	     typename _Rep2, typename _Period2>
        -:  759:      constexpr bool
        -:  760:      operator==(const duration<_Rep1, _Period1>& __lhs,
        -:  761:		 const duration<_Rep2, _Period2>& __rhs)
        -:  762:      {
        -:  763:	typedef duration<_Rep1, _Period1>			__dur1;
        -:  764:	typedef duration<_Rep2, _Period2>			__dur2;
        -:  765:	typedef typename common_type<__dur1,__dur2>::type	__ct;
        -:  766:	return __ct(__lhs).count() == __ct(__rhs).count();
        -:  767:      }
        -:  768:
        -:  769:    template<typename _Rep1, typename _Period1,
        -:  770:	     typename _Rep2, typename _Period2>
        -:  771:      constexpr bool
        -:  772:      operator<(const duration<_Rep1, _Period1>& __lhs,
        -:  773:		const duration<_Rep2, _Period2>& __rhs)
        -:  774:      {
        -:  775:	typedef duration<_Rep1, _Period1>			__dur1;
        -:  776:	typedef duration<_Rep2, _Period2>			__dur2;
        -:  777:	typedef typename common_type<__dur1,__dur2>::type	__ct;
        -:  778:	return __ct(__lhs).count() < __ct(__rhs).count();
        -:  779:      }
        -:  780:
        -:  781:#if __cpp_lib_three_way_comparison
        -:  782:    template<typename _Rep1, typename _Period1,
        -:  783:	     typename _Rep2, typename _Period2>
        -:  784:      requires three_way_comparable<common_type_t<_Rep1, _Rep2>>
        -:  785:      constexpr auto
        -:  786:      operator<=>(const duration<_Rep1, _Period1>& __lhs,
        -:  787:		  const duration<_Rep2, _Period2>& __rhs)
        -:  788:      {
        -:  789:	using __ct = common_type_t<duration<_Rep1, _Period1>,
        -:  790:				   duration<_Rep2, _Period2>>;
        -:  791:	return __ct(__lhs).count() <=> __ct(__rhs).count();
        -:  792:      }
        -:  793:#else
        -:  794:    template<typename _Rep1, typename _Period1,
        -:  795:	     typename _Rep2, typename _Period2>
        -:  796:      constexpr bool
        -:  797:      operator!=(const duration<_Rep1, _Period1>& __lhs,
        -:  798:		 const duration<_Rep2, _Period2>& __rhs)
        -:  799:      { return !(__lhs == __rhs); }
        -:  800:#endif
        -:  801:
        -:  802:    template<typename _Rep1, typename _Period1,
        -:  803:	     typename _Rep2, typename _Period2>
        -:  804:      constexpr bool
        -:  805:      operator<=(const duration<_Rep1, _Period1>& __lhs,
        -:  806:		 const duration<_Rep2, _Period2>& __rhs)
        -:  807:      { return !(__rhs < __lhs); }
        -:  808:
        -:  809:    template<typename _Rep1, typename _Period1,
        -:  810:	     typename _Rep2, typename _Period2>
        -:  811:      constexpr bool
        -:  812:      operator>(const duration<_Rep1, _Period1>& __lhs,
        -:  813:		const duration<_Rep2, _Period2>& __rhs)
        -:  814:      { return __rhs < __lhs; }
        -:  815:
        -:  816:    template<typename _Rep1, typename _Period1,
        -:  817:	     typename _Rep2, typename _Period2>
        -:  818:      constexpr bool
        -:  819:      operator>=(const duration<_Rep1, _Period1>& __lhs,
        -:  820:		 const duration<_Rep2, _Period2>& __rhs)
        -:  821:      { return !(__lhs < __rhs); }
        -:  822:
        -:  823:    /// @}
        -:  824:
        -:  825:    /// @cond undocumented
        -:  826:#ifdef _GLIBCXX_USE_C99_STDINT_TR1
        -:  827:# define _GLIBCXX_CHRONO_INT64_T int64_t
        -:  828:#elif defined __INT64_TYPE__
        -:  829:# define _GLIBCXX_CHRONO_INT64_T __INT64_TYPE__
        -:  830:#else
        -:  831:    static_assert(std::numeric_limits<unsigned long long>::digits >= 64,
        -:  832:	"Representation type for nanoseconds must have at least 64 bits");
        -:  833:# define _GLIBCXX_CHRONO_INT64_T long long
        -:  834:#endif
        -:  835:    /// @endcond
        -:  836:
        -:  837:    /// nanoseconds
        -:  838:    using nanoseconds	= duration<_GLIBCXX_CHRONO_INT64_T, nano>;
        -:  839:
        -:  840:    /// microseconds
        -:  841:    using microseconds	= duration<_GLIBCXX_CHRONO_INT64_T, micro>;
        -:  842:
        -:  843:    /// milliseconds
        -:  844:    using milliseconds	= duration<_GLIBCXX_CHRONO_INT64_T, milli>;
        -:  845:
        -:  846:    /// seconds
        -:  847:    using seconds	= duration<_GLIBCXX_CHRONO_INT64_T>;
        -:  848:
        -:  849:    /// minutes
        -:  850:    using minutes	= duration<_GLIBCXX_CHRONO_INT64_T, ratio< 60>>;
        -:  851:
        -:  852:    /// hours
        -:  853:    using hours		= duration<_GLIBCXX_CHRONO_INT64_T, ratio<3600>>;
        -:  854:
        -:  855:#if __cplusplus > 201703L
        -:  856:    /// days
        -:  857:    using days		= duration<_GLIBCXX_CHRONO_INT64_T, ratio<86400>>;
        -:  858:
        -:  859:    /// weeks
        -:  860:    using weeks		= duration<_GLIBCXX_CHRONO_INT64_T, ratio<604800>>;
        -:  861:
        -:  862:    /// years
        -:  863:    using years		= duration<_GLIBCXX_CHRONO_INT64_T, ratio<31556952>>;
        -:  864:
        -:  865:    /// months
        -:  866:    using months	= duration<_GLIBCXX_CHRONO_INT64_T, ratio<2629746>>;
        -:  867:#endif // C++20
        -:  868:
        -:  869:#undef _GLIBCXX_CHRONO_INT64_T
        -:  870:
        -:  871:    template<typename _Clock, typename _Dur>
        -:  872:      struct time_point
        -:  873:      {
        -:  874:	static_assert(__is_duration<_Dur>::value,
        -:  875:	    "duration must be a specialization of std::chrono::duration");
        -:  876:
        -:  877:	typedef _Clock						clock;
        -:  878:	typedef _Dur						duration;
        -:  879:	typedef typename duration::rep				rep;
        -:  880:	typedef typename duration::period			period;
        -:  881:
        -:  882:	constexpr time_point() : __d(duration::zero())
        -:  883:	{ }
        -:  884:
        -:  885:	constexpr explicit time_point(const duration& __dur)
        -:  886:	: __d(__dur)
        -:  887:	{ }
        -:  888:
        -:  889:	// conversions
        -:  890:	template<typename _Dur2,
        -:  891:		 typename = _Require<is_convertible<_Dur2, _Dur>>>
        -:  892:	  constexpr time_point(const time_point<clock, _Dur2>& __t)
        -:  893:	  : __d(__t.time_since_epoch())
        -:  894:	  { }
        -:  895:
        -:  896:	// observer
        -:  897:	constexpr duration
function _ZNKSt6chrono10time_pointINS_3_V212system_clockENS_8durationIlSt5ratioILl1ELl1000000000EEEEE16time_since_epochEv called 4 returned 100% blocks executed 100%
        4:  898:	time_since_epoch() const
        4:  899:	{ return __d; }
        -:  900:
        -:  901:#if __cplusplus > 201703L
        -:  902:	constexpr time_point&
        -:  903:	operator++()
        -:  904:	{
        -:  905:	  ++__d;
        -:  906:	  return *this;
        -:  907:	}
        -:  908:
        -:  909:	constexpr time_point
        -:  910:	operator++(int)
        -:  911:	{ return time_point{__d++}; }
        -:  912:
        -:  913:	constexpr time_point&
        -:  914:	operator--()
        -:  915:	{
        -:  916:	  --__d;
        -:  917:	  return *this;
        -:  918:	}
        -:  919:
        -:  920:	constexpr time_point
        -:  921:	operator--(int)
        -:  922:	{ return time_point{__d--}; }
        -:  923:#endif
        -:  924:
        -:  925:	// arithmetic
        -:  926:	_GLIBCXX17_CONSTEXPR time_point&
        -:  927:	operator+=(const duration& __dur)
        -:  928:	{
        -:  929:	  __d += __dur;
        -:  930:	  return *this;
        -:  931:	}
        -:  932:
        -:  933:	_GLIBCXX17_CONSTEXPR time_point&
        -:  934:	operator-=(const duration& __dur)
        -:  935:	{
        -:  936:	  __d -= __dur;
        -:  937:	  return *this;
        -:  938:	}
        -:  939:
        -:  940:	// special values
        -:  941:	static constexpr time_point
        -:  942:	min() noexcept
        -:  943:	{ return time_point(duration::min()); }
        -:  944:
        -:  945:	static constexpr time_point
        -:  946:	max() noexcept
        -:  947:	{ return time_point(duration::max()); }
        -:  948:
        -:  949:      private:
        -:  950:	duration __d;
        -:  951:      };
        -:  952:
        -:  953:    /// time_point_cast
        -:  954:    template<typename _ToDur, typename _Clock, typename _Dur>
        -:  955:      constexpr typename enable_if<__is_duration<_ToDur>::value,
        -:  956:				   time_point<_Clock, _ToDur>>::type
        -:  957:      time_point_cast(const time_point<_Clock, _Dur>& __t)
        -:  958:      {
        -:  959:	typedef time_point<_Clock, _ToDur>			__time_point;
        -:  960:	return __time_point(duration_cast<_ToDur>(__t.time_since_epoch()));
        -:  961:      }
        -:  962:
        -:  963:#if __cplusplus > 201402L
        -:  964:    template<typename _ToDur, typename _Clock, typename _Dur>
        -:  965:      constexpr
        -:  966:      enable_if_t<__is_duration<_ToDur>::value, time_point<_Clock, _ToDur>>
        -:  967:      floor(const time_point<_Clock, _Dur>& __tp)
        -:  968:      {
        -:  969:	return time_point<_Clock, _ToDur>{
        -:  970:	    chrono::floor<_ToDur>(__tp.time_since_epoch())};
        -:  971:      }
        -:  972:
        -:  973:    template<typename _ToDur, typename _Clock, typename _Dur>
        -:  974:      constexpr
        -:  975:      enable_if_t<__is_duration<_ToDur>::value, time_point<_Clock, _ToDur>>
        -:  976:      ceil(const time_point<_Clock, _Dur>& __tp)
        -:  977:      {
        -:  978:	return time_point<_Clock, _ToDur>{
        -:  979:	    chrono::ceil<_ToDur>(__tp.time_since_epoch())};
        -:  980:      }
        -:  981:
        -:  982:    template<typename _ToDur, typename _Clock, typename _Dur>
        -:  983:      constexpr enable_if_t<
        -:  984:	__and_<__is_duration<_ToDur>,
        -:  985:	       __not_<treat_as_floating_point<typename _ToDur::rep>>>::value,
        -:  986:	time_point<_Clock, _ToDur>>
        -:  987:      round(const time_point<_Clock, _Dur>& __tp)
        -:  988:      {
        -:  989:	return time_point<_Clock, _ToDur>{
        -:  990:	    chrono::round<_ToDur>(__tp.time_since_epoch())};
        -:  991:      }
        -:  992:#endif // C++17
        -:  993:
        -:  994:    /// @{
        -:  995:    /// @relates time_point
        -:  996:
        -:  997:    /// Adjust a time point forwards by the given duration.
        -:  998:    template<typename _Clock, typename _Dur1,
        -:  999:	     typename _Rep2, typename _Period2>
        -: 1000:      constexpr time_point<_Clock,
        -: 1001:	typename common_type<_Dur1, duration<_Rep2, _Period2>>::type>
        -: 1002:      operator+(const time_point<_Clock, _Dur1>& __lhs,
        -: 1003:		const duration<_Rep2, _Period2>& __rhs)
        -: 1004:      {
        -: 1005:	typedef duration<_Rep2, _Period2>			__dur2;
        -: 1006:	typedef typename common_type<_Dur1,__dur2>::type	__ct;
        -: 1007:	typedef time_point<_Clock, __ct>			__time_point;
        -: 1008:	return __time_point(__lhs.time_since_epoch() + __rhs);
        -: 1009:      }
        -: 1010:
        -: 1011:    /// Adjust a time point forwards by the given duration.
        -: 1012:    template<typename _Rep1, typename _Period1,
        -: 1013:	     typename _Clock, typename _Dur2>
        -: 1014:      constexpr time_point<_Clock,
        -: 1015:	typename common_type<duration<_Rep1, _Period1>, _Dur2>::type>
        -: 1016:      operator+(const duration<_Rep1, _Period1>& __lhs,
        -: 1017:		const time_point<_Clock, _Dur2>& __rhs)
        -: 1018:      {
        -: 1019:	typedef duration<_Rep1, _Period1>			__dur1;
        -: 1020:	typedef typename common_type<__dur1,_Dur2>::type	__ct;
        -: 1021:	typedef time_point<_Clock, __ct>			__time_point;
        -: 1022:	return __time_point(__rhs.time_since_epoch() + __lhs);
        -: 1023:      }
        -: 1024:
        -: 1025:    /// Adjust a time point backwards by the given duration.
        -: 1026:    template<typename _Clock, typename _Dur1,
        -: 1027:	     typename _Rep2, typename _Period2>
        -: 1028:      constexpr time_point<_Clock,
        -: 1029:	typename common_type<_Dur1, duration<_Rep2, _Period2>>::type>
        -: 1030:      operator-(const time_point<_Clock, _Dur1>& __lhs,
        -: 1031:		const duration<_Rep2, _Period2>& __rhs)
        -: 1032:      {
        -: 1033:	typedef duration<_Rep2, _Period2>			__dur2;
        -: 1034:	typedef typename common_type<_Dur1,__dur2>::type	__ct;
        -: 1035:	typedef time_point<_Clock, __ct>			__time_point;
        -: 1036:	return __time_point(__lhs.time_since_epoch() -__rhs);
        -: 1037:      }
        -: 1038:
        -: 1039:    /// The difference between two time points (as a duration)
        -: 1040:    template<typename _Clock, typename _Dur1, typename _Dur2>
        -: 1041:      constexpr typename common_type<_Dur1, _Dur2>::type
        -: 1042:      operator-(const time_point<_Clock, _Dur1>& __lhs,
        -: 1043:		const time_point<_Clock, _Dur2>& __rhs)
        -: 1044:      { return __lhs.time_since_epoch() - __rhs.time_since_epoch(); }
        -: 1045:    /// @}
        -: 1046:
        -: 1047:    /** @{
        -: 1048:     * Comparisons for time_point
        -: 1049:     * @relates chrono::time_point
        -: 1050:     */
        -: 1051:
        -: 1052:    template<typename _Clock, typename _Dur1, typename _Dur2>
        -: 1053:      constexpr bool
        -: 1054:      operator==(const time_point<_Clock, _Dur1>& __lhs,
        -: 1055:		 const time_point<_Clock, _Dur2>& __rhs)
        -: 1056:      { return __lhs.time_since_epoch() == __rhs.time_since_epoch(); }
        -: 1057:
        -: 1058:#if __cpp_lib_three_way_comparison
        -: 1059:    template<typename _Clock, typename _Dur1,
        -: 1060:	     three_way_comparable_with<_Dur1> _Dur2>
        -: 1061:      constexpr auto
        -: 1062:      operator<=>(const time_point<_Clock, _Dur1>& __lhs,
        -: 1063:		  const time_point<_Clock, _Dur2>& __rhs)
        -: 1064:      { return __lhs.time_since_epoch() <=> __rhs.time_since_epoch(); }
        -: 1065:#else
        -: 1066:    template<typename _Clock, typename _Dur1, typename _Dur2>
        -: 1067:      constexpr bool
        -: 1068:      operator!=(const time_point<_Clock, _Dur1>& __lhs,
        -: 1069:		 const time_point<_Clock, _Dur2>& __rhs)
        -: 1070:      { return !(__lhs == __rhs); }
        -: 1071:#endif
        -: 1072:
        -: 1073:    template<typename _Clock, typename _Dur1, typename _Dur2>
        -: 1074:      constexpr bool
        -: 1075:      operator<(const time_point<_Clock, _Dur1>& __lhs,
        -: 1076:		const time_point<_Clock, _Dur2>& __rhs)
        -: 1077:      { return  __lhs.time_since_epoch() < __rhs.time_since_epoch(); }
        -: 1078:
        -: 1079:    template<typename _Clock, typename _Dur1, typename _Dur2>
        -: 1080:      constexpr bool
        -: 1081:      operator<=(const time_point<_Clock, _Dur1>& __lhs,
        -: 1082:		 const time_point<_Clock, _Dur2>& __rhs)
        -: 1083:      { return !(__rhs < __lhs); }
        -: 1084:
        -: 1085:    template<typename _Clock, typename _Dur1, typename _Dur2>
        -: 1086:      constexpr bool
        -: 1087:      operator>(const time_point<_Clock, _Dur1>& __lhs,
        -: 1088:		const time_point<_Clock, _Dur2>& __rhs)
        -: 1089:      { return __rhs < __lhs; }
        -: 1090:
        -: 1091:    template<typename _Clock, typename _Dur1, typename _Dur2>
        -: 1092:      constexpr bool
        -: 1093:      operator>=(const time_point<_Clock, _Dur1>& __lhs,
        -: 1094:		 const time_point<_Clock, _Dur2>& __rhs)
        -: 1095:      { return !(__lhs < __rhs); }
        -: 1096:
        -: 1097:    /// @}
        -: 1098:
        -: 1099:    // Clocks.
        -: 1100:
        -: 1101:    // Why nanosecond resolution as the default?
        -: 1102:    // Why have std::system_clock always count in the highest
        -: 1103:    // resolution (ie nanoseconds), even if on some OSes the low 3
        -: 1104:    // or 9 decimal digits will be always zero? This allows later
        -: 1105:    // implementations to change the system_clock::now()
        -: 1106:    // implementation any time to provide better resolution without
        -: 1107:    // changing function signature or units.
        -: 1108:
        -: 1109:    // To support the (forward) evolution of the library's defined
        -: 1110:    // clocks, wrap inside inline namespace so that the current
        -: 1111:    // defintions of system_clock, steady_clock, and
        -: 1112:    // high_resolution_clock types are uniquely mangled. This way, new
        -: 1113:    // code can use the latests clocks, while the library can contain
        -: 1114:    // compatibility definitions for previous versions.  At some
        -: 1115:    // point, when these clocks settle down, the inlined namespaces
        -: 1116:    // can be removed.  XXX GLIBCXX_ABI Deprecated
        -: 1117:    inline namespace _V2 {
        -: 1118:
        -: 1119:    /**
        -: 1120:     *  @brief System clock.
        -: 1121:     *
        -: 1122:     *  Time returned represents wall time from the system-wide clock.
        -: 1123:     *  @ingroup chrono
        -: 1124:    */
        -: 1125:    struct system_clock
        -: 1126:    {
        -: 1127:      typedef chrono::nanoseconds				duration;
        -: 1128:      typedef duration::rep					rep;
        -: 1129:      typedef duration::period					period;
        -: 1130:      typedef chrono::time_point<system_clock, duration> 	time_point;
        -: 1131:
        -: 1132:      static_assert(system_clock::duration::min()
        -: 1133:		    < system_clock::duration::zero(),
        -: 1134:		    "a clock's minimum duration cannot be less than its epoch");
        -: 1135:
        -: 1136:      static constexpr bool is_steady = false;
        -: 1137:
        -: 1138:      static time_point
        -: 1139:      now() noexcept;
        -: 1140:
        -: 1141:      // Map to C API
        -: 1142:      static std::time_t
        -: 1143:      to_time_t(const time_point& __t) noexcept
        -: 1144:      {
        -: 1145:	return std::time_t(duration_cast<chrono::seconds>
        -: 1146:			   (__t.time_since_epoch()).count());
        -: 1147:      }
        -: 1148:
        -: 1149:      static time_point
        -: 1150:      from_time_t(std::time_t __t) noexcept
        -: 1151:      {
        -: 1152:	typedef chrono::time_point<system_clock, seconds>	__from;
        -: 1153:	return time_point_cast<system_clock::duration>
        -: 1154:	       (__from(chrono::seconds(__t)));
        -: 1155:      }
        -: 1156:    };
        -: 1157:
        -: 1158:
        -: 1159:    /**
        -: 1160:     *  @brief Monotonic clock
        -: 1161:     *
        -: 1162:     *  Time returned has the property of only increasing at a uniform rate.
        -: 1163:     *  @ingroup chrono
        -: 1164:    */
        -: 1165:    struct steady_clock
        -: 1166:    {
        -: 1167:      typedef chrono::nanoseconds				duration;
        -: 1168:      typedef duration::rep					rep;
        -: 1169:      typedef duration::period					period;
        -: 1170:      typedef chrono::time_point<steady_clock, duration>	time_point;
        -: 1171:
        -: 1172:      static constexpr bool is_steady = true;
        -: 1173:
        -: 1174:      static time_point
        -: 1175:      now() noexcept;
        -: 1176:    };
        -: 1177:
        -: 1178:
        -: 1179:    /**
        -: 1180:     *  @brief Highest-resolution clock
        -: 1181:     *
        -: 1182:     *  This is the clock "with the shortest tick period." Alias to
        -: 1183:     *  std::system_clock until higher-than-nanosecond definitions
        -: 1184:     *  become feasible.
        -: 1185:     *  @ingroup chrono
        -: 1186:    */
        -: 1187:    using high_resolution_clock = system_clock;
        -: 1188:
        -: 1189:    } // end inline namespace _V2
        -: 1190:
        -: 1191:#if __cplusplus > 201703L
        -: 1192:    template<typename _Duration>
        -: 1193:      using sys_time = time_point<system_clock, _Duration>;
        -: 1194:    using sys_seconds = sys_time<seconds>;
        -: 1195:    using sys_days = sys_time<days>;
        -: 1196:
        -: 1197:    using file_clock = ::std::filesystem::__file_clock;
        -: 1198:
        -: 1199:    template<typename _Duration>
        -: 1200:      using file_time = time_point<file_clock, _Duration>;
        -: 1201:
        -: 1202:    template<> struct is_clock<system_clock> : true_type { };
        -: 1203:    template<> struct is_clock<steady_clock> : true_type { };
        -: 1204:    template<> struct is_clock<file_clock> : true_type { };
        -: 1205:
        -: 1206:    template<> inline constexpr bool is_clock_v<system_clock> = true;
        -: 1207:    template<> inline constexpr bool is_clock_v<steady_clock> = true;
        -: 1208:    template<> inline constexpr bool is_clock_v<file_clock> = true;
        -: 1209:
        -: 1210:    struct local_t { };
        -: 1211:    template<typename _Duration>
        -: 1212:      using local_time = time_point<local_t, _Duration>;
        -: 1213:    using local_seconds = local_time<seconds>;
        -: 1214:    using local_days = local_time<days>;
        -: 1215:
        -: 1216:    class utc_clock;
        -: 1217:    class tai_clock;
        -: 1218:    class gps_clock;
        -: 1219:
        -: 1220:    template<typename _Duration>
        -: 1221:      using utc_time = time_point<utc_clock, _Duration>;
        -: 1222:    using utc_seconds = utc_time<seconds>;
        -: 1223:
        -: 1224:    template<typename _Duration>
        -: 1225:      using tai_time = time_point<tai_clock, _Duration>;
        -: 1226:    using tai_seconds = tai_time<seconds>;
        -: 1227:
        -: 1228:    template<typename _Duration>
        -: 1229:      using gps_time = time_point<gps_clock, _Duration>;
        -: 1230:    using gps_seconds = gps_time<seconds>;
        -: 1231:
        -: 1232:    template<> struct is_clock<utc_clock> : true_type { };
        -: 1233:    template<> struct is_clock<tai_clock> : true_type { };
        -: 1234:    template<> struct is_clock<gps_clock> : true_type { };
        -: 1235:
        -: 1236:    template<> inline constexpr bool is_clock_v<utc_clock> = true;
        -: 1237:    template<> inline constexpr bool is_clock_v<tai_clock> = true;
        -: 1238:    template<> inline constexpr bool is_clock_v<gps_clock> = true;
        -: 1239:
        -: 1240:    struct leap_second_info
        -: 1241:    {
        -: 1242:      bool is_leap_second;
        -: 1243:      seconds elapsed;
        -: 1244:    };
        -: 1245:
        -: 1246:    // CALENDRICAL TYPES
        -: 1247:
        -: 1248:    // CLASS DECLARATIONS
        -: 1249:    class day;
        -: 1250:    class month;
        -: 1251:    class year;
        -: 1252:    class weekday;
        -: 1253:    class weekday_indexed;
        -: 1254:    class weekday_last;
        -: 1255:    class month_day;
        -: 1256:    class month_day_last;
        -: 1257:    class month_weekday;
        -: 1258:    class month_weekday_last;
        -: 1259:    class year_month;
        -: 1260:    class year_month_day;
        -: 1261:    class year_month_day_last;
        -: 1262:    class year_month_weekday;
        -: 1263:    class year_month_weekday_last;
        -: 1264:
        -: 1265:    struct last_spec
        -: 1266:    {
        -: 1267:      explicit last_spec() = default;
        -: 1268:
        -: 1269:      friend constexpr month_day_last
        -: 1270:      operator/(int __m, last_spec) noexcept;
        -: 1271:
        -: 1272:      friend constexpr month_day_last
        -: 1273:      operator/(last_spec, int __m) noexcept;
        -: 1274:    };
        -: 1275:
        -: 1276:    inline constexpr last_spec last{};
        -: 1277:
        -: 1278:    namespace __detail
        -: 1279:    {
        -: 1280:      // Compute the remainder of the Euclidean division of __n divided by __d.
        -: 1281:      // Euclidean division truncates toward negative infinity and always
        -: 1282:      // produces a remainder in the range of [0,__d-1] (whereas standard
        -: 1283:      // division truncates toward zero and yields a nonpositive remainder
        -: 1284:      // for negative __n).
        -: 1285:      constexpr unsigned
        -: 1286:      __modulo(long long __n, unsigned __d)
        -: 1287:      {
        -: 1288:	if (__n >= 0)
        -: 1289:	  return __n % __d;
        -: 1290:	else
        -: 1291:	  return (__d + (__n % __d)) % __d;
        -: 1292:      }
        -: 1293:
        -: 1294:      inline constexpr unsigned __days_per_month[12]
        -: 1295:	= { 31, 29, 31, 30, 31, 30, 31, 31, 30, 31, 30, 31 };
        -: 1296:    }
        -: 1297:
        -: 1298:    // DAY
        -: 1299:
        -: 1300:    class day
        -: 1301:    {
        -: 1302:    private:
        -: 1303:      unsigned char _M_d;
        -: 1304:
        -: 1305:    public:
        -: 1306:      day() = default;
        -: 1307:
        -: 1308:      explicit constexpr
        -: 1309:      day(unsigned __d) noexcept
        -: 1310:      : _M_d(__d)
        -: 1311:      { }
        -: 1312:
        -: 1313:      constexpr day&
        -: 1314:      operator++() noexcept
        -: 1315:      {
        -: 1316:	++_M_d;
        -: 1317:	return *this;
        -: 1318:      }
        -: 1319:
        -: 1320:      constexpr day
        -: 1321:      operator++(int) noexcept
        -: 1322:      {
        -: 1323:	auto __ret = *this;
        -: 1324:	++(*this);
        -: 1325:	return __ret;
        -: 1326:      }
        -: 1327:
        -: 1328:      constexpr day&
        -: 1329:      operator--() noexcept
        -: 1330:      {
        -: 1331:	--_M_d;
        -: 1332:	return *this;
        -: 1333:      }
        -: 1334:
        -: 1335:      constexpr day
        -: 1336:      operator--(int) noexcept
        -: 1337:      {
        -: 1338:	auto __ret = *this;
        -: 1339:	--(*this);
        -: 1340:	return __ret;
        -: 1341:      }
        -: 1342:
        -: 1343:      constexpr day&
        -: 1344:      operator+=(const days& __d) noexcept
        -: 1345:      {
        -: 1346:	*this = *this + __d;
        -: 1347:	return *this;
        -: 1348:      }
        -: 1349:
        -: 1350:      constexpr day&
        -: 1351:      operator-=(const days& __d) noexcept
        -: 1352:      {
        -: 1353:	*this = *this - __d;
        -: 1354:	return *this;
        -: 1355:      }
        -: 1356:
        -: 1357:      constexpr explicit
        -: 1358:      operator unsigned() const noexcept
        -: 1359:      { return _M_d; }
        -: 1360:
        -: 1361:      constexpr bool
        -: 1362:      ok() const noexcept
        -: 1363:      { return 1 <= _M_d && _M_d <= 31; }
        -: 1364:
        -: 1365:      friend constexpr bool
        -: 1366:      operator==(const day& __x, const day& __y) noexcept
        -: 1367:      { return unsigned{__x} == unsigned{__y}; }
        -: 1368:
        -: 1369:      friend constexpr strong_ordering
        -: 1370:      operator<=>(const day& __x, const day& __y) noexcept
        -: 1371:      { return unsigned{__x} <=> unsigned{__y}; }
        -: 1372:
        -: 1373:      friend constexpr day
        -: 1374:      operator+(const day& __x, const days& __y) noexcept
        -: 1375:      { return day(unsigned{__x} + __y.count()); }
        -: 1376:
        -: 1377:      friend constexpr day
        -: 1378:      operator+(const days& __x, const day& __y) noexcept
        -: 1379:      { return __y + __x; }
        -: 1380:
        -: 1381:      friend constexpr day
        -: 1382:      operator-(const day& __x, const days& __y) noexcept
        -: 1383:      { return __x + -__y; }
        -: 1384:
        -: 1385:      friend constexpr days
        -: 1386:      operator-(const day& __x, const day& __y) noexcept
        -: 1387:      { return days{int(unsigned{__x}) - int(unsigned{__y})}; }
        -: 1388:
        -: 1389:      friend constexpr month_day
        -: 1390:      operator/(const month& __m, const day& __d) noexcept;
        -: 1391:
        -: 1392:      friend constexpr month_day
        -: 1393:      operator/(int __m, const day& __d) noexcept;
        -: 1394:
        -: 1395:      friend constexpr month_day
        -: 1396:      operator/(const day& __d, const month& __m) noexcept;
        -: 1397:
        -: 1398:      friend constexpr month_day
        -: 1399:      operator/(const day& __d, int __m) noexcept;
        -: 1400:
        -: 1401:      friend constexpr year_month_day
        -: 1402:      operator/(const year_month& __ym, const day& __d) noexcept;
        -: 1403:
        -: 1404:      // TODO: Implement operator<<, to_stream, from_stream.
        -: 1405:    };
        -: 1406:
        -: 1407:    // MONTH
        -: 1408:
        -: 1409:    class month
        -: 1410:    {
        -: 1411:    private:
        -: 1412:      unsigned char _M_m;
        -: 1413:
        -: 1414:    public:
        -: 1415:      month() = default;
        -: 1416:
        -: 1417:      explicit constexpr
        -: 1418:      month(unsigned __m) noexcept
        -: 1419:      : _M_m(__m)
        -: 1420:      { }
        -: 1421:
        -: 1422:      constexpr month&
        -: 1423:      operator++() noexcept
        -: 1424:      {
        -: 1425:	*this += months{1};
        -: 1426:	return *this;
        -: 1427:      }
        -: 1428:
        -: 1429:      constexpr month
        -: 1430:      operator++(int) noexcept
        -: 1431:      {
        -: 1432:	auto __ret = *this;
        -: 1433:	++(*this);
        -: 1434:	return __ret;
        -: 1435:      }
        -: 1436:
        -: 1437:      constexpr month&
        -: 1438:      operator--() noexcept
        -: 1439:      {
        -: 1440:	*this -= months{1};
        -: 1441:	return *this;
        -: 1442:      }
        -: 1443:
        -: 1444:      constexpr month
        -: 1445:      operator--(int) noexcept
        -: 1446:      {
        -: 1447:	auto __ret = *this;
        -: 1448:	--(*this);
        -: 1449:	return __ret;
        -: 1450:      }
        -: 1451:
        -: 1452:      constexpr month&
        -: 1453:      operator+=(const months& __m) noexcept
        -: 1454:      {
        -: 1455:	*this = *this + __m;
        -: 1456:	return *this;
        -: 1457:      }
        -: 1458:
        -: 1459:      constexpr month&
        -: 1460:      operator-=(const months& __m) noexcept
        -: 1461:      {
        -: 1462:	*this = *this - __m;
        -: 1463:	return *this;
        -: 1464:      }
        -: 1465:
        -: 1466:      explicit constexpr
        -: 1467:      operator unsigned() const noexcept
        -: 1468:      { return _M_m; }
        -: 1469:
        -: 1470:      constexpr bool
        -: 1471:      ok() const noexcept
        -: 1472:      { return 1 <= _M_m && _M_m <= 12; }
        -: 1473:
        -: 1474:      friend constexpr bool
        -: 1475:      operator==(const month& __x, const month& __y) noexcept
        -: 1476:      { return unsigned{__x} == unsigned{__y}; }
        -: 1477:
        -: 1478:      friend constexpr strong_ordering
        -: 1479:      operator<=>(const month& __x, const month& __y) noexcept
        -: 1480:      { return unsigned{__x} <=> unsigned{__y}; }
        -: 1481:
        -: 1482:      friend constexpr month
        -: 1483:      operator+(const month& __x, const months& __y) noexcept
        -: 1484:      {
        -: 1485:	auto __n = static_cast<long long>(unsigned{__x}) + (__y.count() - 1);
        -: 1486:	return month{__detail::__modulo(__n, 12) + 1};
        -: 1487:      }
        -: 1488:
        -: 1489:      friend constexpr month
        -: 1490:      operator+(const months& __x,  const month& __y) noexcept
        -: 1491:      { return __y + __x; }
        -: 1492:
        -: 1493:      friend constexpr month
        -: 1494:      operator-(const month& __x, const months& __y) noexcept
        -: 1495:      { return __x + -__y; }
        -: 1496:
        -: 1497:      friend constexpr months
        -: 1498:      operator-(const month& __x,  const month& __y) noexcept
        -: 1499:      {
        -: 1500:	const auto __dm = int(unsigned(__x)) - int(unsigned(__y));
        -: 1501:	return months{__dm < 0 ? 12 + __dm : __dm};
        -: 1502:      }
        -: 1503:
        -: 1504:      friend constexpr year_month
        -: 1505:      operator/(const year& __y, const month& __m) noexcept;
        -: 1506:
        -: 1507:      friend constexpr month_day
        -: 1508:      operator/(const month& __m, int __d) noexcept;
        -: 1509:
        -: 1510:      friend constexpr month_day_last
        -: 1511:      operator/(const month& __m, last_spec) noexcept;
        -: 1512:
        -: 1513:      friend constexpr month_day_last
        -: 1514:      operator/(last_spec, const month& __m) noexcept;
        -: 1515:
        -: 1516:      friend constexpr month_weekday
        -: 1517:      operator/(const month& __m, const weekday_indexed& __wdi) noexcept;
        -: 1518:
        -: 1519:      friend constexpr month_weekday
        -: 1520:      operator/(const weekday_indexed& __wdi, const month& __m) noexcept;
        -: 1521:
        -: 1522:      friend constexpr month_weekday_last
        -: 1523:      operator/(const month& __m, const weekday_last& __wdl) noexcept;
        -: 1524:
        -: 1525:      friend constexpr month_weekday_last
        -: 1526:      operator/(const weekday_last& __wdl, const month& __m) noexcept;
        -: 1527:
        -: 1528:      // TODO: Implement operator<<, to_stream, from_stream.
        -: 1529:    };
        -: 1530:
        -: 1531:    inline constexpr month January{1};
        -: 1532:    inline constexpr month February{2};
        -: 1533:    inline constexpr month March{3};
        -: 1534:    inline constexpr month April{4};
        -: 1535:    inline constexpr month May{5};
        -: 1536:    inline constexpr month June{6};
        -: 1537:    inline constexpr month July{7};
        -: 1538:    inline constexpr month August{8};
        -: 1539:    inline constexpr month September{9};
        -: 1540:    inline constexpr month October{10};
        -: 1541:    inline constexpr month November{11};
        -: 1542:    inline constexpr month December{12};
        -: 1543:
        -: 1544:    // YEAR
        -: 1545:
        -: 1546:    class year
        -: 1547:    {
        -: 1548:    private:
        -: 1549:      short _M_y;
        -: 1550:
        -: 1551:    public:
        -: 1552:      year() = default;
        -: 1553:
        -: 1554:      explicit constexpr
        -: 1555:      year(int __y) noexcept
        -: 1556:      : _M_y{static_cast<short>(__y)}
        -: 1557:      { }
        -: 1558:
        -: 1559:      static constexpr year
        -: 1560:      min() noexcept
        -: 1561:      { return year{-32767}; }
        -: 1562:
        -: 1563:      static constexpr year
        -: 1564:      max() noexcept
        -: 1565:      { return year{32767}; }
        -: 1566:
        -: 1567:      constexpr year&
        -: 1568:      operator++() noexcept
        -: 1569:      {
        -: 1570:	++_M_y;
        -: 1571:	return *this;
        -: 1572:      }
        -: 1573:
        -: 1574:      constexpr year
        -: 1575:      operator++(int) noexcept
        -: 1576:      {
        -: 1577:	auto __ret = *this;
        -: 1578:	++(*this);
        -: 1579:	return __ret;
        -: 1580:      }
        -: 1581:
        -: 1582:      constexpr year&
        -: 1583:      operator--() noexcept
        -: 1584:      {
        -: 1585:	--_M_y;
        -: 1586:	return *this;
        -: 1587:      }
        -: 1588:
        -: 1589:      constexpr year
        -: 1590:      operator--(int) noexcept
        -: 1591:      {
        -: 1592:	auto __ret = *this;
        -: 1593:	--(*this);
        -: 1594:	return __ret;
        -: 1595:      }
        -: 1596:
        -: 1597:      constexpr year&
        -: 1598:      operator+=(const years& __y) noexcept
        -: 1599:      {
        -: 1600:	*this = *this + __y;
        -: 1601:	return *this;
        -: 1602:      }
        -: 1603:
        -: 1604:      constexpr year&
        -: 1605:      operator-=(const years& __y) noexcept
        -: 1606:      {
        -: 1607:	*this = *this - __y;
        -: 1608:	return *this;
        -: 1609:      }
        -: 1610:
        -: 1611:      constexpr year
        -: 1612:      operator+() const noexcept
        -: 1613:      { return *this; }
        -: 1614:
        -: 1615:      constexpr year
        -: 1616:      operator-() const noexcept
        -: 1617:      { return year{-_M_y}; }
        -: 1618:
        -: 1619:      constexpr bool
        -: 1620:      is_leap() const noexcept
        -: 1621:      {
        -: 1622:	// Testing divisibility by 100 first gives better performance, that is,
        -: 1623:	// return (_M_y % 100 != 0 || _M_y % 400 == 0) && _M_y % 4 == 0;
        -: 1624:
        -: 1625:	// It gets even faster if _M_y is in [-536870800, 536870999]
        -: 1626:	// (which is the case here) and _M_y % 100 is replaced by
        -: 1627:	// __is_multiple_of_100 below.
        -: 1628:
        -: 1629:	// References:
        -: 1630:	// [1] https://github.com/cassioneri/calendar
        -: 1631:	// [2] https://accu.org/journals/overload/28/155/overload155.pdf#page=16
        -: 1632:
        -: 1633:	constexpr uint32_t __multiplier   = 42949673;
        -: 1634:	constexpr uint32_t __bound        = 42949669;
        -: 1635:	constexpr uint32_t __max_dividend = 1073741799;
        -: 1636:	constexpr uint32_t __offset       = __max_dividend / 2 / 100 * 100;
        -: 1637:	const bool __is_multiple_of_100
        -: 1638:	  = __multiplier * (_M_y + __offset) < __bound;
        -: 1639:	return (!__is_multiple_of_100 || _M_y % 400 == 0) && _M_y % 4 == 0;
        -: 1640:      }
        -: 1641:
        -: 1642:      explicit constexpr
        -: 1643:      operator int() const noexcept
        -: 1644:      { return _M_y; }
        -: 1645:
        -: 1646:      constexpr bool
        -: 1647:      ok() const noexcept
        -: 1648:      { return min()._M_y <= _M_y && _M_y <= max()._M_y; }
        -: 1649:
        -: 1650:      friend constexpr bool
        -: 1651:      operator==(const year& __x, const year& __y) noexcept
        -: 1652:      { return int{__x} == int{__y}; }
        -: 1653:
        -: 1654:      friend constexpr strong_ordering
        -: 1655:      operator<=>(const year& __x, const year& __y) noexcept
        -: 1656:      { return int{__x} <=> int{__y}; }
        -: 1657:
        -: 1658:      friend constexpr year
        -: 1659:      operator+(const year& __x, const years& __y) noexcept
        -: 1660:      { return year{int{__x} + static_cast<int>(__y.count())}; }
        -: 1661:
        -: 1662:      friend constexpr year
        -: 1663:      operator+(const years& __x, const year& __y) noexcept
        -: 1664:      { return __y + __x; }
        -: 1665:
        -: 1666:      friend constexpr year
        -: 1667:      operator-(const year& __x, const years& __y) noexcept
        -: 1668:      { return __x + -__y; }
        -: 1669:
        -: 1670:      friend constexpr years
        -: 1671:      operator-(const year& __x, const year& __y) noexcept
        -: 1672:      { return years{int{__x} - int{__y}}; }
        -: 1673:
        -: 1674:      friend constexpr year_month
        -: 1675:      operator/(const year& __y, int __m) noexcept;
        -: 1676:
        -: 1677:      friend constexpr year_month_day
        -: 1678:      operator/(const year& __y, const month_day& __md) noexcept;
        -: 1679:
        -: 1680:      friend constexpr year_month_day
        -: 1681:      operator/(const month_day& __md, const year& __y) noexcept;
        -: 1682:
        -: 1683:      friend constexpr year_month_day_last
        -: 1684:      operator/(const year& __y, const month_day_last& __mdl) noexcept;
        -: 1685:
        -: 1686:      friend constexpr year_month_day_last
        -: 1687:      operator/(const month_day_last& __mdl, const year& __y) noexcept;
        -: 1688:
        -: 1689:      friend constexpr year_month_weekday
        -: 1690:      operator/(const year& __y, const month_weekday& __mwd) noexcept;
        -: 1691:
        -: 1692:      friend constexpr year_month_weekday
        -: 1693:      operator/(const month_weekday& __mwd, const year& __y) noexcept;
        -: 1694:
        -: 1695:      friend constexpr year_month_weekday_last
        -: 1696:      operator/(const year& __y, const month_weekday_last& __mwdl) noexcept;
        -: 1697:
        -: 1698:      friend constexpr year_month_weekday_last
        -: 1699:      operator/(const month_weekday_last& __mwdl, const year& __y) noexcept;
        -: 1700:
        -: 1701:      // TODO: Implement operator<<, to_stream, from_stream.
        -: 1702:    };
        -: 1703:
        -: 1704:    // WEEKDAY
        -: 1705:
        -: 1706:    class weekday
        -: 1707:    {
        -: 1708:    private:
        -: 1709:      unsigned char _M_wd;
        -: 1710:
        -: 1711:      static constexpr weekday
        -: 1712:      _S_from_days(const days& __d)
        -: 1713:      {
        -: 1714:	auto __n = __d.count();
        -: 1715:	return weekday(__n >= -4 ? (__n + 4) % 7 : (__n + 5) % 7 + 6);
        -: 1716:      }
        -: 1717:
        -: 1718:    public:
        -: 1719:      weekday() = default;
        -: 1720:
        -: 1721:      explicit constexpr
        -: 1722:      weekday(unsigned __wd) noexcept
        -: 1723:      : _M_wd(__wd == 7 ? 0 : __wd) // __wd % 7 ?
        -: 1724:      { }
        -: 1725:
        -: 1726:      constexpr
        -: 1727:      weekday(const sys_days& __dp) noexcept
        -: 1728:      : weekday{_S_from_days(__dp.time_since_epoch())}
        -: 1729:      { }
        -: 1730:
        -: 1731:      explicit constexpr
        -: 1732:      weekday(const local_days& __dp) noexcept
        -: 1733:      : weekday{sys_days{__dp.time_since_epoch()}}
        -: 1734:      { }
        -: 1735:
        -: 1736:      constexpr weekday&
        -: 1737:      operator++() noexcept
        -: 1738:      {
        -: 1739:	*this += days{1};
        -: 1740:	return *this;
        -: 1741:      }
        -: 1742:
        -: 1743:      constexpr weekday
        -: 1744:      operator++(int) noexcept
        -: 1745:      {
        -: 1746:	auto __ret = *this;
        -: 1747:	++(*this);
        -: 1748:	return __ret;
        -: 1749:      }
        -: 1750:
        -: 1751:      constexpr weekday&
        -: 1752:      operator--() noexcept
        -: 1753:      {
        -: 1754:	*this -= days{1};
        -: 1755:	return *this;
        -: 1756:      }
        -: 1757:
        -: 1758:      constexpr weekday
        -: 1759:      operator--(int) noexcept
        -: 1760:      {
        -: 1761:	auto __ret = *this;
        -: 1762:	--(*this);
        -: 1763:	return __ret;
        -: 1764:      }
        -: 1765:
        -: 1766:      constexpr weekday&
        -: 1767:      operator+=(const days& __d) noexcept
        -: 1768:      {
        -: 1769:	*this = *this + __d;
        -: 1770:	return *this;
        -: 1771:      }
        -: 1772:
        -: 1773:      constexpr weekday&
        -: 1774:      operator-=(const days& __d) noexcept
        -: 1775:      {
        -: 1776:	*this = *this - __d;
        -: 1777:	return *this;
        -: 1778:      }
        -: 1779:
        -: 1780:      constexpr unsigned
        -: 1781:      c_encoding() const noexcept
        -: 1782:      { return _M_wd; }
        -: 1783:
        -: 1784:      constexpr unsigned
[...]
        -: 2974:      {
        -: 2975:	return __x.year() == __y.year()
        -: 2976:	  && __x.month() == __y.month()
        -: 2977:	  && __x.weekday_last() == __y.weekday_last();
        -: 2978:      }
        -: 2979:
        -: 2980:      template<typename = __detail::__months_years_conversion_disambiguator>
        -: 2981:	friend constexpr year_month_weekday_last
        -: 2982:	operator+(const year_month_weekday_last& __ymwdl,
        -: 2983:		  const months& __dm) noexcept
        -: 2984:	{
        -: 2985:	  return ((__ymwdl.year() / __ymwdl.month() + __dm)
        -: 2986:		  / __ymwdl.weekday_last());
        -: 2987:	}
        -: 2988:
        -: 2989:      template<typename = __detail::__months_years_conversion_disambiguator>
        -: 2990:	friend constexpr year_month_weekday_last
        -: 2991:	operator+(const months& __dm,
        -: 2992:		  const year_month_weekday_last& __ymwdl) noexcept
        -: 2993:	{ return __ymwdl + __dm; }
        -: 2994:
        -: 2995:      friend constexpr year_month_weekday_last
        -: 2996:      operator+(const year_month_weekday_last& __ymwdl,
        -: 2997:		const years& __dy) noexcept
        -: 2998:      { return {__ymwdl.year() + __dy, __ymwdl.month(), __ymwdl.weekday_last()}; }
        -: 2999:
        -: 3000:      friend constexpr year_month_weekday_last
        -: 3001:      operator+(const years& __dy,
        -: 3002:		const year_month_weekday_last& __ymwdl) noexcept
        -: 3003:      { return __ymwdl + __dy; }
        -: 3004:
        -: 3005:      template<typename = __detail::__months_years_conversion_disambiguator>
        -: 3006:	friend constexpr year_month_weekday_last
        -: 3007:	operator-(const year_month_weekday_last& __ymwdl,
        -: 3008:		  const months& __dm) noexcept
        -: 3009:	{ return __ymwdl + -__dm; }
        -: 3010:
        -: 3011:      friend constexpr year_month_weekday_last
        -: 3012:      operator-(const year_month_weekday_last& __ymwdl,
        -: 3013:		const years& __dy) noexcept
        -: 3014:      { return __ymwdl + -__dy; }
        -: 3015:
        -: 3016:      friend constexpr year_month_weekday_last
        -: 3017:      operator/(const year_month& __ym,
        -: 3018:		const chrono::weekday_last& __wdl) noexcept
        -: 3019:      { return {__ym.year(), __ym.month(), __wdl}; }
        -: 3020:
        -: 3021:      friend constexpr year_month_weekday_last
        -: 3022:      operator/(const chrono::year& __y,
        -: 3023:		const chrono::month_weekday_last& __mwdl) noexcept
        -: 3024:      { return {__y, __mwdl.month(), __mwdl.weekday_last()}; }
        -: 3025:
        -: 3026:      friend constexpr year_month_weekday_last
        -: 3027:      operator/(int __y, const chrono::month_weekday_last& __mwdl) noexcept
        -: 3028:      { return chrono::year(__y) / __mwdl; }
        -: 3029:
        -: 3030:      friend constexpr year_month_weekday_last
        -: 3031:      operator/(const chrono::month_weekday_last& __mwdl,
        -: 3032:		const chrono::year& __y) noexcept
        -: 3033:      { return __y / __mwdl; }
        -: 3034:
        -: 3035:      friend constexpr year_month_weekday_last
        -: 3036:      operator/(const chrono::month_weekday_last& __mwdl, int __y) noexcept
        -: 3037:      { return chrono::year(__y) / __mwdl; }
        -: 3038:
        -: 3039:      // TODO: Implement operator<<.
        -: 3040:    };
        -: 3041:
        -: 3042:    // HH_MM_SS
        -: 3043:
        -: 3044:    namespace __detail
        -: 3045:    {
        -: 3046:      consteval long long
        -: 3047:      __pow10(unsigned __n)
        -: 3048:      {
        -: 3049:	long long __r = 1;
        -: 3050:	while (__n-- > 0)
        -: 3051:	  __r *= 10;
        -: 3052:	return __r;
        -: 3053:      }
        -: 3054:    }
        -: 3055:
        -: 3056:    template<typename _Duration>
        -: 3057:      class hh_mm_ss
        -: 3058:      {
        -: 3059:      private:
        -: 3060:	static constexpr int
        -: 3061:	_S_fractional_width()
        -: 3062:	{
        -: 3063:	  int __multiplicity_2 = 0;
        -: 3064:	  int __multiplicity_5 = 0;
        -: 3065:	  auto __den = _Duration::period::den;
        -: 3066:	  while ((__den % 2) == 0)
        -: 3067:	    {
        -: 3068:	      ++__multiplicity_2;
        -: 3069:	      __den /= 2;
        -: 3070:	    }
        -: 3071:	  while ((__den % 5) == 0)
        -: 3072:	    {
        -: 3073:	      ++__multiplicity_5;
        -: 3074:	      __den /= 5;
        -: 3075:	    }
        -: 3076:	  if (__den != 1)
        -: 3077:	    return 6;
        -: 3078:
        -: 3079:	  int __width = (__multiplicity_2 > __multiplicity_5
        -: 3080:			 ? __multiplicity_2 : __multiplicity_5);
        -: 3081:	  if (__width > 18)
        -: 3082:	    __width = 18;
        -: 3083:	  return __width;
        -: 3084:	}
        -: 3085:
        -: 3086:	constexpr
        -: 3087:	hh_mm_ss(_Duration __d, bool __is_neg)
        -: 3088:	: _M_is_neg(__is_neg),
        -: 3089:	  _M_h (duration_cast<chrono::hours>(__d)),
        -: 3090:	  _M_m (duration_cast<chrono::minutes>(__d - hours())),
        -: 3091:	  _M_s (duration_cast<chrono::seconds>(__d - hours() - minutes()))
        -: 3092:	{
        -: 3093:	  auto __ss = __d - hours() - minutes() - seconds();
        -: 3094:	  if constexpr (treat_as_floating_point_v<typename precision::rep>)
        -: 3095:	    _M_ss = __ss;
        -: 3096:	  else
        -: 3097:	    _M_ss = duration_cast<precision>(__ss);
        -: 3098:	}
        -: 3099:
        -: 3100:	static constexpr _Duration
        -: 3101:	_S_abs(_Duration __d)
        -: 3102:	{
        -: 3103:	  if constexpr (numeric_limits<typename _Duration::rep>::is_signed)
        -: 3104:	    return chrono::abs(__d);
        -: 3105:	  else
        -: 3106:	    return __d;
        -: 3107:	}
        -: 3108:
        -: 3109:      public:
        -: 3110:	static constexpr unsigned fractional_width = {_S_fractional_width()};
        -: 3111:
        -: 3112:	using precision
        -: 3113:	  = duration<common_type_t<typename _Duration::rep,
        -: 3114:				   chrono::seconds::rep>,
        -: 3115:		     ratio<1, __detail::__pow10(fractional_width)>>;
        -: 3116:
        -: 3117:	constexpr
        -: 3118:	hh_mm_ss() noexcept
        -: 3119:	: hh_mm_ss{_Duration::zero()}
        -: 3120:	{ }
        -: 3121:
        -: 3122:	constexpr explicit
        -: 3123:	hh_mm_ss(_Duration __d)
        -: 3124:	: hh_mm_ss(_S_abs(__d), __d < _Duration::zero())
        -: 3125:	{ }
        -: 3126:
        -: 3127:	constexpr bool
        -: 3128:	is_negative() const noexcept
        -: 3129:	{ return _M_is_neg; }
        -: 3130:
        -: 3131:	constexpr chrono::hours
        -: 3132:	hours() const noexcept
        -: 3133:	{ return _M_h; }
        -: 3134:
        -: 3135:	constexpr chrono::minutes
        -: 3136:	minutes() const noexcept
        -: 3137:	{ return _M_m; }
        -: 3138:
        -: 3139:	constexpr chrono::seconds
        -: 3140:	seconds() const noexcept
        -: 3141:	{ return _M_s; }
        -: 3142:
        -: 3143:	constexpr precision
        -: 3144:	subseconds() const noexcept
        -: 3145:	{ return _M_ss; }
        -: 3146:
        -: 3147:	constexpr explicit
        -: 3148:	operator precision() const noexcept
        -: 3149:	{ return to_duration(); }
        -: 3150:
        -: 3151:	constexpr precision
        -: 3152:	to_duration() const noexcept
        -: 3153:	{
        -: 3154:	  if (_M_is_neg)
        -: 3155:	    return -(_M_h + _M_m + _M_s + _M_ss);
        -: 3156:	  else
        -: 3157:	    return _M_h + _M_m + _M_s + _M_ss;
        -: 3158:	}
        -: 3159:
        -: 3160:	// TODO: Implement operator<<.
        -: 3161:
        -: 3162:      private:
        -: 3163:	bool _M_is_neg;
        -: 3164:	chrono::hours _M_h;
        -: 3165:	chrono::minutes _M_m;
        -: 3166:	chrono::seconds _M_s;
        -: 3167:	precision _M_ss;
        -: 3168:      };
        -: 3169:#endif // C++20
        -: 3170:
        -: 3171:    /// @} group chrono
        -: 3172:  } // namespace chrono
        -: 3173:
        -: 3174:#if __cplusplus > 201103L
        -: 3175:
        -: 3176:#define __cpp_lib_chrono_udls 201304
        -: 3177:
        -: 3178:  inline namespace literals
        -: 3179:  {
        -: 3180:  /** ISO C++ 2014  namespace for suffixes for duration literals.
        -: 3181:   *
        -: 3182:   * These suffixes can be used to create `chrono::duration` values with
        -: 3183:   * tick periods of hours, minutes, seconds, milliseconds, microseconds
        -: 3184:   * or nanoseconds. For example, `std::chrono::seconds(5)` can be written
        -: 3185:   * as `5s` after making the suffix visible in the current scope.
        -: 3186:   * The suffixes can be made visible by a using-directive or
        -: 3187:   * using-declaration such as:
        -: 3188:   *  - `using namespace std::chrono_literals;`
        -: 3189:   *  - `using namespace std::literals;`
        -: 3190:   *  - `using namespace std::chrono;`
        -: 3191:   *  - `using namespace std;`
        -: 3192:   *  - `using std::chrono_literals::operator""s;`
        -: 3193:   *
        -: 3194:   * The result of these suffixes on an integer literal is one of the
        -: 3195:   * standard typedefs such as `std::chrono::hours`.
        -: 3196:   * The result on a floating-point literal is a duration type with the
        -: 3197:   * specified tick period and an unspecified floating-point representation,
        -: 3198:   * for example `1.5e2ms` might be equivalent to
        -: 3199:   * `chrono::duration<long double, chrono::milli>(1.5e2)`.
        -: 3200:   *
        -: 3201:   * @ingroup chrono
        -: 3202:   */
        -: 3203:  inline namespace chrono_literals
        -: 3204:  {
        -: 3205:    /// @addtogroup chrono
        -: 3206:    /// @{
        -: 3207:
        -: 3208:#pragma GCC diagnostic push
        -: 3209:#pragma GCC diagnostic ignored "-Wliteral-suffix"
        -: 3210:    /// @cond undocumented
        -: 3211:    template<typename _Dur, char... _Digits>
        -: 3212:      constexpr _Dur __check_overflow()
        -: 3213:      {
        -: 3214:	using _Val = __parse_int::_Parse_int<_Digits...>;
        -: 3215:	constexpr typename _Dur::rep __repval = _Val::value;
        -: 3216:	static_assert(__repval >= 0 && __repval == _Val::value,
        -: 3217:		      "literal value cannot be represented by duration type");
        -: 3218:	return _Dur(__repval);
        -: 3219:      }
        -: 3220:    /// @endcond
        -: 3221:
        -: 3222:    /// Literal suffix for durations representing non-integer hours
        -: 3223:    constexpr chrono::duration<long double, ratio<3600,1>>
        -: 3224:    operator""h(long double __hours)
        -: 3225:    { return chrono::duration<long double, ratio<3600,1>>{__hours}; }
        -: 3226:
        -: 3227:    /// Literal suffix for durations of type `std::chrono::hours`
        -: 3228:    template <char... _Digits>
        -: 3229:      constexpr chrono::hours
        -: 3230:      operator""h()
        -: 3231:      { return __check_overflow<chrono::hours, _Digits...>(); }
        -: 3232:
        -: 3233:    /// Literal suffix for durations representing non-integer minutes
        -: 3234:    constexpr chrono::duration<long double, ratio<60,1>>
        -: 3235:    operator""min(long double __mins)
        -: 3236:    { return chrono::duration<long double, ratio<60,1>>{__mins}; }
        -: 3237:
        -: 3238:    /// Literal suffix for durations of type `std::chrono::minutes`
        -: 3239:    template <char... _Digits>
        -: 3240:      constexpr chrono::minutes
        -: 3241:      operator""min()
        -: 3242:      { return __check_overflow<chrono::minutes, _Digits...>(); }
        -: 3243:
        -: 3244:    /// Literal suffix for durations representing non-integer seconds
        -: 3245:    constexpr chrono::duration<long double>
        -: 3246:    operator""s(long double __secs)
        -: 3247:    { return chrono::duration<long double>{__secs}; }
        -: 3248:
        -: 3249:    /// Literal suffix for durations of type `std::chrono::seconds`
        -: 3250:    template <char... _Digits>
        -: 3251:      constexpr chrono::seconds
        -: 3252:      operator""s()
        -: 3253:      { return __check_overflow<chrono::seconds, _Digits...>(); }
        -: 3254:
        -: 3255:    /// Literal suffix for durations representing non-integer milliseconds
        -: 3256:    constexpr chrono::duration<long double, milli>
        -: 3257:    operator""ms(long double __msecs)
        -: 3258:    { return chrono::duration<long double, milli>{__msecs}; }
        -: 3259:
        -: 3260:    /// Literal suffix for durations of type `std::chrono::milliseconds`
        -: 3261:    template <char... _Digits>
        -: 3262:      constexpr chrono::milliseconds
        -: 3263:      operator""ms()
        -: 3264:      { return __check_overflow<chrono::milliseconds, _Digits...>(); }
        -: 3265:
        -: 3266:    /// Literal suffix for durations representing non-integer microseconds
        -: 3267:    constexpr chrono::duration<long double, micro>
        -: 3268:    operator""us(long double __usecs)
        -: 3269:    { return chrono::duration<long double, micro>{__usecs}; }
        -: 3270:
        -: 3271:    /// Literal suffix for durations of type `std::chrono::microseconds`
        -: 3272:    template <char... _Digits>
        -: 3273:      constexpr chrono::microseconds
        -: 3274:      operator""us()
        -: 3275:      { return __check_overflow<chrono::microseconds, _Digits...>(); }
        -: 3276:
        -: 3277:    /// Literal suffix for durations representing non-integer nanoseconds
        -: 3278:    constexpr chrono::duration<long double, nano>
        -: 3279:    operator""ns(long double __nsecs)
        -: 3280:    { return chrono::duration<long double, nano>{__nsecs}; }
        -: 3281:
        -: 3282:    /// Literal suffix for durations of type `std::chrono::nanoseconds`
        -: 3283:    template <char... _Digits>
        -: 3284:      constexpr chrono::nanoseconds
        -: 3285:      operator""ns()
        -: 3286:      { return __check_overflow<chrono::nanoseconds, _Digits...>(); }
        -: 3287:
        -: 3288:#if __cplusplus > 201703L
        -: 3289:    constexpr chrono::day
        -: 3290:    operator""d(unsigned long long __d) noexcept
        -: 3291:    { return chrono::day{static_cast<unsigned>(__d)}; }
        -: 3292:
        -: 3293:    constexpr chrono::year
        -: 3294:    operator""y(unsigned long long __y) noexcept
        -: 3295:    { return chrono::year{static_cast<int>(__y)}; }
        -: 3296:#endif // C++20
        -: 3297:
        -: 3298:#pragma GCC diagnostic pop
        -: 3299:    /// @}
        -: 3300:  } // inline namespace chrono_literals
        -: 3301:  } // inline namespace literals
        -: 3302:
        -: 3303:  namespace chrono
        -: 3304:  {
        -: 3305:    using namespace literals::chrono_literals;
        -: 3306:  } // namespace chrono
        -: 3307:
        -: 3308:#if __cplusplus > 201703L
        -: 3309:  namespace chrono
        -: 3310:  {
        -: 3311:    /// @addtogroup chrono
        -: 3312:    /// @{
        -: 3313:
        -: 3314:    // 12/24 HOURS FUNCTIONS
        -: 3315:
        -: 3316:    constexpr bool
        -: 3317:    is_am(const hours& __h) noexcept
        -: 3318:    { return 0h <= __h && __h <= 11h; }
        -: 3319:
        -: 3320:    constexpr bool
        -: 3321:    is_pm(const hours& __h) noexcept
        -: 3322:    { return 12h <= __h && __h <= 23h; }
        -: 3323:
        -: 3324:    constexpr hours
        -: 3325:    make12(const hours& __h) noexcept
        -: 3326:    {
        -: 3327:      if (__h == 0h)
        -: 3328:	return 12h;
        -: 3329:      else if (__h > 12h)
        -: 3330:	return __h - 12h;
        -: 3331:      return __h;
        -: 3332:    }
        -: 3333:
        -: 3334:    constexpr hours
        -: 3335:    make24(const hours& __h, bool __is_pm) noexcept
        -: 3336:    {
        -: 3337:      if (!__is_pm)
        -: 3338:	{
        -: 3339:	  if (__h == 12h)
        -: 3340:	    return 0h;
        -: 3341:	  else
        -: 3342:	    return __h;
        -: 3343:	}
        -: 3344:      else
        -: 3345:	{
        -: 3346:	  if (__h == 12h)
        -: 3347:	    return __h;
        -: 3348:	  else
        -: 3349:	    return __h + 12h;
        -: 3350:	}
        -: 3351:    }
        -: 3352:    /// @} group chrono
        -: 3353:  } // namespace chrono
        -: 3354:#endif
        -: 3355:
        -: 3356:#if __cplusplus >= 201703L
        -: 3357:  namespace filesystem
        -: 3358:  {
        -: 3359:    struct __file_clock
        -: 3360:    {
        -: 3361:      using duration                  = chrono::nanoseconds;
        -: 3362:      using rep                       = duration::rep;
        -: 3363:      using period                    = duration::period;
        -: 3364:      using time_point                = chrono::time_point<__file_clock>;
        -: 3365:      static constexpr bool is_steady = false;
        -: 3366:
        -: 3367:      static time_point
        -: 3368:      now() noexcept
        -: 3369:      { return _S_from_sys(chrono::system_clock::now()); }
        -: 3370:
        -: 3371:#if __cplusplus > 201703L
        -: 3372:      template<typename _Dur>
        -: 3373:	static
        -: 3374:	chrono::file_time<_Dur>
        -: 3375:	from_sys(const chrono::sys_time<_Dur>& __t) noexcept
        -: 3376:	{ return _S_from_sys(__t); }
        -: 3377:
        -: 3378:      // For internal use only
        -: 3379:      template<typename _Dur>
        -: 3380:	static
        -: 3381:	chrono::sys_time<_Dur>
        -: 3382:	to_sys(const chrono::file_time<_Dur>& __t) noexcept
        -: 3383:	{ return _S_to_sys(__t); }
        -: 3384:#endif // C++20
        -: 3385:
        -: 3386:    private:
        -: 3387:      using __sys_clock = chrono::system_clock;
        -: 3388:
        -: 3389:      // This clock's (unspecified) epoch is 2174-01-01 00:00:00 UTC.
        -: 3390:      // A signed 64-bit duration with nanosecond resolution gives roughly
        -: 3391:      // +/- 292 years, which covers the 1901-2446 date range for ext4.
        -: 3392:      static constexpr chrono::seconds _S_epoch_diff{6437664000};
        -: 3393:
        -: 3394:    protected:
        -: 3395:      // For internal use only
        -: 3396:      template<typename _Dur>
        -: 3397:	static
        -: 3398:	chrono::time_point<__file_clock, _Dur>
        -: 3399:	_S_from_sys(const chrono::time_point<__sys_clock, _Dur>& __t) noexcept
        -: 3400:	{
        -: 3401:	  using __file_time = chrono::time_point<__file_clock, _Dur>;
        -: 3402:	  return __file_time{__t.time_since_epoch()} - _S_epoch_diff;
        -: 3403:	}
        -: 3404:
        -: 3405:      // For internal use only
        -: 3406:      template<typename _Dur>
        -: 3407:	static
        -: 3408:	chrono::time_point<__sys_clock, _Dur>
        -: 3409:	_S_to_sys(const chrono::time_point<__file_clock, _Dur>& __t) noexcept
        -: 3410:	{
        -: 3411:	  using __sys_time = chrono::time_point<__sys_clock, _Dur>;
        -: 3412:	  return __sys_time{__t.time_since_epoch()} + _S_epoch_diff;
        -: 3413:	}
        -: 3414:    };
        -: 3415:  } // namespace filesystem
        -: 3416:#endif // C++17
        -: 3417:#endif // C++14
        -: 3418:
        -: 3419:_GLIBCXX_END_NAMESPACE_VERSION
        -: 3420:} // namespace std
        -: 3421:
        -: 3422:#endif // C++11
        -: 3423:
        -: 3424:#endif //_GLIBCXX_CHRONO
