        -:    0:Source:/usr/include/c++/9/bits/allocated_ptr.h
        -:    0:Graph:./test_index.gcno
        -:    0:Data:./test_index.gcda
        -:    0:Runs:1
        -:    1:// Guarded Allocation -*- C++ -*-
        -:    2:
        -:    3:// Copyright (C) 2014-2019 Free Software Foundation, Inc.
        -:    4://
        -:    5:// This file is part of the GNU ISO C++ Library.  This library is free
        -:    6:// software; you can redistribute it and/or modify it under the
        -:    7:// terms of the GNU General Public License as published by the
        -:    8:// Free Software Foundation; either version 3, or (at your option)
        -:    9:// any later version.
        -:   10:
        -:   11:// This library is distributed in the hope that it will be useful,
        -:   12:// but WITHOUT ANY WARRANTY; without even the implied warranty of
        -:   13:// MERCHANTABILITY or FITNESS FOR A PARTICULAR PURPOSE.  See the
        -:   14:// GNU General Public License for more details.
        -:   15:
        -:   16:// Under Section 7 of GPL version 3, you are granted additional
        -:   17:// permissions described in the GCC Runtime Library Exception, version
        -:   18:// 3.1, as published by the Free Software Foundation.
        -:   19:
        -:   20:// You should have received a copy of the GNU General Public License and
        -:   21:// a copy of the GCC Runtime Library Exception along with this program;
        -:   22:// see the files COPYING3 and COPYING.RUNTIME respectively.  If not, see
        -:   23:// <http://www.gnu.org/licenses/>.
        -:   24:
        -:   25:/** @file bits/allocated_ptr.h
        -:   26: *  This is an internal header file, included by other library headers.
        -:   27: *  Do not attempt to use it directly. @headername{memory}
        -:   28: */
        -:   29:
        -:   30:#ifndef _ALLOCATED_PTR_H
        -:   31:#define _ALLOCATED_PTR_H 1
        -:   32:
        -:   33:#if __cplusplus < 201103L
        -:   34:# include <bits/c++0xwarning.h>
        -:   35:#else
        -:   36:# include <type_traits>
        -:   37:# include <bits/ptr_traits.h>
        -:   38:# include <bits/alloc_traits.h>
        -:   39:
        -:   40:namespace std _GLIBCXX_VISIBILITY(default)
        -:   41:{
        -:   42:_GLIBCXX_BEGIN_NAMESPACE_VERSION
        -:   43:
        -:   44:  /// Non-standard RAII type for managing pointers obtained from allocators.
        -:   45:  template<typename _Alloc>
        -:   46:    struct __allocated_ptr
        -:   47:    {
        -:   48:      using pointer = typename allocator_traits<_Alloc>::pointer;
        -:   49:      using value_type = typename allocator_traits<_Alloc>::value_type;
        -:   50:
        -:   51:      /// Take ownership of __ptr
      86*:   52:      __allocated_ptr(_Alloc& __a, pointer __ptr) noexcept
      86*:   53:      : _M_alloc(std::__addressof(__a)), _M_ptr(__ptr)
      86*:   54:      { }
------------------
_ZNSt15__allocated_ptrISaISt23_Sp_counted_ptr_inplaceIN5Catch5clara6detail15BoundFlagLambdaIZNS1_21makeCommandLineParserERNS1_10ConfigDataEEUlbE7_EESaIS8_ELN9__gnu_cxx12_Lock_policyE2EEEEC2ERSD_PSC_:
        2:   52:      __allocated_ptr(_Alloc& __a, pointer __ptr) noexcept
        2:   53:      : _M_alloc(std::__addressof(__a)), _M_ptr(__ptr)
        2:   54:      { }
------------------
_ZNSt15__allocated_ptrISaISt23_Sp_counted_ptr_inplaceIN5Catch22CumulativeReporterBaseINS1_13JunitReporterEE4NodeINS1_14TestGroupStatsENS5_INS1_13TestCaseStatsENS4_11SectionNodeEEEEESaISA_ELN9__gnu_cxx12_Lock_policyE2EEEEC2ERSF_PSE_:
    #####:   52:      __allocated_ptr(_Alloc& __a, pointer __ptr) noexcept
    #####:   53:      : _M_alloc(std::__addressof(__a)), _M_ptr(__ptr)
    #####:   54:      { }
------------------
_ZNSt15__allocated_ptrISaISt23_Sp_counted_ptr_inplaceIN5Catch22CumulativeReporterBaseINS1_13JunitReporterEE4NodeINS1_13TestCaseStatsENS4_11SectionNodeEEESaIS8_ELN9__gnu_cxx12_Lock_policyE2EEEEC2ERSD_PSC_:
    #####:   52:      __allocated_ptr(_Alloc& __a, pointer __ptr) noexcept
    #####:   53:      : _M_alloc(std::__addressof(__a)), _M_ptr(__ptr)
    #####:   54:      { }
------------------
_ZNSt15__allocated_ptrISaISt23_Sp_counted_ptr_inplaceIN5Catch17ReporterRegistrarINS1_15ConsoleReporterEE15ReporterFactoryESaIS5_ELN9__gnu_cxx12_Lock_policyE2EEEEC2ERSA_PS9_:
        2:   52:      __allocated_ptr(_Alloc& __a, pointer __ptr) noexcept
        2:   53:      : _M_alloc(std::__addressof(__a)), _M_ptr(__ptr)
        2:   54:      { }
------------------
_ZNSt15__allocated_ptrISaISt23_Sp_counted_ptr_inplaceIN5Catch17ReporterRegistrarINS1_15CompactReporterEE15ReporterFactoryESaIS5_ELN9__gnu_cxx12_Lock_policyE2EEEEC2ERSA_PS9_:
        2:   52:      __allocated_ptr(_Alloc& __a, pointer __ptr) noexcept
        2:   53:      : _M_alloc(std::__addressof(__a)), _M_ptr(__ptr)
        2:   54:      { }
------------------
_ZNSt15__allocated_ptrISaISt23_Sp_counted_ptr_inplaceIN5Catch8TestSpec10TagPatternESaIS3_ELN9__gnu_cxx12_Lock_policyE2EEEEC2ERS8_PS7_:
    #####:   52:      __allocated_ptr(_Alloc& __a, pointer __ptr) noexcept
    #####:   53:      : _M_alloc(std::__addressof(__a)), _M_ptr(__ptr)
    #####:   54:      { }
------------------
_ZNSt15__allocated_ptrISaISt23_Sp_counted_ptr_inplaceIN5Catch8TestSpec15ExcludedPatternESaIS3_ELN9__gnu_cxx12_Lock_policyE2EEEEC2ERS8_PS7_:
    #####:   52:      __allocated_ptr(_Alloc& __a, pointer __ptr) noexcept
    #####:   53:      : _M_alloc(std::__addressof(__a)), _M_ptr(__ptr)
    #####:   54:      { }
------------------
_ZNSt15__allocated_ptrISaISt23_Sp_counted_ptr_inplaceIN5Catch8TestSpec11NamePatternESaIS3_ELN9__gnu_cxx12_Lock_policyE2EEEEC2ERS8_PS7_:
    #####:   52:      __allocated_ptr(_Alloc& __a, pointer __ptr) noexcept
    #####:   53:      : _M_alloc(std::__addressof(__a)), _M_ptr(__ptr)
    #####:   54:      { }
------------------
_ZNSt15__allocated_ptrISaISt23_Sp_counted_ptr_inplaceIN5Catch5clara6detail13BoundValueRefISt6vectorINSt7__cxx1112basic_stringIcSt11char_traitsIcESaIcEEESaISB_EEEESaISE_ELN9__gnu_cxx12_Lock_policyE2EEEEC2ERSJ_PSI_:
        4:   52:      __allocated_ptr(_Alloc& __a, pointer __ptr) noexcept
        4:   53:      : _M_alloc(std::__addressof(__a)), _M_ptr(__ptr)
        4:   54:      { }
------------------
_ZNSt15__allocated_ptrISaISt23_Sp_counted_ptr_inplaceIN5Catch17ReporterRegistrarINS1_13JunitReporterEE15ReporterFactoryESaIS5_ELN9__gnu_cxx12_Lock_policyE2EEEEC2ERSA_PS9_:
        2:   52:      __allocated_ptr(_Alloc& __a, pointer __ptr) noexcept
        2:   53:      : _M_alloc(std::__addressof(__a)), _M_ptr(__ptr)
        2:   54:      { }
------------------
_ZNSt15__allocated_ptrISaISt23_Sp_counted_ptr_inplaceIN5Catch5clara6detail15BoundFlagLambdaIZNS3_4HelpC4ERbEUlbE_EESaIS8_ELN9__gnu_cxx12_Lock_policyE2EEEEC2ERSD_PSC_:
        2:   52:      __allocated_ptr(_Alloc& __a, pointer __ptr) noexcept
        2:   53:      : _M_alloc(std::__addressof(__a)), _M_ptr(__ptr)
        2:   54:      { }
------------------
_ZNSt15__allocated_ptrISaISt23_Sp_counted_ptr_inplaceIN5Catch16TestCaseTracking14SectionTrackerESaIS3_ELN9__gnu_cxx12_Lock_policyE2EEEEC2ERS8_PS7_:
        8:   52:      __allocated_ptr(_Alloc& __a, pointer __ptr) noexcept
        8:   53:      : _M_alloc(std::__addressof(__a)), _M_ptr(__ptr)
        8:   54:      { }
------------------
_ZNSt15__allocated_ptrISaISt23_Sp_counted_ptr_inplaceIN5Catch6ConfigESaIS2_ELN9__gnu_cxx12_Lock_policyE2EEEEC2ERS7_PS6_:
        2:   52:      __allocated_ptr(_Alloc& __a, pointer __ptr) noexcept
        2:   53:      : _M_alloc(std::__addressof(__a)), _M_ptr(__ptr)
        2:   54:      { }
------------------
_ZNSt15__allocated_ptrISaISt23_Sp_counted_ptr_inplaceIN5Catch10Generators16GeneratorTrackerESaIS3_ELN9__gnu_cxx12_Lock_policyE2EEEEC2ERS8_PS7_:
    #####:   52:      __allocated_ptr(_Alloc& __a, pointer __ptr) noexcept
    #####:   53:      : _M_alloc(std::__addressof(__a)), _M_ptr(__ptr)
    #####:   54:      { }
------------------
_ZNSt15__allocated_ptrISaISt23_Sp_counted_ptr_inplaceIN5Catch5clara6detail12BoundFlagRefESaIS4_ELN9__gnu_cxx12_Lock_policyE2EEEEC2ERS9_PS8_:
       22:   52:      __allocated_ptr(_Alloc& __a, pointer __ptr) noexcept
       22:   53:      : _M_alloc(std::__addressof(__a)), _M_ptr(__ptr)
       22:   54:      { }
------------------
_ZNSt15__allocated_ptrISaISt23_Sp_counted_ptr_inplaceIN5Catch5clara6detail13BoundValueRefINSt7__cxx1112basic_stringIcSt11char_traitsIcESaIcEEEEESaISB_ELN9__gnu_cxx12_Lock_policyE2EEEEC2ERSG_PSF_:
        6:   52:      __allocated_ptr(_Alloc& __a, pointer __ptr) noexcept
        6:   53:      : _M_alloc(std::__addressof(__a)), _M_ptr(__ptr)
        6:   54:      { }
------------------
_ZNSt15__allocated_ptrISaISt23_Sp_counted_ptr_inplaceINSt7__cxx1112basic_stringIcSt11char_traitsIcESaIcEEESaIS6_ELN9__gnu_cxx12_Lock_policyE2EEEEC2ERSB_PSA_:
        6:   52:      __allocated_ptr(_Alloc& __a, pointer __ptr) noexcept
        6:   53:      : _M_alloc(std::__addressof(__a)), _M_ptr(__ptr)
        6:   54:      { }
------------------
_ZNSt15__allocated_ptrISaISt23_Sp_counted_ptr_inplaceIN5Catch22CumulativeReporterBaseINS1_13JunitReporterEE4NodeINS1_12TestRunStatsENS5_INS1_14TestGroupStatsENS5_INS1_13TestCaseStatsENS4_11SectionNodeEEEEEEESaISC_ELN9__gnu_cxx12_Lock_policyE2EEEEC2ERSH_PSG_:
    #####:   52:      __allocated_ptr(_Alloc& __a, pointer __ptr) noexcept
    #####:   53:      : _M_alloc(std::__addressof(__a)), _M_ptr(__ptr)
    #####:   54:      { }
------------------
_ZNSt15__allocated_ptrISaISt23_Sp_counted_ptr_inplaceIN5Catch17ReporterRegistrarINS1_11XmlReporterEE15ReporterFactoryESaIS5_ELN9__gnu_cxx12_Lock_policyE2EEEEC2ERSA_PS9_:
        2:   52:      __allocated_ptr(_Alloc& __a, pointer __ptr) noexcept
        2:   53:      : _M_alloc(std::__addressof(__a)), _M_ptr(__ptr)
        2:   54:      { }
------------------
_ZNSt15__allocated_ptrISaISt23_Sp_counted_ptr_inplaceIN5Catch5clara6detail11BoundLambdaIZNS1_21makeCommandLineParserERNS1_10ConfigDataEEUlRKNSt7__cxx1112basic_stringIcSt11char_traitsIcESaIcEEEE6_EESaISG_ELN9__gnu_cxx12_Lock_policyE2EEEEC2ERSL_PSK_:
        2:   52:      __allocated_ptr(_Alloc& __a, pointer __ptr) noexcept
        2:   53:      : _M_alloc(std::__addressof(__a)), _M_ptr(__ptr)
        2:   54:      { }
------------------
_ZNSt15__allocated_ptrISaISt23_Sp_counted_ptr_inplaceIN5Catch5clara6detail11BoundLambdaIZNS1_21makeCommandLineParserERNS1_10ConfigDataEEUliE8_EESaIS8_ELN9__gnu_cxx12_Lock_policyE2EEEEC2ERSD_PSC_:
        2:   52:      __allocated_ptr(_Alloc& __a, pointer __ptr) noexcept
        2:   53:      : _M_alloc(std::__addressof(__a)), _M_ptr(__ptr)
        2:   54:      { }
------------------
_ZNSt15__allocated_ptrISaISt23_Sp_counted_ptr_inplaceIN5Catch5clara6detail11BoundLambdaIZNS1_21makeCommandLineParserERNS1_10ConfigDataEEUlRKNSt7__cxx1112basic_stringIcSt11char_traitsIcESaIcEEEE_EESaISG_ELN9__gnu_cxx12_Lock_policyE2EEEEC2ERSL_PSK_:
        2:   52:      __allocated_ptr(_Alloc& __a, pointer __ptr) noexcept
        2:   53:      : _M_alloc(std::__addressof(__a)), _M_ptr(__ptr)
        2:   54:      { }
------------------
_ZNSt15__allocated_ptrISaISt23_Sp_counted_ptr_inplaceIN5Catch5clara6detail11BoundLambdaIZNS1_21makeCommandLineParserERNS1_10ConfigDataEEUlbE9_EESaIS8_ELN9__gnu_cxx12_Lock_policyE2EEEEC2ERSD_PSC_:
        2:   52:      __allocated_ptr(_Alloc& __a, pointer __ptr) noexcept
        2:   53:      : _M_alloc(std::__addressof(__a)), _M_ptr(__ptr)
        2:   54:      { }
------------------
_ZNSt15__allocated_ptrISaISt23_Sp_counted_ptr_inplaceIN5Catch5clara6detail11BoundLambdaIZNS1_21makeCommandLineParserERNS1_10ConfigDataEEUlRKNSt7__cxx1112basic_stringIcSt11char_traitsIcESaIcEEEE0_EESaISG_ELN9__gnu_cxx12_Lock_policyE2EEEEC2ERSL_PSK_:
        2:   52:      __allocated_ptr(_Alloc& __a, pointer __ptr) noexcept
        2:   53:      : _M_alloc(std::__addressof(__a)), _M_ptr(__ptr)
        2:   54:      { }
------------------
_ZNSt15__allocated_ptrISaISt23_Sp_counted_ptr_inplaceIN5Catch5clara6detail11BoundLambdaIZNS1_21makeCommandLineParserERNS1_10ConfigDataEEUlRKNSt7__cxx1112basic_stringIcSt11char_traitsIcESaIcEEEE5_EESaISG_ELN9__gnu_cxx12_Lock_policyE2EEEEC2ERSL_PSK_:
        2:   52:      __allocated_ptr(_Alloc& __a, pointer __ptr) noexcept
        2:   53:      : _M_alloc(std::__addressof(__a)), _M_ptr(__ptr)
        2:   54:      { }
------------------
_ZNSt15__allocated_ptrISaISt23_Sp_counted_ptr_inplaceIN5Catch5clara6detail11BoundLambdaIZNS1_21makeCommandLineParserERNS1_10ConfigDataEEUlRKNSt7__cxx1112basic_stringIcSt11char_traitsIcESaIcEEEE1_EESaISG_ELN9__gnu_cxx12_Lock_policyE2EEEEC2ERSL_PSK_:
        2:   52:      __allocated_ptr(_Alloc& __a, pointer __ptr) noexcept
        2:   53:      : _M_alloc(std::__addressof(__a)), _M_ptr(__ptr)
        2:   54:      { }
------------------
_ZNSt15__allocated_ptrISaISt23_Sp_counted_ptr_inplaceIN5Catch5clara6detail11BoundLambdaIZNS1_21makeCommandLineParserERNS1_10ConfigDataEEUlRKNSt7__cxx1112basic_stringIcSt11char_traitsIcESaIcEEEE2_EESaISG_ELN9__gnu_cxx12_Lock_policyE2EEEEC2ERSL_PSK_:
        2:   52:      __allocated_ptr(_Alloc& __a, pointer __ptr) noexcept
        2:   53:      : _M_alloc(std::__addressof(__a)), _M_ptr(__ptr)
        2:   54:      { }
------------------
_ZNSt15__allocated_ptrISaISt23_Sp_counted_ptr_inplaceIN5Catch5clara6detail11BoundLambdaIZNS1_21makeCommandLineParserERNS1_10ConfigDataEEUlRKNSt7__cxx1112basic_stringIcSt11char_traitsIcESaIcEEEE3_EESaISG_ELN9__gnu_cxx12_Lock_policyE2EEEEC2ERSL_PSK_:
        2:   52:      __allocated_ptr(_Alloc& __a, pointer __ptr) noexcept
        2:   53:      : _M_alloc(std::__addressof(__a)), _M_ptr(__ptr)
        2:   54:      { }
------------------
_ZNSt15__allocated_ptrISaISt23_Sp_counted_ptr_inplaceIN5Catch5clara6detail11BoundLambdaIZNS1_21makeCommandLineParserERNS1_10ConfigDataEEUlRKNSt7__cxx1112basic_stringIcSt11char_traitsIcESaIcEEEE4_EESaISG_ELN9__gnu_cxx12_Lock_policyE2EEEEC2ERSL_PSK_:
        2:   52:      __allocated_ptr(_Alloc& __a, pointer __ptr) noexcept
        2:   53:      : _M_alloc(std::__addressof(__a)), _M_ptr(__ptr)
        2:   54:      { }
------------------
_ZNSt15__allocated_ptrISaISt23_Sp_counted_ptr_inplaceIN5Catch5clara6detail13BoundValueRefIjEESaIS5_ELN9__gnu_cxx12_Lock_policyE2EEEEC2ERSA_PS9_:
        4:   52:      __allocated_ptr(_Alloc& __a, pointer __ptr) noexcept
        4:   53:      : _M_alloc(std::__addressof(__a)), _M_ptr(__ptr)
        4:   54:      { }
------------------
_ZNSt15__allocated_ptrISaISt23_Sp_counted_ptr_inplaceIN5Catch5clara6detail13BoundValueRefIdEESaIS5_ELN9__gnu_cxx12_Lock_policyE2EEEEC2ERSA_PS9_:
        2:   52:      __allocated_ptr(_Alloc& __a, pointer __ptr) noexcept
        2:   53:      : _M_alloc(std::__addressof(__a)), _M_ptr(__ptr)
        2:   54:      { }
------------------
_ZNSt15__allocated_ptrISaISt23_Sp_counted_ptr_inplaceINSt8__detail4_NFAINSt7__cxx1112regex_traitsIcEEEESaIS6_ELN9__gnu_cxx12_Lock_policyE2EEEEC2ERSB_PSA_:
    #####:   52:      __allocated_ptr(_Alloc& __a, pointer __ptr) noexcept
    #####:   53:      : _M_alloc(std::__addressof(__a)), _M_ptr(__ptr)
    #####:   54:      { }
------------------
_ZNSt15__allocated_ptrISaISt23_Sp_counted_ptr_inplaceIN5Catch22CumulativeReporterBaseINS1_13JunitReporterEE11SectionNodeESaIS5_ELN9__gnu_cxx12_Lock_policyE2EEEEC2ERSA_PS9_:
    #####:   52:      __allocated_ptr(_Alloc& __a, pointer __ptr) noexcept
    #####:   53:      : _M_alloc(std::__addressof(__a)), _M_ptr(__ptr)
    #####:   54:      { }
------------------
        -:   55:
        -:   56:      /// Convert __ptr to allocator's pointer type and take ownership of it
        -:   57:      template<typename _Ptr,
        -:   58:	       typename _Req = _Require<is_same<_Ptr, value_type*>>>
        -:   59:      __allocated_ptr(_Alloc& __a, _Ptr __ptr)
        -:   60:      : _M_alloc(std::__addressof(__a)),
        -:   61:	_M_ptr(pointer_traits<pointer>::pointer_to(*__ptr))
        -:   62:      { }
        -:   63:
        -:   64:      /// Transfer ownership of the owned pointer
        -:   65:      __allocated_ptr(__allocated_ptr&& __gd) noexcept
        -:   66:      : _M_alloc(__gd._M_alloc), _M_ptr(__gd._M_ptr)
        -:   67:      { __gd._M_ptr = nullptr; }
        -:   68:
        -:   69:      /// Deallocate the owned pointer
      86*:   70:      ~__allocated_ptr()
        -:   71:      {
      86*:   72:	if (_M_ptr != nullptr)
      43*:   73:	  std::allocator_traits<_Alloc>::deallocate(*_M_alloc, _M_ptr, 1);
      86*:   74:      }
------------------
_ZNSt15__allocated_ptrISaISt23_Sp_counted_ptr_inplaceIN5Catch5clara6detail15BoundFlagLambdaIZNS1_21makeCommandLineParserERNS1_10ConfigDataEEUlbE7_EESaIS8_ELN9__gnu_cxx12_Lock_policyE2EEEED2Ev:
        2:   70:      ~__allocated_ptr()
        -:   71:      {
        2:   72:	if (_M_ptr != nullptr)
        1:   73:	  std::allocator_traits<_Alloc>::deallocate(*_M_alloc, _M_ptr, 1);
        2:   74:      }
------------------
_ZNSt15__allocated_ptrISaISt23_Sp_counted_ptr_inplaceIN5Catch22CumulativeReporterBaseINS1_13JunitReporterEE4NodeINS1_14TestGroupStatsENS5_INS1_13TestCaseStatsENS4_11SectionNodeEEEEESaISA_ELN9__gnu_cxx12_Lock_policyE2EEEED2Ev:
    #####:   70:      ~__allocated_ptr()
        -:   71:      {
    #####:   72:	if (_M_ptr != nullptr)
    #####:   73:	  std::allocator_traits<_Alloc>::deallocate(*_M_alloc, _M_ptr, 1);
    #####:   74:      }
------------------
_ZNSt15__allocated_ptrISaISt23_Sp_counted_ptr_inplaceIN5Catch22CumulativeReporterBaseINS1_13JunitReporterEE4NodeINS1_13TestCaseStatsENS4_11SectionNodeEEESaIS8_ELN9__gnu_cxx12_Lock_policyE2EEEED2Ev:
    #####:   70:      ~__allocated_ptr()
        -:   71:      {
    #####:   72:	if (_M_ptr != nullptr)
    #####:   73:	  std::allocator_traits<_Alloc>::deallocate(*_M_alloc, _M_ptr, 1);
    #####:   74:      }
------------------
_ZNSt15__allocated_ptrISaISt23_Sp_counted_ptr_inplaceIN5Catch17ReporterRegistrarINS1_15ConsoleReporterEE15ReporterFactoryESaIS5_ELN9__gnu_cxx12_Lock_policyE2EEEED2Ev:
        2:   70:      ~__allocated_ptr()
        -:   71:      {
        2:   72:	if (_M_ptr != nullptr)
        1:   73:	  std::allocator_traits<_Alloc>::deallocate(*_M_alloc, _M_ptr, 1);
        2:   74:      }
------------------
_ZNSt15__allocated_ptrISaISt23_Sp_counted_ptr_inplaceIN5Catch17ReporterRegistrarINS1_15CompactReporterEE15ReporterFactoryESaIS5_ELN9__gnu_cxx12_Lock_policyE2EEEED2Ev:
        2:   70:      ~__allocated_ptr()
        -:   71:      {
        2:   72:	if (_M_ptr != nullptr)
        1:   73:	  std::allocator_traits<_Alloc>::deallocate(*_M_alloc, _M_ptr, 1);
        2:   74:      }
------------------
_ZNSt15__allocated_ptrISaISt23_Sp_counted_ptr_inplaceIN5Catch8TestSpec10TagPatternESaIS3_ELN9__gnu_cxx12_Lock_policyE2EEEED2Ev:
    #####:   70:      ~__allocated_ptr()
        -:   71:      {
    #####:   72:	if (_M_ptr != nullptr)
    #####:   73:	  std::allocator_traits<_Alloc>::deallocate(*_M_alloc, _M_ptr, 1);
    #####:   74:      }
------------------
_ZNSt15__allocated_ptrISaISt23_Sp_counted_ptr_inplaceIN5Catch8TestSpec15ExcludedPatternESaIS3_ELN9__gnu_cxx12_Lock_policyE2EEEED2Ev:
    #####:   70:      ~__allocated_ptr()
        -:   71:      {
    #####:   72:	if (_M_ptr != nullptr)
    #####:   73:	  std::allocator_traits<_Alloc>::deallocate(*_M_alloc, _M_ptr, 1);
    #####:   74:      }
------------------
_ZNSt15__allocated_ptrISaISt23_Sp_counted_ptr_inplaceIN5Catch8TestSpec11NamePatternESaIS3_ELN9__gnu_cxx12_Lock_policyE2EEEED2Ev:
    #####:   70:      ~__allocated_ptr()
        -:   71:      {
    #####:   72:	if (_M_ptr != nullptr)
    #####:   73:	  std::allocator_traits<_Alloc>::deallocate(*_M_alloc, _M_ptr, 1);
    #####:   74:      }
------------------
_ZNSt15__allocated_ptrISaISt23_Sp_counted_ptr_inplaceIN5Catch5clara6detail13BoundValueRefISt6vectorINSt7__cxx1112basic_stringIcSt11char_traitsIcESaIcEEESaISB_EEEESaISE_ELN9__gnu_cxx12_Lock_policyE2EEEED2Ev:
        4:   70:      ~__allocated_ptr()
        -:   71:      {
        4:   72:	if (_M_ptr != nullptr)
        2:   73:	  std::allocator_traits<_Alloc>::deallocate(*_M_alloc, _M_ptr, 1);
        4:   74:      }
------------------
_ZNSt15__allocated_ptrISaISt23_Sp_counted_ptr_inplaceIN5Catch17ReporterRegistrarINS1_13JunitReporterEE15ReporterFactoryESaIS5_ELN9__gnu_cxx12_Lock_policyE2EEEED2Ev:
        2:   70:      ~__allocated_ptr()
        -:   71:      {
        2:   72:	if (_M_ptr != nullptr)
        1:   73:	  std::allocator_traits<_Alloc>::deallocate(*_M_alloc, _M_ptr, 1);
        2:   74:      }
------------------
_ZNSt15__allocated_ptrISaISt23_Sp_counted_ptr_inplaceIN5Catch5clara6detail15BoundFlagLambdaIZNS3_4HelpC4ERbEUlbE_EESaIS8_ELN9__gnu_cxx12_Lock_policyE2EEEED2Ev:
        2:   70:      ~__allocated_ptr()
        -:   71:      {
        2:   72:	if (_M_ptr != nullptr)
        1:   73:	  std::allocator_traits<_Alloc>::deallocate(*_M_alloc, _M_ptr, 1);
        2:   74:      }
------------------
_ZNSt15__allocated_ptrISaISt23_Sp_counted_ptr_inplaceIN5Catch16TestCaseTracking14SectionTrackerESaIS3_ELN9__gnu_cxx12_Lock_policyE2EEEED2Ev:
        8:   70:      ~__allocated_ptr()
        -:   71:      {
        8:   72:	if (_M_ptr != nullptr)
        4:   73:	  std::allocator_traits<_Alloc>::deallocate(*_M_alloc, _M_ptr, 1);
        8:   74:      }
------------------
_ZNSt15__allocated_ptrISaISt23_Sp_counted_ptr_inplaceIN5Catch6ConfigESaIS2_ELN9__gnu_cxx12_Lock_policyE2EEEED2Ev:
        2:   70:      ~__allocated_ptr()
        -:   71:      {
        2:   72:	if (_M_ptr != nullptr)
        1:   73:	  std::allocator_traits<_Alloc>::deallocate(*_M_alloc, _M_ptr, 1);
        2:   74:      }
------------------
_ZNSt15__allocated_ptrISaISt23_Sp_counted_ptr_inplaceIN5Catch10Generators16GeneratorTrackerESaIS3_ELN9__gnu_cxx12_Lock_policyE2EEEED2Ev:
    #####:   70:      ~__allocated_ptr()
        -:   71:      {
    #####:   72:	if (_M_ptr != nullptr)
    #####:   73:	  std::allocator_traits<_Alloc>::deallocate(*_M_alloc, _M_ptr, 1);
    #####:   74:      }
------------------
_ZNSt15__allocated_ptrISaISt23_Sp_counted_ptr_inplaceIN5Catch5clara6detail12BoundFlagRefESaIS4_ELN9__gnu_cxx12_Lock_policyE2EEEED2Ev:
       22:   70:      ~__allocated_ptr()
        -:   71:      {
       22:   72:	if (_M_ptr != nullptr)
       11:   73:	  std::allocator_traits<_Alloc>::deallocate(*_M_alloc, _M_ptr, 1);
       22:   74:      }
------------------
_ZNSt15__allocated_ptrISaISt23_Sp_counted_ptr_inplaceIN5Catch5clara6detail13BoundValueRefINSt7__cxx1112basic_stringIcSt11char_traitsIcESaIcEEEEESaISB_ELN9__gnu_cxx12_Lock_policyE2EEEED2Ev:
        6:   70:      ~__allocated_ptr()
        -:   71:      {
        6:   72:	if (_M_ptr != nullptr)
        3:   73:	  std::allocator_traits<_Alloc>::deallocate(*_M_alloc, _M_ptr, 1);
        6:   74:      }
------------------
_ZNSt15__allocated_ptrISaISt23_Sp_counted_ptr_inplaceINSt7__cxx1112basic_stringIcSt11char_traitsIcESaIcEEESaIS6_ELN9__gnu_cxx12_Lock_policyE2EEEED2Ev:
        6:   70:      ~__allocated_ptr()
        -:   71:      {
        6:   72:	if (_M_ptr != nullptr)
        3:   73:	  std::allocator_traits<_Alloc>::deallocate(*_M_alloc, _M_ptr, 1);
        6:   74:      }
------------------
_ZNSt15__allocated_ptrISaISt23_Sp_counted_ptr_inplaceIN5Catch22CumulativeReporterBaseINS1_13JunitReporterEE4NodeINS1_12TestRunStatsENS5_INS1_14TestGroupStatsENS5_INS1_13TestCaseStatsENS4_11SectionNodeEEEEEEESaISC_ELN9__gnu_cxx12_Lock_policyE2EEEED2Ev:
    #####:   70:      ~__allocated_ptr()
        -:   71:      {
    #####:   72:	if (_M_ptr != nullptr)
    #####:   73:	  std::allocator_traits<_Alloc>::deallocate(*_M_alloc, _M_ptr, 1);
    #####:   74:      }
------------------
_ZNSt15__allocated_ptrISaISt23_Sp_counted_ptr_inplaceIN5Catch17ReporterRegistrarINS1_11XmlReporterEE15ReporterFactoryESaIS5_ELN9__gnu_cxx12_Lock_policyE2EEEED2Ev:
        2:   70:      ~__allocated_ptr()
        -:   71:      {
        2:   72:	if (_M_ptr != nullptr)
        1:   73:	  std::allocator_traits<_Alloc>::deallocate(*_M_alloc, _M_ptr, 1);
        2:   74:      }
------------------
_ZNSt15__allocated_ptrISaISt23_Sp_counted_ptr_inplaceIN5Catch5clara6detail11BoundLambdaIZNS1_21makeCommandLineParserERNS1_10ConfigDataEEUlRKNSt7__cxx1112basic_stringIcSt11char_traitsIcESaIcEEEE6_EESaISG_ELN9__gnu_cxx12_Lock_policyE2EEEED2Ev:
        2:   70:      ~__allocated_ptr()
        -:   71:      {
        2:   72:	if (_M_ptr != nullptr)
        1:   73:	  std::allocator_traits<_Alloc>::deallocate(*_M_alloc, _M_ptr, 1);
        2:   74:      }
------------------
_ZNSt15__allocated_ptrISaISt23_Sp_counted_ptr_inplaceIN5Catch5clara6detail11BoundLambdaIZNS1_21makeCommandLineParserERNS1_10ConfigDataEEUliE8_EESaIS8_ELN9__gnu_cxx12_Lock_policyE2EEEED2Ev:
        2:   70:      ~__allocated_ptr()
        -:   71:      {
        2:   72:	if (_M_ptr != nullptr)
        1:   73:	  std::allocator_traits<_Alloc>::deallocate(*_M_alloc, _M_ptr, 1);
        2:   74:      }
------------------
_ZNSt15__allocated_ptrISaISt23_Sp_counted_ptr_inplaceIN5Catch5clara6detail11BoundLambdaIZNS1_21makeCommandLineParserERNS1_10ConfigDataEEUlRKNSt7__cxx1112basic_stringIcSt11char_traitsIcESaIcEEEE_EESaISG_ELN9__gnu_cxx12_Lock_policyE2EEEED2Ev:
        2:   70:      ~__allocated_ptr()
        -:   71:      {
        2:   72:	if (_M_ptr != nullptr)
        1:   73:	  std::allocator_traits<_Alloc>::deallocate(*_M_alloc, _M_ptr, 1);
        2:   74:      }
------------------
_ZNSt15__allocated_ptrISaISt23_Sp_counted_ptr_inplaceIN5Catch5clara6detail11BoundLambdaIZNS1_21makeCommandLineParserERNS1_10ConfigDataEEUlbE9_EESaIS8_ELN9__gnu_cxx12_Lock_policyE2EEEED2Ev:
        2:   70:      ~__allocated_ptr()
        -:   71:      {
        2:   72:	if (_M_ptr != nullptr)
        1:   73:	  std::allocator_traits<_Alloc>::deallocate(*_M_alloc, _M_ptr, 1);
        2:   74:      }
------------------
_ZNSt15__allocated_ptrISaISt23_Sp_counted_ptr_inplaceIN5Catch5clara6detail11BoundLambdaIZNS1_21makeCommandLineParserERNS1_10ConfigDataEEUlRKNSt7__cxx1112basic_stringIcSt11char_traitsIcESaIcEEEE0_EESaISG_ELN9__gnu_cxx12_Lock_policyE2EEEED2Ev:
        2:   70:      ~__allocated_ptr()
        -:   71:      {
        2:   72:	if (_M_ptr != nullptr)
        1:   73:	  std::allocator_traits<_Alloc>::deallocate(*_M_alloc, _M_ptr, 1);
        2:   74:      }
------------------
_ZNSt15__allocated_ptrISaISt23_Sp_counted_ptr_inplaceIN5Catch5clara6detail11BoundLambdaIZNS1_21makeCommandLineParserERNS1_10ConfigDataEEUlRKNSt7__cxx1112basic_stringIcSt11char_traitsIcESaIcEEEE5_EESaISG_ELN9__gnu_cxx12_Lock_policyE2EEEED2Ev:
        2:   70:      ~__allocated_ptr()
        -:   71:      {
        2:   72:	if (_M_ptr != nullptr)
        1:   73:	  std::allocator_traits<_Alloc>::deallocate(*_M_alloc, _M_ptr, 1);
        2:   74:      }
------------------
_ZNSt15__allocated_ptrISaISt23_Sp_counted_ptr_inplaceIN5Catch5clara6detail11BoundLambdaIZNS1_21makeCommandLineParserERNS1_10ConfigDataEEUlRKNSt7__cxx1112basic_stringIcSt11char_traitsIcESaIcEEEE1_EESaISG_ELN9__gnu_cxx12_Lock_policyE2EEEED2Ev:
        2:   70:      ~__allocated_ptr()
        -:   71:      {
        2:   72:	if (_M_ptr != nullptr)
        1:   73:	  std::allocator_traits<_Alloc>::deallocate(*_M_alloc, _M_ptr, 1);
        2:   74:      }
------------------
_ZNSt15__allocated_ptrISaISt23_Sp_counted_ptr_inplaceIN5Catch5clara6detail11BoundLambdaIZNS1_21makeCommandLineParserERNS1_10ConfigDataEEUlRKNSt7__cxx1112basic_stringIcSt11char_traitsIcESaIcEEEE2_EESaISG_ELN9__gnu_cxx12_Lock_policyE2EEEED2Ev:
        2:   70:      ~__allocated_ptr()
        -:   71:      {
        2:   72:	if (_M_ptr != nullptr)
        1:   73:	  std::allocator_traits<_Alloc>::deallocate(*_M_alloc, _M_ptr, 1);
        2:   74:      }
------------------
_ZNSt15__allocated_ptrISaISt23_Sp_counted_ptr_inplaceIN5Catch5clara6detail11BoundLambdaIZNS1_21makeCommandLineParserERNS1_10ConfigDataEEUlRKNSt7__cxx1112basic_stringIcSt11char_traitsIcESaIcEEEE3_EESaISG_ELN9__gnu_cxx12_Lock_policyE2EEEED2Ev:
        2:   70:      ~__allocated_ptr()
        -:   71:      {
        2:   72:	if (_M_ptr != nullptr)
        1:   73:	  std::allocator_traits<_Alloc>::deallocate(*_M_alloc, _M_ptr, 1);
        2:   74:      }
------------------
_ZNSt15__allocated_ptrISaISt23_Sp_counted_ptr_inplaceIN5Catch5clara6detail11BoundLambdaIZNS1_21makeCommandLineParserERNS1_10ConfigDataEEUlRKNSt7__cxx1112basic_stringIcSt11char_traitsIcESaIcEEEE4_EESaISG_ELN9__gnu_cxx12_Lock_policyE2EEEED2Ev:
        2:   70:      ~__allocated_ptr()
        -:   71:      {
        2:   72:	if (_M_ptr != nullptr)
        1:   73:	  std::allocator_traits<_Alloc>::deallocate(*_M_alloc, _M_ptr, 1);
        2:   74:      }
------------------
_ZNSt15__allocated_ptrISaISt23_Sp_counted_ptr_inplaceIN5Catch5clara6detail13BoundValueRefIjEESaIS5_ELN9__gnu_cxx12_Lock_policyE2EEEED2Ev:
        4:   70:      ~__allocated_ptr()
        -:   71:      {
        4:   72:	if (_M_ptr != nullptr)
        2:   73:	  std::allocator_traits<_Alloc>::deallocate(*_M_alloc, _M_ptr, 1);
        4:   74:      }
------------------
_ZNSt15__allocated_ptrISaISt23_Sp_counted_ptr_inplaceIN5Catch5clara6detail13BoundValueRefIdEESaIS5_ELN9__gnu_cxx12_Lock_policyE2EEEED2Ev:
        2:   70:      ~__allocated_ptr()
        -:   71:      {
        2:   72:	if (_M_ptr != nullptr)
        1:   73:	  std::allocator_traits<_Alloc>::deallocate(*_M_alloc, _M_ptr, 1);
        2:   74:      }
------------------
_ZNSt15__allocated_ptrISaISt23_Sp_counted_ptr_inplaceINSt8__detail4_NFAINSt7__cxx1112regex_traitsIcEEEESaIS6_ELN9__gnu_cxx12_Lock_policyE2EEEED2Ev:
    #####:   70:      ~__allocated_ptr()
        -:   71:      {
    #####:   72:	if (_M_ptr != nullptr)
    #####:   73:	  std::allocator_traits<_Alloc>::deallocate(*_M_alloc, _M_ptr, 1);
    #####:   74:      }
------------------
_ZNSt15__allocated_ptrISaISt23_Sp_counted_ptr_inplaceIN5Catch22CumulativeReporterBaseINS1_13JunitReporterEE11SectionNodeESaIS5_ELN9__gnu_cxx12_Lock_policyE2EEEED2Ev:
    #####:   70:      ~__allocated_ptr()
        -:   71:      {
    #####:   72:	if (_M_ptr != nullptr)
    #####:   73:	  std::allocator_traits<_Alloc>::deallocate(*_M_alloc, _M_ptr, 1);
    #####:   74:      }
------------------
        -:   75:
        -:   76:      /// Release ownership of the owned pointer
        -:   77:      __allocated_ptr&
      43*:   78:      operator=(std::nullptr_t) noexcept
        -:   79:      {
      43*:   80:	_M_ptr = nullptr;
      43*:   81:	return *this;
        -:   82:      }
------------------
_ZNSt15__allocated_ptrISaISt23_Sp_counted_ptr_inplaceIN5Catch5clara6detail15BoundFlagLambdaIZNS1_21makeCommandLineParserERNS1_10ConfigDataEEUlbE7_EESaIS8_ELN9__gnu_cxx12_Lock_policyE2EEEEaSEDn:
        1:   78:      operator=(std::nullptr_t) noexcept
        -:   79:      {
        1:   80:	_M_ptr = nullptr;
        1:   81:	return *this;
        -:   82:      }
------------------
_ZNSt15__allocated_ptrISaISt23_Sp_counted_ptr_inplaceIN5Catch22CumulativeReporterBaseINS1_13JunitReporterEE4NodeINS1_14TestGroupStatsENS5_INS1_13TestCaseStatsENS4_11SectionNodeEEEEESaISA_ELN9__gnu_cxx12_Lock_policyE2EEEEaSEDn:
    #####:   78:      operator=(std::nullptr_t) noexcept
        -:   79:      {
    #####:   80:	_M_ptr = nullptr;
    #####:   81:	return *this;
        -:   82:      }
------------------
_ZNSt15__allocated_ptrISaISt23_Sp_counted_ptr_inplaceIN5Catch22CumulativeReporterBaseINS1_13JunitReporterEE4NodeINS1_13TestCaseStatsENS4_11SectionNodeEEESaIS8_ELN9__gnu_cxx12_Lock_policyE2EEEEaSEDn:
    #####:   78:      operator=(std::nullptr_t) noexcept
        -:   79:      {
    #####:   80:	_M_ptr = nullptr;
    #####:   81:	return *this;
        -:   82:      }
------------------
_ZNSt15__allocated_ptrISaISt23_Sp_counted_ptr_inplaceIN5Catch17ReporterRegistrarINS1_15ConsoleReporterEE15ReporterFactoryESaIS5_ELN9__gnu_cxx12_Lock_policyE2EEEEaSEDn:
        1:   78:      operator=(std::nullptr_t) noexcept
        -:   79:      {
        1:   80:	_M_ptr = nullptr;
        1:   81:	return *this;
        -:   82:      }
------------------
_ZNSt15__allocated_ptrISaISt23_Sp_counted_ptr_inplaceIN5Catch17ReporterRegistrarINS1_15CompactReporterEE15ReporterFactoryESaIS5_ELN9__gnu_cxx12_Lock_policyE2EEEEaSEDn:
        1:   78:      operator=(std::nullptr_t) noexcept
        -:   79:      {
        1:   80:	_M_ptr = nullptr;
        1:   81:	return *this;
        -:   82:      }
------------------
_ZNSt15__allocated_ptrISaISt23_Sp_counted_ptr_inplaceIN5Catch8TestSpec10TagPatternESaIS3_ELN9__gnu_cxx12_Lock_policyE2EEEEaSEDn:
    #####:   78:      operator=(std::nullptr_t) noexcept
        -:   79:      {
    #####:   80:	_M_ptr = nullptr;
    #####:   81:	return *this;
        -:   82:      }
------------------
_ZNSt15__allocated_ptrISaISt23_Sp_counted_ptr_inplaceIN5Catch8TestSpec15ExcludedPatternESaIS3_ELN9__gnu_cxx12_Lock_policyE2EEEEaSEDn:
    #####:   78:      operator=(std::nullptr_t) noexcept
        -:   79:      {
    #####:   80:	_M_ptr = nullptr;
    #####:   81:	return *this;
        -:   82:      }
------------------
_ZNSt15__allocated_ptrISaISt23_Sp_counted_ptr_inplaceIN5Catch8TestSpec11NamePatternESaIS3_ELN9__gnu_cxx12_Lock_policyE2EEEEaSEDn:
    #####:   78:      operator=(std::nullptr_t) noexcept
        -:   79:      {
    #####:   80:	_M_ptr = nullptr;
    #####:   81:	return *this;
        -:   82:      }
------------------
_ZNSt15__allocated_ptrISaISt23_Sp_counted_ptr_inplaceIN5Catch5clara6detail13BoundValueRefISt6vectorINSt7__cxx1112basic_stringIcSt11char_traitsIcESaIcEEESaISB_EEEESaISE_ELN9__gnu_cxx12_Lock_policyE2EEEEaSEDn:
        2:   78:      operator=(std::nullptr_t) noexcept
        -:   79:      {
        2:   80:	_M_ptr = nullptr;
        2:   81:	return *this;
        -:   82:      }
------------------
_ZNSt15__allocated_ptrISaISt23_Sp_counted_ptr_inplaceIN5Catch17ReporterRegistrarINS1_13JunitReporterEE15ReporterFactoryESaIS5_ELN9__gnu_cxx12_Lock_policyE2EEEEaSEDn:
        1:   78:      operator=(std::nullptr_t) noexcept
        -:   79:      {
        1:   80:	_M_ptr = nullptr;
        1:   81:	return *this;
        -:   82:      }
------------------
_ZNSt15__allocated_ptrISaISt23_Sp_counted_ptr_inplaceIN5Catch5clara6detail15BoundFlagLambdaIZNS3_4HelpC4ERbEUlbE_EESaIS8_ELN9__gnu_cxx12_Lock_policyE2EEEEaSEDn:
        1:   78:      operator=(std::nullptr_t) noexcept
        -:   79:      {
        1:   80:	_M_ptr = nullptr;
        1:   81:	return *this;
        -:   82:      }
------------------
_ZNSt15__allocated_ptrISaISt23_Sp_counted_ptr_inplaceIN5Catch16TestCaseTracking14SectionTrackerESaIS3_ELN9__gnu_cxx12_Lock_policyE2EEEEaSEDn:
        4:   78:      operator=(std::nullptr_t) noexcept
        -:   79:      {
        4:   80:	_M_ptr = nullptr;
        4:   81:	return *this;
        -:   82:      }
------------------
_ZNSt15__allocated_ptrISaISt23_Sp_counted_ptr_inplaceIN5Catch6ConfigESaIS2_ELN9__gnu_cxx12_Lock_policyE2EEEEaSEDn:
        1:   78:      operator=(std::nullptr_t) noexcept
        -:   79:      {
        1:   80:	_M_ptr = nullptr;
        1:   81:	return *this;
        -:   82:      }
------------------
_ZNSt15__allocated_ptrISaISt23_Sp_counted_ptr_inplaceIN5Catch10Generators16GeneratorTrackerESaIS3_ELN9__gnu_cxx12_Lock_policyE2EEEEaSEDn:
    #####:   78:      operator=(std::nullptr_t) noexcept
        -:   79:      {
    #####:   80:	_M_ptr = nullptr;
    #####:   81:	return *this;
        -:   82:      }
------------------
_ZNSt15__allocated_ptrISaISt23_Sp_counted_ptr_inplaceIN5Catch5clara6detail12BoundFlagRefESaIS4_ELN9__gnu_cxx12_Lock_policyE2EEEEaSEDn:
       11:   78:      operator=(std::nullptr_t) noexcept
        -:   79:      {
       11:   80:	_M_ptr = nullptr;
       11:   81:	return *this;
        -:   82:      }
------------------
_ZNSt15__allocated_ptrISaISt23_Sp_counted_ptr_inplaceIN5Catch5clara6detail13BoundValueRefINSt7__cxx1112basic_stringIcSt11char_traitsIcESaIcEEEEESaISB_ELN9__gnu_cxx12_Lock_policyE2EEEEaSEDn:
        3:   78:      operator=(std::nullptr_t) noexcept
        -:   79:      {
        3:   80:	_M_ptr = nullptr;
        3:   81:	return *this;
        -:   82:      }
------------------
_ZNSt15__allocated_ptrISaISt23_Sp_counted_ptr_inplaceINSt7__cxx1112basic_stringIcSt11char_traitsIcESaIcEEESaIS6_ELN9__gnu_cxx12_Lock_policyE2EEEEaSEDn:
        3:   78:      operator=(std::nullptr_t) noexcept
        -:   79:      {
        3:   80:	_M_ptr = nullptr;
        3:   81:	return *this;
        -:   82:      }
------------------
_ZNSt15__allocated_ptrISaISt23_Sp_counted_ptr_inplaceIN5Catch22CumulativeReporterBaseINS1_13JunitReporterEE4NodeINS1_12TestRunStatsENS5_INS1_14TestGroupStatsENS5_INS1_13TestCaseStatsENS4_11SectionNodeEEEEEEESaISC_ELN9__gnu_cxx12_Lock_policyE2EEEEaSEDn:
    #####:   78:      operator=(std::nullptr_t) noexcept
        -:   79:      {
    #####:   80:	_M_ptr = nullptr;
    #####:   81:	return *this;
        -:   82:      }
------------------
_ZNSt15__allocated_ptrISaISt23_Sp_counted_ptr_inplaceIN5Catch17ReporterRegistrarINS1_11XmlReporterEE15ReporterFactoryESaIS5_ELN9__gnu_cxx12_Lock_policyE2EEEEaSEDn:
        1:   78:      operator=(std::nullptr_t) noexcept
        -:   79:      {
        1:   80:	_M_ptr = nullptr;
        1:   81:	return *this;
        -:   82:      }
------------------
_ZNSt15__allocated_ptrISaISt23_Sp_counted_ptr_inplaceIN5Catch5clara6detail11BoundLambdaIZNS1_21makeCommandLineParserERNS1_10ConfigDataEEUlRKNSt7__cxx1112basic_stringIcSt11char_traitsIcESaIcEEEE6_EESaISG_ELN9__gnu_cxx12_Lock_policyE2EEEEaSEDn:
        1:   78:      operator=(std::nullptr_t) noexcept
        -:   79:      {
        1:   80:	_M_ptr = nullptr;
        1:   81:	return *this;
        -:   82:      }
------------------
_ZNSt15__allocated_ptrISaISt23_Sp_counted_ptr_inplaceIN5Catch5clara6detail11BoundLambdaIZNS1_21makeCommandLineParserERNS1_10ConfigDataEEUliE8_EESaIS8_ELN9__gnu_cxx12_Lock_policyE2EEEEaSEDn:
        1:   78:      operator=(std::nullptr_t) noexcept
        -:   79:      {
        1:   80:	_M_ptr = nullptr;
        1:   81:	return *this;
        -:   82:      }
------------------
_ZNSt15__allocated_ptrISaISt23_Sp_counted_ptr_inplaceIN5Catch5clara6detail11BoundLambdaIZNS1_21makeCommandLineParserERNS1_10ConfigDataEEUlRKNSt7__cxx1112basic_stringIcSt11char_traitsIcESaIcEEEE_EESaISG_ELN9__gnu_cxx12_Lock_policyE2EEEEaSEDn:
        1:   78:      operator=(std::nullptr_t) noexcept
        -:   79:      {
        1:   80:	_M_ptr = nullptr;
        1:   81:	return *this;
        -:   82:      }
------------------
_ZNSt15__allocated_ptrISaISt23_Sp_counted_ptr_inplaceIN5Catch5clara6detail11BoundLambdaIZNS1_21makeCommandLineParserERNS1_10ConfigDataEEUlbE9_EESaIS8_ELN9__gnu_cxx12_Lock_policyE2EEEEaSEDn:
        1:   78:      operator=(std::nullptr_t) noexcept
        -:   79:      {
        1:   80:	_M_ptr = nullptr;
        1:   81:	return *this;
        -:   82:      }
------------------
_ZNSt15__allocated_ptrISaISt23_Sp_counted_ptr_inplaceIN5Catch5clara6detail11BoundLambdaIZNS1_21makeCommandLineParserERNS1_10ConfigDataEEUlRKNSt7__cxx1112basic_stringIcSt11char_traitsIcESaIcEEEE0_EESaISG_ELN9__gnu_cxx12_Lock_policyE2EEEEaSEDn:
        1:   78:      operator=(std::nullptr_t) noexcept
        -:   79:      {
        1:   80:	_M_ptr = nullptr;
        1:   81:	return *this;
        -:   82:      }
------------------
_ZNSt15__allocated_ptrISaISt23_Sp_counted_ptr_inplaceIN5Catch5clara6detail11BoundLambdaIZNS1_21makeCommandLineParserERNS1_10ConfigDataEEUlRKNSt7__cxx1112basic_stringIcSt11char_traitsIcESaIcEEEE5_EESaISG_ELN9__gnu_cxx12_Lock_policyE2EEEEaSEDn:
        1:   78:      operator=(std::nullptr_t) noexcept
        -:   79:      {
        1:   80:	_M_ptr = nullptr;
        1:   81:	return *this;
        -:   82:      }
------------------
_ZNSt15__allocated_ptrISaISt23_Sp_counted_ptr_inplaceIN5Catch5clara6detail11BoundLambdaIZNS1_21makeCommandLineParserERNS1_10ConfigDataEEUlRKNSt7__cxx1112basic_stringIcSt11char_traitsIcESaIcEEEE1_EESaISG_ELN9__gnu_cxx12_Lock_policyE2EEEEaSEDn:
        1:   78:      operator=(std::nullptr_t) noexcept
        -:   79:      {
        1:   80:	_M_ptr = nullptr;
        1:   81:	return *this;
        -:   82:      }
------------------
_ZNSt15__allocated_ptrISaISt23_Sp_counted_ptr_inplaceIN5Catch5clara6detail11BoundLambdaIZNS1_21makeCommandLineParserERNS1_10ConfigDataEEUlRKNSt7__cxx1112basic_stringIcSt11char_traitsIcESaIcEEEE2_EESaISG_ELN9__gnu_cxx12_Lock_policyE2EEEEaSEDn:
        1:   78:      operator=(std::nullptr_t) noexcept
        -:   79:      {
        1:   80:	_M_ptr = nullptr;
        1:   81:	return *this;
        -:   82:      }
------------------
_ZNSt15__allocated_ptrISaISt23_Sp_counted_ptr_inplaceIN5Catch5clara6detail11BoundLambdaIZNS1_21makeCommandLineParserERNS1_10ConfigDataEEUlRKNSt7__cxx1112basic_stringIcSt11char_traitsIcESaIcEEEE3_EESaISG_ELN9__gnu_cxx12_Lock_policyE2EEEEaSEDn:
        1:   78:      operator=(std::nullptr_t) noexcept
        -:   79:      {
        1:   80:	_M_ptr = nullptr;
        1:   81:	return *this;
        -:   82:      }
------------------
_ZNSt15__allocated_ptrISaISt23_Sp_counted_ptr_inplaceIN5Catch5clara6detail11BoundLambdaIZNS1_21makeCommandLineParserERNS1_10ConfigDataEEUlRKNSt7__cxx1112basic_stringIcSt11char_traitsIcESaIcEEEE4_EESaISG_ELN9__gnu_cxx12_Lock_policyE2EEEEaSEDn:
        1:   78:      operator=(std::nullptr_t) noexcept
        -:   79:      {
        1:   80:	_M_ptr = nullptr;
        1:   81:	return *this;
        -:   82:      }
------------------
_ZNSt15__allocated_ptrISaISt23_Sp_counted_ptr_inplaceIN5Catch5clara6detail13BoundValueRefIjEESaIS5_ELN9__gnu_cxx12_Lock_policyE2EEEEaSEDn:
        2:   78:      operator=(std::nullptr_t) noexcept
        -:   79:      {
        2:   80:	_M_ptr = nullptr;
        2:   81:	return *this;
        -:   82:      }
------------------
_ZNSt15__allocated_ptrISaISt23_Sp_counted_ptr_inplaceIN5Catch5clara6detail13BoundValueRefIdEESaIS5_ELN9__gnu_cxx12_Lock_policyE2EEEEaSEDn:
        1:   78:      operator=(std::nullptr_t) noexcept
        -:   79:      {
        1:   80:	_M_ptr = nullptr;
        1:   81:	return *this;
        -:   82:      }
------------------
_ZNSt15__allocated_ptrISaISt23_Sp_counted_ptr_inplaceINSt8__detail4_NFAINSt7__cxx1112regex_traitsIcEEEESaIS6_ELN9__gnu_cxx12_Lock_policyE2EEEEaSEDn:
    #####:   78:      operator=(std::nullptr_t) noexcept
        -:   79:      {
    #####:   80:	_M_ptr = nullptr;
    #####:   81:	return *this;
        -:   82:      }
------------------
_ZNSt15__allocated_ptrISaISt23_Sp_counted_ptr_inplaceIN5Catch22CumulativeReporterBaseINS1_13JunitReporterEE11SectionNodeESaIS5_ELN9__gnu_cxx12_Lock_policyE2EEEEaSEDn:
    #####:   78:      operator=(std::nullptr_t) noexcept
        -:   79:      {
    #####:   80:	_M_ptr = nullptr;
    #####:   81:	return *this;
        -:   82:      }
------------------
        -:   83:
        -:   84:      /// Get the address that the owned pointer refers to.
      43*:   85:      value_type* get() { return std::__to_address(_M_ptr); }
------------------
_ZNSt15__allocated_ptrISaISt23_Sp_counted_ptr_inplaceIN5Catch5clara6detail15BoundFlagLambdaIZNS1_21makeCommandLineParserERNS1_10ConfigDataEEUlbE7_EESaIS8_ELN9__gnu_cxx12_Lock_policyE2EEEE3getEv:
        1:   85:      value_type* get() { return std::__to_address(_M_ptr); }
------------------
_ZNSt15__allocated_ptrISaISt23_Sp_counted_ptr_inplaceIN5Catch22CumulativeReporterBaseINS1_13JunitReporterEE4NodeINS1_14TestGroupStatsENS5_INS1_13TestCaseStatsENS4_11SectionNodeEEEEESaISA_ELN9__gnu_cxx12_Lock_policyE2EEEE3getEv:
    #####:   85:      value_type* get() { return std::__to_address(_M_ptr); }
------------------
_ZNSt15__allocated_ptrISaISt23_Sp_counted_ptr_inplaceIN5Catch22CumulativeReporterBaseINS1_13JunitReporterEE4NodeINS1_13TestCaseStatsENS4_11SectionNodeEEESaIS8_ELN9__gnu_cxx12_Lock_policyE2EEEE3getEv:
    #####:   85:      value_type* get() { return std::__to_address(_M_ptr); }
------------------
_ZNSt15__allocated_ptrISaISt23_Sp_counted_ptr_inplaceIN5Catch17ReporterRegistrarINS1_15ConsoleReporterEE15ReporterFactoryESaIS5_ELN9__gnu_cxx12_Lock_policyE2EEEE3getEv:
        1:   85:      value_type* get() { return std::__to_address(_M_ptr); }
------------------
_ZNSt15__allocated_ptrISaISt23_Sp_counted_ptr_inplaceIN5Catch17ReporterRegistrarINS1_15CompactReporterEE15ReporterFactoryESaIS5_ELN9__gnu_cxx12_Lock_policyE2EEEE3getEv:
        1:   85:      value_type* get() { return std::__to_address(_M_ptr); }
------------------
_ZNSt15__allocated_ptrISaISt23_Sp_counted_ptr_inplaceIN5Catch8TestSpec10TagPatternESaIS3_ELN9__gnu_cxx12_Lock_policyE2EEEE3getEv:
    #####:   85:      value_type* get() { return std::__to_address(_M_ptr); }
------------------
_ZNSt15__allocated_ptrISaISt23_Sp_counted_ptr_inplaceIN5Catch8TestSpec15ExcludedPatternESaIS3_ELN9__gnu_cxx12_Lock_policyE2EEEE3getEv:
    #####:   85:      value_type* get() { return std::__to_address(_M_ptr); }
------------------
_ZNSt15__allocated_ptrISaISt23_Sp_counted_ptr_inplaceIN5Catch8TestSpec11NamePatternESaIS3_ELN9__gnu_cxx12_Lock_policyE2EEEE3getEv:
    #####:   85:      value_type* get() { return std::__to_address(_M_ptr); }
------------------
_ZNSt15__allocated_ptrISaISt23_Sp_counted_ptr_inplaceIN5Catch5clara6detail13BoundValueRefISt6vectorINSt7__cxx1112basic_stringIcSt11char_traitsIcESaIcEEESaISB_EEEESaISE_ELN9__gnu_cxx12_Lock_policyE2EEEE3getEv:
        2:   85:      value_type* get() { return std::__to_address(_M_ptr); }
------------------
_ZNSt15__allocated_ptrISaISt23_Sp_counted_ptr_inplaceIN5Catch17ReporterRegistrarINS1_13JunitReporterEE15ReporterFactoryESaIS5_ELN9__gnu_cxx12_Lock_policyE2EEEE3getEv:
        1:   85:      value_type* get() { return std::__to_address(_M_ptr); }
------------------
_ZNSt15__allocated_ptrISaISt23_Sp_counted_ptr_inplaceIN5Catch5clara6detail15BoundFlagLambdaIZNS3_4HelpC4ERbEUlbE_EESaIS8_ELN9__gnu_cxx12_Lock_policyE2EEEE3getEv:
        1:   85:      value_type* get() { return std::__to_address(_M_ptr); }
------------------
_ZNSt15__allocated_ptrISaISt23_Sp_counted_ptr_inplaceIN5Catch16TestCaseTracking14SectionTrackerESaIS3_ELN9__gnu_cxx12_Lock_policyE2EEEE3getEv:
        4:   85:      value_type* get() { return std::__to_address(_M_ptr); }
------------------
_ZNSt15__allocated_ptrISaISt23_Sp_counted_ptr_inplaceIN5Catch6ConfigESaIS2_ELN9__gnu_cxx12_Lock_policyE2EEEE3getEv:
        1:   85:      value_type* get() { return std::__to_address(_M_ptr); }
------------------
_ZNSt15__allocated_ptrISaISt23_Sp_counted_ptr_inplaceIN5Catch10Generators16GeneratorTrackerESaIS3_ELN9__gnu_cxx12_Lock_policyE2EEEE3getEv:
    #####:   85:      value_type* get() { return std::__to_address(_M_ptr); }
------------------
_ZNSt15__allocated_ptrISaISt23_Sp_counted_ptr_inplaceIN5Catch5clara6detail12BoundFlagRefESaIS4_ELN9__gnu_cxx12_Lock_policyE2EEEE3getEv:
       11:   85:      value_type* get() { return std::__to_address(_M_ptr); }
------------------
_ZNSt15__allocated_ptrISaISt23_Sp_counted_ptr_inplaceIN5Catch5clara6detail13BoundValueRefINSt7__cxx1112basic_stringIcSt11char_traitsIcESaIcEEEEESaISB_ELN9__gnu_cxx12_Lock_policyE2EEEE3getEv:
        3:   85:      value_type* get() { return std::__to_address(_M_ptr); }
------------------
_ZNSt15__allocated_ptrISaISt23_Sp_counted_ptr_inplaceINSt7__cxx1112basic_stringIcSt11char_traitsIcESaIcEEESaIS6_ELN9__gnu_cxx12_Lock_policyE2EEEE3getEv:
        3:   85:      value_type* get() { return std::__to_address(_M_ptr); }
------------------
_ZNSt15__allocated_ptrISaISt23_Sp_counted_ptr_inplaceIN5Catch22CumulativeReporterBaseINS1_13JunitReporterEE4NodeINS1_12TestRunStatsENS5_INS1_14TestGroupStatsENS5_INS1_13TestCaseStatsENS4_11SectionNodeEEEEEEESaISC_ELN9__gnu_cxx12_Lock_policyE2EEEE3getEv:
    #####:   85:      value_type* get() { return std::__to_address(_M_ptr); }
------------------
_ZNSt15__allocated_ptrISaISt23_Sp_counted_ptr_inplaceIN5Catch17ReporterRegistrarINS1_11XmlReporterEE15ReporterFactoryESaIS5_ELN9__gnu_cxx12_Lock_policyE2EEEE3getEv:
        1:   85:      value_type* get() { return std::__to_address(_M_ptr); }
------------------
_ZNSt15__allocated_ptrISaISt23_Sp_counted_ptr_inplaceIN5Catch5clara6detail11BoundLambdaIZNS1_21makeCommandLineParserERNS1_10ConfigDataEEUlRKNSt7__cxx1112basic_stringIcSt11char_traitsIcESaIcEEEE6_EESaISG_ELN9__gnu_cxx12_Lock_policyE2EEEE3getEv:
        1:   85:      value_type* get() { return std::__to_address(_M_ptr); }
------------------
_ZNSt15__allocated_ptrISaISt23_Sp_counted_ptr_inplaceIN5Catch5clara6detail11BoundLambdaIZNS1_21makeCommandLineParserERNS1_10ConfigDataEEUliE8_EESaIS8_ELN9__gnu_cxx12_Lock_policyE2EEEE3getEv:
        1:   85:      value_type* get() { return std::__to_address(_M_ptr); }
------------------
_ZNSt15__allocated_ptrISaISt23_Sp_counted_ptr_inplaceIN5Catch5clara6detail11BoundLambdaIZNS1_21makeCommandLineParserERNS1_10ConfigDataEEUlRKNSt7__cxx1112basic_stringIcSt11char_traitsIcESaIcEEEE_EESaISG_ELN9__gnu_cxx12_Lock_policyE2EEEE3getEv:
        1:   85:      value_type* get() { return std::__to_address(_M_ptr); }
------------------
_ZNSt15__allocated_ptrISaISt23_Sp_counted_ptr_inplaceIN5Catch5clara6detail11BoundLambdaIZNS1_21makeCommandLineParserERNS1_10ConfigDataEEUlbE9_EESaIS8_ELN9__gnu_cxx12_Lock_policyE2EEEE3getEv:
        1:   85:      value_type* get() { return std::__to_address(_M_ptr); }
------------------
_ZNSt15__allocated_ptrISaISt23_Sp_counted_ptr_inplaceIN5Catch5clara6detail11BoundLambdaIZNS1_21makeCommandLineParserERNS1_10ConfigDataEEUlRKNSt7__cxx1112basic_stringIcSt11char_traitsIcESaIcEEEE0_EESaISG_ELN9__gnu_cxx12_Lock_policyE2EEEE3getEv:
        1:   85:      value_type* get() { return std::__to_address(_M_ptr); }
------------------
_ZNSt15__allocated_ptrISaISt23_Sp_counted_ptr_inplaceIN5Catch5clara6detail11BoundLambdaIZNS1_21makeCommandLineParserERNS1_10ConfigDataEEUlRKNSt7__cxx1112basic_stringIcSt11char_traitsIcESaIcEEEE5_EESaISG_ELN9__gnu_cxx12_Lock_policyE2EEEE3getEv:
        1:   85:      value_type* get() { return std::__to_address(_M_ptr); }
------------------
_ZNSt15__allocated_ptrISaISt23_Sp_counted_ptr_inplaceIN5Catch5clara6detail11BoundLambdaIZNS1_21makeCommandLineParserERNS1_10ConfigDataEEUlRKNSt7__cxx1112basic_stringIcSt11char_traitsIcESaIcEEEE1_EESaISG_ELN9__gnu_cxx12_Lock_policyE2EEEE3getEv:
        1:   85:      value_type* get() { return std::__to_address(_M_ptr); }
------------------
_ZNSt15__allocated_ptrISaISt23_Sp_counted_ptr_inplaceIN5Catch5clara6detail11BoundLambdaIZNS1_21makeCommandLineParserERNS1_10ConfigDataEEUlRKNSt7__cxx1112basic_stringIcSt11char_traitsIcESaIcEEEE2_EESaISG_ELN9__gnu_cxx12_Lock_policyE2EEEE3getEv:
        1:   85:      value_type* get() { return std::__to_address(_M_ptr); }
------------------
_ZNSt15__allocated_ptrISaISt23_Sp_counted_ptr_inplaceIN5Catch5clara6detail11BoundLambdaIZNS1_21makeCommandLineParserERNS1_10ConfigDataEEUlRKNSt7__cxx1112basic_stringIcSt11char_traitsIcESaIcEEEE3_EESaISG_ELN9__gnu_cxx12_Lock_policyE2EEEE3getEv:
        1:   85:      value_type* get() { return std::__to_address(_M_ptr); }
------------------
_ZNSt15__allocated_ptrISaISt23_Sp_counted_ptr_inplaceIN5Catch5clara6detail11BoundLambdaIZNS1_21makeCommandLineParserERNS1_10ConfigDataEEUlRKNSt7__cxx1112basic_stringIcSt11char_traitsIcESaIcEEEE4_EESaISG_ELN9__gnu_cxx12_Lock_policyE2EEEE3getEv:
        1:   85:      value_type* get() { return std::__to_address(_M_ptr); }
------------------
_ZNSt15__allocated_ptrISaISt23_Sp_counted_ptr_inplaceIN5Catch5clara6detail13BoundValueRefIjEESaIS5_ELN9__gnu_cxx12_Lock_policyE2EEEE3getEv:
        2:   85:      value_type* get() { return std::__to_address(_M_ptr); }
------------------
_ZNSt15__allocated_ptrISaISt23_Sp_counted_ptr_inplaceIN5Catch5clara6detail13BoundValueRefIdEESaIS5_ELN9__gnu_cxx12_Lock_policyE2EEEE3getEv:
        1:   85:      value_type* get() { return std::__to_address(_M_ptr); }
------------------
_ZNSt15__allocated_ptrISaISt23_Sp_counted_ptr_inplaceINSt8__detail4_NFAINSt7__cxx1112regex_traitsIcEEEESaIS6_ELN9__gnu_cxx12_Lock_policyE2EEEE3getEv:
    #####:   85:      value_type* get() { return std::__to_address(_M_ptr); }
------------------
_ZNSt15__allocated_ptrISaISt23_Sp_counted_ptr_inplaceIN5Catch22CumulativeReporterBaseINS1_13JunitReporterEE11SectionNodeESaIS5_ELN9__gnu_cxx12_Lock_policyE2EEEE3getEv:
    #####:   85:      value_type* get() { return std::__to_address(_M_ptr); }
------------------
        -:   86:
        -:   87:    private:
        -:   88:      _Alloc* _M_alloc;
        -:   89:      pointer _M_ptr;
        -:   90:    };
        -:   91:
        -:   92:  /// Allocate space for a single object using __a
        -:   93:  template<typename _Alloc>
        -:   94:    __allocated_ptr<_Alloc>
      43*:   95:    __allocate_guarded(_Alloc& __a)
        -:   96:    {
      43*:   97:      return { __a, std::allocator_traits<_Alloc>::allocate(__a, 1) };
        -:   98:    }
        -:   99:
        -:  100:_GLIBCXX_END_NAMESPACE_VERSION
        -:  101:} // namespace std
        -:  102:
        -:  103:#endif
        -:  104:#endif
