        -:    0:Source:/usr/include/c++/9/bits/basic_string.h
        -:    0:Graph:./test_index.gcno
        -:    0:Data:./test_index.gcda
        -:    0:Runs:1
        -:    1:// Components for manipulating sequences of characters -*- C++ -*-
        -:    2:
        -:    3:// Copyright (C) 1997-2019 Free Software Foundation, Inc.
        -:    4://
        -:    5:// This file is part of the GNU ISO C++ Library.  This library is free
        -:    6:// software; you can redistribute it and/or modify it under the
        -:    7:// terms of the GNU General Public License as published by the
        -:    8:// Free Software Foundation; either version 3, or (at your option)
        -:    9:// any later version.
        -:   10:
        -:   11:// This library is distributed in the hope that it will be useful,
        -:   12:// but WITHOUT ANY WARRANTY; without even the implied warranty of
        -:   13:// MERCHANTABILITY or FITNESS FOR A PARTICULAR PURPOSE.  See the
        -:   14:// GNU General Public License for more details.
        -:   15:
        -:   16:// Under Section 7 of GPL version 3, you are granted additional
        -:   17:// permissions described in the GCC Runtime Library Exception, version
        -:   18:// 3.1, as published by the Free Software Foundation.
        -:   19:
        -:   20:// You should have received a copy of the GNU General Public License and
        -:   21:// a copy of the GCC Runtime Library Exception along with this program;
        -:   22:// see the files COPYING3 and COPYING.RUNTIME respectively.  If not, see
        -:   23:// <http://www.gnu.org/licenses/>.
        -:   24:
        -:   25:/** @file bits/basic_string.h
        -:   26: *  This is an internal header file, included by other library headers.
        -:   27: *  Do not attempt to use it directly. @headername{string}
        -:   28: */
        -:   29:
        -:   30://
        -:   31:// ISO C++ 14882: 21 Strings library
        -:   32://
        -:   33:
        -:   34:#ifndef _BASIC_STRING_H
        -:   35:#define _BASIC_STRING_H 1
        -:   36:
        -:   37:#pragma GCC system_header
        -:   38:
        -:   39:#include <ext/atomicity.h>
        -:   40:#include <ext/alloc_traits.h>
        -:   41:#include <debug/debug.h>
        -:   42:
        -:   43:#if __cplusplus >= 201103L
        -:   44:#include <initializer_list>
        -:   45:#endif
        -:   46:
        -:   47:#if __cplusplus >= 201703L
        -:   48:# include <string_view>
        -:   49:#endif
        -:   50:
        -:   51:namespace std _GLIBCXX_VISIBILITY(default)
        -:   52:{
        -:   53:_GLIBCXX_BEGIN_NAMESPACE_VERSION
        -:   54:
        -:   55:#if __cplusplus >= 201703L
        -:   56:// Support P0426R1 changes to char_traits in C++17.
        -:   57:# define __cpp_lib_constexpr_string 201611L
        -:   58:#endif
        -:   59:
        -:   60:#if _GLIBCXX_USE_CXX11_ABI
        -:   61:_GLIBCXX_BEGIN_NAMESPACE_CXX11
        -:   62:  /**
        -:   63:   *  @class basic_string basic_string.h <string>
        -:   64:   *  @brief  Managing sequences of characters and character-like objects.
        -:   65:   *
        -:   66:   *  @ingroup strings
        -:   67:   *  @ingroup sequences
        -:   68:   *
        -:   69:   *  @tparam _CharT  Type of character
        -:   70:   *  @tparam _Traits  Traits for character type, defaults to
        -:   71:   *                   char_traits<_CharT>.
        -:   72:   *  @tparam _Alloc  Allocator type, defaults to allocator<_CharT>.
        -:   73:   *
        -:   74:   *  Meets the requirements of a <a href="tables.html#65">container</a>, a
        -:   75:   *  <a href="tables.html#66">reversible container</a>, and a
        -:   76:   *  <a href="tables.html#67">sequence</a>.  Of the
        -:   77:   *  <a href="tables.html#68">optional sequence requirements</a>, only
        -:   78:   *  @c push_back, @c at, and @c %array access are supported.
        -:   79:   */
        -:   80:  template<typename _CharT, typename _Traits, typename _Alloc>
        -:   81:    class basic_string
        -:   82:    {
        -:   83:      typedef typename __gnu_cxx::__alloc_traits<_Alloc>::template
        -:   84:	rebind<_CharT>::other _Char_alloc_type;
        -:   85:      typedef __gnu_cxx::__alloc_traits<_Char_alloc_type> _Alloc_traits;
        -:   86:
        -:   87:      // Types:
        -:   88:    public:
        -:   89:      typedef _Traits					traits_type;
        -:   90:      typedef typename _Traits::char_type		value_type;
        -:   91:      typedef _Char_alloc_type				allocator_type;
        -:   92:      typedef typename _Alloc_traits::size_type		size_type;
        -:   93:      typedef typename _Alloc_traits::difference_type	difference_type;
        -:   94:      typedef typename _Alloc_traits::reference		reference;
        -:   95:      typedef typename _Alloc_traits::const_reference	const_reference;
        -:   96:      typedef typename _Alloc_traits::pointer		pointer;
        -:   97:      typedef typename _Alloc_traits::const_pointer	const_pointer;
        -:   98:      typedef __gnu_cxx::__normal_iterator<pointer, basic_string>  iterator;
        -:   99:      typedef __gnu_cxx::__normal_iterator<const_pointer, basic_string>
        -:  100:							const_iterator;
        -:  101:      typedef std::reverse_iterator<const_iterator>	const_reverse_iterator;
        -:  102:      typedef std::reverse_iterator<iterator>		reverse_iterator;
        -:  103:
        -:  104:      ///  Value returned by various member functions when they fail.
        -:  105:      static const size_type	npos = static_cast<size_type>(-1);
        -:  106:
        -:  107:    protected:
        -:  108:      // type used for positions in insert, erase etc.
        -:  109:#if __cplusplus < 201103L
        -:  110:      typedef iterator __const_iterator;
        -:  111:#else
        -:  112:      typedef const_iterator __const_iterator;
        -:  113:#endif
        -:  114:
        -:  115:    private:
        -:  116:#if __cplusplus >= 201703L
        -:  117:      // A helper type for avoiding boiler-plate.
        -:  118:      typedef basic_string_view<_CharT, _Traits> __sv_type;
        -:  119:
        -:  120:      template<typename _Tp, typename _Res>
        -:  121:	using _If_sv = enable_if_t<
        -:  122:	  __and_<is_convertible<const _Tp&, __sv_type>,
        -:  123:		 __not_<is_convertible<const _Tp*, const basic_string*>>,
        -:  124:		 __not_<is_convertible<const _Tp&, const _CharT*>>>::value,
        -:  125:	  _Res>;
        -:  126:
        -:  127:      // Allows an implicit conversion to __sv_type.
        -:  128:      static __sv_type
        -:  129:      _S_to_string_view(__sv_type __svt) noexcept
        -:  130:      { return __svt; }
        -:  131:
        -:  132:      // Wraps a string_view by explicit conversion and thus
        -:  133:      // allows to add an internal constructor that does not
        -:  134:      // participate in overload resolution when a string_view
        -:  135:      // is provided.
        -:  136:      struct __sv_wrapper
        -:  137:      {
        -:  138:	explicit __sv_wrapper(__sv_type __sv) noexcept : _M_sv(__sv) { }
        -:  139:	__sv_type _M_sv;
        -:  140:      };
        -:  141:
        -:  142:      /**
        -:  143:       *  @brief  Only internally used: Construct string from a string view
        -:  144:       *          wrapper.
        -:  145:       *  @param  __svw  string view wrapper.
        -:  146:       *  @param  __a  Allocator to use.
        -:  147:       */
        -:  148:      explicit
        -:  149:      basic_string(__sv_wrapper __svw, const _Alloc& __a)
        -:  150:      : basic_string(__svw._M_sv.data(), __svw._M_sv.size(), __a) { }
        -:  151:#endif
        -:  152:
        -:  153:      // Use empty-base optimization: http://www.cantrip.org/emptyopt.html
        -:  154:      struct _Alloc_hider : allocator_type // TODO check __is_final
        -:  155:      {
        -:  156:#if __cplusplus < 201103L
        -:  157:	_Alloc_hider(pointer __dat, const _Alloc& __a = _Alloc())
        -:  158:	: allocator_type(__a), _M_p(__dat) { }
        -:  159:#else
        -:  160:	_Alloc_hider(pointer __dat, const _Alloc& __a)
        -:  161:	: allocator_type(__a), _M_p(__dat) { }
        -:  162:
        -:  163:	_Alloc_hider(pointer __dat, _Alloc&& __a = _Alloc())
        -:  164:	: allocator_type(std::move(__a)), _M_p(__dat) { }
        -:  165:#endif
        -:  166:
        -:  167:	pointer _M_p; // The actual data.
        -:  168:      };
        -:  169:
        -:  170:      _Alloc_hider	_M_dataplus;
        -:  171:      size_type		_M_string_length;
        -:  172:
        -:  173:      enum { _S_local_capacity = 15 / sizeof(_CharT) };
        -:  174:
        -:  175:      union
        -:  176:      {
        -:  177:	_CharT           _M_local_buf[_S_local_capacity + 1];
        -:  178:	size_type        _M_allocated_capacity;
        -:  179:      };
        -:  180:
        -:  181:      void
        -:  182:      _M_data(pointer __p)
        -:  183:      { _M_dataplus._M_p = __p; }
        -:  184:
        -:  185:      void
        -:  186:      _M_length(size_type __length)
        -:  187:      { _M_string_length = __length; }
        -:  188:
        -:  189:      pointer
        -:  190:      _M_data() const
        -:  191:      { return _M_dataplus._M_p; }
        -:  192:
        -:  193:      pointer
        -:  194:      _M_local_data()
        -:  195:      {
        -:  196:#if __cplusplus >= 201103L
        -:  197:	return std::pointer_traits<pointer>::pointer_to(*_M_local_buf);
        -:  198:#else
        -:  199:	return pointer(_M_local_buf);
        -:  200:#endif
        -:  201:      }
        -:  202:
        -:  203:      const_pointer
        -:  204:      _M_local_data() const
        -:  205:      {
        -:  206:#if __cplusplus >= 201103L
        -:  207:	return std::pointer_traits<const_pointer>::pointer_to(*_M_local_buf);
        -:  208:#else
        -:  209:	return const_pointer(_M_local_buf);
        -:  210:#endif
        -:  211:      }
        -:  212:
        -:  213:      void
        -:  214:      _M_capacity(size_type __capacity)
        -:  215:      { _M_allocated_capacity = __capacity; }
        -:  216:
        -:  217:      void
        -:  218:      _M_set_length(size_type __n)
        -:  219:      {
        -:  220:	_M_length(__n);
        -:  221:	traits_type::assign(_M_data()[__n], _CharT());
        -:  222:      }
        -:  223:
        -:  224:      bool
        -:  225:      _M_is_local() const
        -:  226:      { return _M_data() == _M_local_data(); }
        -:  227:
        -:  228:      // Create & Destroy
        -:  229:      pointer
        -:  230:      _M_create(size_type&, size_type);
        -:  231:
        -:  232:      void
        -:  233:      _M_dispose()
        -:  234:      {
        -:  235:	if (!_M_is_local())
        -:  236:	  _M_destroy(_M_allocated_capacity);
        -:  237:      }
        -:  238:
        -:  239:      void
        -:  240:      _M_destroy(size_type __size) throw()
        -:  241:      { _Alloc_traits::deallocate(_M_get_allocator(), _M_data(), __size + 1); }
        -:  242:
        -:  243:      // _M_construct_aux is used to implement the 21.3.1 para 15 which
        -:  244:      // requires special behaviour if _InIterator is an integral type
        -:  245:      template<typename _InIterator>
        -:  246:        void
    #####:  247:        _M_construct_aux(_InIterator __beg, _InIterator __end,
        -:  248:			 std::__false_type)
        -:  249:	{
        -:  250:          typedef typename iterator_traits<_InIterator>::iterator_category _Tag;
    #####:  251:          _M_construct(__beg, __end, _Tag());
    #####:  252:	}
------------------
_ZNSt7__cxx1112basic_stringIcSt11char_traitsIcESaIcEE16_M_construct_auxIN9__gnu_cxx17__normal_iteratorIPcS4_EEEEvT_SA_St12__false_type:
    #####:  247:        _M_construct_aux(_InIterator __beg, _InIterator __end,
        -:  248:			 std::__false_type)
        -:  249:	{
        -:  250:          typedef typename iterator_traits<_InIterator>::iterator_category _Tag;
    #####:  251:          _M_construct(__beg, __end, _Tag());
    #####:  252:	}
------------------
_ZNSt7__cxx1112basic_stringIwSt11char_traitsIwESaIwEE16_M_construct_auxIPKwEEvT_S8_St12__false_type:
    #####:  247:        _M_construct_aux(_InIterator __beg, _InIterator __end,
        -:  248:			 std::__false_type)
        -:  249:	{
        -:  250:          typedef typename iterator_traits<_InIterator>::iterator_category _Tag;
    #####:  251:          _M_construct(__beg, __end, _Tag());
    #####:  252:	}
------------------
_ZNSt7__cxx1112basic_stringIcSt11char_traitsIcESaIcEE16_M_construct_auxIPcEEvT_S7_St12__false_type:
    #####:  247:        _M_construct_aux(_InIterator __beg, _InIterator __end,
        -:  248:			 std::__false_type)
        -:  249:	{
        -:  250:          typedef typename iterator_traits<_InIterator>::iterator_category _Tag;
    #####:  251:          _M_construct(__beg, __end, _Tag());
    #####:  252:	}
------------------
_ZNSt7__cxx1112basic_stringIcSt11char_traitsIcESaIcEE16_M_construct_auxIPKcEEvT_S8_St12__false_type:
    #####:  247:        _M_construct_aux(_InIterator __beg, _InIterator __end,
        -:  248:			 std::__false_type)
        -:  249:	{
        -:  250:          typedef typename iterator_traits<_InIterator>::iterator_category _Tag;
    #####:  251:          _M_construct(__beg, __end, _Tag());
    #####:  252:	}
------------------
        -:  253:
        -:  254:      // _GLIBCXX_RESOLVE_LIB_DEFECTS
        -:  255:      // 438. Ambiguity in the "do the right thing" clause
        -:  256:      template<typename _Integer>
        -:  257:        void
        -:  258:        _M_construct_aux(_Integer __beg, _Integer __end, std::__true_type)
        -:  259:	{ _M_construct_aux_2(static_cast<size_type>(__beg), __end); }
        -:  260:
        -:  261:      void
        -:  262:      _M_construct_aux_2(size_type __req, _CharT __c)
        -:  263:      { _M_construct(__req, __c); }
        -:  264:
        -:  265:      template<typename _InIterator>
        -:  266:        void
    #####:  267:        _M_construct(_InIterator __beg, _InIterator __end)
        -:  268:	{
        -:  269:	  typedef typename std::__is_integer<_InIterator>::__type _Integral;
    #####:  270:	  _M_construct_aux(__beg, __end, _Integral());
    #####:  271:        }
------------------
_ZNSt7__cxx1112basic_stringIcSt11char_traitsIcESaIcEE12_M_constructIN9__gnu_cxx17__normal_iteratorIPcS4_EEEEvT_SA_:
    #####:  267:        _M_construct(_InIterator __beg, _InIterator __end)
        -:  268:	{
        -:  269:	  typedef typename std::__is_integer<_InIterator>::__type _Integral;
    #####:  270:	  _M_construct_aux(__beg, __end, _Integral());
    #####:  271:        }
------------------
_ZNSt7__cxx1112basic_stringIwSt11char_traitsIwESaIwEE12_M_constructIPKwEEvT_S8_:
    #####:  267:        _M_construct(_InIterator __beg, _InIterator __end)
        -:  268:	{
        -:  269:	  typedef typename std::__is_integer<_InIterator>::__type _Integral;
    #####:  270:	  _M_construct_aux(__beg, __end, _Integral());
    #####:  271:        }
------------------
_ZNSt7__cxx1112basic_stringIcSt11char_traitsIcESaIcEE12_M_constructIPcEEvT_S7_:
    #####:  267:        _M_construct(_InIterator __beg, _InIterator __end)
        -:  268:	{
        -:  269:	  typedef typename std::__is_integer<_InIterator>::__type _Integral;
    #####:  270:	  _M_construct_aux(__beg, __end, _Integral());
    #####:  271:        }
------------------
_ZNSt7__cxx1112basic_stringIcSt11char_traitsIcESaIcEE12_M_constructIPKcEEvT_S8_:
    #####:  267:        _M_construct(_InIterator __beg, _InIterator __end)
        -:  268:	{
        -:  269:	  typedef typename std::__is_integer<_InIterator>::__type _Integral;
    #####:  270:	  _M_construct_aux(__beg, __end, _Integral());
    #####:  271:        }
------------------
        -:  272:
        -:  273:      // For Input Iterators, used in istreambuf_iterators, etc.
        -:  274:      template<typename _InIterator>
        -:  275:        void
        -:  276:        _M_construct(_InIterator __beg, _InIterator __end,
        -:  277:		     std::input_iterator_tag);
        -:  278:
        -:  279:      // For forward_iterators up to random_access_iterators, used for
        -:  280:      // string::iterator, _CharT*, etc.
        -:  281:      template<typename _FwdIterator>
        -:  282:        void
        -:  283:        _M_construct(_FwdIterator __beg, _FwdIterator __end,
        -:  284:		     std::forward_iterator_tag);
        -:  285:
        -:  286:      void
        -:  287:      _M_construct(size_type __req, _CharT __c);
        -:  288:
        -:  289:      allocator_type&
        -:  290:      _M_get_allocator()
        -:  291:      { return _M_dataplus; }
        -:  292:
        -:  293:      const allocator_type&
        -:  294:      _M_get_allocator() const
        -:  295:      { return _M_dataplus; }
        -:  296:
        -:  297:    private:
        -:  298:
        -:  299:#ifdef _GLIBCXX_DISAMBIGUATE_REPLACE_INST
        -:  300:      // The explicit instantiations in misc-inst.cc require this due to
        -:  301:      // https://gcc.gnu.org/bugzilla/show_bug.cgi?id=64063
        -:  302:      template<typename _Tp, bool _Requires =
        -:  303:	       !__are_same<_Tp, _CharT*>::__value
        -:  304:	       && !__are_same<_Tp, const _CharT*>::__value
        -:  305:	       && !__are_same<_Tp, iterator>::__value
        -:  306:	       && !__are_same<_Tp, const_iterator>::__value>
        -:  307:	struct __enable_if_not_native_iterator
        -:  308:	{ typedef basic_string& __type; };
        -:  309:      template<typename _Tp>
        -:  310:	struct __enable_if_not_native_iterator<_Tp, false> { };
        -:  311:#endif
        -:  312:
        -:  313:      size_type
        -:  314:      _M_check(size_type __pos, const char* __s) const
        -:  315:      {
        -:  316:	if (__pos > this->size())
        -:  317:	  __throw_out_of_range_fmt(__N("%s: __pos (which is %zu) > "
        -:  318:				       "this->size() (which is %zu)"),
        -:  319:				   __s, __pos, this->size());
        -:  320:	return __pos;
        -:  321:      }
        -:  322:
        -:  323:      void
        -:  324:      _M_check_length(size_type __n1, size_type __n2, const char* __s) const
        -:  325:      {
        -:  326:	if (this->max_size() - (this->size() - __n1) < __n2)
        -:  327:	  __throw_length_error(__N(__s));
        -:  328:      }
        -:  329:
        -:  330:
        -:  331:      // NB: _M_limit doesn't check for a bad __pos value.
        -:  332:      size_type
        -:  333:      _M_limit(size_type __pos, size_type __off) const _GLIBCXX_NOEXCEPT
        -:  334:      {
        -:  335:	const bool __testoff =  __off < this->size() - __pos;
        -:  336:	return __testoff ? __off : this->size() - __pos;
        -:  337:      }
        -:  338:
        -:  339:      // True if _Rep and source do not overlap.
        -:  340:      bool
        -:  341:      _M_disjunct(const _CharT* __s) const _GLIBCXX_NOEXCEPT
        -:  342:      {
        -:  343:	return (less<const _CharT*>()(__s, _M_data())
        -:  344:		|| less<const _CharT*>()(_M_data() + this->size(), __s));
        -:  345:      }
        -:  346:
        -:  347:      // When __n = 1 way faster than the general multichar
        -:  348:      // traits_type::copy/move/assign.
        -:  349:      static void
        -:  350:      _S_copy(_CharT* __d, const _CharT* __s, size_type __n)
        -:  351:      {
        -:  352:	if (__n == 1)
        -:  353:	  traits_type::assign(*__d, *__s);
        -:  354:	else
        -:  355:	  traits_type::copy(__d, __s, __n);
        -:  356:      }
        -:  357:
        -:  358:      static void
        -:  359:      _S_move(_CharT* __d, const _CharT* __s, size_type __n)
        -:  360:      {
        -:  361:	if (__n == 1)
        -:  362:	  traits_type::assign(*__d, *__s);
        -:  363:	else
        -:  364:	  traits_type::move(__d, __s, __n);
        -:  365:      }
        -:  366:
        -:  367:      static void
        -:  368:      _S_assign(_CharT* __d, size_type __n, _CharT __c)
        -:  369:      {
        -:  370:	if (__n == 1)
        -:  371:	  traits_type::assign(*__d, __c);
        -:  372:	else
        -:  373:	  traits_type::assign(__d, __n, __c);
        -:  374:      }
        -:  375:
        -:  376:      // _S_copy_chars is a separate template to permit specialization
        -:  377:      // to optimize for the common case of pointers as iterators.
        -:  378:      template<class _Iterator>
        -:  379:        static void
        -:  380:        _S_copy_chars(_CharT* __p, _Iterator __k1, _Iterator __k2)
        -:  381:        {
        -:  382:	  for (; __k1 != __k2; ++__k1, (void)++__p)
        -:  383:	    traits_type::assign(*__p, *__k1); // These types are off.
        -:  384:	}
        -:  385:
        -:  386:      static void
        -:  387:      _S_copy_chars(_CharT* __p, iterator __k1, iterator __k2) _GLIBCXX_NOEXCEPT
        -:  388:      { _S_copy_chars(__p, __k1.base(), __k2.base()); }
        -:  389:
        -:  390:      static void
        -:  391:      _S_copy_chars(_CharT* __p, const_iterator __k1, const_iterator __k2)
        -:  392:      _GLIBCXX_NOEXCEPT
        -:  393:      { _S_copy_chars(__p, __k1.base(), __k2.base()); }
        -:  394:
        -:  395:      static void
        -:  396:      _S_copy_chars(_CharT* __p, _CharT* __k1, _CharT* __k2) _GLIBCXX_NOEXCEPT
        -:  397:      { _S_copy(__p, __k1, __k2 - __k1); }
        -:  398:
        -:  399:      static void
        -:  400:      _S_copy_chars(_CharT* __p, const _CharT* __k1, const _CharT* __k2)
        -:  401:      _GLIBCXX_NOEXCEPT
        -:  402:      { _S_copy(__p, __k1, __k2 - __k1); }
        -:  403:
        -:  404:      static int
        -:  405:      _S_compare(size_type __n1, size_type __n2) _GLIBCXX_NOEXCEPT
        -:  406:      {
        -:  407:	const difference_type __d = difference_type(__n1 - __n2);
        -:  408:
        -:  409:	if (__d > __gnu_cxx::__numeric_traits<int>::__max)
        -:  410:	  return __gnu_cxx::__numeric_traits<int>::__max;
        -:  411:	else if (__d < __gnu_cxx::__numeric_traits<int>::__min)
        -:  412:	  return __gnu_cxx::__numeric_traits<int>::__min;
        -:  413:	else
        -:  414:	  return int(__d);
        -:  415:      }
        -:  416:
        -:  417:      void
        -:  418:      _M_assign(const basic_string&);
        -:  419:
        -:  420:      void
        -:  421:      _M_mutate(size_type __pos, size_type __len1, const _CharT* __s,
        -:  422:		size_type __len2);
        -:  423:
        -:  424:      void
        -:  425:      _M_erase(size_type __pos, size_type __n);
        -:  426:
        -:  427:    public:
        -:  428:      // Construct/copy/destroy:
        -:  429:      // NB: We overload ctors in some cases instead of using default
        -:  430:      // arguments, per 17.4.4.4 para. 2 item 2.
        -:  431:
        -:  432:      /**
        -:  433:       *  @brief  Default constructor creates an empty string.
        -:  434:       */
        -:  435:      basic_string()
        -:  436:      _GLIBCXX_NOEXCEPT_IF(is_nothrow_default_constructible<_Alloc>::value)
        -:  437:      : _M_dataplus(_M_local_data())
        -:  438:      { _M_set_length(0); }
        -:  439:
        -:  440:      /**
        -:  441:       *  @brief  Construct an empty string using allocator @a a.
        -:  442:       */
        -:  443:      explicit
        -:  444:      basic_string(const _Alloc& __a) _GLIBCXX_NOEXCEPT
        -:  445:      : _M_dataplus(_M_local_data(), __a)
        -:  446:      { _M_set_length(0); }
        -:  447:
        -:  448:      /**
        -:  449:       *  @brief  Construct string with copy of value of @a __str.
        -:  450:       *  @param  __str  Source string.
        -:  451:       */
        -:  452:      basic_string(const basic_string& __str)
        -:  453:      : _M_dataplus(_M_local_data(),
        -:  454:		    _Alloc_traits::_S_select_on_copy(__str._M_get_allocator()))
        -:  455:      { _M_construct(__str._M_data(), __str._M_data() + __str.length()); }
        -:  456:
        -:  457:      // _GLIBCXX_RESOLVE_LIB_DEFECTS
        -:  458:      // 2583. no way to supply an allocator for basic_string(str, pos)
        -:  459:      /**
        -:  460:       *  @brief  Construct string as copy of a substring.
        -:  461:       *  @param  __str  Source string.
        -:  462:       *  @param  __pos  Index of first character to copy from.
        -:  463:       *  @param  __a  Allocator to use.
        -:  464:       */
        -:  465:      basic_string(const basic_string& __str, size_type __pos,
        -:  466:		   const _Alloc& __a = _Alloc())
        -:  467:      : _M_dataplus(_M_local_data(), __a)
        -:  468:      {
        -:  469:	const _CharT* __start = __str._M_data()
        -:  470:	  + __str._M_check(__pos, "basic_string::basic_string");
        -:  471:	_M_construct(__start, __start + __str._M_limit(__pos, npos));
        -:  472:      }
        -:  473:
        -:  474:      /**
        -:  475:       *  @brief  Construct string as copy of a substring.
        -:  476:       *  @param  __str  Source string.
        -:  477:       *  @param  __pos  Index of first character to copy from.
        -:  478:       *  @param  __n  Number of characters to copy.
        -:  479:       */
        -:  480:      basic_string(const basic_string& __str, size_type __pos,
        -:  481:		   size_type __n)
        -:  482:      : _M_dataplus(_M_local_data())
        -:  483:      {
        -:  484:	const _CharT* __start = __str._M_data()
        -:  485:	  + __str._M_check(__pos, "basic_string::basic_string");
        -:  486:	_M_construct(__start, __start + __str._M_limit(__pos, __n));
        -:  487:      }
        -:  488:
        -:  489:      /**
        -:  490:       *  @brief  Construct string as copy of a substring.
        -:  491:       *  @param  __str  Source string.
        -:  492:       *  @param  __pos  Index of first character to copy from.
        -:  493:       *  @param  __n  Number of characters to copy.
        -:  494:       *  @param  __a  Allocator to use.
        -:  495:       */
        -:  496:      basic_string(const basic_string& __str, size_type __pos,
        -:  497:		   size_type __n, const _Alloc& __a)
        -:  498:      : _M_dataplus(_M_local_data(), __a)
        -:  499:      {
        -:  500:	const _CharT* __start
        -:  501:	  = __str._M_data() + __str._M_check(__pos, "string::string");
        -:  502:	_M_construct(__start, __start + __str._M_limit(__pos, __n));
        -:  503:      }
        -:  504:
        -:  505:      /**
        -:  506:       *  @brief  Construct string initialized by a character %array.
        -:  507:       *  @param  __s  Source character %array.
        -:  508:       *  @param  __n  Number of characters to copy.
        -:  509:       *  @param  __a  Allocator to use (default is default allocator).
        -:  510:       *
        -:  511:       *  NB: @a __s must have at least @a __n characters, &apos;\\0&apos;
        -:  512:       *  has no special meaning.
        -:  513:       */
        -:  514:      basic_string(const _CharT* __s, size_type __n,
        -:  515:		   const _Alloc& __a = _Alloc())
        -:  516:      : _M_dataplus(_M_local_data(), __a)
        -:  517:      { _M_construct(__s, __s + __n); }
        -:  518:
        -:  519:      /**
        -:  520:       *  @brief  Construct string as copy of a C string.
        -:  521:       *  @param  __s  Source C string.
        -:  522:       *  @param  __a  Allocator to use (default is default allocator).
        -:  523:       */
        -:  524:#if __cpp_deduction_guides && ! defined _GLIBCXX_DEFINING_STRING_INSTANTIATIONS
        -:  525:      // _GLIBCXX_RESOLVE_LIB_DEFECTS
        -:  526:      // 3076. basic_string CTAD ambiguity
        -:  527:      template<typename = _RequireAllocator<_Alloc>>
        -:  528:#endif
        -:  529:      basic_string(const _CharT* __s, const _Alloc& __a = _Alloc())
        -:  530:      : _M_dataplus(_M_local_data(), __a)
        -:  531:      { _M_construct(__s, __s ? __s + traits_type::length(__s) : __s+npos); }
        -:  532:
        -:  533:      /**
        -:  534:       *  @brief  Construct string as multiple characters.
        -:  535:       *  @param  __n  Number of characters.
        -:  536:       *  @param  __c  Character to use.
        -:  537:       *  @param  __a  Allocator to use (default is default allocator).
        -:  538:       */
        -:  539:#if __cpp_deduction_guides && ! defined _GLIBCXX_DEFINING_STRING_INSTANTIATIONS
        -:  540:      // _GLIBCXX_RESOLVE_LIB_DEFECTS
        -:  541:      // 3076. basic_string CTAD ambiguity
        -:  542:      template<typename = _RequireAllocator<_Alloc>>
        -:  543:#endif
        -:  544:      basic_string(size_type __n, _CharT __c, const _Alloc& __a = _Alloc())
        -:  545:      : _M_dataplus(_M_local_data(), __a)
        -:  546:      { _M_construct(__n, __c); }
        -:  547:
        -:  548:#if __cplusplus >= 201103L
        -:  549:      /**
        -:  550:       *  @brief  Move construct string.
        -:  551:       *  @param  __str  Source string.
        -:  552:       *
        -:  553:       *  The newly-created string contains the exact contents of @a __str.
        -:  554:       *  @a __str is a valid, but unspecified string.
        -:  555:       **/
        -:  556:      basic_string(basic_string&& __str) noexcept
        -:  557:      : _M_dataplus(_M_local_data(), std::move(__str._M_get_allocator()))
        -:  558:      {
        -:  559:	if (__str._M_is_local())
        -:  560:	  {
        -:  561:	    traits_type::copy(_M_local_buf, __str._M_local_buf,
        -:  562:			      _S_local_capacity + 1);
        -:  563:	  }
        -:  564:	else
        -:  565:	  {
        -:  566:	    _M_data(__str._M_data());
        -:  567:	    _M_capacity(__str._M_allocated_capacity);
        -:  568:	  }
        -:  569:
        -:  570:	// Must use _M_length() here not _M_set_length() because
        -:  571:	// basic_stringbuf relies on writing into unallocated capacity so
        -:  572:	// we mess up the contents if we put a '\0' in the string.
        -:  573:	_M_length(__str.length());
        -:  574:	__str._M_data(__str._M_local_data());
        -:  575:	__str._M_set_length(0);
        -:  576:      }
        -:  577:
        -:  578:      /**
        -:  579:       *  @brief  Construct string from an initializer %list.
        -:  580:       *  @param  __l  std::initializer_list of characters.
        -:  581:       *  @param  __a  Allocator to use (default is default allocator).
        -:  582:       */
        -:  583:      basic_string(initializer_list<_CharT> __l, const _Alloc& __a = _Alloc())
        -:  584:      : _M_dataplus(_M_local_data(), __a)
        -:  585:      { _M_construct(__l.begin(), __l.end()); }
        -:  586:
        -:  587:      basic_string(const basic_string& __str, const _Alloc& __a)
        -:  588:      : _M_dataplus(_M_local_data(), __a)
        -:  589:      { _M_construct(__str.begin(), __str.end()); }
        -:  590:
        -:  591:      basic_string(basic_string&& __str, const _Alloc& __a)
        -:  592:      noexcept(_Alloc_traits::_S_always_equal())
        -:  593:      : _M_dataplus(_M_local_data(), __a)
        -:  594:      {
        -:  595:	if (__str._M_is_local())
        -:  596:	  {
        -:  597:	    traits_type::copy(_M_local_buf, __str._M_local_buf,
        -:  598:			      _S_local_capacity + 1);
        -:  599:	    _M_length(__str.length());
        -:  600:	    __str._M_set_length(0);
        -:  601:	  }
        -:  602:	else if (_Alloc_traits::_S_always_equal()
        -:  603:	    || __str.get_allocator() == __a)
        -:  604:	  {
        -:  605:	    _M_data(__str._M_data());
        -:  606:	    _M_length(__str.length());
        -:  607:	    _M_capacity(__str._M_allocated_capacity);
        -:  608:	    __str._M_data(__str._M_local_buf);
        -:  609:	    __str._M_set_length(0);
        -:  610:	  }
        -:  611:	else
        -:  612:	  _M_construct(__str.begin(), __str.end());
        -:  613:      }
        -:  614:
        -:  615:#endif // C++11
        -:  616:
        -:  617:      /**
        -:  618:       *  @brief  Construct string as copy of a range.
        -:  619:       *  @param  __beg  Start of range.
        -:  620:       *  @param  __end  End of range.
        -:  621:       *  @param  __a  Allocator to use (default is default allocator).
        -:  622:       */
        -:  623:#if __cplusplus >= 201103L
        -:  624:      template<typename _InputIterator,
        -:  625:	       typename = std::_RequireInputIter<_InputIterator>>
        -:  626:#else
        -:  627:      template<typename _InputIterator>
        -:  628:#endif
    #####:  629:        basic_string(_InputIterator __beg, _InputIterator __end,
        -:  630:		     const _Alloc& __a = _Alloc())
    #####:  631:	: _M_dataplus(_M_local_data(), __a)
    #####:  632:	{ _M_construct(__beg, __end); }
------------------
_ZNSt7__cxx1112basic_stringIcSt11char_traitsIcESaIcEEC2IN9__gnu_cxx17__normal_iteratorIPcS4_EEvEET_SA_RKS3_:
    #####:  629:        basic_string(_InputIterator __beg, _InputIterator __end,
        -:  630:		     const _Alloc& __a = _Alloc())
    #####:  631:	: _M_dataplus(_M_local_data(), __a)
    #####:  632:	{ _M_construct(__beg, __end); }
------------------
_ZNSt7__cxx1112basic_stringIcSt11char_traitsIcESaIcEEC2IPcvEET_S7_RKS3_:
    #####:  629:        basic_string(_InputIterator __beg, _InputIterator __end,
        -:  630:		     const _Alloc& __a = _Alloc())
    #####:  631:	: _M_dataplus(_M_local_data(), __a)
    #####:  632:	{ _M_construct(__beg, __end); }
------------------
        -:  633:
        -:  634:#if __cplusplus >= 201703L
        -:  635:      /**
        -:  636:       *  @brief  Construct string from a substring of a string_view.
        -:  637:       *  @param  __t   Source object convertible to string view.
        -:  638:       *  @param  __pos The index of the first character to copy from __t.
        -:  639:       *  @param  __n   The number of characters to copy from __t.
        -:  640:       *  @param  __a   Allocator to use.
        -:  641:       */
        -:  642:      template<typename _Tp, typename = _If_sv<_Tp, void>>
        -:  643:	basic_string(const _Tp& __t, size_type __pos, size_type __n,
        -:  644:		     const _Alloc& __a = _Alloc())
        -:  645:	: basic_string(_S_to_string_view(__t).substr(__pos, __n), __a) { }
        -:  646:
        -:  647:      /**
        -:  648:       *  @brief  Construct string from a string_view.
        -:  649:       *  @param  __t  Source object convertible to string view.
        -:  650:       *  @param  __a  Allocator to use (default is default allocator).
        -:  651:       */
        -:  652:      template<typename _Tp, typename = _If_sv<_Tp, void>>
        -:  653:	explicit
        -:  654:	basic_string(const _Tp& __t, const _Alloc& __a = _Alloc())
        -:  655:	: basic_string(__sv_wrapper(_S_to_string_view(__t)), __a) { }
        -:  656:#endif // C++17
        -:  657:
        -:  658:      /**
        -:  659:       *  @brief  Destroy the string instance.
        -:  660:       */
        -:  661:      ~basic_string()
        -:  662:      { _M_dispose(); }
        -:  663:
        -:  664:      /**
        -:  665:       *  @brief  Assign the value of @a str to this string.
        -:  666:       *  @param  __str  Source string.
        -:  667:       */
        -:  668:      basic_string&
        -:  669:      operator=(const basic_string& __str)
        -:  670:      {
        -:  671:#if __cplusplus >= 201103L
        -:  672:	if (_Alloc_traits::_S_propagate_on_copy_assign())
        -:  673:	  {
        -:  674:	    if (!_Alloc_traits::_S_always_equal() && !_M_is_local()
        -:  675:		&& _M_get_allocator() != __str._M_get_allocator())
        -:  676:	      {
        -:  677:		// Propagating allocator cannot free existing storage so must
        -:  678:		// deallocate it before replacing current allocator.
        -:  679:		if (__str.size() <= _S_local_capacity)
        -:  680:		  {
        -:  681:		    _M_destroy(_M_allocated_capacity);
        -:  682:		    _M_data(_M_local_data());
        -:  683:		    _M_set_length(0);
        -:  684:		  }
        -:  685:		else
        -:  686:		  {
        -:  687:		    const auto __len = __str.size();
        -:  688:		    auto __alloc = __str._M_get_allocator();
        -:  689:		    // If this allocation throws there are no effects:
        -:  690:		    auto __ptr = _Alloc_traits::allocate(__alloc, __len + 1);
        -:  691:		    _M_destroy(_M_allocated_capacity);
        -:  692:		    _M_data(__ptr);
        -:  693:		    _M_capacity(__len);
        -:  694:		    _M_set_length(__len);
        -:  695:		  }
        -:  696:	      }
        -:  697:	    std::__alloc_on_copy(_M_get_allocator(), __str._M_get_allocator());
        -:  698:	  }
        -:  699:#endif
        -:  700:	return this->assign(__str);
        -:  701:      }
        -:  702:
        -:  703:      /**
        -:  704:       *  @brief  Copy contents of @a s into this string.
        -:  705:       *  @param  __s  Source null-terminated string.
        -:  706:       */
        -:  707:      basic_string&
        -:  708:      operator=(const _CharT* __s)
        -:  709:      { return this->assign(__s); }
        -:  710:
        -:  711:      /**
        -:  712:       *  @brief  Set value to string of length 1.
        -:  713:       *  @param  __c  Source character.
        -:  714:       *
        -:  715:       *  Assigning to a character makes this string length 1 and
        -:  716:       *  (*this)[0] == @a c.
        -:  717:       */
        -:  718:      basic_string&
        -:  719:      operator=(_CharT __c)
        -:  720:      {
        -:  721:	this->assign(1, __c);
        -:  722:	return *this;
        -:  723:      }
        -:  724:
        -:  725:#if __cplusplus >= 201103L
        -:  726:      /**
        -:  727:       *  @brief  Move assign the value of @a str to this string.
        -:  728:       *  @param  __str  Source string.
        -:  729:       *
        -:  730:       *  The contents of @a str are moved into this string (without copying).
        -:  731:       *  @a str is a valid, but unspecified string.
        -:  732:       **/
        -:  733:      // _GLIBCXX_RESOLVE_LIB_DEFECTS
        -:  734:      // 2063. Contradictory requirements for string move assignment
        -:  735:      basic_string&
        -:  736:      operator=(basic_string&& __str)
        -:  737:      noexcept(_Alloc_traits::_S_nothrow_move())
        -:  738:      {
        -:  739:	if (!_M_is_local() && _Alloc_traits::_S_propagate_on_move_assign()
        -:  740:	    && !_Alloc_traits::_S_always_equal()
        -:  741:	    && _M_get_allocator() != __str._M_get_allocator())
        -:  742:	  {
        -:  743:	    // Destroy existing storage before replacing allocator.
        -:  744:	    _M_destroy(_M_allocated_capacity);
        -:  745:	    _M_data(_M_local_data());
        -:  746:	    _M_set_length(0);
        -:  747:	  }
        -:  748:	// Replace allocator if POCMA is true.
        -:  749:	std::__alloc_on_move(_M_get_allocator(), __str._M_get_allocator());
        -:  750:
        -:  751:	if (__str._M_is_local())
        -:  752:	  {
        -:  753:	    // We've always got room for a short string, just copy it.
        -:  754:	    if (__str.size())
        -:  755:	      this->_S_copy(_M_data(), __str._M_data(), __str.size());
        -:  756:	    _M_set_length(__str.size());
        -:  757:	  }
        -:  758:	else if (_Alloc_traits::_S_propagate_on_move_assign()
        -:  759:	    || _Alloc_traits::_S_always_equal()
        -:  760:	    || _M_get_allocator() == __str._M_get_allocator())
        -:  761:	  {
        -:  762:	    // Just move the allocated pointer, our allocator can free it.
        -:  763:	    pointer __data = nullptr;
        -:  764:	    size_type __capacity;
        -:  765:	    if (!_M_is_local())
        -:  766:	      {
        -:  767:		if (_Alloc_traits::_S_always_equal())
        -:  768:		  {
        -:  769:		    // __str can reuse our existing storage.
        -:  770:		    __data = _M_data();
        -:  771:		    __capacity = _M_allocated_capacity;
        -:  772:		  }
        -:  773:		else // __str can't use it, so free it.
        -:  774:		  _M_destroy(_M_allocated_capacity);
        -:  775:	      }
        -:  776:
        -:  777:	    _M_data(__str._M_data());
        -:  778:	    _M_length(__str.length());
        -:  779:	    _M_capacity(__str._M_allocated_capacity);
        -:  780:	    if (__data)
        -:  781:	      {
        -:  782:		__str._M_data(__data);
        -:  783:		__str._M_capacity(__capacity);
        -:  784:	      }
        -:  785:	    else
        -:  786:	      __str._M_data(__str._M_local_buf);
        -:  787:	  }
        -:  788:	else // Need to do a deep copy
        -:  789:	  assign(__str);
        -:  790:	__str.clear();
        -:  791:	return *this;
        -:  792:      }
        -:  793:
        -:  794:      /**
        -:  795:       *  @brief  Set value to string constructed from initializer %list.
        -:  796:       *  @param  __l  std::initializer_list.
        -:  797:       */
        -:  798:      basic_string&
        -:  799:      operator=(initializer_list<_CharT> __l)
        -:  800:      {
        -:  801:	this->assign(__l.begin(), __l.size());
        -:  802:	return *this;
        -:  803:      }
        -:  804:#endif // C++11
        -:  805:
        -:  806:#if __cplusplus >= 201703L
        -:  807:      /**
        -:  808:       *  @brief  Set value to string constructed from a string_view.
        -:  809:       *  @param  __svt  An object convertible to string_view.
        -:  810:       */
        -:  811:     template<typename _Tp>
        -:  812:       _If_sv<_Tp, basic_string&>
        -:  813:       operator=(const _Tp& __svt)
        -:  814:       { return this->assign(__svt); }
        -:  815:
        -:  816:      /**
        -:  817:       *  @brief  Convert to a string_view.
        -:  818:       *  @return A string_view.
        -:  819:       */
        -:  820:      operator __sv_type() const noexcept
        -:  821:      { return __sv_type(data(), size()); }
        -:  822:#endif // C++17
        -:  823:
        -:  824:      // Iterators:
        -:  825:      /**
        -:  826:       *  Returns a read/write iterator that points to the first character in
        -:  827:       *  the %string.
        -:  828:       */
        -:  829:      iterator
        -:  830:      begin() _GLIBCXX_NOEXCEPT
        -:  831:      { return iterator(_M_data()); }
        -:  832:
        -:  833:      /**
        -:  834:       *  Returns a read-only (constant) iterator that points to the first
        -:  835:       *  character in the %string.
        -:  836:       */
        -:  837:      const_iterator
        -:  838:      begin() const _GLIBCXX_NOEXCEPT
        -:  839:      { return const_iterator(_M_data()); }
        -:  840:
        -:  841:      /**
        -:  842:       *  Returns a read/write iterator that points one past the last
        -:  843:       *  character in the %string.
        -:  844:       */
        -:  845:      iterator
        -:  846:      end() _GLIBCXX_NOEXCEPT
        -:  847:      { return iterator(_M_data() + this->size()); }
        -:  848:
        -:  849:      /**
        -:  850:       *  Returns a read-only (constant) iterator that points one past the
        -:  851:       *  last character in the %string.
        -:  852:       */
        -:  853:      const_iterator
        -:  854:      end() const _GLIBCXX_NOEXCEPT
        -:  855:      { return const_iterator(_M_data() + this->size()); }
        -:  856:
        -:  857:      /**
        -:  858:       *  Returns a read/write reverse iterator that points to the last
        -:  859:       *  character in the %string.  Iteration is done in reverse element
        -:  860:       *  order.
        -:  861:       */
        -:  862:      reverse_iterator
        -:  863:      rbegin() _GLIBCXX_NOEXCEPT
        -:  864:      { return reverse_iterator(this->end()); }
        -:  865:
        -:  866:      /**
        -:  867:       *  Returns a read-only (constant) reverse iterator that points
        -:  868:       *  to the last character in the %string.  Iteration is done in
        -:  869:       *  reverse element order.
        -:  870:       */
        -:  871:      const_reverse_iterator
        -:  872:      rbegin() const _GLIBCXX_NOEXCEPT
        -:  873:      { return const_reverse_iterator(this->end()); }
        -:  874:
        -:  875:      /**
        -:  876:       *  Returns a read/write reverse iterator that points to one before the
        -:  877:       *  first character in the %string.  Iteration is done in reverse
        -:  878:       *  element order.
        -:  879:       */
        -:  880:      reverse_iterator
        -:  881:      rend() _GLIBCXX_NOEXCEPT
        -:  882:      { return reverse_iterator(this->begin()); }
        -:  883:
        -:  884:      /**
        -:  885:       *  Returns a read-only (constant) reverse iterator that points
        -:  886:       *  to one before the first character in the %string.  Iteration
        -:  887:       *  is done in reverse element order.
        -:  888:       */
        -:  889:      const_reverse_iterator
        -:  890:      rend() const _GLIBCXX_NOEXCEPT
        -:  891:      { return const_reverse_iterator(this->begin()); }
        -:  892:
        -:  893:#if __cplusplus >= 201103L
        -:  894:      /**
        -:  895:       *  Returns a read-only (constant) iterator that points to the first
        -:  896:       *  character in the %string.
        -:  897:       */
        -:  898:      const_iterator
        -:  899:      cbegin() const noexcept
        -:  900:      { return const_iterator(this->_M_data()); }
        -:  901:
        -:  902:      /**
        -:  903:       *  Returns a read-only (constant) iterator that points one past the
        -:  904:       *  last character in the %string.
        -:  905:       */
        -:  906:      const_iterator
        -:  907:      cend() const noexcept
        -:  908:      { return const_iterator(this->_M_data() + this->size()); }
        -:  909:
        -:  910:      /**
        -:  911:       *  Returns a read-only (constant) reverse iterator that points
        -:  912:       *  to the last character in the %string.  Iteration is done in
        -:  913:       *  reverse element order.
        -:  914:       */
        -:  915:      const_reverse_iterator
        -:  916:      crbegin() const noexcept
        -:  917:      { return const_reverse_iterator(this->end()); }
        -:  918:
        -:  919:      /**
        -:  920:       *  Returns a read-only (constant) reverse iterator that points
        -:  921:       *  to one before the first character in the %string.  Iteration
        -:  922:       *  is done in reverse element order.
        -:  923:       */
        -:  924:      const_reverse_iterator
        -:  925:      crend() const noexcept
        -:  926:      { return const_reverse_iterator(this->begin()); }
        -:  927:#endif
        -:  928:
        -:  929:    public:
        -:  930:      // Capacity:
        -:  931:      ///  Returns the number of characters in the string, not including any
        -:  932:      ///  null-termination.
        -:  933:      size_type
        -:  934:      size() const _GLIBCXX_NOEXCEPT
        -:  935:      { return _M_string_length; }
        -:  936:
        -:  937:      ///  Returns the number of characters in the string, not including any
        -:  938:      ///  null-termination.
        -:  939:      size_type
        -:  940:      length() const _GLIBCXX_NOEXCEPT
        -:  941:      { return _M_string_length; }
        -:  942:
        -:  943:      ///  Returns the size() of the largest possible %string.
        -:  944:      size_type
        -:  945:      max_size() const _GLIBCXX_NOEXCEPT
        -:  946:      { return (_Alloc_traits::max_size(_M_get_allocator()) - 1) / 2; }
        -:  947:
        -:  948:      /**
        -:  949:       *  @brief  Resizes the %string to the specified number of characters.
        -:  950:       *  @param  __n  Number of characters the %string should contain.
        -:  951:       *  @param  __c  Character to fill any new elements.
        -:  952:       *
        -:  953:       *  This function will %resize the %string to the specified
        -:  954:       *  number of characters.  If the number is smaller than the
        -:  955:       *  %string's current size the %string is truncated, otherwise
        -:  956:       *  the %string is extended and new elements are %set to @a __c.
        -:  957:       */
        -:  958:      void
        -:  959:      resize(size_type __n, _CharT __c);
        -:  960:
        -:  961:      /**
        -:  962:       *  @brief  Resizes the %string to the specified number of characters.
        -:  963:       *  @param  __n  Number of characters the %string should contain.
        -:  964:       *
        -:  965:       *  This function will resize the %string to the specified length.  If
        -:  966:       *  the new size is smaller than the %string's current size the %string
        -:  967:       *  is truncated, otherwise the %string is extended and new characters
        -:  968:       *  are default-constructed.  For basic types such as char, this means
        -:  969:       *  setting them to 0.
        -:  970:       */
        -:  971:      void
        -:  972:      resize(size_type __n)
        -:  973:      { this->resize(__n, _CharT()); }
        -:  974:
        -:  975:#if __cplusplus >= 201103L
        -:  976:      ///  A non-binding request to reduce capacity() to size().
        -:  977:      void
        -:  978:      shrink_to_fit() noexcept
        -:  979:      {
        -:  980:#if __cpp_exceptions
        -:  981:	if (capacity() > size())
        -:  982:	  {
        -:  983:	    try
        -:  984:	      { reserve(0); }
        -:  985:	    catch(...)
        -:  986:	      { }
        -:  987:	  }
        -:  988:#endif
        -:  989:      }
        -:  990:#endif
        -:  991:
        -:  992:      /**
        -:  993:       *  Returns the total number of characters that the %string can hold
        -:  994:       *  before needing to allocate more memory.
        -:  995:       */
        -:  996:      size_type
        -:  997:      capacity() const _GLIBCXX_NOEXCEPT
        -:  998:      {
        -:  999:	return _M_is_local() ? size_type(_S_local_capacity)
        -: 1000:	                     : _M_allocated_capacity;
        -: 1001:      }
        -: 1002:
        -: 1003:      /**
        -: 1004:       *  @brief  Attempt to preallocate enough memory for specified number of
        -: 1005:       *          characters.
        -: 1006:       *  @param  __res_arg  Number of characters required.
        -: 1007:       *  @throw  std::length_error  If @a __res_arg exceeds @c max_size().
        -: 1008:       *
        -: 1009:       *  This function attempts to reserve enough memory for the
        -: 1010:       *  %string to hold the specified number of characters.  If the
        -: 1011:       *  number requested is more than max_size(), length_error is
        -: 1012:       *  thrown.
        -: 1013:       *
        -: 1014:       *  The advantage of this function is that if optimal code is a
        -: 1015:       *  necessity and the user can determine the string length that will be
        -: 1016:       *  required, the user can reserve the memory in %advance, and thus
        -: 1017:       *  prevent a possible reallocation of memory and copying of %string
        -: 1018:       *  data.
        -: 1019:       */
        -: 1020:      void
        -: 1021:      reserve(size_type __res_arg = 0);
        -: 1022:
        -: 1023:      /**
        -: 1024:       *  Erases the string, making it empty.
        -: 1025:       */
        -: 1026:      void
        -: 1027:      clear() _GLIBCXX_NOEXCEPT
        -: 1028:      { _M_set_length(0); }
        -: 1029:
        -: 1030:      /**
        -: 1031:       *  Returns true if the %string is empty.  Equivalent to 
        -: 1032:       *  <code>*this == ""</code>.
        -: 1033:       */
        -: 1034:      _GLIBCXX_NODISCARD bool
        -: 1035:      empty() const _GLIBCXX_NOEXCEPT
        -: 1036:      { return this->size() == 0; }
        -: 1037:
        -: 1038:      // Element access:
        -: 1039:      /**
        -: 1040:       *  @brief  Subscript access to the data contained in the %string.
        -: 1041:       *  @param  __pos  The index of the character to access.
        -: 1042:       *  @return  Read-only (constant) reference to the character.
        -: 1043:       *
        -: 1044:       *  This operator allows for easy, array-style, data access.
        -: 1045:       *  Note that data access with this operator is unchecked and
        -: 1046:       *  out_of_range lookups are not defined. (For checked lookups
        -: 1047:       *  see at().)
        -: 1048:       */
        -: 1049:      const_reference
        -: 1050:      operator[] (size_type __pos) const _GLIBCXX_NOEXCEPT
        -: 1051:      {
        -: 1052:	__glibcxx_assert(__pos <= size());
        -: 1053:	return _M_data()[__pos];
        -: 1054:      }
        -: 1055:
        -: 1056:      /**
        -: 1057:       *  @brief  Subscript access to the data contained in the %string.
        -: 1058:       *  @param  __pos  The index of the character to access.
        -: 1059:       *  @return  Read/write reference to the character.
        -: 1060:       *
        -: 1061:       *  This operator allows for easy, array-style, data access.
        -: 1062:       *  Note that data access with this operator is unchecked and
        -: 1063:       *  out_of_range lookups are not defined. (For checked lookups
        -: 1064:       *  see at().)
        -: 1065:       */
        -: 1066:      reference
        -: 1067:      operator[](size_type __pos)
        -: 1068:      {
        -: 1069:        // Allow pos == size() both in C++98 mode, as v3 extension,
        -: 1070:	// and in C++11 mode.
        -: 1071:	__glibcxx_assert(__pos <= size());
        -: 1072:        // In pedantic mode be strict in C++98 mode.
        -: 1073:	_GLIBCXX_DEBUG_PEDASSERT(__cplusplus >= 201103L || __pos < size());
        -: 1074:	return _M_data()[__pos];
        -: 1075:      }
        -: 1076:
        -: 1077:      /**
        -: 1078:       *  @brief  Provides access to the data contained in the %string.
        -: 1079:       *  @param __n The index of the character to access.
        -: 1080:       *  @return  Read-only (const) reference to the character.
        -: 1081:       *  @throw  std::out_of_range  If @a n is an invalid index.
        -: 1082:       *
        -: 1083:       *  This function provides for safer data access.  The parameter is
        -: 1084:       *  first checked that it is in the range of the string.  The function
        -: 1085:       *  throws out_of_range if the check fails.
        -: 1086:       */
        -: 1087:      const_reference
        -: 1088:      at(size_type __n) const
        -: 1089:      {
        -: 1090:	if (__n >= this->size())
        -: 1091:	  __throw_out_of_range_fmt(__N("basic_string::at: __n "
        -: 1092:				       "(which is %zu) >= this->size() "
        -: 1093:				       "(which is %zu)"),
        -: 1094:				   __n, this->size());
        -: 1095:	return _M_data()[__n];
        -: 1096:      }
        -: 1097:
        -: 1098:      /**
        -: 1099:       *  @brief  Provides access to the data contained in the %string.
        -: 1100:       *  @param __n The index of the character to access.
        -: 1101:       *  @return  Read/write reference to the character.
        -: 1102:       *  @throw  std::out_of_range  If @a n is an invalid index.
        -: 1103:       *
        -: 1104:       *  This function provides for safer data access.  The parameter is
        -: 1105:       *  first checked that it is in the range of the string.  The function
        -: 1106:       *  throws out_of_range if the check fails.
        -: 1107:       */
        -: 1108:      reference
        -: 1109:      at(size_type __n)
        -: 1110:      {
        -: 1111:	if (__n >= size())
        -: 1112:	  __throw_out_of_range_fmt(__N("basic_string::at: __n "
        -: 1113:				       "(which is %zu) >= this->size() "
        -: 1114:				       "(which is %zu)"),
        -: 1115:				   __n, this->size());
        -: 1116:	return _M_data()[__n];
        -: 1117:      }
        -: 1118:
        -: 1119:#if __cplusplus >= 201103L
        -: 1120:      /**
        -: 1121:       *  Returns a read/write reference to the data at the first
        -: 1122:       *  element of the %string.
        -: 1123:       */
        -: 1124:      reference
        -: 1125:      front() noexcept
        -: 1126:      {
        -: 1127:	__glibcxx_assert(!empty());
        -: 1128:	return operator[](0);
        -: 1129:      }
        -: 1130:
        -: 1131:      /**
        -: 1132:       *  Returns a read-only (constant) reference to the data at the first
        -: 1133:       *  element of the %string.
        -: 1134:       */
        -: 1135:      const_reference
        -: 1136:      front() const noexcept
        -: 1137:      {
        -: 1138:	__glibcxx_assert(!empty());
        -: 1139:	return operator[](0);
        -: 1140:      }
        -: 1141:
        -: 1142:      /**
        -: 1143:       *  Returns a read/write reference to the data at the last
        -: 1144:       *  element of the %string.
        -: 1145:       */
        -: 1146:      reference
        -: 1147:      back() noexcept
        -: 1148:      {
        -: 1149:	__glibcxx_assert(!empty());
        -: 1150:	return operator[](this->size() - 1);
        -: 1151:      }
        -: 1152:
        -: 1153:      /**
        -: 1154:       *  Returns a read-only (constant) reference to the data at the
        -: 1155:       *  last element of the %string.
        -: 1156:       */
        -: 1157:      const_reference
        -: 1158:      back() const noexcept
        -: 1159:      {
        -: 1160:	__glibcxx_assert(!empty());
        -: 1161:	return operator[](this->size() - 1);
        -: 1162:      }
        -: 1163:#endif
        -: 1164:
        -: 1165:      // Modifiers:
        -: 1166:      /**
        -: 1167:       *  @brief  Append a string to this string.
        -: 1168:       *  @param __str  The string to append.
        -: 1169:       *  @return  Reference to this string.
        -: 1170:       */
        -: 1171:      basic_string&
        -: 1172:      operator+=(const basic_string& __str)
        -: 1173:      { return this->append(__str); }
        -: 1174:
        -: 1175:      /**
        -: 1176:       *  @brief  Append a C string.
        -: 1177:       *  @param __s  The C string to append.
        -: 1178:       *  @return  Reference to this string.
        -: 1179:       */
        -: 1180:      basic_string&
        -: 1181:      operator+=(const _CharT* __s)
        -: 1182:      { return this->append(__s); }
        -: 1183:
        -: 1184:      /**
        -: 1185:       *  @brief  Append a character.
        -: 1186:       *  @param __c  The character to append.
        -: 1187:       *  @return  Reference to this string.
        -: 1188:       */
        -: 1189:      basic_string&
        -: 1190:      operator+=(_CharT __c)
        -: 1191:      {
        -: 1192:	this->push_back(__c);
        -: 1193:	return *this;
        -: 1194:      }
        -: 1195:
        -: 1196:#if __cplusplus >= 201103L
        -: 1197:      /**
        -: 1198:       *  @brief  Append an initializer_list of characters.
        -: 1199:       *  @param __l  The initializer_list of characters to be appended.
        -: 1200:       *  @return  Reference to this string.
        -: 1201:       */
        -: 1202:      basic_string&
        -: 1203:      operator+=(initializer_list<_CharT> __l)
        -: 1204:      { return this->append(__l.begin(), __l.size()); }
        -: 1205:#endif // C++11
        -: 1206:
        -: 1207:#if __cplusplus >= 201703L
        -: 1208:      /**
        -: 1209:       *  @brief  Append a string_view.
        -: 1210:       *  @param __svt  An object convertible to string_view to be appended.
        -: 1211:       *  @return  Reference to this string.
        -: 1212:       */
        -: 1213:      template<typename _Tp>
        -: 1214:	_If_sv<_Tp, basic_string&>
        -: 1215:	operator+=(const _Tp& __svt)
        -: 1216:	{ return this->append(__svt); }
        -: 1217:#endif // C++17
        -: 1218:
        -: 1219:      /**
        -: 1220:       *  @brief  Append a string to this string.
        -: 1221:       *  @param __str  The string to append.
        -: 1222:       *  @return  Reference to this string.
        -: 1223:       */
        -: 1224:      basic_string&
        -: 1225:      append(const basic_string& __str)
        -: 1226:      { return _M_append(__str._M_data(), __str.size()); }
        -: 1227:
        -: 1228:      /**
        -: 1229:       *  @brief  Append a substring.
        -: 1230:       *  @param __str  The string to append.
        -: 1231:       *  @param __pos  Index of the first character of str to append.
        -: 1232:       *  @param __n  The number of characters to append.
        -: 1233:       *  @return  Reference to this string.
        -: 1234:       *  @throw  std::out_of_range if @a __pos is not a valid index.
        -: 1235:       *
        -: 1236:       *  This function appends @a __n characters from @a __str
        -: 1237:       *  starting at @a __pos to this string.  If @a __n is is larger
        -: 1238:       *  than the number of available characters in @a __str, the
        -: 1239:       *  remainder of @a __str is appended.
        -: 1240:       */
        -: 1241:      basic_string&
        -: 1242:      append(const basic_string& __str, size_type __pos, size_type __n = npos)
        -: 1243:      { return _M_append(__str._M_data()
        -: 1244:			 + __str._M_check(__pos, "basic_string::append"),
        -: 1245:			 __str._M_limit(__pos, __n)); }
        -: 1246:
        -: 1247:      /**
        -: 1248:       *  @brief  Append a C substring.
        -: 1249:       *  @param __s  The C string to append.
        -: 1250:       *  @param __n  The number of characters to append.
        -: 1251:       *  @return  Reference to this string.
        -: 1252:       */
        -: 1253:      basic_string&
        -: 1254:      append(const _CharT* __s, size_type __n)
        -: 1255:      {
        -: 1256:	__glibcxx_requires_string_len(__s, __n);
        -: 1257:	_M_check_length(size_type(0), __n, "basic_string::append");
        -: 1258:	return _M_append(__s, __n);
        -: 1259:      }
        -: 1260:
        -: 1261:      /**
        -: 1262:       *  @brief  Append a C string.
        -: 1263:       *  @param __s  The C string to append.
        -: 1264:       *  @return  Reference to this string.
        -: 1265:       */
        -: 1266:      basic_string&
        -: 1267:      append(const _CharT* __s)
        -: 1268:      {
        -: 1269:	__glibcxx_requires_string(__s);
        -: 1270:	const size_type __n = traits_type::length(__s);
        -: 1271:	_M_check_length(size_type(0), __n, "basic_string::append");
        -: 1272:	return _M_append(__s, __n);
        -: 1273:      }
        -: 1274:
        -: 1275:      /**
        -: 1276:       *  @brief  Append multiple characters.
        -: 1277:       *  @param __n  The number of characters to append.
        -: 1278:       *  @param __c  The character to use.
        -: 1279:       *  @return  Reference to this string.
        -: 1280:       *
        -: 1281:       *  Appends __n copies of __c to this string.
        -: 1282:       */
        -: 1283:      basic_string&
        -: 1284:      append(size_type __n, _CharT __c)
        -: 1285:      { return _M_replace_aux(this->size(), size_type(0), __n, __c); }
        -: 1286:
        -: 1287:#if __cplusplus >= 201103L
        -: 1288:      /**
        -: 1289:       *  @brief  Append an initializer_list of characters.
        -: 1290:       *  @param __l  The initializer_list of characters to append.
        -: 1291:       *  @return  Reference to this string.
        -: 1292:       */
        -: 1293:      basic_string&
        -: 1294:      append(initializer_list<_CharT> __l)
        -: 1295:      { return this->append(__l.begin(), __l.size()); }
        -: 1296:#endif // C++11
        -: 1297:
        -: 1298:      /**
        -: 1299:       *  @brief  Append a range of characters.
        -: 1300:       *  @param __first  Iterator referencing the first character to append.
        -: 1301:       *  @param __last  Iterator marking the end of the range.
        -: 1302:       *  @return  Reference to this string.
        -: 1303:       *
        -: 1304:       *  Appends characters in the range [__first,__last) to this string.
        -: 1305:       */
        -: 1306:#if __cplusplus >= 201103L
        -: 1307:      template<class _InputIterator,
        -: 1308:	       typename = std::_RequireInputIter<_InputIterator>>
        -: 1309:#else
        -: 1310:      template<class _InputIterator>
        -: 1311:#endif
        -: 1312:        basic_string&
        -: 1313:        append(_InputIterator __first, _InputIterator __last)
        -: 1314:        { return this->replace(end(), end(), __first, __last); }
        -: 1315:
        -: 1316:#if __cplusplus >= 201703L
        -: 1317:      /**
        -: 1318:       *  @brief  Append a string_view.
        -: 1319:       *  @param __svt  An object convertible to string_view to be appended.
        -: 1320:       *  @return  Reference to this string.
        -: 1321:       */
        -: 1322:      template<typename _Tp>
        -: 1323:        _If_sv<_Tp, basic_string&>
        -: 1324:        append(const _Tp& __svt)
        -: 1325:        {
        -: 1326:          __sv_type __sv = __svt;
        -: 1327:          return this->append(__sv.data(), __sv.size());
        -: 1328:        }
        -: 1329:
        -: 1330:      /**
        -: 1331:       *  @brief  Append a range of characters from a string_view.
        -: 1332:       *  @param __svt  An object convertible to string_view to be appended from.
        -: 1333:       *  @param __pos The position in the string_view to append from.
        -: 1334:       *  @param __n   The number of characters to append from the string_view.
        -: 1335:       *  @return  Reference to this string.
        -: 1336:       */
        -: 1337:      template<typename _Tp>
        -: 1338:        _If_sv<_Tp, basic_string&>
        -: 1339:	append(const _Tp& __svt, size_type __pos, size_type __n = npos)
        -: 1340:	{
        -: 1341:	  __sv_type __sv = __svt;
        -: 1342:	  return _M_append(__sv.data()
        -: 1343:	      + std::__sv_check(__sv.size(), __pos, "basic_string::append"),
        -: 1344:	      std::__sv_limit(__sv.size(), __pos, __n));
        -: 1345:	}
        -: 1346:#endif // C++17
        -: 1347:
        -: 1348:      /**
        -: 1349:       *  @brief  Append a single character.
        -: 1350:       *  @param __c  Character to append.
        -: 1351:       */
        -: 1352:      void
        -: 1353:      push_back(_CharT __c)
        -: 1354:      {
        -: 1355:	const size_type __size = this->size();
        -: 1356:	if (__size + 1 > this->capacity())
        -: 1357:	  this->_M_mutate(__size, size_type(0), 0, size_type(1));
        -: 1358:	traits_type::assign(this->_M_data()[__size], __c);
        -: 1359:	this->_M_set_length(__size + 1);
        -: 1360:      }
        -: 1361:
        -: 1362:      /**
        -: 1363:       *  @brief  Set value to contents of another string.
        -: 1364:       *  @param  __str  Source string to use.
        -: 1365:       *  @return  Reference to this string.
        -: 1366:       */
        -: 1367:      basic_string&
        -: 1368:      assign(const basic_string& __str)
        -: 1369:      {
        -: 1370:	this->_M_assign(__str);
        -: 1371:	return *this;
        -: 1372:      }
        -: 1373:
        -: 1374:#if __cplusplus >= 201103L
        -: 1375:      /**
        -: 1376:       *  @brief  Set value to contents of another string.
        -: 1377:       *  @param  __str  Source string to use.
        -: 1378:       *  @return  Reference to this string.
        -: 1379:       *
        -: 1380:       *  This function sets this string to the exact contents of @a __str.
        -: 1381:       *  @a __str is a valid, but unspecified string.
        -: 1382:       */
        -: 1383:      basic_string&
        -: 1384:      assign(basic_string&& __str)
        -: 1385:      noexcept(_Alloc_traits::_S_nothrow_move())
        -: 1386:      {
        -: 1387:	// _GLIBCXX_RESOLVE_LIB_DEFECTS
        -: 1388:	// 2063. Contradictory requirements for string move assignment
        -: 1389:	return *this = std::move(__str);
        -: 1390:      }
        -: 1391:#endif // C++11
        -: 1392:
        -: 1393:      /**
        -: 1394:       *  @brief  Set value to a substring of a string.
        -: 1395:       *  @param __str  The string to use.
        -: 1396:       *  @param __pos  Index of the first character of str.
        -: 1397:       *  @param __n  Number of characters to use.
        -: 1398:       *  @return  Reference to this string.
        -: 1399:       *  @throw  std::out_of_range if @a pos is not a valid index.
        -: 1400:       *
        -: 1401:       *  This function sets this string to the substring of @a __str
        -: 1402:       *  consisting of @a __n characters at @a __pos.  If @a __n is
        -: 1403:       *  is larger than the number of available characters in @a
        -: 1404:       *  __str, the remainder of @a __str is used.
        -: 1405:       */
        -: 1406:      basic_string&
        -: 1407:      assign(const basic_string& __str, size_type __pos, size_type __n = npos)
        -: 1408:      { return _M_replace(size_type(0), this->size(), __str._M_data()
        -: 1409:			  + __str._M_check(__pos, "basic_string::assign"),
        -: 1410:			  __str._M_limit(__pos, __n)); }
        -: 1411:
        -: 1412:      /**
        -: 1413:       *  @brief  Set value to a C substring.
        -: 1414:       *  @param __s  The C string to use.
        -: 1415:       *  @param __n  Number of characters to use.
        -: 1416:       *  @return  Reference to this string.
        -: 1417:       *
        -: 1418:       *  This function sets the value of this string to the first @a __n
        -: 1419:       *  characters of @a __s.  If @a __n is is larger than the number of
        -: 1420:       *  available characters in @a __s, the remainder of @a __s is used.
        -: 1421:       */
        -: 1422:      basic_string&
        -: 1423:      assign(const _CharT* __s, size_type __n)
        -: 1424:      {
        -: 1425:	__glibcxx_requires_string_len(__s, __n);
        -: 1426:	return _M_replace(size_type(0), this->size(), __s, __n);
        -: 1427:      }
        -: 1428:
        -: 1429:      /**
        -: 1430:       *  @brief  Set value to contents of a C string.
        -: 1431:       *  @param __s  The C string to use.
        -: 1432:       *  @return  Reference to this string.
        -: 1433:       *
        -: 1434:       *  This function sets the value of this string to the value of @a __s.
        -: 1435:       *  The data is copied, so there is no dependence on @a __s once the
        -: 1436:       *  function returns.
        -: 1437:       */
        -: 1438:      basic_string&
        -: 1439:      assign(const _CharT* __s)
        -: 1440:      {
        -: 1441:	__glibcxx_requires_string(__s);
        -: 1442:	return _M_replace(size_type(0), this->size(), __s,
        -: 1443:			  traits_type::length(__s));
        -: 1444:      }
        -: 1445:
        -: 1446:      /**
        -: 1447:       *  @brief  Set value to multiple characters.
        -: 1448:       *  @param __n  Length of the resulting string.
        -: 1449:       *  @param __c  The character to use.
        -: 1450:       *  @return  Reference to this string.
        -: 1451:       *
        -: 1452:       *  This function sets the value of this string to @a __n copies of
        -: 1453:       *  character @a __c.
        -: 1454:       */
        -: 1455:      basic_string&
        -: 1456:      assign(size_type __n, _CharT __c)
        -: 1457:      { return _M_replace_aux(size_type(0), this->size(), __n, __c); }
        -: 1458:
        -: 1459:      /**
        -: 1460:       *  @brief  Set value to a range of characters.
        -: 1461:       *  @param __first  Iterator referencing the first character to append.
        -: 1462:       *  @param __last  Iterator marking the end of the range.
        -: 1463:       *  @return  Reference to this string.
        -: 1464:       *
        -: 1465:       *  Sets value of string to characters in the range [__first,__last).
        -: 1466:      */
        -: 1467:#if __cplusplus >= 201103L
        -: 1468:      template<class _InputIterator,
        -: 1469:	       typename = std::_RequireInputIter<_InputIterator>>
        -: 1470:#else
        -: 1471:      template<class _InputIterator>
        -: 1472:#endif
        -: 1473:        basic_string&
        -: 1474:        assign(_InputIterator __first, _InputIterator __last)
        -: 1475:        { return this->replace(begin(), end(), __first, __last); }
        -: 1476:
        -: 1477:#if __cplusplus >= 201103L
        -: 1478:      /**
        -: 1479:       *  @brief  Set value to an initializer_list of characters.
        -: 1480:       *  @param __l  The initializer_list of characters to assign.
        -: 1481:       *  @return  Reference to this string.
        -: 1482:       */
        -: 1483:      basic_string&
        -: 1484:      assign(initializer_list<_CharT> __l)
        -: 1485:      { return this->assign(__l.begin(), __l.size()); }
        -: 1486:#endif // C++11
        -: 1487:
        -: 1488:#if __cplusplus >= 201703L
        -: 1489:      /**
        -: 1490:       *  @brief  Set value from a string_view.
        -: 1491:       *  @param __svt  The source object convertible to string_view.
        -: 1492:       *  @return  Reference to this string.
        -: 1493:       */
        -: 1494:      template<typename _Tp>
        -: 1495:	_If_sv<_Tp, basic_string&>
        -: 1496:	assign(const _Tp& __svt)
        -: 1497:	{
        -: 1498:	  __sv_type __sv = __svt;
        -: 1499:	  return this->assign(__sv.data(), __sv.size());
        -: 1500:	}
        -: 1501:
        -: 1502:      /**
        -: 1503:       *  @brief  Set value from a range of characters in a string_view.
        -: 1504:       *  @param __svt  The source object convertible to string_view.
        -: 1505:       *  @param __pos  The position in the string_view to assign from.
        -: 1506:       *  @param __n  The number of characters to assign.
        -: 1507:       *  @return  Reference to this string.
        -: 1508:       */
        -: 1509:      template<typename _Tp>
        -: 1510:	_If_sv<_Tp, basic_string&>
        -: 1511:	assign(const _Tp& __svt, size_type __pos, size_type __n = npos)
        -: 1512:	{
        -: 1513:	  __sv_type __sv = __svt;
        -: 1514:	  return _M_replace(size_type(0), this->size(),
        -: 1515:	      __sv.data()
        -: 1516:	      + std::__sv_check(__sv.size(), __pos, "basic_string::assign"),
        -: 1517:	      std::__sv_limit(__sv.size(), __pos, __n));
        -: 1518:	}
        -: 1519:#endif // C++17
        -: 1520:
        -: 1521:#if __cplusplus >= 201103L
        -: 1522:      /**
        -: 1523:       *  @brief  Insert multiple characters.
        -: 1524:       *  @param __p  Const_iterator referencing location in string to
        -: 1525:       *              insert at.
        -: 1526:       *  @param __n  Number of characters to insert
        -: 1527:       *  @param __c  The character to insert.
        -: 1528:       *  @return  Iterator referencing the first inserted char.
        -: 1529:       *  @throw  std::length_error  If new length exceeds @c max_size().
        -: 1530:       *
        -: 1531:       *  Inserts @a __n copies of character @a __c starting at the
        -: 1532:       *  position referenced by iterator @a __p.  If adding
        -: 1533:       *  characters causes the length to exceed max_size(),
        -: 1534:       *  length_error is thrown.  The value of the string doesn't
        -: 1535:       *  change if an error is thrown.
        -: 1536:      */
        -: 1537:      iterator
        -: 1538:      insert(const_iterator __p, size_type __n, _CharT __c)
        -: 1539:      {
        -: 1540:	_GLIBCXX_DEBUG_PEDASSERT(__p >= begin() && __p <= end());
        -: 1541:	const size_type __pos = __p - begin();
        -: 1542:	this->replace(__p, __p, __n, __c);
        -: 1543:	return iterator(this->_M_data() + __pos);
        -: 1544:      }
        -: 1545:#else
        -: 1546:      /**
        -: 1547:       *  @brief  Insert multiple characters.
        -: 1548:       *  @param __p  Iterator referencing location in string to insert at.
        -: 1549:       *  @param __n  Number of characters to insert
        -: 1550:       *  @param __c  The character to insert.
        -: 1551:       *  @throw  std::length_error  If new length exceeds @c max_size().
        -: 1552:       *
        -: 1553:       *  Inserts @a __n copies of character @a __c starting at the
        -: 1554:       *  position referenced by iterator @a __p.  If adding
        -: 1555:       *  characters causes the length to exceed max_size(),
        -: 1556:       *  length_error is thrown.  The value of the string doesn't
        -: 1557:       *  change if an error is thrown.
        -: 1558:      */
        -: 1559:      void
        -: 1560:      insert(iterator __p, size_type __n, _CharT __c)
        -: 1561:      {	this->replace(__p, __p, __n, __c);  }
        -: 1562:#endif
        -: 1563:
        -: 1564:#if __cplusplus >= 201103L
        -: 1565:      /**
        -: 1566:       *  @brief  Insert a range of characters.
        -: 1567:       *  @param __p  Const_iterator referencing location in string to
        -: 1568:       *              insert at.
        -: 1569:       *  @param __beg  Start of range.
[...]
        -: 6441:    basic_istream<_CharT, _Traits>&
        -: 6442:    getline(basic_istream<_CharT, _Traits>& __is,
        -: 6443:	    basic_string<_CharT, _Traits, _Alloc>& __str, _CharT __delim);
        -: 6444:
        -: 6445:  /**
        -: 6446:   *  @brief  Read a line from stream into a string.
        -: 6447:   *  @param __is  Input stream.
        -: 6448:   *  @param __str  Buffer to store into.
        -: 6449:   *  @return  Reference to the input stream.
        -: 6450:   *
        -: 6451:   *  Stores characters from is into @a __str until &apos;\n&apos; is
        -: 6452:   *  found, the end of the stream is encountered, or str.max_size()
        -: 6453:   *  is reached.  Any previous contents of @a __str are erased.  If
        -: 6454:   *  end of line is encountered, it is extracted but not stored into
        -: 6455:   *  @a __str.
        -: 6456:   */
        -: 6457:  template<typename _CharT, typename _Traits, typename _Alloc>
        -: 6458:    inline basic_istream<_CharT, _Traits>&
        -: 6459:    getline(basic_istream<_CharT, _Traits>& __is,
        -: 6460:	    basic_string<_CharT, _Traits, _Alloc>& __str)
        -: 6461:    { return std::getline(__is, __str, __is.widen('\n')); }
        -: 6462:
        -: 6463:#if __cplusplus >= 201103L
        -: 6464:  /// Read a line from an rvalue stream into a string.
        -: 6465:  template<typename _CharT, typename _Traits, typename _Alloc>
        -: 6466:    inline basic_istream<_CharT, _Traits>&
        -: 6467:    getline(basic_istream<_CharT, _Traits>&& __is,
        -: 6468:	    basic_string<_CharT, _Traits, _Alloc>& __str, _CharT __delim)
        -: 6469:    { return std::getline(__is, __str, __delim); }
        -: 6470:
        -: 6471:  /// Read a line from an rvalue stream into a string.
        -: 6472:  template<typename _CharT, typename _Traits, typename _Alloc>
        -: 6473:    inline basic_istream<_CharT, _Traits>&
        -: 6474:    getline(basic_istream<_CharT, _Traits>&& __is,
        -: 6475:	    basic_string<_CharT, _Traits, _Alloc>& __str)
        -: 6476:    { return std::getline(__is, __str); }
        -: 6477:#endif
        -: 6478:
        -: 6479:  template<>
        -: 6480:    basic_istream<char>&
        -: 6481:    getline(basic_istream<char>& __in, basic_string<char>& __str,
        -: 6482:	    char __delim);
        -: 6483:
        -: 6484:#ifdef _GLIBCXX_USE_WCHAR_T
        -: 6485:  template<>
        -: 6486:    basic_istream<wchar_t>&
        -: 6487:    getline(basic_istream<wchar_t>& __in, basic_string<wchar_t>& __str,
        -: 6488:	    wchar_t __delim);
        -: 6489:#endif  
        -: 6490:
        -: 6491:_GLIBCXX_END_NAMESPACE_VERSION
        -: 6492:} // namespace
        -: 6493:
        -: 6494:#if __cplusplus >= 201103L
        -: 6495:
        -: 6496:#include <ext/string_conversions.h>
        -: 6497:
        -: 6498:namespace std _GLIBCXX_VISIBILITY(default)
        -: 6499:{
        -: 6500:_GLIBCXX_BEGIN_NAMESPACE_VERSION
        -: 6501:_GLIBCXX_BEGIN_NAMESPACE_CXX11
        -: 6502:
        -: 6503:#if _GLIBCXX_USE_C99_STDLIB
        -: 6504:  // 21.4 Numeric Conversions [string.conversions].
        -: 6505:  inline int
        -: 6506:  stoi(const string& __str, size_t* __idx = 0, int __base = 10)
        -: 6507:  { return __gnu_cxx::__stoa<long, int>(&std::strtol, "stoi", __str.c_str(),
        -: 6508:					__idx, __base); }
        -: 6509:
        -: 6510:  inline long
        -: 6511:  stol(const string& __str, size_t* __idx = 0, int __base = 10)
        -: 6512:  { return __gnu_cxx::__stoa(&std::strtol, "stol", __str.c_str(),
        -: 6513:			     __idx, __base); }
        -: 6514:
        -: 6515:  inline unsigned long
        -: 6516:  stoul(const string& __str, size_t* __idx = 0, int __base = 10)
        -: 6517:  { return __gnu_cxx::__stoa(&std::strtoul, "stoul", __str.c_str(),
        -: 6518:			     __idx, __base); }
        -: 6519:
        -: 6520:  inline long long
        -: 6521:  stoll(const string& __str, size_t* __idx = 0, int __base = 10)
        -: 6522:  { return __gnu_cxx::__stoa(&std::strtoll, "stoll", __str.c_str(),
        -: 6523:			     __idx, __base); }
        -: 6524:
        -: 6525:  inline unsigned long long
        -: 6526:  stoull(const string& __str, size_t* __idx = 0, int __base = 10)
        -: 6527:  { return __gnu_cxx::__stoa(&std::strtoull, "stoull", __str.c_str(),
        -: 6528:			     __idx, __base); }
        -: 6529:
        -: 6530:  // NB: strtof vs strtod.
        -: 6531:  inline float
        -: 6532:  stof(const string& __str, size_t* __idx = 0)
        -: 6533:  { return __gnu_cxx::__stoa(&std::strtof, "stof", __str.c_str(), __idx); }
        -: 6534:
        -: 6535:  inline double
        -: 6536:  stod(const string& __str, size_t* __idx = 0)
        -: 6537:  { return __gnu_cxx::__stoa(&std::strtod, "stod", __str.c_str(), __idx); }
        -: 6538:
        -: 6539:  inline long double
        -: 6540:  stold(const string& __str, size_t* __idx = 0)
        -: 6541:  { return __gnu_cxx::__stoa(&std::strtold, "stold", __str.c_str(), __idx); }
        -: 6542:#endif // _GLIBCXX_USE_C99_STDLIB
        -: 6543:
        -: 6544:#if _GLIBCXX_USE_C99_STDIO
        -: 6545:  // NB: (v)snprintf vs sprintf.
        -: 6546:
        -: 6547:  // DR 1261.
        -: 6548:  inline string
        -: 6549:  to_string(int __val)
        -: 6550:  { return __gnu_cxx::__to_xstring<string>(&std::vsnprintf, 4 * sizeof(int),
        -: 6551:					   "%d", __val); }
        -: 6552:
        -: 6553:  inline string
        -: 6554:  to_string(unsigned __val)
        -: 6555:  { return __gnu_cxx::__to_xstring<string>(&std::vsnprintf,
        -: 6556:					   4 * sizeof(unsigned),
        -: 6557:					   "%u", __val); }
        -: 6558:
        -: 6559:  inline string
        -: 6560:  to_string(long __val)
        -: 6561:  { return __gnu_cxx::__to_xstring<string>(&std::vsnprintf, 4 * sizeof(long),
        -: 6562:					   "%ld", __val); }
        -: 6563:
        -: 6564:  inline string
        -: 6565:  to_string(unsigned long __val)
        -: 6566:  { return __gnu_cxx::__to_xstring<string>(&std::vsnprintf,
        -: 6567:					   4 * sizeof(unsigned long),
        -: 6568:					   "%lu", __val); }
        -: 6569:
        -: 6570:  inline string
        -: 6571:  to_string(long long __val)
        -: 6572:  { return __gnu_cxx::__to_xstring<string>(&std::vsnprintf,
        -: 6573:					   4 * sizeof(long long),
        -: 6574:					   "%lld", __val); }
        -: 6575:
        -: 6576:  inline string
        -: 6577:  to_string(unsigned long long __val)
        -: 6578:  { return __gnu_cxx::__to_xstring<string>(&std::vsnprintf,
        -: 6579:					   4 * sizeof(unsigned long long),
        -: 6580:					   "%llu", __val); }
        -: 6581:
        -: 6582:  inline string
        -: 6583:  to_string(float __val)
        -: 6584:  {
        -: 6585:    const int __n = 
        -: 6586:      __gnu_cxx::__numeric_traits<float>::__max_exponent10 + 20;
        -: 6587:    return __gnu_cxx::__to_xstring<string>(&std::vsnprintf, __n,
        -: 6588:					   "%f", __val);
        -: 6589:  }
        -: 6590:
        -: 6591:  inline string
        -: 6592:  to_string(double __val)
        -: 6593:  {
        -: 6594:    const int __n = 
        -: 6595:      __gnu_cxx::__numeric_traits<double>::__max_exponent10 + 20;
        -: 6596:    return __gnu_cxx::__to_xstring<string>(&std::vsnprintf, __n,
        -: 6597:					   "%f", __val);
        -: 6598:  }
        -: 6599:
        -: 6600:  inline string
        -: 6601:  to_string(long double __val)
        -: 6602:  {
        -: 6603:    const int __n = 
        -: 6604:      __gnu_cxx::__numeric_traits<long double>::__max_exponent10 + 20;
        -: 6605:    return __gnu_cxx::__to_xstring<string>(&std::vsnprintf, __n,
        -: 6606:					   "%Lf", __val);
        -: 6607:  }
        -: 6608:#endif // _GLIBCXX_USE_C99_STDIO
        -: 6609:
        -: 6610:#if defined(_GLIBCXX_USE_WCHAR_T) && _GLIBCXX_USE_C99_WCHAR
        -: 6611:  inline int 
        -: 6612:  stoi(const wstring& __str, size_t* __idx = 0, int __base = 10)
        -: 6613:  { return __gnu_cxx::__stoa<long, int>(&std::wcstol, "stoi", __str.c_str(),
        -: 6614:					__idx, __base); }
        -: 6615:
        -: 6616:  inline long 
        -: 6617:  stol(const wstring& __str, size_t* __idx = 0, int __base = 10)
        -: 6618:  { return __gnu_cxx::__stoa(&std::wcstol, "stol", __str.c_str(),
        -: 6619:			     __idx, __base); }
        -: 6620:
        -: 6621:  inline unsigned long
        -: 6622:  stoul(const wstring& __str, size_t* __idx = 0, int __base = 10)
        -: 6623:  { return __gnu_cxx::__stoa(&std::wcstoul, "stoul", __str.c_str(),
        -: 6624:			     __idx, __base); }
        -: 6625:
        -: 6626:  inline long long
        -: 6627:  stoll(const wstring& __str, size_t* __idx = 0, int __base = 10)
        -: 6628:  { return __gnu_cxx::__stoa(&std::wcstoll, "stoll", __str.c_str(),
        -: 6629:			     __idx, __base); }
        -: 6630:
        -: 6631:  inline unsigned long long
        -: 6632:  stoull(const wstring& __str, size_t* __idx = 0, int __base = 10)
        -: 6633:  { return __gnu_cxx::__stoa(&std::wcstoull, "stoull", __str.c_str(),
        -: 6634:			     __idx, __base); }
        -: 6635:
        -: 6636:  // NB: wcstof vs wcstod.
        -: 6637:  inline float
        -: 6638:  stof(const wstring& __str, size_t* __idx = 0)
        -: 6639:  { return __gnu_cxx::__stoa(&std::wcstof, "stof", __str.c_str(), __idx); }
        -: 6640:
        -: 6641:  inline double
        -: 6642:  stod(const wstring& __str, size_t* __idx = 0)
        -: 6643:  { return __gnu_cxx::__stoa(&std::wcstod, "stod", __str.c_str(), __idx); }
        -: 6644:
        -: 6645:  inline long double
        -: 6646:  stold(const wstring& __str, size_t* __idx = 0)
        -: 6647:  { return __gnu_cxx::__stoa(&std::wcstold, "stold", __str.c_str(), __idx); }
        -: 6648:
        -: 6649:#ifndef _GLIBCXX_HAVE_BROKEN_VSWPRINTF
        -: 6650:  // DR 1261.
        -: 6651:  inline wstring
        -: 6652:  to_wstring(int __val)
        -: 6653:  { return __gnu_cxx::__to_xstring<wstring>(&std::vswprintf, 4 * sizeof(int),
        -: 6654:					    L"%d", __val); }
        -: 6655:
        -: 6656:  inline wstring
        -: 6657:  to_wstring(unsigned __val)
        -: 6658:  { return __gnu_cxx::__to_xstring<wstring>(&std::vswprintf,
        -: 6659:					    4 * sizeof(unsigned),
        -: 6660:					    L"%u", __val); }
        -: 6661:
        -: 6662:  inline wstring
        -: 6663:  to_wstring(long __val)
        -: 6664:  { return __gnu_cxx::__to_xstring<wstring>(&std::vswprintf, 4 * sizeof(long),
        -: 6665:					    L"%ld", __val); }
        -: 6666:
        -: 6667:  inline wstring
        -: 6668:  to_wstring(unsigned long __val)
        -: 6669:  { return __gnu_cxx::__to_xstring<wstring>(&std::vswprintf,
        -: 6670:					    4 * sizeof(unsigned long),
        -: 6671:					    L"%lu", __val); }
        -: 6672:
        -: 6673:  inline wstring
        -: 6674:  to_wstring(long long __val)
        -: 6675:  { return __gnu_cxx::__to_xstring<wstring>(&std::vswprintf,
        -: 6676:					    4 * sizeof(long long),
        -: 6677:					    L"%lld", __val); }
        -: 6678:
        -: 6679:  inline wstring
        -: 6680:  to_wstring(unsigned long long __val)
        -: 6681:  { return __gnu_cxx::__to_xstring<wstring>(&std::vswprintf,
        -: 6682:					    4 * sizeof(unsigned long long),
        -: 6683:					    L"%llu", __val); }
        -: 6684:
        -: 6685:  inline wstring
        -: 6686:  to_wstring(float __val)
        -: 6687:  {
        -: 6688:    const int __n =
        -: 6689:      __gnu_cxx::__numeric_traits<float>::__max_exponent10 + 20;
        -: 6690:    return __gnu_cxx::__to_xstring<wstring>(&std::vswprintf, __n,
        -: 6691:					    L"%f", __val);
        -: 6692:  }
        -: 6693:
        -: 6694:  inline wstring
        -: 6695:  to_wstring(double __val)
        -: 6696:  {
        -: 6697:    const int __n =
        -: 6698:      __gnu_cxx::__numeric_traits<double>::__max_exponent10 + 20;
        -: 6699:    return __gnu_cxx::__to_xstring<wstring>(&std::vswprintf, __n,
        -: 6700:					    L"%f", __val);
        -: 6701:  }
        -: 6702:
        -: 6703:  inline wstring
        -: 6704:  to_wstring(long double __val)
        -: 6705:  {
        -: 6706:    const int __n =
        -: 6707:      __gnu_cxx::__numeric_traits<long double>::__max_exponent10 + 20;
        -: 6708:    return __gnu_cxx::__to_xstring<wstring>(&std::vswprintf, __n,
        -: 6709:					    L"%Lf", __val);
        -: 6710:  }
        -: 6711:#endif // _GLIBCXX_HAVE_BROKEN_VSWPRINTF
        -: 6712:#endif // _GLIBCXX_USE_WCHAR_T && _GLIBCXX_USE_C99_WCHAR
        -: 6713:
        -: 6714:_GLIBCXX_END_NAMESPACE_CXX11
        -: 6715:_GLIBCXX_END_NAMESPACE_VERSION
        -: 6716:} // namespace
        -: 6717:
        -: 6718:#endif /* C++11 */
        -: 6719:
        -: 6720:#if __cplusplus >= 201103L
        -: 6721:
        -: 6722:#include <bits/functional_hash.h>
        -: 6723:
        -: 6724:namespace std _GLIBCXX_VISIBILITY(default)
        -: 6725:{
        -: 6726:_GLIBCXX_BEGIN_NAMESPACE_VERSION
        -: 6727:
        -: 6728:  // DR 1182.
        -: 6729:
        -: 6730:#ifndef _GLIBCXX_COMPATIBILITY_CXX0X
        -: 6731:  /// std::hash specialization for string.
        -: 6732:  template<>
        -: 6733:    struct hash<string>
        -: 6734:    : public __hash_base<size_t, string>
        -: 6735:    {
        -: 6736:      size_t
        -: 6737:      operator()(const string& __s) const noexcept
        -: 6738:      { return std::_Hash_impl::hash(__s.data(), __s.length()); }
        -: 6739:    };
        -: 6740:
        -: 6741:  template<>
        -: 6742:    struct __is_fast_hash<hash<string>> : std::false_type
        -: 6743:    { };
        -: 6744:
        -: 6745:#ifdef _GLIBCXX_USE_WCHAR_T
        -: 6746:  /// std::hash specialization for wstring.
        -: 6747:  template<>
        -: 6748:    struct hash<wstring>
        -: 6749:    : public __hash_base<size_t, wstring>
        -: 6750:    {
        -: 6751:      size_t
        -: 6752:      operator()(const wstring& __s) const noexcept
        -: 6753:      { return std::_Hash_impl::hash(__s.data(),
        -: 6754:                                     __s.length() * sizeof(wchar_t)); }
        -: 6755:    };
        -: 6756:
        -: 6757:  template<>
        -: 6758:    struct __is_fast_hash<hash<wstring>> : std::false_type
        -: 6759:    { };
        -: 6760:#endif
        -: 6761:#endif /* _GLIBCXX_COMPATIBILITY_CXX0X */
        -: 6762:
        -: 6763:#ifdef _GLIBCXX_USE_CHAR8_T
        -: 6764:  /// std::hash specialization for u8string.
        -: 6765:  template<>
        -: 6766:    struct hash<u8string>
        -: 6767:    : public __hash_base<size_t, u8string>
        -: 6768:    {
        -: 6769:      size_t
        -: 6770:      operator()(const u8string& __s) const noexcept
        -: 6771:      { return std::_Hash_impl::hash(__s.data(),
        -: 6772:                                     __s.length() * sizeof(char8_t)); }
        -: 6773:    };
        -: 6774:
        -: 6775:  template<>
        -: 6776:    struct __is_fast_hash<hash<u8string>> : std::false_type
        -: 6777:    { };
        -: 6778:#endif
        -: 6779:
        -: 6780:  /// std::hash specialization for u16string.
        -: 6781:  template<>
        -: 6782:    struct hash<u16string>
        -: 6783:    : public __hash_base<size_t, u16string>
        -: 6784:    {
        -: 6785:      size_t
        -: 6786:      operator()(const u16string& __s) const noexcept
        -: 6787:      { return std::_Hash_impl::hash(__s.data(),
        -: 6788:                                     __s.length() * sizeof(char16_t)); }
        -: 6789:    };
        -: 6790:
        -: 6791:  template<>
        -: 6792:    struct __is_fast_hash<hash<u16string>> : std::false_type
        -: 6793:    { };
        -: 6794:
        -: 6795:  /// std::hash specialization for u32string.
        -: 6796:  template<>
        -: 6797:    struct hash<u32string>
        -: 6798:    : public __hash_base<size_t, u32string>
        -: 6799:    {
        -: 6800:      size_t
        -: 6801:      operator()(const u32string& __s) const noexcept
        -: 6802:      { return std::_Hash_impl::hash(__s.data(),
        -: 6803:                                     __s.length() * sizeof(char32_t)); }
        -: 6804:    };
        -: 6805:
        -: 6806:  template<>
        -: 6807:    struct __is_fast_hash<hash<u32string>> : std::false_type
        -: 6808:    { };
        -: 6809:
        -: 6810:#if __cplusplus >= 201402L
        -: 6811:
        -: 6812:#define __cpp_lib_string_udls 201304
        -: 6813:
        -: 6814:  inline namespace literals
        -: 6815:  {
        -: 6816:  inline namespace string_literals
        -: 6817:  {
        -: 6818:#pragma GCC diagnostic push
        -: 6819:#pragma GCC diagnostic ignored "-Wliteral-suffix"
        -: 6820:    _GLIBCXX_DEFAULT_ABI_TAG
        -: 6821:    inline basic_string<char>
        -: 6822:    operator""s(const char* __str, size_t __len)
        -: 6823:    { return basic_string<char>{__str, __len}; }
        -: 6824:
        -: 6825:#ifdef _GLIBCXX_USE_WCHAR_T
        -: 6826:    _GLIBCXX_DEFAULT_ABI_TAG
        -: 6827:    inline basic_string<wchar_t>
        -: 6828:    operator""s(const wchar_t* __str, size_t __len)
        -: 6829:    { return basic_string<wchar_t>{__str, __len}; }
        -: 6830:#endif
        -: 6831:
        -: 6832:#ifdef _GLIBCXX_USE_CHAR8_T
        -: 6833:    _GLIBCXX_DEFAULT_ABI_TAG
        -: 6834:    inline basic_string<char8_t>
        -: 6835:    operator""s(const char8_t* __str, size_t __len)
        -: 6836:    { return basic_string<char8_t>{__str, __len}; }
        -: 6837:#endif
        -: 6838:
        -: 6839:    _GLIBCXX_DEFAULT_ABI_TAG
        -: 6840:    inline basic_string<char16_t>
        -: 6841:    operator""s(const char16_t* __str, size_t __len)
        -: 6842:    { return basic_string<char16_t>{__str, __len}; }
        -: 6843:
        -: 6844:    _GLIBCXX_DEFAULT_ABI_TAG
        -: 6845:    inline basic_string<char32_t>
        -: 6846:    operator""s(const char32_t* __str, size_t __len)
        -: 6847:    { return basic_string<char32_t>{__str, __len}; }
        -: 6848:
        -: 6849:#pragma GCC diagnostic pop
        -: 6850:  } // inline namespace string_literals
        -: 6851:  } // inline namespace literals
        -: 6852:
        -: 6853:#if __cplusplus >= 201703L
        -: 6854:  namespace __detail::__variant
        -: 6855:  {
        -: 6856:    template<typename> struct _Never_valueless_alt; // see <variant>
        -: 6857:
        -: 6858:    // Provide the strong exception-safety guarantee when emplacing a
        -: 6859:    // basic_string into a variant, but only if moving the string cannot throw.
        -: 6860:    template<typename _Tp, typename _Traits, typename _Alloc>
        -: 6861:      struct _Never_valueless_alt<std::basic_string<_Tp, _Traits, _Alloc>>
        -: 6862:      : __and_<
        -: 6863:	is_nothrow_move_constructible<std::basic_string<_Tp, _Traits, _Alloc>>,
        -: 6864:	is_nothrow_move_assignable<std::basic_string<_Tp, _Traits, _Alloc>>
        -: 6865:	>::type
        -: 6866:      { };
        -: 6867:  }  // namespace __detail::__variant
        -: 6868:#endif // C++17
        -: 6869:#endif // C++14
        -: 6870:
        -: 6871:_GLIBCXX_END_NAMESPACE_VERSION
        -: 6872:} // namespace std
        -: 6873:
        -: 6874:#endif // C++11
        -: 6875:
        -: 6876:#endif /* _BASIC_STRING_H */
