        -:    0:Source:/usr/include/c++/9/bits/basic_string.h
        -:    0:Graph:./test_index.gcno
        -:    0:Data:./test_index.gcda
        -:    0:Runs:1
        -:    1:// Components for manipulating sequences of characters -*- C++ -*-
        -:    2:
        -:    3:// Copyright (C) 1997-2019 Free Software Foundation, Inc.
        -:    4://
        -:    5:// This file is part of the GNU ISO C++ Library.  This library is free
        -:    6:// software; you can redistribute it and/or modify it under the
        -:    7:// terms of the GNU General Public License as published by the
        -:    8:// Free Software Foundation; either version 3, or (at your option)
        -:    9:// any later version.
        -:   10:
        -:   11:// This library is distributed in the hope that it will be useful,
        -:   12:// but WITHOUT ANY WARRANTY; without even the implied warranty of
        -:   13:// MERCHANTABILITY or FITNESS FOR A PARTICULAR PURPOSE.  See the
        -:   14:// GNU General Public License for more details.
        -:   15:
        -:   16:// Under Section 7 of GPL version 3, you are granted additional
        -:   17:// permissions described in the GCC Runtime Library Exception, version
        -:   18:// 3.1, as published by the Free Software Foundation.
        -:   19:
        -:   20:// You should have received a copy of the GNU General Public License and
        -:   21:// a copy of the GCC Runtime Library Exception along with this program;
        -:   22:// see the files COPYING3 and COPYING.RUNTIME respectively.  If not, see
        -:   23:// <http://www.gnu.org/licenses/>.
        -:   24:
        -:   25:/** @file bits/basic_string.h
        -:   26: *  This is an internal header file, included by other library headers.
        -:   27: *  Do not attempt to use it directly. @headername{string}
        -:   28: */
        -:   29:
        -:   30://
        -:   31:// ISO C++ 14882: 21 Strings library
        -:   32://
        -:   33:
        -:   34:#ifndef _BASIC_STRING_H
        -:   35:#define _BASIC_STRING_H 1
        -:   36:
        -:   37:#pragma GCC system_header
        -:   38:
        -:   39:#include <ext/atomicity.h>
        -:   40:#include <ext/alloc_traits.h>
        -:   41:#include <debug/debug.h>
        -:   42:
        -:   43:#if __cplusplus >= 201103L
        -:   44:#include <initializer_list>
        -:   45:#endif
        -:   46:
        -:   47:#if __cplusplus >= 201703L
        -:   48:# include <string_view>
        -:   49:#endif
        -:   50:
        -:   51:
        -:   52:namespace std _GLIBCXX_VISIBILITY(default)
        -:   53:{
        -:   54:_GLIBCXX_BEGIN_NAMESPACE_VERSION
        -:   55:
        -:   56:#if _GLIBCXX_USE_CXX11_ABI
        -:   57:_GLIBCXX_BEGIN_NAMESPACE_CXX11
        -:   58:  /**
        -:   59:   *  @class basic_string basic_string.h <string>
        -:   60:   *  @brief  Managing sequences of characters and character-like objects.
        -:   61:   *
        -:   62:   *  @ingroup strings
        -:   63:   *  @ingroup sequences
        -:   64:   *
        -:   65:   *  @tparam _CharT  Type of character
        -:   66:   *  @tparam _Traits  Traits for character type, defaults to
        -:   67:   *                   char_traits<_CharT>.
        -:   68:   *  @tparam _Alloc  Allocator type, defaults to allocator<_CharT>.
        -:   69:   *
        -:   70:   *  Meets the requirements of a <a href="tables.html#65">container</a>, a
        -:   71:   *  <a href="tables.html#66">reversible container</a>, and a
        -:   72:   *  <a href="tables.html#67">sequence</a>.  Of the
        -:   73:   *  <a href="tables.html#68">optional sequence requirements</a>, only
        -:   74:   *  @c push_back, @c at, and @c %array access are supported.
        -:   75:   */
        -:   76:  template<typename _CharT, typename _Traits, typename _Alloc>
        -:   77:    class basic_string
        -:   78:    {
        -:   79:      typedef typename __gnu_cxx::__alloc_traits<_Alloc>::template
        -:   80:	rebind<_CharT>::other _Char_alloc_type;
        -:   81:      typedef __gnu_cxx::__alloc_traits<_Char_alloc_type> _Alloc_traits;
        -:   82:
        -:   83:      // Types:
        -:   84:    public:
        -:   85:      typedef _Traits					traits_type;
        -:   86:      typedef typename _Traits::char_type		value_type;
        -:   87:      typedef _Char_alloc_type				allocator_type;
        -:   88:      typedef typename _Alloc_traits::size_type		size_type;
        -:   89:      typedef typename _Alloc_traits::difference_type	difference_type;
        -:   90:      typedef typename _Alloc_traits::reference		reference;
        -:   91:      typedef typename _Alloc_traits::const_reference	const_reference;
        -:   92:      typedef typename _Alloc_traits::pointer		pointer;
        -:   93:      typedef typename _Alloc_traits::const_pointer	const_pointer;
        -:   94:      typedef __gnu_cxx::__normal_iterator<pointer, basic_string>  iterator;
        -:   95:      typedef __gnu_cxx::__normal_iterator<const_pointer, basic_string>
        -:   96:							const_iterator;
        -:   97:      typedef std::reverse_iterator<const_iterator>	const_reverse_iterator;
        -:   98:      typedef std::reverse_iterator<iterator>		reverse_iterator;
        -:   99:
        -:  100:      ///  Value returned by various member functions when they fail.
        -:  101:      static const size_type	npos = static_cast<size_type>(-1);
        -:  102:
        -:  103:    protected:
        -:  104:      // type used for positions in insert, erase etc.
        -:  105:#if __cplusplus < 201103L
        -:  106:      typedef iterator __const_iterator;
        -:  107:#else
        -:  108:      typedef const_iterator __const_iterator;
        -:  109:#endif
        -:  110:
        -:  111:    private:
        -:  112:#if __cplusplus >= 201703L
        -:  113:      // A helper type for avoiding boiler-plate.
        -:  114:      typedef basic_string_view<_CharT, _Traits> __sv_type;
        -:  115:
        -:  116:      template<typename _Tp, typename _Res>
        -:  117:	using _If_sv = enable_if_t<
        -:  118:	  __and_<is_convertible<const _Tp&, __sv_type>,
        -:  119:		 __not_<is_convertible<const _Tp*, const basic_string*>>,
        -:  120:		 __not_<is_convertible<const _Tp&, const _CharT*>>>::value,
        -:  121:	  _Res>;
        -:  122:
        -:  123:      // Allows an implicit conversion to __sv_type.
        -:  124:      static __sv_type
        -:  125:      _S_to_string_view(__sv_type __svt) noexcept
        -:  126:      { return __svt; }
        -:  127:
        -:  128:      // Wraps a string_view by explicit conversion and thus
        -:  129:      // allows to add an internal constructor that does not
        -:  130:      // participate in overload resolution when a string_view
        -:  131:      // is provided.
        -:  132:      struct __sv_wrapper
        -:  133:      {
        -:  134:	explicit __sv_wrapper(__sv_type __sv) noexcept : _M_sv(__sv) { }
        -:  135:	__sv_type _M_sv;
        -:  136:      };
        -:  137:
        -:  138:      /**
        -:  139:       *  @brief  Only internally used: Construct string from a string view
        -:  140:       *          wrapper.
        -:  141:       *  @param  __svw  string view wrapper.
        -:  142:       *  @param  __a  Allocator to use.
        -:  143:       */
        -:  144:      explicit
        -:  145:      basic_string(__sv_wrapper __svw, const _Alloc& __a)
        -:  146:      : basic_string(__svw._M_sv.data(), __svw._M_sv.size(), __a) { }
        -:  147:#endif
        -:  148:
        -:  149:      // Use empty-base optimization: http://www.cantrip.org/emptyopt.html
        -:  150:      struct _Alloc_hider : allocator_type // TODO check __is_final
        -:  151:      {
        -:  152:#if __cplusplus < 201103L
        -:  153:	_Alloc_hider(pointer __dat, const _Alloc& __a = _Alloc())
        -:  154:	: allocator_type(__a), _M_p(__dat) { }
        -:  155:#else
        -:  156:	_Alloc_hider(pointer __dat, const _Alloc& __a)
        -:  157:	: allocator_type(__a), _M_p(__dat) { }
        -:  158:
        -:  159:	_Alloc_hider(pointer __dat, _Alloc&& __a = _Alloc())
        -:  160:	: allocator_type(std::move(__a)), _M_p(__dat) { }
        -:  161:#endif
        -:  162:
        -:  163:	pointer _M_p; // The actual data.
        -:  164:      };
        -:  165:
        -:  166:      _Alloc_hider	_M_dataplus;
        -:  167:      size_type		_M_string_length;
        -:  168:
        -:  169:      enum { _S_local_capacity = 15 / sizeof(_CharT) };
        -:  170:
        -:  171:      union
        -:  172:      {
        -:  173:	_CharT           _M_local_buf[_S_local_capacity + 1];
        -:  174:	size_type        _M_allocated_capacity;
        -:  175:      };
        -:  176:
        -:  177:      void
        -:  178:      _M_data(pointer __p)
        -:  179:      { _M_dataplus._M_p = __p; }
        -:  180:
        -:  181:      void
        -:  182:      _M_length(size_type __length)
        -:  183:      { _M_string_length = __length; }
        -:  184:
        -:  185:      pointer
        -:  186:      _M_data() const
        -:  187:      { return _M_dataplus._M_p; }
        -:  188:
        -:  189:      pointer
        -:  190:      _M_local_data()
        -:  191:      {
        -:  192:#if __cplusplus >= 201103L
        -:  193:	return std::pointer_traits<pointer>::pointer_to(*_M_local_buf);
        -:  194:#else
        -:  195:	return pointer(_M_local_buf);
        -:  196:#endif
        -:  197:      }
        -:  198:
        -:  199:      const_pointer
        -:  200:      _M_local_data() const
        -:  201:      {
        -:  202:#if __cplusplus >= 201103L
        -:  203:	return std::pointer_traits<const_pointer>::pointer_to(*_M_local_buf);
        -:  204:#else
        -:  205:	return const_pointer(_M_local_buf);
        -:  206:#endif
        -:  207:      }
        -:  208:
        -:  209:      void
        -:  210:      _M_capacity(size_type __capacity)
        -:  211:      { _M_allocated_capacity = __capacity; }
        -:  212:
        -:  213:      void
        -:  214:      _M_set_length(size_type __n)
        -:  215:      {
        -:  216:	_M_length(__n);
        -:  217:	traits_type::assign(_M_data()[__n], _CharT());
        -:  218:      }
        -:  219:
        -:  220:      bool
        -:  221:      _M_is_local() const
        -:  222:      { return _M_data() == _M_local_data(); }
        -:  223:
        -:  224:      // Create & Destroy
        -:  225:      pointer
        -:  226:      _M_create(size_type&, size_type);
        -:  227:
        -:  228:      void
        -:  229:      _M_dispose()
        -:  230:      {
        -:  231:	if (!_M_is_local())
        -:  232:	  _M_destroy(_M_allocated_capacity);
        -:  233:      }
        -:  234:
        -:  235:      void
        -:  236:      _M_destroy(size_type __size) throw()
        -:  237:      { _Alloc_traits::deallocate(_M_get_allocator(), _M_data(), __size + 1); }
        -:  238:
        -:  239:      // _M_construct_aux is used to implement the 21.3.1 para 15 which
        -:  240:      // requires special behaviour if _InIterator is an integral type
        -:  241:      template<typename _InIterator>
        -:  242:        void
    #####:  243:        _M_construct_aux(_InIterator __beg, _InIterator __end,
        -:  244:			 std::__false_type)
        -:  245:	{
        -:  246:          typedef typename iterator_traits<_InIterator>::iterator_category _Tag;
    #####:  247:          _M_construct(__beg, __end, _Tag());
    #####:  248:	}
------------------
_ZNSt7__cxx1112basic_stringIcSt11char_traitsIcESaIcEE16_M_construct_auxIN9__gnu_cxx17__normal_iteratorIPcS4_EEEEvT_SA_St12__false_type:
    #####:  243:        _M_construct_aux(_InIterator __beg, _InIterator __end,
        -:  244:			 std::__false_type)
        -:  245:	{
        -:  246:          typedef typename iterator_traits<_InIterator>::iterator_category _Tag;
    #####:  247:          _M_construct(__beg, __end, _Tag());
    #####:  248:	}
------------------
_ZNSt7__cxx1112basic_stringIwSt11char_traitsIwESaIwEE16_M_construct_auxIPKwEEvT_S8_St12__false_type:
    #####:  243:        _M_construct_aux(_InIterator __beg, _InIterator __end,
        -:  244:			 std::__false_type)
        -:  245:	{
        -:  246:          typedef typename iterator_traits<_InIterator>::iterator_category _Tag;
    #####:  247:          _M_construct(__beg, __end, _Tag());
    #####:  248:	}
------------------
_ZNSt7__cxx1112basic_stringIcSt11char_traitsIcESaIcEE16_M_construct_auxIPcEEvT_S7_St12__false_type:
    #####:  243:        _M_construct_aux(_InIterator __beg, _InIterator __end,
        -:  244:			 std::__false_type)
        -:  245:	{
        -:  246:          typedef typename iterator_traits<_InIterator>::iterator_category _Tag;
    #####:  247:          _M_construct(__beg, __end, _Tag());
    #####:  248:	}
------------------
_ZNSt7__cxx1112basic_stringIcSt11char_traitsIcESaIcEE16_M_construct_auxIPKcEEvT_S8_St12__false_type:
    #####:  243:        _M_construct_aux(_InIterator __beg, _InIterator __end,
        -:  244:			 std::__false_type)
        -:  245:	{
        -:  246:          typedef typename iterator_traits<_InIterator>::iterator_category _Tag;
    #####:  247:          _M_construct(__beg, __end, _Tag());
    #####:  248:	}
------------------
        -:  249:
        -:  250:      // _GLIBCXX_RESOLVE_LIB_DEFECTS
        -:  251:      // 438. Ambiguity in the "do the right thing" clause
        -:  252:      template<typename _Integer>
        -:  253:        void
        -:  254:        _M_construct_aux(_Integer __beg, _Integer __end, std::__true_type)
        -:  255:	{ _M_construct_aux_2(static_cast<size_type>(__beg), __end); }
        -:  256:
        -:  257:      void
        -:  258:      _M_construct_aux_2(size_type __req, _CharT __c)
        -:  259:      { _M_construct(__req, __c); }
        -:  260:
        -:  261:      template<typename _InIterator>
        -:  262:        void
    #####:  263:        _M_construct(_InIterator __beg, _InIterator __end)
        -:  264:	{
        -:  265:	  typedef typename std::__is_integer<_InIterator>::__type _Integral;
    #####:  266:	  _M_construct_aux(__beg, __end, _Integral());
    #####:  267:        }
------------------
_ZNSt7__cxx1112basic_stringIcSt11char_traitsIcESaIcEE12_M_constructIN9__gnu_cxx17__normal_iteratorIPcS4_EEEEvT_SA_:
    #####:  263:        _M_construct(_InIterator __beg, _InIterator __end)
        -:  264:	{
        -:  265:	  typedef typename std::__is_integer<_InIterator>::__type _Integral;
    #####:  266:	  _M_construct_aux(__beg, __end, _Integral());
    #####:  267:        }
------------------
_ZNSt7__cxx1112basic_stringIwSt11char_traitsIwESaIwEE12_M_constructIPKwEEvT_S8_:
    #####:  263:        _M_construct(_InIterator __beg, _InIterator __end)
        -:  264:	{
        -:  265:	  typedef typename std::__is_integer<_InIterator>::__type _Integral;
    #####:  266:	  _M_construct_aux(__beg, __end, _Integral());
    #####:  267:        }
------------------
_ZNSt7__cxx1112basic_stringIcSt11char_traitsIcESaIcEE12_M_constructIPcEEvT_S7_:
    #####:  263:        _M_construct(_InIterator __beg, _InIterator __end)
        -:  264:	{
        -:  265:	  typedef typename std::__is_integer<_InIterator>::__type _Integral;
    #####:  266:	  _M_construct_aux(__beg, __end, _Integral());
    #####:  267:        }
------------------
_ZNSt7__cxx1112basic_stringIcSt11char_traitsIcESaIcEE12_M_constructIPKcEEvT_S8_:
    #####:  263:        _M_construct(_InIterator __beg, _InIterator __end)
        -:  264:	{
        -:  265:	  typedef typename std::__is_integer<_InIterator>::__type _Integral;
    #####:  266:	  _M_construct_aux(__beg, __end, _Integral());
    #####:  267:        }
------------------
        -:  268:
        -:  269:      // For Input Iterators, used in istreambuf_iterators, etc.
        -:  270:      template<typename _InIterator>
        -:  271:        void
        -:  272:        _M_construct(_InIterator __beg, _InIterator __end,
        -:  273:		     std::input_iterator_tag);
        -:  274:
        -:  275:      // For forward_iterators up to random_access_iterators, used for
        -:  276:      // string::iterator, _CharT*, etc.
        -:  277:      template<typename _FwdIterator>
        -:  278:        void
        -:  279:        _M_construct(_FwdIterator __beg, _FwdIterator __end,
        -:  280:		     std::forward_iterator_tag);
        -:  281:
        -:  282:      void
        -:  283:      _M_construct(size_type __req, _CharT __c);
        -:  284:
        -:  285:      allocator_type&
        -:  286:      _M_get_allocator()
        -:  287:      { return _M_dataplus; }
        -:  288:
        -:  289:      const allocator_type&
        -:  290:      _M_get_allocator() const
        -:  291:      { return _M_dataplus; }
        -:  292:
        -:  293:    private:
        -:  294:
        -:  295:#ifdef _GLIBCXX_DISAMBIGUATE_REPLACE_INST
        -:  296:      // The explicit instantiations in misc-inst.cc require this due to
        -:  297:      // https://gcc.gnu.org/bugzilla/show_bug.cgi?id=64063
        -:  298:      template<typename _Tp, bool _Requires =
        -:  299:	       !__are_same<_Tp, _CharT*>::__value
        -:  300:	       && !__are_same<_Tp, const _CharT*>::__value
        -:  301:	       && !__are_same<_Tp, iterator>::__value
        -:  302:	       && !__are_same<_Tp, const_iterator>::__value>
        -:  303:	struct __enable_if_not_native_iterator
        -:  304:	{ typedef basic_string& __type; };
        -:  305:      template<typename _Tp>
        -:  306:	struct __enable_if_not_native_iterator<_Tp, false> { };
        -:  307:#endif
        -:  308:
        -:  309:      size_type
        -:  310:      _M_check(size_type __pos, const char* __s) const
        -:  311:      {
        -:  312:	if (__pos > this->size())
        -:  313:	  __throw_out_of_range_fmt(__N("%s: __pos (which is %zu) > "
        -:  314:				       "this->size() (which is %zu)"),
        -:  315:				   __s, __pos, this->size());
        -:  316:	return __pos;
        -:  317:      }
        -:  318:
        -:  319:      void
        -:  320:      _M_check_length(size_type __n1, size_type __n2, const char* __s) const
        -:  321:      {
        -:  322:	if (this->max_size() - (this->size() - __n1) < __n2)
        -:  323:	  __throw_length_error(__N(__s));
        -:  324:      }
        -:  325:
        -:  326:
        -:  327:      // NB: _M_limit doesn't check for a bad __pos value.
        -:  328:      size_type
        -:  329:      _M_limit(size_type __pos, size_type __off) const _GLIBCXX_NOEXCEPT
        -:  330:      {
        -:  331:	const bool __testoff =  __off < this->size() - __pos;
        -:  332:	return __testoff ? __off : this->size() - __pos;
        -:  333:      }
        -:  334:
        -:  335:      // True if _Rep and source do not overlap.
        -:  336:      bool
        -:  337:      _M_disjunct(const _CharT* __s) const _GLIBCXX_NOEXCEPT
        -:  338:      {
        -:  339:	return (less<const _CharT*>()(__s, _M_data())
        -:  340:		|| less<const _CharT*>()(_M_data() + this->size(), __s));
        -:  341:      }
        -:  342:
        -:  343:      // When __n = 1 way faster than the general multichar
        -:  344:      // traits_type::copy/move/assign.
        -:  345:      static void
        -:  346:      _S_copy(_CharT* __d, const _CharT* __s, size_type __n)
        -:  347:      {
        -:  348:	if (__n == 1)
        -:  349:	  traits_type::assign(*__d, *__s);
        -:  350:	else
        -:  351:	  traits_type::copy(__d, __s, __n);
        -:  352:      }
        -:  353:
        -:  354:      static void
        -:  355:      _S_move(_CharT* __d, const _CharT* __s, size_type __n)
        -:  356:      {
        -:  357:	if (__n == 1)
        -:  358:	  traits_type::assign(*__d, *__s);
        -:  359:	else
        -:  360:	  traits_type::move(__d, __s, __n);
        -:  361:      }
        -:  362:
        -:  363:      static void
        -:  364:      _S_assign(_CharT* __d, size_type __n, _CharT __c)
        -:  365:      {
        -:  366:	if (__n == 1)
        -:  367:	  traits_type::assign(*__d, __c);
        -:  368:	else
        -:  369:	  traits_type::assign(__d, __n, __c);
        -:  370:      }
        -:  371:
        -:  372:      // _S_copy_chars is a separate template to permit specialization
        -:  373:      // to optimize for the common case of pointers as iterators.
        -:  374:      template<class _Iterator>
        -:  375:        static void
        -:  376:        _S_copy_chars(_CharT* __p, _Iterator __k1, _Iterator __k2)
        -:  377:        {
        -:  378:	  for (; __k1 != __k2; ++__k1, (void)++__p)
        -:  379:	    traits_type::assign(*__p, *__k1); // These types are off.
        -:  380:	}
        -:  381:
        -:  382:      static void
        -:  383:      _S_copy_chars(_CharT* __p, iterator __k1, iterator __k2) _GLIBCXX_NOEXCEPT
        -:  384:      { _S_copy_chars(__p, __k1.base(), __k2.base()); }
        -:  385:
        -:  386:      static void
        -:  387:      _S_copy_chars(_CharT* __p, const_iterator __k1, const_iterator __k2)
        -:  388:      _GLIBCXX_NOEXCEPT
        -:  389:      { _S_copy_chars(__p, __k1.base(), __k2.base()); }
        -:  390:
        -:  391:      static void
        -:  392:      _S_copy_chars(_CharT* __p, _CharT* __k1, _CharT* __k2) _GLIBCXX_NOEXCEPT
        -:  393:      { _S_copy(__p, __k1, __k2 - __k1); }
        -:  394:
        -:  395:      static void
        -:  396:      _S_copy_chars(_CharT* __p, const _CharT* __k1, const _CharT* __k2)
        -:  397:      _GLIBCXX_NOEXCEPT
        -:  398:      { _S_copy(__p, __k1, __k2 - __k1); }
        -:  399:
        -:  400:      static int
        -:  401:      _S_compare(size_type __n1, size_type __n2) _GLIBCXX_NOEXCEPT
        -:  402:      {
        -:  403:	const difference_type __d = difference_type(__n1 - __n2);
        -:  404:
        -:  405:	if (__d > __gnu_cxx::__numeric_traits<int>::__max)
        -:  406:	  return __gnu_cxx::__numeric_traits<int>::__max;
        -:  407:	else if (__d < __gnu_cxx::__numeric_traits<int>::__min)
        -:  408:	  return __gnu_cxx::__numeric_traits<int>::__min;
        -:  409:	else
        -:  410:	  return int(__d);
        -:  411:      }
        -:  412:
        -:  413:      void
        -:  414:      _M_assign(const basic_string&);
        -:  415:
        -:  416:      void
        -:  417:      _M_mutate(size_type __pos, size_type __len1, const _CharT* __s,
        -:  418:		size_type __len2);
        -:  419:
        -:  420:      void
        -:  421:      _M_erase(size_type __pos, size_type __n);
        -:  422:
        -:  423:    public:
        -:  424:      // Construct/copy/destroy:
        -:  425:      // NB: We overload ctors in some cases instead of using default
        -:  426:      // arguments, per 17.4.4.4 para. 2 item 2.
        -:  427:
        -:  428:      /**
        -:  429:       *  @brief  Default constructor creates an empty string.
        -:  430:       */
        -:  431:      basic_string()
        -:  432:      _GLIBCXX_NOEXCEPT_IF(is_nothrow_default_constructible<_Alloc>::value)
        -:  433:      : _M_dataplus(_M_local_data())
        -:  434:      { _M_set_length(0); }
        -:  435:
        -:  436:      /**
        -:  437:       *  @brief  Construct an empty string using allocator @a a.
        -:  438:       */
        -:  439:      explicit
        -:  440:      basic_string(const _Alloc& __a) _GLIBCXX_NOEXCEPT
        -:  441:      : _M_dataplus(_M_local_data(), __a)
        -:  442:      { _M_set_length(0); }
        -:  443:
        -:  444:      /**
        -:  445:       *  @brief  Construct string with copy of value of @a __str.
        -:  446:       *  @param  __str  Source string.
        -:  447:       */
        -:  448:      basic_string(const basic_string& __str)
        -:  449:      : _M_dataplus(_M_local_data(),
        -:  450:		    _Alloc_traits::_S_select_on_copy(__str._M_get_allocator()))
        -:  451:      { _M_construct(__str._M_data(), __str._M_data() + __str.length()); }
        -:  452:
        -:  453:      // _GLIBCXX_RESOLVE_LIB_DEFECTS
        -:  454:      // 2583. no way to supply an allocator for basic_string(str, pos)
        -:  455:      /**
        -:  456:       *  @brief  Construct string as copy of a substring.
        -:  457:       *  @param  __str  Source string.
        -:  458:       *  @param  __pos  Index of first character to copy from.
        -:  459:       *  @param  __a  Allocator to use.
        -:  460:       */
        -:  461:      basic_string(const basic_string& __str, size_type __pos,
        -:  462:		   const _Alloc& __a = _Alloc())
        -:  463:      : _M_dataplus(_M_local_data(), __a)
        -:  464:      {
        -:  465:	const _CharT* __start = __str._M_data()
        -:  466:	  + __str._M_check(__pos, "basic_string::basic_string");
        -:  467:	_M_construct(__start, __start + __str._M_limit(__pos, npos));
        -:  468:      }
        -:  469:
        -:  470:      /**
        -:  471:       *  @brief  Construct string as copy of a substring.
        -:  472:       *  @param  __str  Source string.
        -:  473:       *  @param  __pos  Index of first character to copy from.
        -:  474:       *  @param  __n  Number of characters to copy.
        -:  475:       */
        -:  476:      basic_string(const basic_string& __str, size_type __pos,
        -:  477:		   size_type __n)
        -:  478:      : _M_dataplus(_M_local_data())
        -:  479:      {
        -:  480:	const _CharT* __start = __str._M_data()
        -:  481:	  + __str._M_check(__pos, "basic_string::basic_string");
        -:  482:	_M_construct(__start, __start + __str._M_limit(__pos, __n));
        -:  483:      }
        -:  484:
        -:  485:      /**
        -:  486:       *  @brief  Construct string as copy of a substring.
        -:  487:       *  @param  __str  Source string.
        -:  488:       *  @param  __pos  Index of first character to copy from.
        -:  489:       *  @param  __n  Number of characters to copy.
        -:  490:       *  @param  __a  Allocator to use.
        -:  491:       */
        -:  492:      basic_string(const basic_string& __str, size_type __pos,
        -:  493:		   size_type __n, const _Alloc& __a)
        -:  494:      : _M_dataplus(_M_local_data(), __a)
        -:  495:      {
        -:  496:	const _CharT* __start
        -:  497:	  = __str._M_data() + __str._M_check(__pos, "string::string");
        -:  498:	_M_construct(__start, __start + __str._M_limit(__pos, __n));
        -:  499:      }
        -:  500:
        -:  501:      /**
        -:  502:       *  @brief  Construct string initialized by a character %array.
        -:  503:       *  @param  __s  Source character %array.
        -:  504:       *  @param  __n  Number of characters to copy.
        -:  505:       *  @param  __a  Allocator to use (default is default allocator).
        -:  506:       *
        -:  507:       *  NB: @a __s must have at least @a __n characters, &apos;\\0&apos;
        -:  508:       *  has no special meaning.
        -:  509:       */
        -:  510:      basic_string(const _CharT* __s, size_type __n,
        -:  511:		   const _Alloc& __a = _Alloc())
        -:  512:      : _M_dataplus(_M_local_data(), __a)
        -:  513:      { _M_construct(__s, __s + __n); }
        -:  514:
        -:  515:      /**
        -:  516:       *  @brief  Construct string as copy of a C string.
        -:  517:       *  @param  __s  Source C string.
        -:  518:       *  @param  __a  Allocator to use (default is default allocator).
        -:  519:       */
        -:  520:#if __cpp_deduction_guides && ! defined _GLIBCXX_DEFINING_STRING_INSTANTIATIONS
        -:  521:      // _GLIBCXX_RESOLVE_LIB_DEFECTS
        -:  522:      // 3076. basic_string CTAD ambiguity
        -:  523:      template<typename = _RequireAllocator<_Alloc>>
        -:  524:#endif
        -:  525:      basic_string(const _CharT* __s, const _Alloc& __a = _Alloc())
        -:  526:      : _M_dataplus(_M_local_data(), __a)
        -:  527:      { _M_construct(__s, __s ? __s + traits_type::length(__s) : __s+npos); }
        -:  528:
        -:  529:      /**
        -:  530:       *  @brief  Construct string as multiple characters.
        -:  531:       *  @param  __n  Number of characters.
        -:  532:       *  @param  __c  Character to use.
        -:  533:       *  @param  __a  Allocator to use (default is default allocator).
        -:  534:       */
        -:  535:#if __cpp_deduction_guides && ! defined _GLIBCXX_DEFINING_STRING_INSTANTIATIONS
        -:  536:      // _GLIBCXX_RESOLVE_LIB_DEFECTS
        -:  537:      // 3076. basic_string CTAD ambiguity
        -:  538:      template<typename = _RequireAllocator<_Alloc>>
        -:  539:#endif
        -:  540:      basic_string(size_type __n, _CharT __c, const _Alloc& __a = _Alloc())
        -:  541:      : _M_dataplus(_M_local_data(), __a)
        -:  542:      { _M_construct(__n, __c); }
        -:  543:
        -:  544:#if __cplusplus >= 201103L
        -:  545:      /**
        -:  546:       *  @brief  Move construct string.
        -:  547:       *  @param  __str  Source string.
        -:  548:       *
        -:  549:       *  The newly-created string contains the exact contents of @a __str.
        -:  550:       *  @a __str is a valid, but unspecified string.
        -:  551:       **/
        -:  552:      basic_string(basic_string&& __str) noexcept
        -:  553:      : _M_dataplus(_M_local_data(), std::move(__str._M_get_allocator()))
        -:  554:      {
        -:  555:	if (__str._M_is_local())
        -:  556:	  {
        -:  557:	    traits_type::copy(_M_local_buf, __str._M_local_buf,
        -:  558:			      _S_local_capacity + 1);
        -:  559:	  }
        -:  560:	else
        -:  561:	  {
        -:  562:	    _M_data(__str._M_data());
        -:  563:	    _M_capacity(__str._M_allocated_capacity);
        -:  564:	  }
        -:  565:
        -:  566:	// Must use _M_length() here not _M_set_length() because
        -:  567:	// basic_stringbuf relies on writing into unallocated capacity so
        -:  568:	// we mess up the contents if we put a '\0' in the string.
        -:  569:	_M_length(__str.length());
        -:  570:	__str._M_data(__str._M_local_data());
        -:  571:	__str._M_set_length(0);
        -:  572:      }
        -:  573:
        -:  574:      /**
        -:  575:       *  @brief  Construct string from an initializer %list.
        -:  576:       *  @param  __l  std::initializer_list of characters.
        -:  577:       *  @param  __a  Allocator to use (default is default allocator).
        -:  578:       */
        -:  579:      basic_string(initializer_list<_CharT> __l, const _Alloc& __a = _Alloc())
        -:  580:      : _M_dataplus(_M_local_data(), __a)
        -:  581:      { _M_construct(__l.begin(), __l.end()); }
        -:  582:
        -:  583:      basic_string(const basic_string& __str, const _Alloc& __a)
        -:  584:      : _M_dataplus(_M_local_data(), __a)
        -:  585:      { _M_construct(__str.begin(), __str.end()); }
        -:  586:
        -:  587:      basic_string(basic_string&& __str, const _Alloc& __a)
        -:  588:      noexcept(_Alloc_traits::_S_always_equal())
        -:  589:      : _M_dataplus(_M_local_data(), __a)
        -:  590:      {
        -:  591:	if (__str._M_is_local())
        -:  592:	  {
        -:  593:	    traits_type::copy(_M_local_buf, __str._M_local_buf,
        -:  594:			      _S_local_capacity + 1);
        -:  595:	    _M_length(__str.length());
        -:  596:	    __str._M_set_length(0);
        -:  597:	  }
        -:  598:	else if (_Alloc_traits::_S_always_equal()
        -:  599:	    || __str.get_allocator() == __a)
        -:  600:	  {
        -:  601:	    _M_data(__str._M_data());
        -:  602:	    _M_length(__str.length());
        -:  603:	    _M_capacity(__str._M_allocated_capacity);
        -:  604:	    __str._M_data(__str._M_local_buf);
        -:  605:	    __str._M_set_length(0);
        -:  606:	  }
        -:  607:	else
        -:  608:	  _M_construct(__str.begin(), __str.end());
        -:  609:      }
        -:  610:
        -:  611:#endif // C++11
        -:  612:
        -:  613:      /**
        -:  614:       *  @brief  Construct string as copy of a range.
        -:  615:       *  @param  __beg  Start of range.
        -:  616:       *  @param  __end  End of range.
        -:  617:       *  @param  __a  Allocator to use (default is default allocator).
        -:  618:       */
        -:  619:#if __cplusplus >= 201103L
        -:  620:      template<typename _InputIterator,
        -:  621:	       typename = std::_RequireInputIter<_InputIterator>>
        -:  622:#else
        -:  623:      template<typename _InputIterator>
        -:  624:#endif
    #####:  625:        basic_string(_InputIterator __beg, _InputIterator __end,
        -:  626:		     const _Alloc& __a = _Alloc())
    #####:  627:	: _M_dataplus(_M_local_data(), __a)
    #####:  628:	{ _M_construct(__beg, __end); }
------------------
_ZNSt7__cxx1112basic_stringIcSt11char_traitsIcESaIcEEC2IN9__gnu_cxx17__normal_iteratorIPcS4_EEvEET_SA_RKS3_:
    #####:  625:        basic_string(_InputIterator __beg, _InputIterator __end,
        -:  626:		     const _Alloc& __a = _Alloc())
    #####:  627:	: _M_dataplus(_M_local_data(), __a)
    #####:  628:	{ _M_construct(__beg, __end); }
------------------
_ZNSt7__cxx1112basic_stringIcSt11char_traitsIcESaIcEEC2IPcvEET_S7_RKS3_:
    #####:  625:        basic_string(_InputIterator __beg, _InputIterator __end,
        -:  626:		     const _Alloc& __a = _Alloc())
    #####:  627:	: _M_dataplus(_M_local_data(), __a)
    #####:  628:	{ _M_construct(__beg, __end); }
------------------
        -:  629:
        -:  630:#if __cplusplus >= 201703L
        -:  631:      /**
        -:  632:       *  @brief  Construct string from a substring of a string_view.
        -:  633:       *  @param  __t   Source object convertible to string view.
        -:  634:       *  @param  __pos The index of the first character to copy from __t.
        -:  635:       *  @param  __n   The number of characters to copy from __t.
        -:  636:       *  @param  __a   Allocator to use.
        -:  637:       */
        -:  638:      template<typename _Tp, typename = _If_sv<_Tp, void>>
        -:  639:	basic_string(const _Tp& __t, size_type __pos, size_type __n,
        -:  640:		     const _Alloc& __a = _Alloc())
        -:  641:	: basic_string(_S_to_string_view(__t).substr(__pos, __n), __a) { }
        -:  642:
        -:  643:      /**
        -:  644:       *  @brief  Construct string from a string_view.
        -:  645:       *  @param  __t  Source object convertible to string view.
        -:  646:       *  @param  __a  Allocator to use (default is default allocator).
        -:  647:       */
        -:  648:      template<typename _Tp, typename = _If_sv<_Tp, void>>
        -:  649:	explicit
        -:  650:	basic_string(const _Tp& __t, const _Alloc& __a = _Alloc())
        -:  651:	: basic_string(__sv_wrapper(_S_to_string_view(__t)), __a) { }
        -:  652:#endif // C++17
        -:  653:
        -:  654:      /**
        -:  655:       *  @brief  Destroy the string instance.
        -:  656:       */
        -:  657:      ~basic_string()
        -:  658:      { _M_dispose(); }
        -:  659:
        -:  660:      /**
        -:  661:       *  @brief  Assign the value of @a str to this string.
        -:  662:       *  @param  __str  Source string.
        -:  663:       */
        -:  664:      basic_string&
        -:  665:      operator=(const basic_string& __str)
        -:  666:      {
        -:  667:#if __cplusplus >= 201103L
        -:  668:	if (_Alloc_traits::_S_propagate_on_copy_assign())
        -:  669:	  {
        -:  670:	    if (!_Alloc_traits::_S_always_equal() && !_M_is_local()
        -:  671:		&& _M_get_allocator() != __str._M_get_allocator())
        -:  672:	      {
        -:  673:		// Propagating allocator cannot free existing storage so must
        -:  674:		// deallocate it before replacing current allocator.
        -:  675:		if (__str.size() <= _S_local_capacity)
        -:  676:		  {
        -:  677:		    _M_destroy(_M_allocated_capacity);
        -:  678:		    _M_data(_M_local_data());
        -:  679:		    _M_set_length(0);
        -:  680:		  }
        -:  681:		else
        -:  682:		  {
        -:  683:		    const auto __len = __str.size();
        -:  684:		    auto __alloc = __str._M_get_allocator();
        -:  685:		    // If this allocation throws there are no effects:
        -:  686:		    auto __ptr = _Alloc_traits::allocate(__alloc, __len + 1);
        -:  687:		    _M_destroy(_M_allocated_capacity);
        -:  688:		    _M_data(__ptr);
        -:  689:		    _M_capacity(__len);
        -:  690:		    _M_set_length(__len);
        -:  691:		  }
        -:  692:	      }
        -:  693:	    std::__alloc_on_copy(_M_get_allocator(), __str._M_get_allocator());
        -:  694:	  }
        -:  695:#endif
        -:  696:	return this->assign(__str);
        -:  697:      }
        -:  698:
        -:  699:      /**
        -:  700:       *  @brief  Copy contents of @a s into this string.
        -:  701:       *  @param  __s  Source null-terminated string.
        -:  702:       */
        -:  703:      basic_string&
        -:  704:      operator=(const _CharT* __s)
        -:  705:      { return this->assign(__s); }
        -:  706:
        -:  707:      /**
        -:  708:       *  @brief  Set value to string of length 1.
        -:  709:       *  @param  __c  Source character.
        -:  710:       *
        -:  711:       *  Assigning to a character makes this string length 1 and
        -:  712:       *  (*this)[0] == @a c.
        -:  713:       */
        -:  714:      basic_string&
        -:  715:      operator=(_CharT __c)
        -:  716:      {
        -:  717:	this->assign(1, __c);
        -:  718:	return *this;
        -:  719:      }
        -:  720:
        -:  721:#if __cplusplus >= 201103L
        -:  722:      /**
        -:  723:       *  @brief  Move assign the value of @a str to this string.
        -:  724:       *  @param  __str  Source string.
        -:  725:       *
        -:  726:       *  The contents of @a str are moved into this string (without copying).
        -:  727:       *  @a str is a valid, but unspecified string.
        -:  728:       **/
        -:  729:      // _GLIBCXX_RESOLVE_LIB_DEFECTS
        -:  730:      // 2063. Contradictory requirements for string move assignment
        -:  731:      basic_string&
        -:  732:      operator=(basic_string&& __str)
        -:  733:      noexcept(_Alloc_traits::_S_nothrow_move())
        -:  734:      {
        -:  735:	if (!_M_is_local() && _Alloc_traits::_S_propagate_on_move_assign()
        -:  736:	    && !_Alloc_traits::_S_always_equal()
        -:  737:	    && _M_get_allocator() != __str._M_get_allocator())
        -:  738:	  {
        -:  739:	    // Destroy existing storage before replacing allocator.
        -:  740:	    _M_destroy(_M_allocated_capacity);
        -:  741:	    _M_data(_M_local_data());
        -:  742:	    _M_set_length(0);
        -:  743:	  }
        -:  744:	// Replace allocator if POCMA is true.
        -:  745:	std::__alloc_on_move(_M_get_allocator(), __str._M_get_allocator());
        -:  746:
        -:  747:	if (__str._M_is_local())
        -:  748:	  {
        -:  749:	    // We've always got room for a short string, just copy it.
        -:  750:	    if (__str.size())
        -:  751:	      this->_S_copy(_M_data(), __str._M_data(), __str.size());
        -:  752:	    _M_set_length(__str.size());
        -:  753:	  }
        -:  754:	else if (_Alloc_traits::_S_propagate_on_move_assign()
        -:  755:	    || _Alloc_traits::_S_always_equal()
        -:  756:	    || _M_get_allocator() == __str._M_get_allocator())
        -:  757:	  {
        -:  758:	    // Just move the allocated pointer, our allocator can free it.
        -:  759:	    pointer __data = nullptr;
        -:  760:	    size_type __capacity;
        -:  761:	    if (!_M_is_local())
        -:  762:	      {
        -:  763:		if (_Alloc_traits::_S_always_equal())
        -:  764:		  {
        -:  765:		    // __str can reuse our existing storage.
        -:  766:		    __data = _M_data();
        -:  767:		    __capacity = _M_allocated_capacity;
        -:  768:		  }
        -:  769:		else // __str can't use it, so free it.
        -:  770:		  _M_destroy(_M_allocated_capacity);
        -:  771:	      }
        -:  772:
        -:  773:	    _M_data(__str._M_data());
        -:  774:	    _M_length(__str.length());
        -:  775:	    _M_capacity(__str._M_allocated_capacity);
        -:  776:	    if (__data)
        -:  777:	      {
        -:  778:		__str._M_data(__data);
        -:  779:		__str._M_capacity(__capacity);
        -:  780:	      }
        -:  781:	    else
        -:  782:	      __str._M_data(__str._M_local_buf);
        -:  783:	  }
        -:  784:	else // Need to do a deep copy
        -:  785:	  assign(__str);
        -:  786:	__str.clear();
        -:  787:	return *this;
        -:  788:      }
        -:  789:
        -:  790:      /**
        -:  791:       *  @brief  Set value to string constructed from initializer %list.
        -:  792:       *  @param  __l  std::initializer_list.
        -:  793:       */
        -:  794:      basic_string&
        -:  795:      operator=(initializer_list<_CharT> __l)
        -:  796:      {
        -:  797:	this->assign(__l.begin(), __l.size());
        -:  798:	return *this;
        -:  799:      }
        -:  800:#endif // C++11
        -:  801:
        -:  802:#if __cplusplus >= 201703L
        -:  803:      /**
        -:  804:       *  @brief  Set value to string constructed from a string_view.
        -:  805:       *  @param  __svt  An object convertible to string_view.
        -:  806:       */
        -:  807:     template<typename _Tp>
        -:  808:       _If_sv<_Tp, basic_string&>
        -:  809:       operator=(const _Tp& __svt)
        -:  810:       { return this->assign(__svt); }
        -:  811:
        -:  812:      /**
        -:  813:       *  @brief  Convert to a string_view.
        -:  814:       *  @return A string_view.
        -:  815:       */
        -:  816:      operator __sv_type() const noexcept
        -:  817:      { return __sv_type(data(), size()); }
        -:  818:#endif // C++17
        -:  819:
        -:  820:      // Iterators:
        -:  821:      /**
        -:  822:       *  Returns a read/write iterator that points to the first character in
        -:  823:       *  the %string.
        -:  824:       */
        -:  825:      iterator
        -:  826:      begin() _GLIBCXX_NOEXCEPT
        -:  827:      { return iterator(_M_data()); }
        -:  828:
        -:  829:      /**
        -:  830:       *  Returns a read-only (constant) iterator that points to the first
        -:  831:       *  character in the %string.
        -:  832:       */
        -:  833:      const_iterator
        -:  834:      begin() const _GLIBCXX_NOEXCEPT
        -:  835:      { return const_iterator(_M_data()); }
        -:  836:
        -:  837:      /**
        -:  838:       *  Returns a read/write iterator that points one past the last
        -:  839:       *  character in the %string.
        -:  840:       */
        -:  841:      iterator
        -:  842:      end() _GLIBCXX_NOEXCEPT
        -:  843:      { return iterator(_M_data() + this->size()); }
        -:  844:
        -:  845:      /**
        -:  846:       *  Returns a read-only (constant) iterator that points one past the
        -:  847:       *  last character in the %string.
        -:  848:       */
        -:  849:      const_iterator
        -:  850:      end() const _GLIBCXX_NOEXCEPT
        -:  851:      { return const_iterator(_M_data() + this->size()); }
        -:  852:
        -:  853:      /**
        -:  854:       *  Returns a read/write reverse iterator that points to the last
        -:  855:       *  character in the %string.  Iteration is done in reverse element
        -:  856:       *  order.
        -:  857:       */
        -:  858:      reverse_iterator
        -:  859:      rbegin() _GLIBCXX_NOEXCEPT
        -:  860:      { return reverse_iterator(this->end()); }
        -:  861:
        -:  862:      /**
        -:  863:       *  Returns a read-only (constant) reverse iterator that points
        -:  864:       *  to the last character in the %string.  Iteration is done in
        -:  865:       *  reverse element order.
        -:  866:       */
        -:  867:      const_reverse_iterator
        -:  868:      rbegin() const _GLIBCXX_NOEXCEPT
        -:  869:      { return const_reverse_iterator(this->end()); }
        -:  870:
        -:  871:      /**
        -:  872:       *  Returns a read/write reverse iterator that points to one before the
        -:  873:       *  first character in the %string.  Iteration is done in reverse
        -:  874:       *  element order.
        -:  875:       */
        -:  876:      reverse_iterator
        -:  877:      rend() _GLIBCXX_NOEXCEPT
        -:  878:      { return reverse_iterator(this->begin()); }
        -:  879:
        -:  880:      /**
        -:  881:       *  Returns a read-only (constant) reverse iterator that points
        -:  882:       *  to one before the first character in the %string.  Iteration
        -:  883:       *  is done in reverse element order.
        -:  884:       */
        -:  885:      const_reverse_iterator
        -:  886:      rend() const _GLIBCXX_NOEXCEPT
        -:  887:      { return const_reverse_iterator(this->begin()); }
        -:  888:
        -:  889:#if __cplusplus >= 201103L
        -:  890:      /**
        -:  891:       *  Returns a read-only (constant) iterator that points to the first
        -:  892:       *  character in the %string.
        -:  893:       */
        -:  894:      const_iterator
        -:  895:      cbegin() const noexcept
        -:  896:      { return const_iterator(this->_M_data()); }
        -:  897:
        -:  898:      /**
        -:  899:       *  Returns a read-only (constant) iterator that points one past the
        -:  900:       *  last character in the %string.
        -:  901:       */
        -:  902:      const_iterator
        -:  903:      cend() const noexcept
        -:  904:      { return const_iterator(this->_M_data() + this->size()); }
        -:  905:
        -:  906:      /**
        -:  907:       *  Returns a read-only (constant) reverse iterator that points
        -:  908:       *  to the last character in the %string.  Iteration is done in
        -:  909:       *  reverse element order.
        -:  910:       */
        -:  911:      const_reverse_iterator
        -:  912:      crbegin() const noexcept
        -:  913:      { return const_reverse_iterator(this->end()); }
        -:  914:
        -:  915:      /**
        -:  916:       *  Returns a read-only (constant) reverse iterator that points
        -:  917:       *  to one before the first character in the %string.  Iteration
        -:  918:       *  is done in reverse element order.
        -:  919:       */
        -:  920:      const_reverse_iterator
        -:  921:      crend() const noexcept
        -:  922:      { return const_reverse_iterator(this->begin()); }
        -:  923:#endif
        -:  924:
        -:  925:    public:
        -:  926:      // Capacity:
        -:  927:      ///  Returns the number of characters in the string, not including any
        -:  928:      ///  null-termination.
        -:  929:      size_type
        -:  930:      size() const _GLIBCXX_NOEXCEPT
        -:  931:      { return _M_string_length; }
        -:  932:
        -:  933:      ///  Returns the number of characters in the string, not including any
        -:  934:      ///  null-termination.
        -:  935:      size_type
        -:  936:      length() const _GLIBCXX_NOEXCEPT
        -:  937:      { return _M_string_length; }
        -:  938:
        -:  939:      ///  Returns the size() of the largest possible %string.
        -:  940:      size_type
        -:  941:      max_size() const _GLIBCXX_NOEXCEPT
        -:  942:      { return (_Alloc_traits::max_size(_M_get_allocator()) - 1) / 2; }
        -:  943:
        -:  944:      /**
        -:  945:       *  @brief  Resizes the %string to the specified number of characters.
        -:  946:       *  @param  __n  Number of characters the %string should contain.
        -:  947:       *  @param  __c  Character to fill any new elements.
        -:  948:       *
        -:  949:       *  This function will %resize the %string to the specified
        -:  950:       *  number of characters.  If the number is smaller than the
        -:  951:       *  %string's current size the %string is truncated, otherwise
        -:  952:       *  the %string is extended and new elements are %set to @a __c.
        -:  953:       */
        -:  954:      void
        -:  955:      resize(size_type __n, _CharT __c);
        -:  956:
        -:  957:      /**
        -:  958:       *  @brief  Resizes the %string to the specified number of characters.
        -:  959:       *  @param  __n  Number of characters the %string should contain.
        -:  960:       *
        -:  961:       *  This function will resize the %string to the specified length.  If
        -:  962:       *  the new size is smaller than the %string's current size the %string
        -:  963:       *  is truncated, otherwise the %string is extended and new characters
        -:  964:       *  are default-constructed.  For basic types such as char, this means
        -:  965:       *  setting them to 0.
        -:  966:       */
        -:  967:      void
        -:  968:      resize(size_type __n)
        -:  969:      { this->resize(__n, _CharT()); }
        -:  970:
        -:  971:#if __cplusplus >= 201103L
        -:  972:      ///  A non-binding request to reduce capacity() to size().
        -:  973:      void
        -:  974:      shrink_to_fit() noexcept
        -:  975:      {
        -:  976:#if __cpp_exceptions
        -:  977:	if (capacity() > size())
        -:  978:	  {
        -:  979:	    try
        -:  980:	      { reserve(0); }
        -:  981:	    catch(...)
        -:  982:	      { }
        -:  983:	  }
        -:  984:#endif
        -:  985:      }
        -:  986:#endif
        -:  987:
        -:  988:      /**
        -:  989:       *  Returns the total number of characters that the %string can hold
        -:  990:       *  before needing to allocate more memory.
        -:  991:       */
        -:  992:      size_type
        -:  993:      capacity() const _GLIBCXX_NOEXCEPT
        -:  994:      {
        -:  995:	return _M_is_local() ? size_type(_S_local_capacity)
        -:  996:	                     : _M_allocated_capacity;
        -:  997:      }
        -:  998:
        -:  999:      /**
        -: 1000:       *  @brief  Attempt to preallocate enough memory for specified number of
        -: 1001:       *          characters.
        -: 1002:       *  @param  __res_arg  Number of characters required.
        -: 1003:       *  @throw  std::length_error  If @a __res_arg exceeds @c max_size().
        -: 1004:       *
        -: 1005:       *  This function attempts to reserve enough memory for the
        -: 1006:       *  %string to hold the specified number of characters.  If the
        -: 1007:       *  number requested is more than max_size(), length_error is
        -: 1008:       *  thrown.
        -: 1009:       *
        -: 1010:       *  The advantage of this function is that if optimal code is a
        -: 1011:       *  necessity and the user can determine the string length that will be
        -: 1012:       *  required, the user can reserve the memory in %advance, and thus
        -: 1013:       *  prevent a possible reallocation of memory and copying of %string
        -: 1014:       *  data.
        -: 1015:       */
        -: 1016:      void
        -: 1017:      reserve(size_type __res_arg = 0);
        -: 1018:
        -: 1019:      /**
        -: 1020:       *  Erases the string, making it empty.
        -: 1021:       */
        -: 1022:      void
        -: 1023:      clear() _GLIBCXX_NOEXCEPT
        -: 1024:      { _M_set_length(0); }
        -: 1025:
        -: 1026:      /**
        -: 1027:       *  Returns true if the %string is empty.  Equivalent to 
        -: 1028:       *  <code>*this == ""</code>.
        -: 1029:       */
        -: 1030:      _GLIBCXX_NODISCARD bool
        -: 1031:      empty() const _GLIBCXX_NOEXCEPT
        -: 1032:      { return this->size() == 0; }
        -: 1033:
        -: 1034:      // Element access:
        -: 1035:      /**
        -: 1036:       *  @brief  Subscript access to the data contained in the %string.
        -: 1037:       *  @param  __pos  The index of the character to access.
        -: 1038:       *  @return  Read-only (constant) reference to the character.
        -: 1039:       *
        -: 1040:       *  This operator allows for easy, array-style, data access.
        -: 1041:       *  Note that data access with this operator is unchecked and
        -: 1042:       *  out_of_range lookups are not defined. (For checked lookups
        -: 1043:       *  see at().)
        -: 1044:       */
        -: 1045:      const_reference
        -: 1046:      operator[] (size_type __pos) const _GLIBCXX_NOEXCEPT
        -: 1047:      {
        -: 1048:	__glibcxx_assert(__pos <= size());
        -: 1049:	return _M_data()[__pos];
        -: 1050:      }
        -: 1051:
        -: 1052:      /**
        -: 1053:       *  @brief  Subscript access to the data contained in the %string.
        -: 1054:       *  @param  __pos  The index of the character to access.
        -: 1055:       *  @return  Read/write reference to the character.
        -: 1056:       *
        -: 1057:       *  This operator allows for easy, array-style, data access.
        -: 1058:       *  Note that data access with this operator is unchecked and
        -: 1059:       *  out_of_range lookups are not defined. (For checked lookups
        -: 1060:       *  see at().)
        -: 1061:       */
        -: 1062:      reference
        -: 1063:      operator[](size_type __pos)
        -: 1064:      {
        -: 1065:        // Allow pos == size() both in C++98 mode, as v3 extension,
        -: 1066:	// and in C++11 mode.
        -: 1067:	__glibcxx_assert(__pos <= size());
        -: 1068:        // In pedantic mode be strict in C++98 mode.
        -: 1069:	_GLIBCXX_DEBUG_PEDASSERT(__cplusplus >= 201103L || __pos < size());
        -: 1070:	return _M_data()[__pos];
        -: 1071:      }
        -: 1072:
        -: 1073:      /**
        -: 1074:       *  @brief  Provides access to the data contained in the %string.
        -: 1075:       *  @param __n The index of the character to access.
        -: 1076:       *  @return  Read-only (const) reference to the character.
        -: 1077:       *  @throw  std::out_of_range  If @a n is an invalid index.
        -: 1078:       *
        -: 1079:       *  This function provides for safer data access.  The parameter is
        -: 1080:       *  first checked that it is in the range of the string.  The function
        -: 1081:       *  throws out_of_range if the check fails.
        -: 1082:       */
        -: 1083:      const_reference
        -: 1084:      at(size_type __n) const
        -: 1085:      {
        -: 1086:	if (__n >= this->size())
        -: 1087:	  __throw_out_of_range_fmt(__N("basic_string::at: __n "
        -: 1088:				       "(which is %zu) >= this->size() "
        -: 1089:				       "(which is %zu)"),
        -: 1090:				   __n, this->size());
        -: 1091:	return _M_data()[__n];
        -: 1092:      }
        -: 1093:
        -: 1094:      /**
        -: 1095:       *  @brief  Provides access to the data contained in the %string.
        -: 1096:       *  @param __n The index of the character to access.
        -: 1097:       *  @return  Read/write reference to the character.
        -: 1098:       *  @throw  std::out_of_range  If @a n is an invalid index.
        -: 1099:       *
        -: 1100:       *  This function provides for safer data access.  The parameter is
        -: 1101:       *  first checked that it is in the range of the string.  The function
        -: 1102:       *  throws out_of_range if the check fails.
        -: 1103:       */
        -: 1104:      reference
        -: 1105:      at(size_type __n)
        -: 1106:      {
        -: 1107:	if (__n >= size())
        -: 1108:	  __throw_out_of_range_fmt(__N("basic_string::at: __n "
        -: 1109:				       "(which is %zu) >= this->size() "
        -: 1110:				       "(which is %zu)"),
        -: 1111:				   __n, this->size());
        -: 1112:	return _M_data()[__n];
        -: 1113:      }
        -: 1114:
        -: 1115:#if __cplusplus >= 201103L
        -: 1116:      /**
        -: 1117:       *  Returns a read/write reference to the data at the first
        -: 1118:       *  element of the %string.
        -: 1119:       */
        -: 1120:      reference
        -: 1121:      front() noexcept
        -: 1122:      {
        -: 1123:	__glibcxx_assert(!empty());
        -: 1124:	return operator[](0);
        -: 1125:      }
        -: 1126:
        -: 1127:      /**
        -: 1128:       *  Returns a read-only (constant) reference to the data at the first
        -: 1129:       *  element of the %string.
        -: 1130:       */
        -: 1131:      const_reference
        -: 1132:      front() const noexcept
        -: 1133:      {
        -: 1134:	__glibcxx_assert(!empty());
        -: 1135:	return operator[](0);
        -: 1136:      }
        -: 1137:
        -: 1138:      /**
        -: 1139:       *  Returns a read/write reference to the data at the last
        -: 1140:       *  element of the %string.
        -: 1141:       */
        -: 1142:      reference
        -: 1143:      back() noexcept
        -: 1144:      {
        -: 1145:	__glibcxx_assert(!empty());
        -: 1146:	return operator[](this->size() - 1);
        -: 1147:      }
        -: 1148:
        -: 1149:      /**
        -: 1150:       *  Returns a read-only (constant) reference to the data at the
        -: 1151:       *  last element of the %string.
        -: 1152:       */
        -: 1153:      const_reference
        -: 1154:      back() const noexcept
        -: 1155:      {
        -: 1156:	__glibcxx_assert(!empty());
        -: 1157:	return operator[](this->size() - 1);
        -: 1158:      }
        -: 1159:#endif
        -: 1160:
        -: 1161:      // Modifiers:
        -: 1162:      /**
        -: 1163:       *  @brief  Append a string to this string.
        -: 1164:       *  @param __str  The string to append.
        -: 1165:       *  @return  Reference to this string.
        -: 1166:       */
        -: 1167:      basic_string&
        -: 1168:      operator+=(const basic_string& __str)
        -: 1169:      { return this->append(__str); }
        -: 1170:
        -: 1171:      /**
        -: 1172:       *  @brief  Append a C string.
        -: 1173:       *  @param __s  The C string to append.
        -: 1174:       *  @return  Reference to this string.
        -: 1175:       */
        -: 1176:      basic_string&
        -: 1177:      operator+=(const _CharT* __s)
        -: 1178:      { return this->append(__s); }
        -: 1179:
        -: 1180:      /**
        -: 1181:       *  @brief  Append a character.
        -: 1182:       *  @param __c  The character to append.
        -: 1183:       *  @return  Reference to this string.
        -: 1184:       */
        -: 1185:      basic_string&
        -: 1186:      operator+=(_CharT __c)
        -: 1187:      {
        -: 1188:	this->push_back(__c);
        -: 1189:	return *this;
        -: 1190:      }
        -: 1191:
        -: 1192:#if __cplusplus >= 201103L
        -: 1193:      /**
        -: 1194:       *  @brief  Append an initializer_list of characters.
        -: 1195:       *  @param __l  The initializer_list of characters to be appended.
        -: 1196:       *  @return  Reference to this string.
        -: 1197:       */
        -: 1198:      basic_string&
        -: 1199:      operator+=(initializer_list<_CharT> __l)
        -: 1200:      { return this->append(__l.begin(), __l.size()); }
        -: 1201:#endif // C++11
        -: 1202:
        -: 1203:#if __cplusplus >= 201703L
        -: 1204:      /**
        -: 1205:       *  @brief  Append a string_view.
        -: 1206:       *  @param __svt  An object convertible to string_view to be appended.
        -: 1207:       *  @return  Reference to this string.
        -: 1208:       */
        -: 1209:      template<typename _Tp>
        -: 1210:	_If_sv<_Tp, basic_string&>
        -: 1211:	operator+=(const _Tp& __svt)
        -: 1212:	{ return this->append(__svt); }
        -: 1213:#endif // C++17
        -: 1214:
        -: 1215:      /**
        -: 1216:       *  @brief  Append a string to this string.
        -: 1217:       *  @param __str  The string to append.
        -: 1218:       *  @return  Reference to this string.
        -: 1219:       */
        -: 1220:      basic_string&
        -: 1221:      append(const basic_string& __str)
        -: 1222:      { return _M_append(__str._M_data(), __str.size()); }
        -: 1223:
        -: 1224:      /**
        -: 1225:       *  @brief  Append a substring.
        -: 1226:       *  @param __str  The string to append.
        -: 1227:       *  @param __pos  Index of the first character of str to append.
        -: 1228:       *  @param __n  The number of characters to append.
        -: 1229:       *  @return  Reference to this string.
        -: 1230:       *  @throw  std::out_of_range if @a __pos is not a valid index.
        -: 1231:       *
        -: 1232:       *  This function appends @a __n characters from @a __str
        -: 1233:       *  starting at @a __pos to this string.  If @a __n is is larger
        -: 1234:       *  than the number of available characters in @a __str, the
        -: 1235:       *  remainder of @a __str is appended.
        -: 1236:       */
        -: 1237:      basic_string&
        -: 1238:      append(const basic_string& __str, size_type __pos, size_type __n = npos)
        -: 1239:      { return _M_append(__str._M_data()
        -: 1240:			 + __str._M_check(__pos, "basic_string::append"),
        -: 1241:			 __str._M_limit(__pos, __n)); }
        -: 1242:
        -: 1243:      /**
        -: 1244:       *  @brief  Append a C substring.
        -: 1245:       *  @param __s  The C string to append.
        -: 1246:       *  @param __n  The number of characters to append.
        -: 1247:       *  @return  Reference to this string.
        -: 1248:       */
        -: 1249:      basic_string&
        -: 1250:      append(const _CharT* __s, size_type __n)
        -: 1251:      {
        -: 1252:	__glibcxx_requires_string_len(__s, __n);
        -: 1253:	_M_check_length(size_type(0), __n, "basic_string::append");
        -: 1254:	return _M_append(__s, __n);
        -: 1255:      }
        -: 1256:
        -: 1257:      /**
        -: 1258:       *  @brief  Append a C string.
        -: 1259:       *  @param __s  The C string to append.
        -: 1260:       *  @return  Reference to this string.
        -: 1261:       */
        -: 1262:      basic_string&
        -: 1263:      append(const _CharT* __s)
        -: 1264:      {
        -: 1265:	__glibcxx_requires_string(__s);
        -: 1266:	const size_type __n = traits_type::length(__s);
        -: 1267:	_M_check_length(size_type(0), __n, "basic_string::append");
        -: 1268:	return _M_append(__s, __n);
        -: 1269:      }
        -: 1270:
        -: 1271:      /**
        -: 1272:       *  @brief  Append multiple characters.
        -: 1273:       *  @param __n  The number of characters to append.
        -: 1274:       *  @param __c  The character to use.
        -: 1275:       *  @return  Reference to this string.
        -: 1276:       *
        -: 1277:       *  Appends __n copies of __c to this string.
        -: 1278:       */
        -: 1279:      basic_string&
        -: 1280:      append(size_type __n, _CharT __c)
        -: 1281:      { return _M_replace_aux(this->size(), size_type(0), __n, __c); }
        -: 1282:
        -: 1283:#if __cplusplus >= 201103L
        -: 1284:      /**
        -: 1285:       *  @brief  Append an initializer_list of characters.
        -: 1286:       *  @param __l  The initializer_list of characters to append.
        -: 1287:       *  @return  Reference to this string.
        -: 1288:       */
        -: 1289:      basic_string&
        -: 1290:      append(initializer_list<_CharT> __l)
        -: 1291:      { return this->append(__l.begin(), __l.size()); }
        -: 1292:#endif // C++11
        -: 1293:
        -: 1294:      /**
        -: 1295:       *  @brief  Append a range of characters.
        -: 1296:       *  @param __first  Iterator referencing the first character to append.
        -: 1297:       *  @param __last  Iterator marking the end of the range.
        -: 1298:       *  @return  Reference to this string.
        -: 1299:       *
        -: 1300:       *  Appends characters in the range [__first,__last) to this string.
        -: 1301:       */
        -: 1302:#if __cplusplus >= 201103L
        -: 1303:      template<class _InputIterator,
        -: 1304:	       typename = std::_RequireInputIter<_InputIterator>>
        -: 1305:#else
        -: 1306:      template<class _InputIterator>
        -: 1307:#endif
        -: 1308:        basic_string&
        -: 1309:        append(_InputIterator __first, _InputIterator __last)
        -: 1310:        { return this->replace(end(), end(), __first, __last); }
        -: 1311:
        -: 1312:#if __cplusplus >= 201703L
        -: 1313:      /**
        -: 1314:       *  @brief  Append a string_view.
        -: 1315:       *  @param __svt  An object convertible to string_view to be appended.
        -: 1316:       *  @return  Reference to this string.
        -: 1317:       */
        -: 1318:      template<typename _Tp>
        -: 1319:        _If_sv<_Tp, basic_string&>
        -: 1320:        append(const _Tp& __svt)
        -: 1321:        {
        -: 1322:          __sv_type __sv = __svt;
        -: 1323:          return this->append(__sv.data(), __sv.size());
        -: 1324:        }
        -: 1325:
        -: 1326:      /**
        -: 1327:       *  @brief  Append a range of characters from a string_view.
        -: 1328:       *  @param __svt  An object convertible to string_view to be appended from.
        -: 1329:       *  @param __pos The position in the string_view to append from.
        -: 1330:       *  @param __n   The number of characters to append from the string_view.
        -: 1331:       *  @return  Reference to this string.
        -: 1332:       */
        -: 1333:      template<typename _Tp>
        -: 1334:        _If_sv<_Tp, basic_string&>
        -: 1335:	append(const _Tp& __svt, size_type __pos, size_type __n = npos)
        -: 1336:	{
        -: 1337:	  __sv_type __sv = __svt;
        -: 1338:	  return _M_append(__sv.data()
        -: 1339:	      + std::__sv_check(__sv.size(), __pos, "basic_string::append"),
        -: 1340:	      std::__sv_limit(__sv.size(), __pos, __n));
        -: 1341:	}
        -: 1342:#endif // C++17
        -: 1343:
        -: 1344:      /**
        -: 1345:       *  @brief  Append a single character.
        -: 1346:       *  @param __c  Character to append.
        -: 1347:       */
        -: 1348:      void
        -: 1349:      push_back(_CharT __c)
        -: 1350:      {
        -: 1351:	const size_type __size = this->size();
        -: 1352:	if (__size + 1 > this->capacity())
        -: 1353:	  this->_M_mutate(__size, size_type(0), 0, size_type(1));
        -: 1354:	traits_type::assign(this->_M_data()[__size], __c);
        -: 1355:	this->_M_set_length(__size + 1);
        -: 1356:      }
        -: 1357:
        -: 1358:      /**
        -: 1359:       *  @brief  Set value to contents of another string.
        -: 1360:       *  @param  __str  Source string to use.
        -: 1361:       *  @return  Reference to this string.
        -: 1362:       */
        -: 1363:      basic_string&
        -: 1364:      assign(const basic_string& __str)
        -: 1365:      {
        -: 1366:	this->_M_assign(__str);
        -: 1367:	return *this;
        -: 1368:      }
        -: 1369:
        -: 1370:#if __cplusplus >= 201103L
        -: 1371:      /**
        -: 1372:       *  @brief  Set value to contents of another string.
        -: 1373:       *  @param  __str  Source string to use.
        -: 1374:       *  @return  Reference to this string.
        -: 1375:       *
        -: 1376:       *  This function sets this string to the exact contents of @a __str.
        -: 1377:       *  @a __str is a valid, but unspecified string.
        -: 1378:       */
        -: 1379:      basic_string&
        -: 1380:      assign(basic_string&& __str)
        -: 1381:      noexcept(_Alloc_traits::_S_nothrow_move())
        -: 1382:      {
        -: 1383:	// _GLIBCXX_RESOLVE_LIB_DEFECTS
        -: 1384:	// 2063. Contradictory requirements for string move assignment
        -: 1385:	return *this = std::move(__str);
        -: 1386:      }
        -: 1387:#endif // C++11
        -: 1388:
        -: 1389:      /**
        -: 1390:       *  @brief  Set value to a substring of a string.
        -: 1391:       *  @param __str  The string to use.
        -: 1392:       *  @param __pos  Index of the first character of str.
        -: 1393:       *  @param __n  Number of characters to use.
        -: 1394:       *  @return  Reference to this string.
        -: 1395:       *  @throw  std::out_of_range if @a pos is not a valid index.
        -: 1396:       *
        -: 1397:       *  This function sets this string to the substring of @a __str
        -: 1398:       *  consisting of @a __n characters at @a __pos.  If @a __n is
        -: 1399:       *  is larger than the number of available characters in @a
        -: 1400:       *  __str, the remainder of @a __str is used.
        -: 1401:       */
        -: 1402:      basic_string&
        -: 1403:      assign(const basic_string& __str, size_type __pos, size_type __n = npos)
        -: 1404:      { return _M_replace(size_type(0), this->size(), __str._M_data()
        -: 1405:			  + __str._M_check(__pos, "basic_string::assign"),
        -: 1406:			  __str._M_limit(__pos, __n)); }
        -: 1407:
        -: 1408:      /**
        -: 1409:       *  @brief  Set value to a C substring.
        -: 1410:       *  @param __s  The C string to use.
        -: 1411:       *  @param __n  Number of characters to use.
        -: 1412:       *  @return  Reference to this string.
        -: 1413:       *
        -: 1414:       *  This function sets the value of this string to the first @a __n
        -: 1415:       *  characters of @a __s.  If @a __n is is larger than the number of
        -: 1416:       *  available characters in @a __s, the remainder of @a __s is used.
        -: 1417:       */
        -: 1418:      basic_string&
        -: 1419:      assign(const _CharT* __s, size_type __n)
        -: 1420:      {
        -: 1421:	__glibcxx_requires_string_len(__s, __n);
        -: 1422:	return _M_replace(size_type(0), this->size(), __s, __n);
        -: 1423:      }
        -: 1424:
        -: 1425:      /**
        -: 1426:       *  @brief  Set value to contents of a C string.
        -: 1427:       *  @param __s  The C string to use.
        -: 1428:       *  @return  Reference to this string.
        -: 1429:       *
        -: 1430:       *  This function sets the value of this string to the value of @a __s.
        -: 1431:       *  The data is copied, so there is no dependence on @a __s once the
        -: 1432:       *  function returns.
        -: 1433:       */
        -: 1434:      basic_string&
        -: 1435:      assign(const _CharT* __s)
        -: 1436:      {
        -: 1437:	__glibcxx_requires_string(__s);
        -: 1438:	return _M_replace(size_type(0), this->size(), __s,
        -: 1439:			  traits_type::length(__s));
        -: 1440:      }
        -: 1441:
        -: 1442:      /**
        -: 1443:       *  @brief  Set value to multiple characters.
        -: 1444:       *  @param __n  Length of the resulting string.
        -: 1445:       *  @param __c  The character to use.
        -: 1446:       *  @return  Reference to this string.
        -: 1447:       *
        -: 1448:       *  This function sets the value of this string to @a __n copies of
        -: 1449:       *  character @a __c.
        -: 1450:       */
        -: 1451:      basic_string&
        -: 1452:      assign(size_type __n, _CharT __c)
        -: 1453:      { return _M_replace_aux(size_type(0), this->size(), __n, __c); }
        -: 1454:
        -: 1455:      /**
        -: 1456:       *  @brief  Set value to a range of characters.
        -: 1457:       *  @param __first  Iterator referencing the first character to append.
        -: 1458:       *  @param __last  Iterator marking the end of the range.
        -: 1459:       *  @return  Reference to this string.
        -: 1460:       *
        -: 1461:       *  Sets value of string to characters in the range [__first,__last).
        -: 1462:      */
        -: 1463:#if __cplusplus >= 201103L
        -: 1464:      template<class _InputIterator,
        -: 1465:	       typename = std::_RequireInputIter<_InputIterator>>
        -: 1466:#else
        -: 1467:      template<class _InputIterator>
        -: 1468:#endif
        -: 1469:        basic_string&
        -: 1470:        assign(_InputIterator __first, _InputIterator __last)
        -: 1471:        { return this->replace(begin(), end(), __first, __last); }
        -: 1472:
        -: 1473:#if __cplusplus >= 201103L
        -: 1474:      /**
        -: 1475:       *  @brief  Set value to an initializer_list of characters.
        -: 1476:       *  @param __l  The initializer_list of characters to assign.
        -: 1477:       *  @return  Reference to this string.
        -: 1478:       */
        -: 1479:      basic_string&
        -: 1480:      assign(initializer_list<_CharT> __l)
        -: 1481:      { return this->assign(__l.begin(), __l.size()); }
        -: 1482:#endif // C++11
        -: 1483:
        -: 1484:#if __cplusplus >= 201703L
        -: 1485:      /**
        -: 1486:       *  @brief  Set value from a string_view.
        -: 1487:       *  @param __svt  The source object convertible to string_view.
        -: 1488:       *  @return  Reference to this string.
        -: 1489:       */
        -: 1490:      template<typename _Tp>
        -: 1491:	_If_sv<_Tp, basic_string&>
        -: 1492:	assign(const _Tp& __svt)
        -: 1493:	{
        -: 1494:	  __sv_type __sv = __svt;
        -: 1495:	  return this->assign(__sv.data(), __sv.size());
        -: 1496:	}
        -: 1497:
        -: 1498:      /**
        -: 1499:       *  @brief  Set value from a range of characters in a string_view.
        -: 1500:       *  @param __svt  The source object convertible to string_view.
        -: 1501:       *  @param __pos  The position in the string_view to assign from.
        -: 1502:       *  @param __n  The number of characters to assign.
        -: 1503:       *  @return  Reference to this string.
        -: 1504:       */
        -: 1505:      template<typename _Tp>
        -: 1506:	_If_sv<_Tp, basic_string&>
        -: 1507:	assign(const _Tp& __svt, size_type __pos, size_type __n = npos)
        -: 1508:	{
        -: 1509:	  __sv_type __sv = __svt;
        -: 1510:	  return _M_replace(size_type(0), this->size(),
        -: 1511:	      __sv.data()
        -: 1512:	      + std::__sv_check(__sv.size(), __pos, "basic_string::assign"),
        -: 1513:	      std::__sv_limit(__sv.size(), __pos, __n));
        -: 1514:	}
        -: 1515:#endif // C++17
        -: 1516:
        -: 1517:#if __cplusplus >= 201103L
        -: 1518:      /**
        -: 1519:       *  @brief  Insert multiple characters.
        -: 1520:       *  @param __p  Const_iterator referencing location in string to
        -: 1521:       *              insert at.
        -: 1522:       *  @param __n  Number of characters to insert
        -: 1523:       *  @param __c  The character to insert.
        -: 1524:       *  @return  Iterator referencing the first inserted char.
        -: 1525:       *  @throw  std::length_error  If new length exceeds @c max_size().
        -: 1526:       *
        -: 1527:       *  Inserts @a __n copies of character @a __c starting at the
        -: 1528:       *  position referenced by iterator @a __p.  If adding
        -: 1529:       *  characters causes the length to exceed max_size(),
        -: 1530:       *  length_error is thrown.  The value of the string doesn't
        -: 1531:       *  change if an error is thrown.
        -: 1532:      */
        -: 1533:      iterator
        -: 1534:      insert(const_iterator __p, size_type __n, _CharT __c)
        -: 1535:      {
        -: 1536:	_GLIBCXX_DEBUG_PEDASSERT(__p >= begin() && __p <= end());
        -: 1537:	const size_type __pos = __p - begin();
        -: 1538:	this->replace(__p, __p, __n, __c);
        -: 1539:	return iterator(this->_M_data() + __pos);
        -: 1540:      }
        -: 1541:#else
        -: 1542:      /**
        -: 1543:       *  @brief  Insert multiple characters.
        -: 1544:       *  @param __p  Iterator referencing location in string to insert at.
        -: 1545:       *  @param __n  Number of characters to insert
        -: 1546:       *  @param __c  The character to insert.
        -: 1547:       *  @throw  std::length_error  If new length exceeds @c max_size().
        -: 1548:       *
        -: 1549:       *  Inserts @a __n copies of character @a __c starting at the
        -: 1550:       *  position referenced by iterator @a __p.  If adding
        -: 1551:       *  characters causes the length to exceed max_size(),
        -: 1552:       *  length_error is thrown.  The value of the string doesn't
        -: 1553:       *  change if an error is thrown.
        -: 1554:      */
        -: 1555:      void
        -: 1556:      insert(iterator __p, size_type __n, _CharT __c)
        -: 1557:      {	this->replace(__p, __p, __n, __c);  }
        -: 1558:#endif
        -: 1559:
        -: 1560:#if __cplusplus >= 201103L
        -: 1561:      /**
        -: 1562:       *  @brief  Insert a range of characters.
        -: 1563:       *  @param __p  Const_iterator referencing location in string to
        -: 1564:       *              insert at.
        -: 1565:       *  @param __beg  Start of range.
        -: 1566:       *  @param __end  End of range.
        -: 1567:       *  @return  Iterator referencing the first inserted char.
[...]
        -: 6438:    basic_istream<_CharT, _Traits>&
        -: 6439:    getline(basic_istream<_CharT, _Traits>& __is,
        -: 6440:	    basic_string<_CharT, _Traits, _Alloc>& __str, _CharT __delim);
        -: 6441:
        -: 6442:  /**
        -: 6443:   *  @brief  Read a line from stream into a string.
        -: 6444:   *  @param __is  Input stream.
        -: 6445:   *  @param __str  Buffer to store into.
        -: 6446:   *  @return  Reference to the input stream.
        -: 6447:   *
        -: 6448:   *  Stores characters from is into @a __str until &apos;\n&apos; is
        -: 6449:   *  found, the end of the stream is encountered, or str.max_size()
        -: 6450:   *  is reached.  Any previous contents of @a __str are erased.  If
        -: 6451:   *  end of line is encountered, it is extracted but not stored into
        -: 6452:   *  @a __str.
        -: 6453:   */
        -: 6454:  template<typename _CharT, typename _Traits, typename _Alloc>
        -: 6455:    inline basic_istream<_CharT, _Traits>&
        -: 6456:    getline(basic_istream<_CharT, _Traits>& __is,
        -: 6457:	    basic_string<_CharT, _Traits, _Alloc>& __str)
        -: 6458:    { return std::getline(__is, __str, __is.widen('\n')); }
        -: 6459:
        -: 6460:#if __cplusplus >= 201103L
        -: 6461:  /// Read a line from an rvalue stream into a string.
        -: 6462:  template<typename _CharT, typename _Traits, typename _Alloc>
        -: 6463:    inline basic_istream<_CharT, _Traits>&
        -: 6464:    getline(basic_istream<_CharT, _Traits>&& __is,
        -: 6465:	    basic_string<_CharT, _Traits, _Alloc>& __str, _CharT __delim)
        -: 6466:    { return std::getline(__is, __str, __delim); }
        -: 6467:
        -: 6468:  /// Read a line from an rvalue stream into a string.
        -: 6469:  template<typename _CharT, typename _Traits, typename _Alloc>
        -: 6470:    inline basic_istream<_CharT, _Traits>&
        -: 6471:    getline(basic_istream<_CharT, _Traits>&& __is,
        -: 6472:	    basic_string<_CharT, _Traits, _Alloc>& __str)
        -: 6473:    { return std::getline(__is, __str); }
        -: 6474:#endif
        -: 6475:
        -: 6476:  template<>
        -: 6477:    basic_istream<char>&
        -: 6478:    getline(basic_istream<char>& __in, basic_string<char>& __str,
        -: 6479:	    char __delim);
        -: 6480:
        -: 6481:#ifdef _GLIBCXX_USE_WCHAR_T
        -: 6482:  template<>
        -: 6483:    basic_istream<wchar_t>&
        -: 6484:    getline(basic_istream<wchar_t>& __in, basic_string<wchar_t>& __str,
        -: 6485:	    wchar_t __delim);
        -: 6486:#endif  
        -: 6487:
        -: 6488:_GLIBCXX_END_NAMESPACE_VERSION
        -: 6489:} // namespace
        -: 6490:
        -: 6491:#if __cplusplus >= 201103L
        -: 6492:
        -: 6493:#include <ext/string_conversions.h>
        -: 6494:
        -: 6495:namespace std _GLIBCXX_VISIBILITY(default)
        -: 6496:{
        -: 6497:_GLIBCXX_BEGIN_NAMESPACE_VERSION
        -: 6498:_GLIBCXX_BEGIN_NAMESPACE_CXX11
        -: 6499:
        -: 6500:#if _GLIBCXX_USE_C99_STDLIB
        -: 6501:  // 21.4 Numeric Conversions [string.conversions].
        -: 6502:  inline int
        -: 6503:  stoi(const string& __str, size_t* __idx = 0, int __base = 10)
        -: 6504:  { return __gnu_cxx::__stoa<long, int>(&std::strtol, "stoi", __str.c_str(),
        -: 6505:					__idx, __base); }
        -: 6506:
        -: 6507:  inline long
        -: 6508:  stol(const string& __str, size_t* __idx = 0, int __base = 10)
        -: 6509:  { return __gnu_cxx::__stoa(&std::strtol, "stol", __str.c_str(),
        -: 6510:			     __idx, __base); }
        -: 6511:
        -: 6512:  inline unsigned long
        -: 6513:  stoul(const string& __str, size_t* __idx = 0, int __base = 10)
        -: 6514:  { return __gnu_cxx::__stoa(&std::strtoul, "stoul", __str.c_str(),
        -: 6515:			     __idx, __base); }
        -: 6516:
        -: 6517:  inline long long
        -: 6518:  stoll(const string& __str, size_t* __idx = 0, int __base = 10)
        -: 6519:  { return __gnu_cxx::__stoa(&std::strtoll, "stoll", __str.c_str(),
        -: 6520:			     __idx, __base); }
        -: 6521:
        -: 6522:  inline unsigned long long
        -: 6523:  stoull(const string& __str, size_t* __idx = 0, int __base = 10)
        -: 6524:  { return __gnu_cxx::__stoa(&std::strtoull, "stoull", __str.c_str(),
        -: 6525:			     __idx, __base); }
        -: 6526:
        -: 6527:  // NB: strtof vs strtod.
        -: 6528:  inline float
        -: 6529:  stof(const string& __str, size_t* __idx = 0)
        -: 6530:  { return __gnu_cxx::__stoa(&std::strtof, "stof", __str.c_str(), __idx); }
        -: 6531:
        -: 6532:  inline double
        -: 6533:  stod(const string& __str, size_t* __idx = 0)
        -: 6534:  { return __gnu_cxx::__stoa(&std::strtod, "stod", __str.c_str(), __idx); }
        -: 6535:
        -: 6536:  inline long double
        -: 6537:  stold(const string& __str, size_t* __idx = 0)
        -: 6538:  { return __gnu_cxx::__stoa(&std::strtold, "stold", __str.c_str(), __idx); }
        -: 6539:#endif // _GLIBCXX_USE_C99_STDLIB
        -: 6540:
        -: 6541:#if _GLIBCXX_USE_C99_STDIO
        -: 6542:  // NB: (v)snprintf vs sprintf.
        -: 6543:
        -: 6544:  // DR 1261.
        -: 6545:  inline string
        -: 6546:  to_string(int __val)
        -: 6547:  { return __gnu_cxx::__to_xstring<string>(&std::vsnprintf, 4 * sizeof(int),
        -: 6548:					   "%d", __val); }
        -: 6549:
        -: 6550:  inline string
        -: 6551:  to_string(unsigned __val)
        -: 6552:  { return __gnu_cxx::__to_xstring<string>(&std::vsnprintf,
        -: 6553:					   4 * sizeof(unsigned),
        -: 6554:					   "%u", __val); }
        -: 6555:
        -: 6556:  inline string
        -: 6557:  to_string(long __val)
        -: 6558:  { return __gnu_cxx::__to_xstring<string>(&std::vsnprintf, 4 * sizeof(long),
        -: 6559:					   "%ld", __val); }
        -: 6560:
        -: 6561:  inline string
        -: 6562:  to_string(unsigned long __val)
        -: 6563:  { return __gnu_cxx::__to_xstring<string>(&std::vsnprintf,
        -: 6564:					   4 * sizeof(unsigned long),
        -: 6565:					   "%lu", __val); }
        -: 6566:
        -: 6567:  inline string
        -: 6568:  to_string(long long __val)
        -: 6569:  { return __gnu_cxx::__to_xstring<string>(&std::vsnprintf,
        -: 6570:					   4 * sizeof(long long),
        -: 6571:					   "%lld", __val); }
        -: 6572:
        -: 6573:  inline string
        -: 6574:  to_string(unsigned long long __val)
        -: 6575:  { return __gnu_cxx::__to_xstring<string>(&std::vsnprintf,
        -: 6576:					   4 * sizeof(unsigned long long),
        -: 6577:					   "%llu", __val); }
        -: 6578:
        -: 6579:  inline string
        -: 6580:  to_string(float __val)
        -: 6581:  {
        -: 6582:    const int __n = 
        -: 6583:      __gnu_cxx::__numeric_traits<float>::__max_exponent10 + 20;
        -: 6584:    return __gnu_cxx::__to_xstring<string>(&std::vsnprintf, __n,
        -: 6585:					   "%f", __val);
        -: 6586:  }
        -: 6587:
        -: 6588:  inline string
        -: 6589:  to_string(double __val)
        -: 6590:  {
        -: 6591:    const int __n = 
        -: 6592:      __gnu_cxx::__numeric_traits<double>::__max_exponent10 + 20;
        -: 6593:    return __gnu_cxx::__to_xstring<string>(&std::vsnprintf, __n,
        -: 6594:					   "%f", __val);
        -: 6595:  }
        -: 6596:
        -: 6597:  inline string
        -: 6598:  to_string(long double __val)
        -: 6599:  {
        -: 6600:    const int __n = 
        -: 6601:      __gnu_cxx::__numeric_traits<long double>::__max_exponent10 + 20;
        -: 6602:    return __gnu_cxx::__to_xstring<string>(&std::vsnprintf, __n,
        -: 6603:					   "%Lf", __val);
        -: 6604:  }
        -: 6605:#endif // _GLIBCXX_USE_C99_STDIO
        -: 6606:
        -: 6607:#if defined(_GLIBCXX_USE_WCHAR_T) && _GLIBCXX_USE_C99_WCHAR
        -: 6608:  inline int 
        -: 6609:  stoi(const wstring& __str, size_t* __idx = 0, int __base = 10)
        -: 6610:  { return __gnu_cxx::__stoa<long, int>(&std::wcstol, "stoi", __str.c_str(),
        -: 6611:					__idx, __base); }
        -: 6612:
        -: 6613:  inline long 
        -: 6614:  stol(const wstring& __str, size_t* __idx = 0, int __base = 10)
        -: 6615:  { return __gnu_cxx::__stoa(&std::wcstol, "stol", __str.c_str(),
        -: 6616:			     __idx, __base); }
        -: 6617:
        -: 6618:  inline unsigned long
        -: 6619:  stoul(const wstring& __str, size_t* __idx = 0, int __base = 10)
        -: 6620:  { return __gnu_cxx::__stoa(&std::wcstoul, "stoul", __str.c_str(),
        -: 6621:			     __idx, __base); }
        -: 6622:
        -: 6623:  inline long long
        -: 6624:  stoll(const wstring& __str, size_t* __idx = 0, int __base = 10)
        -: 6625:  { return __gnu_cxx::__stoa(&std::wcstoll, "stoll", __str.c_str(),
        -: 6626:			     __idx, __base); }
        -: 6627:
        -: 6628:  inline unsigned long long
        -: 6629:  stoull(const wstring& __str, size_t* __idx = 0, int __base = 10)
        -: 6630:  { return __gnu_cxx::__stoa(&std::wcstoull, "stoull", __str.c_str(),
        -: 6631:			     __idx, __base); }
        -: 6632:
        -: 6633:  // NB: wcstof vs wcstod.
        -: 6634:  inline float
        -: 6635:  stof(const wstring& __str, size_t* __idx = 0)
        -: 6636:  { return __gnu_cxx::__stoa(&std::wcstof, "stof", __str.c_str(), __idx); }
        -: 6637:
        -: 6638:  inline double
        -: 6639:  stod(const wstring& __str, size_t* __idx = 0)
        -: 6640:  { return __gnu_cxx::__stoa(&std::wcstod, "stod", __str.c_str(), __idx); }
        -: 6641:
        -: 6642:  inline long double
        -: 6643:  stold(const wstring& __str, size_t* __idx = 0)
        -: 6644:  { return __gnu_cxx::__stoa(&std::wcstold, "stold", __str.c_str(), __idx); }
        -: 6645:
        -: 6646:#ifndef _GLIBCXX_HAVE_BROKEN_VSWPRINTF
        -: 6647:  // DR 1261.
        -: 6648:  inline wstring
        -: 6649:  to_wstring(int __val)
        -: 6650:  { return __gnu_cxx::__to_xstring<wstring>(&std::vswprintf, 4 * sizeof(int),
        -: 6651:					    L"%d", __val); }
        -: 6652:
        -: 6653:  inline wstring
        -: 6654:  to_wstring(unsigned __val)
        -: 6655:  { return __gnu_cxx::__to_xstring<wstring>(&std::vswprintf,
        -: 6656:					    4 * sizeof(unsigned),
        -: 6657:					    L"%u", __val); }
        -: 6658:
        -: 6659:  inline wstring
        -: 6660:  to_wstring(long __val)
        -: 6661:  { return __gnu_cxx::__to_xstring<wstring>(&std::vswprintf, 4 * sizeof(long),
        -: 6662:					    L"%ld", __val); }
        -: 6663:
        -: 6664:  inline wstring
        -: 6665:  to_wstring(unsigned long __val)
        -: 6666:  { return __gnu_cxx::__to_xstring<wstring>(&std::vswprintf,
        -: 6667:					    4 * sizeof(unsigned long),
        -: 6668:					    L"%lu", __val); }
        -: 6669:
        -: 6670:  inline wstring
        -: 6671:  to_wstring(long long __val)
        -: 6672:  { return __gnu_cxx::__to_xstring<wstring>(&std::vswprintf,
        -: 6673:					    4 * sizeof(long long),
        -: 6674:					    L"%lld", __val); }
        -: 6675:
        -: 6676:  inline wstring
        -: 6677:  to_wstring(unsigned long long __val)
        -: 6678:  { return __gnu_cxx::__to_xstring<wstring>(&std::vswprintf,
        -: 6679:					    4 * sizeof(unsigned long long),
        -: 6680:					    L"%llu", __val); }
        -: 6681:
        -: 6682:  inline wstring
        -: 6683:  to_wstring(float __val)
        -: 6684:  {
        -: 6685:    const int __n =
        -: 6686:      __gnu_cxx::__numeric_traits<float>::__max_exponent10 + 20;
        -: 6687:    return __gnu_cxx::__to_xstring<wstring>(&std::vswprintf, __n,
        -: 6688:					    L"%f", __val);
        -: 6689:  }
        -: 6690:
        -: 6691:  inline wstring
        -: 6692:  to_wstring(double __val)
        -: 6693:  {
        -: 6694:    const int __n =
        -: 6695:      __gnu_cxx::__numeric_traits<double>::__max_exponent10 + 20;
        -: 6696:    return __gnu_cxx::__to_xstring<wstring>(&std::vswprintf, __n,
        -: 6697:					    L"%f", __val);
        -: 6698:  }
        -: 6699:
        -: 6700:  inline wstring
        -: 6701:  to_wstring(long double __val)
        -: 6702:  {
        -: 6703:    const int __n =
        -: 6704:      __gnu_cxx::__numeric_traits<long double>::__max_exponent10 + 20;
        -: 6705:    return __gnu_cxx::__to_xstring<wstring>(&std::vswprintf, __n,
        -: 6706:					    L"%Lf", __val);
        -: 6707:  }
        -: 6708:#endif // _GLIBCXX_HAVE_BROKEN_VSWPRINTF
        -: 6709:#endif // _GLIBCXX_USE_WCHAR_T && _GLIBCXX_USE_C99_WCHAR
        -: 6710:
        -: 6711:_GLIBCXX_END_NAMESPACE_CXX11
        -: 6712:_GLIBCXX_END_NAMESPACE_VERSION
        -: 6713:} // namespace
        -: 6714:
        -: 6715:#endif /* C++11 */
        -: 6716:
        -: 6717:#if __cplusplus >= 201103L
        -: 6718:
        -: 6719:#include <bits/functional_hash.h>
        -: 6720:
        -: 6721:namespace std _GLIBCXX_VISIBILITY(default)
        -: 6722:{
        -: 6723:_GLIBCXX_BEGIN_NAMESPACE_VERSION
        -: 6724:
        -: 6725:  // DR 1182.
        -: 6726:
        -: 6727:#ifndef _GLIBCXX_COMPATIBILITY_CXX0X
        -: 6728:  /// std::hash specialization for string.
        -: 6729:  template<>
        -: 6730:    struct hash<string>
        -: 6731:    : public __hash_base<size_t, string>
        -: 6732:    {
        -: 6733:      size_t
        -: 6734:      operator()(const string& __s) const noexcept
        -: 6735:      { return std::_Hash_impl::hash(__s.data(), __s.length()); }
        -: 6736:    };
        -: 6737:
        -: 6738:  template<>
        -: 6739:    struct __is_fast_hash<hash<string>> : std::false_type
        -: 6740:    { };
        -: 6741:
        -: 6742:#ifdef _GLIBCXX_USE_WCHAR_T
        -: 6743:  /// std::hash specialization for wstring.
        -: 6744:  template<>
        -: 6745:    struct hash<wstring>
        -: 6746:    : public __hash_base<size_t, wstring>
        -: 6747:    {
        -: 6748:      size_t
        -: 6749:      operator()(const wstring& __s) const noexcept
        -: 6750:      { return std::_Hash_impl::hash(__s.data(),
        -: 6751:                                     __s.length() * sizeof(wchar_t)); }
        -: 6752:    };
        -: 6753:
        -: 6754:  template<>
        -: 6755:    struct __is_fast_hash<hash<wstring>> : std::false_type
        -: 6756:    { };
        -: 6757:#endif
        -: 6758:#endif /* _GLIBCXX_COMPATIBILITY_CXX0X */
        -: 6759:
        -: 6760:#ifdef _GLIBCXX_USE_CHAR8_T
        -: 6761:  /// std::hash specialization for u8string.
        -: 6762:  template<>
        -: 6763:    struct hash<u8string>
        -: 6764:    : public __hash_base<size_t, u8string>
        -: 6765:    {
        -: 6766:      size_t
        -: 6767:      operator()(const u8string& __s) const noexcept
        -: 6768:      { return std::_Hash_impl::hash(__s.data(),
        -: 6769:                                     __s.length() * sizeof(char8_t)); }
        -: 6770:    };
        -: 6771:
        -: 6772:  template<>
        -: 6773:    struct __is_fast_hash<hash<u8string>> : std::false_type
        -: 6774:    { };
        -: 6775:#endif
        -: 6776:
        -: 6777:  /// std::hash specialization for u16string.
        -: 6778:  template<>
        -: 6779:    struct hash<u16string>
        -: 6780:    : public __hash_base<size_t, u16string>
        -: 6781:    {
        -: 6782:      size_t
        -: 6783:      operator()(const u16string& __s) const noexcept
        -: 6784:      { return std::_Hash_impl::hash(__s.data(),
        -: 6785:                                     __s.length() * sizeof(char16_t)); }
        -: 6786:    };
        -: 6787:
        -: 6788:  template<>
        -: 6789:    struct __is_fast_hash<hash<u16string>> : std::false_type
        -: 6790:    { };
        -: 6791:
        -: 6792:  /// std::hash specialization for u32string.
        -: 6793:  template<>
        -: 6794:    struct hash<u32string>
        -: 6795:    : public __hash_base<size_t, u32string>
        -: 6796:    {
        -: 6797:      size_t
        -: 6798:      operator()(const u32string& __s) const noexcept
        -: 6799:      { return std::_Hash_impl::hash(__s.data(),
        -: 6800:                                     __s.length() * sizeof(char32_t)); }
        -: 6801:    };
        -: 6802:
        -: 6803:  template<>
        -: 6804:    struct __is_fast_hash<hash<u32string>> : std::false_type
        -: 6805:    { };
        -: 6806:
        -: 6807:#if __cplusplus >= 201402L
        -: 6808:
        -: 6809:#define __cpp_lib_string_udls 201304
        -: 6810:
        -: 6811:  inline namespace literals
        -: 6812:  {
        -: 6813:  inline namespace string_literals
        -: 6814:  {
        -: 6815:#pragma GCC diagnostic push
        -: 6816:#pragma GCC diagnostic ignored "-Wliteral-suffix"
        -: 6817:    _GLIBCXX_DEFAULT_ABI_TAG
        -: 6818:    inline basic_string<char>
        -: 6819:    operator""s(const char* __str, size_t __len)
        -: 6820:    { return basic_string<char>{__str, __len}; }
        -: 6821:
        -: 6822:#ifdef _GLIBCXX_USE_WCHAR_T
        -: 6823:    _GLIBCXX_DEFAULT_ABI_TAG
        -: 6824:    inline basic_string<wchar_t>
        -: 6825:    operator""s(const wchar_t* __str, size_t __len)
        -: 6826:    { return basic_string<wchar_t>{__str, __len}; }
        -: 6827:#endif
        -: 6828:
        -: 6829:#ifdef _GLIBCXX_USE_CHAR8_T
        -: 6830:    _GLIBCXX_DEFAULT_ABI_TAG
        -: 6831:    inline basic_string<char8_t>
        -: 6832:    operator""s(const char8_t* __str, size_t __len)
        -: 6833:    { return basic_string<char8_t>{__str, __len}; }
        -: 6834:#endif
        -: 6835:
        -: 6836:    _GLIBCXX_DEFAULT_ABI_TAG
        -: 6837:    inline basic_string<char16_t>
        -: 6838:    operator""s(const char16_t* __str, size_t __len)
        -: 6839:    { return basic_string<char16_t>{__str, __len}; }
        -: 6840:
        -: 6841:    _GLIBCXX_DEFAULT_ABI_TAG
        -: 6842:    inline basic_string<char32_t>
        -: 6843:    operator""s(const char32_t* __str, size_t __len)
        -: 6844:    { return basic_string<char32_t>{__str, __len}; }
        -: 6845:
        -: 6846:#pragma GCC diagnostic pop
        -: 6847:  } // inline namespace string_literals
        -: 6848:  } // inline namespace literals
        -: 6849:
        -: 6850:#if __cplusplus >= 201703L
        -: 6851:  namespace __detail::__variant
        -: 6852:  {
        -: 6853:    template<typename> struct _Never_valueless_alt; // see <variant>
        -: 6854:
        -: 6855:    // Provide the strong exception-safety guarantee when emplacing a
        -: 6856:    // basic_string into a variant, but only if moving the string cannot throw.
        -: 6857:    template<typename _Tp, typename _Traits, typename _Alloc>
        -: 6858:      struct _Never_valueless_alt<std::basic_string<_Tp, _Traits, _Alloc>>
        -: 6859:      : __and_<
        -: 6860:	is_nothrow_move_constructible<std::basic_string<_Tp, _Traits, _Alloc>>,
        -: 6861:	is_nothrow_move_assignable<std::basic_string<_Tp, _Traits, _Alloc>>
        -: 6862:	>::type
        -: 6863:      { };
        -: 6864:  }  // namespace __detail::__variant
        -: 6865:#endif // C++17
        -: 6866:#endif // C++14
        -: 6867:
        -: 6868:_GLIBCXX_END_NAMESPACE_VERSION
        -: 6869:} // namespace std
        -: 6870:
        -: 6871:#endif // C++11
        -: 6872:
        -: 6873:#endif /* _BASIC_STRING_H */
