        -:    0:Source:/usr/include/c++/5/bits/basic_string.h
        -:    0:Graph:./test_index.gcno
        -:    0:Data:./test_index.gcda
        -:    0:Runs:1
        -:    0:Programs:1
        -:    1:// Components for manipulating sequences of characters -*- C++ -*-
        -:    2:
        -:    3:// Copyright (C) 1997-2015 Free Software Foundation, Inc.
        -:    4://
        -:    5:// This file is part of the GNU ISO C++ Library.  This library is free
        -:    6:// software; you can redistribute it and/or modify it under the
        -:    7:// terms of the GNU General Public License as published by the
        -:    8:// Free Software Foundation; either version 3, or (at your option)
        -:    9:// any later version.
        -:   10:
        -:   11:// This library is distributed in the hope that it will be useful,
        -:   12:// but WITHOUT ANY WARRANTY; without even the implied warranty of
        -:   13:// MERCHANTABILITY or FITNESS FOR A PARTICULAR PURPOSE.  See the
        -:   14:// GNU General Public License for more details.
        -:   15:
        -:   16:// Under Section 7 of GPL version 3, you are granted additional
        -:   17:// permissions described in the GCC Runtime Library Exception, version
        -:   18:// 3.1, as published by the Free Software Foundation.
        -:   19:
        -:   20:// You should have received a copy of the GNU General Public License and
        -:   21:// a copy of the GCC Runtime Library Exception along with this program;
        -:   22:// see the files COPYING3 and COPYING.RUNTIME respectively.  If not, see
        -:   23:// <http://www.gnu.org/licenses/>.
        -:   24:
        -:   25:/** @file bits/basic_string.h
        -:   26: *  This is an internal header file, included by other library headers.
        -:   27: *  Do not attempt to use it directly. @headername{string}
        -:   28: */
        -:   29:
        -:   30://
        -:   31:// ISO C++ 14882: 21 Strings library
        -:   32://
        -:   33:
        -:   34:#ifndef _BASIC_STRING_H
        -:   35:#define _BASIC_STRING_H 1
        -:   36:
        -:   37:#pragma GCC system_header
        -:   38:
        -:   39:#include <ext/atomicity.h>
        -:   40:#include <ext/alloc_traits.h>
        -:   41:#include <debug/debug.h>
        -:   42:#if __cplusplus >= 201103L
        -:   43:#include <initializer_list>
        -:   44:#endif
        -:   45:
        -:   46:namespace std _GLIBCXX_VISIBILITY(default)
        -:   47:{
        -:   48:_GLIBCXX_BEGIN_NAMESPACE_VERSION
        -:   49:
        -:   50:#if _GLIBCXX_USE_CXX11_ABI
        -:   51:_GLIBCXX_BEGIN_NAMESPACE_CXX11
        -:   52:  /**
        -:   53:   *  @class basic_string basic_string.h <string>
        -:   54:   *  @brief  Managing sequences of characters and character-like objects.
        -:   55:   *
        -:   56:   *  @ingroup strings
        -:   57:   *  @ingroup sequences
        -:   58:   *
        -:   59:   *  @tparam _CharT  Type of character
        -:   60:   *  @tparam _Traits  Traits for character type, defaults to
        -:   61:   *                   char_traits<_CharT>.
        -:   62:   *  @tparam _Alloc  Allocator type, defaults to allocator<_CharT>.
        -:   63:   *
        -:   64:   *  Meets the requirements of a <a href="tables.html#65">container</a>, a
        -:   65:   *  <a href="tables.html#66">reversible container</a>, and a
        -:   66:   *  <a href="tables.html#67">sequence</a>.  Of the
        -:   67:   *  <a href="tables.html#68">optional sequence requirements</a>, only
        -:   68:   *  @c push_back, @c at, and @c %array access are supported.
        -:   69:   */
        -:   70:  template<typename _CharT, typename _Traits, typename _Alloc>
        -:   71:    class basic_string
        -:   72:    {
        -:   73:      typedef typename __gnu_cxx::__alloc_traits<_Alloc>::template
        -:   74:	rebind<_CharT>::other _Char_alloc_type;
        -:   75:      typedef __gnu_cxx::__alloc_traits<_Char_alloc_type> _Alloc_traits;
        -:   76:
        -:   77:      // Types:
        -:   78:    public:
        -:   79:      typedef _Traits					traits_type;
        -:   80:      typedef typename _Traits::char_type		value_type;
        -:   81:      typedef _Char_alloc_type				allocator_type;
        -:   82:      typedef typename _Alloc_traits::size_type		size_type;
        -:   83:      typedef typename _Alloc_traits::difference_type	difference_type;
        -:   84:      typedef typename _Alloc_traits::reference		reference;
        -:   85:      typedef typename _Alloc_traits::const_reference	const_reference;
        -:   86:      typedef typename _Alloc_traits::pointer		pointer;
        -:   87:      typedef typename _Alloc_traits::const_pointer	const_pointer;
        -:   88:      typedef __gnu_cxx::__normal_iterator<pointer, basic_string>  iterator;
        -:   89:      typedef __gnu_cxx::__normal_iterator<const_pointer, basic_string>
        -:   90:							const_iterator;
        -:   91:      typedef std::reverse_iterator<const_iterator>	const_reverse_iterator;
        -:   92:      typedef std::reverse_iterator<iterator>		reverse_iterator;
        -:   93:
        -:   94:      ///  Value returned by various member functions when they fail.
        -:   95:      static const size_type	npos = static_cast<size_type>(-1);
        -:   96:
        -:   97:    private:
        -:   98:      // type used for positions in insert, erase etc.
        -:   99:#if __cplusplus < 201103L
        -:  100:      typedef iterator __const_iterator;
        -:  101:#else
        -:  102:      typedef const_iterator __const_iterator;
        -:  103:#endif
        -:  104:
        -:  105:      // Use empty-base optimization: http://www.cantrip.org/emptyopt.html
    #####:  106:      struct _Alloc_hider : allocator_type // TODO check __is_final
        -:  107:      {
        -:  108:	_Alloc_hider(pointer __dat, const _Alloc& __a = _Alloc())
        -:  109:	: allocator_type(__a), _M_p(__dat) { }
        -:  110:
        -:  111:	pointer _M_p; // The actual data.
        -:  112:      };
        -:  113:
        -:  114:      _Alloc_hider	_M_dataplus;
        -:  115:      size_type		_M_string_length;
        -:  116:
        -:  117:      enum { _S_local_capacity = 15 / sizeof(_CharT) };
        -:  118:
        -:  119:      union
        -:  120:      {
        -:  121:	_CharT           _M_local_buf[_S_local_capacity + 1];
        -:  122:	size_type        _M_allocated_capacity;
        -:  123:      };
        -:  124:
        -:  125:      void
        -:  126:      _M_data(pointer __p)
        -:  127:      { _M_dataplus._M_p = __p; }
        -:  128:
        -:  129:      void
        -:  130:      _M_length(size_type __length)
        -:  131:      { _M_string_length = __length; }
        -:  132:
        -:  133:      pointer
        -:  134:      _M_data() const
        -:  135:      { return _M_dataplus._M_p; }
        -:  136:
        -:  137:      pointer
        -:  138:      _M_local_data()
        -:  139:      {
        -:  140:#if __cplusplus >= 201103L
        -:  141:	return std::pointer_traits<pointer>::pointer_to(*_M_local_buf);
        -:  142:#else
        -:  143:	return pointer(_M_local_buf);
        -:  144:#endif
        -:  145:      }
        -:  146:
        -:  147:      const_pointer
        -:  148:      _M_local_data() const
        -:  149:      {
        -:  150:#if __cplusplus >= 201103L
        -:  151:	return std::pointer_traits<const_pointer>::pointer_to(*_M_local_buf);
        -:  152:#else
        -:  153:	return const_pointer(_M_local_buf);
        -:  154:#endif
        -:  155:      }
        -:  156:
        -:  157:      void
        -:  158:      _M_capacity(size_type __capacity)
        -:  159:      { _M_allocated_capacity = __capacity; }
        -:  160:
        -:  161:      void
        -:  162:      _M_set_length(size_type __n)
        -:  163:      {
        -:  164:	_M_length(__n);
        -:  165:	traits_type::assign(_M_data()[__n], _CharT());
        -:  166:      }
        -:  167:
        -:  168:      bool
        -:  169:      _M_is_local() const
        -:  170:      { return _M_data() == _M_local_data(); }
        -:  171:
        -:  172:      // Create & Destroy
        -:  173:      pointer
        -:  174:      _M_create(size_type&, size_type);
        -:  175:
        -:  176:      void
        -:  177:      _M_dispose()
        -:  178:      {
        -:  179:	if (!_M_is_local())
        -:  180:	  _M_destroy(_M_allocated_capacity);
        -:  181:      }
        -:  182:
        -:  183:      void
        -:  184:      _M_destroy(size_type __size) throw()
        -:  185:      { _Alloc_traits::deallocate(_M_get_allocator(), _M_data(), __size + 1); }
        -:  186:
        -:  187:      // _M_construct_aux is used to implement the 21.3.1 para 15 which
        -:  188:      // requires special behaviour if _InIterator is an integral type
        -:  189:      template<typename _InIterator>
        -:  190:        void
    #####:  191:        _M_construct_aux(_InIterator __beg, _InIterator __end,
        -:  192:			 std::__false_type)
        -:  193:	{
        -:  194:          typedef typename iterator_traits<_InIterator>::iterator_category _Tag;
    #####:  195:          _M_construct(__beg, __end, _Tag());
    #####:  196:	}
        -:  197:
        -:  198:      // _GLIBCXX_RESOLVE_LIB_DEFECTS
        -:  199:      // 438. Ambiguity in the "do the right thing" clause
        -:  200:      template<typename _Integer>
        -:  201:        void
        -:  202:        _M_construct_aux(_Integer __beg, _Integer __end, std::__true_type)
        -:  203:	{ _M_construct_aux_2(static_cast<size_type>(__beg), __end); }
        -:  204:
        -:  205:      void
        -:  206:      _M_construct_aux_2(size_type __req, _CharT __c)
        -:  207:      { _M_construct(__req, __c); }
        -:  208:
        -:  209:      template<typename _InIterator>
        -:  210:        void
    #####:  211:        _M_construct(_InIterator __beg, _InIterator __end)
        -:  212:	{
        -:  213:	  typedef typename std::__is_integer<_InIterator>::__type _Integral;
    #####:  214:	  _M_construct_aux(__beg, __end, _Integral());
    #####:  215:        }
        -:  216:
        -:  217:      // For Input Iterators, used in istreambuf_iterators, etc.
        -:  218:      template<typename _InIterator>
        -:  219:        void
        -:  220:        _M_construct(_InIterator __beg, _InIterator __end,
        -:  221:		     std::input_iterator_tag);
        -:  222:
        -:  223:      // For forward_iterators up to random_access_iterators, used for
        -:  224:      // string::iterator, _CharT*, etc.
        -:  225:      template<typename _FwdIterator>
        -:  226:        void
        -:  227:        _M_construct(_FwdIterator __beg, _FwdIterator __end,
        -:  228:		     std::forward_iterator_tag);
        -:  229:
        -:  230:      void
        -:  231:      _M_construct(size_type __req, _CharT __c);
        -:  232:
        -:  233:      allocator_type&
        -:  234:      _M_get_allocator()
        -:  235:      { return _M_dataplus; }
        -:  236:
        -:  237:      const allocator_type&
        -:  238:      _M_get_allocator() const
        -:  239:      { return _M_dataplus; }
        -:  240:
        -:  241:    private:
        -:  242:
        -:  243:#ifdef _GLIBCXX_DISAMBIGUATE_REPLACE_INST
        -:  244:      // The explicit instantiations in misc-inst.cc require this due to
        -:  245:      // https://gcc.gnu.org/bugzilla/show_bug.cgi?id=64063
        -:  246:      template<typename _Tp, bool _Requires =
        -:  247:	       !__are_same<_Tp, _CharT*>::__value
        -:  248:	       && !__are_same<_Tp, const _CharT*>::__value
        -:  249:	       && !__are_same<_Tp, iterator>::__value
        -:  250:	       && !__are_same<_Tp, const_iterator>::__value>
        -:  251:	struct __enable_if_not_native_iterator
        -:  252:	{ typedef basic_string& __type; };
        -:  253:      template<typename _Tp>
        -:  254:	struct __enable_if_not_native_iterator<_Tp, false> { };
        -:  255:#endif
        -:  256:
        -:  257:      size_type
        -:  258:      _M_check(size_type __pos, const char* __s) const
        -:  259:      {
        -:  260:	if (__pos > this->size())
        -:  261:	  __throw_out_of_range_fmt(__N("%s: __pos (which is %zu) > "
        -:  262:				       "this->size() (which is %zu)"),
        -:  263:				   __s, __pos, this->size());
        -:  264:	return __pos;
        -:  265:      }
        -:  266:
        -:  267:      void
        -:  268:      _M_check_length(size_type __n1, size_type __n2, const char* __s) const
        -:  269:      {
        -:  270:	if (this->max_size() - (this->size() - __n1) < __n2)
        -:  271:	  __throw_length_error(__N(__s));
        -:  272:      }
        -:  273:
        -:  274:
        -:  275:      // NB: _M_limit doesn't check for a bad __pos value.
        -:  276:      size_type
        -:  277:      _M_limit(size_type __pos, size_type __off) const _GLIBCXX_NOEXCEPT
        -:  278:      {
        -:  279:	const bool __testoff =  __off < this->size() - __pos;
        -:  280:	return __testoff ? __off : this->size() - __pos;
        -:  281:      }
        -:  282:
        -:  283:      // True if _Rep and source do not overlap.
        -:  284:      bool
        -:  285:      _M_disjunct(const _CharT* __s) const _GLIBCXX_NOEXCEPT
        -:  286:      {
        -:  287:	return (less<const _CharT*>()(__s, _M_data())
        -:  288:		|| less<const _CharT*>()(_M_data() + this->size(), __s));
        -:  289:      }
        -:  290:
        -:  291:      // When __n = 1 way faster than the general multichar
        -:  292:      // traits_type::copy/move/assign.
        -:  293:      static void
        -:  294:      _S_copy(_CharT* __d, const _CharT* __s, size_type __n)
        -:  295:      {
        -:  296:	if (__n == 1)
        -:  297:	  traits_type::assign(*__d, *__s);
        -:  298:	else
        -:  299:	  traits_type::copy(__d, __s, __n);
        -:  300:      }
        -:  301:
        -:  302:      static void
        -:  303:      _S_move(_CharT* __d, const _CharT* __s, size_type __n)
        -:  304:      {
        -:  305:	if (__n == 1)
        -:  306:	  traits_type::assign(*__d, *__s);
        -:  307:	else
        -:  308:	  traits_type::move(__d, __s, __n);
        -:  309:      }
        -:  310:
        -:  311:      static void
        -:  312:      _S_assign(_CharT* __d, size_type __n, _CharT __c)
        -:  313:      {
        -:  314:	if (__n == 1)
        -:  315:	  traits_type::assign(*__d, __c);
        -:  316:	else
        -:  317:	  traits_type::assign(__d, __n, __c);
        -:  318:      }
        -:  319:
        -:  320:      // _S_copy_chars is a separate template to permit specialization
        -:  321:      // to optimize for the common case of pointers as iterators.
        -:  322:      template<class _Iterator>
        -:  323:        static void
        -:  324:        _S_copy_chars(_CharT* __p, _Iterator __k1, _Iterator __k2)
        -:  325:        {
        -:  326:	  for (; __k1 != __k2; ++__k1, ++__p)
        -:  327:	    traits_type::assign(*__p, *__k1); // These types are off.
        -:  328:	}
        -:  329:
        -:  330:      static void
        -:  331:      _S_copy_chars(_CharT* __p, iterator __k1, iterator __k2) _GLIBCXX_NOEXCEPT
        -:  332:      { _S_copy_chars(__p, __k1.base(), __k2.base()); }
        -:  333:
        -:  334:      static void
        -:  335:      _S_copy_chars(_CharT* __p, const_iterator __k1, const_iterator __k2)
        -:  336:      _GLIBCXX_NOEXCEPT
        -:  337:      { _S_copy_chars(__p, __k1.base(), __k2.base()); }
        -:  338:
        -:  339:      static void
        -:  340:      _S_copy_chars(_CharT* __p, _CharT* __k1, _CharT* __k2) _GLIBCXX_NOEXCEPT
        -:  341:      { _S_copy(__p, __k1, __k2 - __k1); }
        -:  342:
        -:  343:      static void
        -:  344:      _S_copy_chars(_CharT* __p, const _CharT* __k1, const _CharT* __k2)
        -:  345:      _GLIBCXX_NOEXCEPT
        -:  346:      { _S_copy(__p, __k1, __k2 - __k1); }
        -:  347:
        -:  348:      static int
        -:  349:      _S_compare(size_type __n1, size_type __n2) _GLIBCXX_NOEXCEPT
        -:  350:      {
        -:  351:	const difference_type __d = difference_type(__n1 - __n2);
        -:  352:
        -:  353:	if (__d > __gnu_cxx::__numeric_traits<int>::__max)
        -:  354:	  return __gnu_cxx::__numeric_traits<int>::__max;
        -:  355:	else if (__d < __gnu_cxx::__numeric_traits<int>::__min)
        -:  356:	  return __gnu_cxx::__numeric_traits<int>::__min;
        -:  357:	else
        -:  358:	  return int(__d);
        -:  359:      }
        -:  360:
        -:  361:      void
        -:  362:      _M_assign(const basic_string& __rcs);
        -:  363:
        -:  364:      void
        -:  365:      _M_mutate(size_type __pos, size_type __len1, const _CharT* __s,
        -:  366:		size_type __len2);
        -:  367:
        -:  368:      void
        -:  369:      _M_erase(size_type __pos, size_type __n);
        -:  370:
        -:  371:    public:
        -:  372:      // Construct/copy/destroy:
        -:  373:      // NB: We overload ctors in some cases instead of using default
        -:  374:      // arguments, per 17.4.4.4 para. 2 item 2.
        -:  375:
        -:  376:      /**
        -:  377:       *  @brief  Default constructor creates an empty string.
        -:  378:       */
        -:  379:      basic_string()
        -:  380:#if __cplusplus >= 201103L
        -:  381:      noexcept(is_nothrow_default_constructible<_Alloc>::value)
        -:  382:#endif
        -:  383:      : _M_dataplus(_M_local_data())
        -:  384:      { _M_set_length(0); }
        -:  385:
        -:  386:      /**
        -:  387:       *  @brief  Construct an empty string using allocator @a a.
        -:  388:       */
        -:  389:      explicit
        -:  390:      basic_string(const _Alloc& __a)
        -:  391:      : _M_dataplus(_M_local_data(), __a)
        -:  392:      { _M_set_length(0); }
        -:  393:
        -:  394:      /**
        -:  395:       *  @brief  Construct string with copy of value of @a __str.
        -:  396:       *  @param  __str  Source string.
        -:  397:       */
        -:  398:      basic_string(const basic_string& __str)
        -:  399:      : _M_dataplus(_M_local_data(), __str._M_get_allocator()) // TODO A traits
        -:  400:      { _M_construct(__str._M_data(), __str._M_data() + __str.length()); }
        -:  401:
        -:  402:      /**
        -:  403:       *  @brief  Construct string as copy of a substring.
        -:  404:       *  @param  __str  Source string.
        -:  405:       *  @param  __pos  Index of first character to copy from.
        -:  406:       *  @param  __n  Number of characters to copy (default remainder).
        -:  407:       */
        -:  408:      // _GLIBCXX_RESOLVE_LIB_DEFECTS
        -:  409:      // 2402. [this constructor] shouldn't use Allocator()
        -:  410:      basic_string(const basic_string& __str, size_type __pos,
        -:  411:		   size_type __n = npos)
        -:  412:      : _M_dataplus(_M_local_data())
        -:  413:      {
        -:  414:	const _CharT* __start = __str._M_data()
        -:  415:	  + __str._M_check(__pos, "basic_string::basic_string");
        -:  416:	_M_construct(__start, __start + __str._M_limit(__pos, __n));
        -:  417:      }
        -:  418:
        -:  419:      /**
        -:  420:       *  @brief  Construct string as copy of a substring.
        -:  421:       *  @param  __str  Source string.
        -:  422:       *  @param  __pos  Index of first character to copy from.
        -:  423:       *  @param  __n  Number of characters to copy (default remainder).
        -:  424:       *  @param  __a  Allocator to use.
        -:  425:       */
        -:  426:      basic_string(const basic_string& __str, size_type __pos,
        -:  427:		   size_type __n, const _Alloc& __a)
        -:  428:      : _M_dataplus(_M_local_data(), __a)
        -:  429:      {
        -:  430:	const _CharT* __start
        -:  431:	  = __str._M_data() + __str._M_check(__pos, "string::string");
        -:  432:	_M_construct(__start, __start + __str._M_limit(__pos, __n));
        -:  433:      }
        -:  434:
        -:  435:      /**
        -:  436:       *  @brief  Construct string initialized by a character %array.
        -:  437:       *  @param  __s  Source character %array.
        -:  438:       *  @param  __n  Number of characters to copy.
        -:  439:       *  @param  __a  Allocator to use (default is default allocator).
        -:  440:       *
        -:  441:       *  NB: @a __s must have at least @a __n characters, &apos;\\0&apos;
        -:  442:       *  has no special meaning.
        -:  443:       */
        -:  444:      basic_string(const _CharT* __s, size_type __n,
        -:  445:		   const _Alloc& __a = _Alloc())
        -:  446:      : _M_dataplus(_M_local_data(), __a)
        -:  447:      { _M_construct(__s, __s + __n); }
        -:  448:
        -:  449:      /**
        -:  450:       *  @brief  Construct string as copy of a C string.
        -:  451:       *  @param  __s  Source C string.
        -:  452:       *  @param  __a  Allocator to use (default is default allocator).
        -:  453:       */
        -:  454:      basic_string(const _CharT* __s, const _Alloc& __a = _Alloc())
        -:  455:      : _M_dataplus(_M_local_data(), __a)
        -:  456:      { _M_construct(__s, __s ? __s + traits_type::length(__s) : __s+npos); }
        -:  457:
        -:  458:      /**
        -:  459:       *  @brief  Construct string as multiple characters.
        -:  460:       *  @param  __n  Number of characters.
        -:  461:       *  @param  __c  Character to use.
        -:  462:       *  @param  __a  Allocator to use (default is default allocator).
        -:  463:       */
        -:  464:      basic_string(size_type __n, _CharT __c, const _Alloc& __a = _Alloc())
        -:  465:      : _M_dataplus(_M_local_data(), __a)
        -:  466:      { _M_construct(__n, __c); }
        -:  467:
        -:  468:#if __cplusplus >= 201103L
        -:  469:      /**
        -:  470:       *  @brief  Move construct string.
        -:  471:       *  @param  __str  Source string.
        -:  472:       *
        -:  473:       *  The newly-created string contains the exact contents of @a __str.
        -:  474:       *  @a __str is a valid, but unspecified string.
        -:  475:       **/
        -:  476:      basic_string(basic_string&& __str) noexcept
        -:  477:      : _M_dataplus(_M_local_data(), std::move(__str._M_get_allocator()))
        -:  478:      {
        -:  479:	if (__str._M_is_local())
        -:  480:	  {
        -:  481:	    traits_type::copy(_M_local_buf, __str._M_local_buf,
        -:  482:			      _S_local_capacity + 1);
        -:  483:	  }
        -:  484:	else
        -:  485:	  {
        -:  486:	    _M_data(__str._M_data());
        -:  487:	    _M_capacity(__str._M_allocated_capacity);
        -:  488:	  }
        -:  489:
        -:  490:	// Must use _M_length() here not _M_set_length() because
        -:  491:	// basic_stringbuf relies on writing into unallocated capacity so
        -:  492:	// we mess up the contents if we put a '\0' in the string.
        -:  493:	_M_length(__str.length());
        -:  494:	__str._M_data(__str._M_local_data());
        -:  495:	__str._M_set_length(0);
        -:  496:      }
        -:  497:
        -:  498:      /**
        -:  499:       *  @brief  Construct string from an initializer %list.
        -:  500:       *  @param  __l  std::initializer_list of characters.
        -:  501:       *  @param  __a  Allocator to use (default is default allocator).
        -:  502:       */
        -:  503:      basic_string(initializer_list<_CharT> __l, const _Alloc& __a = _Alloc())
        -:  504:      : _M_dataplus(_M_local_data(), __a)
        -:  505:      { _M_construct(__l.begin(), __l.end()); }
        -:  506:
        -:  507:      basic_string(const basic_string& __str, const _Alloc& __a)
        -:  508:      : _M_dataplus(_M_local_data(), __a)
        -:  509:      { _M_construct(__str.begin(), __str.end()); }
        -:  510:
        -:  511:      basic_string(basic_string&& __str, const _Alloc& __a)
        -:  512:      : _M_dataplus(_M_local_data(), __a)
        -:  513:      {
        -:  514:	if (__str.get_allocator() == __a)
        -:  515:	  *this = std::move(__str);
        -:  516:	else
        -:  517:	  _M_construct(__str.begin(), __str.end());
        -:  518:      }
        -:  519:
        -:  520:#endif // C++11
        -:  521:
        -:  522:      /**
        -:  523:       *  @brief  Construct string as copy of a range.
        -:  524:       *  @param  __beg  Start of range.
        -:  525:       *  @param  __end  End of range.
        -:  526:       *  @param  __a  Allocator to use (default is default allocator).
        -:  527:       */
        -:  528:#if __cplusplus >= 201103L
        -:  529:      template<typename _InputIterator,
        -:  530:	       typename = std::_RequireInputIter<_InputIterator>>
        -:  531:#else
        -:  532:      template<typename _InputIterator>
        -:  533:#endif
    #####:  534:        basic_string(_InputIterator __beg, _InputIterator __end,
        -:  535:		     const _Alloc& __a = _Alloc())
    #####:  536:	: _M_dataplus(_M_local_data(), __a)
    #####:  537:	{ _M_construct(__beg, __end); }
        -:  538:
        -:  539:      /**
        -:  540:       *  @brief  Destroy the string instance.
        -:  541:       */
        -:  542:      ~basic_string()
        -:  543:      { _M_dispose(); }
        -:  544:
        -:  545:      /**
        -:  546:       *  @brief  Assign the value of @a str to this string.
        -:  547:       *  @param  __str  Source string.
        -:  548:       */
        -:  549:      basic_string&
        -:  550:      operator=(const basic_string& __str)
        -:  551:      { return this->assign(__str); }
        -:  552:
        -:  553:      /**
        -:  554:       *  @brief  Copy contents of @a s into this string.
        -:  555:       *  @param  __s  Source null-terminated string.
        -:  556:       */
        -:  557:      basic_string&
        -:  558:      operator=(const _CharT* __s)
        -:  559:      { return this->assign(__s); }
        -:  560:
        -:  561:      /**
        -:  562:       *  @brief  Set value to string of length 1.
        -:  563:       *  @param  __c  Source character.
        -:  564:       *
        -:  565:       *  Assigning to a character makes this string length 1 and
        -:  566:       *  (*this)[0] == @a c.
        -:  567:       */
        -:  568:      basic_string&
        -:  569:      operator=(_CharT __c)
        -:  570:      {
        -:  571:	this->assign(1, __c);
        -:  572:	return *this;
        -:  573:      }
        -:  574:
        -:  575:#if __cplusplus >= 201103L
        -:  576:      /**
        -:  577:       *  @brief  Move assign the value of @a str to this string.
        -:  578:       *  @param  __str  Source string.
        -:  579:       *
        -:  580:       *  The contents of @a str are moved into this string (without copying).
        -:  581:       *  @a str is a valid, but unspecified string.
        -:  582:       **/
        -:  583:      // PR 58265, this should be noexcept.
        -:  584:      // _GLIBCXX_RESOLVE_LIB_DEFECTS
        -:  585:      // 2063. Contradictory requirements for string move assignment
        -:  586:      basic_string&
        -:  587:      operator=(basic_string&& __str)
        -:  588:      {
        -:  589:	this->swap(__str);
        -:  590:	return *this;
        -:  591:      }
        -:  592:
        -:  593:      /**
        -:  594:       *  @brief  Set value to string constructed from initializer %list.
        -:  595:       *  @param  __l  std::initializer_list.
        -:  596:       */
        -:  597:      basic_string&
        -:  598:      operator=(initializer_list<_CharT> __l)
        -:  599:      {
        -:  600:	this->assign(__l.begin(), __l.size());
        -:  601:	return *this;
        -:  602:      }
        -:  603:#endif // C++11
        -:  604:
        -:  605:      // Iterators:
        -:  606:      /**
        -:  607:       *  Returns a read/write iterator that points to the first character in
        -:  608:       *  the %string.
        -:  609:       */
        -:  610:      iterator
        -:  611:      begin() _GLIBCXX_NOEXCEPT
        -:  612:      { return iterator(_M_data()); }
        -:  613:
        -:  614:      /**
        -:  615:       *  Returns a read-only (constant) iterator that points to the first
        -:  616:       *  character in the %string.
        -:  617:       */
        -:  618:      const_iterator
        -:  619:      begin() const _GLIBCXX_NOEXCEPT
        -:  620:      { return const_iterator(_M_data()); }
        -:  621:
        -:  622:      /**
        -:  623:       *  Returns a read/write iterator that points one past the last
        -:  624:       *  character in the %string.
        -:  625:       */
        -:  626:      iterator
        -:  627:      end() _GLIBCXX_NOEXCEPT
        -:  628:      { return iterator(_M_data() + this->size()); }
        -:  629:
        -:  630:      /**
        -:  631:       *  Returns a read-only (constant) iterator that points one past the
        -:  632:       *  last character in the %string.
        -:  633:       */
        -:  634:      const_iterator
        -:  635:      end() const _GLIBCXX_NOEXCEPT
        -:  636:      { return const_iterator(_M_data() + this->size()); }
        -:  637:
        -:  638:      /**
        -:  639:       *  Returns a read/write reverse iterator that points to the last
        -:  640:       *  character in the %string.  Iteration is done in reverse element
        -:  641:       *  order.
        -:  642:       */
        -:  643:      reverse_iterator
        -:  644:      rbegin() _GLIBCXX_NOEXCEPT
        -:  645:      { return reverse_iterator(this->end()); }
        -:  646:
        -:  647:      /**
        -:  648:       *  Returns a read-only (constant) reverse iterator that points
        -:  649:       *  to the last character in the %string.  Iteration is done in
        -:  650:       *  reverse element order.
        -:  651:       */
        -:  652:      const_reverse_iterator
        -:  653:      rbegin() const _GLIBCXX_NOEXCEPT
        -:  654:      { return const_reverse_iterator(this->end()); }
        -:  655:
        -:  656:      /**
        -:  657:       *  Returns a read/write reverse iterator that points to one before the
        -:  658:       *  first character in the %string.  Iteration is done in reverse
        -:  659:       *  element order.
        -:  660:       */
        -:  661:      reverse_iterator
        -:  662:      rend() _GLIBCXX_NOEXCEPT
        -:  663:      { return reverse_iterator(this->begin()); }
        -:  664:
        -:  665:      /**
        -:  666:       *  Returns a read-only (constant) reverse iterator that points
        -:  667:       *  to one before the first character in the %string.  Iteration
        -:  668:       *  is done in reverse element order.
        -:  669:       */
        -:  670:      const_reverse_iterator
        -:  671:      rend() const _GLIBCXX_NOEXCEPT
        -:  672:      { return const_reverse_iterator(this->begin()); }
        -:  673:
        -:  674:#if __cplusplus >= 201103L
        -:  675:      /**
        -:  676:       *  Returns a read-only (constant) iterator that points to the first
        -:  677:       *  character in the %string.
        -:  678:       */
        -:  679:      const_iterator
        -:  680:      cbegin() const noexcept
        -:  681:      { return const_iterator(this->_M_data()); }
        -:  682:
        -:  683:      /**
        -:  684:       *  Returns a read-only (constant) iterator that points one past the
        -:  685:       *  last character in the %string.
        -:  686:       */
        -:  687:      const_iterator
        -:  688:      cend() const noexcept
        -:  689:      { return const_iterator(this->_M_data() + this->size()); }
        -:  690:
        -:  691:      /**
        -:  692:       *  Returns a read-only (constant) reverse iterator that points
        -:  693:       *  to the last character in the %string.  Iteration is done in
        -:  694:       *  reverse element order.
        -:  695:       */
        -:  696:      const_reverse_iterator
        -:  697:      crbegin() const noexcept
        -:  698:      { return const_reverse_iterator(this->end()); }
        -:  699:
        -:  700:      /**
        -:  701:       *  Returns a read-only (constant) reverse iterator that points
        -:  702:       *  to one before the first character in the %string.  Iteration
        -:  703:       *  is done in reverse element order.
        -:  704:       */
        -:  705:      const_reverse_iterator
        -:  706:      crend() const noexcept
        -:  707:      { return const_reverse_iterator(this->begin()); }
        -:  708:#endif
        -:  709:
        -:  710:    public:
        -:  711:      // Capacity:
        -:  712:      ///  Returns the number of characters in the string, not including any
        -:  713:      ///  null-termination.
        -:  714:      size_type
        -:  715:      size() const _GLIBCXX_NOEXCEPT
        -:  716:      { return _M_string_length; }
        -:  717:
        -:  718:      ///  Returns the number of characters in the string, not including any
        -:  719:      ///  null-termination.
        -:  720:      size_type
        -:  721:      length() const _GLIBCXX_NOEXCEPT
        -:  722:      { return _M_string_length; }
        -:  723:
        -:  724:      ///  Returns the size() of the largest possible %string.
        -:  725:      size_type
        -:  726:      max_size() const _GLIBCXX_NOEXCEPT
        -:  727:      { return (_Alloc_traits::max_size(_M_get_allocator()) - 1) / 2; }
        -:  728:
        -:  729:      /**
        -:  730:       *  @brief  Resizes the %string to the specified number of characters.
        -:  731:       *  @param  __n  Number of characters the %string should contain.
        -:  732:       *  @param  __c  Character to fill any new elements.
        -:  733:       *
        -:  734:       *  This function will %resize the %string to the specified
        -:  735:       *  number of characters.  If the number is smaller than the
        -:  736:       *  %string's current size the %string is truncated, otherwise
        -:  737:       *  the %string is extended and new elements are %set to @a __c.
        -:  738:       */
        -:  739:      void
        -:  740:      resize(size_type __n, _CharT __c);
        -:  741:
        -:  742:      /**
        -:  743:       *  @brief  Resizes the %string to the specified number of characters.
        -:  744:       *  @param  __n  Number of characters the %string should contain.
        -:  745:       *
        -:  746:       *  This function will resize the %string to the specified length.  If
        -:  747:       *  the new size is smaller than the %string's current size the %string
        -:  748:       *  is truncated, otherwise the %string is extended and new characters
        -:  749:       *  are default-constructed.  For basic types such as char, this means
        -:  750:       *  setting them to 0.
        -:  751:       */
        -:  752:      void
        -:  753:      resize(size_type __n)
        -:  754:      { this->resize(__n, _CharT()); }
        -:  755:
        -:  756:#if __cplusplus >= 201103L
        -:  757:      ///  A non-binding request to reduce capacity() to size().
        -:  758:      void
        -:  759:      shrink_to_fit() noexcept
        -:  760:      {
        -:  761:#if __cpp_exceptions
        -:  762:	if (capacity() > size())
        -:  763:	  {
        -:  764:	    try
        -:  765:	      { reserve(0); }
        -:  766:	    catch(...)
        -:  767:	      { }
        -:  768:	  }
        -:  769:#endif
        -:  770:      }
        -:  771:#endif
        -:  772:
        -:  773:      /**
        -:  774:       *  Returns the total number of characters that the %string can hold
        -:  775:       *  before needing to allocate more memory.
        -:  776:       */
        -:  777:      size_type
        -:  778:      capacity() const _GLIBCXX_NOEXCEPT
        -:  779:      {
        -:  780:	return _M_is_local() ? size_type(_S_local_capacity)
        -:  781:	                     : _M_allocated_capacity;
        -:  782:      }
        -:  783:
        -:  784:      /**
        -:  785:       *  @brief  Attempt to preallocate enough memory for specified number of
        -:  786:       *          characters.
        -:  787:       *  @param  __res_arg  Number of characters required.
        -:  788:       *  @throw  std::length_error  If @a __res_arg exceeds @c max_size().
        -:  789:       *
        -:  790:       *  This function attempts to reserve enough memory for the
        -:  791:       *  %string to hold the specified number of characters.  If the
        -:  792:       *  number requested is more than max_size(), length_error is
        -:  793:       *  thrown.
        -:  794:       *
        -:  795:       *  The advantage of this function is that if optimal code is a
        -:  796:       *  necessity and the user can determine the string length that will be
        -:  797:       *  required, the user can reserve the memory in %advance, and thus
        -:  798:       *  prevent a possible reallocation of memory and copying of %string
        -:  799:       *  data.
        -:  800:       */
        -:  801:      void
        -:  802:      reserve(size_type __res_arg = 0);
        -:  803:
        -:  804:      /**
        -:  805:       *  Erases the string, making it empty.
        -:  806:       */
        -:  807:      void
        -:  808:      clear() _GLIBCXX_NOEXCEPT
        -:  809:      { _M_set_length(0); }
        -:  810:
        -:  811:      /**
        -:  812:       *  Returns true if the %string is empty.  Equivalent to 
        -:  813:       *  <code>*this == ""</code>.
        -:  814:       */
        -:  815:      bool
        -:  816:      empty() const _GLIBCXX_NOEXCEPT
        -:  817:      { return this->size() == 0; }
        -:  818:
        -:  819:      // Element access:
        -:  820:      /**
        -:  821:       *  @brief  Subscript access to the data contained in the %string.
        -:  822:       *  @param  __pos  The index of the character to access.
        -:  823:       *  @return  Read-only (constant) reference to the character.
        -:  824:       *
        -:  825:       *  This operator allows for easy, array-style, data access.
        -:  826:       *  Note that data access with this operator is unchecked and
        -:  827:       *  out_of_range lookups are not defined. (For checked lookups
        -:  828:       *  see at().)
        -:  829:       */
        -:  830:      const_reference
        -:  831:      operator[] (size_type __pos) const _GLIBCXX_NOEXCEPT
        -:  832:      {
        -:  833:	_GLIBCXX_DEBUG_ASSERT(__pos <= size());
        -:  834:	return _M_data()[__pos];
        -:  835:      }
        -:  836:
        -:  837:      /**
        -:  838:       *  @brief  Subscript access to the data contained in the %string.
        -:  839:       *  @param  __pos  The index of the character to access.
        -:  840:       *  @return  Read/write reference to the character.
        -:  841:       *
        -:  842:       *  This operator allows for easy, array-style, data access.
        -:  843:       *  Note that data access with this operator is unchecked and
        -:  844:       *  out_of_range lookups are not defined. (For checked lookups
        -:  845:       *  see at().)
        -:  846:       */
        -:  847:      reference
        -:  848:      operator[](size_type __pos)
        -:  849:      {
        -:  850:        // Allow pos == size() both in C++98 mode, as v3 extension,
        -:  851:	// and in C++11 mode.
        -:  852:	_GLIBCXX_DEBUG_ASSERT(__pos <= size());
        -:  853:        // In pedantic mode be strict in C++98 mode.
        -:  854:	_GLIBCXX_DEBUG_PEDASSERT(__cplusplus >= 201103L || __pos < size());
        -:  855:	return _M_data()[__pos];
        -:  856:      }
        -:  857:
        -:  858:      /**
        -:  859:       *  @brief  Provides access to the data contained in the %string.
        -:  860:       *  @param __n The index of the character to access.
        -:  861:       *  @return  Read-only (const) reference to the character.
        -:  862:       *  @throw  std::out_of_range  If @a n is an invalid index.
        -:  863:       *
        -:  864:       *  This function provides for safer data access.  The parameter is
        -:  865:       *  first checked that it is in the range of the string.  The function
        -:  866:       *  throws out_of_range if the check fails.
        -:  867:       */
        -:  868:      const_reference
        -:  869:      at(size_type __n) const
        -:  870:      {
        -:  871:	if (__n >= this->size())
        -:  872:	  __throw_out_of_range_fmt(__N("basic_string::at: __n "
        -:  873:				       "(which is %zu) >= this->size() "
        -:  874:				       "(which is %zu)"),
        -:  875:				   __n, this->size());
        -:  876:	return _M_data()[__n];
        -:  877:      }
        -:  878:
        -:  879:      /**
        -:  880:       *  @brief  Provides access to the data contained in the %string.
        -:  881:       *  @param __n The index of the character to access.
        -:  882:       *  @return  Read/write reference to the character.
        -:  883:       *  @throw  std::out_of_range  If @a n is an invalid index.
        -:  884:       *
        -:  885:       *  This function provides for safer data access.  The parameter is
        -:  886:       *  first checked that it is in the range of the string.  The function
        -:  887:       *  throws out_of_range if the check fails.
        -:  888:       */
        -:  889:      reference
        -:  890:      at(size_type __n)
        -:  891:      {
        -:  892:	if (__n >= size())
        -:  893:	  __throw_out_of_range_fmt(__N("basic_string::at: __n "
        -:  894:				       "(which is %zu) >= this->size() "
        -:  895:				       "(which is %zu)"),
        -:  896:				   __n, this->size());
        -:  897:	return _M_data()[__n];
        -:  898:      }
        -:  899:
        -:  900:#if __cplusplus >= 201103L
        -:  901:      /**
        -:  902:       *  Returns a read/write reference to the data at the first
        -:  903:       *  element of the %string.
        -:  904:       */
        -:  905:      reference
        -:  906:      front() noexcept
        -:  907:      { return operator[](0); }
        -:  908:
        -:  909:      /**
        -:  910:       *  Returns a read-only (constant) reference to the data at the first
        -:  911:       *  element of the %string.
        -:  912:       */
        -:  913:      const_reference
        -:  914:      front() const noexcept
        -:  915:      { return operator[](0); }
        -:  916:
        -:  917:      /**
        -:  918:       *  Returns a read/write reference to the data at the last
        -:  919:       *  element of the %string.
        -:  920:       */
        -:  921:      reference
        -:  922:      back() noexcept
        -:  923:      { return operator[](this->size() - 1); }
        -:  924:
        -:  925:      /**
        -:  926:       *  Returns a read-only (constant) reference to the data at the
        -:  927:       *  last element of the %string.
        -:  928:       */
        -:  929:      const_reference
        -:  930:      back() const noexcept
        -:  931:      { return operator[](this->size() - 1); }
        -:  932:#endif
        -:  933:
        -:  934:      // Modifiers:
        -:  935:      /**
        -:  936:       *  @brief  Append a string to this string.
        -:  937:       *  @param __str  The string to append.
        -:  938:       *  @return  Reference to this string.
        -:  939:       */
        -:  940:      basic_string&
        -:  941:      operator+=(const basic_string& __str)
        -:  942:      { return this->append(__str); }
        -:  943:
        -:  944:      /**
        -:  945:       *  @brief  Append a C string.
        -:  946:       *  @param __s  The C string to append.
        -:  947:       *  @return  Reference to this string.
        -:  948:       */
        -:  949:      basic_string&
        -:  950:      operator+=(const _CharT* __s)
        -:  951:      { return this->append(__s); }
        -:  952:
        -:  953:      /**
        -:  954:       *  @brief  Append a character.
        -:  955:       *  @param __c  The character to append.
        -:  956:       *  @return  Reference to this string.
        -:  957:       */
        -:  958:      basic_string&
        -:  959:      operator+=(_CharT __c)
        -:  960:      {
        -:  961:	this->push_back(__c);
        -:  962:	return *this;
        -:  963:      }
        -:  964:
        -:  965:#if __cplusplus >= 201103L
        -:  966:      /**
        -:  967:       *  @brief  Append an initializer_list of characters.
        -:  968:       *  @param __l  The initializer_list of characters to be appended.
        -:  969:       *  @return  Reference to this string.
        -:  970:       */
        -:  971:      basic_string&
        -:  972:      operator+=(initializer_list<_CharT> __l)
        -:  973:      { return this->append(__l.begin(), __l.size()); }
        -:  974:#endif // C++11
        -:  975:
        -:  976:      /**
        -:  977:       *  @brief  Append a string to this string.
        -:  978:       *  @param __str  The string to append.
        -:  979:       *  @return  Reference to this string.
        -:  980:       */
        -:  981:      basic_string&
        -:  982:      append(const basic_string& __str)
        -:  983:      { return _M_append(__str._M_data(), __str.size()); }
        -:  984:
        -:  985:      /**
        -:  986:       *  @brief  Append a substring.
        -:  987:       *  @param __str  The string to append.
        -:  988:       *  @param __pos  Index of the first character of str to append.
        -:  989:       *  @param __n  The number of characters to append.
        -:  990:       *  @return  Reference to this string.
        -:  991:       *  @throw  std::out_of_range if @a __pos is not a valid index.
        -:  992:       *
        -:  993:       *  This function appends @a __n characters from @a __str
        -:  994:       *  starting at @a __pos to this string.  If @a __n is is larger
        -:  995:       *  than the number of available characters in @a __str, the
        -:  996:       *  remainder of @a __str is appended.
        -:  997:       */
        -:  998:      basic_string&
        -:  999:      append(const basic_string& __str, size_type __pos, size_type __n)
        -: 1000:      { return _M_append(__str._M_data()
        -: 1001:			 + __str._M_check(__pos, "basic_string::append"),
        -: 1002:			 __str._M_limit(__pos, __n)); }
        -: 1003:
        -: 1004:      /**
        -: 1005:       *  @brief  Append a C substring.
        -: 1006:       *  @param __s  The C string to append.
        -: 1007:       *  @param __n  The number of characters to append.
        -: 1008:       *  @return  Reference to this string.
        -: 1009:       */
        -: 1010:      basic_string&
        -: 1011:      append(const _CharT* __s, size_type __n)
        -: 1012:      {
        -: 1013:	__glibcxx_requires_string_len(__s, __n);
        -: 1014:	_M_check_length(size_type(0), __n, "basic_string::append");
        -: 1015:	return _M_append(__s, __n);
        -: 1016:      }
        -: 1017:
        -: 1018:      /**
        -: 1019:       *  @brief  Append a C string.
        -: 1020:       *  @param __s  The C string to append.
        -: 1021:       *  @return  Reference to this string.
        -: 1022:       */
        -: 1023:      basic_string&
        -: 1024:      append(const _CharT* __s)
        -: 1025:      {
        -: 1026:	__glibcxx_requires_string(__s);
        -: 1027:	const size_type __n = traits_type::length(__s);
        -: 1028:	_M_check_length(size_type(0), __n, "basic_string::append");
        -: 1029:	return _M_append(__s, __n);
        -: 1030:      }
        -: 1031:
        -: 1032:      /**
        -: 1033:       *  @brief  Append multiple characters.
        -: 1034:       *  @param __n  The number of characters to append.
        -: 1035:       *  @param __c  The character to use.
        -: 1036:       *  @return  Reference to this string.
        -: 1037:       *
        -: 1038:       *  Appends __n copies of __c to this string.
        -: 1039:       */
        -: 1040:      basic_string&
        -: 1041:      append(size_type __n, _CharT __c)
        -: 1042:      { return _M_replace_aux(this->size(), size_type(0), __n, __c); }
        -: 1043:
        -: 1044:#if __cplusplus >= 201103L
        -: 1045:      /**
        -: 1046:       *  @brief  Append an initializer_list of characters.
        -: 1047:       *  @param __l  The initializer_list of characters to append.
        -: 1048:       *  @return  Reference to this string.
        -: 1049:       */
        -: 1050:      basic_string&
        -: 1051:      append(initializer_list<_CharT> __l)
        -: 1052:      { return this->append(__l.begin(), __l.size()); }
        -: 1053:#endif // C++11
        -: 1054:
        -: 1055:      /**
        -: 1056:       *  @brief  Append a range of characters.
        -: 1057:       *  @param __first  Iterator referencing the first character to append.
        -: 1058:       *  @param __last  Iterator marking the end of the range.
        -: 1059:       *  @return  Reference to this string.
        -: 1060:       *
        -: 1061:       *  Appends characters in the range [__first,__last) to this string.
        -: 1062:       */
        -: 1063:#if __cplusplus >= 201103L
        -: 1064:      template<class _InputIterator,
        -: 1065:	       typename = std::_RequireInputIter<_InputIterator>>
        -: 1066:#else
        -: 1067:      template<class _InputIterator>
        -: 1068:#endif
        -: 1069:        basic_string&
        -: 1070:        append(_InputIterator __first, _InputIterator __last)
        -: 1071:        { return this->replace(end(), end(), __first, __last); }
        -: 1072:
        -: 1073:      /**
        -: 1074:       *  @brief  Append a single character.
        -: 1075:       *  @param __c  Character to append.
        -: 1076:       */
        -: 1077:      void
        -: 1078:      push_back(_CharT __c)
        -: 1079:      {
        -: 1080:	const size_type __size = this->size();
        -: 1081:	if (__size + 1 > this->capacity())
        -: 1082:	  this->_M_mutate(__size, size_type(0), 0, size_type(1));
        -: 1083:	traits_type::assign(this->_M_data()[__size], __c);
        -: 1084:	this->_M_set_length(__size + 1);
        -: 1085:      }
        -: 1086:
        -: 1087:      /**
        -: 1088:       *  @brief  Set value to contents of another string.
        -: 1089:       *  @param  __str  Source string to use.
        -: 1090:       *  @return  Reference to this string.
        -: 1091:       */
        -: 1092:      basic_string&
        -: 1093:      assign(const basic_string& __str)
        -: 1094:      {
        -: 1095:	this->_M_assign(__str);
        -: 1096:	return *this;
        -: 1097:      }
        -: 1098:
        -: 1099:#if __cplusplus >= 201103L
        -: 1100:      /**
        -: 1101:       *  @brief  Set value to contents of another string.
        -: 1102:       *  @param  __str  Source string to use.
        -: 1103:       *  @return  Reference to this string.
        -: 1104:       *
        -: 1105:       *  This function sets this string to the exact contents of @a __str.
        -: 1106:       *  @a __str is a valid, but unspecified string.
        -: 1107:       */
        -: 1108:      basic_string&
        -: 1109:      assign(basic_string&& __str)
        -: 1110:      {
        -: 1111:	// _GLIBCXX_RESOLVE_LIB_DEFECTS
        -: 1112:	// 2063. Contradictory requirements for string move assignment
        -: 1113:	return *this = std::move(__str);
        -: 1114:      }
        -: 1115:#endif // C++11
        -: 1116:
        -: 1117:      /**
        -: 1118:       *  @brief  Set value to a substring of a string.
        -: 1119:       *  @param __str  The string to use.
        -: 1120:       *  @param __pos  Index of the first character of str.
        -: 1121:       *  @param __n  Number of characters to use.
        -: 1122:       *  @return  Reference to this string.
        -: 1123:       *  @throw  std::out_of_range if @a pos is not a valid index.
        -: 1124:       *
        -: 1125:       *  This function sets this string to the substring of @a __str
        -: 1126:       *  consisting of @a __n characters at @a __pos.  If @a __n is
        -: 1127:       *  is larger than the number of available characters in @a
        -: 1128:       *  __str, the remainder of @a __str is used.
        -: 1129:       */
        -: 1130:      basic_string&
        -: 1131:      assign(const basic_string& __str, size_type __pos, size_type __n)
        -: 1132:      { return _M_replace(size_type(0), this->size(), __str._M_data()
        -: 1133:			  + __str._M_check(__pos, "basic_string::assign"),
        -: 1134:			  __str._M_limit(__pos, __n)); }
        -: 1135:
        -: 1136:      /**
        -: 1137:       *  @brief  Set value to a C substring.
        -: 1138:       *  @param __s  The C string to use.
        -: 1139:       *  @param __n  Number of characters to use.
        -: 1140:       *  @return  Reference to this string.
        -: 1141:       *
        -: 1142:       *  This function sets the value of this string to the first @a __n
        -: 1143:       *  characters of @a __s.  If @a __n is is larger than the number of
        -: 1144:       *  available characters in @a __s, the remainder of @a __s is used.
        -: 1145:       */
        -: 1146:      basic_string&
        -: 1147:      assign(const _CharT* __s, size_type __n)
        -: 1148:      {
        -: 1149:	__glibcxx_requires_string_len(__s, __n);
        -: 1150:	return _M_replace(size_type(0), this->size(), __s, __n);
        -: 1151:      }
        -: 1152:
        -: 1153:      /**
        -: 1154:       *  @brief  Set value to contents of a C string.
        -: 1155:       *  @param __s  The C string to use.
        -: 1156:       *  @return  Reference to this string.
        -: 1157:       *
        -: 1158:       *  This function sets the value of this string to the value of @a __s.
        -: 1159:       *  The data is copied, so there is no dependence on @a __s once the
        -: 1160:       *  function returns.
        -: 1161:       */
        -: 1162:      basic_string&
        -: 1163:      assign(const _CharT* __s)
        -: 1164:      {
        -: 1165:	__glibcxx_requires_string(__s);
        -: 1166:	return _M_replace(size_type(0), this->size(), __s,
        -: 1167:			  traits_type::length(__s));
        -: 1168:      }
        -: 1169:
        -: 1170:      /**
        -: 1171:       *  @brief  Set value to multiple characters.
        -: 1172:       *  @param __n  Length of the resulting string.
        -: 1173:       *  @param __c  The character to use.
        -: 1174:       *  @return  Reference to this string.
        -: 1175:       *
        -: 1176:       *  This function sets the value of this string to @a __n copies of
        -: 1177:       *  character @a __c.
        -: 1178:       */
        -: 1179:      basic_string&
        -: 1180:      assign(size_type __n, _CharT __c)
        -: 1181:      { return _M_replace_aux(size_type(0), this->size(), __n, __c); }
        -: 1182:
        -: 1183:      /**
        -: 1184:       *  @brief  Set value to a range of characters.
        -: 1185:       *  @param __first  Iterator referencing the first character to append.
        -: 1186:       *  @param __last  Iterator marking the end of the range.
        -: 1187:       *  @return  Reference to this string.
        -: 1188:       *
        -: 1189:       *  Sets value of string to characters in the range [__first,__last).
        -: 1190:      */
        -: 1191:#if __cplusplus >= 201103L
        -: 1192:      template<class _InputIterator,
        -: 1193:	       typename = std::_RequireInputIter<_InputIterator>>
        -: 1194:#else
        -: 1195:      template<class _InputIterator>
        -: 1196:#endif
        -: 1197:        basic_string&
        -: 1198:        assign(_InputIterator __first, _InputIterator __last)
        -: 1199:        { return this->replace(begin(), end(), __first, __last); }
        -: 1200:
        -: 1201:#if __cplusplus >= 201103L
        -: 1202:      /**
        -: 1203:       *  @brief  Set value to an initializer_list of characters.
        -: 1204:       *  @param __l  The initializer_list of characters to assign.
        -: 1205:       *  @return  Reference to this string.
        -: 1206:       */
        -: 1207:      basic_string&
        -: 1208:      assign(initializer_list<_CharT> __l)
        -: 1209:      { return this->assign(__l.begin(), __l.size()); }
        -: 1210:#endif // C++11
        -: 1211:
        -: 1212:#if __cplusplus >= 201103L
        -: 1213:      /**
        -: 1214:       *  @brief  Insert multiple characters.
        -: 1215:       *  @param __p  Const_iterator referencing location in string to
        -: 1216:       *              insert at.
        -: 1217:       *  @param __n  Number of characters to insert
        -: 1218:       *  @param __c  The character to insert.
        -: 1219:       *  @return  Iterator referencing the first inserted char.
        -: 1220:       *  @throw  std::length_error  If new length exceeds @c max_size().
        -: 1221:       *
        -: 1222:       *  Inserts @a __n copies of character @a __c starting at the
        -: 1223:       *  position referenced by iterator @a __p.  If adding
        -: 1224:       *  characters causes the length to exceed max_size(),
        -: 1225:       *  length_error is thrown.  The value of the string doesn't
        -: 1226:       *  change if an error is thrown.
        -: 1227:      */
        -: 1228:      iterator
        -: 1229:      insert(const_iterator __p, size_type __n, _CharT __c)
        -: 1230:      {
        -: 1231:	_GLIBCXX_DEBUG_PEDASSERT(__p >= begin() && __p <= end());
        -: 1232:	const size_type __pos = __p - begin();
        -: 1233:	this->replace(__p, __p, __n, __c);
        -: 1234:	return iterator(this->_M_data() + __pos);
        -: 1235:      }
        -: 1236:#else
        -: 1237:      /**
        -: 1238:       *  @brief  Insert multiple characters.
        -: 1239:       *  @param __p  Iterator referencing location in string to insert at.
        -: 1240:       *  @param __n  Number of characters to insert
        -: 1241:       *  @param __c  The character to insert.
        -: 1242:       *  @throw  std::length_error  If new length exceeds @c max_size().
        -: 1243:       *
        -: 1244:       *  Inserts @a __n copies of character @a __c starting at the
        -: 1245:       *  position referenced by iterator @a __p.  If adding
        -: 1246:       *  characters causes the length to exceed max_size(),
        -: 1247:       *  length_error is thrown.  The value of the string doesn't
        -: 1248:       *  change if an error is thrown.
        -: 1249:      */
        -: 1250:      void
        -: 1251:      insert(iterator __p, size_type __n, _CharT __c)
        -: 1252:      {	this->replace(__p, __p, __n, __c);  }
        -: 1253:#endif
        -: 1254:
        -: 1255:#if __cplusplus >= 201103L
        -: 1256:      /**
        -: 1257:       *  @brief  Insert a range of characters.
        -: 1258:       *  @param __p  Const_iterator referencing location in string to
        -: 1259:       *              insert at.
        -: 1260:       *  @param __beg  Start of range.
        -: 1261:       *  @param __end  End of range.
        -: 1262:       *  @return  Iterator referencing the first inserted char.
        -: 1263:       *  @throw  std::length_error  If new length exceeds @c max_size().
        -: 1264:       *
        -: 1265:       *  Inserts characters in range [beg,end).  If adding characters
        -: 1266:       *  causes the length to exceed max_size(), length_error is
        -: 1267:       *  thrown.  The value of the string doesn't change if an error
        -: 1268:       *  is thrown.
        -: 1269:      */
        -: 1270:      template<class _InputIterator,
        -: 1271:	       typename = std::_RequireInputIter<_InputIterator>>
        -: 1272:	iterator
        -: 1273:        insert(const_iterator __p, _InputIterator __beg, _InputIterator __end)
        -: 1274:        {
        -: 1275:	  _GLIBCXX_DEBUG_PEDASSERT(__p >= begin() && __p <= end());
        -: 1276:	  const size_type __pos = __p - begin();
        -: 1277:	  this->replace(__p, __p, __beg, __end);
        -: 1278:	  return iterator(this->_M_data() + __pos);
        -: 1279:	}
        -: 1280:#else
        -: 1281:      /**
        -: 1282:       *  @brief  Insert a range of characters.
        -: 1283:       *  @param __p  Iterator referencing location in string to insert at.
        -: 1284:       *  @param __beg  Start of range.
        -: 1285:       *  @param __end  End of range.
        -: 1286:       *  @throw  std::length_error  If new length exceeds @c max_size().
        -: 1287:       *
        -: 1288:       *  Inserts characters in range [__beg,__end).  If adding
        -: 1289:       *  characters causes the length to exceed max_size(),
        -: 1290:       *  length_error is thrown.  The value of the string doesn't
        -: 1291:       *  change if an error is thrown.
        -: 1292:      */
        -: 1293:      template<class _InputIterator>
        -: 1294:        void
        -: 1295:        insert(iterator __p, _InputIterator __beg, _InputIterator __end)
        -: 1296:        { this->replace(__p, __p, __beg, __end); }
        -: 1297:#endif
        -: 1298:
        -: 1299:#if __cplusplus >= 201103L
        -: 1300:      /**
        -: 1301:       *  @brief  Insert an initializer_list of characters.
        -: 1302:       *  @param __p  Iterator referencing location in string to insert at.
        -: 1303:       *  @param __l  The initializer_list of characters to insert.
        -: 1304:       *  @throw  std::length_error  If new length exceeds @c max_size().
        -: 1305:       */
        -: 1306:      void
        -: 1307:      insert(iterator __p, initializer_list<_CharT> __l)
        -: 1308:      {
        -: 1309:	_GLIBCXX_DEBUG_PEDASSERT(__p >= begin() && __p <= end());
        -: 1310:	this->insert(__p - begin(), __l.begin(), __l.size());
        -: 1311:      }
        -: 1312:#endif // C++11
        -: 1313:
        -: 1314:      /**
        -: 1315:       *  @brief  Insert value of a string.
        -: 1316:       *  @param __pos1  Iterator referencing location in string to insert at.
        -: 1317:       *  @param __str  The string to insert.
        -: 1318:       *  @return  Reference to this string.
        -: 1319:       *  @throw  std::length_error  If new length exceeds @c max_size().
        -: 1320:       *
        -: 1321:       *  Inserts value of @a __str starting at @a __pos1.  If adding
        -: 1322:       *  characters causes the length to exceed max_size(),
        -: 1323:       *  length_error is thrown.  The value of the string doesn't
        -: 1324:       *  change if an error is thrown.
        -: 1325:      */
        -: 1326:      basic_string&
        -: 1327:      insert(size_type __pos1, const basic_string& __str)
        -: 1328:      { return this->replace(__pos1, size_type(0),
        -: 1329:			     __str._M_data(), __str.size()); }
        -: 1330:
        -: 1331:      /**
        -: 1332:       *  @brief  Insert a substring.
        -: 1333:       *  @param __pos1  Iterator referencing location in string to insert at.
        -: 1334:       *  @param __str  The string to insert.
        -: 1335:       *  @param __pos2  Start of characters in str to insert.
        -: 1336:       *  @param __n  Number of characters to insert.
        -: 1337:       *  @return  Reference to this string.
        -: 1338:       *  @throw  std::length_error  If new length exceeds @c max_size().
        -: 1339:       *  @throw  std::out_of_range  If @a pos1 > size() or
        -: 1340:       *  @a __pos2 > @a str.size().
        -: 1341:       *
        -: 1342:       *  Starting at @a pos1, insert @a __n character of @a __str
        -: 1343:       *  beginning with @a __pos2.  If adding characters causes the
        -: 1344:       *  length to exceed max_size(), length_error is thrown.  If @a
        -: 1345:       *  __pos1 is beyond the end of this string or @a __pos2 is
        -: 1346:       *  beyond the end of @a __str, out_of_range is thrown.  The
        -: 1347:       *  value of the string doesn't change if an error is thrown.
        -: 1348:      */
        -: 1349:      basic_string&
        -: 1350:      insert(size_type __pos1, const basic_string& __str,
        -: 1351:	     size_type __pos2, size_type __n)
        -: 1352:      { return this->replace(__pos1, size_type(0), __str._M_data()
        -: 1353:			     + __str._M_check(__pos2, "basic_string::insert"),
        -: 1354:			     __str._M_limit(__pos2, __n)); }
        -: 1355:
        -: 1356:      /**
        -: 1357:       *  @brief  Insert a C substring.
        -: 1358:       *  @param __pos  Iterator referencing location in string to insert at.
        -: 1359:       *  @param __s  The C string to insert.
        -: 1360:       *  @param __n  The number of characters to insert.
        -: 1361:       *  @return  Reference to this string.
        -: 1362:       *  @throw  std::length_error  If new length exceeds @c max_size().
        -: 1363:       *  @throw  std::out_of_range  If @a __pos is beyond the end of this
        -: 1364:       *  string.
        -: 1365:       *
        -: 1366:       *  Inserts the first @a __n characters of @a __s starting at @a
        -: 1367:       *  __pos.  If adding characters causes the length to exceed
        -: 1368:       *  max_size(), length_error is thrown.  If @a __pos is beyond
        -: 1369:       *  end(), out_of_range is thrown.  The value of the string
        -: 1370:       *  doesn't change if an error is thrown.
        -: 1371:      */
        -: 1372:      basic_string&
        -: 1373:      insert(size_type __pos, const _CharT* __s, size_type __n)
        -: 1374:      { return this->replace(__pos, size_type(0), __s, __n); }
        -: 1375:
        -: 1376:      /**
        -: 1377:       *  @brief  Insert a C string.
        -: 1378:       *  @param __pos  Iterator referencing location in string to insert at.
        -: 1379:       *  @param __s  The C string to insert.
        -: 1380:       *  @return  Reference to this string.
        -: 1381:       *  @throw  std::length_error  If new length exceeds @c max_size().
        -: 1382:       *  @throw  std::out_of_range  If @a pos is beyond the end of this
        -: 1383:       *  string.
        -: 1384:       *
        -: 1385:       *  Inserts the first @a n characters of @a __s starting at @a __pos.  If
        -: 1386:       *  adding characters causes the length to exceed max_size(),
        -: 1387:       *  length_error is thrown.  If @a __pos is beyond end(), out_of_range is
        -: 1388:       *  thrown.  The value of the string doesn't change if an error is
        -: 1389:       *  thrown.
        -: 1390:      */
        -: 1391:      basic_string&
        -: 1392:      insert(size_type __pos, const _CharT* __s)
        -: 1393:      {
        -: 1394:	__glibcxx_requires_string(__s);
        -: 1395:	return this->replace(__pos, size_type(0), __s,
        -: 1396:			     traits_type::length(__s));
        -: 1397:      }
        -: 1398:
        -: 1399:      /**
        -: 1400:       *  @brief  Insert multiple characters.
        -: 1401:       *  @param __pos  Index in string to insert at.
        -: 1402:       *  @param __n  Number of characters to insert
        -: 1403:       *  @param __c  The character to insert.
        -: 1404:       *  @return  Reference to this string.
        -: 1405:       *  @throw  std::length_error  If new length exceeds @c max_size().
        -: 1406:       *  @throw  std::out_of_range  If @a __pos is beyond the end of this
        -: 1407:       *  string.
        -: 1408:       *
        -: 1409:       *  Inserts @a __n copies of character @a __c starting at index
        -: 1410:       *  @a __pos.  If adding characters causes the length to exceed
        -: 1411:       *  max_size(), length_error is thrown.  If @a __pos > length(),
        -: 1412:       *  out_of_range is thrown.  The value of the string doesn't
        -: 1413:       *  change if an error is thrown.
        -: 1414:      */
        -: 1415:      basic_string&
        -: 1416:      insert(size_type __pos, size_type __n, _CharT __c)
        -: 1417:      { return _M_replace_aux(_M_check(__pos, "basic_string::insert"),
        -: 1418:			      size_type(0), __n, __c); }
        -: 1419:
        -: 1420:      /**
        -: 1421:       *  @brief  Insert one character.
        -: 1422:       *  @param __p  Iterator referencing position in string to insert at.
        -: 1423:       *  @param __c  The character to insert.
        -: 1424:       *  @return  Iterator referencing newly inserted char.
        -: 1425:       *  @throw  std::length_error  If new length exceeds @c max_size().
        -: 1426:       *
        -: 1427:       *  Inserts character @a __c at position referenced by @a __p.
        -: 1428:       *  If adding character causes the length to exceed max_size(),
        -: 1429:       *  length_error is thrown.  If @a __p is beyond end of string,
        -: 1430:       *  out_of_range is thrown.  The value of the string doesn't
        -: 1431:       *  change if an error is thrown.
        -: 1432:      */
        -: 1433:      iterator
        -: 1434:      insert(__const_iterator __p, _CharT __c)
        -: 1435:      {
        -: 1436:	_GLIBCXX_DEBUG_PEDASSERT(__p >= begin() && __p <= end());
        -: 1437:	const size_type __pos = __p - begin();
        -: 1438:	_M_replace_aux(__pos, size_type(0), size_type(1), __c);
        -: 1439:	return iterator(_M_data() + __pos);
        -: 1440:      }
        -: 1441:
        -: 1442:      /**
        -: 1443:       *  @brief  Remove characters.
        -: 1444:       *  @param __pos  Index of first character to remove (default 0).
        -: 1445:       *  @param __n  Number of characters to remove (default remainder).
        -: 1446:       *  @return  Reference to this string.
        -: 1447:       *  @throw  std::out_of_range  If @a pos is beyond the end of this
        -: 1448:       *  string.
        -: 1449:       *
        -: 1450:       *  Removes @a __n characters from this string starting at @a
        -: 1451:       *  __pos.  The length of the string is reduced by @a __n.  If
        -: 1452:       *  there are < @a __n characters to remove, the remainder of
        -: 1453:       *  the string is truncated.  If @a __p is beyond end of string,
        -: 1454:       *  out_of_range is thrown.  The value of the string doesn't
        -: 1455:       *  change if an error is thrown.
        -: 1456:      */
        -: 1457:      basic_string&
        -: 1458:      erase(size_type __pos = 0, size_type __n = npos)
        -: 1459:      {
        -: 1460:	this->_M_erase(_M_check(__pos, "basic_string::erase"),
        -: 1461:		       _M_limit(__pos, __n));
        -: 1462:	return *this;
        -: 1463:      }
        -: 1464:
        -: 1465:      /**
        -: 1466:       *  @brief  Remove one character.
        -: 1467:       *  @param __position  Iterator referencing the character to remove.
        -: 1468:       *  @return  iterator referencing same location after removal.
        -: 1469:       *
        -: 1470:       *  Removes the character at @a __position from this string. The value
        -: 1471:       *  of the string doesn't change if an error is thrown.
        -: 1472:      */
        -: 1473:      iterator
        -: 1474:      erase(__const_iterator __position)
        -: 1475:      {
        -: 1476:	_GLIBCXX_DEBUG_PEDASSERT(__position >= begin()
        -: 1477:				 && __position < end());
        -: 1478:	const size_type __pos = __position - begin();
        -: 1479:	this->_M_erase(__pos, size_type(1));
        -: 1480:	return iterator(_M_data() + __pos);
        -: 1481:      }
        -: 1482:
        -: 1483:      /**
        -: 1484:       *  @brief  Remove a range of characters.
        -: 1485:       *  @param __first  Iterator referencing the first character to remove.
        -: 1486:       *  @param __last  Iterator referencing the end of the range.
        -: 1487:       *  @return  Iterator referencing location of first after removal.
        -: 1488:       *
        -: 1489:       *  Removes the characters in the range [first,last) from this string.
        -: 1490:       *  The value of the string doesn't change if an error is thrown.
        -: 1491:      */
        -: 1492:      iterator
        -: 1493:      erase(__const_iterator __first, __const_iterator __last)
        -: 1494:      {
        -: 1495:	_GLIBCXX_DEBUG_PEDASSERT(__first >= begin() && __first <= __last
        -: 1496:				 && __last <= end());
        -: 1497:        const size_type __pos = __first - begin();
        -: 1498:	this->_M_erase(__pos, __last - __first);
        -: 1499:	return iterator(this->_M_data() + __pos);
        -: 1500:      }
        -: 1501:
        -: 1502:#if __cplusplus >= 201103L
        -: 1503:      /**
        -: 1504:       *  @brief  Remove the last character.
        -: 1505:       *
        -: 1506:       *  The string must be non-empty.
        -: 1507:       */
        -: 1508:      void
        -: 1509:      pop_back() noexcept
        -: 1510:      { _M_erase(size()-1, 1); }
        -: 1511:#endif // C++11
        -: 1512:
        -: 1513:      /**
        -: 1514:       *  @brief  Replace characters with value from another string.
        -: 1515:       *  @param __pos  Index of first character to replace.
        -: 1516:       *  @param __n  Number of characters to be replaced.
        -: 1517:       *  @param __str  String to insert.
        -: 1518:       *  @return  Reference to this string.
        -: 1519:       *  @throw  std::out_of_range  If @a pos is beyond the end of this
        -: 1520:       *  string.
        -: 1521:       *  @throw  std::length_error  If new length exceeds @c max_size().
        -: 1522:       *
        -: 1523:       *  Removes the characters in the range [__pos,__pos+__n) from
        -: 1524:       *  this string.  In place, the value of @a __str is inserted.
        -: 1525:       *  If @a __pos is beyond end of string, out_of_range is thrown.
        -: 1526:       *  If the length of the result exceeds max_size(), length_error
        -: 1527:       *  is thrown.  The value of the string doesn't change if an
        -: 1528:       *  error is thrown.
        -: 1529:      */
        -: 1530:      basic_string&
        -: 1531:      replace(size_type __pos, size_type __n, const basic_string& __str)
        -: 1532:      { return this->replace(__pos, __n, __str._M_data(), __str.size()); }
        -: 1533:
        -: 1534:      /**
        -: 1535:       *  @brief  Replace characters with value from another string.
        -: 1536:       *  @param __pos1  Index of first character to replace.
        -: 1537:       *  @param __n1  Number of characters to be replaced.
        -: 1538:       *  @param __str  String to insert.
        -: 1539:       *  @param __pos2  Index of first character of str to use.
        -: 1540:       *  @param __n2  Number of characters from str to use.
        -: 1541:       *  @return  Reference to this string.
        -: 1542:       *  @throw  std::out_of_range  If @a __pos1 > size() or @a __pos2 >
        -: 1543:       *  __str.size().
        -: 1544:       *  @throw  std::length_error  If new length exceeds @c max_size().
        -: 1545:       *
        -: 1546:       *  Removes the characters in the range [__pos1,__pos1 + n) from this
        -: 1547:       *  string.  In place, the value of @a __str is inserted.  If @a __pos is
        -: 1548:       *  beyond end of string, out_of_range is thrown.  If the length of the
        -: 1549:       *  result exceeds max_size(), length_error is thrown.  The value of the
        -: 1550:       *  string doesn't change if an error is thrown.
        -: 1551:      */
        -: 1552:      basic_string&
        -: 1553:      replace(size_type __pos1, size_type __n1, const basic_string& __str,
        -: 1554:	      size_type __pos2, size_type __n2)
        -: 1555:      { return this->replace(__pos1, __n1, __str._M_data()
        -: 1556:			     + __str._M_check(__pos2, "basic_string::replace"),
        -: 1557:			     __str._M_limit(__pos2, __n2)); }
        -: 1558:
        -: 1559:      /**
        -: 1560:       *  @brief  Replace characters with value of a C substring.
        -: 1561:       *  @param __pos  Index of first character to replace.
        -: 1562:       *  @param __n1  Number of characters to be replaced.
        -: 1563:       *  @param __s  C string to insert.
        -: 1564:       *  @param __n2  Number of characters from @a s to use.
        -: 1565:       *  @return  Reference to this string.
        -: 1566:       *  @throw  std::out_of_range  If @a pos1 > size().
        -: 1567:       *  @throw  std::length_error  If new length exceeds @c max_size().
        -: 1568:       *
        -: 1569:       *  Removes the characters in the range [__pos,__pos + __n1)
        -: 1570:       *  from this string.  In place, the first @a __n2 characters of
        -: 1571:       *  @a __s are inserted, or all of @a __s if @a __n2 is too large.  If
        -: 1572:       *  @a __pos is beyond end of string, out_of_range is thrown.  If
        -: 1573:       *  the length of result exceeds max_size(), length_error is
        -: 1574:       *  thrown.  The value of the string doesn't change if an error
        -: 1575:       *  is thrown.
        -: 1576:      */
        -: 1577:      basic_string&
        -: 1578:      replace(size_type __pos, size_type __n1, const _CharT* __s,
        -: 1579:	      size_type __n2)
        -: 1580:      {
        -: 1581:	__glibcxx_requires_string_len(__s, __n2);
[...]
        -: 5153:    basic_istream<_CharT, _Traits>&
        -: 5154:    operator>>(basic_istream<_CharT, _Traits>& __is,
        -: 5155:	       basic_string<_CharT, _Traits, _Alloc>& __str);
        -: 5156:
        -: 5157:  template<>
        -: 5158:    basic_istream<char>&
        -: 5159:    operator>>(basic_istream<char>& __is, basic_string<char>& __str);
        -: 5160:
        -: 5161:  /**
        -: 5162:   *  @brief  Write string to a stream.
        -: 5163:   *  @param __os  Output stream.
        -: 5164:   *  @param __str  String to write out.
        -: 5165:   *  @return  Reference to the output stream.
        -: 5166:   *
        -: 5167:   *  Output characters of @a __str into os following the same rules as for
        -: 5168:   *  writing a C string.
        -: 5169:   */
        -: 5170:  template<typename _CharT, typename _Traits, typename _Alloc>
        -: 5171:    inline basic_ostream<_CharT, _Traits>&
        -: 5172:    operator<<(basic_ostream<_CharT, _Traits>& __os,
        -: 5173:	       const basic_string<_CharT, _Traits, _Alloc>& __str)
        -: 5174:    {
        -: 5175:      // _GLIBCXX_RESOLVE_LIB_DEFECTS
        -: 5176:      // 586. string inserter not a formatted function
        -: 5177:      return __ostream_insert(__os, __str.data(), __str.size());
        -: 5178:    }
        -: 5179:
        -: 5180:  /**
        -: 5181:   *  @brief  Read a line from stream into a string.
        -: 5182:   *  @param __is  Input stream.
        -: 5183:   *  @param __str  Buffer to store into.
        -: 5184:   *  @param __delim  Character marking end of line.
        -: 5185:   *  @return  Reference to the input stream.
        -: 5186:   *
        -: 5187:   *  Stores characters from @a __is into @a __str until @a __delim is
        -: 5188:   *  found, the end of the stream is encountered, or str.max_size()
        -: 5189:   *  is reached.  Any previous contents of @a __str are erased.  If
        -: 5190:   *  @a __delim is encountered, it is extracted but not stored into
        -: 5191:   *  @a __str.
        -: 5192:   */
        -: 5193:  template<typename _CharT, typename _Traits, typename _Alloc>
        -: 5194:    basic_istream<_CharT, _Traits>&
        -: 5195:    getline(basic_istream<_CharT, _Traits>& __is,
        -: 5196:	    basic_string<_CharT, _Traits, _Alloc>& __str, _CharT __delim);
        -: 5197:
        -: 5198:  /**
        -: 5199:   *  @brief  Read a line from stream into a string.
        -: 5200:   *  @param __is  Input stream.
        -: 5201:   *  @param __str  Buffer to store into.
        -: 5202:   *  @return  Reference to the input stream.
        -: 5203:   *
        -: 5204:   *  Stores characters from is into @a __str until &apos;\n&apos; is
        -: 5205:   *  found, the end of the stream is encountered, or str.max_size()
        -: 5206:   *  is reached.  Any previous contents of @a __str are erased.  If
        -: 5207:   *  end of line is encountered, it is extracted but not stored into
        -: 5208:   *  @a __str.
        -: 5209:   */
        -: 5210:  template<typename _CharT, typename _Traits, typename _Alloc>
        -: 5211:    inline basic_istream<_CharT, _Traits>&
        -: 5212:    getline(basic_istream<_CharT, _Traits>& __is,
        -: 5213:	    basic_string<_CharT, _Traits, _Alloc>& __str)
        -: 5214:    { return std::getline(__is, __str, __is.widen('\n')); }
        -: 5215:
        -: 5216:#if __cplusplus >= 201103L
        -: 5217:  /// Read a line from an rvalue stream into a string.
        -: 5218:  template<typename _CharT, typename _Traits, typename _Alloc>
        -: 5219:    inline basic_istream<_CharT, _Traits>&
        -: 5220:    getline(basic_istream<_CharT, _Traits>&& __is,
        -: 5221:	    basic_string<_CharT, _Traits, _Alloc>& __str, _CharT __delim)
        -: 5222:    { return std::getline(__is, __str, __delim); }
        -: 5223:
        -: 5224:  /// Read a line from an rvalue stream into a string.
        -: 5225:  template<typename _CharT, typename _Traits, typename _Alloc>
        -: 5226:    inline basic_istream<_CharT, _Traits>&
        -: 5227:    getline(basic_istream<_CharT, _Traits>&& __is,
        -: 5228:	    basic_string<_CharT, _Traits, _Alloc>& __str)
        -: 5229:    { return std::getline(__is, __str); }
        -: 5230:#endif
        -: 5231:
        -: 5232:  template<>
        -: 5233:    basic_istream<char>&
        -: 5234:    getline(basic_istream<char>& __in, basic_string<char>& __str,
        -: 5235:	    char __delim);
        -: 5236:
        -: 5237:#ifdef _GLIBCXX_USE_WCHAR_T
        -: 5238:  template<>
        -: 5239:    basic_istream<wchar_t>&
        -: 5240:    getline(basic_istream<wchar_t>& __in, basic_string<wchar_t>& __str,
        -: 5241:	    wchar_t __delim);
        -: 5242:#endif  
        -: 5243:
        -: 5244:_GLIBCXX_END_NAMESPACE_VERSION
        -: 5245:} // namespace
        -: 5246:
        -: 5247:#if __cplusplus >= 201103L && defined(_GLIBCXX_USE_C99)
        -: 5248:
        -: 5249:#include <ext/string_conversions.h>
        -: 5250:
        -: 5251:namespace std _GLIBCXX_VISIBILITY(default)
        -: 5252:{
        -: 5253:_GLIBCXX_BEGIN_NAMESPACE_VERSION
        -: 5254:_GLIBCXX_BEGIN_NAMESPACE_CXX11
        -: 5255:
        -: 5256:  // 21.4 Numeric Conversions [string.conversions].
        -: 5257:  inline int
        -: 5258:  stoi(const string& __str, size_t* __idx = 0, int __base = 10)
        -: 5259:  { return __gnu_cxx::__stoa<long, int>(&std::strtol, "stoi", __str.c_str(),
        -: 5260:					__idx, __base); }
        -: 5261:
        -: 5262:  inline long
        -: 5263:  stol(const string& __str, size_t* __idx = 0, int __base = 10)
        -: 5264:  { return __gnu_cxx::__stoa(&std::strtol, "stol", __str.c_str(),
        -: 5265:			     __idx, __base); }
        -: 5266:
        -: 5267:  inline unsigned long
        -: 5268:  stoul(const string& __str, size_t* __idx = 0, int __base = 10)
        -: 5269:  { return __gnu_cxx::__stoa(&std::strtoul, "stoul", __str.c_str(),
        -: 5270:			     __idx, __base); }
        -: 5271:
        -: 5272:  inline long long
        -: 5273:  stoll(const string& __str, size_t* __idx = 0, int __base = 10)
        -: 5274:  { return __gnu_cxx::__stoa(&std::strtoll, "stoll", __str.c_str(),
        -: 5275:			     __idx, __base); }
        -: 5276:
        -: 5277:  inline unsigned long long
        -: 5278:  stoull(const string& __str, size_t* __idx = 0, int __base = 10)
        -: 5279:  { return __gnu_cxx::__stoa(&std::strtoull, "stoull", __str.c_str(),
        -: 5280:			     __idx, __base); }
        -: 5281:
        -: 5282:  // NB: strtof vs strtod.
        -: 5283:  inline float
        -: 5284:  stof(const string& __str, size_t* __idx = 0)
        -: 5285:  { return __gnu_cxx::__stoa(&std::strtof, "stof", __str.c_str(), __idx); }
        -: 5286:
        -: 5287:  inline double
        -: 5288:  stod(const string& __str, size_t* __idx = 0)
        -: 5289:  { return __gnu_cxx::__stoa(&std::strtod, "stod", __str.c_str(), __idx); }
        -: 5290:
        -: 5291:  inline long double
        -: 5292:  stold(const string& __str, size_t* __idx = 0)
        -: 5293:  { return __gnu_cxx::__stoa(&std::strtold, "stold", __str.c_str(), __idx); }
        -: 5294:
        -: 5295:  // NB: (v)snprintf vs sprintf.
        -: 5296:
        -: 5297:  // DR 1261.
        -: 5298:  inline string
        -: 5299:  to_string(int __val)
        -: 5300:  { return __gnu_cxx::__to_xstring<string>(&std::vsnprintf, 4 * sizeof(int),
        -: 5301:					   "%d", __val); }
        -: 5302:
        -: 5303:  inline string
        -: 5304:  to_string(unsigned __val)
        -: 5305:  { return __gnu_cxx::__to_xstring<string>(&std::vsnprintf,
        -: 5306:					   4 * sizeof(unsigned),
        -: 5307:					   "%u", __val); }
        -: 5308:
        -: 5309:  inline string
        -: 5310:  to_string(long __val)
        -: 5311:  { return __gnu_cxx::__to_xstring<string>(&std::vsnprintf, 4 * sizeof(long),
        -: 5312:					   "%ld", __val); }
        -: 5313:
        -: 5314:  inline string
        -: 5315:  to_string(unsigned long __val)
        -: 5316:  { return __gnu_cxx::__to_xstring<string>(&std::vsnprintf,
        -: 5317:					   4 * sizeof(unsigned long),
        -: 5318:					   "%lu", __val); }
        -: 5319:
        -: 5320:  inline string
        -: 5321:  to_string(long long __val)
        -: 5322:  { return __gnu_cxx::__to_xstring<string>(&std::vsnprintf,
        -: 5323:					   4 * sizeof(long long),
        -: 5324:					   "%lld", __val); }
        -: 5325:
        -: 5326:  inline string
        -: 5327:  to_string(unsigned long long __val)
        -: 5328:  { return __gnu_cxx::__to_xstring<string>(&std::vsnprintf,
        -: 5329:					   4 * sizeof(unsigned long long),
        -: 5330:					   "%llu", __val); }
        -: 5331:
        -: 5332:  inline string
        -: 5333:  to_string(float __val)
        -: 5334:  {
        -: 5335:    const int __n = 
        -: 5336:      __gnu_cxx::__numeric_traits<float>::__max_exponent10 + 20;
        -: 5337:    return __gnu_cxx::__to_xstring<string>(&std::vsnprintf, __n,
        -: 5338:					   "%f", __val);
        -: 5339:  }
        -: 5340:
        -: 5341:  inline string
        -: 5342:  to_string(double __val)
        -: 5343:  {
        -: 5344:    const int __n = 
        -: 5345:      __gnu_cxx::__numeric_traits<double>::__max_exponent10 + 20;
        -: 5346:    return __gnu_cxx::__to_xstring<string>(&std::vsnprintf, __n,
        -: 5347:					   "%f", __val);
        -: 5348:  }
        -: 5349:
        -: 5350:  inline string
        -: 5351:  to_string(long double __val)
        -: 5352:  {
        -: 5353:    const int __n = 
        -: 5354:      __gnu_cxx::__numeric_traits<long double>::__max_exponent10 + 20;
        -: 5355:    return __gnu_cxx::__to_xstring<string>(&std::vsnprintf, __n,
        -: 5356:					   "%Lf", __val);
        -: 5357:  }
        -: 5358:
        -: 5359:#ifdef _GLIBCXX_USE_WCHAR_T
        -: 5360:  inline int 
        -: 5361:  stoi(const wstring& __str, size_t* __idx = 0, int __base = 10)
        -: 5362:  { return __gnu_cxx::__stoa<long, int>(&std::wcstol, "stoi", __str.c_str(),
        -: 5363:					__idx, __base); }
        -: 5364:
        -: 5365:  inline long 
        -: 5366:  stol(const wstring& __str, size_t* __idx = 0, int __base = 10)
        -: 5367:  { return __gnu_cxx::__stoa(&std::wcstol, "stol", __str.c_str(),
        -: 5368:			     __idx, __base); }
        -: 5369:
        -: 5370:  inline unsigned long
        -: 5371:  stoul(const wstring& __str, size_t* __idx = 0, int __base = 10)
        -: 5372:  { return __gnu_cxx::__stoa(&std::wcstoul, "stoul", __str.c_str(),
        -: 5373:			     __idx, __base); }
        -: 5374:
        -: 5375:  inline long long
        -: 5376:  stoll(const wstring& __str, size_t* __idx = 0, int __base = 10)
        -: 5377:  { return __gnu_cxx::__stoa(&std::wcstoll, "stoll", __str.c_str(),
        -: 5378:			     __idx, __base); }
        -: 5379:
        -: 5380:  inline unsigned long long
        -: 5381:  stoull(const wstring& __str, size_t* __idx = 0, int __base = 10)
        -: 5382:  { return __gnu_cxx::__stoa(&std::wcstoull, "stoull", __str.c_str(),
        -: 5383:			     __idx, __base); }
        -: 5384:
        -: 5385:  // NB: wcstof vs wcstod.
        -: 5386:  inline float
        -: 5387:  stof(const wstring& __str, size_t* __idx = 0)
        -: 5388:  { return __gnu_cxx::__stoa(&std::wcstof, "stof", __str.c_str(), __idx); }
        -: 5389:
        -: 5390:  inline double
        -: 5391:  stod(const wstring& __str, size_t* __idx = 0)
        -: 5392:  { return __gnu_cxx::__stoa(&std::wcstod, "stod", __str.c_str(), __idx); }
        -: 5393:
        -: 5394:  inline long double
        -: 5395:  stold(const wstring& __str, size_t* __idx = 0)
        -: 5396:  { return __gnu_cxx::__stoa(&std::wcstold, "stold", __str.c_str(), __idx); }
        -: 5397:
        -: 5398:#ifndef _GLIBCXX_HAVE_BROKEN_VSWPRINTF
        -: 5399:  // DR 1261.
        -: 5400:  inline wstring
        -: 5401:  to_wstring(int __val)
        -: 5402:  { return __gnu_cxx::__to_xstring<wstring>(&std::vswprintf, 4 * sizeof(int),
        -: 5403:					    L"%d", __val); }
        -: 5404:
        -: 5405:  inline wstring
        -: 5406:  to_wstring(unsigned __val)
        -: 5407:  { return __gnu_cxx::__to_xstring<wstring>(&std::vswprintf,
        -: 5408:					    4 * sizeof(unsigned),
        -: 5409:					    L"%u", __val); }
        -: 5410:
        -: 5411:  inline wstring
        -: 5412:  to_wstring(long __val)
        -: 5413:  { return __gnu_cxx::__to_xstring<wstring>(&std::vswprintf, 4 * sizeof(long),
        -: 5414:					    L"%ld", __val); }
        -: 5415:
        -: 5416:  inline wstring
        -: 5417:  to_wstring(unsigned long __val)
        -: 5418:  { return __gnu_cxx::__to_xstring<wstring>(&std::vswprintf,
        -: 5419:					    4 * sizeof(unsigned long),
        -: 5420:					    L"%lu", __val); }
        -: 5421:
        -: 5422:  inline wstring
        -: 5423:  to_wstring(long long __val)
        -: 5424:  { return __gnu_cxx::__to_xstring<wstring>(&std::vswprintf,
        -: 5425:					    4 * sizeof(long long),
        -: 5426:					    L"%lld", __val); }
        -: 5427:
        -: 5428:  inline wstring
        -: 5429:  to_wstring(unsigned long long __val)
        -: 5430:  { return __gnu_cxx::__to_xstring<wstring>(&std::vswprintf,
        -: 5431:					    4 * sizeof(unsigned long long),
        -: 5432:					    L"%llu", __val); }
        -: 5433:
        -: 5434:  inline wstring
        -: 5435:  to_wstring(float __val)
        -: 5436:  {
        -: 5437:    const int __n =
        -: 5438:      __gnu_cxx::__numeric_traits<float>::__max_exponent10 + 20;
        -: 5439:    return __gnu_cxx::__to_xstring<wstring>(&std::vswprintf, __n,
        -: 5440:					    L"%f", __val);
        -: 5441:  }
        -: 5442:
        -: 5443:  inline wstring
        -: 5444:  to_wstring(double __val)
        -: 5445:  {
        -: 5446:    const int __n =
        -: 5447:      __gnu_cxx::__numeric_traits<double>::__max_exponent10 + 20;
        -: 5448:    return __gnu_cxx::__to_xstring<wstring>(&std::vswprintf, __n,
        -: 5449:					    L"%f", __val);
        -: 5450:  }
        -: 5451:
        -: 5452:  inline wstring
        -: 5453:  to_wstring(long double __val)
        -: 5454:  {
        -: 5455:    const int __n =
        -: 5456:      __gnu_cxx::__numeric_traits<long double>::__max_exponent10 + 20;
        -: 5457:    return __gnu_cxx::__to_xstring<wstring>(&std::vswprintf, __n,
        -: 5458:					    L"%Lf", __val);
        -: 5459:  }
        -: 5460:#endif // _GLIBCXX_HAVE_BROKEN_VSWPRINTF
        -: 5461:#endif
        -: 5462:
        -: 5463:_GLIBCXX_END_NAMESPACE_CXX11
        -: 5464:_GLIBCXX_END_NAMESPACE_VERSION
        -: 5465:} // namespace
        -: 5466:
        -: 5467:#endif /* C++11 && _GLIBCXX_USE_C99 ... */
        -: 5468:
        -: 5469:#if __cplusplus >= 201103L
        -: 5470:
        -: 5471:#include <bits/functional_hash.h>
        -: 5472:
        -: 5473:namespace std _GLIBCXX_VISIBILITY(default)
        -: 5474:{
        -: 5475:_GLIBCXX_BEGIN_NAMESPACE_VERSION
        -: 5476:
        -: 5477:  // DR 1182.
        -: 5478:
        -: 5479:#ifndef _GLIBCXX_COMPATIBILITY_CXX0X
        -: 5480:  /// std::hash specialization for string.
        -: 5481:  template<>
        -: 5482:    struct hash<string>
        -: 5483:    : public __hash_base<size_t, string>
        -: 5484:    {
        -: 5485:      size_t
        -: 5486:      operator()(const string& __s) const noexcept
        -: 5487:      { return std::_Hash_impl::hash(__s.data(), __s.length()); }
        -: 5488:    };
        -: 5489:
        -: 5490:  template<>
        -: 5491:    struct __is_fast_hash<hash<string>> : std::false_type
        -: 5492:    { };
        -: 5493:
        -: 5494:#ifdef _GLIBCXX_USE_WCHAR_T
        -: 5495:  /// std::hash specialization for wstring.
        -: 5496:  template<>
        -: 5497:    struct hash<wstring>
        -: 5498:    : public __hash_base<size_t, wstring>
        -: 5499:    {
        -: 5500:      size_t
        -: 5501:      operator()(const wstring& __s) const noexcept
        -: 5502:      { return std::_Hash_impl::hash(__s.data(),
        -: 5503:                                     __s.length() * sizeof(wchar_t)); }
        -: 5504:    };
        -: 5505:
        -: 5506:  template<>
        -: 5507:    struct __is_fast_hash<hash<wstring>> : std::false_type
        -: 5508:    { };
        -: 5509:#endif
        -: 5510:#endif /* _GLIBCXX_COMPATIBILITY_CXX0X */
        -: 5511:
        -: 5512:#ifdef _GLIBCXX_USE_C99_STDINT_TR1
        -: 5513:  /// std::hash specialization for u16string.
        -: 5514:  template<>
        -: 5515:    struct hash<u16string>
        -: 5516:    : public __hash_base<size_t, u16string>
        -: 5517:    {
        -: 5518:      size_t
        -: 5519:      operator()(const u16string& __s) const noexcept
        -: 5520:      { return std::_Hash_impl::hash(__s.data(),
        -: 5521:                                     __s.length() * sizeof(char16_t)); }
        -: 5522:    };
        -: 5523:
        -: 5524:  template<>
        -: 5525:    struct __is_fast_hash<hash<u16string>> : std::false_type
        -: 5526:    { };
        -: 5527:
        -: 5528:  /// std::hash specialization for u32string.
        -: 5529:  template<>
        -: 5530:    struct hash<u32string>
        -: 5531:    : public __hash_base<size_t, u32string>
        -: 5532:    {
        -: 5533:      size_t
        -: 5534:      operator()(const u32string& __s) const noexcept
        -: 5535:      { return std::_Hash_impl::hash(__s.data(),
        -: 5536:                                     __s.length() * sizeof(char32_t)); }
        -: 5537:    };
        -: 5538:
        -: 5539:  template<>
        -: 5540:    struct __is_fast_hash<hash<u32string>> : std::false_type
        -: 5541:    { };
        -: 5542:#endif
        -: 5543:
        -: 5544:#if __cplusplus > 201103L
        -: 5545:
        -: 5546:#define __cpp_lib_string_udls 201304
        -: 5547:
        -: 5548:  inline namespace literals
        -: 5549:  {
        -: 5550:  inline namespace string_literals
        -: 5551:  {
        -: 5552:
        -: 5553:    _GLIBCXX_DEFAULT_ABI_TAG
        -: 5554:    inline basic_string<char>
        -: 5555:    operator""s(const char* __str, size_t __len)
        -: 5556:    { return basic_string<char>{__str, __len}; }
        -: 5557:
        -: 5558:#ifdef _GLIBCXX_USE_WCHAR_T
        -: 5559:    _GLIBCXX_DEFAULT_ABI_TAG
        -: 5560:    inline basic_string<wchar_t>
        -: 5561:    operator""s(const wchar_t* __str, size_t __len)
        -: 5562:    { return basic_string<wchar_t>{__str, __len}; }
        -: 5563:#endif
        -: 5564:
        -: 5565:#ifdef _GLIBCXX_USE_C99_STDINT_TR1
        -: 5566:    _GLIBCXX_DEFAULT_ABI_TAG
        -: 5567:    inline basic_string<char16_t>
        -: 5568:    operator""s(const char16_t* __str, size_t __len)
        -: 5569:    { return basic_string<char16_t>{__str, __len}; }
        -: 5570:
        -: 5571:    _GLIBCXX_DEFAULT_ABI_TAG
        -: 5572:    inline basic_string<char32_t>
        -: 5573:    operator""s(const char32_t* __str, size_t __len)
        -: 5574:    { return basic_string<char32_t>{__str, __len}; }
        -: 5575:#endif
        -: 5576:
        -: 5577:  } // inline namespace string_literals
        -: 5578:  } // inline namespace literals
        -: 5579:
        -: 5580:#endif // __cplusplus > 201103L
        -: 5581:
        -: 5582:_GLIBCXX_END_NAMESPACE_VERSION
        -: 5583:} // namespace std
        -: 5584:
        -: 5585:#endif // C++11
        -: 5586:
        -: 5587:#endif /* _BASIC_STRING_H */
