        -:    0:Source:/usr/include/c++/5/bits/random.tcc
        -:    0:Graph:./test_index.gcno
        -:    0:Data:./test_index.gcda
        -:    0:Runs:1
        -:    0:Programs:1
        -:    1:// random number generation (out of line) -*- C++ -*-
        -:    2:
        -:    3:// Copyright (C) 2009-2015 Free Software Foundation, Inc.
        -:    4://
        -:    5:// This file is part of the GNU ISO C++ Library.  This library is free
        -:    6:// software; you can redistribute it and/or modify it under the
        -:    7:// terms of the GNU General Public License as published by the
        -:    8:// Free Software Foundation; either version 3, or (at your option)
        -:    9:// any later version.
        -:   10:
        -:   11:// This library is distributed in the hope that it will be useful,
        -:   12:// but WITHOUT ANY WARRANTY; without even the implied warranty of
        -:   13:// MERCHANTABILITY or FITNESS FOR A PARTICULAR PURPOSE.  See the
        -:   14:// GNU General Public License for more details.
        -:   15:
        -:   16:// Under Section 7 of GPL version 3, you are granted additional
        -:   17:// permissions described in the GCC Runtime Library Exception, version
        -:   18:// 3.1, as published by the Free Software Foundation.
        -:   19:
        -:   20:// You should have received a copy of the GNU General Public License and
        -:   21:// a copy of the GCC Runtime Library Exception along with this program;
        -:   22:// see the files COPYING3 and COPYING.RUNTIME respectively.  If not, see
        -:   23:// <http://www.gnu.org/licenses/>.
        -:   24:
        -:   25:/** @file bits/random.tcc
        -:   26: *  This is an internal header file, included by other library headers.
        -:   27: *  Do not attempt to use it directly. @headername{random}
        -:   28: */
        -:   29:
        -:   30:#ifndef _RANDOM_TCC
        -:   31:#define _RANDOM_TCC 1
        -:   32:
        -:   33:#include <numeric> // std::accumulate and std::partial_sum
        -:   34:
        -:   35:namespace std _GLIBCXX_VISIBILITY(default)
        -:   36:{
        -:   37:  /*
        -:   38:   * (Further) implementation-space details.
        -:   39:   */
        -:   40:  namespace __detail
        -:   41:  {
        -:   42:  _GLIBCXX_BEGIN_NAMESPACE_VERSION
        -:   43:
        -:   44:    // General case for x = (ax + c) mod m -- use Schrage's algorithm
        -:   45:    // to avoid integer overflow.
        -:   46:    //
        -:   47:    // Preconditions:  a > 0, m > 0.
        -:   48:    //
        -:   49:    // Note: only works correctly for __m % __a < __m / __a.
        -:   50:    template<typename _Tp, _Tp __m, _Tp __a, _Tp __c>
        -:   51:      _Tp
        -:   52:      _Mod<_Tp, __m, __a, __c, false, true>::
        -:   53:      __calc(_Tp __x)
        -:   54:      {
        -:   55:	if (__a == 1)
        -:   56:	  __x %= __m;
        -:   57:	else
        -:   58:	  {
        -:   59:	    static const _Tp __q = __m / __a;
        -:   60:	    static const _Tp __r = __m % __a;
        -:   61:
        -:   62:	    _Tp __t1 = __a * (__x % __q);
        -:   63:	    _Tp __t2 = __r * (__x / __q);
        -:   64:	    if (__t1 >= __t2)
        -:   65:	      __x = __t1 - __t2;
        -:   66:	    else
        -:   67:	      __x = __m - __t2 + __t1;
        -:   68:	  }
        -:   69:
        -:   70:	if (__c != 0)
        -:   71:	  {
        -:   72:	    const _Tp __d = __m - __x;
        -:   73:	    if (__d > __c)
        -:   74:	      __x += __c;
        -:   75:	    else
        -:   76:	      __x = __c - __d;
        -:   77:	  }
        -:   78:	return __x;
        -:   79:      }
        -:   80:
        -:   81:    template<typename _InputIterator, typename _OutputIterator,
        -:   82:	     typename _Tp>
        -:   83:      _OutputIterator
        -:   84:      __normalize(_InputIterator __first, _InputIterator __last,
        -:   85:		  _OutputIterator __result, const _Tp& __factor)
        -:   86:      {
        -:   87:	for (; __first != __last; ++__first, ++__result)
        -:   88:	  *__result = *__first / __factor;
        -:   89:	return __result;
        -:   90:      }
        -:   91:
        -:   92:  _GLIBCXX_END_NAMESPACE_VERSION
        -:   93:  } // namespace __detail
        -:   94:
        -:   95:_GLIBCXX_BEGIN_NAMESPACE_VERSION
        -:   96:
        -:   97:  template<typename _UIntType, _UIntType __a, _UIntType __c, _UIntType __m>
        -:   98:    constexpr _UIntType
        -:   99:    linear_congruential_engine<_UIntType, __a, __c, __m>::multiplier;
        -:  100:
        -:  101:  template<typename _UIntType, _UIntType __a, _UIntType __c, _UIntType __m>
        -:  102:    constexpr _UIntType
        -:  103:    linear_congruential_engine<_UIntType, __a, __c, __m>::increment;
        -:  104:
        -:  105:  template<typename _UIntType, _UIntType __a, _UIntType __c, _UIntType __m>
        -:  106:    constexpr _UIntType
        -:  107:    linear_congruential_engine<_UIntType, __a, __c, __m>::modulus;
        -:  108:
        -:  109:  template<typename _UIntType, _UIntType __a, _UIntType __c, _UIntType __m>
        -:  110:    constexpr _UIntType
        -:  111:    linear_congruential_engine<_UIntType, __a, __c, __m>::default_seed;
        -:  112:
        -:  113:  /**
        -:  114:   * Seeds the LCR with integral value @p __s, adjusted so that the
        -:  115:   * ring identity is never a member of the convergence set.
        -:  116:   */
        -:  117:  template<typename _UIntType, _UIntType __a, _UIntType __c, _UIntType __m>
        -:  118:    void
        -:  119:    linear_congruential_engine<_UIntType, __a, __c, __m>::
        -:  120:    seed(result_type __s)
        -:  121:    {
        -:  122:      if ((__detail::__mod<_UIntType, __m>(__c) == 0)
        -:  123:	  && (__detail::__mod<_UIntType, __m>(__s) == 0))
        -:  124:	_M_x = 1;
        -:  125:      else
        -:  126:	_M_x = __detail::__mod<_UIntType, __m>(__s);
        -:  127:    }
        -:  128:
        -:  129:  /**
        -:  130:   * Seeds the LCR engine with a value generated by @p __q.
        -:  131:   */
        -:  132:  template<typename _UIntType, _UIntType __a, _UIntType __c, _UIntType __m>
        -:  133:    template<typename _Sseq>
        -:  134:      typename std::enable_if<std::is_class<_Sseq>::value>::type
        -:  135:      linear_congruential_engine<_UIntType, __a, __c, __m>::
        -:  136:      seed(_Sseq& __q)
        -:  137:      {
        -:  138:	const _UIntType __k0 = __m == 0 ? std::numeric_limits<_UIntType>::digits
        -:  139:	                                : std::__lg(__m);
        -:  140:	const _UIntType __k = (__k0 + 31) / 32;
        -:  141:	uint_least32_t __arr[__k + 3];
        -:  142:	__q.generate(__arr + 0, __arr + __k + 3);
        -:  143:	_UIntType __factor = 1u;
        -:  144:	_UIntType __sum = 0u;
        -:  145:	for (size_t __j = 0; __j < __k; ++__j)
        -:  146:	  {
        -:  147:	    __sum += __arr[__j + 3] * __factor;
        -:  148:	    __factor *= __detail::_Shift<_UIntType, 32>::__value;
        -:  149:	  }
        -:  150:	seed(__sum);
        -:  151:      }
        -:  152:
        -:  153:  template<typename _UIntType, _UIntType __a, _UIntType __c, _UIntType __m,
        -:  154:	   typename _CharT, typename _Traits>
        -:  155:    std::basic_ostream<_CharT, _Traits>&
        -:  156:    operator<<(std::basic_ostream<_CharT, _Traits>& __os,
        -:  157:	       const linear_congruential_engine<_UIntType,
        -:  158:						__a, __c, __m>& __lcr)
        -:  159:    {
        -:  160:      typedef std::basic_ostream<_CharT, _Traits>  __ostream_type;
        -:  161:      typedef typename __ostream_type::ios_base    __ios_base;
        -:  162:
        -:  163:      const typename __ios_base::fmtflags __flags = __os.flags();
        -:  164:      const _CharT __fill = __os.fill();
        -:  165:      __os.flags(__ios_base::dec | __ios_base::fixed | __ios_base::left);
        -:  166:      __os.fill(__os.widen(' '));
        -:  167:
        -:  168:      __os << __lcr._M_x;
        -:  169:
        -:  170:      __os.flags(__flags);
        -:  171:      __os.fill(__fill);
        -:  172:      return __os;
        -:  173:    }
        -:  174:
        -:  175:  template<typename _UIntType, _UIntType __a, _UIntType __c, _UIntType __m,
        -:  176:	   typename _CharT, typename _Traits>
        -:  177:    std::basic_istream<_CharT, _Traits>&
        -:  178:    operator>>(std::basic_istream<_CharT, _Traits>& __is,
        -:  179:	       linear_congruential_engine<_UIntType, __a, __c, __m>& __lcr)
        -:  180:    {
        -:  181:      typedef std::basic_istream<_CharT, _Traits>  __istream_type;
        -:  182:      typedef typename __istream_type::ios_base    __ios_base;
        -:  183:
        -:  184:      const typename __ios_base::fmtflags __flags = __is.flags();
        -:  185:      __is.flags(__ios_base::dec);
        -:  186:
        -:  187:      __is >> __lcr._M_x;
        -:  188:
        -:  189:      __is.flags(__flags);
        -:  190:      return __is;
        -:  191:    }
        -:  192:
        -:  193:
        -:  194:  template<typename _UIntType,
        -:  195:	   size_t __w, size_t __n, size_t __m, size_t __r,
        -:  196:	   _UIntType __a, size_t __u, _UIntType __d, size_t __s,
        -:  197:	   _UIntType __b, size_t __t, _UIntType __c, size_t __l,
        -:  198:	   _UIntType __f>
        -:  199:    constexpr size_t
        -:  200:    mersenne_twister_engine<_UIntType, __w, __n, __m, __r, __a, __u, __d,
        -:  201:			    __s, __b, __t, __c, __l, __f>::word_size;
        -:  202:
        -:  203:  template<typename _UIntType,
        -:  204:	   size_t __w, size_t __n, size_t __m, size_t __r,
        -:  205:	   _UIntType __a, size_t __u, _UIntType __d, size_t __s,
        -:  206:	   _UIntType __b, size_t __t, _UIntType __c, size_t __l,
        -:  207:	   _UIntType __f>
        -:  208:    constexpr size_t
        -:  209:    mersenne_twister_engine<_UIntType, __w, __n, __m, __r, __a, __u, __d,
        -:  210:			    __s, __b, __t, __c, __l, __f>::state_size;
        -:  211:
        -:  212:  template<typename _UIntType,
        -:  213:	   size_t __w, size_t __n, size_t __m, size_t __r,
        -:  214:	   _UIntType __a, size_t __u, _UIntType __d, size_t __s,
        -:  215:	   _UIntType __b, size_t __t, _UIntType __c, size_t __l,
        -:  216:	   _UIntType __f>
        -:  217:    constexpr size_t
        -:  218:    mersenne_twister_engine<_UIntType, __w, __n, __m, __r, __a, __u, __d,
        -:  219:			    __s, __b, __t, __c, __l, __f>::shift_size;
        -:  220:
        -:  221:  template<typename _UIntType,
        -:  222:	   size_t __w, size_t __n, size_t __m, size_t __r,
        -:  223:	   _UIntType __a, size_t __u, _UIntType __d, size_t __s,
        -:  224:	   _UIntType __b, size_t __t, _UIntType __c, size_t __l,
        -:  225:	   _UIntType __f>
        -:  226:    constexpr size_t
        -:  227:    mersenne_twister_engine<_UIntType, __w, __n, __m, __r, __a, __u, __d,
        -:  228:			    __s, __b, __t, __c, __l, __f>::mask_bits;
        -:  229:
        -:  230:  template<typename _UIntType,
        -:  231:	   size_t __w, size_t __n, size_t __m, size_t __r,
        -:  232:	   _UIntType __a, size_t __u, _UIntType __d, size_t __s,
        -:  233:	   _UIntType __b, size_t __t, _UIntType __c, size_t __l,
        -:  234:	   _UIntType __f>
        -:  235:    constexpr _UIntType
        -:  236:    mersenne_twister_engine<_UIntType, __w, __n, __m, __r, __a, __u, __d,
        -:  237:			    __s, __b, __t, __c, __l, __f>::xor_mask;
        -:  238:
        -:  239:  template<typename _UIntType,
        -:  240:	   size_t __w, size_t __n, size_t __m, size_t __r,
        -:  241:	   _UIntType __a, size_t __u, _UIntType __d, size_t __s,
        -:  242:	   _UIntType __b, size_t __t, _UIntType __c, size_t __l,
        -:  243:	   _UIntType __f>
        -:  244:    constexpr size_t
        -:  245:    mersenne_twister_engine<_UIntType, __w, __n, __m, __r, __a, __u, __d,
        -:  246:			    __s, __b, __t, __c, __l, __f>::tempering_u;
        -:  247:   
        -:  248:  template<typename _UIntType,
        -:  249:	   size_t __w, size_t __n, size_t __m, size_t __r,
        -:  250:	   _UIntType __a, size_t __u, _UIntType __d, size_t __s,
        -:  251:	   _UIntType __b, size_t __t, _UIntType __c, size_t __l,
        -:  252:	   _UIntType __f>
        -:  253:    constexpr _UIntType
        -:  254:    mersenne_twister_engine<_UIntType, __w, __n, __m, __r, __a, __u, __d,
        -:  255:			    __s, __b, __t, __c, __l, __f>::tempering_d;
        -:  256:
        -:  257:  template<typename _UIntType,
        -:  258:	   size_t __w, size_t __n, size_t __m, size_t __r,
        -:  259:	   _UIntType __a, size_t __u, _UIntType __d, size_t __s,
        -:  260:	   _UIntType __b, size_t __t, _UIntType __c, size_t __l,
        -:  261:	   _UIntType __f>
        -:  262:    constexpr size_t
        -:  263:    mersenne_twister_engine<_UIntType, __w, __n, __m, __r, __a, __u, __d,
        -:  264:			    __s, __b, __t, __c, __l, __f>::tempering_s;
        -:  265:
        -:  266:  template<typename _UIntType,
        -:  267:	   size_t __w, size_t __n, size_t __m, size_t __r,
        -:  268:	   _UIntType __a, size_t __u, _UIntType __d, size_t __s,
        -:  269:	   _UIntType __b, size_t __t, _UIntType __c, size_t __l,
        -:  270:	   _UIntType __f>
        -:  271:    constexpr _UIntType
        -:  272:    mersenne_twister_engine<_UIntType, __w, __n, __m, __r, __a, __u, __d,
        -:  273:			    __s, __b, __t, __c, __l, __f>::tempering_b;
        -:  274:
        -:  275:  template<typename _UIntType,
        -:  276:	   size_t __w, size_t __n, size_t __m, size_t __r,
        -:  277:	   _UIntType __a, size_t __u, _UIntType __d, size_t __s,
        -:  278:	   _UIntType __b, size_t __t, _UIntType __c, size_t __l,
        -:  279:	   _UIntType __f>
        -:  280:    constexpr size_t
        -:  281:    mersenne_twister_engine<_UIntType, __w, __n, __m, __r, __a, __u, __d,
        -:  282:			    __s, __b, __t, __c, __l, __f>::tempering_t;
        -:  283:
        -:  284:  template<typename _UIntType,
        -:  285:	   size_t __w, size_t __n, size_t __m, size_t __r,
        -:  286:	   _UIntType __a, size_t __u, _UIntType __d, size_t __s,
        -:  287:	   _UIntType __b, size_t __t, _UIntType __c, size_t __l,
        -:  288:	   _UIntType __f>
        -:  289:    constexpr _UIntType
        -:  290:    mersenne_twister_engine<_UIntType, __w, __n, __m, __r, __a, __u, __d,
        -:  291:			    __s, __b, __t, __c, __l, __f>::tempering_c;
        -:  292:
        -:  293:  template<typename _UIntType,
        -:  294:	   size_t __w, size_t __n, size_t __m, size_t __r,
        -:  295:	   _UIntType __a, size_t __u, _UIntType __d, size_t __s,
        -:  296:	   _UIntType __b, size_t __t, _UIntType __c, size_t __l,
        -:  297:	   _UIntType __f>
        -:  298:    constexpr size_t
        -:  299:    mersenne_twister_engine<_UIntType, __w, __n, __m, __r, __a, __u, __d,
        -:  300:			    __s, __b, __t, __c, __l, __f>::tempering_l;
        -:  301:
        -:  302:  template<typename _UIntType,
        -:  303:	   size_t __w, size_t __n, size_t __m, size_t __r,
        -:  304:	   _UIntType __a, size_t __u, _UIntType __d, size_t __s,
        -:  305:	   _UIntType __b, size_t __t, _UIntType __c, size_t __l,
        -:  306:	   _UIntType __f>
        -:  307:    constexpr _UIntType
        -:  308:    mersenne_twister_engine<_UIntType, __w, __n, __m, __r, __a, __u, __d,
        -:  309:			    __s, __b, __t, __c, __l, __f>::
        -:  310:                                              initialization_multiplier;
        -:  311:
        -:  312:  template<typename _UIntType,
        -:  313:	   size_t __w, size_t __n, size_t __m, size_t __r,
        -:  314:	   _UIntType __a, size_t __u, _UIntType __d, size_t __s,
        -:  315:	   _UIntType __b, size_t __t, _UIntType __c, size_t __l,
        -:  316:	   _UIntType __f>
        -:  317:    constexpr _UIntType
        -:  318:    mersenne_twister_engine<_UIntType, __w, __n, __m, __r, __a, __u, __d,
        -:  319:			    __s, __b, __t, __c, __l, __f>::default_seed;
        -:  320:
        -:  321:  template<typename _UIntType,
        -:  322:	   size_t __w, size_t __n, size_t __m, size_t __r,
        -:  323:	   _UIntType __a, size_t __u, _UIntType __d, size_t __s,
        -:  324:	   _UIntType __b, size_t __t, _UIntType __c, size_t __l,
        -:  325:	   _UIntType __f>
        -:  326:    void
    #####:  327:    mersenne_twister_engine<_UIntType, __w, __n, __m, __r, __a, __u, __d,
        -:  328:			    __s, __b, __t, __c, __l, __f>::
        -:  329:    seed(result_type __sd)
        -:  330:    {
    #####:  331:      _M_x[0] = __detail::__mod<_UIntType,
    #####:  332:	__detail::_Shift<_UIntType, __w>::__value>(__sd);
        -:  333:
    #####:  334:      for (size_t __i = 1; __i < state_size; ++__i)
        -:  335:	{
    #####:  336:	  _UIntType __x = _M_x[__i - 1];
    #####:  337:	  __x ^= __x >> (__w - 2);
    #####:  338:	  __x *= __f;
    #####:  339:	  __x += __detail::__mod<_UIntType, __n>(__i);
    #####:  340:	  _M_x[__i] = __detail::__mod<_UIntType,
    #####:  341:	    __detail::_Shift<_UIntType, __w>::__value>(__x);
        -:  342:	}
    #####:  343:      _M_p = state_size;
    #####:  344:    }
        -:  345:
        -:  346:  template<typename _UIntType,
        -:  347:	   size_t __w, size_t __n, size_t __m, size_t __r,
        -:  348:	   _UIntType __a, size_t __u, _UIntType __d, size_t __s,
        -:  349:	   _UIntType __b, size_t __t, _UIntType __c, size_t __l,
        -:  350:	   _UIntType __f>
        -:  351:    template<typename _Sseq>
        -:  352:      typename std::enable_if<std::is_class<_Sseq>::value>::type
        -:  353:      mersenne_twister_engine<_UIntType, __w, __n, __m, __r, __a, __u, __d,
        -:  354:			      __s, __b, __t, __c, __l, __f>::
        -:  355:      seed(_Sseq& __q)
        -:  356:      {
        -:  357:	const _UIntType __upper_mask = (~_UIntType()) << __r;
        -:  358:	const size_t __k = (__w + 31) / 32;
        -:  359:	uint_least32_t __arr[__n * __k];
        -:  360:	__q.generate(__arr + 0, __arr + __n * __k);
        -:  361:
        -:  362:	bool __zero = true;
        -:  363:	for (size_t __i = 0; __i < state_size; ++__i)
        -:  364:	  {
        -:  365:	    _UIntType __factor = 1u;
        -:  366:	    _UIntType __sum = 0u;
        -:  367:	    for (size_t __j = 0; __j < __k; ++__j)
        -:  368:	      {
        -:  369:		__sum += __arr[__k * __i + __j] * __factor;
        -:  370:		__factor *= __detail::_Shift<_UIntType, 32>::__value;
        -:  371:	      }
        -:  372:	    _M_x[__i] = __detail::__mod<_UIntType,
        -:  373:	      __detail::_Shift<_UIntType, __w>::__value>(__sum);
        -:  374:
        -:  375:	    if (__zero)
        -:  376:	      {
        -:  377:		if (__i == 0)
        -:  378:		  {
        -:  379:		    if ((_M_x[0] & __upper_mask) != 0u)
        -:  380:		      __zero = false;
        -:  381:		  }
        -:  382:		else if (_M_x[__i] != 0u)
        -:  383:		  __zero = false;
        -:  384:	      }
        -:  385:	  }
        -:  386:        if (__zero)
        -:  387:          _M_x[0] = __detail::_Shift<_UIntType, __w - 1>::__value;
        -:  388:	_M_p = state_size;
        -:  389:      }
        -:  390:
        -:  391:  template<typename _UIntType, size_t __w,
        -:  392:	   size_t __n, size_t __m, size_t __r,
        -:  393:	   _UIntType __a, size_t __u, _UIntType __d, size_t __s,
        -:  394:	   _UIntType __b, size_t __t, _UIntType __c, size_t __l,
        -:  395:	   _UIntType __f>
        -:  396:    void
    #####:  397:    mersenne_twister_engine<_UIntType, __w, __n, __m, __r, __a, __u, __d,
        -:  398:			    __s, __b, __t, __c, __l, __f>::
        -:  399:    _M_gen_rand(void)
        -:  400:    {
    #####:  401:      const _UIntType __upper_mask = (~_UIntType()) << __r;
    #####:  402:      const _UIntType __lower_mask = ~__upper_mask;
        -:  403:
    #####:  404:      for (size_t __k = 0; __k < (__n - __m); ++__k)
        -:  405:        {
    #####:  406:	  _UIntType __y = ((_M_x[__k] & __upper_mask)
    #####:  407:			   | (_M_x[__k + 1] & __lower_mask));
    #####:  408:	  _M_x[__k] = (_M_x[__k + __m] ^ (__y >> 1)
        -:  409:		       ^ ((__y & 0x01) ? __a : 0));
        -:  410:        }
        -:  411:
    #####:  412:      for (size_t __k = (__n - __m); __k < (__n - 1); ++__k)
        -:  413:	{
    #####:  414:	  _UIntType __y = ((_M_x[__k] & __upper_mask)
    #####:  415:			   | (_M_x[__k + 1] & __lower_mask));
    #####:  416:	  _M_x[__k] = (_M_x[__k + (__m - __n)] ^ (__y >> 1)
        -:  417:		       ^ ((__y & 0x01) ? __a : 0));
        -:  418:	}
        -:  419:
    #####:  420:      _UIntType __y = ((_M_x[__n - 1] & __upper_mask)
    #####:  421:		       | (_M_x[0] & __lower_mask));
    #####:  422:      _M_x[__n - 1] = (_M_x[__m - 1] ^ (__y >> 1)
        -:  423:		       ^ ((__y & 0x01) ? __a : 0));
    #####:  424:      _M_p = 0;
    #####:  425:    }
        -:  426:
        -:  427:  template<typename _UIntType, size_t __w,
        -:  428:	   size_t __n, size_t __m, size_t __r,
        -:  429:	   _UIntType __a, size_t __u, _UIntType __d, size_t __s,
        -:  430:	   _UIntType __b, size_t __t, _UIntType __c, size_t __l,
        -:  431:	   _UIntType __f>
        -:  432:    void
        -:  433:    mersenne_twister_engine<_UIntType, __w, __n, __m, __r, __a, __u, __d,
        -:  434:			    __s, __b, __t, __c, __l, __f>::
        -:  435:    discard(unsigned long long __z)
        -:  436:    {
        -:  437:      while (__z > state_size - _M_p)
        -:  438:	{
        -:  439:	  __z -= state_size - _M_p;
        -:  440:	  _M_gen_rand();
        -:  441:	}
        -:  442:      _M_p += __z;
        -:  443:    }
        -:  444:
        -:  445:  template<typename _UIntType, size_t __w,
        -:  446:	   size_t __n, size_t __m, size_t __r,
        -:  447:	   _UIntType __a, size_t __u, _UIntType __d, size_t __s,
        -:  448:	   _UIntType __b, size_t __t, _UIntType __c, size_t __l,
        -:  449:	   _UIntType __f>
        -:  450:    typename
        -:  451:    mersenne_twister_engine<_UIntType, __w, __n, __m, __r, __a, __u, __d,
        -:  452:			    __s, __b, __t, __c, __l, __f>::result_type
    #####:  453:    mersenne_twister_engine<_UIntType, __w, __n, __m, __r, __a, __u, __d,
        -:  454:			    __s, __b, __t, __c, __l, __f>::
        -:  455:    operator()()
        -:  456:    {
        -:  457:      // Reload the vector - cost is O(n) amortized over n calls.
    #####:  458:      if (_M_p >= state_size)
    #####:  459:	_M_gen_rand();
        -:  460:
        -:  461:      // Calculate o(x(i)).
    #####:  462:      result_type __z = _M_x[_M_p++];
    #####:  463:      __z ^= (__z >> __u) & __d;
    #####:  464:      __z ^= (__z << __s) & __b;
    #####:  465:      __z ^= (__z << __t) & __c;
    #####:  466:      __z ^= (__z >> __l);
        -:  467:
    #####:  468:      return __z;
        -:  469:    }
        -:  470:
        -:  471:  template<typename _UIntType, size_t __w,
        -:  472:	   size_t __n, size_t __m, size_t __r,
        -:  473:	   _UIntType __a, size_t __u, _UIntType __d, size_t __s,
        -:  474:	   _UIntType __b, size_t __t, _UIntType __c, size_t __l,
        -:  475:	   _UIntType __f, typename _CharT, typename _Traits>
        -:  476:    std::basic_ostream<_CharT, _Traits>&
        -:  477:    operator<<(std::basic_ostream<_CharT, _Traits>& __os,
        -:  478:	       const mersenne_twister_engine<_UIntType, __w, __n, __m,
        -:  479:	       __r, __a, __u, __d, __s, __b, __t, __c, __l, __f>& __x)
        -:  480:    {
        -:  481:      typedef std::basic_ostream<_CharT, _Traits>  __ostream_type;
        -:  482:      typedef typename __ostream_type::ios_base    __ios_base;
        -:  483:
        -:  484:      const typename __ios_base::fmtflags __flags = __os.flags();
        -:  485:      const _CharT __fill = __os.fill();
        -:  486:      const _CharT __space = __os.widen(' ');
        -:  487:      __os.flags(__ios_base::dec | __ios_base::fixed | __ios_base::left);
        -:  488:      __os.fill(__space);
        -:  489:
        -:  490:      for (size_t __i = 0; __i < __n; ++__i)
        -:  491:	__os << __x._M_x[__i] << __space;
        -:  492:      __os << __x._M_p;
        -:  493:
        -:  494:      __os.flags(__flags);
        -:  495:      __os.fill(__fill);
        -:  496:      return __os;
        -:  497:    }
        -:  498:
        -:  499:  template<typename _UIntType, size_t __w,
        -:  500:	   size_t __n, size_t __m, size_t __r,
        -:  501:	   _UIntType __a, size_t __u, _UIntType __d, size_t __s,
        -:  502:	   _UIntType __b, size_t __t, _UIntType __c, size_t __l,
        -:  503:	   _UIntType __f, typename _CharT, typename _Traits>
        -:  504:    std::basic_istream<_CharT, _Traits>&
        -:  505:    operator>>(std::basic_istream<_CharT, _Traits>& __is,
        -:  506:	       mersenne_twister_engine<_UIntType, __w, __n, __m,
        -:  507:	       __r, __a, __u, __d, __s, __b, __t, __c, __l, __f>& __x)
        -:  508:    {
        -:  509:      typedef std::basic_istream<_CharT, _Traits>  __istream_type;
        -:  510:      typedef typename __istream_type::ios_base    __ios_base;
        -:  511:
        -:  512:      const typename __ios_base::fmtflags __flags = __is.flags();
        -:  513:      __is.flags(__ios_base::dec | __ios_base::skipws);
        -:  514:
        -:  515:      for (size_t __i = 0; __i < __n; ++__i)
        -:  516:	__is >> __x._M_x[__i];
        -:  517:      __is >> __x._M_p;
        -:  518:
        -:  519:      __is.flags(__flags);
        -:  520:      return __is;
        -:  521:    }
        -:  522:
        -:  523:
        -:  524:  template<typename _UIntType, size_t __w, size_t __s, size_t __r>
        -:  525:    constexpr size_t
        -:  526:    subtract_with_carry_engine<_UIntType, __w, __s, __r>::word_size;
        -:  527:
        -:  528:  template<typename _UIntType, size_t __w, size_t __s, size_t __r>
        -:  529:    constexpr size_t
        -:  530:    subtract_with_carry_engine<_UIntType, __w, __s, __r>::short_lag;
        -:  531:
        -:  532:  template<typename _UIntType, size_t __w, size_t __s, size_t __r>
        -:  533:    constexpr size_t
        -:  534:    subtract_with_carry_engine<_UIntType, __w, __s, __r>::long_lag;
        -:  535:
        -:  536:  template<typename _UIntType, size_t __w, size_t __s, size_t __r>
        -:  537:    constexpr _UIntType
        -:  538:    subtract_with_carry_engine<_UIntType, __w, __s, __r>::default_seed;
        -:  539:
        -:  540:  template<typename _UIntType, size_t __w, size_t __s, size_t __r>
        -:  541:    void
        -:  542:    subtract_with_carry_engine<_UIntType, __w, __s, __r>::
        -:  543:    seed(result_type __value)
        -:  544:    {
        -:  545:      std::linear_congruential_engine<result_type, 40014u, 0u, 2147483563u>
        -:  546:	__lcg(__value == 0u ? default_seed : __value);
        -:  547:
        -:  548:      const size_t __n = (__w + 31) / 32;
        -:  549:
        -:  550:      for (size_t __i = 0; __i < long_lag; ++__i)
        -:  551:	{
        -:  552:	  _UIntType __sum = 0u;
        -:  553:	  _UIntType __factor = 1u;
        -:  554:	  for (size_t __j = 0; __j < __n; ++__j)
        -:  555:	    {
        -:  556:	      __sum += __detail::__mod<uint_least32_t,
        -:  557:		       __detail::_Shift<uint_least32_t, 32>::__value>
        -:  558:			 (__lcg()) * __factor;
        -:  559:	      __factor *= __detail::_Shift<_UIntType, 32>::__value;
        -:  560:	    }
        -:  561:	  _M_x[__i] = __detail::__mod<_UIntType,
        -:  562:	    __detail::_Shift<_UIntType, __w>::__value>(__sum);
        -:  563:	}
        -:  564:      _M_carry = (_M_x[long_lag - 1] == 0) ? 1 : 0;
        -:  565:      _M_p = 0;
        -:  566:    }
        -:  567:
        -:  568:  template<typename _UIntType, size_t __w, size_t __s, size_t __r>
        -:  569:    template<typename _Sseq>
        -:  570:      typename std::enable_if<std::is_class<_Sseq>::value>::type
        -:  571:      subtract_with_carry_engine<_UIntType, __w, __s, __r>::
        -:  572:      seed(_Sseq& __q)
        -:  573:      {
        -:  574:	const size_t __k = (__w + 31) / 32;
        -:  575:	uint_least32_t __arr[__r * __k];
        -:  576:	__q.generate(__arr + 0, __arr + __r * __k);
        -:  577:
        -:  578:	for (size_t __i = 0; __i < long_lag; ++__i)
        -:  579:	  {
        -:  580:	    _UIntType __sum = 0u;
        -:  581:	    _UIntType __factor = 1u;
        -:  582:	    for (size_t __j = 0; __j < __k; ++__j)
        -:  583:	      {
        -:  584:		__sum += __arr[__k * __i + __j] * __factor;
        -:  585:		__factor *= __detail::_Shift<_UIntType, 32>::__value;
        -:  586:	      }
        -:  587:	    _M_x[__i] = __detail::__mod<_UIntType,
        -:  588:	      __detail::_Shift<_UIntType, __w>::__value>(__sum);
        -:  589:	  }
        -:  590:	_M_carry = (_M_x[long_lag - 1] == 0) ? 1 : 0;
        -:  591:	_M_p = 0;
        -:  592:      }
        -:  593:
        -:  594:  template<typename _UIntType, size_t __w, size_t __s, size_t __r>
        -:  595:    typename subtract_with_carry_engine<_UIntType, __w, __s, __r>::
        -:  596:	     result_type
        -:  597:    subtract_with_carry_engine<_UIntType, __w, __s, __r>::
        -:  598:    operator()()
        -:  599:    {
        -:  600:      // Derive short lag index from current index.
        -:  601:      long __ps = _M_p - short_lag;
        -:  602:      if (__ps < 0)
        -:  603:	__ps += long_lag;
        -:  604:
        -:  605:      // Calculate new x(i) without overflow or division.
        -:  606:      // NB: Thanks to the requirements for _UIntType, _M_x[_M_p] + _M_carry
        -:  607:      // cannot overflow.
        -:  608:      _UIntType __xi;
        -:  609:      if (_M_x[__ps] >= _M_x[_M_p] + _M_carry)
        -:  610:	{
        -:  611:	  __xi = _M_x[__ps] - _M_x[_M_p] - _M_carry;
        -:  612:	  _M_carry = 0;
        -:  613:	}
        -:  614:      else
        -:  615:	{
        -:  616:	  __xi = (__detail::_Shift<_UIntType, __w>::__value
        -:  617:		  - _M_x[_M_p] - _M_carry + _M_x[__ps]);
        -:  618:	  _M_carry = 1;
        -:  619:	}
        -:  620:      _M_x[_M_p] = __xi;
        -:  621:
        -:  622:      // Adjust current index to loop around in ring buffer.
        -:  623:      if (++_M_p >= long_lag)
        -:  624:	_M_p = 0;
        -:  625:
        -:  626:      return __xi;
        -:  627:    }
        -:  628:
        -:  629:  template<typename _UIntType, size_t __w, size_t __s, size_t __r,
        -:  630:	   typename _CharT, typename _Traits>
        -:  631:    std::basic_ostream<_CharT, _Traits>&
        -:  632:    operator<<(std::basic_ostream<_CharT, _Traits>& __os,
        -:  633:	       const subtract_with_carry_engine<_UIntType,
        -:  634:						__w, __s, __r>& __x)
        -:  635:    {
        -:  636:      typedef std::basic_ostream<_CharT, _Traits>  __ostream_type;
        -:  637:      typedef typename __ostream_type::ios_base    __ios_base;
        -:  638:
        -:  639:      const typename __ios_base::fmtflags __flags = __os.flags();
        -:  640:      const _CharT __fill = __os.fill();
        -:  641:      const _CharT __space = __os.widen(' ');
        -:  642:      __os.flags(__ios_base::dec | __ios_base::fixed | __ios_base::left);
        -:  643:      __os.fill(__space);
        -:  644:
        -:  645:      for (size_t __i = 0; __i < __r; ++__i)
        -:  646:	__os << __x._M_x[__i] << __space;
        -:  647:      __os << __x._M_carry << __space << __x._M_p;
        -:  648:
        -:  649:      __os.flags(__flags);
        -:  650:      __os.fill(__fill);
        -:  651:      return __os;
        -:  652:    }
        -:  653:
        -:  654:  template<typename _UIntType, size_t __w, size_t __s, size_t __r,
        -:  655:	   typename _CharT, typename _Traits>
        -:  656:    std::basic_istream<_CharT, _Traits>&
        -:  657:    operator>>(std::basic_istream<_CharT, _Traits>& __is,
        -:  658:	       subtract_with_carry_engine<_UIntType, __w, __s, __r>& __x)
        -:  659:    {
        -:  660:      typedef std::basic_ostream<_CharT, _Traits>  __istream_type;
        -:  661:      typedef typename __istream_type::ios_base    __ios_base;
        -:  662:
        -:  663:      const typename __ios_base::fmtflags __flags = __is.flags();
        -:  664:      __is.flags(__ios_base::dec | __ios_base::skipws);
        -:  665:
        -:  666:      for (size_t __i = 0; __i < __r; ++__i)
        -:  667:	__is >> __x._M_x[__i];
        -:  668:      __is >> __x._M_carry;
        -:  669:      __is >> __x._M_p;
        -:  670:
        -:  671:      __is.flags(__flags);
        -:  672:      return __is;
        -:  673:    }
        -:  674:
        -:  675:
        -:  676:  template<typename _RandomNumberEngine, size_t __p, size_t __r>
        -:  677:    constexpr size_t
        -:  678:    discard_block_engine<_RandomNumberEngine, __p, __r>::block_size;
        -:  679:
        -:  680:  template<typename _RandomNumberEngine, size_t __p, size_t __r>
        -:  681:    constexpr size_t
        -:  682:    discard_block_engine<_RandomNumberEngine, __p, __r>::used_block;
        -:  683:
        -:  684:  template<typename _RandomNumberEngine, size_t __p, size_t __r>
        -:  685:    typename discard_block_engine<_RandomNumberEngine,
        -:  686:			   __p, __r>::result_type
        -:  687:    discard_block_engine<_RandomNumberEngine, __p, __r>::
        -:  688:    operator()()
        -:  689:    {
        -:  690:      if (_M_n >= used_block)
        -:  691:	{
        -:  692:	  _M_b.discard(block_size - _M_n);
        -:  693:	  _M_n = 0;
        -:  694:	}
        -:  695:      ++_M_n;
        -:  696:      return _M_b();
        -:  697:    }
        -:  698:
        -:  699:  template<typename _RandomNumberEngine, size_t __p, size_t __r,
        -:  700:	   typename _CharT, typename _Traits>
        -:  701:    std::basic_ostream<_CharT, _Traits>&
        -:  702:    operator<<(std::basic_ostream<_CharT, _Traits>& __os,
        -:  703:	       const discard_block_engine<_RandomNumberEngine,
        -:  704:	       __p, __r>& __x)
        -:  705:    {
        -:  706:      typedef std::basic_ostream<_CharT, _Traits>  __ostream_type;
        -:  707:      typedef typename __ostream_type::ios_base    __ios_base;
        -:  708:
        -:  709:      const typename __ios_base::fmtflags __flags = __os.flags();
        -:  710:      const _CharT __fill = __os.fill();
        -:  711:      const _CharT __space = __os.widen(' ');
        -:  712:      __os.flags(__ios_base::dec | __ios_base::fixed | __ios_base::left);
        -:  713:      __os.fill(__space);
        -:  714:
        -:  715:      __os << __x.base() << __space << __x._M_n;
        -:  716:
        -:  717:      __os.flags(__flags);
        -:  718:      __os.fill(__fill);
        -:  719:      return __os;
        -:  720:    }
        -:  721:
        -:  722:  template<typename _RandomNumberEngine, size_t __p, size_t __r,
        -:  723:	   typename _CharT, typename _Traits>
        -:  724:    std::basic_istream<_CharT, _Traits>&
        -:  725:    operator>>(std::basic_istream<_CharT, _Traits>& __is,
        -:  726:	       discard_block_engine<_RandomNumberEngine, __p, __r>& __x)
        -:  727:    {
        -:  728:      typedef std::basic_istream<_CharT, _Traits>  __istream_type;
        -:  729:      typedef typename __istream_type::ios_base    __ios_base;
        -:  730:
        -:  731:      const typename __ios_base::fmtflags __flags = __is.flags();
        -:  732:      __is.flags(__ios_base::dec | __ios_base::skipws);
        -:  733:
        -:  734:      __is >> __x._M_b >> __x._M_n;
        -:  735:
        -:  736:      __is.flags(__flags);
        -:  737:      return __is;
        -:  738:    }
        -:  739:
        -:  740:
        -:  741:  template<typename _RandomNumberEngine, size_t __w, typename _UIntType>
        -:  742:    typename independent_bits_engine<_RandomNumberEngine, __w, _UIntType>::
        -:  743:      result_type
        -:  744:    independent_bits_engine<_RandomNumberEngine, __w, _UIntType>::
        -:  745:    operator()()
        -:  746:    {
        -:  747:      typedef typename _RandomNumberEngine::result_type _Eresult_type;
        -:  748:      const _Eresult_type __r
        -:  749:	= (_M_b.max() - _M_b.min() < std::numeric_limits<_Eresult_type>::max()
        -:  750:	   ? _M_b.max() - _M_b.min() + 1 : 0);
        -:  751:      const unsigned __edig = std::numeric_limits<_Eresult_type>::digits;
        -:  752:      const unsigned __m = __r ? std::__lg(__r) : __edig;
        -:  753:
        -:  754:      typedef typename std::common_type<_Eresult_type, result_type>::type
        -:  755:	__ctype;
        -:  756:      const unsigned __cdig = std::numeric_limits<__ctype>::digits;
        -:  757:
        -:  758:      unsigned __n, __n0;
        -:  759:      __ctype __s0, __s1, __y0, __y1;
        -:  760:
        -:  761:      for (size_t __i = 0; __i < 2; ++__i)
        -:  762:	{
        -:  763:	  __n = (__w + __m - 1) / __m + __i;
        -:  764:	  __n0 = __n - __w % __n;
        -:  765:	  const unsigned __w0 = __w / __n;  // __w0 <= __m
        -:  766:
        -:  767:	  __s0 = 0;
        -:  768:	  __s1 = 0;
        -:  769:	  if (__w0 < __cdig)
        -:  770:	    {
        -:  771:	      __s0 = __ctype(1) << __w0;
        -:  772:	      __s1 = __s0 << 1;
        -:  773:	    }
        -:  774:
        -:  775:	  __y0 = 0;
        -:  776:	  __y1 = 0;
        -:  777:	  if (__r)
        -:  778:	    {
        -:  779:	      __y0 = __s0 * (__r / __s0);
        -:  780:	      if (__s1)
        -:  781:		__y1 = __s1 * (__r / __s1);
        -:  782:
        -:  783:	      if (__r - __y0 <= __y0 / __n)
        -:  784:		break;
        -:  785:	    }
        -:  786:	  else
        -:  787:	    break;
        -:  788:	}
        -:  789:
        -:  790:      result_type __sum = 0;
        -:  791:      for (size_t __k = 0; __k < __n0; ++__k)
        -:  792:	{
        -:  793:	  __ctype __u;
        -:  794:	  do
        -:  795:	    __u = _M_b() - _M_b.min();
        -:  796:	  while (__y0 && __u >= __y0);
        -:  797:	  __sum = __s0 * __sum + (__s0 ? __u % __s0 : __u);
        -:  798:	}
        -:  799:      for (size_t __k = __n0; __k < __n; ++__k)
        -:  800:	{
        -:  801:	  __ctype __u;
        -:  802:	  do
        -:  803:	    __u = _M_b() - _M_b.min();
        -:  804:	  while (__y1 && __u >= __y1);
        -:  805:	  __sum = __s1 * __sum + (__s1 ? __u % __s1 : __u);
        -:  806:	}
        -:  807:      return __sum;
        -:  808:    }
        -:  809:
        -:  810:
        -:  811:  template<typename _RandomNumberEngine, size_t __k>
        -:  812:    constexpr size_t
        -:  813:    shuffle_order_engine<_RandomNumberEngine, __k>::table_size;
        -:  814:
        -:  815:  template<typename _RandomNumberEngine, size_t __k>
        -:  816:    typename shuffle_order_engine<_RandomNumberEngine, __k>::result_type
        -:  817:    shuffle_order_engine<_RandomNumberEngine, __k>::
        -:  818:    operator()()
        -:  819:    {
        -:  820:      size_t __j = __k * ((_M_y - _M_b.min())
        -:  821:			  / (_M_b.max() - _M_b.min() + 1.0L));
        -:  822:      _M_y = _M_v[__j];
        -:  823:      _M_v[__j] = _M_b();
        -:  824:
        -:  825:      return _M_y;
        -:  826:    }
        -:  827:
        -:  828:  template<typename _RandomNumberEngine, size_t __k,
        -:  829:	   typename _CharT, typename _Traits>
        -:  830:    std::basic_ostream<_CharT, _Traits>&
        -:  831:    operator<<(std::basic_ostream<_CharT, _Traits>& __os,
        -:  832:	       const shuffle_order_engine<_RandomNumberEngine, __k>& __x)
        -:  833:    {
        -:  834:      typedef std::basic_ostream<_CharT, _Traits>  __ostream_type;
        -:  835:      typedef typename __ostream_type::ios_base    __ios_base;
        -:  836:
        -:  837:      const typename __ios_base::fmtflags __flags = __os.flags();
        -:  838:      const _CharT __fill = __os.fill();
        -:  839:      const _CharT __space = __os.widen(' ');
        -:  840:      __os.flags(__ios_base::dec | __ios_base::fixed | __ios_base::left);
        -:  841:      __os.fill(__space);
        -:  842:
        -:  843:      __os << __x.base();
        -:  844:      for (size_t __i = 0; __i < __k; ++__i)
        -:  845:	__os << __space << __x._M_v[__i];
        -:  846:      __os << __space << __x._M_y;
        -:  847:
        -:  848:      __os.flags(__flags);
        -:  849:      __os.fill(__fill);
        -:  850:      return __os;
        -:  851:    }
        -:  852:
        -:  853:  template<typename _RandomNumberEngine, size_t __k,
        -:  854:	   typename _CharT, typename _Traits>
        -:  855:    std::basic_istream<_CharT, _Traits>&
        -:  856:    operator>>(std::basic_istream<_CharT, _Traits>& __is,
        -:  857:	       shuffle_order_engine<_RandomNumberEngine, __k>& __x)
        -:  858:    {
        -:  859:      typedef std::basic_istream<_CharT, _Traits>  __istream_type;
        -:  860:      typedef typename __istream_type::ios_base    __ios_base;
        -:  861:
        -:  862:      const typename __ios_base::fmtflags __flags = __is.flags();
        -:  863:      __is.flags(__ios_base::dec | __ios_base::skipws);
        -:  864:
        -:  865:      __is >> __x._M_b;
        -:  866:      for (size_t __i = 0; __i < __k; ++__i)
        -:  867:	__is >> __x._M_v[__i];
        -:  868:      __is >> __x._M_y;
        -:  869:
        -:  870:      __is.flags(__flags);
        -:  871:      return __is;
        -:  872:    }
        -:  873:
        -:  874:
        -:  875:  template<typename _IntType, typename _CharT, typename _Traits>
        -:  876:    std::basic_ostream<_CharT, _Traits>&
        -:  877:    operator<<(std::basic_ostream<_CharT, _Traits>& __os,
        -:  878:	       const uniform_int_distribution<_IntType>& __x)
        -:  879:    {
        -:  880:      typedef std::basic_ostream<_CharT, _Traits>  __ostream_type;
        -:  881:      typedef typename __ostream_type::ios_base    __ios_base;
        -:  882:
        -:  883:      const typename __ios_base::fmtflags __flags = __os.flags();
        -:  884:      const _CharT __fill = __os.fill();
        -:  885:      const _CharT __space = __os.widen(' ');
        -:  886:      __os.flags(__ios_base::scientific | __ios_base::left);
        -:  887:      __os.fill(__space);
        -:  888:
        -:  889:      __os << __x.a() << __space << __x.b();
        -:  890:
        -:  891:      __os.flags(__flags);
        -:  892:      __os.fill(__fill);
        -:  893:      return __os;
        -:  894:    }
        -:  895:
        -:  896:  template<typename _IntType, typename _CharT, typename _Traits>
        -:  897:    std::basic_istream<_CharT, _Traits>&
        -:  898:    operator>>(std::basic_istream<_CharT, _Traits>& __is,
        -:  899:	       uniform_int_distribution<_IntType>& __x)
        -:  900:    {
        -:  901:      typedef std::basic_istream<_CharT, _Traits>  __istream_type;
        -:  902:      typedef typename __istream_type::ios_base    __ios_base;
        -:  903:
        -:  904:      const typename __ios_base::fmtflags __flags = __is.flags();
        -:  905:      __is.flags(__ios_base::dec | __ios_base::skipws);
        -:  906:
        -:  907:      _IntType __a, __b;
        -:  908:      __is >> __a >> __b;
        -:  909:      __x.param(typename uniform_int_distribution<_IntType>::
        -:  910:		param_type(__a, __b));
        -:  911:
        -:  912:      __is.flags(__flags);
        -:  913:      return __is;
        -:  914:    }
        -:  915:
        -:  916:
        -:  917:  template<typename _RealType>
        -:  918:    template<typename _ForwardIterator,
        -:  919:	     typename _UniformRandomNumberGenerator>
        -:  920:      void
        -:  921:      uniform_real_distribution<_RealType>::
        -:  922:      __generate_impl(_ForwardIterator __f, _ForwardIterator __t,
        -:  923:		      _UniformRandomNumberGenerator& __urng,
        -:  924:		      const param_type& __p)
        -:  925:      {
        -:  926:	__glibcxx_function_requires(_ForwardIteratorConcept<_ForwardIterator>)
        -:  927:	__detail::_Adaptor<_UniformRandomNumberGenerator, result_type>
        -:  928:	  __aurng(__urng);
        -:  929:	auto __range = __p.b() - __p.a();
        -:  930:	while (__f != __t)
        -:  931:	  *__f++ = __aurng() * __range + __p.a();
        -:  932:      }
        -:  933:
        -:  934:  template<typename _RealType, typename _CharT, typename _Traits>
        -:  935:    std::basic_ostream<_CharT, _Traits>&
        -:  936:    operator<<(std::basic_ostream<_CharT, _Traits>& __os,
        -:  937:	       const uniform_real_distribution<_RealType>& __x)
        -:  938:    {
        -:  939:      typedef std::basic_ostream<_CharT, _Traits>  __ostream_type;
        -:  940:      typedef typename __ostream_type::ios_base    __ios_base;
        -:  941:
        -:  942:      const typename __ios_base::fmtflags __flags = __os.flags();
        -:  943:      const _CharT __fill = __os.fill();
        -:  944:      const std::streamsize __precision = __os.precision();
        -:  945:      const _CharT __space = __os.widen(' ');
        -:  946:      __os.flags(__ios_base::scientific | __ios_base::left);
        -:  947:      __os.fill(__space);
        -:  948:      __os.precision(std::numeric_limits<_RealType>::max_digits10);
        -:  949:
        -:  950:      __os << __x.a() << __space << __x.b();
        -:  951:
        -:  952:      __os.flags(__flags);
        -:  953:      __os.fill(__fill);
        -:  954:      __os.precision(__precision);
        -:  955:      return __os;
        -:  956:    }
        -:  957:
        -:  958:  template<typename _RealType, typename _CharT, typename _Traits>
        -:  959:    std::basic_istream<_CharT, _Traits>&
        -:  960:    operator>>(std::basic_istream<_CharT, _Traits>& __is,
        -:  961:	       uniform_real_distribution<_RealType>& __x)
        -:  962:    {
        -:  963:      typedef std::basic_istream<_CharT, _Traits>  __istream_type;
        -:  964:      typedef typename __istream_type::ios_base    __ios_base;
        -:  965:
        -:  966:      const typename __ios_base::fmtflags __flags = __is.flags();
        -:  967:      __is.flags(__ios_base::skipws);
        -:  968:
        -:  969:      _RealType __a, __b;
        -:  970:      __is >> __a >> __b;
        -:  971:      __x.param(typename uniform_real_distribution<_RealType>::
        -:  972:		param_type(__a, __b));
        -:  973:
        -:  974:      __is.flags(__flags);
        -:  975:      return __is;
        -:  976:    }
        -:  977:
        -:  978:
        -:  979:  template<typename _ForwardIterator,
        -:  980:	   typename _UniformRandomNumberGenerator>
        -:  981:    void
        -:  982:    std::bernoulli_distribution::
        -:  983:    __generate_impl(_ForwardIterator __f, _ForwardIterator __t,
        -:  984:		    _UniformRandomNumberGenerator& __urng,
        -:  985:		    const param_type& __p)
        -:  986:    {
        -:  987:      __glibcxx_function_requires(_ForwardIteratorConcept<_ForwardIterator>)
        -:  988:      __detail::_Adaptor<_UniformRandomNumberGenerator, double>
        -:  989:	__aurng(__urng);
        -:  990:      auto __limit = __p.p() * (__aurng.max() - __aurng.min());
        -:  991:
        -:  992:      while (__f != __t)
        -:  993:	*__f++ = (__aurng() - __aurng.min()) < __limit;
        -:  994:    }
        -:  995:
        -:  996:  template<typename _CharT, typename _Traits>
        -:  997:    std::basic_ostream<_CharT, _Traits>&
        -:  998:    operator<<(std::basic_ostream<_CharT, _Traits>& __os,
        -:  999:	       const bernoulli_distribution& __x)
        -: 1000:    {
        -: 1001:      typedef std::basic_ostream<_CharT, _Traits>  __ostream_type;
        -: 1002:      typedef typename __ostream_type::ios_base    __ios_base;
        -: 1003:
        -: 1004:      const typename __ios_base::fmtflags __flags = __os.flags();
        -: 1005:      const _CharT __fill = __os.fill();
        -: 1006:      const std::streamsize __precision = __os.precision();
        -: 1007:      __os.flags(__ios_base::scientific | __ios_base::left);
        -: 1008:      __os.fill(__os.widen(' '));
        -: 1009:      __os.precision(std::numeric_limits<double>::max_digits10);
        -: 1010:
        -: 1011:      __os << __x.p();
        -: 1012:
        -: 1013:      __os.flags(__flags);
        -: 1014:      __os.fill(__fill);
        -: 1015:      __os.precision(__precision);
        -: 1016:      return __os;
        -: 1017:    }
        -: 1018:
        -: 1019:
        -: 1020:  template<typename _IntType>
        -: 1021:    template<typename _UniformRandomNumberGenerator>
        -: 1022:      typename geometric_distribution<_IntType>::result_type
        -: 1023:      geometric_distribution<_IntType>::
        -: 1024:      operator()(_UniformRandomNumberGenerator& __urng,
        -: 1025:		 const param_type& __param)
        -: 1026:      {
        -: 1027:	// About the epsilon thing see this thread:
        -: 1028:	// http://gcc.gnu.org/ml/gcc-patches/2006-10/msg00971.html
        -: 1029:	const double __naf =
        -: 1030:	  (1 - std::numeric_limits<double>::epsilon()) / 2;
        -: 1031:	// The largest _RealType convertible to _IntType.
        -: 1032:	const double __thr =
        -: 1033:	  std::numeric_limits<_IntType>::max() + __naf;
        -: 1034:	__detail::_Adaptor<_UniformRandomNumberGenerator, double>
        -: 1035:	  __aurng(__urng);
        -: 1036:
        -: 1037:	double __cand;
        -: 1038:	do
        -: 1039:	  __cand = std::floor(std::log(1.0 - __aurng()) / __param._M_log_1_p);
        -: 1040:	while (__cand >= __thr);
        -: 1041:
        -: 1042:	return result_type(__cand + __naf);
        -: 1043:      }
        -: 1044:
        -: 1045:  template<typename _IntType>
        -: 1046:    template<typename _ForwardIterator,
        -: 1047:	     typename _UniformRandomNumberGenerator>
        -: 1048:      void
        -: 1049:      geometric_distribution<_IntType>::
        -: 1050:      __generate_impl(_ForwardIterator __f, _ForwardIterator __t,
        -: 1051:		      _UniformRandomNumberGenerator& __urng,
        -: 1052:		      const param_type& __param)
        -: 1053:      {
        -: 1054:	__glibcxx_function_requires(_ForwardIteratorConcept<_ForwardIterator>)
        -: 1055:	// About the epsilon thing see this thread:
        -: 1056:	// http://gcc.gnu.org/ml/gcc-patches/2006-10/msg00971.html
        -: 1057:	const double __naf =
        -: 1058:	  (1 - std::numeric_limits<double>::epsilon()) / 2;
        -: 1059:	// The largest _RealType convertible to _IntType.
        -: 1060:	const double __thr =
        -: 1061:	  std::numeric_limits<_IntType>::max() + __naf;
        -: 1062:	__detail::_Adaptor<_UniformRandomNumberGenerator, double>
        -: 1063:	  __aurng(__urng);
        -: 1064:
        -: 1065:	while (__f != __t)
        -: 1066:	  {
        -: 1067:	    double __cand;
        -: 1068:	    do
        -: 1069:	      __cand = std::floor(std::log(1.0 - __aurng())
        -: 1070:				  / __param._M_log_1_p);
        -: 1071:	    while (__cand >= __thr);
        -: 1072:
        -: 1073:	    *__f++ = __cand + __naf;
        -: 1074:	  }
        -: 1075:      }
        -: 1076:
        -: 1077:  template<typename _IntType,
        -: 1078:	   typename _CharT, typename _Traits>
        -: 1079:    std::basic_ostream<_CharT, _Traits>&
        -: 1080:    operator<<(std::basic_ostream<_CharT, _Traits>& __os,
        -: 1081:	       const geometric_distribution<_IntType>& __x)
        -: 1082:    {
        -: 1083:      typedef std::basic_ostream<_CharT, _Traits>  __ostream_type;
        -: 1084:      typedef typename __ostream_type::ios_base    __ios_base;
        -: 1085:
        -: 1086:      const typename __ios_base::fmtflags __flags = __os.flags();
        -: 1087:      const _CharT __fill = __os.fill();
        -: 1088:      const std::streamsize __precision = __os.precision();
        -: 1089:      __os.flags(__ios_base::scientific | __ios_base::left);
        -: 1090:      __os.fill(__os.widen(' '));
        -: 1091:      __os.precision(std::numeric_limits<double>::max_digits10);
        -: 1092:
        -: 1093:      __os << __x.p();
        -: 1094:
        -: 1095:      __os.flags(__flags);
        -: 1096:      __os.fill(__fill);
        -: 1097:      __os.precision(__precision);
        -: 1098:      return __os;
        -: 1099:    }
        -: 1100:
        -: 1101:  template<typename _IntType,
        -: 1102:	   typename _CharT, typename _Traits>
        -: 1103:    std::basic_istream<_CharT, _Traits>&
        -: 1104:    operator>>(std::basic_istream<_CharT, _Traits>& __is,
        -: 1105:	       geometric_distribution<_IntType>& __x)
        -: 1106:    {
        -: 1107:      typedef std::basic_istream<_CharT, _Traits>  __istream_type;
        -: 1108:      typedef typename __istream_type::ios_base    __ios_base;
        -: 1109:
        -: 1110:      const typename __ios_base::fmtflags __flags = __is.flags();
        -: 1111:      __is.flags(__ios_base::skipws);
        -: 1112:
        -: 1113:      double __p;
        -: 1114:      __is >> __p;
        -: 1115:      __x.param(typename geometric_distribution<_IntType>::param_type(__p));
        -: 1116:
        -: 1117:      __is.flags(__flags);
        -: 1118:      return __is;
        -: 1119:    }
        -: 1120:
        -: 1121:  // This is Leger's algorithm, also in Devroye, Ch. X, Example 1.5.
        -: 1122:  template<typename _IntType>
        -: 1123:    template<typename _UniformRandomNumberGenerator>
        -: 1124:      typename negative_binomial_distribution<_IntType>::result_type
        -: 1125:      negative_binomial_distribution<_IntType>::
        -: 1126:      operator()(_UniformRandomNumberGenerator& __urng)
        -: 1127:      {
        -: 1128:	const double __y = _M_gd(__urng);
        -: 1129:
        -: 1130:	// XXX Is the constructor too slow?
        -: 1131:	std::poisson_distribution<result_type> __poisson(__y);
        -: 1132:	return __poisson(__urng);
        -: 1133:      }
        -: 1134:
        -: 1135:  template<typename _IntType>
        -: 1136:    template<typename _UniformRandomNumberGenerator>
        -: 1137:      typename negative_binomial_distribution<_IntType>::result_type
        -: 1138:      negative_binomial_distribution<_IntType>::
        -: 1139:      operator()(_UniformRandomNumberGenerator& __urng,
        -: 1140:		 const param_type& __p)
        -: 1141:      {
        -: 1142:	typedef typename std::gamma_distribution<double>::param_type
        -: 1143:	  param_type;
        -: 1144:	
        -: 1145:	const double __y =
        -: 1146:	  _M_gd(__urng, param_type(__p.k(), (1.0 - __p.p()) / __p.p()));
        -: 1147:
        -: 1148:	std::poisson_distribution<result_type> __poisson(__y);
        -: 1149:	return __poisson(__urng);
        -: 1150:      }
        -: 1151:
        -: 1152:  template<typename _IntType>
        -: 1153:    template<typename _ForwardIterator,
        -: 1154:	     typename _UniformRandomNumberGenerator>
        -: 1155:      void
        -: 1156:      negative_binomial_distribution<_IntType>::
        -: 1157:      __generate_impl(_ForwardIterator __f, _ForwardIterator __t,
        -: 1158:		      _UniformRandomNumberGenerator& __urng)
        -: 1159:      {
        -: 1160:	__glibcxx_function_requires(_ForwardIteratorConcept<_ForwardIterator>)
        -: 1161:	while (__f != __t)
        -: 1162:	  {
        -: 1163:	    const double __y = _M_gd(__urng);
        -: 1164:
        -: 1165:	    // XXX Is the constructor too slow?
        -: 1166:	    std::poisson_distribution<result_type> __poisson(__y);
        -: 1167:	    *__f++ = __poisson(__urng);
        -: 1168:	  }
        -: 1169:      }
        -: 1170:
        -: 1171:  template<typename _IntType>
        -: 1172:    template<typename _ForwardIterator,
        -: 1173:	     typename _UniformRandomNumberGenerator>
        -: 1174:      void
        -: 1175:      negative_binomial_distribution<_IntType>::
        -: 1176:      __generate_impl(_ForwardIterator __f, _ForwardIterator __t,
        -: 1177:		      _UniformRandomNumberGenerator& __urng,
        -: 1178:		      const param_type& __p)
        -: 1179:      {
        -: 1180:	__glibcxx_function_requires(_ForwardIteratorConcept<_ForwardIterator>)
        -: 1181:	typename std::gamma_distribution<result_type>::param_type
        -: 1182:	  __p2(__p.k(), (1.0 - __p.p()) / __p.p());
        -: 1183:
        -: 1184:	while (__f != __t)
        -: 1185:	  {
        -: 1186:	    const double __y = _M_gd(__urng, __p2);
        -: 1187:
        -: 1188:	    std::poisson_distribution<result_type> __poisson(__y);
        -: 1189:	    *__f++ = __poisson(__urng);
        -: 1190:	  }
        -: 1191:      }
        -: 1192:
        -: 1193:  template<typename _IntType, typename _CharT, typename _Traits>
        -: 1194:    std::basic_ostream<_CharT, _Traits>&
        -: 1195:    operator<<(std::basic_ostream<_CharT, _Traits>& __os,
        -: 1196:	       const negative_binomial_distribution<_IntType>& __x)
        -: 1197:    {
        -: 1198:      typedef std::basic_ostream<_CharT, _Traits>  __ostream_type;
        -: 1199:      typedef typename __ostream_type::ios_base    __ios_base;
        -: 1200:
        -: 1201:      const typename __ios_base::fmtflags __flags = __os.flags();
        -: 1202:      const _CharT __fill = __os.fill();
        -: 1203:      const std::streamsize __precision = __os.precision();
        -: 1204:      const _CharT __space = __os.widen(' ');
        -: 1205:      __os.flags(__ios_base::scientific | __ios_base::left);
        -: 1206:      __os.fill(__os.widen(' '));
        -: 1207:      __os.precision(std::numeric_limits<double>::max_digits10);
        -: 1208:
        -: 1209:      __os << __x.k() << __space << __x.p()
        -: 1210:	   << __space << __x._M_gd;
        -: 1211:
        -: 1212:      __os.flags(__flags);
        -: 1213:      __os.fill(__fill);
        -: 1214:      __os.precision(__precision);
        -: 1215:      return __os;
        -: 1216:    }
        -: 1217:
        -: 1218:  template<typename _IntType, typename _CharT, typename _Traits>
        -: 1219:    std::basic_istream<_CharT, _Traits>&
        -: 1220:    operator>>(std::basic_istream<_CharT, _Traits>& __is,
        -: 1221:	       negative_binomial_distribution<_IntType>& __x)
        -: 1222:    {
        -: 1223:      typedef std::basic_istream<_CharT, _Traits>  __istream_type;
        -: 1224:      typedef typename __istream_type::ios_base    __ios_base;
        -: 1225:
        -: 1226:      const typename __ios_base::fmtflags __flags = __is.flags();
        -: 1227:      __is.flags(__ios_base::skipws);
        -: 1228:
        -: 1229:      _IntType __k;
        -: 1230:      double __p;
        -: 1231:      __is >> __k >> __p >> __x._M_gd;
        -: 1232:      __x.param(typename negative_binomial_distribution<_IntType>::
        -: 1233:		param_type(__k, __p));
        -: 1234:
        -: 1235:      __is.flags(__flags);
        -: 1236:      return __is;
        -: 1237:    }
        -: 1238:
        -: 1239:
        -: 1240:  template<typename _IntType>
        -: 1241:    void
        -: 1242:    poisson_distribution<_IntType>::param_type::
        -: 1243:    _M_initialize()
        -: 1244:    {
        -: 1245:#if _GLIBCXX_USE_C99_MATH_TR1
        -: 1246:      if (_M_mean >= 12)
        -: 1247:	{
        -: 1248:	  const double __m = std::floor(_M_mean);
        -: 1249:	  _M_lm_thr = std::log(_M_mean);
        -: 1250:	  _M_lfm = std::lgamma(__m + 1);
        -: 1251:	  _M_sm = std::sqrt(__m);
        -: 1252:
        -: 1253:	  const double __pi_4 = 0.7853981633974483096156608458198757L;
        -: 1254:	  const double __dx = std::sqrt(2 * __m * std::log(32 * __m
        -: 1255:							      / __pi_4));
        -: 1256:	  _M_d = std::round(std::max(6.0, std::min(__m, __dx)));
        -: 1257:	  const double __cx = 2 * __m + _M_d;
        -: 1258:	  _M_scx = std::sqrt(__cx / 2);
        -: 1259:	  _M_1cx = 1 / __cx;
        -: 1260:
        -: 1261:	  _M_c2b = std::sqrt(__pi_4 * __cx) * std::exp(_M_1cx);
        -: 1262:	  _M_cb = 2 * __cx * std::exp(-_M_d * _M_1cx * (1 + _M_d / 2))
        -: 1263:		/ _M_d;
        -: 1264:	}
        -: 1265:      else
        -: 1266:#endif
        -: 1267:	_M_lm_thr = std::exp(-_M_mean);
        -: 1268:      }
        -: 1269:
        -: 1270:  /**
        -: 1271:   * A rejection algorithm when mean >= 12 and a simple method based
        -: 1272:   * upon the multiplication of uniform random variates otherwise.
        -: 1273:   * NB: The former is available only if _GLIBCXX_USE_C99_MATH_TR1
        -: 1274:   * is defined.
        -: 1275:   *
        -: 1276:   * Reference:
        -: 1277:   * Devroye, L. Non-Uniform Random Variates Generation. Springer-Verlag,
        -: 1278:   * New York, 1986, Ch. X, Sects. 3.3 & 3.4 (+ Errata!).
        -: 1279:   */
        -: 1280:  template<typename _IntType>
        -: 1281:    template<typename _UniformRandomNumberGenerator>
        -: 1282:      typename poisson_distribution<_IntType>::result_type
        -: 1283:      poisson_distribution<_IntType>::
        -: 1284:      operator()(_UniformRandomNumberGenerator& __urng,
        -: 1285:		 const param_type& __param)
        -: 1286:      {
        -: 1287:	__detail::_Adaptor<_UniformRandomNumberGenerator, double>
        -: 1288:	  __aurng(__urng);
        -: 1289:#if _GLIBCXX_USE_C99_MATH_TR1
        -: 1290:	if (__param.mean() >= 12)
        -: 1291:	  {
        -: 1292:	    double __x;
        -: 1293:
        -: 1294:	    // See comments above...
        -: 1295:	    const double __naf =
        -: 1296:	      (1 - std::numeric_limits<double>::epsilon()) / 2;
        -: 1297:	    const double __thr =
        -: 1298:	      std::numeric_limits<_IntType>::max() + __naf;
        -: 1299:
        -: 1300:	    const double __m = std::floor(__param.mean());
        -: 1301:	    // sqrt(pi / 2)
        -: 1302:	    const double __spi_2 = 1.2533141373155002512078826424055226L;
        -: 1303:	    const double __c1 = __param._M_sm * __spi_2;
        -: 1304:	    const double __c2 = __param._M_c2b + __c1;
        -: 1305:	    const double __c3 = __c2 + 1;
        -: 1306:	    const double __c4 = __c3 + 1;
        -: 1307:	    // e^(1 / 78)
        -: 1308:	    const double __e178 = 1.0129030479320018583185514777512983L;
        -: 1309:	    const double __c5 = __c4 + __e178;
        -: 1310:	    const double __c = __param._M_cb + __c5;
        -: 1311:	    const double __2cx = 2 * (2 * __m + __param._M_d);
        -: 1312:
        -: 1313:	    bool __reject = true;
        -: 1314:	    do
        -: 1315:	      {
        -: 1316:		const double __u = __c * __aurng();
        -: 1317:		const double __e = -std::log(1.0 - __aurng());
        -: 1318:
        -: 1319:		double __w = 0.0;
        -: 1320:
        -: 1321:		if (__u <= __c1)
        -: 1322:		  {
        -: 1323:		    const double __n = _M_nd(__urng);
        -: 1324:		    const double __y = -std::abs(__n) * __param._M_sm - 1;
        -: 1325:		    __x = std::floor(__y);
        -: 1326:		    __w = -__n * __n / 2;
        -: 1327:		    if (__x < -__m)
        -: 1328:		      continue;
        -: 1329:		  }
        -: 1330:		else if (__u <= __c2)
        -: 1331:		  {
        -: 1332:		    const double __n = _M_nd(__urng);
        -: 1333:		    const double __y = 1 + std::abs(__n) * __param._M_scx;
        -: 1334:		    __x = std::ceil(__y);
        -: 1335:		    __w = __y * (2 - __y) * __param._M_1cx;
        -: 1336:		    if (__x > __param._M_d)
        -: 1337:		      continue;
        -: 1338:		  }
        -: 1339:		else if (__u <= __c3)
        -: 1340:		  // NB: This case not in the book, nor in the Errata,
        -: 1341:		  // but should be ok...
        -: 1342:		  __x = -1;
        -: 1343:		else if (__u <= __c4)
        -: 1344:		  __x = 0;
        -: 1345:		else if (__u <= __c5)
        -: 1346:		  __x = 1;
        -: 1347:		else
        -: 1348:		  {
        -: 1349:		    const double __v = -std::log(1.0 - __aurng());
        -: 1350:		    const double __y = __param._M_d
        -: 1351:				     + __v * __2cx / __param._M_d;
        -: 1352:		    __x = std::ceil(__y);
        -: 1353:		    __w = -__param._M_d * __param._M_1cx * (1 + __y / 2);
        -: 1354:		  }
        -: 1355:
        -: 1356:		__reject = (__w - __e - __x * __param._M_lm_thr
        -: 1357:			    > __param._M_lfm - std::lgamma(__x + __m + 1));
        -: 1358:
        -: 1359:		__reject |= __x + __m >= __thr;
        -: 1360:
        -: 1361:	      } while (__reject);
        -: 1362:
        -: 1363:	    return result_type(__x + __m + __naf);
        -: 1364:	  }
        -: 1365:	else
        -: 1366:#endif
        -: 1367:	  {
        -: 1368:	    _IntType     __x = 0;
        -: 1369:	    double __prod = 1.0;
        -: 1370:
        -: 1371:	    do
        -: 1372:	      {
        -: 1373:		__prod *= __aurng();
        -: 1374:		__x += 1;
        -: 1375:	      }
        -: 1376:	    while (__prod > __param._M_lm_thr);
        -: 1377:
        -: 1378:	    return __x - 1;
        -: 1379:	  }
        -: 1380:      }
        -: 1381:
        -: 1382:  template<typename _IntType>
        -: 1383:    template<typename _ForwardIterator,
        -: 1384:	     typename _UniformRandomNumberGenerator>
        -: 1385:      void
        -: 1386:      poisson_distribution<_IntType>::
        -: 1387:      __generate_impl(_ForwardIterator __f, _ForwardIterator __t,
        -: 1388:		      _UniformRandomNumberGenerator& __urng,
        -: 1389:		      const param_type& __param)
        -: 1390:      {
        -: 1391:	__glibcxx_function_requires(_ForwardIteratorConcept<_ForwardIterator>)
        -: 1392:	// We could duplicate everything from operator()...
        -: 1393:	while (__f != __t)
        -: 1394:	  *__f++ = this->operator()(__urng, __param);
        -: 1395:      }
        -: 1396:
        -: 1397:  template<typename _IntType,
        -: 1398:	   typename _CharT, typename _Traits>
        -: 1399:    std::basic_ostream<_CharT, _Traits>&
        -: 1400:    operator<<(std::basic_ostream<_CharT, _Traits>& __os,
        -: 1401:	       const poisson_distribution<_IntType>& __x)
        -: 1402:    {
        -: 1403:      typedef std::basic_ostream<_CharT, _Traits>  __ostream_type;
        -: 1404:      typedef typename __ostream_type::ios_base    __ios_base;
        -: 1405:
        -: 1406:      const typename __ios_base::fmtflags __flags = __os.flags();
        -: 1407:      const _CharT __fill = __os.fill();
        -: 1408:      const std::streamsize __precision = __os.precision();
        -: 1409:      const _CharT __space = __os.widen(' ');
        -: 1410:      __os.flags(__ios_base::scientific | __ios_base::left);
        -: 1411:      __os.fill(__space);
        -: 1412:      __os.precision(std::numeric_limits<double>::max_digits10);
        -: 1413:
        -: 1414:      __os << __x.mean() << __space << __x._M_nd;
        -: 1415:
        -: 1416:      __os.flags(__flags);
        -: 1417:      __os.fill(__fill);
        -: 1418:      __os.precision(__precision);
        -: 1419:      return __os;
        -: 1420:    }
        -: 1421:
        -: 1422:  template<typename _IntType,
        -: 1423:	   typename _CharT, typename _Traits>
        -: 1424:    std::basic_istream<_CharT, _Traits>&
        -: 1425:    operator>>(std::basic_istream<_CharT, _Traits>& __is,
        -: 1426:	       poisson_distribution<_IntType>& __x)
        -: 1427:    {
        -: 1428:      typedef std::basic_istream<_CharT, _Traits>  __istream_type;
        -: 1429:      typedef typename __istream_type::ios_base    __ios_base;
        -: 1430:
        -: 1431:      const typename __ios_base::fmtflags __flags = __is.flags();
        -: 1432:      __is.flags(__ios_base::skipws);
        -: 1433:
        -: 1434:      double __mean;
        -: 1435:      __is >> __mean >> __x._M_nd;
        -: 1436:      __x.param(typename poisson_distribution<_IntType>::param_type(__mean));
        -: 1437:
        -: 1438:      __is.flags(__flags);
        -: 1439:      return __is;
        -: 1440:    }
        -: 1441:
        -: 1442:
        -: 1443:  template<typename _IntType>
        -: 1444:    void
        -: 1445:    binomial_distribution<_IntType>::param_type::
        -: 1446:    _M_initialize()
        -: 1447:    {
        -: 1448:      const double __p12 = _M_p <= 0.5 ? _M_p : 1.0 - _M_p;
        -: 1449:
        -: 1450:      _M_easy = true;
        -: 1451:
        -: 1452:#if _GLIBCXX_USE_C99_MATH_TR1
        -: 1453:      if (_M_t * __p12 >= 8)
        -: 1454:	{
        -: 1455:	  _M_easy = false;
        -: 1456:	  const double __np = std::floor(_M_t * __p12);
        -: 1457:	  const double __pa = __np / _M_t;
        -: 1458:	  const double __1p = 1 - __pa;
        -: 1459:
        -: 1460:	  const double __pi_4 = 0.7853981633974483096156608458198757L;
        -: 1461:	  const double __d1x =
        -: 1462:	    std::sqrt(__np * __1p * std::log(32 * __np
        -: 1463:					     / (81 * __pi_4 * __1p)));
        -: 1464:	  _M_d1 = std::round(std::max(1.0, __d1x));
        -: 1465:	  const double __d2x =
        -: 1466:	    std::sqrt(__np * __1p * std::log(32 * _M_t * __1p
        -: 1467:					     / (__pi_4 * __pa)));
        -: 1468:	  _M_d2 = std::round(std::max(1.0, __d2x));
        -: 1469:
        -: 1470:	  // sqrt(pi / 2)
        -: 1471:	  const double __spi_2 = 1.2533141373155002512078826424055226L;
        -: 1472:	  _M_s1 = std::sqrt(__np * __1p) * (1 + _M_d1 / (4 * __np));
        -: 1473:	  _M_s2 = std::sqrt(__np * __1p) * (1 + _M_d2 / (4 * _M_t * __1p));
        -: 1474:	  _M_c = 2 * _M_d1 / __np;
        -: 1475:	  _M_a1 = std::exp(_M_c) * _M_s1 * __spi_2;
        -: 1476:	  const double __a12 = _M_a1 + _M_s2 * __spi_2;
        -: 1477:	  const double __s1s = _M_s1 * _M_s1;
        -: 1478:	  _M_a123 = __a12 + (std::exp(_M_d1 / (_M_t * __1p))
        -: 1479:			     * 2 * __s1s / _M_d1
        -: 1480:			     * std::exp(-_M_d1 * _M_d1 / (2 * __s1s)));
        -: 1481:	  const double __s2s = _M_s2 * _M_s2;
        -: 1482:	  _M_s = (_M_a123 + 2 * __s2s / _M_d2
        -: 1483:		  * std::exp(-_M_d2 * _M_d2 / (2 * __s2s)));
        -: 1484:	  _M_lf = (std::lgamma(__np + 1)
        -: 1485:		   + std::lgamma(_M_t - __np + 1));
        -: 1486:	  _M_lp1p = std::log(__pa / __1p);
        -: 1487:
        -: 1488:	  _M_q = -std::log(1 - (__p12 - __pa) / __1p);
        -: 1489:	}
        -: 1490:      else
        -: 1491:#endif
        -: 1492:	_M_q = -std::log(1 - __p12);
        -: 1493:    }
        -: 1494:
        -: 1495:  template<typename _IntType>
        -: 1496:    template<typename _UniformRandomNumberGenerator>
        -: 1497:      typename binomial_distribution<_IntType>::result_type
        -: 1498:      binomial_distribution<_IntType>::
        -: 1499:      _M_waiting(_UniformRandomNumberGenerator& __urng,
        -: 1500:		 _IntType __t, double __q)
        -: 1501:      {
        -: 1502:	_IntType __x = 0;
        -: 1503:	double __sum = 0.0;
        -: 1504:	__detail::_Adaptor<_UniformRandomNumberGenerator, double>
        -: 1505:	  __aurng(__urng);
        -: 1506:
        -: 1507:	do
        -: 1508:	  {
        -: 1509:	    if (__t == __x)
        -: 1510:	      return __x;
        -: 1511:	    const double __e = -std::log(1.0 - __aurng());
        -: 1512:	    __sum += __e / (__t - __x);
        -: 1513:	    __x += 1;
        -: 1514:	  }
        -: 1515:	while (__sum <= __q);
        -: 1516:
        -: 1517:	return __x - 1;
        -: 1518:      }
        -: 1519:
        -: 1520:  /**
        -: 1521:   * A rejection algorithm when t * p >= 8 and a simple waiting time
        -: 1522:   * method - the second in the referenced book - otherwise.
        -: 1523:   * NB: The former is available only if _GLIBCXX_USE_C99_MATH_TR1
        -: 1524:   * is defined.
        -: 1525:   *
        -: 1526:   * Reference:
        -: 1527:   * Devroye, L. Non-Uniform Random Variates Generation. Springer-Verlag,
        -: 1528:   * New York, 1986, Ch. X, Sect. 4 (+ Errata!).
        -: 1529:   */
        -: 1530:  template<typename _IntType>
        -: 1531:    template<typename _UniformRandomNumberGenerator>
        -: 1532:      typename binomial_distribution<_IntType>::result_type
        -: 1533:      binomial_distribution<_IntType>::
        -: 1534:      operator()(_UniformRandomNumberGenerator& __urng,
        -: 1535:		 const param_type& __param)
        -: 1536:      {
        -: 1537:	result_type __ret;
        -: 1538:	const _IntType __t = __param.t();
        -: 1539:	const double __p = __param.p();
        -: 1540:	const double __p12 = __p <= 0.5 ? __p : 1.0 - __p;
        -: 1541:	__detail::_Adaptor<_UniformRandomNumberGenerator, double>
        -: 1542:	  __aurng(__urng);
        -: 1543:
        -: 1544:#if _GLIBCXX_USE_C99_MATH_TR1
        -: 1545:	if (!__param._M_easy)
        -: 1546:	  {
        -: 1547:	    double __x;
        -: 1548:
        -: 1549:	    // See comments above...
        -: 1550:	    const double __naf =
        -: 1551:	      (1 - std::numeric_limits<double>::epsilon()) / 2;
        -: 1552:	    const double __thr =
        -: 1553:	      std::numeric_limits<_IntType>::max() + __naf;
        -: 1554:
        -: 1555:	    const double __np = std::floor(__t * __p12);
        -: 1556:
        -: 1557:	    // sqrt(pi / 2)
        -: 1558:	    const double __spi_2 = 1.2533141373155002512078826424055226L;
        -: 1559:	    const double __a1 = __param._M_a1;
        -: 1560:	    const double __a12 = __a1 + __param._M_s2 * __spi_2;
        -: 1561:	    const double __a123 = __param._M_a123;
        -: 1562:	    const double __s1s = __param._M_s1 * __param._M_s1;
        -: 1563:	    const double __s2s = __param._M_s2 * __param._M_s2;
        -: 1564:
        -: 1565:	    bool __reject;
        -: 1566:	    do
        -: 1567:	      {
        -: 1568:		const double __u = __param._M_s * __aurng();
        -: 1569:
        -: 1570:		double __v;
        -: 1571:
        -: 1572:		if (__u <= __a1)
        -: 1573:		  {
        -: 1574:		    const double __n = _M_nd(__urng);
        -: 1575:		    const double __y = __param._M_s1 * std::abs(__n);
        -: 1576:		    __reject = __y >= __param._M_d1;
        -: 1577:		    if (!__reject)
        -: 1578:		      {
        -: 1579:			const double __e = -std::log(1.0 - __aurng());
        -: 1580:			__x = std::floor(__y);
        -: 1581:			__v = -__e - __n * __n / 2 + __param._M_c;
        -: 1582:		      }
        -: 1583:		  }
        -: 1584:		else if (__u <= __a12)
        -: 1585:		  {
        -: 1586:		    const double __n = _M_nd(__urng);
        -: 1587:		    const double __y = __param._M_s2 * std::abs(__n);
        -: 1588:		    __reject = __y >= __param._M_d2;
        -: 1589:		    if (!__reject)
        -: 1590:		      {
        -: 1591:			const double __e = -std::log(1.0 - __aurng());
        -: 1592:			__x = std::floor(-__y);
        -: 1593:			__v = -__e - __n * __n / 2;
        -: 1594:		      }
        -: 1595:		  }
        -: 1596:		else if (__u <= __a123)
        -: 1597:		  {
        -: 1598:		    const double __e1 = -std::log(1.0 - __aurng());
        -: 1599:		    const double __e2 = -std::log(1.0 - __aurng());
        -: 1600:
        -: 1601:		    const double __y = __param._M_d1
        -: 1602:				     + 2 * __s1s * __e1 / __param._M_d1;
        -: 1603:		    __x = std::floor(__y);
        -: 1604:		    __v = (-__e2 + __param._M_d1 * (1 / (__t - __np)
        -: 1605:						    -__y / (2 * __s1s)));
        -: 1606:		    __reject = false;
        -: 1607:		  }
        -: 1608:		else
        -: 1609:		  {
        -: 1610:		    const double __e1 = -std::log(1.0 - __aurng());
        -: 1611:		    const double __e2 = -std::log(1.0 - __aurng());
        -: 1612:
        -: 1613:		    const double __y = __param._M_d2
        -: 1614:				     + 2 * __s2s * __e1 / __param._M_d2;
        -: 1615:		    __x = std::floor(-__y);
        -: 1616:		    __v = -__e2 - __param._M_d2 * __y / (2 * __s2s);
        -: 1617:		    __reject = false;
        -: 1618:		  }
        -: 1619:
        -: 1620:		__reject = __reject || __x < -__np || __x > __t - __np;
        -: 1621:		if (!__reject)
        -: 1622:		  {
        -: 1623:		    const double __lfx =
        -: 1624:		      std::lgamma(__np + __x + 1)
        -: 1625:		      + std::lgamma(__t - (__np + __x) + 1);
        -: 1626:		    __reject = __v > __param._M_lf - __lfx
        -: 1627:			     + __x * __param._M_lp1p;
        -: 1628:		  }
        -: 1629:
        -: 1630:		__reject |= __x + __np >= __thr;
        -: 1631:	      }
        -: 1632:	    while (__reject);
        -: 1633:
        -: 1634:	    __x += __np + __naf;
        -: 1635:
        -: 1636:	    const _IntType __z = _M_waiting(__urng, __t - _IntType(__x),
        -: 1637:					    __param._M_q);
        -: 1638:	    __ret = _IntType(__x) + __z;
        -: 1639:	  }
        -: 1640:	else
        -: 1641:#endif
        -: 1642:	  __ret = _M_waiting(__urng, __t, __param._M_q);
        -: 1643:
        -: 1644:	if (__p12 != __p)
        -: 1645:	  __ret = __t - __ret;
        -: 1646:	return __ret;
        -: 1647:      }
        -: 1648:
        -: 1649:  template<typename _IntType>
        -: 1650:    template<typename _ForwardIterator,
        -: 1651:	     typename _UniformRandomNumberGenerator>
        -: 1652:      void
        -: 1653:      binomial_distribution<_IntType>::
        -: 1654:      __generate_impl(_ForwardIterator __f, _ForwardIterator __t,
        -: 1655:		      _UniformRandomNumberGenerator& __urng,
        -: 1656:		      const param_type& __param)
        -: 1657:      {
        -: 1658:	__glibcxx_function_requires(_ForwardIteratorConcept<_ForwardIterator>)
        -: 1659:	// We could duplicate everything from operator()...
        -: 1660:	while (__f != __t)
        -: 1661:	  *__f++ = this->operator()(__urng, __param);
        -: 1662:      }
        -: 1663:
        -: 1664:  template<typename _IntType,
        -: 1665:	   typename _CharT, typename _Traits>
        -: 1666:    std::basic_ostream<_CharT, _Traits>&
        -: 1667:    operator<<(std::basic_ostream<_CharT, _Traits>& __os,
        -: 1668:	       const binomial_distribution<_IntType>& __x)
[...]
        -: 2909:	     typename _UniformRandomNumberGenerator>
        -: 2910:      void
        -: 2911:      piecewise_constant_distribution<_RealType>::
        -: 2912:      __generate_impl(_ForwardIterator __f, _ForwardIterator __t,
        -: 2913:		      _UniformRandomNumberGenerator& __urng,
        -: 2914:		      const param_type& __param)
        -: 2915:      {
        -: 2916:	__glibcxx_function_requires(_ForwardIteratorConcept<_ForwardIterator>)
        -: 2917:	__detail::_Adaptor<_UniformRandomNumberGenerator, double>
        -: 2918:	  __aurng(__urng);
        -: 2919:
        -: 2920:	if (__param._M_cp.empty())
        -: 2921:	  {
        -: 2922:	    while (__f != __t)
        -: 2923:	      *__f++ = __aurng();
        -: 2924:	    return;
        -: 2925:	  }
        -: 2926:
        -: 2927:	while (__f != __t)
        -: 2928:	  {
        -: 2929:	    const double __p = __aurng();
        -: 2930:
        -: 2931:	    auto __pos = std::lower_bound(__param._M_cp.begin(),
        -: 2932:					  __param._M_cp.end(), __p);
        -: 2933:	    const size_t __i = __pos - __param._M_cp.begin();
        -: 2934:
        -: 2935:	    const double __pref = __i > 0 ? __param._M_cp[__i - 1] : 0.0;
        -: 2936:
        -: 2937:	    *__f++ = (__param._M_int[__i]
        -: 2938:		      + (__p - __pref) / __param._M_den[__i]);
        -: 2939:	  }
        -: 2940:      }
        -: 2941:
        -: 2942:  template<typename _RealType, typename _CharT, typename _Traits>
        -: 2943:    std::basic_ostream<_CharT, _Traits>&
        -: 2944:    operator<<(std::basic_ostream<_CharT, _Traits>& __os,
        -: 2945:	       const piecewise_constant_distribution<_RealType>& __x)
        -: 2946:    {
        -: 2947:      typedef std::basic_ostream<_CharT, _Traits>  __ostream_type;
        -: 2948:      typedef typename __ostream_type::ios_base    __ios_base;
        -: 2949:
        -: 2950:      const typename __ios_base::fmtflags __flags = __os.flags();
        -: 2951:      const _CharT __fill = __os.fill();
        -: 2952:      const std::streamsize __precision = __os.precision();
        -: 2953:      const _CharT __space = __os.widen(' ');
        -: 2954:      __os.flags(__ios_base::scientific | __ios_base::left);
        -: 2955:      __os.fill(__space);
        -: 2956:      __os.precision(std::numeric_limits<_RealType>::max_digits10);
        -: 2957:
        -: 2958:      std::vector<_RealType> __int = __x.intervals();
        -: 2959:      __os << __int.size() - 1;
        -: 2960:
        -: 2961:      for (auto __xit = __int.begin(); __xit != __int.end(); ++__xit)
        -: 2962:	__os << __space << *__xit;
        -: 2963:
        -: 2964:      std::vector<double> __den = __x.densities();
        -: 2965:      for (auto __dit = __den.begin(); __dit != __den.end(); ++__dit)
        -: 2966:	__os << __space << *__dit;
        -: 2967:
        -: 2968:      __os.flags(__flags);
        -: 2969:      __os.fill(__fill);
        -: 2970:      __os.precision(__precision);
        -: 2971:      return __os;
        -: 2972:    }
        -: 2973:
        -: 2974:  template<typename _RealType, typename _CharT, typename _Traits>
        -: 2975:    std::basic_istream<_CharT, _Traits>&
        -: 2976:    operator>>(std::basic_istream<_CharT, _Traits>& __is,
        -: 2977:	       piecewise_constant_distribution<_RealType>& __x)
        -: 2978:    {
        -: 2979:      typedef std::basic_istream<_CharT, _Traits>  __istream_type;
        -: 2980:      typedef typename __istream_type::ios_base    __ios_base;
        -: 2981:
        -: 2982:      const typename __ios_base::fmtflags __flags = __is.flags();
        -: 2983:      __is.flags(__ios_base::dec | __ios_base::skipws);
        -: 2984:
        -: 2985:      size_t __n;
        -: 2986:      __is >> __n;
        -: 2987:
        -: 2988:      std::vector<_RealType> __int_vec;
        -: 2989:      __int_vec.reserve(__n + 1);
        -: 2990:      for (size_t __i = 0; __i <= __n; ++__i)
        -: 2991:	{
        -: 2992:	  _RealType __int;
        -: 2993:	  __is >> __int;
        -: 2994:	  __int_vec.push_back(__int);
        -: 2995:	}
        -: 2996:
        -: 2997:      std::vector<double> __den_vec;
        -: 2998:      __den_vec.reserve(__n);
        -: 2999:      for (size_t __i = 0; __i < __n; ++__i)
        -: 3000:	{
        -: 3001:	  double __den;
        -: 3002:	  __is >> __den;
        -: 3003:	  __den_vec.push_back(__den);
        -: 3004:	}
        -: 3005:
        -: 3006:      __x.param(typename piecewise_constant_distribution<_RealType>::
        -: 3007:	  param_type(__int_vec.begin(), __int_vec.end(), __den_vec.begin()));
        -: 3008:
        -: 3009:      __is.flags(__flags);
        -: 3010:      return __is;
        -: 3011:    }
        -: 3012:
        -: 3013:
        -: 3014:  template<typename _RealType>
        -: 3015:    void
        -: 3016:    piecewise_linear_distribution<_RealType>::param_type::
        -: 3017:    _M_initialize()
        -: 3018:    {
        -: 3019:      if (_M_int.size() < 2
        -: 3020:	  || (_M_int.size() == 2
        -: 3021:	      && _M_int[0] == _RealType(0)
        -: 3022:	      && _M_int[1] == _RealType(1)
        -: 3023:	      && _M_den[0] == _M_den[1]))
        -: 3024:	{
        -: 3025:	  _M_int.clear();
        -: 3026:	  _M_den.clear();
        -: 3027:	  return;
        -: 3028:	}
        -: 3029:
        -: 3030:      double __sum = 0.0;
        -: 3031:      _M_cp.reserve(_M_int.size() - 1);
        -: 3032:      _M_m.reserve(_M_int.size() - 1);
        -: 3033:      for (size_t __k = 0; __k < _M_int.size() - 1; ++__k)
        -: 3034:	{
        -: 3035:	  const _RealType __delta = _M_int[__k + 1] - _M_int[__k];
        -: 3036:	  __sum += 0.5 * (_M_den[__k + 1] + _M_den[__k]) * __delta;
        -: 3037:	  _M_cp.push_back(__sum);
        -: 3038:	  _M_m.push_back((_M_den[__k + 1] - _M_den[__k]) / __delta);
        -: 3039:	}
        -: 3040:
        -: 3041:      //  Now normalize the densities...
        -: 3042:      __detail::__normalize(_M_den.begin(), _M_den.end(), _M_den.begin(),
        -: 3043:			    __sum);
        -: 3044:      //  ... and partial sums... 
        -: 3045:      __detail::__normalize(_M_cp.begin(), _M_cp.end(), _M_cp.begin(), __sum);
        -: 3046:      //  ... and slopes.
        -: 3047:      __detail::__normalize(_M_m.begin(), _M_m.end(), _M_m.begin(), __sum);
        -: 3048:
        -: 3049:      //  Make sure the last cumulative probablility is one.
        -: 3050:      _M_cp[_M_cp.size() - 1] = 1.0;
        -: 3051:     }
        -: 3052:
        -: 3053:  template<typename _RealType>
        -: 3054:    template<typename _InputIteratorB, typename _InputIteratorW>
        -: 3055:      piecewise_linear_distribution<_RealType>::param_type::
        -: 3056:      param_type(_InputIteratorB __bbegin,
        -: 3057:		 _InputIteratorB __bend,
        -: 3058:		 _InputIteratorW __wbegin)
        -: 3059:      : _M_int(), _M_den(), _M_cp(), _M_m()
        -: 3060:      {
        -: 3061:	for (; __bbegin != __bend; ++__bbegin, ++__wbegin)
        -: 3062:	  {
        -: 3063:	    _M_int.push_back(*__bbegin);
        -: 3064:	    _M_den.push_back(*__wbegin);
        -: 3065:	  }
        -: 3066:
        -: 3067:	_M_initialize();
        -: 3068:      }
        -: 3069:
        -: 3070:  template<typename _RealType>
        -: 3071:    template<typename _Func>
        -: 3072:      piecewise_linear_distribution<_RealType>::param_type::
        -: 3073:      param_type(initializer_list<_RealType> __bl, _Func __fw)
        -: 3074:      : _M_int(), _M_den(), _M_cp(), _M_m()
        -: 3075:      {
        -: 3076:	_M_int.reserve(__bl.size());
        -: 3077:	_M_den.reserve(__bl.size());
        -: 3078:	for (auto __biter = __bl.begin(); __biter != __bl.end(); ++__biter)
        -: 3079:	  {
        -: 3080:	    _M_int.push_back(*__biter);
        -: 3081:	    _M_den.push_back(__fw(*__biter));
        -: 3082:	  }
        -: 3083:
        -: 3084:	_M_initialize();
        -: 3085:      }
        -: 3086:
        -: 3087:  template<typename _RealType>
        -: 3088:    template<typename _Func>
        -: 3089:      piecewise_linear_distribution<_RealType>::param_type::
        -: 3090:      param_type(size_t __nw, _RealType __xmin, _RealType __xmax, _Func __fw)
        -: 3091:      : _M_int(), _M_den(), _M_cp(), _M_m()
        -: 3092:      {
        -: 3093:	const size_t __n = __nw == 0 ? 1 : __nw;
        -: 3094:	const _RealType __delta = (__xmax - __xmin) / __n;
        -: 3095:
        -: 3096:	_M_int.reserve(__n + 1);
        -: 3097:	_M_den.reserve(__n + 1);
        -: 3098:	for (size_t __k = 0; __k <= __nw; ++__k)
        -: 3099:	  {
        -: 3100:	    _M_int.push_back(__xmin + __k * __delta);
        -: 3101:	    _M_den.push_back(__fw(_M_int[__k] + __delta));
        -: 3102:	  }
        -: 3103:
        -: 3104:	_M_initialize();
        -: 3105:      }
        -: 3106:
        -: 3107:  template<typename _RealType>
        -: 3108:    template<typename _UniformRandomNumberGenerator>
        -: 3109:      typename piecewise_linear_distribution<_RealType>::result_type
        -: 3110:      piecewise_linear_distribution<_RealType>::
        -: 3111:      operator()(_UniformRandomNumberGenerator& __urng,
        -: 3112:		 const param_type& __param)
        -: 3113:      {
        -: 3114:	__detail::_Adaptor<_UniformRandomNumberGenerator, double>
        -: 3115:	  __aurng(__urng);
        -: 3116:
        -: 3117:	const double __p = __aurng();
        -: 3118:	if (__param._M_cp.empty())
        -: 3119:	  return __p;
        -: 3120:
        -: 3121:	auto __pos = std::lower_bound(__param._M_cp.begin(),
        -: 3122:				      __param._M_cp.end(), __p);
        -: 3123:	const size_t __i = __pos - __param._M_cp.begin();
        -: 3124:
        -: 3125:	const double __pref = __i > 0 ? __param._M_cp[__i - 1] : 0.0;
        -: 3126:
        -: 3127:	const double __a = 0.5 * __param._M_m[__i];
        -: 3128:	const double __b = __param._M_den[__i];
        -: 3129:	const double __cm = __p - __pref;
        -: 3130:
        -: 3131:	_RealType __x = __param._M_int[__i];
        -: 3132:	if (__a == 0)
        -: 3133:	  __x += __cm / __b;
        -: 3134:	else
        -: 3135:	  {
        -: 3136:	    const double __d = __b * __b + 4.0 * __a * __cm;
        -: 3137:	    __x += 0.5 * (std::sqrt(__d) - __b) / __a;
        -: 3138:          }
        -: 3139:
        -: 3140:        return __x;
        -: 3141:      }
        -: 3142:
        -: 3143:  template<typename _RealType>
        -: 3144:    template<typename _ForwardIterator,
        -: 3145:	     typename _UniformRandomNumberGenerator>
        -: 3146:      void
        -: 3147:      piecewise_linear_distribution<_RealType>::
        -: 3148:      __generate_impl(_ForwardIterator __f, _ForwardIterator __t,
        -: 3149:		      _UniformRandomNumberGenerator& __urng,
        -: 3150:		      const param_type& __param)
        -: 3151:      {
        -: 3152:	__glibcxx_function_requires(_ForwardIteratorConcept<_ForwardIterator>)
        -: 3153:	// We could duplicate everything from operator()...
        -: 3154:	while (__f != __t)
        -: 3155:	  *__f++ = this->operator()(__urng, __param);
        -: 3156:      }
        -: 3157:
        -: 3158:  template<typename _RealType, typename _CharT, typename _Traits>
        -: 3159:    std::basic_ostream<_CharT, _Traits>&
        -: 3160:    operator<<(std::basic_ostream<_CharT, _Traits>& __os,
        -: 3161:	       const piecewise_linear_distribution<_RealType>& __x)
        -: 3162:    {
        -: 3163:      typedef std::basic_ostream<_CharT, _Traits>  __ostream_type;
        -: 3164:      typedef typename __ostream_type::ios_base    __ios_base;
        -: 3165:
        -: 3166:      const typename __ios_base::fmtflags __flags = __os.flags();
        -: 3167:      const _CharT __fill = __os.fill();
        -: 3168:      const std::streamsize __precision = __os.precision();
        -: 3169:      const _CharT __space = __os.widen(' ');
        -: 3170:      __os.flags(__ios_base::scientific | __ios_base::left);
        -: 3171:      __os.fill(__space);
        -: 3172:      __os.precision(std::numeric_limits<_RealType>::max_digits10);
        -: 3173:
        -: 3174:      std::vector<_RealType> __int = __x.intervals();
        -: 3175:      __os << __int.size() - 1;
        -: 3176:
        -: 3177:      for (auto __xit = __int.begin(); __xit != __int.end(); ++__xit)
        -: 3178:	__os << __space << *__xit;
        -: 3179:
        -: 3180:      std::vector<double> __den = __x.densities();
        -: 3181:      for (auto __dit = __den.begin(); __dit != __den.end(); ++__dit)
        -: 3182:	__os << __space << *__dit;
        -: 3183:
        -: 3184:      __os.flags(__flags);
        -: 3185:      __os.fill(__fill);
        -: 3186:      __os.precision(__precision);
        -: 3187:      return __os;
        -: 3188:    }
        -: 3189:
        -: 3190:  template<typename _RealType, typename _CharT, typename _Traits>
        -: 3191:    std::basic_istream<_CharT, _Traits>&
        -: 3192:    operator>>(std::basic_istream<_CharT, _Traits>& __is,
        -: 3193:	       piecewise_linear_distribution<_RealType>& __x)
        -: 3194:    {
        -: 3195:      typedef std::basic_istream<_CharT, _Traits>  __istream_type;
        -: 3196:      typedef typename __istream_type::ios_base    __ios_base;
        -: 3197:
        -: 3198:      const typename __ios_base::fmtflags __flags = __is.flags();
        -: 3199:      __is.flags(__ios_base::dec | __ios_base::skipws);
        -: 3200:
        -: 3201:      size_t __n;
        -: 3202:      __is >> __n;
        -: 3203:
        -: 3204:      std::vector<_RealType> __int_vec;
        -: 3205:      __int_vec.reserve(__n + 1);
        -: 3206:      for (size_t __i = 0; __i <= __n; ++__i)
        -: 3207:	{
        -: 3208:	  _RealType __int;
        -: 3209:	  __is >> __int;
        -: 3210:	  __int_vec.push_back(__int);
        -: 3211:	}
        -: 3212:
        -: 3213:      std::vector<double> __den_vec;
        -: 3214:      __den_vec.reserve(__n + 1);
        -: 3215:      for (size_t __i = 0; __i <= __n; ++__i)
        -: 3216:	{
        -: 3217:	  double __den;
        -: 3218:	  __is >> __den;
        -: 3219:	  __den_vec.push_back(__den);
        -: 3220:	}
        -: 3221:
        -: 3222:      __x.param(typename piecewise_linear_distribution<_RealType>::
        -: 3223:	  param_type(__int_vec.begin(), __int_vec.end(), __den_vec.begin()));
        -: 3224:
        -: 3225:      __is.flags(__flags);
        -: 3226:      return __is;
        -: 3227:    }
        -: 3228:
        -: 3229:
        -: 3230:  template<typename _IntType>
        -: 3231:    seed_seq::seed_seq(std::initializer_list<_IntType> __il)
        -: 3232:    {
        -: 3233:      for (auto __iter = __il.begin(); __iter != __il.end(); ++__iter)
        -: 3234:	_M_v.push_back(__detail::__mod<result_type,
        -: 3235:		       __detail::_Shift<result_type, 32>::__value>(*__iter));
        -: 3236:    }
        -: 3237:
        -: 3238:  template<typename _InputIterator>
        -: 3239:    seed_seq::seed_seq(_InputIterator __begin, _InputIterator __end)
        -: 3240:    {
        -: 3241:      for (_InputIterator __iter = __begin; __iter != __end; ++__iter)
        -: 3242:	_M_v.push_back(__detail::__mod<result_type,
        -: 3243:		       __detail::_Shift<result_type, 32>::__value>(*__iter));
        -: 3244:    }
        -: 3245:
        -: 3246:  template<typename _RandomAccessIterator>
        -: 3247:    void
        -: 3248:    seed_seq::generate(_RandomAccessIterator __begin,
        -: 3249:		       _RandomAccessIterator __end)
        -: 3250:    {
        -: 3251:      typedef typename iterator_traits<_RandomAccessIterator>::value_type
        -: 3252:        _Type;
        -: 3253:
        -: 3254:      if (__begin == __end)
        -: 3255:	return;
        -: 3256:
        -: 3257:      std::fill(__begin, __end, _Type(0x8b8b8b8bu));
        -: 3258:
        -: 3259:      const size_t __n = __end - __begin;
        -: 3260:      const size_t __s = _M_v.size();
        -: 3261:      const size_t __t = (__n >= 623) ? 11
        -: 3262:		       : (__n >=  68) ? 7
        -: 3263:		       : (__n >=  39) ? 5
        -: 3264:		       : (__n >=   7) ? 3
        -: 3265:		       : (__n - 1) / 2;
        -: 3266:      const size_t __p = (__n - __t) / 2;
        -: 3267:      const size_t __q = __p + __t;
        -: 3268:      const size_t __m = std::max(size_t(__s + 1), __n);
        -: 3269:
        -: 3270:      for (size_t __k = 0; __k < __m; ++__k)
        -: 3271:	{
        -: 3272:	  _Type __arg = (__begin[__k % __n]
        -: 3273:			 ^ __begin[(__k + __p) % __n]
        -: 3274:			 ^ __begin[(__k - 1) % __n]);
        -: 3275:	  _Type __r1 = __arg ^ (__arg >> 27);
        -: 3276:	  __r1 = __detail::__mod<_Type,
        -: 3277:		    __detail::_Shift<_Type, 32>::__value>(1664525u * __r1);
        -: 3278:	  _Type __r2 = __r1;
        -: 3279:	  if (__k == 0)
        -: 3280:	    __r2 += __s;
        -: 3281:	  else if (__k <= __s)
        -: 3282:	    __r2 += __k % __n + _M_v[__k - 1];
        -: 3283:	  else
        -: 3284:	    __r2 += __k % __n;
        -: 3285:	  __r2 = __detail::__mod<_Type,
        -: 3286:	           __detail::_Shift<_Type, 32>::__value>(__r2);
        -: 3287:	  __begin[(__k + __p) % __n] += __r1;
        -: 3288:	  __begin[(__k + __q) % __n] += __r2;
        -: 3289:	  __begin[__k % __n] = __r2;
        -: 3290:	}
        -: 3291:
        -: 3292:      for (size_t __k = __m; __k < __m + __n; ++__k)
        -: 3293:	{
        -: 3294:	  _Type __arg = (__begin[__k % __n]
        -: 3295:			 + __begin[(__k + __p) % __n]
        -: 3296:			 + __begin[(__k - 1) % __n]);
        -: 3297:	  _Type __r3 = __arg ^ (__arg >> 27);
        -: 3298:	  __r3 = __detail::__mod<_Type,
        -: 3299:		   __detail::_Shift<_Type, 32>::__value>(1566083941u * __r3);
        -: 3300:	  _Type __r4 = __r3 - __k % __n;
        -: 3301:	  __r4 = __detail::__mod<_Type,
        -: 3302:	           __detail::_Shift<_Type, 32>::__value>(__r4);
        -: 3303:	  __begin[(__k + __p) % __n] ^= __r3;
        -: 3304:	  __begin[(__k + __q) % __n] ^= __r4;
        -: 3305:	  __begin[__k % __n] = __r4;
        -: 3306:	}
        -: 3307:    }
        -: 3308:
        -: 3309:  template<typename _RealType, size_t __bits,
        -: 3310:	   typename _UniformRandomNumberGenerator>
        -: 3311:    _RealType
        -: 3312:    generate_canonical(_UniformRandomNumberGenerator& __urng)
        -: 3313:    {
        -: 3314:      static_assert(std::is_floating_point<_RealType>::value,
        -: 3315:		    "template argument not a floating point type");
        -: 3316:
        -: 3317:      const size_t __b
        -: 3318:	= std::min(static_cast<size_t>(std::numeric_limits<_RealType>::digits),
        -: 3319:                   __bits);
        -: 3320:      const long double __r = static_cast<long double>(__urng.max())
        -: 3321:			    - static_cast<long double>(__urng.min()) + 1.0L;
        -: 3322:      const size_t __log2r = std::log(__r) / std::log(2.0L);
        -: 3323:      size_t __k = std::max<size_t>(1UL, (__b + __log2r - 1UL) / __log2r);
        -: 3324:      _RealType __sum = _RealType(0);
        -: 3325:      _RealType __tmp = _RealType(1);
        -: 3326:      for (; __k != 0; --__k)
        -: 3327:	{
        -: 3328:	  __sum += _RealType(__urng() - __urng.min()) * __tmp;
        -: 3329:	  __tmp *= __r;
        -: 3330:	}
        -: 3331:      return __sum / __tmp;
        -: 3332:    }
        -: 3333:
        -: 3334:_GLIBCXX_END_NAMESPACE_VERSION
        -: 3335:} // namespace
        -: 3336:
        -: 3337:#endif
