        -:    0:Source:src/index.cpp
        -:    0:Graph:/home/runner/work/cpp-11-standard/cpp-11-standard/TestBinary-test_index.gcno
        -:    0:Data:/home/runner/work/cpp-11-standard/cpp-11-standard/TestBinary-test_index.gcda
        -:    0:Runs:1
        -:    1:namespace Index {
function _ZN5Index12uncovered_ifEb called 1 returned 100% blocks executed 75%
        1:    2:    bool uncovered_if(bool a = true) {
        1:    3:        if (a)
branch  0 taken 100% (fallthrough)
branch  1 taken 0%
        1:    4:            return false;
        -:    5:        else
    #####:    6:            return true;
        -:    7:    }
        -:    8:
function _ZN5Index13fully_coveredEv called 1 returned 100% blocks executed 100%
        1:    9:    bool fully_covered() {
        1:   10:        return true;
        -:   11:    }
        -:   12:
function _ZN5Index9uncoveredEv called 0 returned 0% blocks executed 0%
    #####:   13:    bool uncovered() {
    #####:   14:        return true;
        -:   15:    }
        -:   16:}
