        -:    0:Source:/usr/include/c++/9/bits/stl_tree.h
        -:    0:Graph:./test_index.gcno
        -:    0:Data:./test_index.gcda
        -:    0:Runs:1
        -:    1:// RB tree implementation -*- C++ -*-
        -:    2:
        -:    3:// Copyright (C) 2001-2019 Free Software Foundation, Inc.
        -:    4://
        -:    5:// This file is part of the GNU ISO C++ Library.  This library is free
        -:    6:// software; you can redistribute it and/or modify it under the
        -:    7:// terms of the GNU General Public License as published by the
        -:    8:// Free Software Foundation; either version 3, or (at your option)
        -:    9:// any later version.
        -:   10:
        -:   11:// This library is distributed in the hope that it will be useful,
        -:   12:// but WITHOUT ANY WARRANTY; without even the implied warranty of
        -:   13:// MERCHANTABILITY or FITNESS FOR A PARTICULAR PURPOSE.  See the
        -:   14:// GNU General Public License for more details.
        -:   15:
        -:   16:// Under Section 7 of GPL version 3, you are granted additional
        -:   17:// permissions described in the GCC Runtime Library Exception, version
        -:   18:// 3.1, as published by the Free Software Foundation.
        -:   19:
        -:   20:// You should have received a copy of the GNU General Public License and
        -:   21:// a copy of the GCC Runtime Library Exception along with this program;
        -:   22:// see the files COPYING3 and COPYING.RUNTIME respectively.  If not, see
        -:   23:// <http://www.gnu.org/licenses/>.
        -:   24:
        -:   25:/*
        -:   26: *
        -:   27: * Copyright (c) 1996,1997
        -:   28: * Silicon Graphics Computer Systems, Inc.
        -:   29: *
        -:   30: * Permission to use, copy, modify, distribute and sell this software
        -:   31: * and its documentation for any purpose is hereby granted without fee,
        -:   32: * provided that the above copyright notice appear in all copies and
        -:   33: * that both that copyright notice and this permission notice appear
        -:   34: * in supporting documentation.  Silicon Graphics makes no
        -:   35: * representations about the suitability of this software for any
        -:   36: * purpose.  It is provided "as is" without express or implied warranty.
        -:   37: *
        -:   38: *
        -:   39: * Copyright (c) 1994
        -:   40: * Hewlett-Packard Company
        -:   41: *
        -:   42: * Permission to use, copy, modify, distribute and sell this software
        -:   43: * and its documentation for any purpose is hereby granted without fee,
        -:   44: * provided that the above copyright notice appear in all copies and
        -:   45: * that both that copyright notice and this permission notice appear
        -:   46: * in supporting documentation.  Hewlett-Packard Company makes no
        -:   47: * representations about the suitability of this software for any
        -:   48: * purpose.  It is provided "as is" without express or implied warranty.
        -:   49: *
        -:   50: *
        -:   51: */
        -:   52:
        -:   53:/** @file bits/stl_tree.h
        -:   54: *  This is an internal header file, included by other library headers.
        -:   55: *  Do not attempt to use it directly. @headername{map,set}
        -:   56: */
        -:   57:
        -:   58:#ifndef _STL_TREE_H
        -:   59:#define _STL_TREE_H 1
        -:   60:
        -:   61:#pragma GCC system_header
        -:   62:
        -:   63:#include <bits/stl_algobase.h>
        -:   64:#include <bits/allocator.h>
        -:   65:#include <bits/stl_function.h>
        -:   66:#include <bits/cpp_type_traits.h>
        -:   67:#include <ext/alloc_traits.h>
        -:   68:#if __cplusplus >= 201103L
        -:   69:# include <ext/aligned_buffer.h>
        -:   70:#endif
        -:   71:#if __cplusplus > 201402L
        -:   72:# include <bits/node_handle.h>
        -:   73:#endif
        -:   74:
        -:   75:namespace std _GLIBCXX_VISIBILITY(default)
        -:   76:{
        -:   77:_GLIBCXX_BEGIN_NAMESPACE_VERSION
        -:   78:
        -:   79:#if __cplusplus > 201103L
        -:   80:# define __cpp_lib_generic_associative_lookup 201304
        -:   81:#endif
        -:   82:
        -:   83:  // Red-black tree class, designed for use in implementing STL
        -:   84:  // associative containers (set, multiset, map, and multimap). The
        -:   85:  // insertion and deletion algorithms are based on those in Cormen,
        -:   86:  // Leiserson, and Rivest, Introduction to Algorithms (MIT Press,
        -:   87:  // 1990), except that
        -:   88:  //
        -:   89:  // (1) the header cell is maintained with links not only to the root
        -:   90:  // but also to the leftmost node of the tree, to enable constant
        -:   91:  // time begin(), and to the rightmost node of the tree, to enable
        -:   92:  // linear time performance when used with the generic set algorithms
        -:   93:  // (set_union, etc.)
        -:   94:  //
        -:   95:  // (2) when a node being deleted has two children its successor node
        -:   96:  // is relinked into its place, rather than copied, so that the only
        -:   97:  // iterators invalidated are those referring to the deleted node.
        -:   98:
        -:   99:  enum _Rb_tree_color { _S_red = false, _S_black = true };
        -:  100:
        -:  101:  struct _Rb_tree_node_base
        -:  102:  {
        -:  103:    typedef _Rb_tree_node_base* _Base_ptr;
        -:  104:    typedef const _Rb_tree_node_base* _Const_Base_ptr;
        -:  105:
        -:  106:    _Rb_tree_color	_M_color;
        -:  107:    _Base_ptr		_M_parent;
        -:  108:    _Base_ptr		_M_left;
        -:  109:    _Base_ptr		_M_right;
        -:  110:
        -:  111:    static _Base_ptr
        -:  112:    _S_minimum(_Base_ptr __x) _GLIBCXX_NOEXCEPT
        -:  113:    {
        -:  114:      while (__x->_M_left != 0) __x = __x->_M_left;
        -:  115:      return __x;
        -:  116:    }
        -:  117:
        -:  118:    static _Const_Base_ptr
        -:  119:    _S_minimum(_Const_Base_ptr __x) _GLIBCXX_NOEXCEPT
        -:  120:    {
        -:  121:      while (__x->_M_left != 0) __x = __x->_M_left;
        -:  122:      return __x;
        -:  123:    }
        -:  124:
        -:  125:    static _Base_ptr
        -:  126:    _S_maximum(_Base_ptr __x) _GLIBCXX_NOEXCEPT
        -:  127:    {
        -:  128:      while (__x->_M_right != 0) __x = __x->_M_right;
        -:  129:      return __x;
        -:  130:    }
        -:  131:
        -:  132:    static _Const_Base_ptr
        -:  133:    _S_maximum(_Const_Base_ptr __x) _GLIBCXX_NOEXCEPT
        -:  134:    {
        -:  135:      while (__x->_M_right != 0) __x = __x->_M_right;
        -:  136:      return __x;
        -:  137:    }
        -:  138:  };
        -:  139:
        -:  140:  // Helper type offering value initialization guarantee on the compare functor.
        -:  141:  template<typename _Key_compare>
        -:  142:    struct _Rb_tree_key_compare
        -:  143:    {
        -:  144:      _Key_compare		_M_key_compare;
        -:  145:
       4*:  146:      _Rb_tree_key_compare()
        -:  147:      _GLIBCXX_NOEXCEPT_IF(
        -:  148:	is_nothrow_default_constructible<_Key_compare>::value)
        -:  149:      : _M_key_compare()
       4*:  150:      { }
------------------
_ZNSt20_Rb_tree_key_compareISt4lessIlEEC2Ev:
    #####:  146:      _Rb_tree_key_compare()
        -:  147:      _GLIBCXX_NOEXCEPT_IF(
        -:  148:	is_nothrow_default_constructible<_Key_compare>::value)
        -:  149:      : _M_key_compare()
    #####:  150:      { }
------------------
_ZNSt20_Rb_tree_key_compareISt4lessIN5Catch9VerbosityEEEC2Ev:
    #####:  146:      _Rb_tree_key_compare()
        -:  147:      _GLIBCXX_NOEXCEPT_IF(
        -:  148:	is_nothrow_default_constructible<_Key_compare>::value)
        -:  149:      : _M_key_compare()
    #####:  150:      { }
------------------
_ZNSt20_Rb_tree_key_compareISt4lessIN5Catch8TestCaseEEEC2Ev:
        1:  146:      _Rb_tree_key_compare()
        -:  147:      _GLIBCXX_NOEXCEPT_IF(
        -:  148:	is_nothrow_default_constructible<_Key_compare>::value)
        -:  149:      : _M_key_compare()
        1:  150:      { }
------------------
_ZNSt20_Rb_tree_key_compareISt4lessIPKN5Catch8TestCaseEEEC2Ev:
        1:  146:      _Rb_tree_key_compare()
        -:  147:      _GLIBCXX_NOEXCEPT_IF(
        -:  148:	is_nothrow_default_constructible<_Key_compare>::value)
        -:  149:      : _M_key_compare()
        1:  150:      { }
------------------
_ZNSt20_Rb_tree_key_compareISt4lessINSt7__cxx1112basic_stringIcSt11char_traitsIcESaIcEEEEEC2Ev:
        2:  146:      _Rb_tree_key_compare()
        -:  147:      _GLIBCXX_NOEXCEPT_IF(
        -:  148:	is_nothrow_default_constructible<_Key_compare>::value)
        -:  149:      : _M_key_compare()
        2:  150:      { }
------------------
        -:  151:
        1:  152:      _Rb_tree_key_compare(const _Key_compare& __comp)
        -:  153:      : _M_key_compare(__comp)
        1:  154:      { }
        -:  155:
        -:  156:#if __cplusplus >= 201103L
        -:  157:      // Copy constructor added for consistency with C++98 mode.
        -:  158:      _Rb_tree_key_compare(const _Rb_tree_key_compare&) = default;
        -:  159:
    #####:  160:      _Rb_tree_key_compare(_Rb_tree_key_compare&& __x)
        -:  161:	noexcept(is_nothrow_copy_constructible<_Key_compare>::value)
        -:  162:      : _M_key_compare(__x._M_key_compare)
    #####:  163:      { }
        -:  164:#endif
        -:  165:    };
        -:  166:
        -:  167:  // Helper type to manage default initialization of node count and header.
        -:  168:  struct _Rb_tree_header
        -:  169:  {
        -:  170:    _Rb_tree_node_base	_M_header;
        -:  171:    size_t		_M_node_count; // Keeps track of size of tree.
        -:  172:
        5:  173:    _Rb_tree_header() _GLIBCXX_NOEXCEPT
        5:  174:    {
        5:  175:      _M_header._M_color = _S_red;
        5:  176:      _M_reset();
        5:  177:    }
        -:  178:
        -:  179:#if __cplusplus >= 201103L
    #####:  180:    _Rb_tree_header(_Rb_tree_header&& __x) noexcept
    #####:  181:    {
    #####:  182:      if (__x._M_header._M_parent != nullptr)
    #####:  183:	_M_move_data(__x);
        -:  184:      else
        -:  185:	{
    #####:  186:	  _M_header._M_color = _S_red;
    #####:  187:	  _M_reset();
        -:  188:	}
    #####:  189:    }
        -:  190:#endif
        -:  191:
        -:  192:    void
    #####:  193:    _M_move_data(_Rb_tree_header& __from)
        -:  194:    {
    #####:  195:      _M_header._M_color = __from._M_header._M_color;
    #####:  196:      _M_header._M_parent = __from._M_header._M_parent;
    #####:  197:      _M_header._M_left = __from._M_header._M_left;
    #####:  198:      _M_header._M_right = __from._M_header._M_right;
    #####:  199:      _M_header._M_parent->_M_parent = &_M_header;
    #####:  200:      _M_node_count = __from._M_node_count;
        -:  201:
    #####:  202:      __from._M_reset();
    #####:  203:    }
        -:  204:
        -:  205:    void
        5:  206:    _M_reset()
        -:  207:    {
        5:  208:      _M_header._M_parent = 0;
        5:  209:      _M_header._M_left = &_M_header;
        5:  210:      _M_header._M_right = &_M_header;
        5:  211:      _M_node_count = 0;
        5:  212:    }
        -:  213:  };
        -:  214:
        -:  215:  template<typename _Val>
        -:  216:    struct _Rb_tree_node : public _Rb_tree_node_base
        -:  217:    {
        -:  218:      typedef _Rb_tree_node<_Val>* _Link_type;
        -:  219:
        -:  220:#if __cplusplus < 201103L
        -:  221:      _Val _M_value_field;
        -:  222:
        -:  223:      _Val*
        -:  224:      _M_valptr()
        -:  225:      { return std::__addressof(_M_value_field); }
        -:  226:
        -:  227:      const _Val*
        -:  228:      _M_valptr() const
        -:  229:      { return std::__addressof(_M_value_field); }
        -:  230:#else
        -:  231:      __gnu_cxx::__aligned_membuf<_Val> _M_storage;
        -:  232:
        -:  233:      _Val*
      18*:  234:      _M_valptr()
      18*:  235:      { return _M_storage._M_ptr(); }
------------------
_ZNSt13_Rb_tree_nodeISt4pairIKllEE9_M_valptrEv:
    #####:  234:      _M_valptr()
    #####:  235:      { return _M_storage._M_ptr(); }
------------------
_ZNSt13_Rb_tree_nodeIN5Catch9VerbosityEE9_M_valptrEv:
        2:  234:      _M_valptr()
        2:  235:      { return _M_storage._M_ptr(); }
------------------
_ZNSt13_Rb_tree_nodeIN5Catch8TestCaseEE9_M_valptrEv:
        4:  234:      _M_valptr()
        4:  235:      { return _M_storage._M_ptr(); }
------------------
_ZNSt13_Rb_tree_nodeISt4pairIKNSt7__cxx1112basic_stringIcSt11char_traitsIcESaIcEEEN5Catch8TagAliasEEE9_M_valptrEv:
    #####:  234:      _M_valptr()
    #####:  235:      { return _M_storage._M_ptr(); }
------------------
_ZNSt13_Rb_tree_nodeIPKN5Catch8TestCaseEE9_M_valptrEv:
        4:  234:      _M_valptr()
        4:  235:      { return _M_storage._M_ptr(); }
------------------
_ZNSt13_Rb_tree_nodeISt4pairIKNSt7__cxx1112basic_stringIcSt11char_traitsIcESaIcEEESt10shared_ptrIN5Catch16IReporterFactoryEEEE9_M_valptrEv:
        8:  234:      _M_valptr()
        8:  235:      { return _M_storage._M_ptr(); }
------------------
_ZNSt13_Rb_tree_nodeINSt7__cxx1112basic_stringIcSt11char_traitsIcESaIcEEEE9_M_valptrEv:
    #####:  234:      _M_valptr()
    #####:  235:      { return _M_storage._M_ptr(); }
------------------
_ZNSt13_Rb_tree_nodeISt4pairIKNSt7__cxx1112basic_stringIcSt11char_traitsIcESaIcEEEN5Catch7TagInfoEEE9_M_valptrEv:
    #####:  234:      _M_valptr()
    #####:  235:      { return _M_storage._M_ptr(); }
------------------
        -:  236:
        -:  237:      const _Val*
      34*:  238:      _M_valptr() const
      34*:  239:      { return _M_storage._M_ptr(); }
------------------
_ZNKSt13_Rb_tree_nodeISt4pairIKllEE9_M_valptrEv:
    #####:  238:      _M_valptr() const
    #####:  239:      { return _M_storage._M_ptr(); }
------------------
_ZNKSt13_Rb_tree_nodeIN5Catch9VerbosityEE9_M_valptrEv:
        2:  238:      _M_valptr() const
        2:  239:      { return _M_storage._M_ptr(); }
------------------
_ZNKSt13_Rb_tree_nodeISt4pairIKNSt7__cxx1112basic_stringIcSt11char_traitsIcESaIcEEEN5Catch7TagInfoEEE9_M_valptrEv:
    #####:  238:      _M_valptr() const
    #####:  239:      { return _M_storage._M_ptr(); }
------------------
_ZNKSt13_Rb_tree_nodeIN5Catch8TestCaseEE9_M_valptrEv:
        2:  238:      _M_valptr() const
        2:  239:      { return _M_storage._M_ptr(); }
------------------
_ZNKSt13_Rb_tree_nodeISt4pairIKNSt7__cxx1112basic_stringIcSt11char_traitsIcESaIcEEEN5Catch8TagAliasEEE9_M_valptrEv:
    #####:  238:      _M_valptr() const
    #####:  239:      { return _M_storage._M_ptr(); }
------------------
_ZNKSt13_Rb_tree_nodeIPKN5Catch8TestCaseEE9_M_valptrEv:
        8:  238:      _M_valptr() const
        8:  239:      { return _M_storage._M_ptr(); }
------------------
_ZNKSt13_Rb_tree_nodeISt4pairIKNSt7__cxx1112basic_stringIcSt11char_traitsIcESaIcEEESt10shared_ptrIN5Catch16IReporterFactoryEEEE9_M_valptrEv:
       22:  238:      _M_valptr() const
       22:  239:      { return _M_storage._M_ptr(); }
------------------
_ZNKSt13_Rb_tree_nodeINSt7__cxx1112basic_stringIcSt11char_traitsIcESaIcEEEE9_M_valptrEv:
    #####:  238:      _M_valptr() const
    #####:  239:      { return _M_storage._M_ptr(); }
------------------
        -:  240:#endif
        -:  241:    };
        -:  242:
        -:  243:  _GLIBCXX_PURE _Rb_tree_node_base*
        -:  244:  _Rb_tree_increment(_Rb_tree_node_base* __x) throw ();
        -:  245:
        -:  246:  _GLIBCXX_PURE const _Rb_tree_node_base*
        -:  247:  _Rb_tree_increment(const _Rb_tree_node_base* __x) throw ();
        -:  248:
        -:  249:  _GLIBCXX_PURE _Rb_tree_node_base*
        -:  250:  _Rb_tree_decrement(_Rb_tree_node_base* __x) throw ();
        -:  251:
        -:  252:  _GLIBCXX_PURE const _Rb_tree_node_base*
        -:  253:  _Rb_tree_decrement(const _Rb_tree_node_base* __x) throw ();
        -:  254:
        -:  255:  template<typename _Tp>
        -:  256:    struct _Rb_tree_iterator
        -:  257:    {
        -:  258:      typedef _Tp  value_type;
        -:  259:      typedef _Tp& reference;
        -:  260:      typedef _Tp* pointer;
        -:  261:
        -:  262:      typedef bidirectional_iterator_tag iterator_category;
        -:  263:      typedef ptrdiff_t			 difference_type;
        -:  264:
        -:  265:      typedef _Rb_tree_iterator<_Tp>		_Self;
        -:  266:      typedef _Rb_tree_node_base::_Base_ptr	_Base_ptr;
        -:  267:      typedef _Rb_tree_node<_Tp>*		_Link_type;
        -:  268:
        -:  269:      _Rb_tree_iterator() _GLIBCXX_NOEXCEPT
        -:  270:      : _M_node() { }
        -:  271:
        -:  272:      explicit
      25*:  273:      _Rb_tree_iterator(_Base_ptr __x) _GLIBCXX_NOEXCEPT
      25*:  274:      : _M_node(__x) { }
------------------
_ZNSt17_Rb_tree_iteratorISt4pairIKllEEC2EPSt18_Rb_tree_node_base:
    #####:  273:      _Rb_tree_iterator(_Base_ptr __x) _GLIBCXX_NOEXCEPT
    #####:  274:      : _M_node(__x) { }
------------------
_ZNSt17_Rb_tree_iteratorIN5Catch9VerbosityEEC2EPSt18_Rb_tree_node_base:
        5:  273:      _Rb_tree_iterator(_Base_ptr __x) _GLIBCXX_NOEXCEPT
        5:  274:      : _M_node(__x) { }
------------------
_ZNSt17_Rb_tree_iteratorIN5Catch8TestCaseEEC2EPSt18_Rb_tree_node_base:
        6:  273:      _Rb_tree_iterator(_Base_ptr __x) _GLIBCXX_NOEXCEPT
        6:  274:      : _M_node(__x) { }
------------------
_ZNSt17_Rb_tree_iteratorISt4pairIKNSt7__cxx1112basic_stringIcSt11char_traitsIcESaIcEEEN5Catch8TagAliasEEEC2EPSt18_Rb_tree_node_base:
    #####:  273:      _Rb_tree_iterator(_Base_ptr __x) _GLIBCXX_NOEXCEPT
    #####:  274:      : _M_node(__x) { }
------------------
_ZNSt17_Rb_tree_iteratorIPKN5Catch8TestCaseEEC2EPSt18_Rb_tree_node_base:
        5:  273:      _Rb_tree_iterator(_Base_ptr __x) _GLIBCXX_NOEXCEPT
        5:  274:      : _M_node(__x) { }
------------------
_ZNSt17_Rb_tree_iteratorISt4pairIKNSt7__cxx1112basic_stringIcSt11char_traitsIcESaIcEEESt10shared_ptrIN5Catch16IReporterFactoryEEEEC2EPSt18_Rb_tree_node_base:
        9:  273:      _Rb_tree_iterator(_Base_ptr __x) _GLIBCXX_NOEXCEPT
        9:  274:      : _M_node(__x) { }
------------------
_ZNSt17_Rb_tree_iteratorISt4pairIKNSt7__cxx1112basic_stringIcSt11char_traitsIcESaIcEEEN5Catch7TagInfoEEEC2EPSt18_Rb_tree_node_base:
    #####:  273:      _Rb_tree_iterator(_Base_ptr __x) _GLIBCXX_NOEXCEPT
    #####:  274:      : _M_node(__x) { }
------------------
_ZNSt17_Rb_tree_iteratorINSt7__cxx1112basic_stringIcSt11char_traitsIcESaIcEEEEC2EPSt18_Rb_tree_node_base:
    #####:  273:      _Rb_tree_iterator(_Base_ptr __x) _GLIBCXX_NOEXCEPT
    #####:  274:      : _M_node(__x) { }
------------------
        -:  275:
        -:  276:      reference
    #####:  277:      operator*() const _GLIBCXX_NOEXCEPT
    #####:  278:      { return *static_cast<_Link_type>(_M_node)->_M_valptr(); }
------------------
_ZNKSt17_Rb_tree_iteratorISt4pairIKllEEdeEv:
    #####:  277:      operator*() const _GLIBCXX_NOEXCEPT
    #####:  278:      { return *static_cast<_Link_type>(_M_node)->_M_valptr(); }
------------------
_ZNKSt17_Rb_tree_iteratorISt4pairIKNSt7__cxx1112basic_stringIcSt11char_traitsIcESaIcEEEN5Catch7TagInfoEEEdeEv:
    #####:  277:      operator*() const _GLIBCXX_NOEXCEPT
    #####:  278:      { return *static_cast<_Link_type>(_M_node)->_M_valptr(); }
------------------
        -:  279:
        -:  280:      pointer
    #####:  281:      operator->() const _GLIBCXX_NOEXCEPT
    #####:  282:      { return static_cast<_Link_type> (_M_node)->_M_valptr(); }
------------------
_ZNKSt17_Rb_tree_iteratorISt4pairIKllEEptEv:
    #####:  281:      operator->() const _GLIBCXX_NOEXCEPT
    #####:  282:      { return static_cast<_Link_type> (_M_node)->_M_valptr(); }
------------------
_ZNKSt17_Rb_tree_iteratorISt4pairIKNSt7__cxx1112basic_stringIcSt11char_traitsIcESaIcEEEN5Catch7TagInfoEEEptEv:
    #####:  281:      operator->() const _GLIBCXX_NOEXCEPT
    #####:  282:      { return static_cast<_Link_type> (_M_node)->_M_valptr(); }
------------------
        -:  283:
        -:  284:      _Self&
    #####:  285:      operator++() _GLIBCXX_NOEXCEPT
        -:  286:      {
    #####:  287:	_M_node = _Rb_tree_increment(_M_node);
    #####:  288:	return *this;
        -:  289:      }
------------------
_ZNSt17_Rb_tree_iteratorISt4pairIKllEEppEv:
    #####:  285:      operator++() _GLIBCXX_NOEXCEPT
        -:  286:      {
    #####:  287:	_M_node = _Rb_tree_increment(_M_node);
    #####:  288:	return *this;
        -:  289:      }
------------------
_ZNSt17_Rb_tree_iteratorIN5Catch9VerbosityEEppEv:
    #####:  285:      operator++() _GLIBCXX_NOEXCEPT
        -:  286:      {
    #####:  287:	_M_node = _Rb_tree_increment(_M_node);
    #####:  288:	return *this;
        -:  289:      }
------------------
_ZNSt17_Rb_tree_iteratorIPKN5Catch8TestCaseEEppEv:
    #####:  285:      operator++() _GLIBCXX_NOEXCEPT
        -:  286:      {
    #####:  287:	_M_node = _Rb_tree_increment(_M_node);
    #####:  288:	return *this;
        -:  289:      }
------------------
_ZNSt17_Rb_tree_iteratorISt4pairIKNSt7__cxx1112basic_stringIcSt11char_traitsIcESaIcEEEN5Catch7TagInfoEEEppEv:
    #####:  285:      operator++() _GLIBCXX_NOEXCEPT
        -:  286:      {
    #####:  287:	_M_node = _Rb_tree_increment(_M_node);
    #####:  288:	return *this;
        -:  289:      }
------------------
        -:  290:
        -:  291:      _Self
        -:  292:      operator++(int) _GLIBCXX_NOEXCEPT
        -:  293:      {
        -:  294:	_Self __tmp = *this;
        -:  295:	_M_node = _Rb_tree_increment(_M_node);
        -:  296:	return __tmp;
        -:  297:      }
        -:  298:
        -:  299:      _Self&
    #####:  300:      operator--() _GLIBCXX_NOEXCEPT
        -:  301:      {
    #####:  302:	_M_node = _Rb_tree_decrement(_M_node);
    #####:  303:	return *this;
        -:  304:      }
------------------
_ZNSt17_Rb_tree_iteratorISt4pairIKllEEmmEv:
    #####:  300:      operator--() _GLIBCXX_NOEXCEPT
        -:  301:      {
    #####:  302:	_M_node = _Rb_tree_decrement(_M_node);
    #####:  303:	return *this;
        -:  304:      }
------------------
_ZNSt17_Rb_tree_iteratorIN5Catch9VerbosityEEmmEv:
    #####:  300:      operator--() _GLIBCXX_NOEXCEPT
        -:  301:      {
    #####:  302:	_M_node = _Rb_tree_decrement(_M_node);
    #####:  303:	return *this;
        -:  304:      }
------------------
_ZNSt17_Rb_tree_iteratorIN5Catch8TestCaseEEmmEv:
    #####:  300:      operator--() _GLIBCXX_NOEXCEPT
        -:  301:      {
    #####:  302:	_M_node = _Rb_tree_decrement(_M_node);
    #####:  303:	return *this;
        -:  304:      }
------------------
_ZNSt17_Rb_tree_iteratorISt4pairIKNSt7__cxx1112basic_stringIcSt11char_traitsIcESaIcEEEN5Catch8TagAliasEEEmmEv:
    #####:  300:      operator--() _GLIBCXX_NOEXCEPT
        -:  301:      {
    #####:  302:	_M_node = _Rb_tree_decrement(_M_node);
    #####:  303:	return *this;
        -:  304:      }
------------------
_ZNSt17_Rb_tree_iteratorIPKN5Catch8TestCaseEEmmEv:
    #####:  300:      operator--() _GLIBCXX_NOEXCEPT
        -:  301:      {
    #####:  302:	_M_node = _Rb_tree_decrement(_M_node);
    #####:  303:	return *this;
        -:  304:      }
------------------
_ZNSt17_Rb_tree_iteratorISt4pairIKNSt7__cxx1112basic_stringIcSt11char_traitsIcESaIcEEESt10shared_ptrIN5Catch16IReporterFactoryEEEEmmEv:
    #####:  300:      operator--() _GLIBCXX_NOEXCEPT
        -:  301:      {
    #####:  302:	_M_node = _Rb_tree_decrement(_M_node);
    #####:  303:	return *this;
        -:  304:      }
------------------
_ZNSt17_Rb_tree_iteratorISt4pairIKNSt7__cxx1112basic_stringIcSt11char_traitsIcESaIcEEEN5Catch7TagInfoEEEmmEv:
    #####:  300:      operator--() _GLIBCXX_NOEXCEPT
        -:  301:      {
    #####:  302:	_M_node = _Rb_tree_decrement(_M_node);
    #####:  303:	return *this;
        -:  304:      }
------------------
_ZNSt17_Rb_tree_iteratorINSt7__cxx1112basic_stringIcSt11char_traitsIcESaIcEEEEmmEv:
    #####:  300:      operator--() _GLIBCXX_NOEXCEPT
        -:  301:      {
    #####:  302:	_M_node = _Rb_tree_decrement(_M_node);
    #####:  303:	return *this;
        -:  304:      }
------------------
        -:  305:
        -:  306:      _Self
        -:  307:      operator--(int) _GLIBCXX_NOEXCEPT
        -:  308:      {
        -:  309:	_Self __tmp = *this;
        -:  310:	_M_node = _Rb_tree_decrement(_M_node);
        -:  311:	return __tmp;
        -:  312:      }
        -:  313:
        -:  314:      friend bool
       5*:  315:      operator==(const _Self& __x, const _Self& __y) _GLIBCXX_NOEXCEPT
       5*:  316:      { return __x._M_node == __y._M_node; }
------------------
_ZSteqRKSt17_Rb_tree_iteratorISt4pairIKllEES5_:
    #####:  315:      operator==(const _Self& __x, const _Self& __y) _GLIBCXX_NOEXCEPT
    #####:  316:      { return __x._M_node == __y._M_node; }
------------------
_ZSteqRKSt17_Rb_tree_iteratorIN5Catch9VerbosityEES4_:
        1:  315:      operator==(const _Self& __x, const _Self& __y) _GLIBCXX_NOEXCEPT
        1:  316:      { return __x._M_node == __y._M_node; }
------------------
_ZSteqRKSt17_Rb_tree_iteratorIN5Catch8TestCaseEES4_:
        2:  315:      operator==(const _Self& __x, const _Self& __y) _GLIBCXX_NOEXCEPT
        2:  316:      { return __x._M_node == __y._M_node; }
------------------
_ZSteqRKSt17_Rb_tree_iteratorISt4pairIKNSt7__cxx1112basic_stringIcSt11char_traitsIcESaIcEEEN5Catch8TagAliasEEESD_:
    #####:  315:      operator==(const _Self& __x, const _Self& __y) _GLIBCXX_NOEXCEPT
    #####:  316:      { return __x._M_node == __y._M_node; }
------------------
_ZSteqRKSt17_Rb_tree_iteratorIPKN5Catch8TestCaseEES6_:
        1:  315:      operator==(const _Self& __x, const _Self& __y) _GLIBCXX_NOEXCEPT
        1:  316:      { return __x._M_node == __y._M_node; }
------------------
_ZSteqRKSt17_Rb_tree_iteratorISt4pairIKNSt7__cxx1112basic_stringIcSt11char_traitsIcESaIcEEESt10shared_ptrIN5Catch16IReporterFactoryEEEESF_:
        1:  315:      operator==(const _Self& __x, const _Self& __y) _GLIBCXX_NOEXCEPT
        1:  316:      { return __x._M_node == __y._M_node; }
------------------
_ZSteqRKSt17_Rb_tree_iteratorINSt7__cxx1112basic_stringIcSt11char_traitsIcESaIcEEEES8_:
    #####:  315:      operator==(const _Self& __x, const _Self& __y) _GLIBCXX_NOEXCEPT
    #####:  316:      { return __x._M_node == __y._M_node; }
------------------
_ZSteqRKSt17_Rb_tree_iteratorISt4pairIKNSt7__cxx1112basic_stringIcSt11char_traitsIcESaIcEEEN5Catch7TagInfoEEESD_:
    #####:  315:      operator==(const _Self& __x, const _Self& __y) _GLIBCXX_NOEXCEPT
    #####:  316:      { return __x._M_node == __y._M_node; }
------------------
        -:  317:
        -:  318:      friend bool
    #####:  319:      operator!=(const _Self& __x, const _Self& __y) _GLIBCXX_NOEXCEPT
    #####:  320:      { return __x._M_node != __y._M_node; }
------------------
_ZStneRKSt17_Rb_tree_iteratorISt4pairIKllEES5_:
    #####:  319:      operator!=(const _Self& __x, const _Self& __y) _GLIBCXX_NOEXCEPT
    #####:  320:      { return __x._M_node != __y._M_node; }
------------------
_ZStneRKSt17_Rb_tree_iteratorISt4pairIKNSt7__cxx1112basic_stringIcSt11char_traitsIcESaIcEEEN5Catch7TagInfoEEESD_:
    #####:  319:      operator!=(const _Self& __x, const _Self& __y) _GLIBCXX_NOEXCEPT
    #####:  320:      { return __x._M_node != __y._M_node; }
------------------
        -:  321:
        -:  322:      _Base_ptr _M_node;
        -:  323:  };
        -:  324:
        -:  325:  template<typename _Tp>
        -:  326:    struct _Rb_tree_const_iterator
        -:  327:    {
        -:  328:      typedef _Tp	 value_type;
        -:  329:      typedef const _Tp& reference;
        -:  330:      typedef const _Tp* pointer;
        -:  331:
        -:  332:      typedef _Rb_tree_iterator<_Tp> iterator;
        -:  333:
        -:  334:      typedef bidirectional_iterator_tag iterator_category;
        -:  335:      typedef ptrdiff_t			 difference_type;
        -:  336:
        -:  337:      typedef _Rb_tree_const_iterator<_Tp>		_Self;
        -:  338:      typedef _Rb_tree_node_base::_Const_Base_ptr	_Base_ptr;
        -:  339:      typedef const _Rb_tree_node<_Tp>*			_Link_type;
        -:  340:
        -:  341:      _Rb_tree_const_iterator() _GLIBCXX_NOEXCEPT
        -:  342:      : _M_node() { }
        -:  343:
        -:  344:      explicit
       8*:  345:      _Rb_tree_const_iterator(_Base_ptr __x) _GLIBCXX_NOEXCEPT
       8*:  346:      : _M_node(__x) { }
------------------
_ZNSt23_Rb_tree_const_iteratorISt4pairIKllEEC2EPKSt18_Rb_tree_node_base:
    #####:  345:      _Rb_tree_const_iterator(_Base_ptr __x) _GLIBCXX_NOEXCEPT
    #####:  346:      : _M_node(__x) { }
------------------
_ZNSt23_Rb_tree_const_iteratorIN5Catch9VerbosityEEC2EPKSt18_Rb_tree_node_base:
        3:  345:      _Rb_tree_const_iterator(_Base_ptr __x) _GLIBCXX_NOEXCEPT
        3:  346:      : _M_node(__x) { }
------------------
_ZNSt23_Rb_tree_const_iteratorISt4pairIKNSt7__cxx1112basic_stringIcSt11char_traitsIcESaIcEEEN5Catch8TagAliasEEEC2EPKSt18_Rb_tree_node_base:
    #####:  345:      _Rb_tree_const_iterator(_Base_ptr __x) _GLIBCXX_NOEXCEPT
    #####:  346:      : _M_node(__x) { }
------------------
_ZNSt23_Rb_tree_const_iteratorIPKN5Catch8TestCaseEEC2EPKSt18_Rb_tree_node_base:
        2:  345:      _Rb_tree_const_iterator(_Base_ptr __x) _GLIBCXX_NOEXCEPT
        2:  346:      : _M_node(__x) { }
------------------
_ZNSt23_Rb_tree_const_iteratorINSt7__cxx1112basic_stringIcSt11char_traitsIcESaIcEEEEC2EPKSt18_Rb_tree_node_base:
    #####:  345:      _Rb_tree_const_iterator(_Base_ptr __x) _GLIBCXX_NOEXCEPT
    #####:  346:      : _M_node(__x) { }
------------------
_ZNSt23_Rb_tree_const_iteratorISt4pairIKNSt7__cxx1112basic_stringIcSt11char_traitsIcESaIcEEESt10shared_ptrIN5Catch16IReporterFactoryEEEEC2EPKSt18_Rb_tree_node_base:
        3:  345:      _Rb_tree_const_iterator(_Base_ptr __x) _GLIBCXX_NOEXCEPT
        3:  346:      : _M_node(__x) { }
------------------
        -:  347:
       5*:  348:      _Rb_tree_const_iterator(const iterator& __it) _GLIBCXX_NOEXCEPT
       5*:  349:      : _M_node(__it._M_node) { }
------------------
_ZNSt23_Rb_tree_const_iteratorISt4pairIKllEEC2ERKSt17_Rb_tree_iteratorIS2_E:
    #####:  348:      _Rb_tree_const_iterator(const iterator& __it) _GLIBCXX_NOEXCEPT
    #####:  349:      : _M_node(__it._M_node) { }
------------------
_ZNSt23_Rb_tree_const_iteratorIN5Catch9VerbosityEEC2ERKSt17_Rb_tree_iteratorIS1_E:
        1:  348:      _Rb_tree_const_iterator(const iterator& __it) _GLIBCXX_NOEXCEPT
        1:  349:      : _M_node(__it._M_node) { }
------------------
_ZNSt23_Rb_tree_const_iteratorIN5Catch8TestCaseEEC2ERKSt17_Rb_tree_iteratorIS1_E:
        2:  348:      _Rb_tree_const_iterator(const iterator& __it) _GLIBCXX_NOEXCEPT
        2:  349:      : _M_node(__it._M_node) { }
------------------
_ZNSt23_Rb_tree_const_iteratorIPKN5Catch8TestCaseEEC2ERKSt17_Rb_tree_iteratorIS3_E:
        2:  348:      _Rb_tree_const_iterator(const iterator& __it) _GLIBCXX_NOEXCEPT
        2:  349:      : _M_node(__it._M_node) { }
------------------
_ZNSt23_Rb_tree_const_iteratorINSt7__cxx1112basic_stringIcSt11char_traitsIcESaIcEEEEC2ERKSt17_Rb_tree_iteratorIS5_E:
    #####:  348:      _Rb_tree_const_iterator(const iterator& __it) _GLIBCXX_NOEXCEPT
    #####:  349:      : _M_node(__it._M_node) { }
------------------
        -:  350:
        -:  351:      iterator
       1*:  352:      _M_const_cast() const _GLIBCXX_NOEXCEPT
       1*:  353:      { return iterator(const_cast<typename iterator::_Base_ptr>(_M_node)); }
------------------
_ZNKSt23_Rb_tree_const_iteratorISt4pairIKllEE13_M_const_castEv:
    #####:  352:      _M_const_cast() const _GLIBCXX_NOEXCEPT
    #####:  353:      { return iterator(const_cast<typename iterator::_Base_ptr>(_M_node)); }
------------------
_ZNKSt23_Rb_tree_const_iteratorIN5Catch9VerbosityEE13_M_const_castEv:
        1:  352:      _M_const_cast() const _GLIBCXX_NOEXCEPT
        1:  353:      { return iterator(const_cast<typename iterator::_Base_ptr>(_M_node)); }
------------------
_ZNKSt23_Rb_tree_const_iteratorIPKN5Catch8TestCaseEE13_M_const_castEv:
    #####:  352:      _M_const_cast() const _GLIBCXX_NOEXCEPT
    #####:  353:      { return iterator(const_cast<typename iterator::_Base_ptr>(_M_node)); }
------------------
        -:  354:
        -:  355:      reference
       2*:  356:      operator*() const _GLIBCXX_NOEXCEPT
       2*:  357:      { return *static_cast<_Link_type>(_M_node)->_M_valptr(); }
------------------
_ZNKSt23_Rb_tree_const_iteratorISt4pairIKNSt7__cxx1112basic_stringIcSt11char_traitsIcESaIcEEEN5Catch8TagAliasEEEdeEv:
    #####:  356:      operator*() const _GLIBCXX_NOEXCEPT
    #####:  357:      { return *static_cast<_Link_type>(_M_node)->_M_valptr(); }
------------------
_ZNKSt23_Rb_tree_const_iteratorIPKN5Catch8TestCaseEEdeEv:
        2:  356:      operator*() const _GLIBCXX_NOEXCEPT
        2:  357:      { return *static_cast<_Link_type>(_M_node)->_M_valptr(); }
------------------
_ZNKSt23_Rb_tree_const_iteratorISt4pairIKNSt7__cxx1112basic_stringIcSt11char_traitsIcESaIcEEESt10shared_ptrIN5Catch16IReporterFactoryEEEEdeEv:
    #####:  356:      operator*() const _GLIBCXX_NOEXCEPT
    #####:  357:      { return *static_cast<_Link_type>(_M_node)->_M_valptr(); }
------------------
_ZNKSt23_Rb_tree_const_iteratorINSt7__cxx1112basic_stringIcSt11char_traitsIcESaIcEEEEdeEv:
    #####:  356:      operator*() const _GLIBCXX_NOEXCEPT
    #####:  357:      { return *static_cast<_Link_type>(_M_node)->_M_valptr(); }
------------------
        -:  358:
        -:  359:      pointer
       1*:  360:      operator->() const _GLIBCXX_NOEXCEPT
       1*:  361:      { return static_cast<_Link_type>(_M_node)->_M_valptr(); }
------------------
_ZNKSt23_Rb_tree_const_iteratorIN5Catch8TestCaseEEptEv:
    #####:  360:      operator->() const _GLIBCXX_NOEXCEPT
    #####:  361:      { return static_cast<_Link_type>(_M_node)->_M_valptr(); }
------------------
_ZNKSt23_Rb_tree_const_iteratorISt4pairIKNSt7__cxx1112basic_stringIcSt11char_traitsIcESaIcEEEN5Catch8TagAliasEEEptEv:
    #####:  360:      operator->() const _GLIBCXX_NOEXCEPT
    #####:  361:      { return static_cast<_Link_type>(_M_node)->_M_valptr(); }
------------------
_ZNKSt23_Rb_tree_const_iteratorISt4pairIKNSt7__cxx1112basic_stringIcSt11char_traitsIcESaIcEEESt10shared_ptrIN5Catch16IReporterFactoryEEEEptEv:
        1:  360:      operator->() const _GLIBCXX_NOEXCEPT
        1:  361:      { return static_cast<_Link_type>(_M_node)->_M_valptr(); }
------------------
        -:  362:
        -:  363:      _Self&
       2*:  364:      operator++() _GLIBCXX_NOEXCEPT
        -:  365:      {
       2*:  366:	_M_node = _Rb_tree_increment(_M_node);
       2*:  367:	return *this;
        -:  368:      }
------------------
_ZNSt23_Rb_tree_const_iteratorISt4pairIKNSt7__cxx1112basic_stringIcSt11char_traitsIcESaIcEEEN5Catch8TagAliasEEEppEv:
    #####:  364:      operator++() _GLIBCXX_NOEXCEPT
        -:  365:      {
    #####:  366:	_M_node = _Rb_tree_increment(_M_node);
    #####:  367:	return *this;
        -:  368:      }
------------------
_ZNSt23_Rb_tree_const_iteratorIPKN5Catch8TestCaseEEppEv:
        2:  364:      operator++() _GLIBCXX_NOEXCEPT
        -:  365:      {
        2:  366:	_M_node = _Rb_tree_increment(_M_node);
        2:  367:	return *this;
        -:  368:      }
------------------
_ZNSt23_Rb_tree_const_iteratorISt4pairIKNSt7__cxx1112basic_stringIcSt11char_traitsIcESaIcEEESt10shared_ptrIN5Catch16IReporterFactoryEEEEppEv:
    #####:  364:      operator++() _GLIBCXX_NOEXCEPT
        -:  365:      {
    #####:  366:	_M_node = _Rb_tree_increment(_M_node);
    #####:  367:	return *this;
        -:  368:      }
------------------
_ZNSt23_Rb_tree_const_iteratorINSt7__cxx1112basic_stringIcSt11char_traitsIcESaIcEEEEppEv:
    #####:  364:      operator++() _GLIBCXX_NOEXCEPT
        -:  365:      {
    #####:  366:	_M_node = _Rb_tree_increment(_M_node);
    #####:  367:	return *this;
        -:  368:      }
------------------
        -:  369:
        -:  370:      _Self
        -:  371:      operator++(int) _GLIBCXX_NOEXCEPT
        -:  372:      {
        -:  373:	_Self __tmp = *this;
        -:  374:	_M_node = _Rb_tree_increment(_M_node);
        -:  375:	return __tmp;
        -:  376:      }
        -:  377:
        -:  378:      _Self&
        -:  379:      operator--() _GLIBCXX_NOEXCEPT
        -:  380:      {
        -:  381:	_M_node = _Rb_tree_decrement(_M_node);
        -:  382:	return *this;
        -:  383:      }
        -:  384:
        -:  385:      _Self
        -:  386:      operator--(int) _GLIBCXX_NOEXCEPT
        -:  387:      {
        -:  388:	_Self __tmp = *this;
        -:  389:	_M_node = _Rb_tree_decrement(_M_node);
        -:  390:	return __tmp;
        -:  391:      }
        -:  392:
        -:  393:      friend bool
       4*:  394:      operator==(const _Self& __x, const _Self& __y) _GLIBCXX_NOEXCEPT
       4*:  395:      { return __x._M_node == __y._M_node; }
------------------
_ZSteqRKSt23_Rb_tree_const_iteratorISt4pairIKllEES5_:
    #####:  394:      operator==(const _Self& __x, const _Self& __y) _GLIBCXX_NOEXCEPT
    #####:  395:      { return __x._M_node == __y._M_node; }
------------------
_ZSteqRKSt23_Rb_tree_const_iteratorIN5Catch9VerbosityEES4_:
        2:  394:      operator==(const _Self& __x, const _Self& __y) _GLIBCXX_NOEXCEPT
        2:  395:      { return __x._M_node == __y._M_node; }
------------------
_ZSteqRKSt23_Rb_tree_const_iteratorISt4pairIKNSt7__cxx1112basic_stringIcSt11char_traitsIcESaIcEEEN5Catch8TagAliasEEESD_:
    #####:  394:      operator==(const _Self& __x, const _Self& __y) _GLIBCXX_NOEXCEPT
    #####:  395:      { return __x._M_node == __y._M_node; }
------------------
_ZSteqRKSt23_Rb_tree_const_iteratorISt4pairIKNSt7__cxx1112basic_stringIcSt11char_traitsIcESaIcEEESt10shared_ptrIN5Catch16IReporterFactoryEEEESF_:
        2:  394:      operator==(const _Self& __x, const _Self& __y) _GLIBCXX_NOEXCEPT
        2:  395:      { return __x._M_node == __y._M_node; }
------------------
        -:  396:
        -:  397:      friend bool
       3*:  398:      operator!=(const _Self& __x, const _Self& __y) _GLIBCXX_NOEXCEPT
       3*:  399:      { return __x._M_node != __y._M_node; }
------------------
_ZStneRKSt23_Rb_tree_const_iteratorISt4pairIKNSt7__cxx1112basic_stringIcSt11char_traitsIcESaIcEEEN5Catch8TagAliasEEESD_:
    #####:  398:      operator!=(const _Self& __x, const _Self& __y) _GLIBCXX_NOEXCEPT
    #####:  399:      { return __x._M_node != __y._M_node; }
------------------
_ZStneRKSt23_Rb_tree_const_iteratorIPKN5Catch8TestCaseEES6_:
        3:  398:      operator!=(const _Self& __x, const _Self& __y) _GLIBCXX_NOEXCEPT
        3:  399:      { return __x._M_node != __y._M_node; }
------------------
_ZStneRKSt23_Rb_tree_const_iteratorINSt7__cxx1112basic_stringIcSt11char_traitsIcESaIcEEEES8_:
    #####:  398:      operator!=(const _Self& __x, const _Self& __y) _GLIBCXX_NOEXCEPT
    #####:  399:      { return __x._M_node != __y._M_node; }
------------------
_ZStneRKSt23_Rb_tree_const_iteratorISt4pairIKNSt7__cxx1112basic_stringIcSt11char_traitsIcESaIcEEESt10shared_ptrIN5Catch16IReporterFactoryEEEESF_:
    #####:  398:      operator!=(const _Self& __x, const _Self& __y) _GLIBCXX_NOEXCEPT
    #####:  399:      { return __x._M_node != __y._M_node; }
------------------
        -:  400:
        -:  401:      _Base_ptr _M_node;
        -:  402:    };
        -:  403:
        -:  404:  void
        -:  405:  _Rb_tree_insert_and_rebalance(const bool __insert_left,
        -:  406:				_Rb_tree_node_base* __x,
        -:  407:				_Rb_tree_node_base* __p,
        -:  408:				_Rb_tree_node_base& __header) throw ();
        -:  409:
        -:  410:  _Rb_tree_node_base*
        -:  411:  _Rb_tree_rebalance_for_erase(_Rb_tree_node_base* const __z,
        -:  412:			       _Rb_tree_node_base& __header) throw ();
        -:  413:
        -:  414:#if __cplusplus >= 201402L
        -:  415:  template<typename _Cmp, typename _SfinaeType, typename = __void_t<>>
        -:  416:    struct __has_is_transparent
        -:  417:    { };
        -:  418:
        -:  419:  template<typename _Cmp, typename _SfinaeType>
        -:  420:    struct __has_is_transparent<_Cmp, _SfinaeType,
        -:  421:				__void_t<typename _Cmp::is_transparent>>
        -:  422:    { typedef void type; };
        -:  423:
        -:  424:  template<typename _Cmp, typename _SfinaeType>
        -:  425:    using __has_is_transparent_t
        -:  426:      = typename __has_is_transparent<_Cmp, _SfinaeType>::type;
        -:  427:#endif
        -:  428:
        -:  429:#if __cplusplus > 201402L
        -:  430:  template<typename _Tree1, typename _Cmp2>
        -:  431:    struct _Rb_tree_merge_helper { };
        -:  432:#endif
        -:  433:
        -:  434:  template<typename _Key, typename _Val, typename _KeyOfValue,
        -:  435:	   typename _Compare, typename _Alloc = allocator<_Val> >
        -:  436:    class _Rb_tree
        -:  437:    {
        -:  438:      typedef typename __gnu_cxx::__alloc_traits<_Alloc>::template
        -:  439:	rebind<_Rb_tree_node<_Val> >::other _Node_allocator;
        -:  440:
        -:  441:      typedef __gnu_cxx::__alloc_traits<_Node_allocator> _Alloc_traits;
        -:  442:
        -:  443:    protected:
        -:  444:      typedef _Rb_tree_node_base* 		_Base_ptr;
        -:  445:      typedef const _Rb_tree_node_base* 	_Const_Base_ptr;
        -:  446:      typedef _Rb_tree_node<_Val>* 		_Link_type;
        -:  447:      typedef const _Rb_tree_node<_Val>*	_Const_Link_type;
        -:  448:
        -:  449:    private:
        -:  450:      // Functor recycling a pool of nodes and using allocation once the pool
        -:  451:      // is empty.
        -:  452:      struct _Reuse_or_alloc_node
        -:  453:      {
        -:  454:	_Reuse_or_alloc_node(_Rb_tree& __t)
        -:  455:	: _M_root(__t._M_root()), _M_nodes(__t._M_rightmost()), _M_t(__t)
        -:  456:	{
        -:  457:	  if (_M_root)
        -:  458:	    {
        -:  459:	      _M_root->_M_parent = 0;
        -:  460:
        -:  461:	      if (_M_nodes->_M_left)
        -:  462:		_M_nodes = _M_nodes->_M_left;
        -:  463:	    }
        -:  464:	  else
        -:  465:	    _M_nodes = 0;
        -:  466:	}
        -:  467:
        -:  468:#if __cplusplus >= 201103L
        -:  469:	_Reuse_or_alloc_node(const _Reuse_or_alloc_node&) = delete;
        -:  470:#endif
        -:  471:
        -:  472:	~_Reuse_or_alloc_node()
        -:  473:	{ _M_t._M_erase(static_cast<_Link_type>(_M_root)); }
        -:  474:
        -:  475:	template<typename _Arg>
        -:  476:	  _Link_type
        -:  477:#if __cplusplus < 201103L
        -:  478:	  operator()(const _Arg& __arg)
        -:  479:#else
        -:  480:	  operator()(_Arg&& __arg)
        -:  481:#endif
        -:  482:	  {
        -:  483:	    _Link_type __node = static_cast<_Link_type>(_M_extract());
        -:  484:	    if (__node)
        -:  485:	      {
        -:  486:		_M_t._M_destroy_node(__node);
        -:  487:		_M_t._M_construct_node(__node, _GLIBCXX_FORWARD(_Arg, __arg));
        -:  488:		return __node;
        -:  489:	      }
        -:  490:
        -:  491:	    return _M_t._M_create_node(_GLIBCXX_FORWARD(_Arg, __arg));
        -:  492:	  }
        -:  493:
        -:  494:      private:
        -:  495:	_Base_ptr
        -:  496:	_M_extract()
        -:  497:	{
        -:  498:	  if (!_M_nodes)
        -:  499:	    return _M_nodes;
        -:  500:
        -:  501:	  _Base_ptr __node = _M_nodes;
        -:  502:	  _M_nodes = _M_nodes->_M_parent;
        -:  503:	  if (_M_nodes)
        -:  504:	    {
        -:  505:	      if (_M_nodes->_M_right == __node)
        -:  506:		{
        -:  507:		  _M_nodes->_M_right = 0;
        -:  508:
        -:  509:		  if (_M_nodes->_M_left)
        -:  510:		    {
        -:  511:		      _M_nodes = _M_nodes->_M_left;
        -:  512:
        -:  513:		      while (_M_nodes->_M_right)
        -:  514:			_M_nodes = _M_nodes->_M_right;
        -:  515:
        -:  516:		      if (_M_nodes->_M_left)
        -:  517:			_M_nodes = _M_nodes->_M_left;
        -:  518:		    }
        -:  519:		}
        -:  520:	      else // __node is on the left.
        -:  521:		_M_nodes->_M_left = 0;
        -:  522:	    }
        -:  523:	  else
        -:  524:	    _M_root = 0;
        -:  525:
        -:  526:	  return __node;
        -:  527:	}
        -:  528:
        -:  529:	_Base_ptr _M_root;
        -:  530:	_Base_ptr _M_nodes;
        -:  531:	_Rb_tree& _M_t;
        -:  532:      };
        -:  533:
        -:  534:      // Functor similar to the previous one but without any pool of nodes to
        -:  535:      // recycle.
        -:  536:      struct _Alloc_node
        -:  537:      {
       3*:  538:	_Alloc_node(_Rb_tree& __t)
       3*:  539:	: _M_t(__t) { }
------------------
_ZNSt8_Rb_treeIN5Catch9VerbosityES1_St9_IdentityIS1_ESt4lessIS1_ESaIS1_EE11_Alloc_nodeC2ERS7_:
        1:  538:	_Alloc_node(_Rb_tree& __t)
        1:  539:	: _M_t(__t) { }
------------------
_ZNSt8_Rb_treeIN5Catch8TestCaseES1_St9_IdentityIS1_ESt4lessIS1_ESaIS1_EE11_Alloc_nodeC2ERS7_:
        2:  538:	_Alloc_node(_Rb_tree& __t)
        2:  539:	: _M_t(__t) { }
------------------
_ZNSt8_Rb_treeIPKN5Catch8TestCaseES3_St9_IdentityIS3_ESt4lessIS3_ESaIS3_EE11_Alloc_nodeC2ERS9_:
    #####:  538:	_Alloc_node(_Rb_tree& __t)
    #####:  539:	: _M_t(__t) { }
------------------
_ZNSt8_Rb_treeINSt7__cxx1112basic_stringIcSt11char_traitsIcESaIcEEES5_St9_IdentityIS5_ESt4lessIS5_ESaIS5_EE11_Alloc_nodeC2ERSB_:
    #####:  538:	_Alloc_node(_Rb_tree& __t)
    #####:  539:	: _M_t(__t) { }
------------------
        -:  540:
        -:  541:	template<typename _Arg>
        -:  542:	  _Link_type
        -:  543:#if __cplusplus < 201103L
        -:  544:	  operator()(const _Arg& __arg) const
        -:  545:#else
       3*:  546:	  operator()(_Arg&& __arg) const
        -:  547:#endif
       3*:  548:	  { return _M_t._M_create_node(_GLIBCXX_FORWARD(_Arg, __arg)); }
------------------
_ZNKSt8_Rb_treeIN5Catch9VerbosityES1_St9_IdentityIS1_ESt4lessIS1_ESaIS1_EE11_Alloc_nodeclIRKS1_EEPSt13_Rb_tree_nodeIS1_EOT_:
        1:  546:	  operator()(_Arg&& __arg) const
        -:  547:#endif
        1:  548:	  { return _M_t._M_create_node(_GLIBCXX_FORWARD(_Arg, __arg)); }
------------------
_ZNKSt8_Rb_treeIPKN5Catch8TestCaseES3_St9_IdentityIS3_ESt4lessIS3_ESaIS3_EE11_Alloc_nodeclIRKS3_EEPSt13_Rb_tree_nodeIS3_EOT_:
    #####:  546:	  operator()(_Arg&& __arg) const
        -:  547:#endif
    #####:  548:	  { return _M_t._M_create_node(_GLIBCXX_FORWARD(_Arg, __arg)); }
------------------
_ZNKSt8_Rb_treeIN5Catch8TestCaseES1_St9_IdentityIS1_ESt4lessIS1_ESaIS1_EE11_Alloc_nodeclIRKS1_EEPSt13_Rb_tree_nodeIS1_EOT_:
        2:  546:	  operator()(_Arg&& __arg) const
        -:  547:#endif
        2:  548:	  { return _M_t._M_create_node(_GLIBCXX_FORWARD(_Arg, __arg)); }
------------------
_ZNKSt8_Rb_treeINSt7__cxx1112basic_stringIcSt11char_traitsIcESaIcEEES5_St9_IdentityIS5_ESt4lessIS5_ESaIS5_EE11_Alloc_nodeclIRKS5_EEPSt13_Rb_tree_nodeIS5_EOT_:
    #####:  546:	  operator()(_Arg&& __arg) const
        -:  547:#endif
    #####:  548:	  { return _M_t._M_create_node(_GLIBCXX_FORWARD(_Arg, __arg)); }
------------------
        -:  549:
        -:  550:      private:
        -:  551:	_Rb_tree& _M_t;
        -:  552:      };
        -:  553:
        -:  554:    public:
        -:  555:      typedef _Key 				key_type;
        -:  556:      typedef _Val 				value_type;
        -:  557:      typedef value_type* 			pointer;
        -:  558:      typedef const value_type* 		const_pointer;
        -:  559:      typedef value_type& 			reference;
        -:  560:      typedef const value_type& 		const_reference;
        -:  561:      typedef size_t 				size_type;
        -:  562:      typedef ptrdiff_t 			difference_type;
        -:  563:      typedef _Alloc 				allocator_type;
        -:  564:
        -:  565:      _Node_allocator&
      36*:  566:      _M_get_Node_allocator() _GLIBCXX_NOEXCEPT
      36*:  567:      { return this->_M_impl; }
------------------
_ZNSt8_Rb_treeIlSt4pairIKllESt10_Select1stIS2_ESt4lessIlESaIS2_EE21_M_get_Node_allocatorEv:
    #####:  566:      _M_get_Node_allocator() _GLIBCXX_NOEXCEPT
    #####:  567:      { return this->_M_impl; }
------------------
_ZNSt8_Rb_treeIN5Catch9VerbosityES1_St9_IdentityIS1_ESt4lessIS1_ESaIS1_EE21_M_get_Node_allocatorEv:
        4:  566:      _M_get_Node_allocator() _GLIBCXX_NOEXCEPT
        4:  567:      { return this->_M_impl; }
------------------
_ZNSt8_Rb_treeIN5Catch8TestCaseES1_St9_IdentityIS1_ESt4lessIS1_ESaIS1_EE21_M_get_Node_allocatorEv:
        8:  566:      _M_get_Node_allocator() _GLIBCXX_NOEXCEPT
        8:  567:      { return this->_M_impl; }
------------------
_ZNSt8_Rb_treeINSt7__cxx1112basic_stringIcSt11char_traitsIcESaIcEEESt4pairIKS5_N5Catch8TagAliasEESt10_Select1stISA_ESt4lessIS5_ESaISA_EE21_M_get_Node_allocatorEv:
    #####:  566:      _M_get_Node_allocator() _GLIBCXX_NOEXCEPT
    #####:  567:      { return this->_M_impl; }
------------------
_ZNSt8_Rb_treeIPKN5Catch8TestCaseES3_St9_IdentityIS3_ESt4lessIS3_ESaIS3_EE21_M_get_Node_allocatorEv:
        8:  566:      _M_get_Node_allocator() _GLIBCXX_NOEXCEPT
        8:  567:      { return this->_M_impl; }
------------------
_ZNSt8_Rb_treeINSt7__cxx1112basic_stringIcSt11char_traitsIcESaIcEEESt4pairIKS5_St10shared_ptrIN5Catch16IReporterFactoryEEESt10_Select1stISC_ESt4lessIS5_ESaISC_EE21_M_get_Node_allocatorEv:
       16:  566:      _M_get_Node_allocator() _GLIBCXX_NOEXCEPT
       16:  567:      { return this->_M_impl; }
------------------
_ZNSt8_Rb_treeINSt7__cxx1112basic_stringIcSt11char_traitsIcESaIcEEES5_St9_IdentityIS5_ESt4lessIS5_ESaIS5_EE21_M_get_Node_allocatorEv:
    #####:  566:      _M_get_Node_allocator() _GLIBCXX_NOEXCEPT
    #####:  567:      { return this->_M_impl; }
------------------
_ZNSt8_Rb_treeINSt7__cxx1112basic_stringIcSt11char_traitsIcESaIcEEESt4pairIKS5_N5Catch7TagInfoEESt10_Select1stISA_ESt4lessIS5_ESaISA_EE21_M_get_Node_allocatorEv:
    #####:  566:      _M_get_Node_allocator() _GLIBCXX_NOEXCEPT
    #####:  567:      { return this->_M_impl; }
------------------
        -:  568:
        -:  569:      const _Node_allocator&
        -:  570:      _M_get_Node_allocator() const _GLIBCXX_NOEXCEPT
        -:  571:      { return this->_M_impl; }
        -:  572:
        -:  573:      allocator_type
        -:  574:      get_allocator() const _GLIBCXX_NOEXCEPT
        -:  575:      { return allocator_type(_M_get_Node_allocator()); }
        -:  576:
        -:  577:    protected:
        -:  578:      _Link_type
       9*:  579:      _M_get_node()
       9*:  580:      { return _Alloc_traits::allocate(_M_get_Node_allocator(), 1); }
------------------
_ZNSt8_Rb_treeIlSt4pairIKllESt10_Select1stIS2_ESt4lessIlESaIS2_EE11_M_get_nodeEv:
    #####:  579:      _M_get_node()
    #####:  580:      { return _Alloc_traits::allocate(_M_get_Node_allocator(), 1); }
------------------
_ZNSt8_Rb_treeIN5Catch9VerbosityES1_St9_IdentityIS1_ESt4lessIS1_ESaIS1_EE11_M_get_nodeEv:
        1:  579:      _M_get_node()
        1:  580:      { return _Alloc_traits::allocate(_M_get_Node_allocator(), 1); }
------------------
_ZNSt8_Rb_treeIN5Catch8TestCaseES1_St9_IdentityIS1_ESt4lessIS1_ESaIS1_EE11_M_get_nodeEv:
        2:  579:      _M_get_node()
        2:  580:      { return _Alloc_traits::allocate(_M_get_Node_allocator(), 1); }
------------------
_ZNSt8_Rb_treeINSt7__cxx1112basic_stringIcSt11char_traitsIcESaIcEEES5_St9_IdentityIS5_ESt4lessIS5_ESaIS5_EE11_M_get_nodeEv:
    #####:  579:      _M_get_node()
    #####:  580:      { return _Alloc_traits::allocate(_M_get_Node_allocator(), 1); }
------------------
_ZNSt8_Rb_treeINSt7__cxx1112basic_stringIcSt11char_traitsIcESaIcEEESt4pairIKS5_N5Catch8TagAliasEESt10_Select1stISA_ESt4lessIS5_ESaISA_EE11_M_get_nodeEv:
    #####:  579:      _M_get_node()
    #####:  580:      { return _Alloc_traits::allocate(_M_get_Node_allocator(), 1); }
------------------
_ZNSt8_Rb_treeIPKN5Catch8TestCaseES3_St9_IdentityIS3_ESt4lessIS3_ESaIS3_EE11_M_get_nodeEv:
        2:  579:      _M_get_node()
        2:  580:      { return _Alloc_traits::allocate(_M_get_Node_allocator(), 1); }
------------------
_ZNSt8_Rb_treeINSt7__cxx1112basic_stringIcSt11char_traitsIcESaIcEEESt4pairIKS5_St10shared_ptrIN5Catch16IReporterFactoryEEESt10_Select1stISC_ESt4lessIS5_ESaISC_EE11_M_get_nodeEv:
        4:  579:      _M_get_node()
        4:  580:      { return _Alloc_traits::allocate(_M_get_Node_allocator(), 1); }
------------------
_ZNSt8_Rb_treeINSt7__cxx1112basic_stringIcSt11char_traitsIcESaIcEEESt4pairIKS5_N5Catch7TagInfoEESt10_Select1stISA_ESt4lessIS5_ESaISA_EE11_M_get_nodeEv:
    #####:  579:      _M_get_node()
    #####:  580:      { return _Alloc_traits::allocate(_M_get_Node_allocator(), 1); }
------------------
        -:  581:
        -:  582:      void
       9*:  583:      _M_put_node(_Link_type __p) _GLIBCXX_NOEXCEPT
       9*:  584:      { _Alloc_traits::deallocate(_M_get_Node_allocator(), __p, 1); }
------------------
_ZNSt8_Rb_treeIlSt4pairIKllESt10_Select1stIS2_ESt4lessIlESaIS2_EE11_M_put_nodeEPSt13_Rb_tree_nodeIS2_E:
    #####:  583:      _M_put_node(_Link_type __p) _GLIBCXX_NOEXCEPT
    #####:  584:      { _Alloc_traits::deallocate(_M_get_Node_allocator(), __p, 1); }
------------------
_ZNSt8_Rb_treeIN5Catch9VerbosityES1_St9_IdentityIS1_ESt4lessIS1_ESaIS1_EE11_M_put_nodeEPSt13_Rb_tree_nodeIS1_E:
        1:  583:      _M_put_node(_Link_type __p) _GLIBCXX_NOEXCEPT
        1:  584:      { _Alloc_traits::deallocate(_M_get_Node_allocator(), __p, 1); }
------------------
_ZNSt8_Rb_treeIN5Catch8TestCaseES1_St9_IdentityIS1_ESt4lessIS1_ESaIS1_EE11_M_put_nodeEPSt13_Rb_tree_nodeIS1_E:
        2:  583:      _M_put_node(_Link_type __p) _GLIBCXX_NOEXCEPT
        2:  584:      { _Alloc_traits::deallocate(_M_get_Node_allocator(), __p, 1); }
------------------
_ZNSt8_Rb_treeINSt7__cxx1112basic_stringIcSt11char_traitsIcESaIcEEESt4pairIKS5_N5Catch8TagAliasEESt10_Select1stISA_ESt4lessIS5_ESaISA_EE11_M_put_nodeEPSt13_Rb_tree_nodeISA_E:
    #####:  583:      _M_put_node(_Link_type __p) _GLIBCXX_NOEXCEPT
    #####:  584:      { _Alloc_traits::deallocate(_M_get_Node_allocator(), __p, 1); }
------------------
_ZNSt8_Rb_treeIPKN5Catch8TestCaseES3_St9_IdentityIS3_ESt4lessIS3_ESaIS3_EE11_M_put_nodeEPSt13_Rb_tree_nodeIS3_E:
        2:  583:      _M_put_node(_Link_type __p) _GLIBCXX_NOEXCEPT
        2:  584:      { _Alloc_traits::deallocate(_M_get_Node_allocator(), __p, 1); }
------------------
_ZNSt8_Rb_treeINSt7__cxx1112basic_stringIcSt11char_traitsIcESaIcEEESt4pairIKS5_St10shared_ptrIN5Catch16IReporterFactoryEEESt10_Select1stISC_ESt4lessIS5_ESaISC_EE11_M_put_nodeEPSt13_Rb_tree_nodeISC_E:
        4:  583:      _M_put_node(_Link_type __p) _GLIBCXX_NOEXCEPT
        4:  584:      { _Alloc_traits::deallocate(_M_get_Node_allocator(), __p, 1); }
------------------
_ZNSt8_Rb_treeINSt7__cxx1112basic_stringIcSt11char_traitsIcESaIcEEES5_St9_IdentityIS5_ESt4lessIS5_ESaIS5_EE11_M_put_nodeEPSt13_Rb_tree_nodeIS5_E:
    #####:  583:      _M_put_node(_Link_type __p) _GLIBCXX_NOEXCEPT
    #####:  584:      { _Alloc_traits::deallocate(_M_get_Node_allocator(), __p, 1); }
------------------
_ZNSt8_Rb_treeINSt7__cxx1112basic_stringIcSt11char_traitsIcESaIcEEESt4pairIKS5_N5Catch7TagInfoEESt10_Select1stISA_ESt4lessIS5_ESaISA_EE11_M_put_nodeEPSt13_Rb_tree_nodeISA_E:
    #####:  583:      _M_put_node(_Link_type __p) _GLIBCXX_NOEXCEPT
    #####:  584:      { _Alloc_traits::deallocate(_M_get_Node_allocator(), __p, 1); }
------------------
        -:  585:
        -:  586:#if __cplusplus < 201103L
        -:  587:      void
        -:  588:      _M_construct_node(_Link_type __node, const value_type& __x)
        -:  589:      {
        -:  590:	__try
        -:  591:	  { get_allocator().construct(__node->_M_valptr(), __x); }
        -:  592:	__catch(...)
        -:  593:	  {
        -:  594:	    _M_put_node(__node);
        -:  595:	    __throw_exception_again;
        -:  596:	  }
        -:  597:      }
        -:  598:
        -:  599:      _Link_type
        -:  600:      _M_create_node(const value_type& __x)
        -:  601:      {
        -:  602:	_Link_type __tmp = _M_get_node();
        -:  603:	_M_construct_node(__tmp, __x);
        -:  604:	return __tmp;
        -:  605:      }
        -:  606:#else
        -:  607:      template<typename... _Args>
        -:  608:	void
       9*:  609:	_M_construct_node(_Link_type __node, _Args&&... __args)
        -:  610:	{
        -:  611:	  __try
        -:  612:	    {
       9*:  613:	      ::new(__node) _Rb_tree_node<_Val>;
       9*:  614:	      _Alloc_traits::construct(_M_get_Node_allocator(),
        -:  615:				       __node->_M_valptr(),
        -:  616:				       std::forward<_Args>(__args)...);
        -:  617:	    }
    =====:  618:	  __catch(...)
        -:  619:	    {
    =====:  620:	      __node->~_Rb_tree_node<_Val>();
    =====:  621:	      _M_put_node(__node);
    =====:  622:	      __throw_exception_again;
        -:  623:	    }
       9*:  624:	}
------------------
_ZNSt8_Rb_treeIlSt4pairIKllESt10_Select1stIS2_ESt4lessIlESaIS2_EE17_M_construct_nodeIJRKSt21piecewise_construct_tSt5tupleIJRS1_EESD_IJEEEEEvPSt13_Rb_tree_nodeIS2_EDpOT_:
    #####:  609:	_M_construct_node(_Link_type __node, _Args&&... __args)
        -:  610:	{
        -:  611:	  __try
        -:  612:	    {
    #####:  613:	      ::new(__node) _Rb_tree_node<_Val>;
    #####:  614:	      _Alloc_traits::construct(_M_get_Node_allocator(),
        -:  615:				       __node->_M_valptr(),
        -:  616:				       std::forward<_Args>(__args)...);
        -:  617:	    }
    =====:  618:	  __catch(...)
        -:  619:	    {
    =====:  620:	      __node->~_Rb_tree_node<_Val>();
    =====:  621:	      _M_put_node(__node);
    =====:  622:	      __throw_exception_again;
        -:  623:	    }
    #####:  624:	}
------------------
_ZNSt8_Rb_treeIN5Catch9VerbosityES1_St9_IdentityIS1_ESt4lessIS1_ESaIS1_EE17_M_construct_nodeIJRKS1_EEEvPSt13_Rb_tree_nodeIS1_EDpOT_:
        1:  609:	_M_construct_node(_Link_type __node, _Args&&... __args)
        -:  610:	{
        -:  611:	  __try
        -:  612:	    {
        1:  613:	      ::new(__node) _Rb_tree_node<_Val>;
        1:  614:	      _Alloc_traits::construct(_M_get_Node_allocator(),
        -:  615:				       __node->_M_valptr(),
        -:  616:				       std::forward<_Args>(__args)...);
        -:  617:	    }
        -:  618:	  __catch(...)
        -:  619:	    {
        -:  620:	      __node->~_Rb_tree_node<_Val>();
        -:  621:	      _M_put_node(__node);
        -:  622:	      __throw_exception_again;
        -:  623:	    }
        1:  624:	}
------------------
_ZNSt8_Rb_treeIPKN5Catch8TestCaseES3_St9_IdentityIS3_ESt4lessIS3_ESaIS3_EE17_M_construct_nodeIJRKS3_EEEvPSt13_Rb_tree_nodeIS3_EDpOT_:
    #####:  609:	_M_construct_node(_Link_type __node, _Args&&... __args)
        -:  610:	{
        -:  611:	  __try
        -:  612:	    {
    #####:  613:	      ::new(__node) _Rb_tree_node<_Val>;
    #####:  614:	      _Alloc_traits::construct(_M_get_Node_allocator(),
        -:  615:				       __node->_M_valptr(),
        -:  616:				       std::forward<_Args>(__args)...);
        -:  617:	    }
        -:  618:	  __catch(...)
        -:  619:	    {
        -:  620:	      __node->~_Rb_tree_node<_Val>();
        -:  621:	      _M_put_node(__node);
        -:  622:	      __throw_exception_again;
        -:  623:	    }
    #####:  624:	}
------------------
_ZNSt8_Rb_treeIN5Catch8TestCaseES1_St9_IdentityIS1_ESt4lessIS1_ESaIS1_EE17_M_construct_nodeIJRKS1_EEEvPSt13_Rb_tree_nodeIS1_EDpOT_:
        2:  609:	_M_construct_node(_Link_type __node, _Args&&... __args)
        -:  610:	{
        -:  611:	  __try
        -:  612:	    {
        2:  613:	      ::new(__node) _Rb_tree_node<_Val>;
        2:  614:	      _Alloc_traits::construct(_M_get_Node_allocator(),
        -:  615:				       __node->_M_valptr(),
        -:  616:				       std::forward<_Args>(__args)...);
        -:  617:	    }
    =====:  618:	  __catch(...)
        -:  619:	    {
    =====:  620:	      __node->~_Rb_tree_node<_Val>();
    =====:  621:	      _M_put_node(__node);
    =====:  622:	      __throw_exception_again;
        -:  623:	    }
        2:  624:	}
------------------
_ZNSt8_Rb_treeINSt7__cxx1112basic_stringIcSt11char_traitsIcESaIcEEES5_St9_IdentityIS5_ESt4lessIS5_ESaIS5_EE17_M_construct_nodeIJRKS5_EEEvPSt13_Rb_tree_nodeIS5_EDpOT_:
    #####:  609:	_M_construct_node(_Link_type __node, _Args&&... __args)
        -:  610:	{
        -:  611:	  __try
        -:  612:	    {
    #####:  613:	      ::new(__node) _Rb_tree_node<_Val>;
    #####:  614:	      _Alloc_traits::construct(_M_get_Node_allocator(),
        -:  615:				       __node->_M_valptr(),
        -:  616:				       std::forward<_Args>(__args)...);
        -:  617:	    }
    =====:  618:	  __catch(...)
        -:  619:	    {
    =====:  620:	      __node->~_Rb_tree_node<_Val>();
    =====:  621:	      _M_put_node(__node);
    =====:  622:	      __throw_exception_again;
        -:  623:	    }
    #####:  624:	}
------------------
_ZNSt8_Rb_treeINSt7__cxx1112basic_stringIcSt11char_traitsIcESaIcEEESt4pairIKS5_N5Catch8TagAliasEESt10_Select1stISA_ESt4lessIS5_ESaISA_EE17_M_construct_nodeIJS6_IS5_S9_EEEEvPSt13_Rb_tree_nodeISA_EDpOT_:
    #####:  609:	_M_construct_node(_Link_type __node, _Args&&... __args)
        -:  610:	{
        -:  611:	  __try
        -:  612:	    {
    #####:  613:	      ::new(__node) _Rb_tree_node<_Val>;
    #####:  614:	      _Alloc_traits::construct(_M_get_Node_allocator(),
        -:  615:				       __node->_M_valptr(),
        -:  616:				       std::forward<_Args>(__args)...);
        -:  617:	    }
    =====:  618:	  __catch(...)
        -:  619:	    {
    =====:  620:	      __node->~_Rb_tree_node<_Val>();
    =====:  621:	      _M_put_node(__node);
    =====:  622:	      __throw_exception_again;
        -:  623:	    }
    #####:  624:	}
------------------
_ZNSt8_Rb_treeIPKN5Catch8TestCaseES3_St9_IdentityIS3_ESt4lessIS3_ESaIS3_EE17_M_construct_nodeIJS3_EEEvPSt13_Rb_tree_nodeIS3_EDpOT_:
        2:  609:	_M_construct_node(_Link_type __node, _Args&&... __args)
        -:  610:	{
        -:  611:	  __try
        -:  612:	    {
        2:  613:	      ::new(__node) _Rb_tree_node<_Val>;
        2:  614:	      _Alloc_traits::construct(_M_get_Node_allocator(),
        -:  615:				       __node->_M_valptr(),
        -:  616:				       std::forward<_Args>(__args)...);
        -:  617:	    }
        -:  618:	  __catch(...)
        -:  619:	    {
        -:  620:	      __node->~_Rb_tree_node<_Val>();
        -:  621:	      _M_put_node(__node);
        -:  622:	      __throw_exception_again;
        -:  623:	    }
        2:  624:	}
------------------
_ZNSt8_Rb_treeINSt7__cxx1112basic_stringIcSt11char_traitsIcESaIcEEESt4pairIKS5_St10shared_ptrIN5Catch16IReporterFactoryEEESt10_Select1stISC_ESt4lessIS5_ESaISC_EE17_M_construct_nodeIJRS7_RKSB_EEEvPSt13_Rb_tree_nodeISC_EDpOT_:
        4:  609:	_M_construct_node(_Link_type __node, _Args&&... __args)
        -:  610:	{
        -:  611:	  __try
        -:  612:	    {
        4:  613:	      ::new(__node) _Rb_tree_node<_Val>;
        4:  614:	      _Alloc_traits::construct(_M_get_Node_allocator(),
        -:  615:				       __node->_M_valptr(),
        -:  616:				       std::forward<_Args>(__args)...);
        -:  617:	    }
    =====:  618:	  __catch(...)
        -:  619:	    {
    =====:  620:	      __node->~_Rb_tree_node<_Val>();
    =====:  621:	      _M_put_node(__node);
    =====:  622:	      __throw_exception_again;
        -:  623:	    }
        4:  624:	}
------------------
_ZNSt8_Rb_treeINSt7__cxx1112basic_stringIcSt11char_traitsIcESaIcEEESt4pairIKS5_N5Catch7TagInfoEESt10_Select1stISA_ESt4lessIS5_ESaISA_EE17_M_construct_nodeIJS6_IS5_S9_EEEEvPSt13_Rb_tree_nodeISA_EDpOT_:
    #####:  609:	_M_construct_node(_Link_type __node, _Args&&... __args)
        -:  610:	{
        -:  611:	  __try
        -:  612:	    {
    #####:  613:	      ::new(__node) _Rb_tree_node<_Val>;
    #####:  614:	      _Alloc_traits::construct(_M_get_Node_allocator(),
        -:  615:				       __node->_M_valptr(),
        -:  616:				       std::forward<_Args>(__args)...);
        -:  617:	    }
    =====:  618:	  __catch(...)
        -:  619:	    {
    =====:  620:	      __node->~_Rb_tree_node<_Val>();
    =====:  621:	      _M_put_node(__node);
    =====:  622:	      __throw_exception_again;
        -:  623:	    }
    #####:  624:	}
------------------
        -:  625:
        -:  626:      template<typename... _Args>
        -:  627:	_Link_type
       9*:  628:	_M_create_node(_Args&&... __args)
        -:  629:	{
       9*:  630:	  _Link_type __tmp = _M_get_node();
       9*:  631:	  _M_construct_node(__tmp, std::forward<_Args>(__args)...);
       9*:  632:	  return __tmp;
        -:  633:	}
------------------
_ZNSt8_Rb_treeIlSt4pairIKllESt10_Select1stIS2_ESt4lessIlESaIS2_EE14_M_create_nodeIJRKSt21piecewise_construct_tSt5tupleIJRS1_EESD_IJEEEEEPSt13_Rb_tree_nodeIS2_EDpOT_:
    #####:  628:	_M_create_node(_Args&&... __args)
        -:  629:	{
    #####:  630:	  _Link_type __tmp = _M_get_node();
    #####:  631:	  _M_construct_node(__tmp, std::forward<_Args>(__args)...);
    #####:  632:	  return __tmp;
        -:  633:	}
------------------
_ZNSt8_Rb_treeIN5Catch9VerbosityES1_St9_IdentityIS1_ESt4lessIS1_ESaIS1_EE14_M_create_nodeIJRKS1_EEEPSt13_Rb_tree_nodeIS1_EDpOT_:
        1:  628:	_M_create_node(_Args&&... __args)
        -:  629:	{
        1:  630:	  _Link_type __tmp = _M_get_node();
        1:  631:	  _M_construct_node(__tmp, std::forward<_Args>(__args)...);
        1:  632:	  return __tmp;
        -:  633:	}
------------------
_ZNSt8_Rb_treeIPKN5Catch8TestCaseES3_St9_IdentityIS3_ESt4lessIS3_ESaIS3_EE14_M_create_nodeIJRKS3_EEEPSt13_Rb_tree_nodeIS3_EDpOT_:
    #####:  628:	_M_create_node(_Args&&... __args)
        -:  629:	{
    #####:  630:	  _Link_type __tmp = _M_get_node();
    #####:  631:	  _M_construct_node(__tmp, std::forward<_Args>(__args)...);
    #####:  632:	  return __tmp;
        -:  633:	}
------------------
_ZNSt8_Rb_treeIN5Catch8TestCaseES1_St9_IdentityIS1_ESt4lessIS1_ESaIS1_EE14_M_create_nodeIJRKS1_EEEPSt13_Rb_tree_nodeIS1_EDpOT_:
        2:  628:	_M_create_node(_Args&&... __args)
        -:  629:	{
        2:  630:	  _Link_type __tmp = _M_get_node();
        2:  631:	  _M_construct_node(__tmp, std::forward<_Args>(__args)...);
        2:  632:	  return __tmp;
        -:  633:	}
------------------
_ZNSt8_Rb_treeINSt7__cxx1112basic_stringIcSt11char_traitsIcESaIcEEES5_St9_IdentityIS5_ESt4lessIS5_ESaIS5_EE14_M_create_nodeIJRKS5_EEEPSt13_Rb_tree_nodeIS5_EDpOT_:
    #####:  628:	_M_create_node(_Args&&... __args)
        -:  629:	{
    #####:  630:	  _Link_type __tmp = _M_get_node();
    #####:  631:	  _M_construct_node(__tmp, std::forward<_Args>(__args)...);
    #####:  632:	  return __tmp;
        -:  633:	}
------------------
_ZNSt8_Rb_treeINSt7__cxx1112basic_stringIcSt11char_traitsIcESaIcEEESt4pairIKS5_N5Catch8TagAliasEESt10_Select1stISA_ESt4lessIS5_ESaISA_EE14_M_create_nodeIJS6_IS5_S9_EEEEPSt13_Rb_tree_nodeISA_EDpOT_:
    #####:  628:	_M_create_node(_Args&&... __args)
        -:  629:	{
    #####:  630:	  _Link_type __tmp = _M_get_node();
    #####:  631:	  _M_construct_node(__tmp, std::forward<_Args>(__args)...);
    #####:  632:	  return __tmp;
        -:  633:	}
------------------
_ZNSt8_Rb_treeIPKN5Catch8TestCaseES3_St9_IdentityIS3_ESt4lessIS3_ESaIS3_EE14_M_create_nodeIJS3_EEEPSt13_Rb_tree_nodeIS3_EDpOT_:
        2:  628:	_M_create_node(_Args&&... __args)
        -:  629:	{
        2:  630:	  _Link_type __tmp = _M_get_node();
        2:  631:	  _M_construct_node(__tmp, std::forward<_Args>(__args)...);
        2:  632:	  return __tmp;
        -:  633:	}
------------------
_ZNSt8_Rb_treeINSt7__cxx1112basic_stringIcSt11char_traitsIcESaIcEEESt4pairIKS5_St10shared_ptrIN5Catch16IReporterFactoryEEESt10_Select1stISC_ESt4lessIS5_ESaISC_EE14_M_create_nodeIJRS7_RKSB_EEEPSt13_Rb_tree_nodeISC_EDpOT_:
        4:  628:	_M_create_node(_Args&&... __args)
        -:  629:	{
        4:  630:	  _Link_type __tmp = _M_get_node();
        4:  631:	  _M_construct_node(__tmp, std::forward<_Args>(__args)...);
        4:  632:	  return __tmp;
        -:  633:	}
------------------
_ZNSt8_Rb_treeINSt7__cxx1112basic_stringIcSt11char_traitsIcESaIcEEESt4pairIKS5_N5Catch7TagInfoEESt10_Select1stISA_ESt4lessIS5_ESaISA_EE14_M_create_nodeIJS6_IS5_S9_EEEEPSt13_Rb_tree_nodeISA_EDpOT_:
    #####:  628:	_M_create_node(_Args&&... __args)
        -:  629:	{
    #####:  630:	  _Link_type __tmp = _M_get_node();
    #####:  631:	  _M_construct_node(__tmp, std::forward<_Args>(__args)...);
    #####:  632:	  return __tmp;
        -:  633:	}
------------------
        -:  634:#endif
        -:  635:
        -:  636:      void
       9*:  637:      _M_destroy_node(_Link_type __p) _GLIBCXX_NOEXCEPT
        -:  638:      {
        -:  639:#if __cplusplus < 201103L
        -:  640:	get_allocator().destroy(__p->_M_valptr());
        -:  641:#else
       9*:  642:	_Alloc_traits::destroy(_M_get_Node_allocator(), __p->_M_valptr());
       9*:  643:	__p->~_Rb_tree_node<_Val>();
        -:  644:#endif
       9*:  645:      }
------------------
_ZNSt8_Rb_treeIlSt4pairIKllESt10_Select1stIS2_ESt4lessIlESaIS2_EE15_M_destroy_nodeEPSt13_Rb_tree_nodeIS2_E:
    #####:  637:      _M_destroy_node(_Link_type __p) _GLIBCXX_NOEXCEPT
        -:  638:      {
        -:  639:#if __cplusplus < 201103L
        -:  640:	get_allocator().destroy(__p->_M_valptr());
        -:  641:#else
    #####:  642:	_Alloc_traits::destroy(_M_get_Node_allocator(), __p->_M_valptr());
    #####:  643:	__p->~_Rb_tree_node<_Val>();
        -:  644:#endif
    #####:  645:      }
------------------
_ZNSt8_Rb_treeIN5Catch9VerbosityES1_St9_IdentityIS1_ESt4lessIS1_ESaIS1_EE15_M_destroy_nodeEPSt13_Rb_tree_nodeIS1_E:
        1:  637:      _M_destroy_node(_Link_type __p) _GLIBCXX_NOEXCEPT
        -:  638:      {
        -:  639:#if __cplusplus < 201103L
        -:  640:	get_allocator().destroy(__p->_M_valptr());
        -:  641:#else
        1:  642:	_Alloc_traits::destroy(_M_get_Node_allocator(), __p->_M_valptr());
        1:  643:	__p->~_Rb_tree_node<_Val>();
        -:  644:#endif
        1:  645:      }
------------------
_ZNSt8_Rb_treeIN5Catch8TestCaseES1_St9_IdentityIS1_ESt4lessIS1_ESaIS1_EE15_M_destroy_nodeEPSt13_Rb_tree_nodeIS1_E:
        2:  637:      _M_destroy_node(_Link_type __p) _GLIBCXX_NOEXCEPT
        -:  638:      {
        -:  639:#if __cplusplus < 201103L
        -:  640:	get_allocator().destroy(__p->_M_valptr());
        -:  641:#else
        2:  642:	_Alloc_traits::destroy(_M_get_Node_allocator(), __p->_M_valptr());
        2:  643:	__p->~_Rb_tree_node<_Val>();
        -:  644:#endif
        2:  645:      }
------------------
_ZNSt8_Rb_treeINSt7__cxx1112basic_stringIcSt11char_traitsIcESaIcEEESt4pairIKS5_N5Catch8TagAliasEESt10_Select1stISA_ESt4lessIS5_ESaISA_EE15_M_destroy_nodeEPSt13_Rb_tree_nodeISA_E:
    #####:  637:      _M_destroy_node(_Link_type __p) _GLIBCXX_NOEXCEPT
        -:  638:      {
        -:  639:#if __cplusplus < 201103L
        -:  640:	get_allocator().destroy(__p->_M_valptr());
        -:  641:#else
    #####:  642:	_Alloc_traits::destroy(_M_get_Node_allocator(), __p->_M_valptr());
    #####:  643:	__p->~_Rb_tree_node<_Val>();
        -:  644:#endif
    #####:  645:      }
------------------
_ZNSt8_Rb_treeIPKN5Catch8TestCaseES3_St9_IdentityIS3_ESt4lessIS3_ESaIS3_EE15_M_destroy_nodeEPSt13_Rb_tree_nodeIS3_E:
        2:  637:      _M_destroy_node(_Link_type __p) _GLIBCXX_NOEXCEPT
        -:  638:      {
        -:  639:#if __cplusplus < 201103L
        -:  640:	get_allocator().destroy(__p->_M_valptr());
        -:  641:#else
        2:  642:	_Alloc_traits::destroy(_M_get_Node_allocator(), __p->_M_valptr());
        2:  643:	__p->~_Rb_tree_node<_Val>();
        -:  644:#endif
        2:  645:      }
------------------
_ZNSt8_Rb_treeINSt7__cxx1112basic_stringIcSt11char_traitsIcESaIcEEESt4pairIKS5_St10shared_ptrIN5Catch16IReporterFactoryEEESt10_Select1stISC_ESt4lessIS5_ESaISC_EE15_M_destroy_nodeEPSt13_Rb_tree_nodeISC_E:
        4:  637:      _M_destroy_node(_Link_type __p) _GLIBCXX_NOEXCEPT
        -:  638:      {
        -:  639:#if __cplusplus < 201103L
        -:  640:	get_allocator().destroy(__p->_M_valptr());
        -:  641:#else
        4:  642:	_Alloc_traits::destroy(_M_get_Node_allocator(), __p->_M_valptr());
        4:  643:	__p->~_Rb_tree_node<_Val>();
        -:  644:#endif
        4:  645:      }
------------------
_ZNSt8_Rb_treeINSt7__cxx1112basic_stringIcSt11char_traitsIcESaIcEEES5_St9_IdentityIS5_ESt4lessIS5_ESaIS5_EE15_M_destroy_nodeEPSt13_Rb_tree_nodeIS5_E:
    #####:  637:      _M_destroy_node(_Link_type __p) _GLIBCXX_NOEXCEPT
        -:  638:      {
        -:  639:#if __cplusplus < 201103L
        -:  640:	get_allocator().destroy(__p->_M_valptr());
        -:  641:#else
    #####:  642:	_Alloc_traits::destroy(_M_get_Node_allocator(), __p->_M_valptr());
    #####:  643:	__p->~_Rb_tree_node<_Val>();
        -:  644:#endif
    #####:  645:      }
------------------
_ZNSt8_Rb_treeINSt7__cxx1112basic_stringIcSt11char_traitsIcESaIcEEESt4pairIKS5_N5Catch7TagInfoEESt10_Select1stISA_ESt4lessIS5_ESaISA_EE15_M_destroy_nodeEPSt13_Rb_tree_nodeISA_E:
    #####:  637:      _M_destroy_node(_Link_type __p) _GLIBCXX_NOEXCEPT
        -:  638:      {
        -:  639:#if __cplusplus < 201103L
        -:  640:	get_allocator().destroy(__p->_M_valptr());
        -:  641:#else
    #####:  642:	_Alloc_traits::destroy(_M_get_Node_allocator(), __p->_M_valptr());
    #####:  643:	__p->~_Rb_tree_node<_Val>();
        -:  644:#endif
    #####:  645:      }
------------------
        -:  646:
        -:  647:      void
       9*:  648:      _M_drop_node(_Link_type __p) _GLIBCXX_NOEXCEPT
        -:  649:      {
       9*:  650:	_M_destroy_node(__p);
       9*:  651:	_M_put_node(__p);
       9*:  652:      }
------------------
_ZNSt8_Rb_treeIlSt4pairIKllESt10_Select1stIS2_ESt4lessIlESaIS2_EE12_M_drop_nodeEPSt13_Rb_tree_nodeIS2_E:
    #####:  648:      _M_drop_node(_Link_type __p) _GLIBCXX_NOEXCEPT
        -:  649:      {
    #####:  650:	_M_destroy_node(__p);
    #####:  651:	_M_put_node(__p);
    #####:  652:      }
------------------
_ZNSt8_Rb_treeIN5Catch9VerbosityES1_St9_IdentityIS1_ESt4lessIS1_ESaIS1_EE12_M_drop_nodeEPSt13_Rb_tree_nodeIS1_E:
        1:  648:      _M_drop_node(_Link_type __p) _GLIBCXX_NOEXCEPT
        -:  649:      {
        1:  650:	_M_destroy_node(__p);
        1:  651:	_M_put_node(__p);
        1:  652:      }
------------------
_ZNSt8_Rb_treeIN5Catch8TestCaseES1_St9_IdentityIS1_ESt4lessIS1_ESaIS1_EE12_M_drop_nodeEPSt13_Rb_tree_nodeIS1_E:
        2:  648:      _M_drop_node(_Link_type __p) _GLIBCXX_NOEXCEPT
        -:  649:      {
        2:  650:	_M_destroy_node(__p);
        2:  651:	_M_put_node(__p);
        2:  652:      }
------------------
_ZNSt8_Rb_treeINSt7__cxx1112basic_stringIcSt11char_traitsIcESaIcEEESt4pairIKS5_N5Catch8TagAliasEESt10_Select1stISA_ESt4lessIS5_ESaISA_EE12_M_drop_nodeEPSt13_Rb_tree_nodeISA_E:
    #####:  648:      _M_drop_node(_Link_type __p) _GLIBCXX_NOEXCEPT
        -:  649:      {
    #####:  650:	_M_destroy_node(__p);
    #####:  651:	_M_put_node(__p);
    #####:  652:      }
------------------
_ZNSt8_Rb_treeIPKN5Catch8TestCaseES3_St9_IdentityIS3_ESt4lessIS3_ESaIS3_EE12_M_drop_nodeEPSt13_Rb_tree_nodeIS3_E:
        2:  648:      _M_drop_node(_Link_type __p) _GLIBCXX_NOEXCEPT
        -:  649:      {
        2:  650:	_M_destroy_node(__p);
        2:  651:	_M_put_node(__p);
        2:  652:      }
------------------
_ZNSt8_Rb_treeINSt7__cxx1112basic_stringIcSt11char_traitsIcESaIcEEESt4pairIKS5_St10shared_ptrIN5Catch16IReporterFactoryEEESt10_Select1stISC_ESt4lessIS5_ESaISC_EE12_M_drop_nodeEPSt13_Rb_tree_nodeISC_E:
        4:  648:      _M_drop_node(_Link_type __p) _GLIBCXX_NOEXCEPT
        -:  649:      {
        4:  650:	_M_destroy_node(__p);
        4:  651:	_M_put_node(__p);
        4:  652:      }
------------------
_ZNSt8_Rb_treeINSt7__cxx1112basic_stringIcSt11char_traitsIcESaIcEEES5_St9_IdentityIS5_ESt4lessIS5_ESaIS5_EE12_M_drop_nodeEPSt13_Rb_tree_nodeIS5_E:
    #####:  648:      _M_drop_node(_Link_type __p) _GLIBCXX_NOEXCEPT
        -:  649:      {
    #####:  650:	_M_destroy_node(__p);
    #####:  651:	_M_put_node(__p);
    #####:  652:      }
------------------
_ZNSt8_Rb_treeINSt7__cxx1112basic_stringIcSt11char_traitsIcESaIcEEESt4pairIKS5_N5Catch7TagInfoEESt10_Select1stISA_ESt4lessIS5_ESaISA_EE12_M_drop_nodeEPSt13_Rb_tree_nodeISA_E:
    #####:  648:      _M_drop_node(_Link_type __p) _GLIBCXX_NOEXCEPT
        -:  649:      {
    #####:  650:	_M_destroy_node(__p);
    #####:  651:	_M_put_node(__p);
    #####:  652:      }
------------------
        -:  653:
        -:  654:      template<typename _NodeGen>
        -:  655:	_Link_type
        -:  656:	_M_clone_node(_Const_Link_type __x, _NodeGen& __node_gen)
        -:  657:	{
        -:  658:	  _Link_type __tmp = __node_gen(*__x->_M_valptr());
        -:  659:	  __tmp->_M_color = __x->_M_color;
        -:  660:	  __tmp->_M_left = 0;
        -:  661:	  __tmp->_M_right = 0;
        -:  662:	  return __tmp;
        -:  663:	}
        -:  664:
        -:  665:    protected:
        -:  666:#if _GLIBCXX_INLINE_VERSION
        -:  667:      template<typename _Key_compare>
        -:  668:#else
        -:  669:      // Unused _Is_pod_comparator is kept as it is part of mangled name.
        -:  670:      template<typename _Key_compare,
        -:  671:	       bool /* _Is_pod_comparator */ = __is_pod(_Key_compare)>
        -:  672:#endif
        -:  673:	struct _Rb_tree_impl
        -:  674:	: public _Node_allocator
        -:  675:	, public _Rb_tree_key_compare<_Key_compare>
        -:  676:	, public _Rb_tree_header
        -:  677:	{
        -:  678:	  typedef _Rb_tree_key_compare<_Key_compare> _Base_key_compare;
        -:  679:
       4*:  680:	  _Rb_tree_impl()
        -:  681:	    _GLIBCXX_NOEXCEPT_IF(
        -:  682:		is_nothrow_default_constructible<_Node_allocator>::value
        -:  683:		&& is_nothrow_default_constructible<_Base_key_compare>::value )
       4*:  684:	  : _Node_allocator()
       4*:  685:	  { }
------------------
_ZNSt8_Rb_treeIlSt4pairIKllESt10_Select1stIS2_ESt4lessIlESaIS2_EE13_Rb_tree_implIS6_Lb1EEC2Ev:
    #####:  680:	  _Rb_tree_impl()
        -:  681:	    _GLIBCXX_NOEXCEPT_IF(
        -:  682:		is_nothrow_default_constructible<_Node_allocator>::value
        -:  683:		&& is_nothrow_default_constructible<_Base_key_compare>::value )
    #####:  684:	  : _Node_allocator()
    #####:  685:	  { }
------------------
_ZNSt8_Rb_treeINSt7__cxx1112basic_stringIcSt11char_traitsIcESaIcEEESt4pairIKS5_N5Catch8TagAliasEESt10_Select1stISA_ESt4lessIS5_ESaISA_EE13_Rb_tree_implISE_Lb1EEC2Ev:
        1:  680:	  _Rb_tree_impl()
        -:  681:	    _GLIBCXX_NOEXCEPT_IF(
        -:  682:		is_nothrow_default_constructible<_Node_allocator>::value
        -:  683:		&& is_nothrow_default_constructible<_Base_key_compare>::value )
        1:  684:	  : _Node_allocator()
[...]
        4: 2362:				    this->_M_impl._M_header);
        4: 2363:      ++_M_impl._M_node_count;
        4: 2364:      return iterator(__z);
        -: 2365:    }
------------------
_ZNSt8_Rb_treeINSt7__cxx1112basic_stringIcSt11char_traitsIcESaIcEEESt4pairIKS5_N5Catch7TagInfoEESt10_Select1stISA_ESt4lessIS5_ESaISA_EE14_M_insert_nodeEPSt18_Rb_tree_node_baseSI_PSt13_Rb_tree_nodeISA_E:
    #####: 2354:    _Rb_tree<_Key, _Val, _KeyOfValue, _Compare, _Alloc>::
        -: 2355:    _M_insert_node(_Base_ptr __x, _Base_ptr __p, _Link_type __z)
        -: 2356:    {
    #####: 2357:      bool __insert_left = (__x != 0 || __p == _M_end()
    #####: 2358:			    || _M_impl._M_key_compare(_S_key(__z),
        -: 2359:						      _S_key(__p)));
        -: 2360:
    #####: 2361:      _Rb_tree_insert_and_rebalance(__insert_left, __z, __p,
    #####: 2362:				    this->_M_impl._M_header);
    #####: 2363:      ++_M_impl._M_node_count;
    #####: 2364:      return iterator(__z);
        -: 2365:    }
------------------
        -: 2366:
        -: 2367:  template<typename _Key, typename _Val, typename _KeyOfValue,
        -: 2368:	   typename _Compare, typename _Alloc>
        -: 2369:    typename _Rb_tree<_Key, _Val, _KeyOfValue, _Compare, _Alloc>::iterator
        -: 2370:    _Rb_tree<_Key, _Val, _KeyOfValue, _Compare, _Alloc>::
        -: 2371:    _M_insert_lower_node(_Base_ptr __p, _Link_type __z)
        -: 2372:    {
        -: 2373:      bool __insert_left = (__p == _M_end()
        -: 2374:			    || !_M_impl._M_key_compare(_S_key(__p),
        -: 2375:						       _S_key(__z)));
        -: 2376:
        -: 2377:      _Rb_tree_insert_and_rebalance(__insert_left, __z, __p,
        -: 2378:				    this->_M_impl._M_header);
        -: 2379:      ++_M_impl._M_node_count;
        -: 2380:      return iterator(__z);
        -: 2381:    }
        -: 2382:
        -: 2383:  template<typename _Key, typename _Val, typename _KeyOfValue,
        -: 2384:	   typename _Compare, typename _Alloc>
        -: 2385:    typename _Rb_tree<_Key, _Val, _KeyOfValue, _Compare, _Alloc>::iterator
        -: 2386:    _Rb_tree<_Key, _Val, _KeyOfValue, _Compare, _Alloc>::
        -: 2387:    _M_insert_equal_lower_node(_Link_type __z)
        -: 2388:    {
        -: 2389:      _Link_type __x = _M_begin();
        -: 2390:      _Base_ptr __y = _M_end();
        -: 2391:      while (__x != 0)
        -: 2392:	{
        -: 2393:	  __y = __x;
        -: 2394:	  __x = !_M_impl._M_key_compare(_S_key(__x), _S_key(__z)) ?
        -: 2395:		_S_left(__x) : _S_right(__x);
        -: 2396:	}
        -: 2397:      return _M_insert_lower_node(__y, __z);
        -: 2398:    }
        -: 2399:
        -: 2400:  template<typename _Key, typename _Val, typename _KeyOfValue,
        -: 2401:	   typename _Compare, typename _Alloc>
        -: 2402:    template<typename... _Args>
        -: 2403:      pair<typename _Rb_tree<_Key, _Val, _KeyOfValue,
        -: 2404:			     _Compare, _Alloc>::iterator, bool>
       6*: 2405:      _Rb_tree<_Key, _Val, _KeyOfValue, _Compare, _Alloc>::
        -: 2406:      _M_emplace_unique(_Args&&... __args)
        -: 2407:      {
       6*: 2408:	_Link_type __z = _M_create_node(std::forward<_Args>(__args)...);
        -: 2409:
        -: 2410:	__try
        -: 2411:	  {
        -: 2412:	    typedef pair<iterator, bool> _Res;
       6*: 2413:	    auto __res = _M_get_insert_unique_pos(_S_key(__z));
       6*: 2414:	    if (__res.second)
       6*: 2415:	      return _Res(_M_insert_node(__res.first, __res.second, __z), true);
        -: 2416:	
    #####: 2417:	    _M_drop_node(__z);
    #####: 2418:	    return _Res(iterator(__res.first), false);
        -: 2419:	  }
    =====: 2420:	__catch(...)
        -: 2421:	  {
    =====: 2422:	    _M_drop_node(__z);
    =====: 2423:	    __throw_exception_again;
        -: 2424:	  }
        -: 2425:      }
------------------
_ZNSt8_Rb_treeINSt7__cxx1112basic_stringIcSt11char_traitsIcESaIcEEESt4pairIKS5_N5Catch8TagAliasEESt10_Select1stISA_ESt4lessIS5_ESaISA_EE17_M_emplace_uniqueIJS6_IS5_S9_EEEES6_ISt17_Rb_tree_iteratorISA_EbEDpOT_:
    #####: 2405:      _Rb_tree<_Key, _Val, _KeyOfValue, _Compare, _Alloc>::
        -: 2406:      _M_emplace_unique(_Args&&... __args)
        -: 2407:      {
    #####: 2408:	_Link_type __z = _M_create_node(std::forward<_Args>(__args)...);
        -: 2409:
        -: 2410:	__try
        -: 2411:	  {
        -: 2412:	    typedef pair<iterator, bool> _Res;
    #####: 2413:	    auto __res = _M_get_insert_unique_pos(_S_key(__z));
    #####: 2414:	    if (__res.second)
    #####: 2415:	      return _Res(_M_insert_node(__res.first, __res.second, __z), true);
        -: 2416:	
    #####: 2417:	    _M_drop_node(__z);
    #####: 2418:	    return _Res(iterator(__res.first), false);
        -: 2419:	  }
    =====: 2420:	__catch(...)
        -: 2421:	  {
    =====: 2422:	    _M_drop_node(__z);
    =====: 2423:	    __throw_exception_again;
        -: 2424:	  }
        -: 2425:      }
------------------
_ZNSt8_Rb_treeIPKN5Catch8TestCaseES3_St9_IdentityIS3_ESt4lessIS3_ESaIS3_EE17_M_emplace_uniqueIJS3_EEESt4pairISt17_Rb_tree_iteratorIS3_EbEDpOT_:
        2: 2405:      _Rb_tree<_Key, _Val, _KeyOfValue, _Compare, _Alloc>::
        -: 2406:      _M_emplace_unique(_Args&&... __args)
        -: 2407:      {
        2: 2408:	_Link_type __z = _M_create_node(std::forward<_Args>(__args)...);
        -: 2409:
        -: 2410:	__try
        -: 2411:	  {
        -: 2412:	    typedef pair<iterator, bool> _Res;
        2: 2413:	    auto __res = _M_get_insert_unique_pos(_S_key(__z));
        2: 2414:	    if (__res.second)
        2: 2415:	      return _Res(_M_insert_node(__res.first, __res.second, __z), true);
        -: 2416:	
    #####: 2417:	    _M_drop_node(__z);
    #####: 2418:	    return _Res(iterator(__res.first), false);
        -: 2419:	  }
    =====: 2420:	__catch(...)
        -: 2421:	  {
    =====: 2422:	    _M_drop_node(__z);
    =====: 2423:	    __throw_exception_again;
        -: 2424:	  }
        -: 2425:      }
------------------
_ZNSt8_Rb_treeINSt7__cxx1112basic_stringIcSt11char_traitsIcESaIcEEESt4pairIKS5_St10shared_ptrIN5Catch16IReporterFactoryEEESt10_Select1stISC_ESt4lessIS5_ESaISC_EE17_M_emplace_uniqueIJRS7_RKSB_EEES6_ISt17_Rb_tree_iteratorISC_EbEDpOT_:
        4: 2405:      _Rb_tree<_Key, _Val, _KeyOfValue, _Compare, _Alloc>::
        -: 2406:      _M_emplace_unique(_Args&&... __args)
        -: 2407:      {
        4: 2408:	_Link_type __z = _M_create_node(std::forward<_Args>(__args)...);
        -: 2409:
        -: 2410:	__try
        -: 2411:	  {
        -: 2412:	    typedef pair<iterator, bool> _Res;
        4: 2413:	    auto __res = _M_get_insert_unique_pos(_S_key(__z));
        4: 2414:	    if (__res.second)
        4: 2415:	      return _Res(_M_insert_node(__res.first, __res.second, __z), true);
        -: 2416:	
    #####: 2417:	    _M_drop_node(__z);
    #####: 2418:	    return _Res(iterator(__res.first), false);
        -: 2419:	  }
    =====: 2420:	__catch(...)
        -: 2421:	  {
    =====: 2422:	    _M_drop_node(__z);
    =====: 2423:	    __throw_exception_again;
        -: 2424:	  }
        -: 2425:      }
------------------
_ZNSt8_Rb_treeINSt7__cxx1112basic_stringIcSt11char_traitsIcESaIcEEESt4pairIKS5_N5Catch7TagInfoEESt10_Select1stISA_ESt4lessIS5_ESaISA_EE17_M_emplace_uniqueIJS6_IS5_S9_EEEES6_ISt17_Rb_tree_iteratorISA_EbEDpOT_:
    #####: 2405:      _Rb_tree<_Key, _Val, _KeyOfValue, _Compare, _Alloc>::
        -: 2406:      _M_emplace_unique(_Args&&... __args)
        -: 2407:      {
    #####: 2408:	_Link_type __z = _M_create_node(std::forward<_Args>(__args)...);
        -: 2409:
        -: 2410:	__try
        -: 2411:	  {
        -: 2412:	    typedef pair<iterator, bool> _Res;
    #####: 2413:	    auto __res = _M_get_insert_unique_pos(_S_key(__z));
    #####: 2414:	    if (__res.second)
    #####: 2415:	      return _Res(_M_insert_node(__res.first, __res.second, __z), true);
        -: 2416:	
    #####: 2417:	    _M_drop_node(__z);
    #####: 2418:	    return _Res(iterator(__res.first), false);
        -: 2419:	  }
    =====: 2420:	__catch(...)
        -: 2421:	  {
    =====: 2422:	    _M_drop_node(__z);
    =====: 2423:	    __throw_exception_again;
        -: 2424:	  }
        -: 2425:      }
------------------
        -: 2426:
        -: 2427:  template<typename _Key, typename _Val, typename _KeyOfValue,
        -: 2428:	   typename _Compare, typename _Alloc>
        -: 2429:    template<typename... _Args>
        -: 2430:      typename _Rb_tree<_Key, _Val, _KeyOfValue, _Compare, _Alloc>::iterator
        -: 2431:      _Rb_tree<_Key, _Val, _KeyOfValue, _Compare, _Alloc>::
        -: 2432:      _M_emplace_equal(_Args&&... __args)
        -: 2433:      {
        -: 2434:	_Link_type __z = _M_create_node(std::forward<_Args>(__args)...);
        -: 2435:
        -: 2436:	__try
        -: 2437:	  {
        -: 2438:	    auto __res = _M_get_insert_equal_pos(_S_key(__z));
        -: 2439:	    return _M_insert_node(__res.first, __res.second, __z);
        -: 2440:	  }
        -: 2441:	__catch(...)
        -: 2442:	  {
        -: 2443:	    _M_drop_node(__z);
        -: 2444:	    __throw_exception_again;
        -: 2445:	  }
        -: 2446:      }
        -: 2447:
        -: 2448:  template<typename _Key, typename _Val, typename _KeyOfValue,
        -: 2449:	   typename _Compare, typename _Alloc>
        -: 2450:    template<typename... _Args>
        -: 2451:      typename _Rb_tree<_Key, _Val, _KeyOfValue, _Compare, _Alloc>::iterator
    #####: 2452:      _Rb_tree<_Key, _Val, _KeyOfValue, _Compare, _Alloc>::
        -: 2453:      _M_emplace_hint_unique(const_iterator __pos, _Args&&... __args)
        -: 2454:      {
    #####: 2455:	_Link_type __z = _M_create_node(std::forward<_Args>(__args)...);
        -: 2456:
        -: 2457:	__try
        -: 2458:	  {
    #####: 2459:	    auto __res = _M_get_insert_hint_unique_pos(__pos, _S_key(__z));
        -: 2460:
    #####: 2461:	    if (__res.second)
    #####: 2462:	      return _M_insert_node(__res.first, __res.second, __z);
        -: 2463:
    #####: 2464:	    _M_drop_node(__z);
    #####: 2465:	    return iterator(__res.first);
        -: 2466:	  }
    =====: 2467:	__catch(...)
        -: 2468:	  {
    =====: 2469:	    _M_drop_node(__z);
    =====: 2470:	    __throw_exception_again;
        -: 2471:	  }
        -: 2472:      }
        -: 2473:
        -: 2474:  template<typename _Key, typename _Val, typename _KeyOfValue,
        -: 2475:	   typename _Compare, typename _Alloc>
        -: 2476:    template<typename... _Args>
        -: 2477:      typename _Rb_tree<_Key, _Val, _KeyOfValue, _Compare, _Alloc>::iterator
        -: 2478:      _Rb_tree<_Key, _Val, _KeyOfValue, _Compare, _Alloc>::
        -: 2479:      _M_emplace_hint_equal(const_iterator __pos, _Args&&... __args)
        -: 2480:      {
        -: 2481:	_Link_type __z = _M_create_node(std::forward<_Args>(__args)...);
        -: 2482:
        -: 2483:	__try
        -: 2484:	  {
        -: 2485:	    auto __res = _M_get_insert_hint_equal_pos(__pos, _S_key(__z));
        -: 2486:
        -: 2487:	    if (__res.second)
        -: 2488:	      return _M_insert_node(__res.first, __res.second, __z);
        -: 2489:
        -: 2490:	    return _M_insert_equal_lower_node(__z);
        -: 2491:	  }
        -: 2492:	__catch(...)
        -: 2493:	  {
        -: 2494:	    _M_drop_node(__z);
        -: 2495:	    __throw_exception_again;
        -: 2496:	  }
        -: 2497:      }
        -: 2498:#endif
        -: 2499:
        -: 2500:
        -: 2501:  template<typename _Key, typename _Val, typename _KeyOfValue,
        -: 2502:	   typename _Compare, typename _Alloc>
        -: 2503:    void
        -: 2504:    _Rb_tree<_Key, _Val, _KeyOfValue, _Compare, _Alloc>::
        -: 2505:    _M_erase_aux(const_iterator __position)
        -: 2506:    {
        -: 2507:      _Link_type __y =
        -: 2508:	static_cast<_Link_type>(_Rb_tree_rebalance_for_erase
        -: 2509:				(const_cast<_Base_ptr>(__position._M_node),
        -: 2510:				 this->_M_impl._M_header));
        -: 2511:      _M_drop_node(__y);
        -: 2512:      --_M_impl._M_node_count;
        -: 2513:    }
        -: 2514:
        -: 2515:  template<typename _Key, typename _Val, typename _KeyOfValue,
        -: 2516:	   typename _Compare, typename _Alloc>
        -: 2517:    void
        -: 2518:    _Rb_tree<_Key, _Val, _KeyOfValue, _Compare, _Alloc>::
        -: 2519:    _M_erase_aux(const_iterator __first, const_iterator __last)
        -: 2520:    {
        -: 2521:      if (__first == begin() && __last == end())
        -: 2522:	clear();
        -: 2523:      else
        -: 2524:	while (__first != __last)
        -: 2525:	  _M_erase_aux(__first++);
        -: 2526:    }
        -: 2527:
        -: 2528:  template<typename _Key, typename _Val, typename _KeyOfValue,
        -: 2529:	   typename _Compare, typename _Alloc>
        -: 2530:    typename _Rb_tree<_Key, _Val, _KeyOfValue, _Compare, _Alloc>::size_type
        -: 2531:    _Rb_tree<_Key, _Val, _KeyOfValue, _Compare, _Alloc>::
        -: 2532:    erase(const _Key& __x)
        -: 2533:    {
        -: 2534:      pair<iterator, iterator> __p = equal_range(__x);
        -: 2535:      const size_type __old_size = size();
        -: 2536:      _M_erase_aux(__p.first, __p.second);
        -: 2537:      return __old_size - size();
        -: 2538:    }
        -: 2539:
        -: 2540:  template<typename _Key, typename _Val, typename _KeyOfValue,
        -: 2541:	   typename _Compare, typename _Alloc>
        -: 2542:    void
        -: 2543:    _Rb_tree<_Key, _Val, _KeyOfValue, _Compare, _Alloc>::
        -: 2544:    erase(const _Key* __first, const _Key* __last)
        -: 2545:    {
        -: 2546:      while (__first != __last)
        -: 2547:	erase(*__first++);
        -: 2548:    }
        -: 2549:
        -: 2550:  template<typename _Key, typename _Val, typename _KeyOfValue,
        -: 2551:	   typename _Compare, typename _Alloc>
        -: 2552:    typename _Rb_tree<_Key, _Val, _KeyOfValue,
        -: 2553:		      _Compare, _Alloc>::iterator
    #####: 2554:    _Rb_tree<_Key, _Val, _KeyOfValue, _Compare, _Alloc>::
        -: 2555:    find(const _Key& __k)
        -: 2556:    {
    #####: 2557:      iterator __j = _M_lower_bound(_M_begin(), _M_end(), __k);
    #####: 2558:      return (__j == end()
    #####: 2559:	      || _M_impl._M_key_compare(__k,
    #####: 2560:					_S_key(__j._M_node))) ? end() : __j;
        -: 2561:    }
------------------
_ZNSt8_Rb_treeIlSt4pairIKllESt10_Select1stIS2_ESt4lessIlESaIS2_EE4findERS1_:
    #####: 2554:    _Rb_tree<_Key, _Val, _KeyOfValue, _Compare, _Alloc>::
        -: 2555:    find(const _Key& __k)
        -: 2556:    {
    #####: 2557:      iterator __j = _M_lower_bound(_M_begin(), _M_end(), __k);
    #####: 2558:      return (__j == end()
    #####: 2559:	      || _M_impl._M_key_compare(__k,
    #####: 2560:					_S_key(__j._M_node))) ? end() : __j;
        -: 2561:    }
------------------
_ZNSt8_Rb_treeINSt7__cxx1112basic_stringIcSt11char_traitsIcESaIcEEESt4pairIKS5_N5Catch7TagInfoEESt10_Select1stISA_ESt4lessIS5_ESaISA_EE4findERS7_:
    #####: 2554:    _Rb_tree<_Key, _Val, _KeyOfValue, _Compare, _Alloc>::
        -: 2555:    find(const _Key& __k)
        -: 2556:    {
    #####: 2557:      iterator __j = _M_lower_bound(_M_begin(), _M_end(), __k);
    #####: 2558:      return (__j == end()
    #####: 2559:	      || _M_impl._M_key_compare(__k,
    #####: 2560:					_S_key(__j._M_node))) ? end() : __j;
        -: 2561:    }
------------------
        -: 2562:
        -: 2563:  template<typename _Key, typename _Val, typename _KeyOfValue,
        -: 2564:	   typename _Compare, typename _Alloc>
        -: 2565:    typename _Rb_tree<_Key, _Val, _KeyOfValue,
        -: 2566:		      _Compare, _Alloc>::const_iterator
       2*: 2567:    _Rb_tree<_Key, _Val, _KeyOfValue, _Compare, _Alloc>::
        -: 2568:    find(const _Key& __k) const
        -: 2569:    {
       2*: 2570:      const_iterator __j = _M_lower_bound(_M_begin(), _M_end(), __k);
       4*: 2571:      return (__j == end()
       2*: 2572:	      || _M_impl._M_key_compare(__k,
       6*: 2573:					_S_key(__j._M_node))) ? end() : __j;
        -: 2574:    }
        -: 2575:
        -: 2576:  template<typename _Key, typename _Val, typename _KeyOfValue,
        -: 2577:	   typename _Compare, typename _Alloc>
        -: 2578:    typename _Rb_tree<_Key, _Val, _KeyOfValue, _Compare, _Alloc>::size_type
        -: 2579:    _Rb_tree<_Key, _Val, _KeyOfValue, _Compare, _Alloc>::
        -: 2580:    count(const _Key& __k) const
        -: 2581:    {
        -: 2582:      pair<const_iterator, const_iterator> __p = equal_range(__k);
        -: 2583:      const size_type __n = std::distance(__p.first, __p.second);
        -: 2584:      return __n;
        -: 2585:    }
        -: 2586:
        -: 2587:  _GLIBCXX_PURE unsigned int
        -: 2588:  _Rb_tree_black_count(const _Rb_tree_node_base* __node,
        -: 2589:		       const _Rb_tree_node_base* __root) throw ();
        -: 2590:
        -: 2591:  template<typename _Key, typename _Val, typename _KeyOfValue,
        -: 2592:	   typename _Compare, typename _Alloc>
        -: 2593:    bool
        -: 2594:    _Rb_tree<_Key,_Val,_KeyOfValue,_Compare,_Alloc>::__rb_verify() const
        -: 2595:    {
        -: 2596:      if (_M_impl._M_node_count == 0 || begin() == end())
        -: 2597:	return _M_impl._M_node_count == 0 && begin() == end()
        -: 2598:	       && this->_M_impl._M_header._M_left == _M_end()
        -: 2599:	       && this->_M_impl._M_header._M_right == _M_end();
        -: 2600:
        -: 2601:      unsigned int __len = _Rb_tree_black_count(_M_leftmost(), _M_root());
        -: 2602:      for (const_iterator __it = begin(); __it != end(); ++__it)
        -: 2603:	{
        -: 2604:	  _Const_Link_type __x = static_cast<_Const_Link_type>(__it._M_node);
        -: 2605:	  _Const_Link_type __L = _S_left(__x);
        -: 2606:	  _Const_Link_type __R = _S_right(__x);
        -: 2607:
        -: 2608:	  if (__x->_M_color == _S_red)
        -: 2609:	    if ((__L && __L->_M_color == _S_red)
        -: 2610:		|| (__R && __R->_M_color == _S_red))
        -: 2611:	      return false;
        -: 2612:
        -: 2613:	  if (__L && _M_impl._M_key_compare(_S_key(__x), _S_key(__L)))
        -: 2614:	    return false;
        -: 2615:	  if (__R && _M_impl._M_key_compare(_S_key(__R), _S_key(__x)))
        -: 2616:	    return false;
        -: 2617:
        -: 2618:	  if (!__L && !__R && _Rb_tree_black_count(__x, _M_root()) != __len)
        -: 2619:	    return false;
        -: 2620:	}
        -: 2621:
        -: 2622:      if (_M_leftmost() != _Rb_tree_node_base::_S_minimum(_M_root()))
        -: 2623:	return false;
        -: 2624:      if (_M_rightmost() != _Rb_tree_node_base::_S_maximum(_M_root()))
        -: 2625:	return false;
        -: 2626:      return true;
        -: 2627:    }
        -: 2628:
        -: 2629:#if __cplusplus > 201402L
        -: 2630:  // Allow access to internals of compatible _Rb_tree specializations.
        -: 2631:  template<typename _Key, typename _Val, typename _Sel, typename _Cmp1,
        -: 2632:	   typename _Alloc, typename _Cmp2>
        -: 2633:    struct _Rb_tree_merge_helper<_Rb_tree<_Key, _Val, _Sel, _Cmp1, _Alloc>,
        -: 2634:				 _Cmp2>
        -: 2635:    {
        -: 2636:    private:
        -: 2637:      friend class _Rb_tree<_Key, _Val, _Sel, _Cmp1, _Alloc>;
        -: 2638:
        -: 2639:      static auto&
        -: 2640:      _S_get_impl(_Rb_tree<_Key, _Val, _Sel, _Cmp2, _Alloc>& __tree)
        -: 2641:      { return __tree._M_impl; }
        -: 2642:    };
        -: 2643:#endif // C++17
        -: 2644:
        -: 2645:_GLIBCXX_END_NAMESPACE_VERSION
        -: 2646:} // namespace
        -: 2647:
        -: 2648:#endif
