        -:    0:Source:/usr/include/c++/9/bits/stl_algo.h
        -:    0:Graph:./test_index.gcno
        -:    0:Data:./test_index.gcda
        -:    0:Runs:1
        -:    1:// Algorithm implementation -*- C++ -*-
        -:    2:
        -:    3:// Copyright (C) 2001-2019 Free Software Foundation, Inc.
        -:    4://
        -:    5:// This file is part of the GNU ISO C++ Library.  This library is free
        -:    6:// software; you can redistribute it and/or modify it under the
        -:    7:// terms of the GNU General Public License as published by the
        -:    8:// Free Software Foundation; either version 3, or (at your option)
        -:    9:// any later version.
        -:   10:
        -:   11:// This library is distributed in the hope that it will be useful,
        -:   12:// but WITHOUT ANY WARRANTY; without even the implied warranty of
        -:   13:// MERCHANTABILITY or FITNESS FOR A PARTICULAR PURPOSE.  See the
        -:   14:// GNU General Public License for more details.
        -:   15:
        -:   16:// Under Section 7 of GPL version 3, you are granted additional
        -:   17:// permissions described in the GCC Runtime Library Exception, version
        -:   18:// 3.1, as published by the Free Software Foundation.
        -:   19:
        -:   20:// You should have received a copy of the GNU General Public License and
        -:   21:// a copy of the GCC Runtime Library Exception along with this program;
        -:   22:// see the files COPYING3 and COPYING.RUNTIME respectively.  If not, see
        -:   23:// <http://www.gnu.org/licenses/>.
        -:   24:
        -:   25:/*
        -:   26: *
        -:   27: * Copyright (c) 1994
        -:   28: * Hewlett-Packard Company
        -:   29: *
        -:   30: * Permission to use, copy, modify, distribute and sell this software
        -:   31: * and its documentation for any purpose is hereby granted without fee,
        -:   32: * provided that the above copyright notice appear in all copies and
        -:   33: * that both that copyright notice and this permission notice appear
        -:   34: * in supporting documentation.  Hewlett-Packard Company makes no
        -:   35: * representations about the suitability of this software for any
        -:   36: * purpose.  It is provided "as is" without express or implied warranty.
        -:   37: *
        -:   38: *
        -:   39: * Copyright (c) 1996
        -:   40: * Silicon Graphics Computer Systems, Inc.
        -:   41: *
        -:   42: * Permission to use, copy, modify, distribute and sell this software
        -:   43: * and its documentation for any purpose is hereby granted without fee,
        -:   44: * provided that the above copyright notice appear in all copies and
        -:   45: * that both that copyright notice and this permission notice appear
        -:   46: * in supporting documentation.  Silicon Graphics makes no
        -:   47: * representations about the suitability of this software for any
        -:   48: * purpose.  It is provided "as is" without express or implied warranty.
        -:   49: */
        -:   50:
        -:   51:/** @file bits/stl_algo.h
        -:   52: *  This is an internal header file, included by other library headers.
        -:   53: *  Do not attempt to use it directly. @headername{algorithm}
        -:   54: */
        -:   55:
        -:   56:#ifndef _STL_ALGO_H
        -:   57:#define _STL_ALGO_H 1
        -:   58:
        -:   59:#include <cstdlib>	     // for rand
        -:   60:#include <bits/algorithmfwd.h>
        -:   61:#include <bits/stl_heap.h>
        -:   62:#include <bits/stl_tempbuf.h>  // for _Temporary_buffer
        -:   63:#include <bits/predefined_ops.h>
        -:   64:
        -:   65:#if __cplusplus >= 201103L
        -:   66:#include <bits/uniform_int_dist.h>
        -:   67:#endif
        -:   68:
        -:   69:// See concept_check.h for the __glibcxx_*_requires macros.
        -:   70:
        -:   71:namespace std _GLIBCXX_VISIBILITY(default)
        -:   72:{
        -:   73:_GLIBCXX_BEGIN_NAMESPACE_VERSION
        -:   74:
        -:   75:  /// Swaps the median value of *__a, *__b and *__c under __comp to *__result
        -:   76:  template<typename _Iterator, typename _Compare>
        -:   77:    void
    #####:   78:    __move_median_to_first(_Iterator __result,_Iterator __a, _Iterator __b,
        -:   79:			   _Iterator __c, _Compare __comp)
        -:   80:    {
    #####:   81:      if (__comp(__a, __b))
        -:   82:	{
    #####:   83:	  if (__comp(__b, __c))
    #####:   84:	    std::iter_swap(__result, __b);
    #####:   85:	  else if (__comp(__a, __c))
    #####:   86:	    std::iter_swap(__result, __c);
        -:   87:	  else
    #####:   88:	    std::iter_swap(__result, __a);
        -:   89:	}
    #####:   90:      else if (__comp(__a, __c))
    #####:   91:	std::iter_swap(__result, __a);
    #####:   92:      else if (__comp(__b, __c))
    #####:   93:	std::iter_swap(__result, __c);
        -:   94:      else
    #####:   95:	std::iter_swap(__result, __b);
    #####:   96:    }
------------------
_ZSt22__move_median_to_firstIN9__gnu_cxx17__normal_iteratorIPcSt6vectorIcSaIcEEEENS0_5__ops15_Iter_less_iterEEvT_S9_S9_S9_T0_:
    #####:   78:    __move_median_to_first(_Iterator __result,_Iterator __a, _Iterator __b,
        -:   79:			   _Iterator __c, _Compare __comp)
        -:   80:    {
    #####:   81:      if (__comp(__a, __b))
        -:   82:	{
    #####:   83:	  if (__comp(__b, __c))
    #####:   84:	    std::iter_swap(__result, __b);
    #####:   85:	  else if (__comp(__a, __c))
    #####:   86:	    std::iter_swap(__result, __c);
        -:   87:	  else
    #####:   88:	    std::iter_swap(__result, __a);
        -:   89:	}
    #####:   90:      else if (__comp(__a, __c))
    #####:   91:	std::iter_swap(__result, __a);
    #####:   92:      else if (__comp(__b, __c))
    #####:   93:	std::iter_swap(__result, __c);
        -:   94:      else
    #####:   95:	std::iter_swap(__result, __b);
    #####:   96:    }
------------------
_ZSt22__move_median_to_firstIN9__gnu_cxx17__normal_iteratorIPN5Catch8TestCaseESt6vectorIS3_SaIS3_EEEENS0_5__ops15_Iter_less_iterEEvT_SB_SB_SB_T0_:
    #####:   78:    __move_median_to_first(_Iterator __result,_Iterator __a, _Iterator __b,
        -:   79:			   _Iterator __c, _Compare __comp)
        -:   80:    {
    #####:   81:      if (__comp(__a, __b))
        -:   82:	{
    #####:   83:	  if (__comp(__b, __c))
    #####:   84:	    std::iter_swap(__result, __b);
    #####:   85:	  else if (__comp(__a, __c))
    #####:   86:	    std::iter_swap(__result, __c);
        -:   87:	  else
    #####:   88:	    std::iter_swap(__result, __a);
        -:   89:	}
    #####:   90:      else if (__comp(__a, __c))
    #####:   91:	std::iter_swap(__result, __a);
    #####:   92:      else if (__comp(__b, __c))
    #####:   93:	std::iter_swap(__result, __c);
        -:   94:      else
    #####:   95:	std::iter_swap(__result, __b);
    #####:   96:    }
------------------
_ZSt22__move_median_to_firstIN9__gnu_cxx17__normal_iteratorIPNSt7__cxx1112basic_stringIcSt11char_traitsIcESaIcEEESt6vectorIS7_SaIS7_EEEENS0_5__ops15_Iter_less_iterEEvT_SF_SF_SF_T0_:
    #####:   78:    __move_median_to_first(_Iterator __result,_Iterator __a, _Iterator __b,
        -:   79:			   _Iterator __c, _Compare __comp)
        -:   80:    {
    #####:   81:      if (__comp(__a, __b))
        -:   82:	{
    #####:   83:	  if (__comp(__b, __c))
    #####:   84:	    std::iter_swap(__result, __b);
    #####:   85:	  else if (__comp(__a, __c))
    #####:   86:	    std::iter_swap(__result, __c);
        -:   87:	  else
    #####:   88:	    std::iter_swap(__result, __a);
        -:   89:	}
    #####:   90:      else if (__comp(__a, __c))
    #####:   91:	std::iter_swap(__result, __a);
    #####:   92:      else if (__comp(__b, __c))
    #####:   93:	std::iter_swap(__result, __c);
        -:   94:      else
    #####:   95:	std::iter_swap(__result, __b);
    #####:   96:    }
------------------
        -:   97:
        -:   98:  /// This is an overload used by find algos for the Input Iterator case.
        -:   99:  template<typename _InputIterator, typename _Predicate>
        -:  100:    inline _InputIterator
        -:  101:    __find_if(_InputIterator __first, _InputIterator __last,
        -:  102:	      _Predicate __pred, input_iterator_tag)
        -:  103:    {
        -:  104:      while (__first != __last && !__pred(__first))
        -:  105:	++__first;
        -:  106:      return __first;
        -:  107:    }
        -:  108:
        -:  109:  /// This is an overload used by find algos for the RAI case.
        -:  110:  template<typename _RandomAccessIterator, typename _Predicate>
        -:  111:    _RandomAccessIterator
       2*:  112:    __find_if(_RandomAccessIterator __first, _RandomAccessIterator __last,
        -:  113:	      _Predicate __pred, random_access_iterator_tag)
        -:  114:    {
        -:  115:      typename iterator_traits<_RandomAccessIterator>::difference_type
       2*:  116:	__trip_count = (__last - __first) >> 2;
        -:  117:
       2*:  118:      for (; __trip_count > 0; --__trip_count)
        -:  119:	{
    #####:  120:	  if (__pred(__first))
    #####:  121:	    return __first;
    #####:  122:	  ++__first;
        -:  123:
    #####:  124:	  if (__pred(__first))
    #####:  125:	    return __first;
    #####:  126:	  ++__first;
        -:  127:
    #####:  128:	  if (__pred(__first))
    #####:  129:	    return __first;
    #####:  130:	  ++__first;
        -:  131:
    #####:  132:	  if (__pred(__first))
    #####:  133:	    return __first;
    #####:  134:	  ++__first;
        -:  135:	}
        -:  136:
       2*:  137:      switch (__last - __first)
        -:  138:	{
    #####:  139:	case 3:
    #####:  140:	  if (__pred(__first))
    #####:  141:	    return __first;
    #####:  142:	  ++__first;
    #####:  143:	case 2:
    #####:  144:	  if (__pred(__first))
    #####:  145:	    return __first;
    #####:  146:	  ++__first;
    #####:  147:	case 1:
    #####:  148:	  if (__pred(__first))
    #####:  149:	    return __first;
    #####:  150:	  ++__first;
       2*:  151:	case 0:
        -:  152:	default:
       2*:  153:	  return __last;
        -:  154:	}
        -:  155:    }
------------------
_ZSt9__find_ifIN9__gnu_cxx17__normal_iteratorIPSt10shared_ptrIN5Catch22CumulativeReporterBaseINS3_13JunitReporterEE11SectionNodeEESt6vectorIS8_SaIS8_EEEENS0_5__ops10_Iter_predINS6_13BySectionInfoEEEET_SI_SI_T0_St26random_access_iterator_tag:
    #####:  112:    __find_if(_RandomAccessIterator __first, _RandomAccessIterator __last,
        -:  113:	      _Predicate __pred, random_access_iterator_tag)
        -:  114:    {
        -:  115:      typename iterator_traits<_RandomAccessIterator>::difference_type
    #####:  116:	__trip_count = (__last - __first) >> 2;
        -:  117:
    #####:  118:      for (; __trip_count > 0; --__trip_count)
        -:  119:	{
    #####:  120:	  if (__pred(__first))
    #####:  121:	    return __first;
    #####:  122:	  ++__first;
        -:  123:
    #####:  124:	  if (__pred(__first))
    #####:  125:	    return __first;
    #####:  126:	  ++__first;
        -:  127:
    #####:  128:	  if (__pred(__first))
    #####:  129:	    return __first;
    #####:  130:	  ++__first;
        -:  131:
    #####:  132:	  if (__pred(__first))
    #####:  133:	    return __first;
    #####:  134:	  ++__first;
        -:  135:	}
        -:  136:
    #####:  137:      switch (__last - __first)
        -:  138:	{
    #####:  139:	case 3:
    #####:  140:	  if (__pred(__first))
    #####:  141:	    return __first;
    #####:  142:	  ++__first;
    #####:  143:	case 2:
    #####:  144:	  if (__pred(__first))
    #####:  145:	    return __first;
    #####:  146:	  ++__first;
    #####:  147:	case 1:
    #####:  148:	  if (__pred(__first))
    #####:  149:	    return __first;
    #####:  150:	  ++__first;
    #####:  151:	case 0:
        -:  152:	default:
    #####:  153:	  return __last;
        -:  154:	}
        -:  155:    }
------------------
_ZSt9__find_ifIN9__gnu_cxx17__normal_iteratorIPKN5Catch8TestSpec6FilterESt6vectorIS4_SaIS4_EEEENS0_5__ops10_Iter_predIZNKS3_7matchesERKNS2_12TestCaseInfoEEUlRS5_E_EEET_SJ_SJ_T0_St26random_access_iterator_tag:
    #####:  112:    __find_if(_RandomAccessIterator __first, _RandomAccessIterator __last,
        -:  113:	      _Predicate __pred, random_access_iterator_tag)
        -:  114:    {
        -:  115:      typename iterator_traits<_RandomAccessIterator>::difference_type
    #####:  116:	__trip_count = (__last - __first) >> 2;
        -:  117:
    #####:  118:      for (; __trip_count > 0; --__trip_count)
        -:  119:	{
    #####:  120:	  if (__pred(__first))
    #####:  121:	    return __first;
    #####:  122:	  ++__first;
        -:  123:
    #####:  124:	  if (__pred(__first))
    #####:  125:	    return __first;
    #####:  126:	  ++__first;
        -:  127:
    #####:  128:	  if (__pred(__first))
    #####:  129:	    return __first;
    #####:  130:	  ++__first;
        -:  131:
    #####:  132:	  if (__pred(__first))
    #####:  133:	    return __first;
    #####:  134:	  ++__first;
        -:  135:	}
        -:  136:
    #####:  137:      switch (__last - __first)
        -:  138:	{
    #####:  139:	case 3:
    #####:  140:	  if (__pred(__first))
    #####:  141:	    return __first;
    #####:  142:	  ++__first;
    #####:  143:	case 2:
    #####:  144:	  if (__pred(__first))
    #####:  145:	    return __first;
    #####:  146:	  ++__first;
    #####:  147:	case 1:
    #####:  148:	  if (__pred(__first))
    #####:  149:	    return __first;
    #####:  150:	  ++__first;
    #####:  151:	case 0:
        -:  152:	default:
    #####:  153:	  return __last;
        -:  154:	}
        -:  155:    }
------------------
_ZSt9__find_ifIN9__gnu_cxx17__normal_iteratorIPKSt10shared_ptrIN5Catch8TestSpec7PatternEESt6vectorIS6_SaIS6_EEEENS0_5__ops12_Iter_negateIZNKS4_6Filter7matchesERKNS3_12TestCaseInfoEEUlRS7_E_EEET_SM_SM_T0_St26random_access_iterator_tag:
    #####:  112:    __find_if(_RandomAccessIterator __first, _RandomAccessIterator __last,
        -:  113:	      _Predicate __pred, random_access_iterator_tag)
        -:  114:    {
        -:  115:      typename iterator_traits<_RandomAccessIterator>::difference_type
    #####:  116:	__trip_count = (__last - __first) >> 2;
        -:  117:
    #####:  118:      for (; __trip_count > 0; --__trip_count)
        -:  119:	{
    #####:  120:	  if (__pred(__first))
    #####:  121:	    return __first;
    #####:  122:	  ++__first;
        -:  123:
    #####:  124:	  if (__pred(__first))
    #####:  125:	    return __first;
    #####:  126:	  ++__first;
        -:  127:
    #####:  128:	  if (__pred(__first))
    #####:  129:	    return __first;
    #####:  130:	  ++__first;
        -:  131:
    #####:  132:	  if (__pred(__first))
    #####:  133:	    return __first;
    #####:  134:	  ++__first;
        -:  135:	}
        -:  136:
    #####:  137:      switch (__last - __first)
        -:  138:	{
    #####:  139:	case 3:
    #####:  140:	  if (__pred(__first))
    #####:  141:	    return __first;
    #####:  142:	  ++__first;
    #####:  143:	case 2:
    #####:  144:	  if (__pred(__first))
    #####:  145:	    return __first;
    #####:  146:	  ++__first;
    #####:  147:	case 1:
    #####:  148:	  if (__pred(__first))
    #####:  149:	    return __first;
    #####:  150:	  ++__first;
    #####:  151:	case 0:
        -:  152:	default:
    #####:  153:	  return __last;
        -:  154:	}
        -:  155:    }
------------------
_ZSt9__find_ifIN9__gnu_cxx17__normal_iteratorIPSt10shared_ptrIN5Catch16TestCaseTracking8ITrackerEESt6vectorIS6_SaIS6_EEEENS0_5__ops12_Iter_negateIZNS4_11TrackerBase5closeEvEUlRKS6_E_EEET_SJ_SJ_T0_St26random_access_iterator_tag:
    #####:  112:    __find_if(_RandomAccessIterator __first, _RandomAccessIterator __last,
        -:  113:	      _Predicate __pred, random_access_iterator_tag)
        -:  114:    {
        -:  115:      typename iterator_traits<_RandomAccessIterator>::difference_type
    #####:  116:	__trip_count = (__last - __first) >> 2;
        -:  117:
    #####:  118:      for (; __trip_count > 0; --__trip_count)
        -:  119:	{
    #####:  120:	  if (__pred(__first))
    #####:  121:	    return __first;
    #####:  122:	  ++__first;
        -:  123:
    #####:  124:	  if (__pred(__first))
    #####:  125:	    return __first;
    #####:  126:	  ++__first;
        -:  127:
    #####:  128:	  if (__pred(__first))
    #####:  129:	    return __first;
    #####:  130:	  ++__first;
        -:  131:
    #####:  132:	  if (__pred(__first))
    #####:  133:	    return __first;
    #####:  134:	  ++__first;
        -:  135:	}
        -:  136:
    #####:  137:      switch (__last - __first)
        -:  138:	{
    #####:  139:	case 3:
    #####:  140:	  if (__pred(__first))
    #####:  141:	    return __first;
    #####:  142:	  ++__first;
    #####:  143:	case 2:
    #####:  144:	  if (__pred(__first))
    #####:  145:	    return __first;
    #####:  146:	  ++__first;
    #####:  147:	case 1:
    #####:  148:	  if (__pred(__first))
    #####:  149:	    return __first;
    #####:  150:	  ++__first;
    #####:  151:	case 0:
        -:  152:	default:
    #####:  153:	  return __last;
        -:  154:	}
        -:  155:    }
------------------
_ZSt9__find_ifIN9__gnu_cxx17__normal_iteratorIPN5Catch11MessageInfoESt6vectorIS3_SaIS3_EEEENS0_5__ops16_Iter_equals_valIKS3_EEET_SD_SD_T0_St26random_access_iterator_tag:
    #####:  112:    __find_if(_RandomAccessIterator __first, _RandomAccessIterator __last,
        -:  113:	      _Predicate __pred, random_access_iterator_tag)
        -:  114:    {
        -:  115:      typename iterator_traits<_RandomAccessIterator>::difference_type
    #####:  116:	__trip_count = (__last - __first) >> 2;
        -:  117:
    #####:  118:      for (; __trip_count > 0; --__trip_count)
        -:  119:	{
    #####:  120:	  if (__pred(__first))
    #####:  121:	    return __first;
    #####:  122:	  ++__first;
        -:  123:
    #####:  124:	  if (__pred(__first))
    #####:  125:	    return __first;
    #####:  126:	  ++__first;
        -:  127:
    #####:  128:	  if (__pred(__first))
    #####:  129:	    return __first;
    #####:  130:	  ++__first;
        -:  131:
    #####:  132:	  if (__pred(__first))
    #####:  133:	    return __first;
    #####:  134:	  ++__first;
        -:  135:	}
        -:  136:
    #####:  137:      switch (__last - __first)
        -:  138:	{
    #####:  139:	case 3:
    #####:  140:	  if (__pred(__first))
    #####:  141:	    return __first;
    #####:  142:	  ++__first;
    #####:  143:	case 2:
    #####:  144:	  if (__pred(__first))
    #####:  145:	    return __first;
    #####:  146:	  ++__first;
    #####:  147:	case 1:
    #####:  148:	  if (__pred(__first))
    #####:  149:	    return __first;
    #####:  150:	  ++__first;
    #####:  151:	case 0:
        -:  152:	default:
    #####:  153:	  return __last;
        -:  154:	}
        -:  155:    }
------------------
_ZSt9__find_ifIN9__gnu_cxx17__normal_iteratorIPKNSt7__cxx1112basic_stringIcSt11char_traitsIcESaIcEEESt6vectorIS7_SaIS7_EEEENS0_5__ops10_Iter_predIZN5Catch12_GLOBAL__N_111fileNameTagERKSC_EUlRS8_E_EEET_SN_SN_T0_St26random_access_iterator_tag:
    #####:  112:    __find_if(_RandomAccessIterator __first, _RandomAccessIterator __last,
        -:  113:	      _Predicate __pred, random_access_iterator_tag)
        -:  114:    {
        -:  115:      typename iterator_traits<_RandomAccessIterator>::difference_type
    #####:  116:	__trip_count = (__last - __first) >> 2;
        -:  117:
    #####:  118:      for (; __trip_count > 0; --__trip_count)
        -:  119:	{
    #####:  120:	  if (__pred(__first))
    #####:  121:	    return __first;
    #####:  122:	  ++__first;
        -:  123:
    #####:  124:	  if (__pred(__first))
    #####:  125:	    return __first;
    #####:  126:	  ++__first;
        -:  127:
    #####:  128:	  if (__pred(__first))
    #####:  129:	    return __first;
    #####:  130:	  ++__first;
        -:  131:
    #####:  132:	  if (__pred(__first))
    #####:  133:	    return __first;
    #####:  134:	  ++__first;
        -:  135:	}
        -:  136:
    #####:  137:      switch (__last - __first)
        -:  138:	{
    #####:  139:	case 3:
    #####:  140:	  if (__pred(__first))
    #####:  141:	    return __first;
    #####:  142:	  ++__first;
    #####:  143:	case 2:
    #####:  144:	  if (__pred(__first))
    #####:  145:	    return __first;
    #####:  146:	  ++__first;
    #####:  147:	case 1:
    #####:  148:	  if (__pred(__first))
    #####:  149:	    return __first;
    #####:  150:	  ++__first;
    #####:  151:	case 0:
        -:  152:	default:
    #####:  153:	  return __last;
        -:  154:	}
        -:  155:    }
------------------
_ZSt9__find_ifIN9__gnu_cxx17__normal_iteratorIPKNSt7__cxx1112basic_stringIcSt11char_traitsIcESaIcEEESt6vectorIS7_SaIS7_EEEENS0_5__ops16_Iter_equals_valIS8_EEET_SH_SH_T0_St26random_access_iterator_tag:
    #####:  112:    __find_if(_RandomAccessIterator __first, _RandomAccessIterator __last,
        -:  113:	      _Predicate __pred, random_access_iterator_tag)
        -:  114:    {
        -:  115:      typename iterator_traits<_RandomAccessIterator>::difference_type
    #####:  116:	__trip_count = (__last - __first) >> 2;
        -:  117:
    #####:  118:      for (; __trip_count > 0; --__trip_count)
        -:  119:	{
    #####:  120:	  if (__pred(__first))
    #####:  121:	    return __first;
    #####:  122:	  ++__first;
        -:  123:
    #####:  124:	  if (__pred(__first))
    #####:  125:	    return __first;
    #####:  126:	  ++__first;
        -:  127:
    #####:  128:	  if (__pred(__first))
    #####:  129:	    return __first;
    #####:  130:	  ++__first;
        -:  131:
    #####:  132:	  if (__pred(__first))
    #####:  133:	    return __first;
    #####:  134:	  ++__first;
        -:  135:	}
        -:  136:
    #####:  137:      switch (__last - __first)
        -:  138:	{
    #####:  139:	case 3:
    #####:  140:	  if (__pred(__first))
    #####:  141:	    return __first;
    #####:  142:	  ++__first;
    #####:  143:	case 2:
    #####:  144:	  if (__pred(__first))
    #####:  145:	    return __first;
    #####:  146:	  ++__first;
    #####:  147:	case 1:
    #####:  148:	  if (__pred(__first))
    #####:  149:	    return __first;
    #####:  150:	  ++__first;
    #####:  151:	case 0:
        -:  152:	default:
    #####:  153:	  return __last;
        -:  154:	}
        -:  155:    }
------------------
_ZSt9__find_ifIN9__gnu_cxx17__normal_iteratorIPSt10shared_ptrIN5Catch16TestCaseTracking8ITrackerEESt6vectorIS6_SaIS6_EEEENS0_5__ops10_Iter_predIZNS4_11TrackerBase9findChildERKNS4_15NameAndLocationEEUlRKS6_E_EEET_SM_SM_T0_St26random_access_iterator_tag:
        2:  112:    __find_if(_RandomAccessIterator __first, _RandomAccessIterator __last,
        -:  113:	      _Predicate __pred, random_access_iterator_tag)
        -:  114:    {
        -:  115:      typename iterator_traits<_RandomAccessIterator>::difference_type
        2:  116:	__trip_count = (__last - __first) >> 2;
        -:  117:
       2*:  118:      for (; __trip_count > 0; --__trip_count)
        -:  119:	{
    #####:  120:	  if (__pred(__first))
    #####:  121:	    return __first;
    #####:  122:	  ++__first;
        -:  123:
    #####:  124:	  if (__pred(__first))
    #####:  125:	    return __first;
    #####:  126:	  ++__first;
        -:  127:
    #####:  128:	  if (__pred(__first))
    #####:  129:	    return __first;
    #####:  130:	  ++__first;
        -:  131:
    #####:  132:	  if (__pred(__first))
    #####:  133:	    return __first;
    #####:  134:	  ++__first;
        -:  135:	}
        -:  136:
        2:  137:      switch (__last - __first)
        -:  138:	{
    #####:  139:	case 3:
    #####:  140:	  if (__pred(__first))
    #####:  141:	    return __first;
    #####:  142:	  ++__first;
    #####:  143:	case 2:
    #####:  144:	  if (__pred(__first))
    #####:  145:	    return __first;
    #####:  146:	  ++__first;
    #####:  147:	case 1:
    #####:  148:	  if (__pred(__first))
    #####:  149:	    return __first;
    #####:  150:	  ++__first;
        2:  151:	case 0:
        -:  152:	default:
        2:  153:	  return __last;
        -:  154:	}
        -:  155:    }
------------------
        -:  156:
        -:  157:  template<typename _Iterator, typename _Predicate>
        -:  158:    inline _Iterator
       2*:  159:    __find_if(_Iterator __first, _Iterator __last, _Predicate __pred)
        -:  160:    {
       2*:  161:      return __find_if(__first, __last, __pred,
       4*:  162:		       std::__iterator_category(__first));
        -:  163:    }
------------------
_ZSt9__find_ifIN9__gnu_cxx17__normal_iteratorIPSt10shared_ptrIN5Catch22CumulativeReporterBaseINS3_13JunitReporterEE11SectionNodeEESt6vectorIS8_SaIS8_EEEENS0_5__ops10_Iter_predINS6_13BySectionInfoEEEET_SI_SI_T0_:
    #####:  159:    __find_if(_Iterator __first, _Iterator __last, _Predicate __pred)
        -:  160:    {
    #####:  161:      return __find_if(__first, __last, __pred,
    #####:  162:		       std::__iterator_category(__first));
        -:  163:    }
------------------
_ZSt9__find_ifIN9__gnu_cxx17__normal_iteratorIPKN5Catch8TestSpec6FilterESt6vectorIS4_SaIS4_EEEENS0_5__ops10_Iter_predIZNKS3_7matchesERKNS2_12TestCaseInfoEEUlRS5_E_EEET_SJ_SJ_T0_:
    #####:  159:    __find_if(_Iterator __first, _Iterator __last, _Predicate __pred)
        -:  160:    {
    #####:  161:      return __find_if(__first, __last, __pred,
    #####:  162:		       std::__iterator_category(__first));
        -:  163:    }
------------------
_ZSt9__find_ifIN9__gnu_cxx17__normal_iteratorIPN5Catch11MessageInfoESt6vectorIS3_SaIS3_EEEENS0_5__ops16_Iter_equals_valIKS3_EEET_SD_SD_T0_:
    #####:  159:    __find_if(_Iterator __first, _Iterator __last, _Predicate __pred)
        -:  160:    {
    #####:  161:      return __find_if(__first, __last, __pred,
    #####:  162:		       std::__iterator_category(__first));
        -:  163:    }
------------------
_ZSt9__find_ifIN9__gnu_cxx17__normal_iteratorIPKNSt7__cxx1112basic_stringIcSt11char_traitsIcESaIcEEESt6vectorIS7_SaIS7_EEEENS0_5__ops10_Iter_predIZN5Catch12_GLOBAL__N_111fileNameTagERKSC_EUlRS8_E_EEET_SN_SN_T0_:
    #####:  159:    __find_if(_Iterator __first, _Iterator __last, _Predicate __pred)
        -:  160:    {
    #####:  161:      return __find_if(__first, __last, __pred,
    #####:  162:		       std::__iterator_category(__first));
        -:  163:    }
------------------
_ZSt9__find_ifIN9__gnu_cxx17__normal_iteratorIPKNSt7__cxx1112basic_stringIcSt11char_traitsIcESaIcEEESt6vectorIS7_SaIS7_EEEENS0_5__ops16_Iter_equals_valIS8_EEET_SH_SH_T0_:
    #####:  159:    __find_if(_Iterator __first, _Iterator __last, _Predicate __pred)
        -:  160:    {
    #####:  161:      return __find_if(__first, __last, __pred,
    #####:  162:		       std::__iterator_category(__first));
        -:  163:    }
------------------
_ZSt9__find_ifIN9__gnu_cxx17__normal_iteratorIPSt10shared_ptrIN5Catch16TestCaseTracking8ITrackerEESt6vectorIS6_SaIS6_EEEENS0_5__ops10_Iter_predIZNS4_11TrackerBase9findChildERKNS4_15NameAndLocationEEUlRKS6_E_EEET_SM_SM_T0_:
        2:  159:    __find_if(_Iterator __first, _Iterator __last, _Predicate __pred)
        -:  160:    {
        2:  161:      return __find_if(__first, __last, __pred,
        4:  162:		       std::__iterator_category(__first));
        -:  163:    }
------------------
        -:  164:
        -:  165:  /// Provided for stable_partition to use.
        -:  166:  template<typename _InputIterator, typename _Predicate>
        -:  167:    inline _InputIterator
    #####:  168:    __find_if_not(_InputIterator __first, _InputIterator __last,
        -:  169:		  _Predicate __pred)
        -:  170:    {
    #####:  171:      return std::__find_if(__first, __last,
        -:  172:			    __gnu_cxx::__ops::__negate(__pred),
    #####:  173:			    std::__iterator_category(__first));
        -:  174:    }
------------------
_ZSt13__find_if_notIN9__gnu_cxx17__normal_iteratorIPKSt10shared_ptrIN5Catch8TestSpec7PatternEESt6vectorIS6_SaIS6_EEEENS0_5__ops10_Iter_predIZNKS4_6Filter7matchesERKNS3_12TestCaseInfoEEUlRS7_E_EEET_SM_SM_T0_:
    #####:  168:    __find_if_not(_InputIterator __first, _InputIterator __last,
        -:  169:		  _Predicate __pred)
        -:  170:    {
    #####:  171:      return std::__find_if(__first, __last,
        -:  172:			    __gnu_cxx::__ops::__negate(__pred),
    #####:  173:			    std::__iterator_category(__first));
        -:  174:    }
------------------
_ZSt13__find_if_notIN9__gnu_cxx17__normal_iteratorIPSt10shared_ptrIN5Catch16TestCaseTracking8ITrackerEESt6vectorIS6_SaIS6_EEEENS0_5__ops10_Iter_predIZNS4_11TrackerBase5closeEvEUlRKS6_E_EEET_SJ_SJ_T0_:
    #####:  168:    __find_if_not(_InputIterator __first, _InputIterator __last,
        -:  169:		  _Predicate __pred)
        -:  170:    {
    #####:  171:      return std::__find_if(__first, __last,
        -:  172:			    __gnu_cxx::__ops::__negate(__pred),
    #####:  173:			    std::__iterator_category(__first));
        -:  174:    }
------------------
        -:  175:
        -:  176:  /// Like find_if_not(), but uses and updates a count of the
        -:  177:  /// remaining range length instead of comparing against an end
        -:  178:  /// iterator.
        -:  179:  template<typename _InputIterator, typename _Predicate, typename _Distance>
        -:  180:    _InputIterator
        -:  181:    __find_if_not_n(_InputIterator __first, _Distance& __len, _Predicate __pred)
        -:  182:    {
        -:  183:      for (; __len; --__len,  (void) ++__first)
        -:  184:	if (!__pred(__first))
        -:  185:	  break;
        -:  186:      return __first;
        -:  187:    }
        -:  188:
        -:  189:  // set_difference
        -:  190:  // set_intersection
        -:  191:  // set_symmetric_difference
        -:  192:  // set_union
        -:  193:  // for_each
        -:  194:  // find
        -:  195:  // find_if
        -:  196:  // find_first_of
        -:  197:  // adjacent_find
        -:  198:  // count
        -:  199:  // count_if
        -:  200:  // search
        -:  201:
        -:  202:  template<typename _ForwardIterator1, typename _ForwardIterator2,
        -:  203:	   typename _BinaryPredicate>
        -:  204:    _ForwardIterator1
        -:  205:    __search(_ForwardIterator1 __first1, _ForwardIterator1 __last1,
        -:  206:	     _ForwardIterator2 __first2, _ForwardIterator2 __last2,
        -:  207:	     _BinaryPredicate  __predicate)
        -:  208:    {
        -:  209:      // Test for empty ranges
        -:  210:      if (__first1 == __last1 || __first2 == __last2)
        -:  211:	return __first1;
        -:  212:
        -:  213:      // Test for a pattern of length 1.
        -:  214:      _ForwardIterator2 __p1(__first2);
        -:  215:      if (++__p1 == __last2)
        -:  216:	return std::__find_if(__first1, __last1,
        -:  217:		__gnu_cxx::__ops::__iter_comp_iter(__predicate, __first2));
        -:  218:
        -:  219:      // General case.
        -:  220:      _ForwardIterator2 __p;
        -:  221:      _ForwardIterator1 __current = __first1;
        -:  222:
        -:  223:      for (;;)
        -:  224:	{
        -:  225:	  __first1 =
        -:  226:	    std::__find_if(__first1, __last1,
        -:  227:		__gnu_cxx::__ops::__iter_comp_iter(__predicate, __first2));
        -:  228:
        -:  229:	  if (__first1 == __last1)
        -:  230:	    return __last1;
        -:  231:
        -:  232:	  __p = __p1;
        -:  233:	  __current = __first1;
        -:  234:	  if (++__current == __last1)
        -:  235:	    return __last1;
        -:  236:
        -:  237:	  while (__predicate(__current, __p))
        -:  238:	    {
        -:  239:	      if (++__p == __last2)
        -:  240:		return __first1;
        -:  241:	      if (++__current == __last1)
        -:  242:		return __last1;
        -:  243:	    }
        -:  244:	  ++__first1;
        -:  245:	}
        -:  246:      return __first1;
        -:  247:    }
        -:  248:
        -:  249:  // search_n
        -:  250:
        -:  251:  /**
        -:  252:   *  This is an helper function for search_n overloaded for forward iterators.
        -:  253:  */
        -:  254:  template<typename _ForwardIterator, typename _Integer,
        -:  255:	   typename _UnaryPredicate>
        -:  256:    _ForwardIterator
        -:  257:    __search_n_aux(_ForwardIterator __first, _ForwardIterator __last,
        -:  258:		   _Integer __count, _UnaryPredicate __unary_pred,
        -:  259:		   std::forward_iterator_tag)
        -:  260:    {
        -:  261:      __first = std::__find_if(__first, __last, __unary_pred);
        -:  262:      while (__first != __last)
        -:  263:	{
        -:  264:	  typename iterator_traits<_ForwardIterator>::difference_type
        -:  265:	    __n = __count;
        -:  266:	  _ForwardIterator __i = __first;
        -:  267:	  ++__i;
        -:  268:	  while (__i != __last && __n != 1 && __unary_pred(__i))
        -:  269:	    {
        -:  270:	      ++__i;
        -:  271:	      --__n;
        -:  272:	    }
        -:  273:	  if (__n == 1)
        -:  274:	    return __first;
        -:  275:	  if (__i == __last)
        -:  276:	    return __last;
        -:  277:	  __first = std::__find_if(++__i, __last, __unary_pred);
        -:  278:	}
        -:  279:      return __last;
        -:  280:    }
        -:  281:
        -:  282:  /**
        -:  283:   *  This is an helper function for search_n overloaded for random access
        -:  284:   *  iterators.
        -:  285:  */
        -:  286:  template<typename _RandomAccessIter, typename _Integer,
        -:  287:	   typename _UnaryPredicate>
        -:  288:    _RandomAccessIter
        -:  289:    __search_n_aux(_RandomAccessIter __first, _RandomAccessIter __last,
        -:  290:		   _Integer __count, _UnaryPredicate __unary_pred,
        -:  291:		   std::random_access_iterator_tag)
        -:  292:    {
        -:  293:      typedef typename std::iterator_traits<_RandomAccessIter>::difference_type
        -:  294:	_DistanceType;
        -:  295:
        -:  296:      _DistanceType __tailSize = __last - __first;
        -:  297:      _DistanceType __remainder = __count;
        -:  298:
        -:  299:      while (__remainder <= __tailSize) // the main loop...
        -:  300:	{
        -:  301:	  __first += __remainder;
        -:  302:	  __tailSize -= __remainder;
        -:  303:	  // __first here is always pointing to one past the last element of
        -:  304:	  // next possible match.
        -:  305:	  _RandomAccessIter __backTrack = __first; 
        -:  306:	  while (__unary_pred(--__backTrack))
        -:  307:	    {
        -:  308:	      if (--__remainder == 0)
        -:  309:		return (__first - __count); // Success
        -:  310:	    }
        -:  311:	  __remainder = __count + 1 - (__first - __backTrack);
        -:  312:	}
        -:  313:      return __last; // Failure
        -:  314:    }
        -:  315:
        -:  316:  template<typename _ForwardIterator, typename _Integer,
        -:  317:	   typename _UnaryPredicate>
        -:  318:    _ForwardIterator
        -:  319:    __search_n(_ForwardIterator __first, _ForwardIterator __last,
        -:  320:	       _Integer __count,
        -:  321:	       _UnaryPredicate __unary_pred)
        -:  322:    {
        -:  323:      if (__count <= 0)
        -:  324:	return __first;
        -:  325:
        -:  326:      if (__count == 1)
        -:  327:	return std::__find_if(__first, __last, __unary_pred);
        -:  328:
        -:  329:      return std::__search_n_aux(__first, __last, __count, __unary_pred,
        -:  330:				 std::__iterator_category(__first));
        -:  331:    }
        -:  332:
        -:  333:  // find_end for forward iterators.
        -:  334:  template<typename _ForwardIterator1, typename _ForwardIterator2,
        -:  335:	   typename _BinaryPredicate>
        -:  336:    _ForwardIterator1
        -:  337:    __find_end(_ForwardIterator1 __first1, _ForwardIterator1 __last1,
        -:  338:	       _ForwardIterator2 __first2, _ForwardIterator2 __last2,
        -:  339:	       forward_iterator_tag, forward_iterator_tag,
        -:  340:	       _BinaryPredicate __comp)
        -:  341:    {
        -:  342:      if (__first2 == __last2)
        -:  343:	return __last1;
        -:  344:
        -:  345:      _ForwardIterator1 __result = __last1;
        -:  346:      while (1)
        -:  347:	{
        -:  348:	  _ForwardIterator1 __new_result
        -:  349:	    = std::__search(__first1, __last1, __first2, __last2, __comp);
        -:  350:	  if (__new_result == __last1)
        -:  351:	    return __result;
        -:  352:	  else
        -:  353:	    {
        -:  354:	      __result = __new_result;
        -:  355:	      __first1 = __new_result;
        -:  356:	      ++__first1;
        -:  357:	    }
        -:  358:	}
        -:  359:    }
        -:  360:
        -:  361:  // find_end for bidirectional iterators (much faster).
        -:  362:  template<typename _BidirectionalIterator1, typename _BidirectionalIterator2,
        -:  363:	   typename _BinaryPredicate>
        -:  364:    _BidirectionalIterator1
        -:  365:    __find_end(_BidirectionalIterator1 __first1,
        -:  366:	       _BidirectionalIterator1 __last1,
        -:  367:	       _BidirectionalIterator2 __first2,
        -:  368:	       _BidirectionalIterator2 __last2,
        -:  369:	       bidirectional_iterator_tag, bidirectional_iterator_tag,
        -:  370:	       _BinaryPredicate __comp)
        -:  371:    {
        -:  372:      // concept requirements
        -:  373:      __glibcxx_function_requires(_BidirectionalIteratorConcept<
        -:  374:				  _BidirectionalIterator1>)
        -:  375:      __glibcxx_function_requires(_BidirectionalIteratorConcept<
        -:  376:				  _BidirectionalIterator2>)
        -:  377:
        -:  378:      typedef reverse_iterator<_BidirectionalIterator1> _RevIterator1;
        -:  379:      typedef reverse_iterator<_BidirectionalIterator2> _RevIterator2;
        -:  380:
        -:  381:      _RevIterator1 __rlast1(__first1);
        -:  382:      _RevIterator2 __rlast2(__first2);
        -:  383:      _RevIterator1 __rresult = std::__search(_RevIterator1(__last1), __rlast1,
        -:  384:					      _RevIterator2(__last2), __rlast2,
        -:  385:					      __comp);
        -:  386:
        -:  387:      if (__rresult == __rlast1)
        -:  388:	return __last1;
        -:  389:      else
        -:  390:	{
        -:  391:	  _BidirectionalIterator1 __result = __rresult.base();
        -:  392:	  std::advance(__result, -std::distance(__first2, __last2));
        -:  393:	  return __result;
        -:  394:	}
        -:  395:    }
        -:  396:
        -:  397:  /**
        -:  398:   *  @brief  Find last matching subsequence in a sequence.
        -:  399:   *  @ingroup non_mutating_algorithms
        -:  400:   *  @param  __first1  Start of range to search.
        -:  401:   *  @param  __last1   End of range to search.
        -:  402:   *  @param  __first2  Start of sequence to match.
        -:  403:   *  @param  __last2   End of sequence to match.
        -:  404:   *  @return   The last iterator @c i in the range
        -:  405:   *  @p [__first1,__last1-(__last2-__first2)) such that @c *(i+N) ==
        -:  406:   *  @p *(__first2+N) for each @c N in the range @p
        -:  407:   *  [0,__last2-__first2), or @p __last1 if no such iterator exists.
        -:  408:   *
        -:  409:   *  Searches the range @p [__first1,__last1) for a sub-sequence that
        -:  410:   *  compares equal value-by-value with the sequence given by @p
        -:  411:   *  [__first2,__last2) and returns an iterator to the __first
        -:  412:   *  element of the sub-sequence, or @p __last1 if the sub-sequence
        -:  413:   *  is not found.  The sub-sequence will be the last such
        -:  414:   *  subsequence contained in [__first1,__last1).
        -:  415:   *
        -:  416:   *  Because the sub-sequence must lie completely within the range @p
        -:  417:   *  [__first1,__last1) it must start at a position less than @p
        -:  418:   *  __last1-(__last2-__first2) where @p __last2-__first2 is the
        -:  419:   *  length of the sub-sequence.  This means that the returned
        -:  420:   *  iterator @c i will be in the range @p
        -:  421:   *  [__first1,__last1-(__last2-__first2))
        -:  422:  */
        -:  423:  template<typename _ForwardIterator1, typename _ForwardIterator2>
        -:  424:    inline _ForwardIterator1
        -:  425:    find_end(_ForwardIterator1 __first1, _ForwardIterator1 __last1,
        -:  426:	     _ForwardIterator2 __first2, _ForwardIterator2 __last2)
        -:  427:    {
        -:  428:      // concept requirements
        -:  429:      __glibcxx_function_requires(_ForwardIteratorConcept<_ForwardIterator1>)
        -:  430:      __glibcxx_function_requires(_ForwardIteratorConcept<_ForwardIterator2>)
        -:  431:      __glibcxx_function_requires(_EqualOpConcept<
        -:  432:	    typename iterator_traits<_ForwardIterator1>::value_type,
        -:  433:	    typename iterator_traits<_ForwardIterator2>::value_type>)
        -:  434:      __glibcxx_requires_valid_range(__first1, __last1);
        -:  435:      __glibcxx_requires_valid_range(__first2, __last2);
        -:  436:
        -:  437:      return std::__find_end(__first1, __last1, __first2, __last2,
        -:  438:			     std::__iterator_category(__first1),
        -:  439:			     std::__iterator_category(__first2),
        -:  440:			     __gnu_cxx::__ops::__iter_equal_to_iter());
        -:  441:    }
        -:  442:
        -:  443:  /**
        -:  444:   *  @brief  Find last matching subsequence in a sequence using a predicate.
        -:  445:   *  @ingroup non_mutating_algorithms
        -:  446:   *  @param  __first1  Start of range to search.
        -:  447:   *  @param  __last1   End of range to search.
        -:  448:   *  @param  __first2  Start of sequence to match.
        -:  449:   *  @param  __last2   End of sequence to match.
        -:  450:   *  @param  __comp    The predicate to use.
        -:  451:   *  @return The last iterator @c i in the range @p
        -:  452:   *  [__first1,__last1-(__last2-__first2)) such that @c
        -:  453:   *  predicate(*(i+N), @p (__first2+N)) is true for each @c N in the
        -:  454:   *  range @p [0,__last2-__first2), or @p __last1 if no such iterator
        -:  455:   *  exists.
        -:  456:   *
        -:  457:   *  Searches the range @p [__first1,__last1) for a sub-sequence that
        -:  458:   *  compares equal value-by-value with the sequence given by @p
        -:  459:   *  [__first2,__last2) using comp as a predicate and returns an
        -:  460:   *  iterator to the first element of the sub-sequence, or @p __last1
        -:  461:   *  if the sub-sequence is not found.  The sub-sequence will be the
        -:  462:   *  last such subsequence contained in [__first,__last1).
        -:  463:   *
        -:  464:   *  Because the sub-sequence must lie completely within the range @p
        -:  465:   *  [__first1,__last1) it must start at a position less than @p
        -:  466:   *  __last1-(__last2-__first2) where @p __last2-__first2 is the
        -:  467:   *  length of the sub-sequence.  This means that the returned
        -:  468:   *  iterator @c i will be in the range @p
        -:  469:   *  [__first1,__last1-(__last2-__first2))
        -:  470:  */
        -:  471:  template<typename _ForwardIterator1, typename _ForwardIterator2,
        -:  472:	   typename _BinaryPredicate>
        -:  473:    inline _ForwardIterator1
        -:  474:    find_end(_ForwardIterator1 __first1, _ForwardIterator1 __last1,
        -:  475:	     _ForwardIterator2 __first2, _ForwardIterator2 __last2,
        -:  476:	     _BinaryPredicate __comp)
        -:  477:    {
        -:  478:      // concept requirements
        -:  479:      __glibcxx_function_requires(_ForwardIteratorConcept<_ForwardIterator1>)
        -:  480:      __glibcxx_function_requires(_ForwardIteratorConcept<_ForwardIterator2>)
        -:  481:      __glibcxx_function_requires(_BinaryPredicateConcept<_BinaryPredicate,
        -:  482:	    typename iterator_traits<_ForwardIterator1>::value_type,
        -:  483:	    typename iterator_traits<_ForwardIterator2>::value_type>)
        -:  484:      __glibcxx_requires_valid_range(__first1, __last1);
        -:  485:      __glibcxx_requires_valid_range(__first2, __last2);
        -:  486:
        -:  487:      return std::__find_end(__first1, __last1, __first2, __last2,
        -:  488:			     std::__iterator_category(__first1),
        -:  489:			     std::__iterator_category(__first2),
        -:  490:			     __gnu_cxx::__ops::__iter_comp_iter(__comp));
        -:  491:    }
        -:  492:
        -:  493:#if __cplusplus >= 201103L
        -:  494:  /**
        -:  495:   *  @brief  Checks that a predicate is true for all the elements
        -:  496:   *          of a sequence.
        -:  497:   *  @ingroup non_mutating_algorithms
        -:  498:   *  @param  __first   An input iterator.
        -:  499:   *  @param  __last    An input iterator.
        -:  500:   *  @param  __pred    A predicate.
        -:  501:   *  @return  True if the check is true, false otherwise.
        -:  502:   *
        -:  503:   *  Returns true if @p __pred is true for each element in the range
        -:  504:   *  @p [__first,__last), and false otherwise.
        -:  505:  */
        -:  506:  template<typename _InputIterator, typename _Predicate>
        -:  507:    inline bool
    #####:  508:    all_of(_InputIterator __first, _InputIterator __last, _Predicate __pred)
    #####:  509:    { return __last == std::find_if_not(__first, __last, __pred); }
------------------
_ZSt6all_ofIN9__gnu_cxx17__normal_iteratorIPKSt10shared_ptrIN5Catch8TestSpec7PatternEESt6vectorIS6_SaIS6_EEEEZNKS4_6Filter7matchesERKNS3_12TestCaseInfoEEUlRS7_E_EbT_SJ_T0_:
    #####:  508:    all_of(_InputIterator __first, _InputIterator __last, _Predicate __pred)
    #####:  509:    { return __last == std::find_if_not(__first, __last, __pred); }
------------------
_ZSt6all_ofIN9__gnu_cxx17__normal_iteratorIPSt10shared_ptrIN5Catch16TestCaseTracking8ITrackerEESt6vectorIS6_SaIS6_EEEEZNS4_11TrackerBase5closeEvEUlRKS6_E_EbT_SG_T0_:
    #####:  508:    all_of(_InputIterator __first, _InputIterator __last, _Predicate __pred)
    #####:  509:    { return __last == std::find_if_not(__first, __last, __pred); }
------------------
        -:  510:
        -:  511:  /**
        -:  512:   *  @brief  Checks that a predicate is false for all the elements
        -:  513:   *          of a sequence.
        -:  514:   *  @ingroup non_mutating_algorithms
        -:  515:   *  @param  __first   An input iterator.
        -:  516:   *  @param  __last    An input iterator.
        -:  517:   *  @param  __pred    A predicate.
        -:  518:   *  @return  True if the check is true, false otherwise.
        -:  519:   *
        -:  520:   *  Returns true if @p __pred is false for each element in the range
        -:  521:   *  @p [__first,__last), and false otherwise.
        -:  522:  */
        -:  523:  template<typename _InputIterator, typename _Predicate>
        -:  524:    inline bool
    #####:  525:    none_of(_InputIterator __first, _InputIterator __last, _Predicate __pred)
    #####:  526:    { return __last == _GLIBCXX_STD_A::find_if(__first, __last, __pred); }
        -:  527:
        -:  528:  /**
        -:  529:   *  @brief  Checks that a predicate is true for at least one element
        -:  530:   *          of a sequence.
        -:  531:   *  @ingroup non_mutating_algorithms
        -:  532:   *  @param  __first   An input iterator.
        -:  533:   *  @param  __last    An input iterator.
        -:  534:   *  @param  __pred    A predicate.
        -:  535:   *  @return  True if the check is true, false otherwise.
        -:  536:   *
        -:  537:   *  Returns true if an element exists in the range @p
        -:  538:   *  [__first,__last) such that @p __pred is true, and false
        -:  539:   *  otherwise.
        -:  540:  */
        -:  541:  template<typename _InputIterator, typename _Predicate>
        -:  542:    inline bool
    #####:  543:    any_of(_InputIterator __first, _InputIterator __last, _Predicate __pred)
    #####:  544:    { return !std::none_of(__first, __last, __pred); }
        -:  545:
        -:  546:  /**
        -:  547:   *  @brief  Find the first element in a sequence for which a
        -:  548:   *          predicate is false.
        -:  549:   *  @ingroup non_mutating_algorithms
        -:  550:   *  @param  __first  An input iterator.
        -:  551:   *  @param  __last   An input iterator.
        -:  552:   *  @param  __pred   A predicate.
        -:  553:   *  @return   The first iterator @c i in the range @p [__first,__last)
        -:  554:   *  such that @p __pred(*i) is false, or @p __last if no such iterator exists.
        -:  555:  */
        -:  556:  template<typename _InputIterator, typename _Predicate>
        -:  557:    inline _InputIterator
    #####:  558:    find_if_not(_InputIterator __first, _InputIterator __last,
        -:  559:		_Predicate __pred)
        -:  560:    {
        -:  561:      // concept requirements
        -:  562:      __glibcxx_function_requires(_InputIteratorConcept<_InputIterator>)
        -:  563:      __glibcxx_function_requires(_UnaryPredicateConcept<_Predicate,
        -:  564:	      typename iterator_traits<_InputIterator>::value_type>)
        -:  565:      __glibcxx_requires_valid_range(__first, __last);
    #####:  566:      return std::__find_if_not(__first, __last,
    #####:  567:				__gnu_cxx::__ops::__pred_iter(__pred));
        -:  568:    }
------------------
_ZSt11find_if_notIN9__gnu_cxx17__normal_iteratorIPKSt10shared_ptrIN5Catch8TestSpec7PatternEESt6vectorIS6_SaIS6_EEEEZNKS4_6Filter7matchesERKNS3_12TestCaseInfoEEUlRS7_E_ET_SJ_SJ_T0_:
    #####:  558:    find_if_not(_InputIterator __first, _InputIterator __last,
        -:  559:		_Predicate __pred)
        -:  560:    {
        -:  561:      // concept requirements
        -:  562:      __glibcxx_function_requires(_InputIteratorConcept<_InputIterator>)
        -:  563:      __glibcxx_function_requires(_UnaryPredicateConcept<_Predicate,
        -:  564:	      typename iterator_traits<_InputIterator>::value_type>)
        -:  565:      __glibcxx_requires_valid_range(__first, __last);
    #####:  566:      return std::__find_if_not(__first, __last,
    #####:  567:				__gnu_cxx::__ops::__pred_iter(__pred));
        -:  568:    }
------------------
_ZSt11find_if_notIN9__gnu_cxx17__normal_iteratorIPSt10shared_ptrIN5Catch16TestCaseTracking8ITrackerEESt6vectorIS6_SaIS6_EEEEZNS4_11TrackerBase5closeEvEUlRKS6_E_ET_SG_SG_T0_:
    #####:  558:    find_if_not(_InputIterator __first, _InputIterator __last,
        -:  559:		_Predicate __pred)
        -:  560:    {
        -:  561:      // concept requirements
        -:  562:      __glibcxx_function_requires(_InputIteratorConcept<_InputIterator>)
        -:  563:      __glibcxx_function_requires(_UnaryPredicateConcept<_Predicate,
        -:  564:	      typename iterator_traits<_InputIterator>::value_type>)
        -:  565:      __glibcxx_requires_valid_range(__first, __last);
    #####:  566:      return std::__find_if_not(__first, __last,
    #####:  567:				__gnu_cxx::__ops::__pred_iter(__pred));
        -:  568:    }
------------------
        -:  569:
        -:  570:  /**
        -:  571:   *  @brief  Checks whether the sequence is partitioned.
        -:  572:   *  @ingroup mutating_algorithms
        -:  573:   *  @param  __first  An input iterator.
        -:  574:   *  @param  __last   An input iterator.
        -:  575:   *  @param  __pred   A predicate.
        -:  576:   *  @return  True if the range @p [__first,__last) is partioned by @p __pred,
        -:  577:   *  i.e. if all elements that satisfy @p __pred appear before those that
        -:  578:   *  do not.
        -:  579:  */
        -:  580:  template<typename _InputIterator, typename _Predicate>
        -:  581:    inline bool
        -:  582:    is_partitioned(_InputIterator __first, _InputIterator __last,
        -:  583:		   _Predicate __pred)
        -:  584:    {
        -:  585:      __first = std::find_if_not(__first, __last, __pred);
        -:  586:      if (__first == __last)
        -:  587:	return true;
        -:  588:      ++__first;
        -:  589:      return std::none_of(__first, __last, __pred);
        -:  590:    }
        -:  591:
        -:  592:  /**
        -:  593:   *  @brief  Find the partition point of a partitioned range.
        -:  594:   *  @ingroup mutating_algorithms
        -:  595:   *  @param  __first   An iterator.
        -:  596:   *  @param  __last    Another iterator.
        -:  597:   *  @param  __pred    A predicate.
        -:  598:   *  @return  An iterator @p mid such that @p all_of(__first, mid, __pred)
        -:  599:   *           and @p none_of(mid, __last, __pred) are both true.
        -:  600:  */
        -:  601:  template<typename _ForwardIterator, typename _Predicate>
        -:  602:    _ForwardIterator
        -:  603:    partition_point(_ForwardIterator __first, _ForwardIterator __last,
        -:  604:		    _Predicate __pred)
        -:  605:    {
        -:  606:      // concept requirements
        -:  607:      __glibcxx_function_requires(_ForwardIteratorConcept<_ForwardIterator>)
        -:  608:      __glibcxx_function_requires(_UnaryPredicateConcept<_Predicate,
        -:  609:	      typename iterator_traits<_ForwardIterator>::value_type>)
        -:  610:
        -:  611:      // A specific debug-mode test will be necessary...
        -:  612:      __glibcxx_requires_valid_range(__first, __last);
        -:  613:
        -:  614:      typedef typename iterator_traits<_ForwardIterator>::difference_type
        -:  615:	_DistanceType;
        -:  616:
        -:  617:      _DistanceType __len = std::distance(__first, __last);
        -:  618:      _DistanceType __half;
        -:  619:      _ForwardIterator __middle;
        -:  620:
        -:  621:      while (__len > 0)
        -:  622:	{
        -:  623:	  __half = __len >> 1;
        -:  624:	  __middle = __first;
        -:  625:	  std::advance(__middle, __half);
        -:  626:	  if (__pred(*__middle))
        -:  627:	    {
        -:  628:	      __first = __middle;
        -:  629:	      ++__first;
        -:  630:	      __len = __len - __half - 1;
        -:  631:	    }
        -:  632:	  else
        -:  633:	    __len = __half;
        -:  634:	}
        -:  635:      return __first;
        -:  636:    }
        -:  637:#endif
        -:  638:
        -:  639:  template<typename _InputIterator, typename _OutputIterator,
        -:  640:	   typename _Predicate>
        -:  641:    _OutputIterator
        -:  642:    __remove_copy_if(_InputIterator __first, _InputIterator __last,
        -:  643:		     _OutputIterator __result, _Predicate __pred)
        -:  644:    {
        -:  645:      for (; __first != __last; ++__first)
        -:  646:	if (!__pred(__first))
        -:  647:	  {
        -:  648:	    *__result = *__first;
        -:  649:	    ++__result;
        -:  650:	  }
        -:  651:      return __result;
        -:  652:    }
        -:  653:
        -:  654:  /**
        -:  655:   *  @brief Copy a sequence, removing elements of a given value.
        -:  656:   *  @ingroup mutating_algorithms
        -:  657:   *  @param  __first   An input iterator.
        -:  658:   *  @param  __last    An input iterator.
        -:  659:   *  @param  __result  An output iterator.
        -:  660:   *  @param  __value   The value to be removed.
        -:  661:   *  @return   An iterator designating the end of the resulting sequence.
        -:  662:   *
        -:  663:   *  Copies each element in the range @p [__first,__last) not equal
        -:  664:   *  to @p __value to the range beginning at @p __result.
        -:  665:   *  remove_copy() is stable, so the relative order of elements that
        -:  666:   *  are copied is unchanged.
        -:  667:  */
        -:  668:  template<typename _InputIterator, typename _OutputIterator, typename _Tp>
        -:  669:    inline _OutputIterator
        -:  670:    remove_copy(_InputIterator __first, _InputIterator __last,
        -:  671:		_OutputIterator __result, const _Tp& __value)
        -:  672:    {
        -:  673:      // concept requirements
        -:  674:      __glibcxx_function_requires(_InputIteratorConcept<_InputIterator>)
        -:  675:      __glibcxx_function_requires(_OutputIteratorConcept<_OutputIterator,
        -:  676:	    typename iterator_traits<_InputIterator>::value_type>)
        -:  677:      __glibcxx_function_requires(_EqualOpConcept<
        -:  678:	    typename iterator_traits<_InputIterator>::value_type, _Tp>)
        -:  679:      __glibcxx_requires_valid_range(__first, __last);
        -:  680:
        -:  681:      return std::__remove_copy_if(__first, __last, __result,
        -:  682:	__gnu_cxx::__ops::__iter_equals_val(__value));
        -:  683:    }
        -:  684:
        -:  685:  /**
        -:  686:   *  @brief Copy a sequence, removing elements for which a predicate is true.
        -:  687:   *  @ingroup mutating_algorithms
        -:  688:   *  @param  __first   An input iterator.
        -:  689:   *  @param  __last    An input iterator.
        -:  690:   *  @param  __result  An output iterator.
        -:  691:   *  @param  __pred    A predicate.
        -:  692:   *  @return   An iterator designating the end of the resulting sequence.
        -:  693:   *
        -:  694:   *  Copies each element in the range @p [__first,__last) for which
        -:  695:   *  @p __pred returns false to the range beginning at @p __result.
        -:  696:   *
        -:  697:   *  remove_copy_if() is stable, so the relative order of elements that are
        -:  698:   *  copied is unchanged.
        -:  699:  */
        -:  700:  template<typename _InputIterator, typename _OutputIterator,
        -:  701:	   typename _Predicate>
        -:  702:    inline _OutputIterator
        -:  703:    remove_copy_if(_InputIterator __first, _InputIterator __last,
        -:  704:		   _OutputIterator __result, _Predicate __pred)
        -:  705:    {
        -:  706:      // concept requirements
        -:  707:      __glibcxx_function_requires(_InputIteratorConcept<_InputIterator>)
        -:  708:      __glibcxx_function_requires(_OutputIteratorConcept<_OutputIterator,
        -:  709:	    typename iterator_traits<_InputIterator>::value_type>)
        -:  710:      __glibcxx_function_requires(_UnaryPredicateConcept<_Predicate,
        -:  711:	    typename iterator_traits<_InputIterator>::value_type>)
        -:  712:      __glibcxx_requires_valid_range(__first, __last);
        -:  713:
        -:  714:      return std::__remove_copy_if(__first, __last, __result,
        -:  715:				   __gnu_cxx::__ops::__pred_iter(__pred));
        -:  716:    }
        -:  717:
        -:  718:#if __cplusplus >= 201103L
        -:  719:  /**
        -:  720:   *  @brief Copy the elements of a sequence for which a predicate is true.
        -:  721:   *  @ingroup mutating_algorithms
        -:  722:   *  @param  __first   An input iterator.
        -:  723:   *  @param  __last    An input iterator.
        -:  724:   *  @param  __result  An output iterator.
        -:  725:   *  @param  __pred    A predicate.
        -:  726:   *  @return   An iterator designating the end of the resulting sequence.
        -:  727:   *
        -:  728:   *  Copies each element in the range @p [__first,__last) for which
        -:  729:   *  @p __pred returns true to the range beginning at @p __result.
        -:  730:   *
        -:  731:   *  copy_if() is stable, so the relative order of elements that are
        -:  732:   *  copied is unchanged.
        -:  733:  */
        -:  734:  template<typename _InputIterator, typename _OutputIterator,
        -:  735:	   typename _Predicate>
        -:  736:    _OutputIterator
        -:  737:    copy_if(_InputIterator __first, _InputIterator __last,
        -:  738:	    _OutputIterator __result, _Predicate __pred)
        -:  739:    {
        -:  740:      // concept requirements
        -:  741:      __glibcxx_function_requires(_InputIteratorConcept<_InputIterator>)
        -:  742:      __glibcxx_function_requires(_OutputIteratorConcept<_OutputIterator,
        -:  743:	    typename iterator_traits<_InputIterator>::value_type>)
        -:  744:      __glibcxx_function_requires(_UnaryPredicateConcept<_Predicate,
        -:  745:	    typename iterator_traits<_InputIterator>::value_type>)
        -:  746:      __glibcxx_requires_valid_range(__first, __last);
        -:  747:
        -:  748:      for (; __first != __last; ++__first)
        -:  749:	if (__pred(*__first))
        -:  750:	  {
        -:  751:	    *__result = *__first;
        -:  752:	    ++__result;
        -:  753:	  }
        -:  754:      return __result;
        -:  755:    }
        -:  756:
        -:  757:  template<typename _InputIterator, typename _Size, typename _OutputIterator>
        -:  758:    _OutputIterator
        -:  759:    __copy_n(_InputIterator __first, _Size __n,
        -:  760:	     _OutputIterator __result, input_iterator_tag)
        -:  761:    {
        -:  762:      if (__n > 0)
        -:  763:	{
        -:  764:	  while (true)
        -:  765:	    {
        -:  766:	      *__result = *__first;
        -:  767:	      ++__result;
        -:  768:	      if (--__n > 0)
        -:  769:		++__first;
        -:  770:	      else
        -:  771:		break;
        -:  772:	    }
        -:  773:	}
        -:  774:      return __result;
        -:  775:    }
        -:  776:
        -:  777:  template<typename _RandomAccessIterator, typename _Size,
        -:  778:	   typename _OutputIterator>
        -:  779:    inline _OutputIterator
        -:  780:    __copy_n(_RandomAccessIterator __first, _Size __n,
        -:  781:	     _OutputIterator __result, random_access_iterator_tag)
        -:  782:    { return std::copy(__first, __first + __n, __result); }
        -:  783:
        -:  784:  /**
        -:  785:   *  @brief Copies the range [first,first+n) into [result,result+n).
        -:  786:   *  @ingroup mutating_algorithms
        -:  787:   *  @param  __first  An input iterator.
        -:  788:   *  @param  __n      The number of elements to copy.
        -:  789:   *  @param  __result An output iterator.
        -:  790:   *  @return  result+n.
        -:  791:   *
        -:  792:   *  This inline function will boil down to a call to @c memmove whenever
        -:  793:   *  possible.  Failing that, if random access iterators are passed, then the
        -:  794:   *  loop count will be known (and therefore a candidate for compiler
        -:  795:   *  optimizations such as unrolling).
        -:  796:  */
        -:  797:  template<typename _InputIterator, typename _Size, typename _OutputIterator>
        -:  798:    inline _OutputIterator
        -:  799:    copy_n(_InputIterator __first, _Size __n, _OutputIterator __result)
        -:  800:    {
        -:  801:      // concept requirements
        -:  802:      __glibcxx_function_requires(_InputIteratorConcept<_InputIterator>)
        -:  803:      __glibcxx_function_requires(_OutputIteratorConcept<_OutputIterator,
        -:  804:	    typename iterator_traits<_InputIterator>::value_type>)
        -:  805:
        -:  806:      if (__n <= 0)
        -:  807:	return __result;
        -:  808:
        -:  809:      __glibcxx_requires_can_increment(__first, __n);
        -:  810:      __glibcxx_requires_can_increment(__result, __n);
        -:  811:
        -:  812:      return std::__copy_n(__first, __n, __result,
        -:  813:			   std::__iterator_category(__first));
        -:  814:    }
        -:  815:
        -:  816:  /**
        -:  817:   *  @brief Copy the elements of a sequence to separate output sequences
        -:  818:   *         depending on the truth value of a predicate.
        -:  819:   *  @ingroup mutating_algorithms
        -:  820:   *  @param  __first   An input iterator.
        -:  821:   *  @param  __last    An input iterator.
        -:  822:   *  @param  __out_true   An output iterator.
        -:  823:   *  @param  __out_false  An output iterator.
        -:  824:   *  @param  __pred    A predicate.
        -:  825:   *  @return   A pair designating the ends of the resulting sequences.
        -:  826:   *
        -:  827:   *  Copies each element in the range @p [__first,__last) for which
        -:  828:   *  @p __pred returns true to the range beginning at @p out_true
        -:  829:   *  and each element for which @p __pred returns false to @p __out_false.
        -:  830:  */
        -:  831:  template<typename _InputIterator, typename _OutputIterator1,
        -:  832:	   typename _OutputIterator2, typename _Predicate>
        -:  833:    pair<_OutputIterator1, _OutputIterator2>
        -:  834:    partition_copy(_InputIterator __first, _InputIterator __last,
        -:  835:		   _OutputIterator1 __out_true, _OutputIterator2 __out_false,
        -:  836:		   _Predicate __pred)
        -:  837:    {
        -:  838:      // concept requirements
        -:  839:      __glibcxx_function_requires(_InputIteratorConcept<_InputIterator>)
        -:  840:      __glibcxx_function_requires(_OutputIteratorConcept<_OutputIterator1,
        -:  841:	    typename iterator_traits<_InputIterator>::value_type>)
        -:  842:      __glibcxx_function_requires(_OutputIteratorConcept<_OutputIterator2,
        -:  843:	    typename iterator_traits<_InputIterator>::value_type>)
        -:  844:      __glibcxx_function_requires(_UnaryPredicateConcept<_Predicate,
        -:  845:	    typename iterator_traits<_InputIterator>::value_type>)
        -:  846:      __glibcxx_requires_valid_range(__first, __last);
        -:  847:      
        -:  848:      for (; __first != __last; ++__first)
        -:  849:	if (__pred(*__first))
        -:  850:	  {
        -:  851:	    *__out_true = *__first;
        -:  852:	    ++__out_true;
        -:  853:	  }
        -:  854:	else
        -:  855:	  {
        -:  856:	    *__out_false = *__first;
        -:  857:	    ++__out_false;
        -:  858:	  }
        -:  859:
        -:  860:      return pair<_OutputIterator1, _OutputIterator2>(__out_true, __out_false);
        -:  861:    }
        -:  862:#endif
        -:  863:
        -:  864:  template<typename _ForwardIterator, typename _Predicate>
        -:  865:    _ForwardIterator
    #####:  866:    __remove_if(_ForwardIterator __first, _ForwardIterator __last,
        -:  867:		_Predicate __pred)
        -:  868:    {
    #####:  869:      __first = std::__find_if(__first, __last, __pred);
    #####:  870:      if (__first == __last)
    #####:  871:	return __first;
    #####:  872:      _ForwardIterator __result = __first;
    #####:  873:      ++__first;
    #####:  874:      for (; __first != __last; ++__first)
    #####:  875:	if (!__pred(__first))
        -:  876:	  {
    #####:  877:	    *__result = _GLIBCXX_MOVE(*__first);
    #####:  878:	    ++__result;
        -:  879:	  }
    #####:  880:      return __result;
        -:  881:    }
        -:  882:
        -:  883:  /**
        -:  884:   *  @brief Remove elements from a sequence.
        -:  885:   *  @ingroup mutating_algorithms
        -:  886:   *  @param  __first  An input iterator.
        -:  887:   *  @param  __last   An input iterator.
        -:  888:   *  @param  __value  The value to be removed.
        -:  889:   *  @return   An iterator designating the end of the resulting sequence.
        -:  890:   *
        -:  891:   *  All elements equal to @p __value are removed from the range
        -:  892:   *  @p [__first,__last).
        -:  893:   *
        -:  894:   *  remove() is stable, so the relative order of elements that are
        -:  895:   *  not removed is unchanged.
        -:  896:   *
        -:  897:   *  Elements between the end of the resulting sequence and @p __last
        -:  898:   *  are still present, but their value is unspecified.
        -:  899:  */
        -:  900:  template<typename _ForwardIterator, typename _Tp>
        -:  901:    inline _ForwardIterator
    #####:  902:    remove(_ForwardIterator __first, _ForwardIterator __last,
        -:  903:	   const _Tp& __value)
        -:  904:    {
        -:  905:      // concept requirements
        -:  906:      __glibcxx_function_requires(_Mutable_ForwardIteratorConcept<
        -:  907:				  _ForwardIterator>)
        -:  908:      __glibcxx_function_requires(_EqualOpConcept<
        -:  909:	    typename iterator_traits<_ForwardIterator>::value_type, _Tp>)
        -:  910:      __glibcxx_requires_valid_range(__first, __last);
        -:  911:
    #####:  912:      return std::__remove_if(__first, __last,
    #####:  913:		__gnu_cxx::__ops::__iter_equals_val(__value));
        -:  914:    }
        -:  915:
        -:  916:  /**
        -:  917:   *  @brief Remove elements from a sequence using a predicate.
        -:  918:   *  @ingroup mutating_algorithms
        -:  919:   *  @param  __first  A forward iterator.
        -:  920:   *  @param  __last   A forward iterator.
        -:  921:   *  @param  __pred   A predicate.
        -:  922:   *  @return   An iterator designating the end of the resulting sequence.
        -:  923:   *
        -:  924:   *  All elements for which @p __pred returns true are removed from the range
        -:  925:   *  @p [__first,__last).
        -:  926:   *
        -:  927:   *  remove_if() is stable, so the relative order of elements that are
        -:  928:   *  not removed is unchanged.
        -:  929:   *
        -:  930:   *  Elements between the end of the resulting sequence and @p __last
        -:  931:   *  are still present, but their value is unspecified.
        -:  932:  */
        -:  933:  template<typename _ForwardIterator, typename _Predicate>
        -:  934:    inline _ForwardIterator
        -:  935:    remove_if(_ForwardIterator __first, _ForwardIterator __last,
        -:  936:	      _Predicate __pred)
        -:  937:    {
        -:  938:      // concept requirements
        -:  939:      __glibcxx_function_requires(_Mutable_ForwardIteratorConcept<
        -:  940:				  _ForwardIterator>)
        -:  941:      __glibcxx_function_requires(_UnaryPredicateConcept<_Predicate,
        -:  942:	    typename iterator_traits<_ForwardIterator>::value_type>)
        -:  943:      __glibcxx_requires_valid_range(__first, __last);
        -:  944:
        -:  945:      return std::__remove_if(__first, __last,
        -:  946:			      __gnu_cxx::__ops::__pred_iter(__pred));
        -:  947:    }
        -:  948:
        -:  949:  template<typename _ForwardIterator, typename _BinaryPredicate>
        -:  950:    _ForwardIterator
       2*:  951:    __adjacent_find(_ForwardIterator __first, _ForwardIterator __last,
        -:  952:		    _BinaryPredicate __binary_pred)
        -:  953:    {
       2*:  954:      if (__first == __last)
    #####:  955:	return __last;
       2*:  956:      _ForwardIterator __next = __first;
       2*:  957:      while (++__next != __last)
        -:  958:	{
    #####:  959:	  if (__binary_pred(__first, __next))
    #####:  960:	    return __first;
    #####:  961:	  __first = __next;
        -:  962:	}
       2*:  963:      return __last;
        -:  964:    }
------------------
_ZSt15__adjacent_findIN9__gnu_cxx17__normal_iteratorIPcSt6vectorIcSaIcEEEENS0_5__ops19_Iter_equal_to_iterEET_S9_S9_T0_:
    #####:  951:    __adjacent_find(_ForwardIterator __first, _ForwardIterator __last,
        -:  952:		    _BinaryPredicate __binary_pred)
        -:  953:    {
    #####:  954:      if (__first == __last)
    #####:  955:	return __last;
    #####:  956:      _ForwardIterator __next = __first;
    #####:  957:      while (++__next != __last)
        -:  958:	{
    #####:  959:	  if (__binary_pred(__first, __next))
    #####:  960:	    return __first;
    #####:  961:	  __first = __next;
        -:  962:	}
    #####:  963:      return __last;
        -:  964:    }
------------------
_ZSt15__adjacent_findIN9__gnu_cxx17__normal_iteratorIPNSt7__cxx1112basic_stringIcSt11char_traitsIcESaIcEEESt6vectorIS7_SaIS7_EEEENS0_5__ops19_Iter_equal_to_iterEET_SF_SF_T0_:
        2:  951:    __adjacent_find(_ForwardIterator __first, _ForwardIterator __last,
        -:  952:		    _BinaryPredicate __binary_pred)
        -:  953:    {
        2:  954:      if (__first == __last)
    #####:  955:	return __last;
        2:  956:      _ForwardIterator __next = __first;
       2*:  957:      while (++__next != __last)
        -:  958:	{
    #####:  959:	  if (__binary_pred(__first, __next))
    #####:  960:	    return __first;
    #####:  961:	  __first = __next;
        -:  962:	}
        2:  963:      return __last;
        -:  964:    }
------------------
        -:  965:
        -:  966:  template<typename _ForwardIterator, typename _BinaryPredicate>
        -:  967:    _ForwardIterator
       2*:  968:    __unique(_ForwardIterator __first, _ForwardIterator __last,
        -:  969:	     _BinaryPredicate __binary_pred)
        -:  970:    {
        -:  971:      // Skip the beginning, if already unique.
       2*:  972:      __first = std::__adjacent_find(__first, __last, __binary_pred);
       2*:  973:      if (__first == __last)
       2*:  974:	return __last;
        -:  975:
        -:  976:      // Do the real copy work.
    #####:  977:      _ForwardIterator __dest = __first;
    #####:  978:      ++__first;
    #####:  979:      while (++__first != __last)
    #####:  980:	if (!__binary_pred(__dest, __first))
    #####:  981:	  *++__dest = _GLIBCXX_MOVE(*__first);
    #####:  982:      return ++__dest;
        -:  983:    }
------------------
_ZSt8__uniqueIN9__gnu_cxx17__normal_iteratorIPcSt6vectorIcSaIcEEEENS0_5__ops19_Iter_equal_to_iterEET_S9_S9_T0_:
    #####:  968:    __unique(_ForwardIterator __first, _ForwardIterator __last,
        -:  969:	     _BinaryPredicate __binary_pred)
        -:  970:    {
        -:  971:      // Skip the beginning, if already unique.
    #####:  972:      __first = std::__adjacent_find(__first, __last, __binary_pred);
    #####:  973:      if (__first == __last)
    #####:  974:	return __last;
        -:  975:
        -:  976:      // Do the real copy work.
    #####:  977:      _ForwardIterator __dest = __first;
    #####:  978:      ++__first;
    #####:  979:      while (++__first != __last)
    #####:  980:	if (!__binary_pred(__dest, __first))
    #####:  981:	  *++__dest = _GLIBCXX_MOVE(*__first);
    #####:  982:      return ++__dest;
        -:  983:    }
------------------
_ZSt8__uniqueIN9__gnu_cxx17__normal_iteratorIPNSt7__cxx1112basic_stringIcSt11char_traitsIcESaIcEEESt6vectorIS7_SaIS7_EEEENS0_5__ops19_Iter_equal_to_iterEET_SF_SF_T0_:
        2:  968:    __unique(_ForwardIterator __first, _ForwardIterator __last,
        -:  969:	     _BinaryPredicate __binary_pred)
        -:  970:    {
        -:  971:      // Skip the beginning, if already unique.
        2:  972:      __first = std::__adjacent_find(__first, __last, __binary_pred);
        2:  973:      if (__first == __last)
        2:  974:	return __last;
        -:  975:
        -:  976:      // Do the real copy work.
    #####:  977:      _ForwardIterator __dest = __first;
    #####:  978:      ++__first;
    #####:  979:      while (++__first != __last)
    #####:  980:	if (!__binary_pred(__dest, __first))
    #####:  981:	  *++__dest = _GLIBCXX_MOVE(*__first);
    #####:  982:      return ++__dest;
        -:  983:    }
------------------
        -:  984:
        -:  985:  /**
        -:  986:   *  @brief Remove consecutive duplicate values from a sequence.
        -:  987:   *  @ingroup mutating_algorithms
        -:  988:   *  @param  __first  A forward iterator.
        -:  989:   *  @param  __last   A forward iterator.
        -:  990:   *  @return  An iterator designating the end of the resulting sequence.
        -:  991:   *
        -:  992:   *  Removes all but the first element from each group of consecutive
        -:  993:   *  values that compare equal.
        -:  994:   *  unique() is stable, so the relative order of elements that are
        -:  995:   *  not removed is unchanged.
        -:  996:   *  Elements between the end of the resulting sequence and @p __last
        -:  997:   *  are still present, but their value is unspecified.
        -:  998:  */
        -:  999:  template<typename _ForwardIterator>
        -: 1000:    inline _ForwardIterator
       2*: 1001:    unique(_ForwardIterator __first, _ForwardIterator __last)
        -: 1002:    {
        -: 1003:      // concept requirements
        -: 1004:      __glibcxx_function_requires(_Mutable_ForwardIteratorConcept<
        -: 1005:				  _ForwardIterator>)
        -: 1006:      __glibcxx_function_requires(_EqualityComparableConcept<
        -: 1007:		     typename iterator_traits<_ForwardIterator>::value_type>)
        -: 1008:      __glibcxx_requires_valid_range(__first, __last);
        -: 1009:
       2*: 1010:      return std::__unique(__first, __last,
       4*: 1011:			   __gnu_cxx::__ops::__iter_equal_to_iter());
        -: 1012:    }
------------------
_ZSt6uniqueIN9__gnu_cxx17__normal_iteratorIPcSt6vectorIcSaIcEEEEET_S7_S7_:
    #####: 1001:    unique(_ForwardIterator __first, _ForwardIterator __last)
        -: 1002:    {
        -: 1003:      // concept requirements
        -: 1004:      __glibcxx_function_requires(_Mutable_ForwardIteratorConcept<
        -: 1005:				  _ForwardIterator>)
        -: 1006:      __glibcxx_function_requires(_EqualityComparableConcept<
        -: 1007:		     typename iterator_traits<_ForwardIterator>::value_type>)
        -: 1008:      __glibcxx_requires_valid_range(__first, __last);
        -: 1009:
    #####: 1010:      return std::__unique(__first, __last,
    #####: 1011:			   __gnu_cxx::__ops::__iter_equal_to_iter());
        -: 1012:    }
------------------
_ZSt6uniqueIN9__gnu_cxx17__normal_iteratorIPNSt7__cxx1112basic_stringIcSt11char_traitsIcESaIcEEESt6vectorIS7_SaIS7_EEEEET_SD_SD_:
        2: 1001:    unique(_ForwardIterator __first, _ForwardIterator __last)
        -: 1002:    {
        -: 1003:      // concept requirements
        -: 1004:      __glibcxx_function_requires(_Mutable_ForwardIteratorConcept<
        -: 1005:				  _ForwardIterator>)
        -: 1006:      __glibcxx_function_requires(_EqualityComparableConcept<
        -: 1007:		     typename iterator_traits<_ForwardIterator>::value_type>)
        -: 1008:      __glibcxx_requires_valid_range(__first, __last);
        -: 1009:
        2: 1010:      return std::__unique(__first, __last,
        4: 1011:			   __gnu_cxx::__ops::__iter_equal_to_iter());
        -: 1012:    }
------------------
        -: 1013:
        -: 1014:  /**
        -: 1015:   *  @brief Remove consecutive values from a sequence using a predicate.
        -: 1016:   *  @ingroup mutating_algorithms
[...]
        -: 5518:	    ++__first2;
        -: 5519:	  }
        -: 5520:      return std::copy(__first2, __last2, 
        -: 5521:		       std::copy(__first1, __last1, __result));
        -: 5522:    }
        -: 5523:
        -: 5524:  /**
        -: 5525:   *  @brief  Return the symmetric difference of two sorted ranges.
        -: 5526:   *  @ingroup set_algorithms
        -: 5527:   *  @param  __first1  Start of first range.
        -: 5528:   *  @param  __last1   End of first range.
        -: 5529:   *  @param  __first2  Start of second range.
        -: 5530:   *  @param  __last2   End of second range.
        -: 5531:   *  @param  __result  Start of output range.
        -: 5532:   *  @return  End of the output range.
        -: 5533:   *  @ingroup set_algorithms
        -: 5534:   *
        -: 5535:   *  This operation iterates over both ranges, copying elements present in
        -: 5536:   *  one range but not the other in order to the output range.  Iterators
        -: 5537:   *  increment for each range.  When the current element of one range is less
        -: 5538:   *  than the other, that element is copied and the iterator advances.  If an
        -: 5539:   *  element is contained in both ranges, no elements are copied and both
        -: 5540:   *  ranges advance.  The output range may not overlap either input range.
        -: 5541:  */
        -: 5542:  template<typename _InputIterator1, typename _InputIterator2,
        -: 5543:	   typename _OutputIterator>
        -: 5544:    inline _OutputIterator
        -: 5545:    set_symmetric_difference(_InputIterator1 __first1, _InputIterator1 __last1,
        -: 5546:			     _InputIterator2 __first2, _InputIterator2 __last2,
        -: 5547:			     _OutputIterator __result)
        -: 5548:    {
        -: 5549:      // concept requirements
        -: 5550:      __glibcxx_function_requires(_InputIteratorConcept<_InputIterator1>)
        -: 5551:      __glibcxx_function_requires(_InputIteratorConcept<_InputIterator2>)
        -: 5552:      __glibcxx_function_requires(_OutputIteratorConcept<_OutputIterator,
        -: 5553:	    typename iterator_traits<_InputIterator1>::value_type>)
        -: 5554:      __glibcxx_function_requires(_OutputIteratorConcept<_OutputIterator,
        -: 5555:	    typename iterator_traits<_InputIterator2>::value_type>)
        -: 5556:      __glibcxx_function_requires(_LessThanOpConcept<
        -: 5557:	    typename iterator_traits<_InputIterator1>::value_type,
        -: 5558:	    typename iterator_traits<_InputIterator2>::value_type>)
        -: 5559:      __glibcxx_function_requires(_LessThanOpConcept<
        -: 5560:	    typename iterator_traits<_InputIterator2>::value_type,
        -: 5561:	    typename iterator_traits<_InputIterator1>::value_type>)	
        -: 5562:      __glibcxx_requires_sorted_set(__first1, __last1, __first2);
        -: 5563:      __glibcxx_requires_sorted_set(__first2, __last2, __first1);
        -: 5564:      __glibcxx_requires_irreflexive2(__first1, __last1);
        -: 5565:      __glibcxx_requires_irreflexive2(__first2, __last2);
        -: 5566:
        -: 5567:      return _GLIBCXX_STD_A::__set_symmetric_difference(__first1, __last1,
        -: 5568:					__first2, __last2, __result,
        -: 5569:					__gnu_cxx::__ops::__iter_less_iter());
        -: 5570:    }
        -: 5571:
        -: 5572:  /**
        -: 5573:   *  @brief  Return the symmetric difference of two sorted ranges using
        -: 5574:   *  comparison functor.
        -: 5575:   *  @ingroup set_algorithms
        -: 5576:   *  @param  __first1  Start of first range.
        -: 5577:   *  @param  __last1   End of first range.
        -: 5578:   *  @param  __first2  Start of second range.
        -: 5579:   *  @param  __last2   End of second range.
        -: 5580:   *  @param  __result  Start of output range.
        -: 5581:   *  @param  __comp    The comparison functor.
        -: 5582:   *  @return  End of the output range.
        -: 5583:   *  @ingroup set_algorithms
        -: 5584:   *
        -: 5585:   *  This operation iterates over both ranges, copying elements present in
        -: 5586:   *  one range but not the other in order to the output range.  Iterators
        -: 5587:   *  increment for each range.  When the current element of one range is less
        -: 5588:   *  than the other according to @p comp, that element is copied and the
        -: 5589:   *  iterator advances.  If an element is contained in both ranges according
        -: 5590:   *  to @p __comp, no elements are copied and both ranges advance.  The output
        -: 5591:   *  range may not overlap either input range.
        -: 5592:  */
        -: 5593:  template<typename _InputIterator1, typename _InputIterator2,
        -: 5594:	   typename _OutputIterator, typename _Compare>
        -: 5595:    inline _OutputIterator
        -: 5596:    set_symmetric_difference(_InputIterator1 __first1, _InputIterator1 __last1,
        -: 5597:			     _InputIterator2 __first2, _InputIterator2 __last2,
        -: 5598:			     _OutputIterator __result,
        -: 5599:			     _Compare __comp)
        -: 5600:    {
        -: 5601:      // concept requirements
        -: 5602:      __glibcxx_function_requires(_InputIteratorConcept<_InputIterator1>)
        -: 5603:      __glibcxx_function_requires(_InputIteratorConcept<_InputIterator2>)
        -: 5604:      __glibcxx_function_requires(_OutputIteratorConcept<_OutputIterator,
        -: 5605:	    typename iterator_traits<_InputIterator1>::value_type>)
        -: 5606:      __glibcxx_function_requires(_OutputIteratorConcept<_OutputIterator,
        -: 5607:	    typename iterator_traits<_InputIterator2>::value_type>)
        -: 5608:      __glibcxx_function_requires(_BinaryPredicateConcept<_Compare,
        -: 5609:	    typename iterator_traits<_InputIterator1>::value_type,
        -: 5610:	    typename iterator_traits<_InputIterator2>::value_type>)
        -: 5611:      __glibcxx_function_requires(_BinaryPredicateConcept<_Compare,
        -: 5612:	    typename iterator_traits<_InputIterator2>::value_type,
        -: 5613:	    typename iterator_traits<_InputIterator1>::value_type>)
        -: 5614:      __glibcxx_requires_sorted_set_pred(__first1, __last1, __first2, __comp);
        -: 5615:      __glibcxx_requires_sorted_set_pred(__first2, __last2, __first1, __comp);
        -: 5616:      __glibcxx_requires_irreflexive_pred2(__first1, __last1, __comp);
        -: 5617:      __glibcxx_requires_irreflexive_pred2(__first2, __last2, __comp);
        -: 5618:
        -: 5619:      return _GLIBCXX_STD_A::__set_symmetric_difference(__first1, __last1,
        -: 5620:				__first2, __last2, __result,
        -: 5621:				__gnu_cxx::__ops::__iter_comp_iter(__comp));
        -: 5622:    }
        -: 5623:
        -: 5624:  template<typename _ForwardIterator, typename _Compare>
        -: 5625:    _GLIBCXX14_CONSTEXPR
        -: 5626:    _ForwardIterator
        -: 5627:    __min_element(_ForwardIterator __first, _ForwardIterator __last,
        -: 5628:		  _Compare __comp)
        -: 5629:    {
        -: 5630:      if (__first == __last)
        -: 5631:	return __first;
        -: 5632:      _ForwardIterator __result = __first;
        -: 5633:      while (++__first != __last)
        -: 5634:	if (__comp(__first, __result))
        -: 5635:	  __result = __first;
        -: 5636:      return __result;
        -: 5637:    }
        -: 5638:
        -: 5639:  /**
        -: 5640:   *  @brief  Return the minimum element in a range.
        -: 5641:   *  @ingroup sorting_algorithms
        -: 5642:   *  @param  __first  Start of range.
        -: 5643:   *  @param  __last   End of range.
        -: 5644:   *  @return  Iterator referencing the first instance of the smallest value.
        -: 5645:  */
        -: 5646:  template<typename _ForwardIterator>
        -: 5647:    _GLIBCXX14_CONSTEXPR
        -: 5648:    _ForwardIterator
        -: 5649:    inline min_element(_ForwardIterator __first, _ForwardIterator __last)
        -: 5650:    {
        -: 5651:      // concept requirements
        -: 5652:      __glibcxx_function_requires(_ForwardIteratorConcept<_ForwardIterator>)
        -: 5653:      __glibcxx_function_requires(_LessThanComparableConcept<
        -: 5654:	    typename iterator_traits<_ForwardIterator>::value_type>)
        -: 5655:      __glibcxx_requires_valid_range(__first, __last);
        -: 5656:      __glibcxx_requires_irreflexive(__first, __last);
        -: 5657:
        -: 5658:      return _GLIBCXX_STD_A::__min_element(__first, __last,
        -: 5659:				__gnu_cxx::__ops::__iter_less_iter());
        -: 5660:    }
        -: 5661:
        -: 5662:  /**
        -: 5663:   *  @brief  Return the minimum element in a range using comparison functor.
        -: 5664:   *  @ingroup sorting_algorithms
        -: 5665:   *  @param  __first  Start of range.
        -: 5666:   *  @param  __last   End of range.
        -: 5667:   *  @param  __comp   Comparison functor.
        -: 5668:   *  @return  Iterator referencing the first instance of the smallest value
        -: 5669:   *  according to __comp.
        -: 5670:  */
        -: 5671:  template<typename _ForwardIterator, typename _Compare>
        -: 5672:    _GLIBCXX14_CONSTEXPR
        -: 5673:    inline _ForwardIterator
        -: 5674:    min_element(_ForwardIterator __first, _ForwardIterator __last,
        -: 5675:		_Compare __comp)
        -: 5676:    {
        -: 5677:      // concept requirements
        -: 5678:      __glibcxx_function_requires(_ForwardIteratorConcept<_ForwardIterator>)
        -: 5679:      __glibcxx_function_requires(_BinaryPredicateConcept<_Compare,
        -: 5680:	    typename iterator_traits<_ForwardIterator>::value_type,
        -: 5681:	    typename iterator_traits<_ForwardIterator>::value_type>)
        -: 5682:      __glibcxx_requires_valid_range(__first, __last);
        -: 5683:      __glibcxx_requires_irreflexive_pred(__first, __last, __comp);
        -: 5684:
        -: 5685:      return _GLIBCXX_STD_A::__min_element(__first, __last,
        -: 5686:				__gnu_cxx::__ops::__iter_comp_iter(__comp));
        -: 5687:    }
        -: 5688:
        -: 5689:  template<typename _ForwardIterator, typename _Compare>
        -: 5690:    _GLIBCXX14_CONSTEXPR
        -: 5691:    _ForwardIterator
        -: 5692:    __max_element(_ForwardIterator __first, _ForwardIterator __last,
        -: 5693:		  _Compare __comp)
        -: 5694:    {
        -: 5695:      if (__first == __last) return __first;
        -: 5696:      _ForwardIterator __result = __first;
        -: 5697:      while (++__first != __last)
        -: 5698:	if (__comp(__result, __first))
        -: 5699:	  __result = __first;
        -: 5700:      return __result;
        -: 5701:    }
        -: 5702:
        -: 5703:  /**
        -: 5704:   *  @brief  Return the maximum element in a range.
        -: 5705:   *  @ingroup sorting_algorithms
        -: 5706:   *  @param  __first  Start of range.
        -: 5707:   *  @param  __last   End of range.
        -: 5708:   *  @return  Iterator referencing the first instance of the largest value.
        -: 5709:  */
        -: 5710:  template<typename _ForwardIterator>
        -: 5711:    _GLIBCXX14_CONSTEXPR
        -: 5712:    inline _ForwardIterator
        -: 5713:    max_element(_ForwardIterator __first, _ForwardIterator __last)
        -: 5714:    {
        -: 5715:      // concept requirements
        -: 5716:      __glibcxx_function_requires(_ForwardIteratorConcept<_ForwardIterator>)
        -: 5717:      __glibcxx_function_requires(_LessThanComparableConcept<
        -: 5718:	    typename iterator_traits<_ForwardIterator>::value_type>)
        -: 5719:      __glibcxx_requires_valid_range(__first, __last);
        -: 5720:      __glibcxx_requires_irreflexive(__first, __last);
        -: 5721:
        -: 5722:      return _GLIBCXX_STD_A::__max_element(__first, __last,
        -: 5723:				__gnu_cxx::__ops::__iter_less_iter());
        -: 5724:    }
        -: 5725:
        -: 5726:  /**
        -: 5727:   *  @brief  Return the maximum element in a range using comparison functor.
        -: 5728:   *  @ingroup sorting_algorithms
        -: 5729:   *  @param  __first  Start of range.
        -: 5730:   *  @param  __last   End of range.
        -: 5731:   *  @param  __comp   Comparison functor.
        -: 5732:   *  @return  Iterator referencing the first instance of the largest value
        -: 5733:   *  according to __comp.
        -: 5734:  */
        -: 5735:  template<typename _ForwardIterator, typename _Compare>
        -: 5736:    _GLIBCXX14_CONSTEXPR
        -: 5737:    inline _ForwardIterator
        -: 5738:    max_element(_ForwardIterator __first, _ForwardIterator __last,
        -: 5739:		_Compare __comp)
        -: 5740:    {
        -: 5741:      // concept requirements
        -: 5742:      __glibcxx_function_requires(_ForwardIteratorConcept<_ForwardIterator>)
        -: 5743:      __glibcxx_function_requires(_BinaryPredicateConcept<_Compare,
        -: 5744:	    typename iterator_traits<_ForwardIterator>::value_type,
        -: 5745:	    typename iterator_traits<_ForwardIterator>::value_type>)
        -: 5746:      __glibcxx_requires_valid_range(__first, __last);
        -: 5747:      __glibcxx_requires_irreflexive_pred(__first, __last, __comp);
        -: 5748:
        -: 5749:      return _GLIBCXX_STD_A::__max_element(__first, __last,
        -: 5750:				__gnu_cxx::__ops::__iter_comp_iter(__comp));
        -: 5751:    }
        -: 5752:
        -: 5753:#if __cplusplus >= 201402L
        -: 5754:  /// Reservoir sampling algorithm.
        -: 5755:  template<typename _InputIterator, typename _RandomAccessIterator,
        -: 5756:           typename _Size, typename _UniformRandomBitGenerator>
        -: 5757:    _RandomAccessIterator
        -: 5758:    __sample(_InputIterator __first, _InputIterator __last, input_iterator_tag,
        -: 5759:	     _RandomAccessIterator __out, random_access_iterator_tag,
        -: 5760:	     _Size __n, _UniformRandomBitGenerator&& __g)
        -: 5761:    {
        -: 5762:      using __distrib_type = uniform_int_distribution<_Size>;
        -: 5763:      using __param_type = typename __distrib_type::param_type;
        -: 5764:      __distrib_type __d{};
        -: 5765:      _Size __sample_sz = 0;
        -: 5766:      while (__first != __last && __sample_sz != __n)
        -: 5767:	{
        -: 5768:	  __out[__sample_sz++] = *__first;
        -: 5769:	  ++__first;
        -: 5770:	}
        -: 5771:      for (auto __pop_sz = __sample_sz; __first != __last;
        -: 5772:	  ++__first, (void) ++__pop_sz)
        -: 5773:	{
        -: 5774:	  const auto __k = __d(__g, __param_type{0, __pop_sz});
        -: 5775:	  if (__k < __n)
        -: 5776:	    __out[__k] = *__first;
        -: 5777:	}
        -: 5778:      return __out + __sample_sz;
        -: 5779:    }
        -: 5780:
        -: 5781:  /// Selection sampling algorithm.
        -: 5782:  template<typename _ForwardIterator, typename _OutputIterator, typename _Cat,
        -: 5783:           typename _Size, typename _UniformRandomBitGenerator>
        -: 5784:    _OutputIterator
        -: 5785:    __sample(_ForwardIterator __first, _ForwardIterator __last,
        -: 5786:	     forward_iterator_tag,
        -: 5787:	     _OutputIterator __out, _Cat,
        -: 5788:	     _Size __n, _UniformRandomBitGenerator&& __g)
        -: 5789:    {
        -: 5790:      using __distrib_type = uniform_int_distribution<_Size>;
        -: 5791:      using __param_type = typename __distrib_type::param_type;
        -: 5792:      using _USize = make_unsigned_t<_Size>;
        -: 5793:      using _Gen = remove_reference_t<_UniformRandomBitGenerator>;
        -: 5794:      using __uc_type = common_type_t<typename _Gen::result_type, _USize>;
        -: 5795:
        -: 5796:      if (__first == __last)
        -: 5797:	return __out;
        -: 5798:
        -: 5799:      __distrib_type __d{};
        -: 5800:      _Size __unsampled_sz = std::distance(__first, __last);
        -: 5801:      __n = std::min(__n, __unsampled_sz);
        -: 5802:
        -: 5803:      // If possible, we use __gen_two_uniform_ints to efficiently produce
        -: 5804:      // two random numbers using a single distribution invocation:
        -: 5805:
        -: 5806:      const __uc_type __urngrange = __g.max() - __g.min();
        -: 5807:      if (__urngrange / __uc_type(__unsampled_sz) >= __uc_type(__unsampled_sz))
        -: 5808:        // I.e. (__urngrange >= __unsampled_sz * __unsampled_sz) but without
        -: 5809:	// wrapping issues.
        -: 5810:        {
        -: 5811:	  while (__n != 0 && __unsampled_sz >= 2)
        -: 5812:	    {
        -: 5813:	      const pair<_Size, _Size> __p =
        -: 5814:		__gen_two_uniform_ints(__unsampled_sz, __unsampled_sz - 1, __g);
        -: 5815:
        -: 5816:	      --__unsampled_sz;
        -: 5817:	      if (__p.first < __n)
        -: 5818:		{
        -: 5819:		  *__out++ = *__first;
        -: 5820:		  --__n;
        -: 5821:		}
        -: 5822:
        -: 5823:	      ++__first;
        -: 5824:
        -: 5825:	      if (__n == 0) break;
        -: 5826:
        -: 5827:	      --__unsampled_sz;
        -: 5828:	      if (__p.second < __n)
        -: 5829:		{
        -: 5830:		  *__out++ = *__first;
        -: 5831:		  --__n;
        -: 5832:		}
        -: 5833:
        -: 5834:	      ++__first;
        -: 5835:	    }
        -: 5836:        }
        -: 5837:
        -: 5838:      // The loop above is otherwise equivalent to this one-at-a-time version:
        -: 5839:
        -: 5840:      for (; __n != 0; ++__first)
        -: 5841:	if (__d(__g, __param_type{0, --__unsampled_sz}) < __n)
        -: 5842:	  {
        -: 5843:	    *__out++ = *__first;
        -: 5844:	    --__n;
        -: 5845:	  }
        -: 5846:      return __out;
        -: 5847:    }
        -: 5848:
        -: 5849:#if __cplusplus > 201402L
        -: 5850:#define __cpp_lib_sample 201603
        -: 5851:  /// Take a random sample from a population.
        -: 5852:  template<typename _PopulationIterator, typename _SampleIterator,
        -: 5853:           typename _Distance, typename _UniformRandomBitGenerator>
        -: 5854:    _SampleIterator
        -: 5855:    sample(_PopulationIterator __first, _PopulationIterator __last,
        -: 5856:	   _SampleIterator __out, _Distance __n,
        -: 5857:	   _UniformRandomBitGenerator&& __g)
        -: 5858:    {
        -: 5859:      using __pop_cat = typename
        -: 5860:	std::iterator_traits<_PopulationIterator>::iterator_category;
        -: 5861:      using __samp_cat = typename
        -: 5862:	std::iterator_traits<_SampleIterator>::iterator_category;
        -: 5863:
        -: 5864:      static_assert(
        -: 5865:	  __or_<is_convertible<__pop_cat, forward_iterator_tag>,
        -: 5866:		is_convertible<__samp_cat, random_access_iterator_tag>>::value,
        -: 5867:	  "output range must use a RandomAccessIterator when input range"
        -: 5868:	  " does not meet the ForwardIterator requirements");
        -: 5869:
        -: 5870:      static_assert(is_integral<_Distance>::value,
        -: 5871:		    "sample size must be an integer type");
        -: 5872:
        -: 5873:      typename iterator_traits<_PopulationIterator>::difference_type __d = __n;
        -: 5874:      return _GLIBCXX_STD_A::
        -: 5875:	__sample(__first, __last, __pop_cat{}, __out, __samp_cat{}, __d,
        -: 5876:		 std::forward<_UniformRandomBitGenerator>(__g));
        -: 5877:    }
        -: 5878:#endif // C++17
        -: 5879:#endif // C++14
        -: 5880:
        -: 5881:_GLIBCXX_END_NAMESPACE_ALGO
        -: 5882:_GLIBCXX_END_NAMESPACE_VERSION
        -: 5883:} // namespace std
        -: 5884:
        -: 5885:#endif /* _STL_ALGO_H */
