<?xml version='1.0'?> 
<!DOCTYPE coverage SYSTEM "http://cobertura.sourceforge.net/xml/coverage-04.dtd">
<!-- Generated by simplecov-cobertura version 2.1.0 (https://github.com/dashingrocket/simplecov-cobertura) -->
<coverage line-rate="0.94" lines-covered="60" lines-valid="64" complexity="0" version="0" timestamp="1689553134">
  <sources>
    <source>/home/runner/work/ruby-standard-2/ruby-standard-2</source>
  </sources>
  <packages>
    <package name="ruby-standard-2" line-rate="0.94" complexity="0">
      <classes>
        <class name="application_helper" filename="app/helpers/application_helper.rb" line-rate="1.0" complexity="0">
          <methods/>
          <lines>
            <line number="1" hits="1"/>
          </lines>
        </class>
        <class name="application" filename="config/application.rb" line-rate="1.0" complexity="0">
          <methods/>
          <lines>
            <line number="1" hits="1"/>
            <line number="3" hits="1"/>
            <line number="7" hits="1"/>
            <line number="9" hits="1"/>
            <line number="10" hits="1"/>
            <line number="12" hits="1"/>
          </lines>
        </class>
        <class name="boot" filename="config/boot.rb" line-rate="1.0" complexity="0">
          <methods/>
          <lines>
            <line number="1" hits="1"/>
            <line number="3" hits="1"/>
            <line number="4" hits="1"/>
          </lines>
        </class>
        <class name="environment" filename="config/environment.rb" line-rate="1.0" complexity="0">
          <methods/>
          <lines>
            <line number="2" hits="1"/>
            <line number="5" hits="1"/>
          </lines>
        </class>
        <class name="test" filename="config/environments/test.rb" line-rate="1.0" complexity="0">
          <methods/>
          <lines>
            <line number="1" hits="1"/>
            <line number="8" hits="1"/>
            <line number="13" hits="1"/>
            <line number="16" hits="1"/>
            <line number="17" hits="1"/>
            <line number="22" hits="1"/>
            <line number="23" hits="1"/>
            <line number="26" hits="1"/>
            <line number="29" hits="1"/>
            <line number="32" hits="1"/>
            <line number="34" hits="1"/>
            <line number="39" hits="1"/>
            <line number="42" hits="1"/>
          </lines>
        </class>
        <class name="application_controller_renderer" filename="config/initializers/application_controller_renderer.rb" line-rate="1.0" complexity="0">
          <methods/>
          <lines/>
        </class>
        <class name="assets" filename="config/initializers/assets.rb" line-rate="1.0" complexity="0">
          <methods/>
          <lines>
            <line number="4" hits="1"/>
            <line number="9" hits="1"/>
          </lines>
        </class>
        <class name="backtrace_silencers" filename="config/initializers/backtrace_silencers.rb" line-rate="1.0" complexity="0">
          <methods/>
          <lines/>
        </class>
        <class name="content_security_policy" filename="config/initializers/content_security_policy.rb" line-rate="1.0" complexity="0">
          <methods/>
          <lines/>
        </class>
        <class name="cookies_serializer" filename="config/initializers/cookies_serializer.rb" line-rate="1.0" complexity="0">
          <methods/>
          <lines>
            <line number="5" hits="1"/>
          </lines>
        </class>
        <class name="filter_parameter_logging" filename="config/initializers/filter_parameter_logging.rb" line-rate="1.0" complexity="0">
          <methods/>
          <lines>
            <line number="4" hits="1"/>
          </lines>
        </class>
        <class name="inflections" filename="config/initializers/inflections.rb" line-rate="1.0" complexity="0">
          <methods/>
          <lines/>
        </class>
        <class name="mime_types" filename="config/initializers/mime_types.rb" line-rate="1.0" complexity="0">
          <methods/>
          <lines/>
        </class>
        <class name="wrap_parameters" filename="config/initializers/wrap_parameters.rb" line-rate="1.0" complexity="0">
          <methods/>
          <lines>
            <line number="7" hits="1"/>
            <line number="8" hits="2"/>
          </lines>
        </class>
        <class name="routes" filename="config/routes.rb" line-rate="1.0" complexity="0">
          <methods/>
          <lines>
            <line number="1" hits="1"/>
          </lines>
        </class>
        <class name="index" filename="lib/index.rb" line-rate="0.78" complexity="0">
          <methods/>
          <lines>
            <line number="1" hits="1"/>
            <line number="4" hits="1"/>
            <line number="5" hits="1"/>
            <line number="6" hits="1"/>
            <line number="8" hits="0"/>
            <line number="12" hits="1"/>
            <line number="13" hits="1"/>
            <line number="17" hits="1"/>
            <line number="18" hits="0"/>
          </lines>
        </class>
        <class name="index_spec" filename="spec/index_spec.rb" line-rate="1.0" complexity="0">
          <methods/>
          <lines>
            <line number="1" hits="1"/>
            <line number="2" hits="1"/>
            <line number="4" hits="1"/>
            <line number="5" hits="1"/>
            <line number="6" hits="1"/>
            <line number="7" hits="1"/>
            <line number="8" hits="1"/>
            <line number="11" hits="1"/>
            <line number="12" hits="1"/>
            <line number="13" hits="1"/>
          </lines>
        </class>
        <class name="rails_helper" filename="spec/rails_helper.rb" line-rate="0.85" complexity="0">
          <methods/>
          <lines>
            <line number="2" hits="1"/>
            <line number="3" hits="1"/>
            <line number="4" hits="1"/>
            <line number="6" hits="1"/>
            <line number="7" hits="1"/>
            <line number="28" hits="1"/>
            <line number="30" hits="0"/>
            <line number="31" hits="0"/>
            <line number="33" hits="1"/>
            <line number="35" hits="1"/>
            <line number="40" hits="1"/>
            <line number="55" hits="1"/>
            <line number="58" hits="1"/>
          </lines>
        </class>
      </classes>
    </package>
  </packages>
</coverage>