{"/home/runner/work/typescript-standard/typescript-standard/src/index.ts": {"path":"/home/runner/work/typescript-standard/typescript-standard/src/index.ts","statementMap":{"0":{"start":{"line":4,"column":4},"end":{"line":10,"column":null}},"1":{"start":{"line":5,"column":8},"end":{"line":9,"column":null}},"2":{"start":{"line":6,"column":12},"end":{"line":6,"column":null}},"3":{"start":{"line":8,"column":12},"end":{"line":8,"column":null}},"4":{"start":{"line":13,"column":4},"end":{"line":15,"column":null}},"5":{"start":{"line":14,"column":8},"end":{"line":14,"column":null}},"6":{"start":{"line":18,"column":4},"end":{"line":20,"column":null}},"7":{"start":{"line":19,"column":8},"end":{"line":19,"column":null}},"8":{"start":{"line":1,"column":0},"end":{"line":1,"column":21}}},"fnMap":{"0":{"name":"(anonymous_0)","decl":{"start":{"line":1,"column":0},"end":{"line":1,"column":21}},"loc":{"start":{"line":1,"column":0},"end":{"line":22,"column":1}}},"1":{"name":"(anonymous_1)","decl":{"start":{"line":4,"column":19},"end":{"line":4,"column":20}},"loc":{"start":{"line":4,"column":32},"end":{"line":10,"column":5}}},"2":{"name":"(anonymous_2)","decl":{"start":{"line":13,"column":20},"end":{"line":13,"column":23}},"loc":{"start":{"line":13,"column":25},"end":{"line":15,"column":5}}},"3":{"name":"(anonymous_3)","decl":{"start":{"line":18,"column":16},"end":{"line":18,"column":19}},"loc":{"start":{"line":18,"column":21},"end":{"line":20,"column":5}}}},"branchMap":{"0":{"loc":{"start":{"line":4,"column":24},"end":{"line":4,"column":28}},"type":"default-arg","locations":[{"start":{"line":4,"column":24},"end":{"line":4,"column":28}}]},"1":{"loc":{"start":{"line":5,"column":8},"end":{"line":9,"column":null}},"type":"if","locations":[{"start":{"line":5,"column":8},"end":{"line":9,"column":null}},{"start":{"line":5,"column":8},"end":{"line":9,"column":null}}]}},"s":{"0":2,"1":1,"2":1,"3":0,"4":2,"5":1,"6":2,"7":0,"8":1},"f":{"0":2,"1":1,"2":1,"3":0},"b":{"0":[1],"1":[1,0]}}
}
